DEBUG - 2016-08-03 06:10:08 --> UTF-8 Support Disabled
DEBUG - 2016-08-03 06:10:08 --> Global POST, GET and COOKIE data sanitized
DEBUG - 2016-08-03 06:10:08 --> cURL Class Initialized
DEBUG - 2016-08-03 06:10:08 --> OAuth2 class already loaded. Second attempt ignored.
DEBUG - 2016-08-03 06:10:08 --> C:\xampp\htdocs\bondora\application\libraries/MY_Table.php exists, but does not declare MY_Table
DEBUG - 2016-08-03 06:10:08 --> Session class already loaded. Second attempt ignored.
DEBUG - 2016-08-03 06:10:08 --> UTF-8 Support Disabled
DEBUG - 2016-08-03 06:10:08 --> Global POST, GET and COOKIE data sanitized
DEBUG - 2016-08-03 06:10:08 --> cURL Class Initialized
DEBUG - 2016-08-03 06:10:08 --> OAuth2 class already loaded. Second attempt ignored.
DEBUG - 2016-08-03 06:10:08 --> Session class already loaded. Second attempt ignored.
DEBUG - 2016-08-03 06:10:08 --> Total execution time: 0.0540
DEBUG - 2016-08-03 06:10:08 --> UTF-8 Support Disabled
DEBUG - 2016-08-03 06:10:08 --> Global POST, GET and COOKIE data sanitized
ERROR - 2016-08-03 06:10:08 --> 404 Page Not Found: User/bootstrap
DEBUG - 2016-08-03 06:10:10 --> UTF-8 Support Disabled
DEBUG - 2016-08-03 06:10:10 --> Global POST, GET and COOKIE data sanitized
DEBUG - 2016-08-03 06:10:10 --> cURL Class Initialized
DEBUG - 2016-08-03 06:10:10 --> OAuth2 class already loaded. Second attempt ignored.
DEBUG - 2016-08-03 06:10:10 --> Session class already loaded. Second attempt ignored.
DEBUG - 2016-08-03 06:10:11 --> UTF-8 Support Disabled
DEBUG - 2016-08-03 06:10:11 --> Global POST, GET and COOKIE data sanitized
DEBUG - 2016-08-03 06:10:11 --> cURL Class Initialized
DEBUG - 2016-08-03 06:10:11 --> OAuth2 class already loaded. Second attempt ignored.
DEBUG - 2016-08-03 06:10:11 --> C:\xampp\htdocs\bondora\application\libraries/MY_Table.php exists, but does not declare MY_Table
DEBUG - 2016-08-03 06:10:11 --> Session class already loaded. Second attempt ignored.
DEBUG - 2016-08-03 06:10:11 --> SELECT *
FROM `select` `a`.*, `b`.`statusCode from auction_payload a LEFT JOIN bid_payload b ON a`.`auctionId=b`.`auctionId and a`.`user=b`.`userName where` `user="mehike"`
DEBUG - 2016-08-03 06:10:11 --> Total execution time: 0.1180
DEBUG - 2016-08-03 06:10:11 --> UTF-8 Support Disabled
DEBUG - 2016-08-03 06:10:11 --> Global POST, GET and COOKIE data sanitized
ERROR - 2016-08-03 06:10:11 --> 404 Page Not Found: Auctions/bootstrap
DEBUG - 2016-08-03 06:10:14 --> UTF-8 Support Disabled
DEBUG - 2016-08-03 06:10:14 --> Global POST, GET and COOKIE data sanitized
DEBUG - 2016-08-03 06:10:14 --> cURL Class Initialized
DEBUG - 2016-08-03 06:10:14 --> OAuth2 class already loaded. Second attempt ignored.
DEBUG - 2016-08-03 06:10:14 --> C:\xampp\htdocs\bondora\application\libraries/MY_Table.php exists, but does not declare MY_Table
DEBUG - 2016-08-03 06:10:14 --> Session class already loaded. Second attempt ignored.
DEBUG - 2016-08-03 06:10:14 --> SELECT *
FROM `select` `a`.*, `b`.`listedOnDate`, `b`.`xirr`, `b`.`secondaryId`, `b`.`desiredDiscountRate from bondora`.`investment_payload a LEFT JOIN bondora`.`secondary b ON a`.`loanPartId=b`.`loanPartId and a`.`user=b`.`user where a`.`user="mehike" order by` `a`.`signedDate`, `a`.`auctionId`
ERROR - 2016-08-03 06:10:14 --> Severity: Notice --> Undefined offset: 33 C:\xampp\htdocs\bondora\application\views\investments\index.php 880
ERROR - 2016-08-03 06:10:14 --> Severity: Notice --> Undefined offset: 33 C:\xampp\htdocs\bondora\application\views\investments\index.php 880
ERROR - 2016-08-03 06:10:14 --> Severity: Notice --> Undefined offset: 33 C:\xampp\htdocs\bondora\application\views\investments\index.php 880
ERROR - 2016-08-03 06:10:14 --> Severity: Notice --> Undefined offset: 33 C:\xampp\htdocs\bondora\application\views\investments\index.php 880
ERROR - 2016-08-03 06:10:14 --> Severity: Notice --> Undefined offset: 31 C:\xampp\htdocs\bondora\application\views\investments\index.php 880
ERROR - 2016-08-03 06:10:14 --> Severity: Notice --> Undefined offset: 33 C:\xampp\htdocs\bondora\application\views\investments\index.php 880
ERROR - 2016-08-03 06:10:14 --> Severity: Notice --> Undefined offset: 33 C:\xampp\htdocs\bondora\application\views\investments\index.php 880
ERROR - 2016-08-03 06:10:14 --> Severity: Notice --> Undefined offset: 30 C:\xampp\htdocs\bondora\application\views\investments\index.php 880
ERROR - 2016-08-03 06:10:14 --> Severity: Notice --> Undefined offset: 32 C:\xampp\htdocs\bondora\application\views\investments\index.php 880
ERROR - 2016-08-03 06:10:14 --> Severity: Notice --> Undefined offset: 32 C:\xampp\htdocs\bondora\application\views\investments\index.php 880
ERROR - 2016-08-03 06:10:14 --> Severity: Notice --> Undefined offset: 32 C:\xampp\htdocs\bondora\application\views\investments\index.php 880
ERROR - 2016-08-03 06:10:14 --> Severity: Notice --> Undefined offset: 33 C:\xampp\htdocs\bondora\application\views\investments\index.php 880
ERROR - 2016-08-03 06:10:14 --> Severity: Notice --> Undefined offset: 33 C:\xampp\htdocs\bondora\application\views\investments\index.php 880
ERROR - 2016-08-03 06:10:14 --> Severity: Notice --> Undefined offset: 33 C:\xampp\htdocs\bondora\application\views\investments\index.php 880
ERROR - 2016-08-03 06:10:14 --> Severity: Notice --> Undefined offset: 33 C:\xampp\htdocs\bondora\application\views\investments\index.php 880
ERROR - 2016-08-03 06:10:14 --> Severity: Notice --> Undefined offset: 41 C:\xampp\htdocs\bondora\application\views\investments\index.php 880
ERROR - 2016-08-03 06:10:14 --> Severity: Notice --> Undefined offset: 30 C:\xampp\htdocs\bondora\application\views\investments\index.php 880
ERROR - 2016-08-03 06:10:14 --> Severity: Notice --> Undefined offset: 31 C:\xampp\htdocs\bondora\application\views\investments\index.php 880
ERROR - 2016-08-03 06:10:14 --> Severity: Notice --> Undefined offset: 33 C:\xampp\htdocs\bondora\application\views\investments\index.php 880
ERROR - 2016-08-03 06:10:14 --> Severity: Notice --> Undefined offset: 33 C:\xampp\htdocs\bondora\application\views\investments\index.php 880
ERROR - 2016-08-03 06:10:14 --> Severity: Notice --> Undefined offset: 32 C:\xampp\htdocs\bondora\application\views\investments\index.php 880
DEBUG - 2016-08-03 06:10:14 --> Total execution time: 0.0900
DEBUG - 2016-08-03 06:10:14 --> UTF-8 Support Disabled
DEBUG - 2016-08-03 06:10:14 --> Global POST, GET and COOKIE data sanitized
ERROR - 2016-08-03 06:10:14 --> 404 Page Not Found: Investments/bootstrap
DEBUG - 2016-08-03 06:10:15 --> UTF-8 Support Disabled
DEBUG - 2016-08-03 06:10:15 --> Global POST, GET and COOKIE data sanitized
DEBUG - 2016-08-03 06:10:15 --> cURL Class Initialized
DEBUG - 2016-08-03 06:10:15 --> OAuth2 class already loaded. Second attempt ignored.
DEBUG - 2016-08-03 06:10:15 --> C:\xampp\htdocs\bondora\application\libraries/MY_Table.php exists, but does not declare MY_Table
DEBUG - 2016-08-03 06:10:15 --> Session class already loaded. Second attempt ignored.
DEBUG - 2016-08-03 06:10:17 --> UTF-8 Support Disabled
DEBUG - 2016-08-03 06:10:17 --> Global POST, GET and COOKIE data sanitized
DEBUG - 2016-08-03 06:10:17 --> cURL Class Initialized
DEBUG - 2016-08-03 06:10:17 --> OAuth2 class already loaded. Second attempt ignored.
DEBUG - 2016-08-03 06:10:21 --> UTF-8 Support Disabled
DEBUG - 2016-08-03 06:10:21 --> Global POST, GET and COOKIE data sanitized
DEBUG - 2016-08-03 06:10:21 --> cURL Class Initialized
DEBUG - 2016-08-03 06:10:21 --> OAuth2 class already loaded. Second attempt ignored.
DEBUG - 2016-08-03 06:10:24 --> UTF-8 Support Disabled
DEBUG - 2016-08-03 06:10:24 --> Global POST, GET and COOKIE data sanitized
DEBUG - 2016-08-03 06:10:24 --> cURL Class Initialized
DEBUG - 2016-08-03 06:10:24 --> OAuth2 class already loaded. Second attempt ignored.
DEBUG - 2016-08-03 06:10:24 --> C:\xampp\htdocs\bondora\application\libraries/MY_Table.php exists, but does not declare MY_Table
DEBUG - 2016-08-03 06:10:24 --> Session class already loaded. Second attempt ignored.
DEBUG - 2016-08-03 06:10:24 --> SELECT *
FROM `select` `a`.*, `b`.`listedOnDate`, `b`.`xirr`, `b`.`secondaryId`, `b`.`desiredDiscountRate from bondora`.`investment_payload a LEFT JOIN bondora`.`secondary b ON a`.`loanPartId=b`.`loanPartId and a`.`user=b`.`user where a`.`user="mehike" order by` `a`.`signedDate`, `a`.`auctionId`
ERROR - 2016-08-03 06:10:24 --> Severity: Notice --> Undefined offset: 33 C:\xampp\htdocs\bondora\application\views\investments\index.php 880
ERROR - 2016-08-03 06:10:24 --> Severity: Notice --> Undefined offset: 33 C:\xampp\htdocs\bondora\application\views\investments\index.php 880
ERROR - 2016-08-03 06:10:24 --> Severity: Notice --> Undefined offset: 33 C:\xampp\htdocs\bondora\application\views\investments\index.php 880
ERROR - 2016-08-03 06:10:24 --> Severity: Notice --> Undefined offset: 33 C:\xampp\htdocs\bondora\application\views\investments\index.php 880
ERROR - 2016-08-03 06:10:24 --> Severity: Notice --> Undefined offset: 31 C:\xampp\htdocs\bondora\application\views\investments\index.php 880
ERROR - 2016-08-03 06:10:24 --> Severity: Notice --> Undefined offset: 33 C:\xampp\htdocs\bondora\application\views\investments\index.php 880
ERROR - 2016-08-03 06:10:24 --> Severity: Notice --> Undefined offset: 33 C:\xampp\htdocs\bondora\application\views\investments\index.php 880
ERROR - 2016-08-03 06:10:24 --> Severity: Notice --> Undefined offset: 30 C:\xampp\htdocs\bondora\application\views\investments\index.php 880
ERROR - 2016-08-03 06:10:24 --> Severity: Notice --> Undefined offset: 32 C:\xampp\htdocs\bondora\application\views\investments\index.php 880
ERROR - 2016-08-03 06:10:24 --> Severity: Notice --> Undefined offset: 32 C:\xampp\htdocs\bondora\application\views\investments\index.php 880
ERROR - 2016-08-03 06:10:24 --> Severity: Notice --> Undefined offset: 32 C:\xampp\htdocs\bondora\application\views\investments\index.php 880
ERROR - 2016-08-03 06:10:24 --> Severity: Notice --> Undefined offset: 33 C:\xampp\htdocs\bondora\application\views\investments\index.php 880
ERROR - 2016-08-03 06:10:24 --> Severity: Notice --> Undefined offset: 33 C:\xampp\htdocs\bondora\application\views\investments\index.php 880
ERROR - 2016-08-03 06:10:24 --> Severity: Notice --> Undefined offset: 33 C:\xampp\htdocs\bondora\application\views\investments\index.php 880
ERROR - 2016-08-03 06:10:24 --> Severity: Notice --> Undefined offset: 33 C:\xampp\htdocs\bondora\application\views\investments\index.php 880
ERROR - 2016-08-03 06:10:24 --> Severity: Notice --> Undefined offset: 41 C:\xampp\htdocs\bondora\application\views\investments\index.php 880
ERROR - 2016-08-03 06:10:24 --> Severity: Notice --> Undefined offset: 30 C:\xampp\htdocs\bondora\application\views\investments\index.php 880
ERROR - 2016-08-03 06:10:24 --> Severity: Notice --> Undefined offset: 31 C:\xampp\htdocs\bondora\application\views\investments\index.php 880
ERROR - 2016-08-03 06:10:24 --> Severity: Notice --> Undefined offset: 33 C:\xampp\htdocs\bondora\application\views\investments\index.php 880
ERROR - 2016-08-03 06:10:24 --> Severity: Notice --> Undefined offset: 33 C:\xampp\htdocs\bondora\application\views\investments\index.php 880
ERROR - 2016-08-03 06:10:24 --> Severity: Notice --> Undefined offset: 32 C:\xampp\htdocs\bondora\application\views\investments\index.php 880
DEBUG - 2016-08-03 06:10:24 --> Total execution time: 0.4541
DEBUG - 2016-08-03 06:10:25 --> UTF-8 Support Disabled
DEBUG - 2016-08-03 06:10:25 --> Global POST, GET and COOKIE data sanitized
ERROR - 2016-08-03 06:10:25 --> 404 Page Not Found: Investments/bootstrap
DEBUG - 2016-08-03 06:10:27 --> UTF-8 Support Disabled
DEBUG - 2016-08-03 06:10:27 --> Global POST, GET and COOKIE data sanitized
DEBUG - 2016-08-03 06:10:27 --> cURL Class Initialized
DEBUG - 2016-08-03 06:10:27 --> OAuth2 class already loaded. Second attempt ignored.
DEBUG - 2016-08-03 06:10:27 --> C:\xampp\htdocs\bondora\application\libraries/MY_Table.php exists, but does not declare MY_Table
DEBUG - 2016-08-03 06:10:27 --> Session class already loaded. Second attempt ignored.
DEBUG - 2016-08-03 06:10:30 --> SELECT *
FROM `select` `a`.*, `b`.`listedOnDate`, `b`.`xirr`, `b`.`secondaryId`, `b`.`desiredDiscountRate from bondora`.`investment_payload a LEFT JOIN bondora`.`secondary b ON a`.`loanPartId=b`.`loanPartId and a`.`user=b`.`user where a`.`user="mehike" order by` `a`.`signedDate`, `a`.`auctionId`
ERROR - 2016-08-03 06:10:30 --> Severity: Notice --> Undefined offset: 33 C:\xampp\htdocs\bondora\application\views\investments\index.php 880
ERROR - 2016-08-03 06:10:30 --> Severity: Notice --> Undefined offset: 33 C:\xampp\htdocs\bondora\application\views\investments\index.php 880
ERROR - 2016-08-03 06:10:30 --> Severity: Notice --> Undefined offset: 33 C:\xampp\htdocs\bondora\application\views\investments\index.php 880
ERROR - 2016-08-03 06:10:30 --> Severity: Notice --> Undefined offset: 33 C:\xampp\htdocs\bondora\application\views\investments\index.php 880
ERROR - 2016-08-03 06:10:30 --> Severity: Notice --> Undefined offset: 31 C:\xampp\htdocs\bondora\application\views\investments\index.php 880
ERROR - 2016-08-03 06:10:30 --> Severity: Notice --> Undefined offset: 33 C:\xampp\htdocs\bondora\application\views\investments\index.php 880
ERROR - 2016-08-03 06:10:30 --> Severity: Notice --> Undefined offset: 33 C:\xampp\htdocs\bondora\application\views\investments\index.php 880
ERROR - 2016-08-03 06:10:30 --> Severity: Notice --> Undefined offset: 32 C:\xampp\htdocs\bondora\application\views\investments\index.php 880
ERROR - 2016-08-03 06:10:30 --> Severity: Notice --> Undefined offset: 32 C:\xampp\htdocs\bondora\application\views\investments\index.php 880
ERROR - 2016-08-03 06:10:30 --> Severity: Notice --> Undefined offset: 32 C:\xampp\htdocs\bondora\application\views\investments\index.php 880
ERROR - 2016-08-03 06:10:30 --> Severity: Notice --> Undefined offset: 33 C:\xampp\htdocs\bondora\application\views\investments\index.php 880
ERROR - 2016-08-03 06:10:30 --> Severity: Notice --> Undefined offset: 33 C:\xampp\htdocs\bondora\application\views\investments\index.php 880
ERROR - 2016-08-03 06:10:30 --> Severity: Notice --> Undefined offset: 33 C:\xampp\htdocs\bondora\application\views\investments\index.php 880
ERROR - 2016-08-03 06:10:31 --> Severity: Notice --> Undefined offset: 33 C:\xampp\htdocs\bondora\application\views\investments\index.php 880
ERROR - 2016-08-03 06:10:31 --> Severity: Notice --> Undefined offset: 41 C:\xampp\htdocs\bondora\application\views\investments\index.php 880
ERROR - 2016-08-03 06:10:31 --> Severity: Notice --> Undefined offset: 31 C:\xampp\htdocs\bondora\application\views\investments\index.php 880
ERROR - 2016-08-03 06:10:31 --> Severity: Notice --> Undefined offset: 33 C:\xampp\htdocs\bondora\application\views\investments\index.php 880
ERROR - 2016-08-03 06:10:31 --> Severity: Notice --> Undefined offset: 33 C:\xampp\htdocs\bondora\application\views\investments\index.php 880
ERROR - 2016-08-03 06:10:31 --> Severity: Notice --> Undefined offset: 32 C:\xampp\htdocs\bondora\application\views\investments\index.php 880
DEBUG - 2016-08-03 06:10:31 --> Total execution time: 3.1980
DEBUG - 2016-08-03 06:10:31 --> UTF-8 Support Disabled
DEBUG - 2016-08-03 06:10:31 --> Global POST, GET and COOKIE data sanitized
ERROR - 2016-08-03 06:10:31 --> 404 Page Not Found: Investments/bootstrap
DEBUG - 2016-08-03 06:10:35 --> UTF-8 Support Disabled
DEBUG - 2016-08-03 06:10:35 --> Global POST, GET and COOKIE data sanitized
DEBUG - 2016-08-03 06:10:35 --> cURL Class Initialized
DEBUG - 2016-08-03 06:10:35 --> OAuth2 class already loaded. Second attempt ignored.
DEBUG - 2016-08-03 06:10:35 --> C:\xampp\htdocs\bondora\application\libraries/MY_Table.php exists, but does not declare MY_Table
DEBUG - 2016-08-03 06:10:35 --> Session class already loaded. Second attempt ignored.
DEBUG - 2016-08-03 06:10:36 --> Total execution time: 0.6062
DEBUG - 2016-08-03 06:10:36 --> UTF-8 Support Disabled
DEBUG - 2016-08-03 06:10:36 --> Global POST, GET and COOKIE data sanitized
DEBUG - 2016-08-03 06:10:36 --> cURL Class Initialized
DEBUG - 2016-08-03 06:10:36 --> OAuth2 class already loaded. Second attempt ignored.
DEBUG - 2016-08-03 06:10:36 --> C:\xampp\htdocs\bondora\application\libraries/MY_Table.php exists, but does not declare MY_Table
DEBUG - 2016-08-03 06:10:36 --> Session class already loaded. Second attempt ignored.
DEBUG - 2016-08-03 06:10:36 --> Total execution time: 0.4311
DEBUG - 2016-08-03 06:10:39 --> UTF-8 Support Disabled
DEBUG - 2016-08-03 06:10:39 --> Global POST, GET and COOKIE data sanitized
DEBUG - 2016-08-03 06:10:39 --> cURL Class Initialized
DEBUG - 2016-08-03 06:10:39 --> OAuth2 class already loaded. Second attempt ignored.
DEBUG - 2016-08-03 06:10:39 --> C:\xampp\htdocs\bondora\application\libraries/MY_Table.php exists, but does not declare MY_Table
DEBUG - 2016-08-03 06:10:39 --> Session class already loaded. Second attempt ignored.
DEBUG - 2016-08-03 06:10:39 --> Total execution time: 0.7102
DEBUG - 2016-08-03 06:10:40 --> UTF-8 Support Disabled
DEBUG - 2016-08-03 06:10:40 --> Global POST, GET and COOKIE data sanitized
DEBUG - 2016-08-03 06:10:40 --> cURL Class Initialized
DEBUG - 2016-08-03 06:10:40 --> OAuth2 class already loaded. Second attempt ignored.
DEBUG - 2016-08-03 06:10:40 --> C:\xampp\htdocs\bondora\application\libraries/MY_Table.php exists, but does not declare MY_Table
DEBUG - 2016-08-03 06:10:40 --> Session class already loaded. Second attempt ignored.
DEBUG - 2016-08-03 06:10:40 --> Total execution time: 0.4531
DEBUG - 2016-08-03 06:10:43 --> UTF-8 Support Disabled
DEBUG - 2016-08-03 06:10:43 --> Global POST, GET and COOKIE data sanitized
DEBUG - 2016-08-03 06:10:43 --> cURL Class Initialized
DEBUG - 2016-08-03 06:10:43 --> OAuth2 class already loaded. Second attempt ignored.
DEBUG - 2016-08-03 06:10:43 --> C:\xampp\htdocs\bondora\application\libraries/MY_Table.php exists, but does not declare MY_Table
DEBUG - 2016-08-03 06:10:43 --> Session class already loaded. Second attempt ignored.
DEBUG - 2016-08-03 06:10:44 --> Total execution time: 0.8713
DEBUG - 2016-08-03 06:10:44 --> UTF-8 Support Disabled
DEBUG - 2016-08-03 06:10:44 --> Global POST, GET and COOKIE data sanitized
DEBUG - 2016-08-03 06:10:44 --> cURL Class Initialized
DEBUG - 2016-08-03 06:10:44 --> OAuth2 class already loaded. Second attempt ignored.
DEBUG - 2016-08-03 06:10:44 --> C:\xampp\htdocs\bondora\application\libraries/MY_Table.php exists, but does not declare MY_Table
DEBUG - 2016-08-03 06:10:44 --> Session class already loaded. Second attempt ignored.
DEBUG - 2016-08-03 06:10:44 --> Total execution time: 0.4501
DEBUG - 2016-08-03 06:10:49 --> UTF-8 Support Disabled
DEBUG - 2016-08-03 06:10:49 --> Global POST, GET and COOKIE data sanitized
DEBUG - 2016-08-03 06:10:49 --> cURL Class Initialized
DEBUG - 2016-08-03 06:10:49 --> OAuth2 class already loaded. Second attempt ignored.
DEBUG - 2016-08-03 06:10:49 --> C:\xampp\htdocs\bondora\application\libraries/MY_Table.php exists, but does not declare MY_Table
DEBUG - 2016-08-03 06:10:49 --> Session class already loaded. Second attempt ignored.
DEBUG - 2016-08-03 06:10:49 --> Total execution time: 0.6702
DEBUG - 2016-08-03 06:10:49 --> UTF-8 Support Disabled
DEBUG - 2016-08-03 06:10:49 --> Global POST, GET and COOKIE data sanitized
DEBUG - 2016-08-03 06:10:49 --> cURL Class Initialized
DEBUG - 2016-08-03 06:10:49 --> OAuth2 class already loaded. Second attempt ignored.
DEBUG - 2016-08-03 06:10:49 --> C:\xampp\htdocs\bondora\application\libraries/MY_Table.php exists, but does not declare MY_Table
DEBUG - 2016-08-03 06:10:49 --> Session class already loaded. Second attempt ignored.
DEBUG - 2016-08-03 06:10:50 --> Total execution time: 0.3541
DEBUG - 2016-08-03 06:10:53 --> UTF-8 Support Disabled
DEBUG - 2016-08-03 06:10:53 --> Global POST, GET and COOKIE data sanitized
DEBUG - 2016-08-03 06:10:53 --> cURL Class Initialized
DEBUG - 2016-08-03 06:10:53 --> OAuth2 class already loaded. Second attempt ignored.
DEBUG - 2016-08-03 06:10:53 --> C:\xampp\htdocs\bondora\application\libraries/MY_Table.php exists, but does not declare MY_Table
DEBUG - 2016-08-03 06:10:53 --> Session class already loaded. Second attempt ignored.
DEBUG - 2016-08-03 06:10:54 --> Total execution time: 0.8433
DEBUG - 2016-08-03 06:10:54 --> UTF-8 Support Disabled
DEBUG - 2016-08-03 06:10:54 --> Global POST, GET and COOKIE data sanitized
DEBUG - 2016-08-03 06:10:54 --> cURL Class Initialized
DEBUG - 2016-08-03 06:10:54 --> OAuth2 class already loaded. Second attempt ignored.
DEBUG - 2016-08-03 06:10:54 --> C:\xampp\htdocs\bondora\application\libraries/MY_Table.php exists, but does not declare MY_Table
DEBUG - 2016-08-03 06:10:54 --> Session class already loaded. Second attempt ignored.
DEBUG - 2016-08-03 06:10:54 --> Total execution time: 0.4731
DEBUG - 2016-08-03 06:10:57 --> UTF-8 Support Disabled
DEBUG - 2016-08-03 06:10:57 --> Global POST, GET and COOKIE data sanitized
DEBUG - 2016-08-03 06:10:57 --> cURL Class Initialized
DEBUG - 2016-08-03 06:10:57 --> OAuth2 class already loaded. Second attempt ignored.
DEBUG - 2016-08-03 06:10:57 --> C:\xampp\htdocs\bondora\application\libraries/MY_Table.php exists, but does not declare MY_Table
DEBUG - 2016-08-03 06:10:57 --> Session class already loaded. Second attempt ignored.
DEBUG - 2016-08-03 06:10:57 --> Total execution time: 0.5742
DEBUG - 2016-08-03 06:10:57 --> UTF-8 Support Disabled
DEBUG - 2016-08-03 06:10:57 --> Global POST, GET and COOKIE data sanitized
DEBUG - 2016-08-03 06:10:57 --> cURL Class Initialized
DEBUG - 2016-08-03 06:10:57 --> OAuth2 class already loaded. Second attempt ignored.
DEBUG - 2016-08-03 06:10:57 --> C:\xampp\htdocs\bondora\application\libraries/MY_Table.php exists, but does not declare MY_Table
DEBUG - 2016-08-03 06:10:57 --> Session class already loaded. Second attempt ignored.
DEBUG - 2016-08-03 06:10:58 --> Total execution time: 0.3861
DEBUG - 2016-08-03 06:11:00 --> UTF-8 Support Disabled
DEBUG - 2016-08-03 06:11:00 --> Global POST, GET and COOKIE data sanitized
DEBUG - 2016-08-03 06:11:00 --> cURL Class Initialized
DEBUG - 2016-08-03 06:11:00 --> OAuth2 class already loaded. Second attempt ignored.
DEBUG - 2016-08-03 06:11:00 --> C:\xampp\htdocs\bondora\application\libraries/MY_Table.php exists, but does not declare MY_Table
DEBUG - 2016-08-03 06:11:00 --> Session class already loaded. Second attempt ignored.
DEBUG - 2016-08-03 06:11:01 --> Total execution time: 0.8663
DEBUG - 2016-08-03 06:11:01 --> UTF-8 Support Disabled
DEBUG - 2016-08-03 06:11:01 --> Global POST, GET and COOKIE data sanitized
DEBUG - 2016-08-03 06:11:01 --> cURL Class Initialized
DEBUG - 2016-08-03 06:11:01 --> OAuth2 class already loaded. Second attempt ignored.
DEBUG - 2016-08-03 06:11:01 --> C:\xampp\htdocs\bondora\application\libraries/MY_Table.php exists, but does not declare MY_Table
DEBUG - 2016-08-03 06:11:01 --> Session class already loaded. Second attempt ignored.
DEBUG - 2016-08-03 06:11:02 --> Total execution time: 0.3871
DEBUG - 2016-08-03 06:11:04 --> UTF-8 Support Disabled
DEBUG - 2016-08-03 06:11:04 --> Global POST, GET and COOKIE data sanitized
DEBUG - 2016-08-03 06:11:04 --> cURL Class Initialized
DEBUG - 2016-08-03 06:11:04 --> OAuth2 class already loaded. Second attempt ignored.
DEBUG - 2016-08-03 06:11:04 --> C:\xampp\htdocs\bondora\application\libraries/MY_Table.php exists, but does not declare MY_Table
DEBUG - 2016-08-03 06:11:04 --> Session class already loaded. Second attempt ignored.
DEBUG - 2016-08-03 06:11:05 --> Total execution time: 0.7032
DEBUG - 2016-08-03 06:11:05 --> UTF-8 Support Disabled
DEBUG - 2016-08-03 06:11:05 --> Global POST, GET and COOKIE data sanitized
DEBUG - 2016-08-03 06:11:05 --> cURL Class Initialized
DEBUG - 2016-08-03 06:11:05 --> OAuth2 class already loaded. Second attempt ignored.
DEBUG - 2016-08-03 06:11:05 --> C:\xampp\htdocs\bondora\application\libraries/MY_Table.php exists, but does not declare MY_Table
DEBUG - 2016-08-03 06:11:05 --> Session class already loaded. Second attempt ignored.
DEBUG - 2016-08-03 06:11:05 --> Total execution time: 0.3411
DEBUG - 2016-08-03 06:11:09 --> UTF-8 Support Disabled
DEBUG - 2016-08-03 06:11:09 --> Global POST, GET and COOKIE data sanitized
DEBUG - 2016-08-03 06:11:09 --> cURL Class Initialized
DEBUG - 2016-08-03 06:11:09 --> OAuth2 class already loaded. Second attempt ignored.
DEBUG - 2016-08-03 06:11:09 --> C:\xampp\htdocs\bondora\application\libraries/MY_Table.php exists, but does not declare MY_Table
DEBUG - 2016-08-03 06:11:09 --> Session class already loaded. Second attempt ignored.
DEBUG - 2016-08-03 06:11:10 --> Total execution time: 0.6592
DEBUG - 2016-08-03 06:11:10 --> UTF-8 Support Disabled
DEBUG - 2016-08-03 06:11:10 --> Global POST, GET and COOKIE data sanitized
DEBUG - 2016-08-03 06:11:10 --> cURL Class Initialized
DEBUG - 2016-08-03 06:11:10 --> OAuth2 class already loaded. Second attempt ignored.
DEBUG - 2016-08-03 06:11:10 --> C:\xampp\htdocs\bondora\application\libraries/MY_Table.php exists, but does not declare MY_Table
DEBUG - 2016-08-03 06:11:10 --> Session class already loaded. Second attempt ignored.
DEBUG - 2016-08-03 06:11:10 --> Total execution time: 0.4081
DEBUG - 2016-08-03 06:11:12 --> UTF-8 Support Disabled
DEBUG - 2016-08-03 06:11:12 --> Global POST, GET and COOKIE data sanitized
DEBUG - 2016-08-03 06:11:12 --> cURL Class Initialized
DEBUG - 2016-08-03 06:11:12 --> OAuth2 class already loaded. Second attempt ignored.
DEBUG - 2016-08-03 06:11:13 --> C:\xampp\htdocs\bondora\application\libraries/MY_Table.php exists, but does not declare MY_Table
DEBUG - 2016-08-03 06:11:13 --> Session class already loaded. Second attempt ignored.
DEBUG - 2016-08-03 06:11:13 --> Total execution time: 0.9673
DEBUG - 2016-08-03 06:11:13 --> UTF-8 Support Disabled
DEBUG - 2016-08-03 06:11:13 --> Global POST, GET and COOKIE data sanitized
DEBUG - 2016-08-03 06:11:13 --> cURL Class Initialized
DEBUG - 2016-08-03 06:11:13 --> OAuth2 class already loaded. Second attempt ignored.
DEBUG - 2016-08-03 06:11:14 --> C:\xampp\htdocs\bondora\application\libraries/MY_Table.php exists, but does not declare MY_Table
DEBUG - 2016-08-03 06:11:14 --> Session class already loaded. Second attempt ignored.
DEBUG - 2016-08-03 06:11:14 --> Total execution time: 0.5062
DEBUG - 2016-08-03 06:11:16 --> UTF-8 Support Disabled
DEBUG - 2016-08-03 06:11:16 --> Global POST, GET and COOKIE data sanitized
DEBUG - 2016-08-03 06:11:16 --> cURL Class Initialized
DEBUG - 2016-08-03 06:11:16 --> OAuth2 class already loaded. Second attempt ignored.
DEBUG - 2016-08-03 06:11:16 --> C:\xampp\htdocs\bondora\application\libraries/MY_Table.php exists, but does not declare MY_Table
DEBUG - 2016-08-03 06:11:16 --> Session class already loaded. Second attempt ignored.
DEBUG - 2016-08-03 06:11:17 --> Total execution time: 0.5682
DEBUG - 2016-08-03 06:11:17 --> UTF-8 Support Disabled
DEBUG - 2016-08-03 06:11:17 --> Global POST, GET and COOKIE data sanitized
DEBUG - 2016-08-03 06:11:17 --> cURL Class Initialized
DEBUG - 2016-08-03 06:11:17 --> OAuth2 class already loaded. Second attempt ignored.
DEBUG - 2016-08-03 06:11:17 --> C:\xampp\htdocs\bondora\application\libraries/MY_Table.php exists, but does not declare MY_Table
DEBUG - 2016-08-03 06:11:17 --> Session class already loaded. Second attempt ignored.
DEBUG - 2016-08-03 06:11:17 --> Total execution time: 0.3031
DEBUG - 2016-08-03 06:11:20 --> UTF-8 Support Disabled
DEBUG - 2016-08-03 06:11:20 --> Global POST, GET and COOKIE data sanitized
DEBUG - 2016-08-03 06:11:20 --> cURL Class Initialized
DEBUG - 2016-08-03 06:11:20 --> OAuth2 class already loaded. Second attempt ignored.
DEBUG - 2016-08-03 06:11:20 --> C:\xampp\htdocs\bondora\application\libraries/MY_Table.php exists, but does not declare MY_Table
DEBUG - 2016-08-03 06:11:20 --> Session class already loaded. Second attempt ignored.
DEBUG - 2016-08-03 06:11:20 --> Total execution time: 0.8623
DEBUG - 2016-08-03 06:11:21 --> UTF-8 Support Disabled
DEBUG - 2016-08-03 06:11:21 --> Global POST, GET and COOKIE data sanitized
DEBUG - 2016-08-03 06:11:21 --> cURL Class Initialized
DEBUG - 2016-08-03 06:11:21 --> OAuth2 class already loaded. Second attempt ignored.
DEBUG - 2016-08-03 06:11:21 --> C:\xampp\htdocs\bondora\application\libraries/MY_Table.php exists, but does not declare MY_Table
DEBUG - 2016-08-03 06:11:21 --> Session class already loaded. Second attempt ignored.
DEBUG - 2016-08-03 06:11:21 --> Total execution time: 0.4551
DEBUG - 2016-08-03 06:11:23 --> UTF-8 Support Disabled
DEBUG - 2016-08-03 06:11:23 --> Global POST, GET and COOKIE data sanitized
DEBUG - 2016-08-03 06:11:23 --> cURL Class Initialized
DEBUG - 2016-08-03 06:11:23 --> OAuth2 class already loaded. Second attempt ignored.
DEBUG - 2016-08-03 06:11:23 --> C:\xampp\htdocs\bondora\application\libraries/MY_Table.php exists, but does not declare MY_Table
DEBUG - 2016-08-03 06:11:23 --> Session class already loaded. Second attempt ignored.
DEBUG - 2016-08-03 06:11:24 --> Total execution time: 0.8453
DEBUG - 2016-08-03 06:11:24 --> UTF-8 Support Disabled
DEBUG - 2016-08-03 06:11:24 --> Global POST, GET and COOKIE data sanitized
DEBUG - 2016-08-03 06:11:24 --> cURL Class Initialized
DEBUG - 2016-08-03 06:11:24 --> OAuth2 class already loaded. Second attempt ignored.
DEBUG - 2016-08-03 06:11:24 --> C:\xampp\htdocs\bondora\application\libraries/MY_Table.php exists, but does not declare MY_Table
DEBUG - 2016-08-03 06:11:24 --> Session class already loaded. Second attempt ignored.
DEBUG - 2016-08-03 06:11:25 --> Total execution time: 0.3291
DEBUG - 2016-08-03 06:11:27 --> UTF-8 Support Disabled
DEBUG - 2016-08-03 06:11:27 --> Global POST, GET and COOKIE data sanitized
DEBUG - 2016-08-03 06:11:27 --> cURL Class Initialized
DEBUG - 2016-08-03 06:11:27 --> OAuth2 class already loaded. Second attempt ignored.
DEBUG - 2016-08-03 06:11:27 --> C:\xampp\htdocs\bondora\application\libraries/MY_Table.php exists, but does not declare MY_Table
DEBUG - 2016-08-03 06:11:27 --> Session class already loaded. Second attempt ignored.
DEBUG - 2016-08-03 06:11:28 --> Total execution time: 0.5522
DEBUG - 2016-08-03 06:11:28 --> UTF-8 Support Disabled
DEBUG - 2016-08-03 06:11:28 --> Global POST, GET and COOKIE data sanitized
DEBUG - 2016-08-03 06:11:28 --> cURL Class Initialized
DEBUG - 2016-08-03 06:11:28 --> OAuth2 class already loaded. Second attempt ignored.
DEBUG - 2016-08-03 06:11:28 --> C:\xampp\htdocs\bondora\application\libraries/MY_Table.php exists, but does not declare MY_Table
DEBUG - 2016-08-03 06:11:28 --> Session class already loaded. Second attempt ignored.
DEBUG - 2016-08-03 06:11:28 --> Total execution time: 0.3491
DEBUG - 2016-08-03 06:11:59 --> UTF-8 Support Disabled
DEBUG - 2016-08-03 06:11:59 --> Global POST, GET and COOKIE data sanitized
DEBUG - 2016-08-03 06:11:59 --> cURL Class Initialized
DEBUG - 2016-08-03 06:11:59 --> OAuth2 class already loaded. Second attempt ignored.
DEBUG - 2016-08-03 06:11:59 --> C:\xampp\htdocs\bondora\application\libraries/MY_Table.php exists, but does not declare MY_Table
DEBUG - 2016-08-03 06:11:59 --> Session class already loaded. Second attempt ignored.
DEBUG - 2016-08-03 06:11:59 --> SELECT *
FROM `select` `a`.*, `b`.`listedOnDate`, `b`.`xirr`, `b`.`secondaryId`, `b`.`desiredDiscountRate from bondora`.`investment_payload a LEFT JOIN bondora`.`secondary b ON a`.`loanPartId=b`.`loanPartId WHERE a`.`id=1177 and user="mehike" order by` `a`.`signedDate`, `a`.`auctionId`
DEBUG - 2016-08-03 06:11:59 --> SELECT *
FROM `select` `a`.*, `b`.`listedOnDate`, `b`.`xirr`, `b`.`secondaryId`, `b`.`desiredDiscountRate from bondora`.`investment_payload a LEFT JOIN bondora`.`secondary b ON a`.`loanPartId=b`.`loanPartId WHERE a`.`id=1176 and user="mehike" order by` `a`.`signedDate`, `a`.`auctionId`
DEBUG - 2016-08-03 06:11:59 --> SELECT *
FROM `select` `a`.*, `b`.`listedOnDate`, `b`.`xirr`, `b`.`secondaryId`, `b`.`desiredDiscountRate from bondora`.`investment_payload a LEFT JOIN bondora`.`secondary b ON a`.`loanPartId=b`.`loanPartId WHERE a`.`id=1178 and user="mehike" order by` `a`.`signedDate`, `a`.`auctionId`
DEBUG - 2016-08-03 06:11:59 --> SELECT *
FROM `select` `a`.*, `b`.`listedOnDate`, `b`.`xirr`, `b`.`secondaryId`, `b`.`desiredDiscountRate from bondora`.`investment_payload a LEFT JOIN bondora`.`secondary b ON a`.`loanPartId=b`.`loanPartId WHERE a`.`id=1160 and user="mehike" order by` `a`.`signedDate`, `a`.`auctionId`
DEBUG - 2016-08-03 06:11:59 --> SELECT *
FROM `select` `a`.*, `b`.`listedOnDate`, `b`.`xirr`, `b`.`secondaryId`, `b`.`desiredDiscountRate from bondora`.`investment_payload a LEFT JOIN bondora`.`secondary b ON a`.`loanPartId=b`.`loanPartId WHERE a`.`id=1165 and user="mehike" order by` `a`.`signedDate`, `a`.`auctionId`
DEBUG - 2016-08-03 06:11:59 --> SELECT *
FROM `select` `a`.*, `b`.`listedOnDate`, `b`.`xirr`, `b`.`secondaryId`, `b`.`desiredDiscountRate from bondora`.`investment_payload a LEFT JOIN bondora`.`secondary b ON a`.`loanPartId=b`.`loanPartId WHERE a`.`id=1167 and user="mehike" order by` `a`.`signedDate`, `a`.`auctionId`
DEBUG - 2016-08-03 06:11:59 --> SELECT *
FROM `select` `a`.*, `b`.`listedOnDate`, `b`.`xirr`, `b`.`secondaryId`, `b`.`desiredDiscountRate from bondora`.`investment_payload a LEFT JOIN bondora`.`secondary b ON a`.`loanPartId=b`.`loanPartId WHERE a`.`id=1171 and user="mehike" order by` `a`.`signedDate`, `a`.`auctionId`
DEBUG - 2016-08-03 06:11:59 --> SELECT *
FROM `select` `a`.*, `b`.`listedOnDate`, `b`.`xirr`, `b`.`secondaryId`, `b`.`desiredDiscountRate from bondora`.`investment_payload a LEFT JOIN bondora`.`secondary b ON a`.`loanPartId=b`.`loanPartId WHERE a`.`id=1173 and user="mehike" order by` `a`.`signedDate`, `a`.`auctionId`
DEBUG - 2016-08-03 06:11:59 --> SELECT *
FROM `select` `a`.*, `b`.`listedOnDate`, `b`.`xirr`, `b`.`secondaryId`, `b`.`desiredDiscountRate from bondora`.`investment_payload a LEFT JOIN bondora`.`secondary b ON a`.`loanPartId=b`.`loanPartId WHERE a`.`id=1174 and user="mehike" order by` `a`.`signedDate`, `a`.`auctionId`
DEBUG - 2016-08-03 06:11:59 --> SELECT *
FROM `select` `a`.*, `b`.`listedOnDate`, `b`.`xirr`, `b`.`secondaryId`, `b`.`desiredDiscountRate from bondora`.`investment_payload a LEFT JOIN bondora`.`secondary b ON a`.`loanPartId=b`.`loanPartId WHERE a`.`id=1175 and user="mehike" order by` `a`.`signedDate`, `a`.`auctionId`
DEBUG - 2016-08-03 06:11:59 --> SELECT *
FROM `select` `a`.*, `b`.`listedOnDate`, `b`.`xirr`, `b`.`secondaryId`, `b`.`desiredDiscountRate from bondora`.`investment_payload a LEFT JOIN bondora`.`secondary b ON a`.`loanPartId=b`.`loanPartId WHERE a`.`id=1181 and user="mehike" order by` `a`.`signedDate`, `a`.`auctionId`
DEBUG - 2016-08-03 06:11:59 --> SELECT *
FROM `select` `a`.*, `b`.`listedOnDate`, `b`.`xirr`, `b`.`secondaryId`, `b`.`desiredDiscountRate from bondora`.`investment_payload a LEFT JOIN bondora`.`secondary b ON a`.`loanPartId=b`.`loanPartId WHERE a`.`id=1182 and user="mehike" order by` `a`.`signedDate`, `a`.`auctionId`
DEBUG - 2016-08-03 06:11:59 --> SELECT *
FROM `select` `a`.*, `b`.`listedOnDate`, `b`.`xirr`, `b`.`secondaryId`, `b`.`desiredDiscountRate from bondora`.`investment_payload a LEFT JOIN bondora`.`secondary b ON a`.`loanPartId=b`.`loanPartId WHERE a`.`id=1188 and user="mehike" order by` `a`.`signedDate`, `a`.`auctionId`
DEBUG - 2016-08-03 06:11:59 --> SELECT *
FROM `select` `a`.*, `b`.`listedOnDate`, `b`.`xirr`, `b`.`secondaryId`, `b`.`desiredDiscountRate from bondora`.`investment_payload a LEFT JOIN bondora`.`secondary b ON a`.`loanPartId=b`.`loanPartId WHERE a`.`id=1189 and user="mehike" order by` `a`.`signedDate`, `a`.`auctionId`
DEBUG - 2016-08-03 06:12:05 --> Total execution time: 6.1166
DEBUG - 2016-08-03 06:12:05 --> UTF-8 Support Disabled
DEBUG - 2016-08-03 06:12:05 --> Global POST, GET and COOKIE data sanitized
ERROR - 2016-08-03 06:12:05 --> 404 Page Not Found: Investments/bootstrap
DEBUG - 2016-08-03 06:12:12 --> UTF-8 Support Disabled
DEBUG - 2016-08-03 06:12:12 --> Global POST, GET and COOKIE data sanitized
DEBUG - 2016-08-03 06:12:12 --> cURL Class Initialized
DEBUG - 2016-08-03 06:12:12 --> OAuth2 class already loaded. Second attempt ignored.
DEBUG - 2016-08-03 06:12:12 --> C:\xampp\htdocs\bondora\application\libraries/MY_Table.php exists, but does not declare MY_Table
DEBUG - 2016-08-03 06:12:12 --> Session class already loaded. Second attempt ignored.
DEBUG - 2016-08-03 06:12:12 --> SELECT *
FROM `select` `a`.*, `b`.`listedOnDate`, `b`.`xirr`, `b`.`secondaryId`, `b`.`desiredDiscountRate from bondora`.`investment_payload a LEFT JOIN bondora`.`secondary b ON a`.`loanPartId=b`.`loanPartId and a`.`user=b`.`user where a`.`user="mehike" order by` `a`.`signedDate`, `a`.`auctionId`
ERROR - 2016-08-03 06:12:12 --> Severity: Notice --> Undefined offset: 33 C:\xampp\htdocs\bondora\application\views\investments\index.php 880
ERROR - 2016-08-03 06:12:12 --> Severity: Notice --> Undefined offset: 33 C:\xampp\htdocs\bondora\application\views\investments\index.php 880
ERROR - 2016-08-03 06:12:12 --> Severity: Notice --> Undefined offset: 33 C:\xampp\htdocs\bondora\application\views\investments\index.php 880
ERROR - 2016-08-03 06:12:12 --> Severity: Notice --> Undefined offset: 33 C:\xampp\htdocs\bondora\application\views\investments\index.php 880
ERROR - 2016-08-03 06:12:12 --> Severity: Notice --> Undefined offset: 31 C:\xampp\htdocs\bondora\application\views\investments\index.php 880
ERROR - 2016-08-03 06:12:12 --> Severity: Notice --> Undefined offset: 33 C:\xampp\htdocs\bondora\application\views\investments\index.php 880
ERROR - 2016-08-03 06:12:12 --> Severity: Notice --> Undefined offset: 33 C:\xampp\htdocs\bondora\application\views\investments\index.php 880
ERROR - 2016-08-03 06:12:12 --> Severity: Notice --> Undefined offset: 30 C:\xampp\htdocs\bondora\application\views\investments\index.php 880
ERROR - 2016-08-03 06:12:12 --> Severity: Notice --> Undefined offset: 32 C:\xampp\htdocs\bondora\application\views\investments\index.php 880
ERROR - 2016-08-03 06:12:12 --> Severity: Notice --> Undefined offset: 32 C:\xampp\htdocs\bondora\application\views\investments\index.php 880
ERROR - 2016-08-03 06:12:12 --> Severity: Notice --> Undefined offset: 32 C:\xampp\htdocs\bondora\application\views\investments\index.php 880
ERROR - 2016-08-03 06:12:12 --> Severity: Notice --> Undefined offset: 33 C:\xampp\htdocs\bondora\application\views\investments\index.php 880
ERROR - 2016-08-03 06:12:12 --> Severity: Notice --> Undefined offset: 33 C:\xampp\htdocs\bondora\application\views\investments\index.php 880
ERROR - 2016-08-03 06:12:12 --> Severity: Notice --> Undefined offset: 33 C:\xampp\htdocs\bondora\application\views\investments\index.php 880
ERROR - 2016-08-03 06:12:12 --> Severity: Notice --> Undefined offset: 33 C:\xampp\htdocs\bondora\application\views\investments\index.php 880
ERROR - 2016-08-03 06:12:12 --> Severity: Notice --> Undefined offset: 41 C:\xampp\htdocs\bondora\application\views\investments\index.php 880
ERROR - 2016-08-03 06:12:12 --> Severity: Notice --> Undefined offset: 30 C:\xampp\htdocs\bondora\application\views\investments\index.php 880
ERROR - 2016-08-03 06:12:12 --> Severity: Notice --> Undefined offset: 31 C:\xampp\htdocs\bondora\application\views\investments\index.php 880
ERROR - 2016-08-03 06:12:12 --> Severity: Notice --> Undefined offset: 33 C:\xampp\htdocs\bondora\application\views\investments\index.php 880
ERROR - 2016-08-03 06:12:12 --> Severity: Notice --> Undefined offset: 33 C:\xampp\htdocs\bondora\application\views\investments\index.php 880
ERROR - 2016-08-03 06:12:12 --> Severity: Notice --> Undefined offset: 32 C:\xampp\htdocs\bondora\application\views\investments\index.php 880
DEBUG - 2016-08-03 06:12:12 --> Total execution time: 0.0910
DEBUG - 2016-08-03 06:12:12 --> UTF-8 Support Disabled
DEBUG - 2016-08-03 06:12:12 --> Global POST, GET and COOKIE data sanitized
ERROR - 2016-08-03 06:12:12 --> 404 Page Not Found: Investments/bootstrap
DEBUG - 2016-08-03 06:12:15 --> UTF-8 Support Disabled
DEBUG - 2016-08-03 06:12:15 --> Global POST, GET and COOKIE data sanitized
DEBUG - 2016-08-03 06:12:15 --> cURL Class Initialized
DEBUG - 2016-08-03 06:12:15 --> OAuth2 class already loaded. Second attempt ignored.
DEBUG - 2016-08-03 06:12:15 --> C:\xampp\htdocs\bondora\application\libraries/MY_Table.php exists, but does not declare MY_Table
DEBUG - 2016-08-03 06:12:15 --> Session class already loaded. Second attempt ignored.
DEBUG - 2016-08-03 06:12:16 --> SELECT *
FROM `select` `a`.*, `b`.`listedOnDate`, `b`.`xirr`, `b`.`secondaryId`, `b`.`desiredDiscountRate from bondora`.`investment_payload a LEFT JOIN bondora`.`secondary b ON a`.`loanPartId=b`.`loanPartId and a`.`user=b`.`user where a`.`user="mehike" order by` `a`.`signedDate`, `a`.`auctionId`
ERROR - 2016-08-03 06:12:16 --> Severity: Notice --> Undefined offset: 33 C:\xampp\htdocs\bondora\application\views\investments\index.php 880
ERROR - 2016-08-03 06:12:16 --> Severity: Notice --> Undefined offset: 33 C:\xampp\htdocs\bondora\application\views\investments\index.php 880
ERROR - 2016-08-03 06:12:16 --> Severity: Notice --> Undefined offset: 33 C:\xampp\htdocs\bondora\application\views\investments\index.php 880
ERROR - 2016-08-03 06:12:16 --> Severity: Notice --> Undefined offset: 33 C:\xampp\htdocs\bondora\application\views\investments\index.php 880
ERROR - 2016-08-03 06:12:16 --> Severity: Notice --> Undefined offset: 31 C:\xampp\htdocs\bondora\application\views\investments\index.php 880
ERROR - 2016-08-03 06:12:16 --> Severity: Notice --> Undefined offset: 33 C:\xampp\htdocs\bondora\application\views\investments\index.php 880
ERROR - 2016-08-03 06:12:16 --> Severity: Notice --> Undefined offset: 33 C:\xampp\htdocs\bondora\application\views\investments\index.php 880
ERROR - 2016-08-03 06:12:16 --> Severity: Notice --> Undefined offset: 32 C:\xampp\htdocs\bondora\application\views\investments\index.php 880
ERROR - 2016-08-03 06:12:16 --> Severity: Notice --> Undefined offset: 32 C:\xampp\htdocs\bondora\application\views\investments\index.php 880
ERROR - 2016-08-03 06:12:16 --> Severity: Notice --> Undefined offset: 32 C:\xampp\htdocs\bondora\application\views\investments\index.php 880
ERROR - 2016-08-03 06:12:16 --> Severity: Notice --> Undefined offset: 33 C:\xampp\htdocs\bondora\application\views\investments\index.php 880
ERROR - 2016-08-03 06:12:16 --> Severity: Notice --> Undefined offset: 33 C:\xampp\htdocs\bondora\application\views\investments\index.php 880
ERROR - 2016-08-03 06:12:16 --> Severity: Notice --> Undefined offset: 33 C:\xampp\htdocs\bondora\application\views\investments\index.php 880
ERROR - 2016-08-03 06:12:16 --> Severity: Notice --> Undefined offset: 33 C:\xampp\htdocs\bondora\application\views\investments\index.php 880
ERROR - 2016-08-03 06:12:16 --> Severity: Notice --> Undefined offset: 41 C:\xampp\htdocs\bondora\application\views\investments\index.php 880
ERROR - 2016-08-03 06:12:16 --> Severity: Notice --> Undefined offset: 31 C:\xampp\htdocs\bondora\application\views\investments\index.php 880
ERROR - 2016-08-03 06:12:16 --> Severity: Notice --> Undefined offset: 33 C:\xampp\htdocs\bondora\application\views\investments\index.php 880
ERROR - 2016-08-03 06:12:16 --> Severity: Notice --> Undefined offset: 33 C:\xampp\htdocs\bondora\application\views\investments\index.php 880
ERROR - 2016-08-03 06:12:16 --> Severity: Notice --> Undefined offset: 32 C:\xampp\htdocs\bondora\application\views\investments\index.php 880
DEBUG - 2016-08-03 06:12:16 --> Total execution time: 1.1201
DEBUG - 2016-08-03 06:12:16 --> UTF-8 Support Disabled
DEBUG - 2016-08-03 06:12:16 --> Global POST, GET and COOKIE data sanitized
ERROR - 2016-08-03 06:12:16 --> 404 Page Not Found: Investments/bootstrap
DEBUG - 2016-08-03 06:12:21 --> UTF-8 Support Disabled
DEBUG - 2016-08-03 06:12:21 --> Global POST, GET and COOKIE data sanitized
DEBUG - 2016-08-03 06:12:21 --> cURL Class Initialized
DEBUG - 2016-08-03 06:12:21 --> OAuth2 class already loaded. Second attempt ignored.
DEBUG - 2016-08-03 06:12:21 --> C:\xampp\htdocs\bondora\application\libraries/MY_Table.php exists, but does not declare MY_Table
DEBUG - 2016-08-03 06:12:21 --> Session class already loaded. Second attempt ignored.
DEBUG - 2016-08-03 06:12:22 --> Total execution time: 0.8501
DEBUG - 2016-08-03 06:12:22 --> UTF-8 Support Disabled
DEBUG - 2016-08-03 06:12:22 --> Global POST, GET and COOKIE data sanitized
DEBUG - 2016-08-03 06:12:22 --> cURL Class Initialized
DEBUG - 2016-08-03 06:12:22 --> OAuth2 class already loaded. Second attempt ignored.
DEBUG - 2016-08-03 06:12:22 --> C:\xampp\htdocs\bondora\application\libraries/MY_Table.php exists, but does not declare MY_Table
DEBUG - 2016-08-03 06:12:22 --> Session class already loaded. Second attempt ignored.
DEBUG - 2016-08-03 06:12:22 --> Total execution time: 0.4600
DEBUG - 2016-08-03 06:12:25 --> UTF-8 Support Disabled
DEBUG - 2016-08-03 06:12:25 --> Global POST, GET and COOKIE data sanitized
DEBUG - 2016-08-03 06:12:25 --> cURL Class Initialized
DEBUG - 2016-08-03 06:12:25 --> OAuth2 class already loaded. Second attempt ignored.
DEBUG - 2016-08-03 06:12:25 --> C:\xampp\htdocs\bondora\application\libraries/MY_Table.php exists, but does not declare MY_Table
DEBUG - 2016-08-03 06:12:25 --> Session class already loaded. Second attempt ignored.
DEBUG - 2016-08-03 06:12:25 --> Total execution time: 0.6241
DEBUG - 2016-08-03 06:12:25 --> UTF-8 Support Disabled
DEBUG - 2016-08-03 06:12:25 --> Global POST, GET and COOKIE data sanitized
DEBUG - 2016-08-03 06:12:25 --> cURL Class Initialized
DEBUG - 2016-08-03 06:12:25 --> OAuth2 class already loaded. Second attempt ignored.
DEBUG - 2016-08-03 06:12:25 --> C:\xampp\htdocs\bondora\application\libraries/MY_Table.php exists, but does not declare MY_Table
DEBUG - 2016-08-03 06:12:25 --> Session class already loaded. Second attempt ignored.
DEBUG - 2016-08-03 06:12:26 --> Total execution time: 0.3500
DEBUG - 2016-08-03 06:12:28 --> UTF-8 Support Disabled
DEBUG - 2016-08-03 06:12:28 --> Global POST, GET and COOKIE data sanitized
DEBUG - 2016-08-03 06:12:28 --> cURL Class Initialized
DEBUG - 2016-08-03 06:12:28 --> OAuth2 class already loaded. Second attempt ignored.
DEBUG - 2016-08-03 06:12:28 --> C:\xampp\htdocs\bondora\application\libraries/MY_Table.php exists, but does not declare MY_Table
DEBUG - 2016-08-03 06:12:28 --> Session class already loaded. Second attempt ignored.
DEBUG - 2016-08-03 06:12:29 --> Total execution time: 0.6251
DEBUG - 2016-08-03 06:12:29 --> UTF-8 Support Disabled
DEBUG - 2016-08-03 06:12:29 --> Global POST, GET and COOKIE data sanitized
DEBUG - 2016-08-03 06:12:29 --> cURL Class Initialized
DEBUG - 2016-08-03 06:12:29 --> OAuth2 class already loaded. Second attempt ignored.
DEBUG - 2016-08-03 06:12:29 --> C:\xampp\htdocs\bondora\application\libraries/MY_Table.php exists, but does not declare MY_Table
DEBUG - 2016-08-03 06:12:29 --> Session class already loaded. Second attempt ignored.
DEBUG - 2016-08-03 06:12:29 --> Total execution time: 0.3540
DEBUG - 2016-08-03 06:12:33 --> UTF-8 Support Disabled
DEBUG - 2016-08-03 06:12:33 --> Global POST, GET and COOKIE data sanitized
DEBUG - 2016-08-03 06:12:34 --> cURL Class Initialized
DEBUG - 2016-08-03 06:12:34 --> OAuth2 class already loaded. Second attempt ignored.
DEBUG - 2016-08-03 06:12:34 --> C:\xampp\htdocs\bondora\application\libraries/MY_Table.php exists, but does not declare MY_Table
DEBUG - 2016-08-03 06:12:34 --> Session class already loaded. Second attempt ignored.
DEBUG - 2016-08-03 06:12:34 --> Total execution time: 0.7251
DEBUG - 2016-08-03 06:12:34 --> UTF-8 Support Disabled
DEBUG - 2016-08-03 06:12:34 --> Global POST, GET and COOKIE data sanitized
DEBUG - 2016-08-03 06:12:34 --> cURL Class Initialized
DEBUG - 2016-08-03 06:12:34 --> OAuth2 class already loaded. Second attempt ignored.
DEBUG - 2016-08-03 06:12:34 --> C:\xampp\htdocs\bondora\application\libraries/MY_Table.php exists, but does not declare MY_Table
DEBUG - 2016-08-03 06:12:34 --> Session class already loaded. Second attempt ignored.
DEBUG - 2016-08-03 06:12:35 --> Total execution time: 0.3680
DEBUG - 2016-08-03 06:12:37 --> UTF-8 Support Disabled
DEBUG - 2016-08-03 06:12:37 --> Global POST, GET and COOKIE data sanitized
DEBUG - 2016-08-03 06:12:37 --> cURL Class Initialized
DEBUG - 2016-08-03 06:12:37 --> OAuth2 class already loaded. Second attempt ignored.
DEBUG - 2016-08-03 06:12:37 --> C:\xampp\htdocs\bondora\application\libraries/MY_Table.php exists, but does not declare MY_Table
DEBUG - 2016-08-03 06:12:37 --> Session class already loaded. Second attempt ignored.
DEBUG - 2016-08-03 06:12:38 --> Total execution time: 0.8561
DEBUG - 2016-08-03 06:12:38 --> UTF-8 Support Disabled
DEBUG - 2016-08-03 06:12:38 --> Global POST, GET and COOKIE data sanitized
DEBUG - 2016-08-03 06:12:38 --> cURL Class Initialized
DEBUG - 2016-08-03 06:12:38 --> OAuth2 class already loaded. Second attempt ignored.
DEBUG - 2016-08-03 06:12:38 --> C:\xampp\htdocs\bondora\application\libraries/MY_Table.php exists, but does not declare MY_Table
DEBUG - 2016-08-03 06:12:38 --> Session class already loaded. Second attempt ignored.
DEBUG - 2016-08-03 06:12:38 --> Total execution time: 0.3170
DEBUG - 2016-08-03 06:12:54 --> UTF-8 Support Disabled
DEBUG - 2016-08-03 06:12:54 --> Global POST, GET and COOKIE data sanitized
DEBUG - 2016-08-03 06:12:54 --> cURL Class Initialized
DEBUG - 2016-08-03 06:12:54 --> OAuth2 class already loaded. Second attempt ignored.
DEBUG - 2016-08-03 06:12:54 --> C:\xampp\htdocs\bondora\application\libraries/MY_Table.php exists, but does not declare MY_Table
DEBUG - 2016-08-03 06:12:54 --> Session class already loaded. Second attempt ignored.
DEBUG - 2016-08-03 06:12:54 --> SELECT *
FROM `select` `a`.*, `b`.`listedOnDate`, `b`.`xirr`, `b`.`secondaryId`, `b`.`desiredDiscountRate from bondora`.`investment_payload a LEFT JOIN bondora`.`secondary b ON a`.`loanPartId=b`.`loanPartId WHERE a`.`id=1199 and user="mehike" order by` `a`.`signedDate`, `a`.`auctionId`
DEBUG - 2016-08-03 06:12:54 --> SELECT *
FROM `select` `a`.*, `b`.`listedOnDate`, `b`.`xirr`, `b`.`secondaryId`, `b`.`desiredDiscountRate from bondora`.`investment_payload a LEFT JOIN bondora`.`secondary b ON a`.`loanPartId=b`.`loanPartId WHERE a`.`id=1204 and user="mehike" order by` `a`.`signedDate`, `a`.`auctionId`
DEBUG - 2016-08-03 06:12:54 --> SELECT *
FROM `select` `a`.*, `b`.`listedOnDate`, `b`.`xirr`, `b`.`secondaryId`, `b`.`desiredDiscountRate from bondora`.`investment_payload a LEFT JOIN bondora`.`secondary b ON a`.`loanPartId=b`.`loanPartId WHERE a`.`id=1205 and user="mehike" order by` `a`.`signedDate`, `a`.`auctionId`
DEBUG - 2016-08-03 06:12:54 --> SELECT *
FROM `select` `a`.*, `b`.`listedOnDate`, `b`.`xirr`, `b`.`secondaryId`, `b`.`desiredDiscountRate from bondora`.`investment_payload a LEFT JOIN bondora`.`secondary b ON a`.`loanPartId=b`.`loanPartId WHERE a`.`id=1220 and user="mehike" order by` `a`.`signedDate`, `a`.`auctionId`
DEBUG - 2016-08-03 06:12:54 --> SELECT *
FROM `select` `a`.*, `b`.`listedOnDate`, `b`.`xirr`, `b`.`secondaryId`, `b`.`desiredDiscountRate from bondora`.`investment_payload a LEFT JOIN bondora`.`secondary b ON a`.`loanPartId=b`.`loanPartId WHERE a`.`id=1225 and user="mehike" order by` `a`.`signedDate`, `a`.`auctionId`
DEBUG - 2016-08-03 06:12:57 --> Total execution time: 3.0893
DEBUG - 2016-08-03 06:12:57 --> UTF-8 Support Disabled
DEBUG - 2016-08-03 06:12:57 --> Global POST, GET and COOKIE data sanitized
ERROR - 2016-08-03 06:12:57 --> 404 Page Not Found: Investments/bootstrap
DEBUG - 2016-08-03 06:13:00 --> UTF-8 Support Disabled
DEBUG - 2016-08-03 06:13:00 --> Global POST, GET and COOKIE data sanitized
DEBUG - 2016-08-03 06:13:00 --> cURL Class Initialized
DEBUG - 2016-08-03 06:13:00 --> OAuth2 class already loaded. Second attempt ignored.
DEBUG - 2016-08-03 06:13:00 --> C:\xampp\htdocs\bondora\application\libraries/MY_Table.php exists, but does not declare MY_Table
DEBUG - 2016-08-03 06:13:00 --> Session class already loaded. Second attempt ignored.
DEBUG - 2016-08-03 06:13:00 --> SELECT *
FROM `select` `a`.*, `b`.`listedOnDate`, `b`.`xirr`, `b`.`secondaryId`, `b`.`desiredDiscountRate from bondora`.`investment_payload a LEFT JOIN bondora`.`secondary b ON a`.`loanPartId=b`.`loanPartId and a`.`user=b`.`user where a`.`user="mehike" order by` `a`.`signedDate`, `a`.`auctionId`
ERROR - 2016-08-03 06:13:00 --> Severity: Notice --> Undefined offset: 33 C:\xampp\htdocs\bondora\application\views\investments\index.php 880
ERROR - 2016-08-03 06:13:00 --> Severity: Notice --> Undefined offset: 33 C:\xampp\htdocs\bondora\application\views\investments\index.php 880
ERROR - 2016-08-03 06:13:00 --> Severity: Notice --> Undefined offset: 33 C:\xampp\htdocs\bondora\application\views\investments\index.php 880
ERROR - 2016-08-03 06:13:00 --> Severity: Notice --> Undefined offset: 33 C:\xampp\htdocs\bondora\application\views\investments\index.php 880
ERROR - 2016-08-03 06:13:00 --> Severity: Notice --> Undefined offset: 31 C:\xampp\htdocs\bondora\application\views\investments\index.php 880
ERROR - 2016-08-03 06:13:00 --> Severity: Notice --> Undefined offset: 33 C:\xampp\htdocs\bondora\application\views\investments\index.php 880
ERROR - 2016-08-03 06:13:00 --> Severity: Notice --> Undefined offset: 33 C:\xampp\htdocs\bondora\application\views\investments\index.php 880
ERROR - 2016-08-03 06:13:00 --> Severity: Notice --> Undefined offset: 30 C:\xampp\htdocs\bondora\application\views\investments\index.php 880
ERROR - 2016-08-03 06:13:00 --> Severity: Notice --> Undefined offset: 32 C:\xampp\htdocs\bondora\application\views\investments\index.php 880
ERROR - 2016-08-03 06:13:00 --> Severity: Notice --> Undefined offset: 32 C:\xampp\htdocs\bondora\application\views\investments\index.php 880
ERROR - 2016-08-03 06:13:00 --> Severity: Notice --> Undefined offset: 32 C:\xampp\htdocs\bondora\application\views\investments\index.php 880
ERROR - 2016-08-03 06:13:00 --> Severity: Notice --> Undefined offset: 33 C:\xampp\htdocs\bondora\application\views\investments\index.php 880
ERROR - 2016-08-03 06:13:00 --> Severity: Notice --> Undefined offset: 33 C:\xampp\htdocs\bondora\application\views\investments\index.php 880
ERROR - 2016-08-03 06:13:00 --> Severity: Notice --> Undefined offset: 33 C:\xampp\htdocs\bondora\application\views\investments\index.php 880
ERROR - 2016-08-03 06:13:00 --> Severity: Notice --> Undefined offset: 33 C:\xampp\htdocs\bondora\application\views\investments\index.php 880
ERROR - 2016-08-03 06:13:00 --> Severity: Notice --> Undefined offset: 41 C:\xampp\htdocs\bondora\application\views\investments\index.php 880
ERROR - 2016-08-03 06:13:00 --> Severity: Notice --> Undefined offset: 30 C:\xampp\htdocs\bondora\application\views\investments\index.php 880
ERROR - 2016-08-03 06:13:00 --> Severity: Notice --> Undefined offset: 31 C:\xampp\htdocs\bondora\application\views\investments\index.php 880
ERROR - 2016-08-03 06:13:00 --> Severity: Notice --> Undefined offset: 33 C:\xampp\htdocs\bondora\application\views\investments\index.php 880
ERROR - 2016-08-03 06:13:00 --> Severity: Notice --> Undefined offset: 33 C:\xampp\htdocs\bondora\application\views\investments\index.php 880
ERROR - 2016-08-03 06:13:00 --> Severity: Notice --> Undefined offset: 32 C:\xampp\htdocs\bondora\application\views\investments\index.php 880
DEBUG - 2016-08-03 06:13:00 --> Total execution time: 0.0830
DEBUG - 2016-08-03 06:13:00 --> UTF-8 Support Disabled
DEBUG - 2016-08-03 06:13:00 --> Global POST, GET and COOKIE data sanitized
ERROR - 2016-08-03 06:13:00 --> 404 Page Not Found: Investments/bootstrap
DEBUG - 2016-08-03 06:13:02 --> UTF-8 Support Disabled
DEBUG - 2016-08-03 06:13:02 --> Global POST, GET and COOKIE data sanitized
DEBUG - 2016-08-03 06:13:02 --> cURL Class Initialized
DEBUG - 2016-08-03 06:13:02 --> OAuth2 class already loaded. Second attempt ignored.
DEBUG - 2016-08-03 06:13:02 --> C:\xampp\htdocs\bondora\application\libraries/MY_Table.php exists, but does not declare MY_Table
DEBUG - 2016-08-03 06:13:02 --> Session class already loaded. Second attempt ignored.
DEBUG - 2016-08-03 06:13:03 --> SELECT *
FROM `select` `a`.*, `b`.`listedOnDate`, `b`.`xirr`, `b`.`secondaryId`, `b`.`desiredDiscountRate from bondora`.`investment_payload a LEFT JOIN bondora`.`secondary b ON a`.`loanPartId=b`.`loanPartId and a`.`user=b`.`user where a`.`user="mehike" order by` `a`.`signedDate`, `a`.`auctionId`
ERROR - 2016-08-03 06:13:03 --> Severity: Notice --> Undefined offset: 33 C:\xampp\htdocs\bondora\application\views\investments\index.php 880
ERROR - 2016-08-03 06:13:03 --> Severity: Notice --> Undefined offset: 33 C:\xampp\htdocs\bondora\application\views\investments\index.php 880
ERROR - 2016-08-03 06:13:03 --> Severity: Notice --> Undefined offset: 33 C:\xampp\htdocs\bondora\application\views\investments\index.php 880
ERROR - 2016-08-03 06:13:03 --> Severity: Notice --> Undefined offset: 33 C:\xampp\htdocs\bondora\application\views\investments\index.php 880
ERROR - 2016-08-03 06:13:03 --> Severity: Notice --> Undefined offset: 31 C:\xampp\htdocs\bondora\application\views\investments\index.php 880
ERROR - 2016-08-03 06:13:03 --> Severity: Notice --> Undefined offset: 33 C:\xampp\htdocs\bondora\application\views\investments\index.php 880
ERROR - 2016-08-03 06:13:03 --> Severity: Notice --> Undefined offset: 33 C:\xampp\htdocs\bondora\application\views\investments\index.php 880
ERROR - 2016-08-03 06:13:03 --> Severity: Notice --> Undefined offset: 32 C:\xampp\htdocs\bondora\application\views\investments\index.php 880
ERROR - 2016-08-03 06:13:03 --> Severity: Notice --> Undefined offset: 32 C:\xampp\htdocs\bondora\application\views\investments\index.php 880
ERROR - 2016-08-03 06:13:03 --> Severity: Notice --> Undefined offset: 32 C:\xampp\htdocs\bondora\application\views\investments\index.php 880
ERROR - 2016-08-03 06:13:03 --> Severity: Notice --> Undefined offset: 33 C:\xampp\htdocs\bondora\application\views\investments\index.php 880
ERROR - 2016-08-03 06:13:03 --> Severity: Notice --> Undefined offset: 33 C:\xampp\htdocs\bondora\application\views\investments\index.php 880
ERROR - 2016-08-03 06:13:03 --> Severity: Notice --> Undefined offset: 33 C:\xampp\htdocs\bondora\application\views\investments\index.php 880
ERROR - 2016-08-03 06:13:03 --> Severity: Notice --> Undefined offset: 33 C:\xampp\htdocs\bondora\application\views\investments\index.php 880
ERROR - 2016-08-03 06:13:03 --> Severity: Notice --> Undefined offset: 41 C:\xampp\htdocs\bondora\application\views\investments\index.php 880
ERROR - 2016-08-03 06:13:03 --> Severity: Notice --> Undefined offset: 31 C:\xampp\htdocs\bondora\application\views\investments\index.php 880
ERROR - 2016-08-03 06:13:03 --> Severity: Notice --> Undefined offset: 33 C:\xampp\htdocs\bondora\application\views\investments\index.php 880
ERROR - 2016-08-03 06:13:03 --> Severity: Notice --> Undefined offset: 33 C:\xampp\htdocs\bondora\application\views\investments\index.php 880
ERROR - 2016-08-03 06:13:03 --> Severity: Notice --> Undefined offset: 32 C:\xampp\htdocs\bondora\application\views\investments\index.php 880
DEBUG - 2016-08-03 06:13:03 --> Total execution time: 1.4481
DEBUG - 2016-08-03 06:13:03 --> UTF-8 Support Disabled
DEBUG - 2016-08-03 06:13:03 --> Global POST, GET and COOKIE data sanitized
ERROR - 2016-08-03 06:13:03 --> 404 Page Not Found: Investments/bootstrap
