DEBUG - 2016-08-18 05:59:08 --> UTF-8 Support Disabled
DEBUG - 2016-08-18 05:59:08 --> Global POST, GET and COOKIE data sanitized
DEBUG - 2016-08-18 05:59:08 --> cURL Class Initialized
DEBUG - 2016-08-18 05:59:08 --> OAuth2 class already loaded. Second attempt ignored.
DEBUG - 2016-08-18 05:59:08 --> C:\xampp\htdocs\bondora\application\libraries/MY_Table.php exists, but does not declare MY_Table
DEBUG - 2016-08-18 05:59:08 --> Session class already loaded. Second attempt ignored.
DEBUG - 2016-08-18 05:59:08 --> UTF-8 Support Disabled
DEBUG - 2016-08-18 05:59:08 --> Global POST, GET and COOKIE data sanitized
DEBUG - 2016-08-18 05:59:08 --> cURL Class Initialized
DEBUG - 2016-08-18 05:59:08 --> OAuth2 class already loaded. Second attempt ignored.
DEBUG - 2016-08-18 05:59:08 --> Session class already loaded. Second attempt ignored.
DEBUG - 2016-08-18 05:59:08 --> Total execution time: 0.0600
DEBUG - 2016-08-18 05:59:10 --> UTF-8 Support Disabled
DEBUG - 2016-08-18 05:59:10 --> Global POST, GET and COOKIE data sanitized
DEBUG - 2016-08-18 05:59:10 --> cURL Class Initialized
DEBUG - 2016-08-18 05:59:10 --> OAuth2 class already loaded. Second attempt ignored.
DEBUG - 2016-08-18 05:59:10 --> Session class already loaded. Second attempt ignored.
DEBUG - 2016-08-18 05:59:11 --> UTF-8 Support Disabled
DEBUG - 2016-08-18 05:59:11 --> Global POST, GET and COOKIE data sanitized
DEBUG - 2016-08-18 05:59:11 --> cURL Class Initialized
DEBUG - 2016-08-18 05:59:11 --> OAuth2 class already loaded. Second attempt ignored.
DEBUG - 2016-08-18 05:59:11 --> C:\xampp\htdocs\bondora\application\libraries/MY_Table.php exists, but does not declare MY_Table
DEBUG - 2016-08-18 05:59:11 --> Session class already loaded. Second attempt ignored.
DEBUG - 2016-08-18 05:59:11 --> SELECT *
FROM `select` `a`.*, `b`.`statusCode from auction_payload a LEFT JOIN bid_payload b ON a`.`auctionId=b`.`auctionId and a`.`user=b`.`userName where` `user="mehike"`
DEBUG - 2016-08-18 05:59:11 --> Total execution time: 0.1320
DEBUG - 2016-08-18 05:59:11 --> UTF-8 Support Disabled
DEBUG - 2016-08-18 05:59:11 --> Global POST, GET and COOKIE data sanitized
ERROR - 2016-08-18 05:59:11 --> 404 Page Not Found: Auctions/bootstrap
DEBUG - 2016-08-18 05:59:15 --> UTF-8 Support Disabled
DEBUG - 2016-08-18 05:59:15 --> Global POST, GET and COOKIE data sanitized
DEBUG - 2016-08-18 05:59:16 --> cURL Class Initialized
DEBUG - 2016-08-18 05:59:16 --> OAuth2 class already loaded. Second attempt ignored.
DEBUG - 2016-08-18 05:59:16 --> C:\xampp\htdocs\bondora\application\libraries/MY_Table.php exists, but does not declare MY_Table
DEBUG - 2016-08-18 05:59:16 --> Session class already loaded. Second attempt ignored.
DEBUG - 2016-08-18 05:59:16 --> SELECT *
FROM `select` `a`.*, `b`.`listedOnDate`, `b`.`xirr`, `b`.`secondaryId`, `b`.`desiredDiscountRate from bondora`.`investment_payload a LEFT JOIN bondora`.`secondary b ON a`.`loanPartId=b`.`loanPartId and a`.`user=b`.`user where a`.`user="mehike" order by` `a`.`signedDate`, `a`.`auctionId`
ERROR - 2016-08-18 05:59:16 --> Severity: Notice --> Undefined offset: 33 C:\xampp\htdocs\bondora\application\views\investments\index.php 880
ERROR - 2016-08-18 05:59:16 --> Severity: Notice --> Undefined offset: 33 C:\xampp\htdocs\bondora\application\views\investments\index.php 880
ERROR - 2016-08-18 05:59:16 --> Severity: Notice --> Undefined offset: 33 C:\xampp\htdocs\bondora\application\views\investments\index.php 880
ERROR - 2016-08-18 05:59:16 --> Severity: Notice --> Undefined offset: 31 C:\xampp\htdocs\bondora\application\views\investments\index.php 880
ERROR - 2016-08-18 05:59:16 --> Severity: Notice --> Undefined offset: 33 C:\xampp\htdocs\bondora\application\views\investments\index.php 880
ERROR - 2016-08-18 05:59:16 --> Severity: Notice --> Undefined offset: 33 C:\xampp\htdocs\bondora\application\views\investments\index.php 880
ERROR - 2016-08-18 05:59:16 --> Severity: Notice --> Undefined offset: 30 C:\xampp\htdocs\bondora\application\views\investments\index.php 880
ERROR - 2016-08-18 05:59:16 --> Severity: Notice --> Undefined offset: 33 C:\xampp\htdocs\bondora\application\views\investments\index.php 880
ERROR - 2016-08-18 05:59:16 --> Severity: Notice --> Undefined offset: 33 C:\xampp\htdocs\bondora\application\views\investments\index.php 880
ERROR - 2016-08-18 05:59:16 --> Severity: Notice --> Undefined offset: 32 C:\xampp\htdocs\bondora\application\views\investments\index.php 880
ERROR - 2016-08-18 05:59:16 --> Severity: Notice --> Undefined offset: 33 C:\xampp\htdocs\bondora\application\views\investments\index.php 880
ERROR - 2016-08-18 05:59:16 --> Severity: Notice --> Undefined offset: 33 C:\xampp\htdocs\bondora\application\views\investments\index.php 880
ERROR - 2016-08-18 05:59:16 --> Severity: Notice --> Undefined offset: 33 C:\xampp\htdocs\bondora\application\views\investments\index.php 880
ERROR - 2016-08-18 05:59:16 --> Severity: Notice --> Undefined offset: 41 C:\xampp\htdocs\bondora\application\views\investments\index.php 880
ERROR - 2016-08-18 05:59:16 --> Severity: Notice --> Undefined offset: 30 C:\xampp\htdocs\bondora\application\views\investments\index.php 880
ERROR - 2016-08-18 05:59:16 --> Severity: Notice --> Undefined offset: 31 C:\xampp\htdocs\bondora\application\views\investments\index.php 880
ERROR - 2016-08-18 05:59:16 --> Severity: Notice --> Undefined offset: 33 C:\xampp\htdocs\bondora\application\views\investments\index.php 880
ERROR - 2016-08-18 05:59:16 --> Severity: Notice --> Undefined offset: 33 C:\xampp\htdocs\bondora\application\views\investments\index.php 880
ERROR - 2016-08-18 05:59:16 --> Severity: Notice --> Undefined offset: 33 C:\xampp\htdocs\bondora\application\views\investments\index.php 880
DEBUG - 2016-08-18 05:59:16 --> Total execution time: 0.2580
DEBUG - 2016-08-18 05:59:16 --> UTF-8 Support Disabled
DEBUG - 2016-08-18 05:59:16 --> Global POST, GET and COOKIE data sanitized
ERROR - 2016-08-18 05:59:16 --> 404 Page Not Found: Investments/bootstrap
DEBUG - 2016-08-18 05:59:17 --> UTF-8 Support Disabled
DEBUG - 2016-08-18 05:59:17 --> Global POST, GET and COOKIE data sanitized
DEBUG - 2016-08-18 05:59:17 --> cURL Class Initialized
DEBUG - 2016-08-18 05:59:17 --> OAuth2 class already loaded. Second attempt ignored.
DEBUG - 2016-08-18 05:59:17 --> C:\xampp\htdocs\bondora\application\libraries/MY_Table.php exists, but does not declare MY_Table
DEBUG - 2016-08-18 05:59:17 --> Session class already loaded. Second attempt ignored.
DEBUG - 2016-08-18 05:59:19 --> UTF-8 Support Disabled
DEBUG - 2016-08-18 05:59:19 --> Global POST, GET and COOKIE data sanitized
DEBUG - 2016-08-18 05:59:19 --> cURL Class Initialized
DEBUG - 2016-08-18 05:59:19 --> OAuth2 class already loaded. Second attempt ignored.
DEBUG - 2016-08-18 05:59:25 --> UTF-8 Support Disabled
DEBUG - 2016-08-18 05:59:25 --> Global POST, GET and COOKIE data sanitized
DEBUG - 2016-08-18 05:59:25 --> cURL Class Initialized
DEBUG - 2016-08-18 05:59:25 --> OAuth2 class already loaded. Second attempt ignored.
DEBUG - 2016-08-18 05:59:28 --> UTF-8 Support Disabled
DEBUG - 2016-08-18 05:59:28 --> Global POST, GET and COOKIE data sanitized
DEBUG - 2016-08-18 05:59:28 --> cURL Class Initialized
DEBUG - 2016-08-18 05:59:28 --> OAuth2 class already loaded. Second attempt ignored.
DEBUG - 2016-08-18 05:59:28 --> C:\xampp\htdocs\bondora\application\libraries/MY_Table.php exists, but does not declare MY_Table
DEBUG - 2016-08-18 05:59:28 --> Session class already loaded. Second attempt ignored.
DEBUG - 2016-08-18 05:59:28 --> SELECT *
FROM `select` `a`.*, `b`.`listedOnDate`, `b`.`xirr`, `b`.`secondaryId`, `b`.`desiredDiscountRate from bondora`.`investment_payload a LEFT JOIN bondora`.`secondary b ON a`.`loanPartId=b`.`loanPartId and a`.`user=b`.`user where a`.`user="mehike" order by` `a`.`signedDate`, `a`.`auctionId`
ERROR - 2016-08-18 05:59:28 --> Severity: Notice --> Undefined offset: 33 C:\xampp\htdocs\bondora\application\views\investments\index.php 880
ERROR - 2016-08-18 05:59:28 --> Severity: Notice --> Undefined offset: 33 C:\xampp\htdocs\bondora\application\views\investments\index.php 880
ERROR - 2016-08-18 05:59:28 --> Severity: Notice --> Undefined offset: 33 C:\xampp\htdocs\bondora\application\views\investments\index.php 880
ERROR - 2016-08-18 05:59:28 --> Severity: Notice --> Undefined offset: 31 C:\xampp\htdocs\bondora\application\views\investments\index.php 880
ERROR - 2016-08-18 05:59:28 --> Severity: Notice --> Undefined offset: 33 C:\xampp\htdocs\bondora\application\views\investments\index.php 880
ERROR - 2016-08-18 05:59:28 --> Severity: Notice --> Undefined offset: 33 C:\xampp\htdocs\bondora\application\views\investments\index.php 880
ERROR - 2016-08-18 05:59:28 --> Severity: Notice --> Undefined offset: 30 C:\xampp\htdocs\bondora\application\views\investments\index.php 880
ERROR - 2016-08-18 05:59:28 --> Severity: Notice --> Undefined offset: 33 C:\xampp\htdocs\bondora\application\views\investments\index.php 880
ERROR - 2016-08-18 05:59:28 --> Severity: Notice --> Undefined offset: 33 C:\xampp\htdocs\bondora\application\views\investments\index.php 880
ERROR - 2016-08-18 05:59:28 --> Severity: Notice --> Undefined offset: 32 C:\xampp\htdocs\bondora\application\views\investments\index.php 880
ERROR - 2016-08-18 05:59:28 --> Severity: Notice --> Undefined offset: 33 C:\xampp\htdocs\bondora\application\views\investments\index.php 880
ERROR - 2016-08-18 05:59:28 --> Severity: Notice --> Undefined offset: 33 C:\xampp\htdocs\bondora\application\views\investments\index.php 880
ERROR - 2016-08-18 05:59:28 --> Severity: Notice --> Undefined offset: 33 C:\xampp\htdocs\bondora\application\views\investments\index.php 880
ERROR - 2016-08-18 05:59:28 --> Severity: Notice --> Undefined offset: 41 C:\xampp\htdocs\bondora\application\views\investments\index.php 880
ERROR - 2016-08-18 05:59:28 --> Severity: Notice --> Undefined offset: 30 C:\xampp\htdocs\bondora\application\views\investments\index.php 880
ERROR - 2016-08-18 05:59:28 --> Severity: Notice --> Undefined offset: 31 C:\xampp\htdocs\bondora\application\views\investments\index.php 880
ERROR - 2016-08-18 05:59:28 --> Severity: Notice --> Undefined offset: 33 C:\xampp\htdocs\bondora\application\views\investments\index.php 880
ERROR - 2016-08-18 05:59:28 --> Severity: Notice --> Undefined offset: 33 C:\xampp\htdocs\bondora\application\views\investments\index.php 880
ERROR - 2016-08-18 05:59:28 --> Severity: Notice --> Undefined offset: 33 C:\xampp\htdocs\bondora\application\views\investments\index.php 880
DEBUG - 2016-08-18 05:59:28 --> Total execution time: 0.5010
DEBUG - 2016-08-18 05:59:28 --> UTF-8 Support Disabled
DEBUG - 2016-08-18 05:59:28 --> Global POST, GET and COOKIE data sanitized
ERROR - 2016-08-18 05:59:28 --> 404 Page Not Found: Investments/bootstrap
DEBUG - 2016-08-18 05:59:35 --> UTF-8 Support Disabled
DEBUG - 2016-08-18 05:59:35 --> Global POST, GET and COOKIE data sanitized
DEBUG - 2016-08-18 05:59:35 --> cURL Class Initialized
DEBUG - 2016-08-18 05:59:35 --> OAuth2 class already loaded. Second attempt ignored.
DEBUG - 2016-08-18 05:59:35 --> C:\xampp\htdocs\bondora\application\libraries/MY_Table.php exists, but does not declare MY_Table
DEBUG - 2016-08-18 05:59:35 --> Session class already loaded. Second attempt ignored.
DEBUG - 2016-08-18 05:59:38 --> SELECT *
FROM `select` `a`.*, `b`.`listedOnDate`, `b`.`xirr`, `b`.`secondaryId`, `b`.`desiredDiscountRate from bondora`.`investment_payload a LEFT JOIN bondora`.`secondary b ON a`.`loanPartId=b`.`loanPartId and a`.`user=b`.`user where a`.`user="mehike" order by` `a`.`signedDate`, `a`.`auctionId`
ERROR - 2016-08-18 05:59:38 --> Severity: Notice --> Undefined offset: 33 C:\xampp\htdocs\bondora\application\views\investments\index.php 880
ERROR - 2016-08-18 05:59:38 --> Severity: Notice --> Undefined offset: 33 C:\xampp\htdocs\bondora\application\views\investments\index.php 880
ERROR - 2016-08-18 05:59:38 --> Severity: Notice --> Undefined offset: 33 C:\xampp\htdocs\bondora\application\views\investments\index.php 880
ERROR - 2016-08-18 05:59:38 --> Severity: Notice --> Undefined offset: 31 C:\xampp\htdocs\bondora\application\views\investments\index.php 880
ERROR - 2016-08-18 05:59:38 --> Severity: Notice --> Undefined offset: 33 C:\xampp\htdocs\bondora\application\views\investments\index.php 880
ERROR - 2016-08-18 05:59:38 --> Severity: Notice --> Undefined offset: 33 C:\xampp\htdocs\bondora\application\views\investments\index.php 880
ERROR - 2016-08-18 05:59:38 --> Severity: Notice --> Undefined offset: 33 C:\xampp\htdocs\bondora\application\views\investments\index.php 880
ERROR - 2016-08-18 05:59:38 --> Severity: Notice --> Undefined offset: 33 C:\xampp\htdocs\bondora\application\views\investments\index.php 880
ERROR - 2016-08-18 05:59:38 --> Severity: Notice --> Undefined offset: 32 C:\xampp\htdocs\bondora\application\views\investments\index.php 880
ERROR - 2016-08-18 05:59:38 --> Severity: Notice --> Undefined offset: 33 C:\xampp\htdocs\bondora\application\views\investments\index.php 880
ERROR - 2016-08-18 05:59:38 --> Severity: Notice --> Undefined offset: 33 C:\xampp\htdocs\bondora\application\views\investments\index.php 880
ERROR - 2016-08-18 05:59:38 --> Severity: Notice --> Undefined offset: 33 C:\xampp\htdocs\bondora\application\views\investments\index.php 880
ERROR - 2016-08-18 05:59:38 --> Severity: Notice --> Undefined offset: 41 C:\xampp\htdocs\bondora\application\views\investments\index.php 880
ERROR - 2016-08-18 05:59:38 --> Severity: Notice --> Undefined offset: 31 C:\xampp\htdocs\bondora\application\views\investments\index.php 880
ERROR - 2016-08-18 05:59:38 --> Severity: Notice --> Undefined offset: 33 C:\xampp\htdocs\bondora\application\views\investments\index.php 880
ERROR - 2016-08-18 05:59:38 --> Severity: Notice --> Undefined offset: 33 C:\xampp\htdocs\bondora\application\views\investments\index.php 880
ERROR - 2016-08-18 05:59:38 --> Severity: Notice --> Undefined offset: 33 C:\xampp\htdocs\bondora\application\views\investments\index.php 880
DEBUG - 2016-08-18 05:59:38 --> Total execution time: 2.8890
DEBUG - 2016-08-18 05:59:38 --> UTF-8 Support Disabled
DEBUG - 2016-08-18 05:59:38 --> Global POST, GET and COOKIE data sanitized
ERROR - 2016-08-18 05:59:38 --> 404 Page Not Found: Investments/bootstrap
DEBUG - 2016-08-18 05:59:41 --> UTF-8 Support Disabled
DEBUG - 2016-08-18 05:59:41 --> Global POST, GET and COOKIE data sanitized
DEBUG - 2016-08-18 05:59:41 --> cURL Class Initialized
DEBUG - 2016-08-18 05:59:41 --> OAuth2 class already loaded. Second attempt ignored.
DEBUG - 2016-08-18 05:59:41 --> C:\xampp\htdocs\bondora\application\libraries/MY_Table.php exists, but does not declare MY_Table
DEBUG - 2016-08-18 05:59:41 --> Session class already loaded. Second attempt ignored.
DEBUG - 2016-08-18 05:59:42 --> Total execution time: 0.8170
DEBUG - 2016-08-18 05:59:42 --> UTF-8 Support Disabled
DEBUG - 2016-08-18 05:59:42 --> Global POST, GET and COOKIE data sanitized
DEBUG - 2016-08-18 05:59:42 --> cURL Class Initialized
DEBUG - 2016-08-18 05:59:42 --> OAuth2 class already loaded. Second attempt ignored.
DEBUG - 2016-08-18 05:59:42 --> C:\xampp\htdocs\bondora\application\libraries/MY_Table.php exists, but does not declare MY_Table
DEBUG - 2016-08-18 05:59:42 --> Session class already loaded. Second attempt ignored.
DEBUG - 2016-08-18 05:59:42 --> Total execution time: 0.4180
DEBUG - 2016-08-18 05:59:47 --> UTF-8 Support Disabled
DEBUG - 2016-08-18 05:59:47 --> Global POST, GET and COOKIE data sanitized
DEBUG - 2016-08-18 05:59:47 --> cURL Class Initialized
DEBUG - 2016-08-18 05:59:47 --> OAuth2 class already loaded. Second attempt ignored.
DEBUG - 2016-08-18 05:59:47 --> C:\xampp\htdocs\bondora\application\libraries/MY_Table.php exists, but does not declare MY_Table
DEBUG - 2016-08-18 05:59:47 --> Session class already loaded. Second attempt ignored.
DEBUG - 2016-08-18 05:59:48 --> Total execution time: 0.9300
DEBUG - 2016-08-18 05:59:48 --> UTF-8 Support Disabled
DEBUG - 2016-08-18 05:59:48 --> Global POST, GET and COOKIE data sanitized
DEBUG - 2016-08-18 05:59:48 --> cURL Class Initialized
DEBUG - 2016-08-18 05:59:48 --> OAuth2 class already loaded. Second attempt ignored.
DEBUG - 2016-08-18 05:59:48 --> C:\xampp\htdocs\bondora\application\libraries/MY_Table.php exists, but does not declare MY_Table
DEBUG - 2016-08-18 05:59:48 --> Session class already loaded. Second attempt ignored.
DEBUG - 2016-08-18 05:59:49 --> Total execution time: 0.3920
DEBUG - 2016-08-18 05:59:51 --> UTF-8 Support Disabled
DEBUG - 2016-08-18 05:59:51 --> Global POST, GET and COOKIE data sanitized
DEBUG - 2016-08-18 05:59:52 --> cURL Class Initialized
DEBUG - 2016-08-18 05:59:52 --> OAuth2 class already loaded. Second attempt ignored.
DEBUG - 2016-08-18 05:59:52 --> C:\xampp\htdocs\bondora\application\libraries/MY_Table.php exists, but does not declare MY_Table
DEBUG - 2016-08-18 05:59:52 --> Session class already loaded. Second attempt ignored.
DEBUG - 2016-08-18 05:59:52 --> Total execution time: 0.8230
DEBUG - 2016-08-18 05:59:52 --> UTF-8 Support Disabled
DEBUG - 2016-08-18 05:59:52 --> Global POST, GET and COOKIE data sanitized
DEBUG - 2016-08-18 05:59:52 --> cURL Class Initialized
DEBUG - 2016-08-18 05:59:52 --> OAuth2 class already loaded. Second attempt ignored.
DEBUG - 2016-08-18 05:59:52 --> C:\xampp\htdocs\bondora\application\libraries/MY_Table.php exists, but does not declare MY_Table
DEBUG - 2016-08-18 05:59:52 --> Session class already loaded. Second attempt ignored.
DEBUG - 2016-08-18 05:59:53 --> Total execution time: 0.3250
DEBUG - 2016-08-18 05:59:57 --> UTF-8 Support Disabled
DEBUG - 2016-08-18 05:59:57 --> Global POST, GET and COOKIE data sanitized
DEBUG - 2016-08-18 05:59:57 --> cURL Class Initialized
DEBUG - 2016-08-18 05:59:57 --> OAuth2 class already loaded. Second attempt ignored.
DEBUG - 2016-08-18 05:59:57 --> C:\xampp\htdocs\bondora\application\libraries/MY_Table.php exists, but does not declare MY_Table
DEBUG - 2016-08-18 05:59:57 --> Session class already loaded. Second attempt ignored.
DEBUG - 2016-08-18 05:59:58 --> Total execution time: 0.6260
DEBUG - 2016-08-18 05:59:58 --> UTF-8 Support Disabled
DEBUG - 2016-08-18 05:59:58 --> Global POST, GET and COOKIE data sanitized
DEBUG - 2016-08-18 05:59:58 --> cURL Class Initialized
DEBUG - 2016-08-18 05:59:58 --> OAuth2 class already loaded. Second attempt ignored.
DEBUG - 2016-08-18 05:59:58 --> C:\xampp\htdocs\bondora\application\libraries/MY_Table.php exists, but does not declare MY_Table
DEBUG - 2016-08-18 05:59:58 --> Session class already loaded. Second attempt ignored.
DEBUG - 2016-08-18 05:59:58 --> Total execution time: 0.3960
DEBUG - 2016-08-18 06:00:00 --> UTF-8 Support Disabled
DEBUG - 2016-08-18 06:00:00 --> Global POST, GET and COOKIE data sanitized
DEBUG - 2016-08-18 06:00:00 --> cURL Class Initialized
DEBUG - 2016-08-18 06:00:00 --> OAuth2 class already loaded. Second attempt ignored.
DEBUG - 2016-08-18 06:00:00 --> C:\xampp\htdocs\bondora\application\libraries/MY_Table.php exists, but does not declare MY_Table
DEBUG - 2016-08-18 06:00:00 --> Session class already loaded. Second attempt ignored.
DEBUG - 2016-08-18 06:00:01 --> Total execution time: 0.8340
DEBUG - 2016-08-18 06:00:01 --> UTF-8 Support Disabled
DEBUG - 2016-08-18 06:00:01 --> Global POST, GET and COOKIE data sanitized
DEBUG - 2016-08-18 06:00:01 --> cURL Class Initialized
DEBUG - 2016-08-18 06:00:01 --> OAuth2 class already loaded. Second attempt ignored.
DEBUG - 2016-08-18 06:00:01 --> C:\xampp\htdocs\bondora\application\libraries/MY_Table.php exists, but does not declare MY_Table
DEBUG - 2016-08-18 06:00:01 --> Session class already loaded. Second attempt ignored.
DEBUG - 2016-08-18 06:00:02 --> Total execution time: 0.4000
DEBUG - 2016-08-18 06:00:04 --> UTF-8 Support Disabled
DEBUG - 2016-08-18 06:00:04 --> Global POST, GET and COOKIE data sanitized
DEBUG - 2016-08-18 06:00:04 --> cURL Class Initialized
DEBUG - 2016-08-18 06:00:04 --> OAuth2 class already loaded. Second attempt ignored.
DEBUG - 2016-08-18 06:00:04 --> C:\xampp\htdocs\bondora\application\libraries/MY_Table.php exists, but does not declare MY_Table
DEBUG - 2016-08-18 06:00:04 --> Session class already loaded. Second attempt ignored.
DEBUG - 2016-08-18 06:00:05 --> Total execution time: 0.5490
DEBUG - 2016-08-18 06:00:05 --> UTF-8 Support Disabled
DEBUG - 2016-08-18 06:00:05 --> Global POST, GET and COOKIE data sanitized
DEBUG - 2016-08-18 06:00:05 --> cURL Class Initialized
DEBUG - 2016-08-18 06:00:05 --> OAuth2 class already loaded. Second attempt ignored.
DEBUG - 2016-08-18 06:00:05 --> C:\xampp\htdocs\bondora\application\libraries/MY_Table.php exists, but does not declare MY_Table
DEBUG - 2016-08-18 06:00:05 --> Session class already loaded. Second attempt ignored.
DEBUG - 2016-08-18 06:00:05 --> Total execution time: 0.3330
DEBUG - 2016-08-18 06:00:07 --> UTF-8 Support Disabled
DEBUG - 2016-08-18 06:00:07 --> Global POST, GET and COOKIE data sanitized
DEBUG - 2016-08-18 06:00:07 --> cURL Class Initialized
DEBUG - 2016-08-18 06:00:07 --> OAuth2 class already loaded. Second attempt ignored.
DEBUG - 2016-08-18 06:00:07 --> C:\xampp\htdocs\bondora\application\libraries/MY_Table.php exists, but does not declare MY_Table
DEBUG - 2016-08-18 06:00:07 --> Session class already loaded. Second attempt ignored.
DEBUG - 2016-08-18 06:00:08 --> Total execution time: 0.8860
DEBUG - 2016-08-18 06:00:08 --> UTF-8 Support Disabled
DEBUG - 2016-08-18 06:00:08 --> Global POST, GET and COOKIE data sanitized
DEBUG - 2016-08-18 06:00:08 --> cURL Class Initialized
DEBUG - 2016-08-18 06:00:08 --> OAuth2 class already loaded. Second attempt ignored.
DEBUG - 2016-08-18 06:00:08 --> C:\xampp\htdocs\bondora\application\libraries/MY_Table.php exists, but does not declare MY_Table
DEBUG - 2016-08-18 06:00:08 --> Session class already loaded. Second attempt ignored.
DEBUG - 2016-08-18 06:00:09 --> Total execution time: 0.3840
DEBUG - 2016-08-18 06:00:12 --> UTF-8 Support Disabled
DEBUG - 2016-08-18 06:00:12 --> Global POST, GET and COOKIE data sanitized
DEBUG - 2016-08-18 06:00:12 --> cURL Class Initialized
DEBUG - 2016-08-18 06:00:12 --> OAuth2 class already loaded. Second attempt ignored.
DEBUG - 2016-08-18 06:00:12 --> C:\xampp\htdocs\bondora\application\libraries/MY_Table.php exists, but does not declare MY_Table
DEBUG - 2016-08-18 06:00:12 --> Session class already loaded. Second attempt ignored.
DEBUG - 2016-08-18 06:00:12 --> Total execution time: 0.7840
DEBUG - 2016-08-18 06:00:13 --> UTF-8 Support Disabled
DEBUG - 2016-08-18 06:00:13 --> Global POST, GET and COOKIE data sanitized
DEBUG - 2016-08-18 06:00:13 --> cURL Class Initialized
DEBUG - 2016-08-18 06:00:13 --> OAuth2 class already loaded. Second attempt ignored.
DEBUG - 2016-08-18 06:00:13 --> C:\xampp\htdocs\bondora\application\libraries/MY_Table.php exists, but does not declare MY_Table
DEBUG - 2016-08-18 06:00:13 --> Session class already loaded. Second attempt ignored.
DEBUG - 2016-08-18 06:00:13 --> Total execution time: 0.4000
DEBUG - 2016-08-18 06:00:16 --> UTF-8 Support Disabled
DEBUG - 2016-08-18 06:00:16 --> Global POST, GET and COOKIE data sanitized
DEBUG - 2016-08-18 06:00:16 --> cURL Class Initialized
DEBUG - 2016-08-18 06:00:16 --> OAuth2 class already loaded. Second attempt ignored.
DEBUG - 2016-08-18 06:00:16 --> C:\xampp\htdocs\bondora\application\libraries/MY_Table.php exists, but does not declare MY_Table
DEBUG - 2016-08-18 06:00:16 --> Session class already loaded. Second attempt ignored.
DEBUG - 2016-08-18 06:00:16 --> Total execution time: 0.6100
DEBUG - 2016-08-18 06:00:16 --> UTF-8 Support Disabled
DEBUG - 2016-08-18 06:00:16 --> Global POST, GET and COOKIE data sanitized
DEBUG - 2016-08-18 06:00:16 --> cURL Class Initialized
DEBUG - 2016-08-18 06:00:16 --> OAuth2 class already loaded. Second attempt ignored.
DEBUG - 2016-08-18 06:00:16 --> C:\xampp\htdocs\bondora\application\libraries/MY_Table.php exists, but does not declare MY_Table
DEBUG - 2016-08-18 06:00:16 --> Session class already loaded. Second attempt ignored.
DEBUG - 2016-08-18 06:00:17 --> Total execution time: 0.2970
DEBUG - 2016-08-18 06:00:20 --> UTF-8 Support Disabled
DEBUG - 2016-08-18 06:00:20 --> Global POST, GET and COOKIE data sanitized
DEBUG - 2016-08-18 06:00:20 --> cURL Class Initialized
DEBUG - 2016-08-18 06:00:20 --> OAuth2 class already loaded. Second attempt ignored.
DEBUG - 2016-08-18 06:00:20 --> C:\xampp\htdocs\bondora\application\libraries/MY_Table.php exists, but does not declare MY_Table
DEBUG - 2016-08-18 06:00:20 --> Session class already loaded. Second attempt ignored.
DEBUG - 2016-08-18 06:00:21 --> Total execution time: 0.9690
DEBUG - 2016-08-18 06:00:21 --> UTF-8 Support Disabled
DEBUG - 2016-08-18 06:00:21 --> Global POST, GET and COOKIE data sanitized
DEBUG - 2016-08-18 06:00:21 --> cURL Class Initialized
DEBUG - 2016-08-18 06:00:21 --> OAuth2 class already loaded. Second attempt ignored.
DEBUG - 2016-08-18 06:00:21 --> C:\xampp\htdocs\bondora\application\libraries/MY_Table.php exists, but does not declare MY_Table
DEBUG - 2016-08-18 06:00:21 --> Session class already loaded. Second attempt ignored.
DEBUG - 2016-08-18 06:00:21 --> Total execution time: 0.3980
DEBUG - 2016-08-18 06:00:24 --> UTF-8 Support Disabled
DEBUG - 2016-08-18 06:00:24 --> Global POST, GET and COOKIE data sanitized
DEBUG - 2016-08-18 06:00:24 --> cURL Class Initialized
DEBUG - 2016-08-18 06:00:24 --> OAuth2 class already loaded. Second attempt ignored.
DEBUG - 2016-08-18 06:00:24 --> C:\xampp\htdocs\bondora\application\libraries/MY_Table.php exists, but does not declare MY_Table
DEBUG - 2016-08-18 06:00:24 --> Session class already loaded. Second attempt ignored.
DEBUG - 2016-08-18 06:00:24 --> Total execution time: 0.6850
DEBUG - 2016-08-18 06:00:24 --> UTF-8 Support Disabled
DEBUG - 2016-08-18 06:00:25 --> Global POST, GET and COOKIE data sanitized
DEBUG - 2016-08-18 06:00:25 --> cURL Class Initialized
DEBUG - 2016-08-18 06:00:25 --> OAuth2 class already loaded. Second attempt ignored.
DEBUG - 2016-08-18 06:00:25 --> C:\xampp\htdocs\bondora\application\libraries/MY_Table.php exists, but does not declare MY_Table
DEBUG - 2016-08-18 06:00:25 --> Session class already loaded. Second attempt ignored.
DEBUG - 2016-08-18 06:00:25 --> Total execution time: 0.3150
DEBUG - 2016-08-18 06:00:27 --> UTF-8 Support Disabled
DEBUG - 2016-08-18 06:00:27 --> Global POST, GET and COOKIE data sanitized
DEBUG - 2016-08-18 06:00:27 --> cURL Class Initialized
DEBUG - 2016-08-18 06:00:27 --> OAuth2 class already loaded. Second attempt ignored.
DEBUG - 2016-08-18 06:00:27 --> C:\xampp\htdocs\bondora\application\libraries/MY_Table.php exists, but does not declare MY_Table
DEBUG - 2016-08-18 06:00:27 --> Session class already loaded. Second attempt ignored.
DEBUG - 2016-08-18 06:00:28 --> Total execution time: 0.7300
DEBUG - 2016-08-18 06:00:28 --> UTF-8 Support Disabled
DEBUG - 2016-08-18 06:00:28 --> Global POST, GET and COOKIE data sanitized
DEBUG - 2016-08-18 06:00:28 --> cURL Class Initialized
DEBUG - 2016-08-18 06:00:28 --> OAuth2 class already loaded. Second attempt ignored.
DEBUG - 2016-08-18 06:00:28 --> C:\xampp\htdocs\bondora\application\libraries/MY_Table.php exists, but does not declare MY_Table
DEBUG - 2016-08-18 06:00:28 --> Session class already loaded. Second attempt ignored.
DEBUG - 2016-08-18 06:00:28 --> Total execution time: 0.4500
DEBUG - 2016-08-18 06:00:31 --> UTF-8 Support Disabled
DEBUG - 2016-08-18 06:00:31 --> Global POST, GET and COOKIE data sanitized
DEBUG - 2016-08-18 06:00:31 --> cURL Class Initialized
DEBUG - 2016-08-18 06:00:31 --> OAuth2 class already loaded. Second attempt ignored.
DEBUG - 2016-08-18 06:00:31 --> C:\xampp\htdocs\bondora\application\libraries/MY_Table.php exists, but does not declare MY_Table
DEBUG - 2016-08-18 06:00:31 --> Session class already loaded. Second attempt ignored.
DEBUG - 2016-08-18 06:00:31 --> Total execution time: 0.8490
DEBUG - 2016-08-18 06:00:32 --> UTF-8 Support Disabled
DEBUG - 2016-08-18 06:00:32 --> Global POST, GET and COOKIE data sanitized
DEBUG - 2016-08-18 06:00:32 --> cURL Class Initialized
DEBUG - 2016-08-18 06:00:32 --> OAuth2 class already loaded. Second attempt ignored.
DEBUG - 2016-08-18 06:00:32 --> C:\xampp\htdocs\bondora\application\libraries/MY_Table.php exists, but does not declare MY_Table
DEBUG - 2016-08-18 06:00:32 --> Session class already loaded. Second attempt ignored.
DEBUG - 2016-08-18 06:00:32 --> Total execution time: 0.4520
DEBUG - 2016-08-18 06:00:34 --> UTF-8 Support Disabled
DEBUG - 2016-08-18 06:00:34 --> Global POST, GET and COOKIE data sanitized
DEBUG - 2016-08-18 06:00:34 --> cURL Class Initialized
DEBUG - 2016-08-18 06:00:34 --> OAuth2 class already loaded. Second attempt ignored.
DEBUG - 2016-08-18 06:00:34 --> C:\xampp\htdocs\bondora\application\libraries/MY_Table.php exists, but does not declare MY_Table
DEBUG - 2016-08-18 06:00:34 --> Session class already loaded. Second attempt ignored.
DEBUG - 2016-08-18 06:00:35 --> Total execution time: 0.6150
DEBUG - 2016-08-18 06:00:35 --> UTF-8 Support Disabled
DEBUG - 2016-08-18 06:00:35 --> Global POST, GET and COOKIE data sanitized
DEBUG - 2016-08-18 06:00:35 --> cURL Class Initialized
DEBUG - 2016-08-18 06:00:35 --> OAuth2 class already loaded. Second attempt ignored.
DEBUG - 2016-08-18 06:00:35 --> C:\xampp\htdocs\bondora\application\libraries/MY_Table.php exists, but does not declare MY_Table
DEBUG - 2016-08-18 06:00:35 --> Session class already loaded. Second attempt ignored.
DEBUG - 2016-08-18 06:00:35 --> Total execution time: 0.3210
DEBUG - 2016-08-18 06:00:38 --> UTF-8 Support Disabled
DEBUG - 2016-08-18 06:00:38 --> Global POST, GET and COOKIE data sanitized
DEBUG - 2016-08-18 06:00:38 --> cURL Class Initialized
DEBUG - 2016-08-18 06:00:38 --> OAuth2 class already loaded. Second attempt ignored.
DEBUG - 2016-08-18 06:00:38 --> C:\xampp\htdocs\bondora\application\libraries/MY_Table.php exists, but does not declare MY_Table
DEBUG - 2016-08-18 06:00:38 --> Session class already loaded. Second attempt ignored.
DEBUG - 2016-08-18 06:00:39 --> Total execution time: 0.8900
DEBUG - 2016-08-18 06:00:39 --> UTF-8 Support Disabled
DEBUG - 2016-08-18 06:00:39 --> Global POST, GET and COOKIE data sanitized
DEBUG - 2016-08-18 06:00:39 --> cURL Class Initialized
DEBUG - 2016-08-18 06:00:39 --> OAuth2 class already loaded. Second attempt ignored.
DEBUG - 2016-08-18 06:00:39 --> C:\xampp\htdocs\bondora\application\libraries/MY_Table.php exists, but does not declare MY_Table
DEBUG - 2016-08-18 06:00:39 --> Session class already loaded. Second attempt ignored.
DEBUG - 2016-08-18 06:00:39 --> Total execution time: 0.4500
DEBUG - 2016-08-18 06:01:05 --> UTF-8 Support Disabled
DEBUG - 2016-08-18 06:01:05 --> Global POST, GET and COOKIE data sanitized
DEBUG - 2016-08-18 06:01:05 --> cURL Class Initialized
DEBUG - 2016-08-18 06:01:05 --> OAuth2 class already loaded. Second attempt ignored.
DEBUG - 2016-08-18 06:01:05 --> C:\xampp\htdocs\bondora\application\libraries/MY_Table.php exists, but does not declare MY_Table
DEBUG - 2016-08-18 06:01:05 --> Session class already loaded. Second attempt ignored.
DEBUG - 2016-08-18 06:01:05 --> SELECT *
FROM `select` `a`.*, `b`.`listedOnDate`, `b`.`xirr`, `b`.`secondaryId`, `b`.`desiredDiscountRate from bondora`.`investment_payload a LEFT JOIN bondora`.`secondary b ON a`.`loanPartId=b`.`loanPartId WHERE a`.`id=2387 and user="mehike" order by` `a`.`signedDate`, `a`.`auctionId`
DEBUG - 2016-08-18 06:01:05 --> SELECT *
FROM `select` `a`.*, `b`.`listedOnDate`, `b`.`xirr`, `b`.`secondaryId`, `b`.`desiredDiscountRate from bondora`.`investment_payload a LEFT JOIN bondora`.`secondary b ON a`.`loanPartId=b`.`loanPartId WHERE a`.`id=2388 and user="mehike" order by` `a`.`signedDate`, `a`.`auctionId`
DEBUG - 2016-08-18 06:01:05 --> SELECT *
FROM `select` `a`.*, `b`.`listedOnDate`, `b`.`xirr`, `b`.`secondaryId`, `b`.`desiredDiscountRate from bondora`.`investment_payload a LEFT JOIN bondora`.`secondary b ON a`.`loanPartId=b`.`loanPartId WHERE a`.`id=2372 and user="mehike" order by` `a`.`signedDate`, `a`.`auctionId`
DEBUG - 2016-08-18 06:01:05 --> SELECT *
FROM `select` `a`.*, `b`.`listedOnDate`, `b`.`xirr`, `b`.`secondaryId`, `b`.`desiredDiscountRate from bondora`.`investment_payload a LEFT JOIN bondora`.`secondary b ON a`.`loanPartId=b`.`loanPartId WHERE a`.`id=2377 and user="mehike" order by` `a`.`signedDate`, `a`.`auctionId`
DEBUG - 2016-08-18 06:01:05 --> SELECT *
FROM `select` `a`.*, `b`.`listedOnDate`, `b`.`xirr`, `b`.`secondaryId`, `b`.`desiredDiscountRate from bondora`.`investment_payload a LEFT JOIN bondora`.`secondary b ON a`.`loanPartId=b`.`loanPartId WHERE a`.`id=2379 and user="mehike" order by` `a`.`signedDate`, `a`.`auctionId`
DEBUG - 2016-08-18 06:01:05 --> SELECT *
FROM `select` `a`.*, `b`.`listedOnDate`, `b`.`xirr`, `b`.`secondaryId`, `b`.`desiredDiscountRate from bondora`.`investment_payload a LEFT JOIN bondora`.`secondary b ON a`.`loanPartId=b`.`loanPartId WHERE a`.`id=2381 and user="mehike" order by` `a`.`signedDate`, `a`.`auctionId`
DEBUG - 2016-08-18 06:01:05 --> SELECT *
FROM `select` `a`.*, `b`.`listedOnDate`, `b`.`xirr`, `b`.`secondaryId`, `b`.`desiredDiscountRate from bondora`.`investment_payload a LEFT JOIN bondora`.`secondary b ON a`.`loanPartId=b`.`loanPartId WHERE a`.`id=2382 and user="mehike" order by` `a`.`signedDate`, `a`.`auctionId`
DEBUG - 2016-08-18 06:01:05 --> SELECT *
FROM `select` `a`.*, `b`.`listedOnDate`, `b`.`xirr`, `b`.`secondaryId`, `b`.`desiredDiscountRate from bondora`.`investment_payload a LEFT JOIN bondora`.`secondary b ON a`.`loanPartId=b`.`loanPartId WHERE a`.`id=2383 and user="mehike" order by` `a`.`signedDate`, `a`.`auctionId`
DEBUG - 2016-08-18 06:01:05 --> SELECT *
FROM `select` `a`.*, `b`.`listedOnDate`, `b`.`xirr`, `b`.`secondaryId`, `b`.`desiredDiscountRate from bondora`.`investment_payload a LEFT JOIN bondora`.`secondary b ON a`.`loanPartId=b`.`loanPartId WHERE a`.`id=2385 and user="mehike" order by` `a`.`signedDate`, `a`.`auctionId`
DEBUG - 2016-08-18 06:01:05 --> SELECT *
FROM `select` `a`.*, `b`.`listedOnDate`, `b`.`xirr`, `b`.`secondaryId`, `b`.`desiredDiscountRate from bondora`.`investment_payload a LEFT JOIN bondora`.`secondary b ON a`.`loanPartId=b`.`loanPartId WHERE a`.`id=2386 and user="mehike" order by` `a`.`signedDate`, `a`.`auctionId`
DEBUG - 2016-08-18 06:01:05 --> SELECT *
FROM `select` `a`.*, `b`.`listedOnDate`, `b`.`xirr`, `b`.`secondaryId`, `b`.`desiredDiscountRate from bondora`.`investment_payload a LEFT JOIN bondora`.`secondary b ON a`.`loanPartId=b`.`loanPartId WHERE a`.`id=2391 and user="mehike" order by` `a`.`signedDate`, `a`.`auctionId`
DEBUG - 2016-08-18 06:01:05 --> SELECT *
FROM `select` `a`.*, `b`.`listedOnDate`, `b`.`xirr`, `b`.`secondaryId`, `b`.`desiredDiscountRate from bondora`.`investment_payload a LEFT JOIN bondora`.`secondary b ON a`.`loanPartId=b`.`loanPartId WHERE a`.`id=2392 and user="mehike" order by` `a`.`signedDate`, `a`.`auctionId`
DEBUG - 2016-08-18 06:01:05 --> SELECT *
FROM `select` `a`.*, `b`.`listedOnDate`, `b`.`xirr`, `b`.`secondaryId`, `b`.`desiredDiscountRate from bondora`.`investment_payload a LEFT JOIN bondora`.`secondary b ON a`.`loanPartId=b`.`loanPartId WHERE a`.`id=2398 and user="mehike" order by` `a`.`signedDate`, `a`.`auctionId`
DEBUG - 2016-08-18 06:01:05 --> SELECT *
FROM `select` `a`.*, `b`.`listedOnDate`, `b`.`xirr`, `b`.`secondaryId`, `b`.`desiredDiscountRate from bondora`.`investment_payload a LEFT JOIN bondora`.`secondary b ON a`.`loanPartId=b`.`loanPartId WHERE a`.`id=2399 and user="mehike" order by` `a`.`signedDate`, `a`.`auctionId`
DEBUG - 2016-08-18 06:01:05 --> SELECT *
FROM `select` `a`.*, `b`.`listedOnDate`, `b`.`xirr`, `b`.`secondaryId`, `b`.`desiredDiscountRate from bondora`.`investment_payload a LEFT JOIN bondora`.`secondary b ON a`.`loanPartId=b`.`loanPartId WHERE a`.`id=2400 and user="mehike" order by` `a`.`signedDate`, `a`.`auctionId`
DEBUG - 2016-08-18 06:01:11 --> Total execution time: 5.9110
DEBUG - 2016-08-18 06:01:11 --> UTF-8 Support Disabled
DEBUG - 2016-08-18 06:01:11 --> Global POST, GET and COOKIE data sanitized
ERROR - 2016-08-18 06:01:11 --> 404 Page Not Found: Investments/bootstrap
DEBUG - 2016-08-18 06:01:41 --> UTF-8 Support Disabled
DEBUG - 2016-08-18 06:01:41 --> Global POST, GET and COOKIE data sanitized
DEBUG - 2016-08-18 06:01:41 --> cURL Class Initialized
DEBUG - 2016-08-18 06:01:41 --> OAuth2 class already loaded. Second attempt ignored.
DEBUG - 2016-08-18 06:01:41 --> C:\xampp\htdocs\bondora\application\libraries/MY_Table.php exists, but does not declare MY_Table
DEBUG - 2016-08-18 06:01:41 --> Session class already loaded. Second attempt ignored.
DEBUG - 2016-08-18 06:01:41 --> SELECT *
FROM `select` `a`.*, `b`.`listedOnDate`, `b`.`xirr`, `b`.`secondaryId`, `b`.`desiredDiscountRate from bondora`.`investment_payload a LEFT JOIN bondora`.`secondary b ON a`.`loanPartId=b`.`loanPartId and a`.`user=b`.`user where a`.`user="mehike" order by` `a`.`signedDate`, `a`.`auctionId`
ERROR - 2016-08-18 06:01:41 --> Severity: Notice --> Undefined offset: 33 C:\xampp\htdocs\bondora\application\views\investments\index.php 880
ERROR - 2016-08-18 06:01:41 --> Severity: Notice --> Undefined offset: 33 C:\xampp\htdocs\bondora\application\views\investments\index.php 880
ERROR - 2016-08-18 06:01:41 --> Severity: Notice --> Undefined offset: 33 C:\xampp\htdocs\bondora\application\views\investments\index.php 880
ERROR - 2016-08-18 06:01:41 --> Severity: Notice --> Undefined offset: 31 C:\xampp\htdocs\bondora\application\views\investments\index.php 880
ERROR - 2016-08-18 06:01:41 --> Severity: Notice --> Undefined offset: 33 C:\xampp\htdocs\bondora\application\views\investments\index.php 880
ERROR - 2016-08-18 06:01:41 --> Severity: Notice --> Undefined offset: 33 C:\xampp\htdocs\bondora\application\views\investments\index.php 880
ERROR - 2016-08-18 06:01:41 --> Severity: Notice --> Undefined offset: 30 C:\xampp\htdocs\bondora\application\views\investments\index.php 880
ERROR - 2016-08-18 06:01:41 --> Severity: Notice --> Undefined offset: 33 C:\xampp\htdocs\bondora\application\views\investments\index.php 880
ERROR - 2016-08-18 06:01:41 --> Severity: Notice --> Undefined offset: 33 C:\xampp\htdocs\bondora\application\views\investments\index.php 880
ERROR - 2016-08-18 06:01:41 --> Severity: Notice --> Undefined offset: 32 C:\xampp\htdocs\bondora\application\views\investments\index.php 880
ERROR - 2016-08-18 06:01:41 --> Severity: Notice --> Undefined offset: 33 C:\xampp\htdocs\bondora\application\views\investments\index.php 880
ERROR - 2016-08-18 06:01:41 --> Severity: Notice --> Undefined offset: 33 C:\xampp\htdocs\bondora\application\views\investments\index.php 880
ERROR - 2016-08-18 06:01:41 --> Severity: Notice --> Undefined offset: 33 C:\xampp\htdocs\bondora\application\views\investments\index.php 880
ERROR - 2016-08-18 06:01:41 --> Severity: Notice --> Undefined offset: 41 C:\xampp\htdocs\bondora\application\views\investments\index.php 880
ERROR - 2016-08-18 06:01:41 --> Severity: Notice --> Undefined offset: 30 C:\xampp\htdocs\bondora\application\views\investments\index.php 880
ERROR - 2016-08-18 06:01:41 --> Severity: Notice --> Undefined offset: 31 C:\xampp\htdocs\bondora\application\views\investments\index.php 880
ERROR - 2016-08-18 06:01:41 --> Severity: Notice --> Undefined offset: 33 C:\xampp\htdocs\bondora\application\views\investments\index.php 880
ERROR - 2016-08-18 06:01:41 --> Severity: Notice --> Undefined offset: 33 C:\xampp\htdocs\bondora\application\views\investments\index.php 880
ERROR - 2016-08-18 06:01:41 --> Severity: Notice --> Undefined offset: 33 C:\xampp\htdocs\bondora\application\views\investments\index.php 880
DEBUG - 2016-08-18 06:01:41 --> Total execution time: 0.0790
DEBUG - 2016-08-18 06:01:41 --> UTF-8 Support Disabled
DEBUG - 2016-08-18 06:01:41 --> Global POST, GET and COOKIE data sanitized
ERROR - 2016-08-18 06:01:41 --> 404 Page Not Found: Investments/bootstrap
DEBUG - 2016-08-18 06:01:47 --> UTF-8 Support Disabled
DEBUG - 2016-08-18 06:01:47 --> Global POST, GET and COOKIE data sanitized
DEBUG - 2016-08-18 06:01:47 --> cURL Class Initialized
DEBUG - 2016-08-18 06:01:47 --> OAuth2 class already loaded. Second attempt ignored.
DEBUG - 2016-08-18 06:01:47 --> C:\xampp\htdocs\bondora\application\libraries/MY_Table.php exists, but does not declare MY_Table
DEBUG - 2016-08-18 06:01:47 --> Session class already loaded. Second attempt ignored.
DEBUG - 2016-08-18 06:01:48 --> SELECT *
FROM `select` `a`.*, `b`.`listedOnDate`, `b`.`xirr`, `b`.`secondaryId`, `b`.`desiredDiscountRate from bondora`.`investment_payload a LEFT JOIN bondora`.`secondary b ON a`.`loanPartId=b`.`loanPartId and a`.`user=b`.`user where a`.`user="mehike" order by` `a`.`signedDate`, `a`.`auctionId`
ERROR - 2016-08-18 06:01:48 --> Severity: Notice --> Undefined offset: 33 C:\xampp\htdocs\bondora\application\views\investments\index.php 880
ERROR - 2016-08-18 06:01:48 --> Severity: Notice --> Undefined offset: 33 C:\xampp\htdocs\bondora\application\views\investments\index.php 880
ERROR - 2016-08-18 06:01:48 --> Severity: Notice --> Undefined offset: 33 C:\xampp\htdocs\bondora\application\views\investments\index.php 880
ERROR - 2016-08-18 06:01:48 --> Severity: Notice --> Undefined offset: 31 C:\xampp\htdocs\bondora\application\views\investments\index.php 880
ERROR - 2016-08-18 06:01:48 --> Severity: Notice --> Undefined offset: 33 C:\xampp\htdocs\bondora\application\views\investments\index.php 880
ERROR - 2016-08-18 06:01:48 --> Severity: Notice --> Undefined offset: 33 C:\xampp\htdocs\bondora\application\views\investments\index.php 880
ERROR - 2016-08-18 06:01:48 --> Severity: Notice --> Undefined offset: 33 C:\xampp\htdocs\bondora\application\views\investments\index.php 880
ERROR - 2016-08-18 06:01:48 --> Severity: Notice --> Undefined offset: 33 C:\xampp\htdocs\bondora\application\views\investments\index.php 880
ERROR - 2016-08-18 06:01:48 --> Severity: Notice --> Undefined offset: 32 C:\xampp\htdocs\bondora\application\views\investments\index.php 880
ERROR - 2016-08-18 06:01:48 --> Severity: Notice --> Undefined offset: 33 C:\xampp\htdocs\bondora\application\views\investments\index.php 880
ERROR - 2016-08-18 06:01:48 --> Severity: Notice --> Undefined offset: 33 C:\xampp\htdocs\bondora\application\views\investments\index.php 880
ERROR - 2016-08-18 06:01:48 --> Severity: Notice --> Undefined offset: 33 C:\xampp\htdocs\bondora\application\views\investments\index.php 880
ERROR - 2016-08-18 06:01:48 --> Severity: Notice --> Undefined offset: 41 C:\xampp\htdocs\bondora\application\views\investments\index.php 880
ERROR - 2016-08-18 06:01:48 --> Severity: Notice --> Undefined offset: 31 C:\xampp\htdocs\bondora\application\views\investments\index.php 880
ERROR - 2016-08-18 06:01:48 --> Severity: Notice --> Undefined offset: 33 C:\xampp\htdocs\bondora\application\views\investments\index.php 880
ERROR - 2016-08-18 06:01:48 --> Severity: Notice --> Undefined offset: 33 C:\xampp\htdocs\bondora\application\views\investments\index.php 880
ERROR - 2016-08-18 06:01:48 --> Severity: Notice --> Undefined offset: 33 C:\xampp\htdocs\bondora\application\views\investments\index.php 880
DEBUG - 2016-08-18 06:01:48 --> Total execution time: 1.1260
DEBUG - 2016-08-18 06:01:48 --> UTF-8 Support Disabled
DEBUG - 2016-08-18 06:01:48 --> Global POST, GET and COOKIE data sanitized
ERROR - 2016-08-18 06:01:48 --> 404 Page Not Found: Investments/bootstrap
DEBUG - 2016-08-18 06:01:53 --> UTF-8 Support Disabled
DEBUG - 2016-08-18 06:01:53 --> Global POST, GET and COOKIE data sanitized
DEBUG - 2016-08-18 06:01:53 --> cURL Class Initialized
DEBUG - 2016-08-18 06:01:53 --> OAuth2 class already loaded. Second attempt ignored.
DEBUG - 2016-08-18 06:01:53 --> C:\xampp\htdocs\bondora\application\libraries/MY_Table.php exists, but does not declare MY_Table
DEBUG - 2016-08-18 06:01:53 --> Session class already loaded. Second attempt ignored.
DEBUG - 2016-08-18 06:01:53 --> Total execution time: 0.8490
DEBUG - 2016-08-18 06:01:54 --> UTF-8 Support Disabled
DEBUG - 2016-08-18 06:01:54 --> Global POST, GET and COOKIE data sanitized
DEBUG - 2016-08-18 06:01:54 --> cURL Class Initialized
DEBUG - 2016-08-18 06:01:54 --> OAuth2 class already loaded. Second attempt ignored.
DEBUG - 2016-08-18 06:01:54 --> C:\xampp\htdocs\bondora\application\libraries/MY_Table.php exists, but does not declare MY_Table
DEBUG - 2016-08-18 06:01:54 --> Session class already loaded. Second attempt ignored.
DEBUG - 2016-08-18 06:01:54 --> Total execution time: 0.3230
DEBUG - 2016-08-18 06:01:56 --> UTF-8 Support Disabled
DEBUG - 2016-08-18 06:01:56 --> Global POST, GET and COOKIE data sanitized
DEBUG - 2016-08-18 06:01:56 --> cURL Class Initialized
DEBUG - 2016-08-18 06:01:56 --> OAuth2 class already loaded. Second attempt ignored.
DEBUG - 2016-08-18 06:01:56 --> C:\xampp\htdocs\bondora\application\libraries/MY_Table.php exists, but does not declare MY_Table
DEBUG - 2016-08-18 06:01:56 --> Session class already loaded. Second attempt ignored.
DEBUG - 2016-08-18 06:01:57 --> Total execution time: 0.5590
DEBUG - 2016-08-18 06:01:57 --> UTF-8 Support Disabled
DEBUG - 2016-08-18 06:01:57 --> Global POST, GET and COOKIE data sanitized
DEBUG - 2016-08-18 06:01:57 --> cURL Class Initialized
DEBUG - 2016-08-18 06:01:57 --> OAuth2 class already loaded. Second attempt ignored.
DEBUG - 2016-08-18 06:01:57 --> C:\xampp\htdocs\bondora\application\libraries/MY_Table.php exists, but does not declare MY_Table
DEBUG - 2016-08-18 06:01:57 --> Session class already loaded. Second attempt ignored.
DEBUG - 2016-08-18 06:01:57 --> Total execution time: 0.3270
DEBUG - 2016-08-18 06:02:08 --> UTF-8 Support Disabled
DEBUG - 2016-08-18 06:02:08 --> Global POST, GET and COOKIE data sanitized
DEBUG - 2016-08-18 06:02:08 --> cURL Class Initialized
DEBUG - 2016-08-18 06:02:08 --> OAuth2 class already loaded. Second attempt ignored.
DEBUG - 2016-08-18 06:02:08 --> C:\xampp\htdocs\bondora\application\libraries/MY_Table.php exists, but does not declare MY_Table
DEBUG - 2016-08-18 06:02:08 --> Session class already loaded. Second attempt ignored.
DEBUG - 2016-08-18 06:02:08 --> SELECT *
FROM `select` `a`.*, `b`.`listedOnDate`, `b`.`xirr`, `b`.`secondaryId`, `b`.`desiredDiscountRate from bondora`.`investment_payload a LEFT JOIN bondora`.`secondary b ON a`.`loanPartId=b`.`loanPartId WHERE a`.`id=2409 and user="mehike" order by` `a`.`signedDate`, `a`.`auctionId`
DEBUG - 2016-08-18 06:02:08 --> SELECT *
FROM `select` `a`.*, `b`.`listedOnDate`, `b`.`xirr`, `b`.`secondaryId`, `b`.`desiredDiscountRate from bondora`.`investment_payload a LEFT JOIN bondora`.`secondary b ON a`.`loanPartId=b`.`loanPartId WHERE a`.`id=2428 and user="mehike" order by` `a`.`signedDate`, `a`.`auctionId`
DEBUG - 2016-08-18 06:02:10 --> Total execution time: 1.5270
DEBUG - 2016-08-18 06:02:10 --> UTF-8 Support Disabled
DEBUG - 2016-08-18 06:02:10 --> Global POST, GET and COOKIE data sanitized
ERROR - 2016-08-18 06:02:10 --> 404 Page Not Found: Investments/bootstrap
DEBUG - 2016-08-18 06:02:12 --> UTF-8 Support Disabled
DEBUG - 2016-08-18 06:02:12 --> Global POST, GET and COOKIE data sanitized
DEBUG - 2016-08-18 06:02:12 --> cURL Class Initialized
DEBUG - 2016-08-18 06:02:12 --> OAuth2 class already loaded. Second attempt ignored.
DEBUG - 2016-08-18 06:02:12 --> C:\xampp\htdocs\bondora\application\libraries/MY_Table.php exists, but does not declare MY_Table
DEBUG - 2016-08-18 06:02:12 --> Session class already loaded. Second attempt ignored.
DEBUG - 2016-08-18 06:02:12 --> SELECT *
FROM `select` `a`.*, `b`.`listedOnDate`, `b`.`xirr`, `b`.`secondaryId`, `b`.`desiredDiscountRate from bondora`.`investment_payload a LEFT JOIN bondora`.`secondary b ON a`.`loanPartId=b`.`loanPartId and a`.`user=b`.`user where a`.`user="mehike" order by` `a`.`signedDate`, `a`.`auctionId`
ERROR - 2016-08-18 06:02:12 --> Severity: Notice --> Undefined offset: 33 C:\xampp\htdocs\bondora\application\views\investments\index.php 880
ERROR - 2016-08-18 06:02:12 --> Severity: Notice --> Undefined offset: 33 C:\xampp\htdocs\bondora\application\views\investments\index.php 880
ERROR - 2016-08-18 06:02:12 --> Severity: Notice --> Undefined offset: 33 C:\xampp\htdocs\bondora\application\views\investments\index.php 880
ERROR - 2016-08-18 06:02:12 --> Severity: Notice --> Undefined offset: 31 C:\xampp\htdocs\bondora\application\views\investments\index.php 880
ERROR - 2016-08-18 06:02:12 --> Severity: Notice --> Undefined offset: 33 C:\xampp\htdocs\bondora\application\views\investments\index.php 880
ERROR - 2016-08-18 06:02:12 --> Severity: Notice --> Undefined offset: 33 C:\xampp\htdocs\bondora\application\views\investments\index.php 880
ERROR - 2016-08-18 06:02:12 --> Severity: Notice --> Undefined offset: 30 C:\xampp\htdocs\bondora\application\views\investments\index.php 880
ERROR - 2016-08-18 06:02:12 --> Severity: Notice --> Undefined offset: 33 C:\xampp\htdocs\bondora\application\views\investments\index.php 880
ERROR - 2016-08-18 06:02:12 --> Severity: Notice --> Undefined offset: 33 C:\xampp\htdocs\bondora\application\views\investments\index.php 880
ERROR - 2016-08-18 06:02:12 --> Severity: Notice --> Undefined offset: 32 C:\xampp\htdocs\bondora\application\views\investments\index.php 880
ERROR - 2016-08-18 06:02:12 --> Severity: Notice --> Undefined offset: 33 C:\xampp\htdocs\bondora\application\views\investments\index.php 880
ERROR - 2016-08-18 06:02:12 --> Severity: Notice --> Undefined offset: 33 C:\xampp\htdocs\bondora\application\views\investments\index.php 880
ERROR - 2016-08-18 06:02:12 --> Severity: Notice --> Undefined offset: 33 C:\xampp\htdocs\bondora\application\views\investments\index.php 880
ERROR - 2016-08-18 06:02:12 --> Severity: Notice --> Undefined offset: 41 C:\xampp\htdocs\bondora\application\views\investments\index.php 880
ERROR - 2016-08-18 06:02:12 --> Severity: Notice --> Undefined offset: 30 C:\xampp\htdocs\bondora\application\views\investments\index.php 880
ERROR - 2016-08-18 06:02:12 --> Severity: Notice --> Undefined offset: 31 C:\xampp\htdocs\bondora\application\views\investments\index.php 880
ERROR - 2016-08-18 06:02:12 --> Severity: Notice --> Undefined offset: 33 C:\xampp\htdocs\bondora\application\views\investments\index.php 880
ERROR - 2016-08-18 06:02:12 --> Severity: Notice --> Undefined offset: 33 C:\xampp\htdocs\bondora\application\views\investments\index.php 880
ERROR - 2016-08-18 06:02:12 --> Severity: Notice --> Undefined offset: 33 C:\xampp\htdocs\bondora\application\views\investments\index.php 880
DEBUG - 2016-08-18 06:02:12 --> Total execution time: 0.0760
DEBUG - 2016-08-18 06:02:12 --> UTF-8 Support Disabled
DEBUG - 2016-08-18 06:02:12 --> Global POST, GET and COOKIE data sanitized
ERROR - 2016-08-18 06:02:12 --> 404 Page Not Found: Investments/bootstrap
DEBUG - 2016-08-18 06:02:18 --> UTF-8 Support Disabled
DEBUG - 2016-08-18 06:02:18 --> Global POST, GET and COOKIE data sanitized
DEBUG - 2016-08-18 06:02:18 --> cURL Class Initialized
DEBUG - 2016-08-18 06:02:18 --> OAuth2 class already loaded. Second attempt ignored.
DEBUG - 2016-08-18 06:02:18 --> C:\xampp\htdocs\bondora\application\libraries/MY_Table.php exists, but does not declare MY_Table
DEBUG - 2016-08-18 06:02:18 --> Session class already loaded. Second attempt ignored.
DEBUG - 2016-08-18 06:02:19 --> SELECT *
FROM `select` `a`.*, `b`.`listedOnDate`, `b`.`xirr`, `b`.`secondaryId`, `b`.`desiredDiscountRate from bondora`.`investment_payload a LEFT JOIN bondora`.`secondary b ON a`.`loanPartId=b`.`loanPartId and a`.`user=b`.`user where a`.`user="mehike" order by` `a`.`signedDate`, `a`.`auctionId`
ERROR - 2016-08-18 06:02:19 --> Severity: Notice --> Undefined offset: 33 C:\xampp\htdocs\bondora\application\views\investments\index.php 880
ERROR - 2016-08-18 06:02:19 --> Severity: Notice --> Undefined offset: 33 C:\xampp\htdocs\bondora\application\views\investments\index.php 880
ERROR - 2016-08-18 06:02:19 --> Severity: Notice --> Undefined offset: 33 C:\xampp\htdocs\bondora\application\views\investments\index.php 880
ERROR - 2016-08-18 06:02:19 --> Severity: Notice --> Undefined offset: 31 C:\xampp\htdocs\bondora\application\views\investments\index.php 880
ERROR - 2016-08-18 06:02:19 --> Severity: Notice --> Undefined offset: 33 C:\xampp\htdocs\bondora\application\views\investments\index.php 880
ERROR - 2016-08-18 06:02:19 --> Severity: Notice --> Undefined offset: 33 C:\xampp\htdocs\bondora\application\views\investments\index.php 880
ERROR - 2016-08-18 06:02:19 --> Severity: Notice --> Undefined offset: 33 C:\xampp\htdocs\bondora\application\views\investments\index.php 880
ERROR - 2016-08-18 06:02:19 --> Severity: Notice --> Undefined offset: 33 C:\xampp\htdocs\bondora\application\views\investments\index.php 880
ERROR - 2016-08-18 06:02:19 --> Severity: Notice --> Undefined offset: 32 C:\xampp\htdocs\bondora\application\views\investments\index.php 880
ERROR - 2016-08-18 06:02:19 --> Severity: Notice --> Undefined offset: 33 C:\xampp\htdocs\bondora\application\views\investments\index.php 880
ERROR - 2016-08-18 06:02:19 --> Severity: Notice --> Undefined offset: 33 C:\xampp\htdocs\bondora\application\views\investments\index.php 880
ERROR - 2016-08-18 06:02:19 --> Severity: Notice --> Undefined offset: 33 C:\xampp\htdocs\bondora\application\views\investments\index.php 880
ERROR - 2016-08-18 06:02:19 --> Severity: Notice --> Undefined offset: 41 C:\xampp\htdocs\bondora\application\views\investments\index.php 880
ERROR - 2016-08-18 06:02:19 --> Severity: Notice --> Undefined offset: 31 C:\xampp\htdocs\bondora\application\views\investments\index.php 880
ERROR - 2016-08-18 06:02:19 --> Severity: Notice --> Undefined offset: 33 C:\xampp\htdocs\bondora\application\views\investments\index.php 880
ERROR - 2016-08-18 06:02:19 --> Severity: Notice --> Undefined offset: 33 C:\xampp\htdocs\bondora\application\views\investments\index.php 880
ERROR - 2016-08-18 06:02:19 --> Severity: Notice --> Undefined offset: 33 C:\xampp\htdocs\bondora\application\views\investments\index.php 880
DEBUG - 2016-08-18 06:02:19 --> Total execution time: 1.3850
DEBUG - 2016-08-18 06:02:19 --> UTF-8 Support Disabled
DEBUG - 2016-08-18 06:02:19 --> Global POST, GET and COOKIE data sanitized
ERROR - 2016-08-18 06:02:19 --> 404 Page Not Found: Investments/bootstrap
