DEBUG - 2016-09-16 06:31:00 --> UTF-8 Support Disabled
DEBUG - 2016-09-16 06:31:00 --> Global POST, GET and COOKIE data sanitized
DEBUG - 2016-09-16 06:31:00 --> cURL Class Initialized
DEBUG - 2016-09-16 06:31:00 --> OAuth2 class already loaded. Second attempt ignored.
DEBUG - 2016-09-16 06:31:00 --> C:\xampp\htdocs\bondora\application\libraries/MY_Table.php exists, but does not declare MY_Table
DEBUG - 2016-09-16 06:31:00 --> Session class already loaded. Second attempt ignored.
DEBUG - 2016-09-16 06:31:00 --> UTF-8 Support Disabled
DEBUG - 2016-09-16 06:31:00 --> Global POST, GET and COOKIE data sanitized
DEBUG - 2016-09-16 06:31:00 --> cURL Class Initialized
DEBUG - 2016-09-16 06:31:00 --> OAuth2 class already loaded. Second attempt ignored.
DEBUG - 2016-09-16 06:31:00 --> Session class already loaded. Second attempt ignored.
DEBUG - 2016-09-16 06:31:00 --> Total execution time: 0.0900
DEBUG - 2016-09-16 06:31:02 --> UTF-8 Support Disabled
DEBUG - 2016-09-16 06:31:02 --> Global POST, GET and COOKIE data sanitized
DEBUG - 2016-09-16 06:31:02 --> cURL Class Initialized
DEBUG - 2016-09-16 06:31:02 --> OAuth2 class already loaded. Second attempt ignored.
DEBUG - 2016-09-16 06:31:02 --> Session class already loaded. Second attempt ignored.
DEBUG - 2016-09-16 06:31:02 --> UTF-8 Support Disabled
DEBUG - 2016-09-16 06:31:02 --> Global POST, GET and COOKIE data sanitized
DEBUG - 2016-09-16 06:31:02 --> cURL Class Initialized
DEBUG - 2016-09-16 06:31:02 --> OAuth2 class already loaded. Second attempt ignored.
DEBUG - 2016-09-16 06:31:02 --> C:\xampp\htdocs\bondora\application\libraries/MY_Table.php exists, but does not declare MY_Table
DEBUG - 2016-09-16 06:31:02 --> Session class already loaded. Second attempt ignored.
DEBUG - 2016-09-16 06:31:02 --> SELECT *
FROM `select` `a`.*, `b`.`statusCode from auction_payload a LEFT JOIN bid_payload b ON a`.`auctionId=b`.`auctionId and a`.`user=b`.`userName where` `user="mehike"`
DEBUG - 2016-09-16 06:31:02 --> Total execution time: 0.1620
DEBUG - 2016-09-16 06:31:03 --> UTF-8 Support Disabled
DEBUG - 2016-09-16 06:31:03 --> Global POST, GET and COOKIE data sanitized
ERROR - 2016-09-16 06:31:03 --> 404 Page Not Found: Auctions/bootstrap
DEBUG - 2016-09-16 06:31:05 --> UTF-8 Support Disabled
DEBUG - 2016-09-16 06:31:05 --> Global POST, GET and COOKIE data sanitized
DEBUG - 2016-09-16 06:31:05 --> cURL Class Initialized
DEBUG - 2016-09-16 06:31:05 --> OAuth2 class already loaded. Second attempt ignored.
DEBUG - 2016-09-16 06:31:05 --> C:\xampp\htdocs\bondora\application\libraries/MY_Table.php exists, but does not declare MY_Table
DEBUG - 2016-09-16 06:31:05 --> Session class already loaded. Second attempt ignored.
DEBUG - 2016-09-16 06:31:05 --> SELECT *
FROM `select` `a`.*, `b`.`listedOnDate`, `b`.`xirr`, `b`.`secondaryId`, `b`.`desiredDiscountRate from bondora`.`investment_payload a LEFT JOIN bondora`.`secondary b ON a`.`loanPartId=b`.`loanPartId and a`.`user=b`.`user where a`.`user="mehike" order by` `a`.`signedDate`, `a`.`auctionId`
ERROR - 2016-09-16 06:31:05 --> Severity: Notice --> Undefined offset: 33 C:\xampp\htdocs\bondora\application\views\investments\index.php 880
ERROR - 2016-09-16 06:31:05 --> Severity: Notice --> Undefined offset: 35 C:\xampp\htdocs\bondora\application\views\investments\index.php 880
ERROR - 2016-09-16 06:31:05 --> Severity: Notice --> Undefined offset: 35 C:\xampp\htdocs\bondora\application\views\investments\index.php 880
ERROR - 2016-09-16 06:31:05 --> Severity: Notice --> Undefined offset: 35 C:\xampp\htdocs\bondora\application\views\investments\index.php 880
ERROR - 2016-09-16 06:31:05 --> Severity: Notice --> Undefined offset: 30 C:\xampp\htdocs\bondora\application\views\investments\index.php 880
ERROR - 2016-09-16 06:31:05 --> Severity: Notice --> Undefined offset: 33 C:\xampp\htdocs\bondora\application\views\investments\index.php 880
ERROR - 2016-09-16 06:31:05 --> Severity: Notice --> Undefined offset: 35 C:\xampp\htdocs\bondora\application\views\investments\index.php 880
ERROR - 2016-09-16 06:31:05 --> Severity: Notice --> Undefined offset: 35 C:\xampp\htdocs\bondora\application\views\investments\index.php 880
ERROR - 2016-09-16 06:31:05 --> Severity: Notice --> Undefined offset: 35 C:\xampp\htdocs\bondora\application\views\investments\index.php 880
ERROR - 2016-09-16 06:31:05 --> Severity: Notice --> Undefined offset: 33 C:\xampp\htdocs\bondora\application\views\investments\index.php 880
ERROR - 2016-09-16 06:31:05 --> Severity: Notice --> Undefined offset: 33 C:\xampp\htdocs\bondora\application\views\investments\index.php 880
ERROR - 2016-09-16 06:31:05 --> Severity: Notice --> Undefined offset: 41 C:\xampp\htdocs\bondora\application\views\investments\index.php 880
ERROR - 2016-09-16 06:31:05 --> Severity: Notice --> Undefined offset: 30 C:\xampp\htdocs\bondora\application\views\investments\index.php 880
ERROR - 2016-09-16 06:31:05 --> Severity: Notice --> Undefined offset: 33 C:\xampp\htdocs\bondora\application\views\investments\index.php 880
ERROR - 2016-09-16 06:31:05 --> Severity: Notice --> Undefined offset: 33 C:\xampp\htdocs\bondora\application\views\investments\index.php 880
ERROR - 2016-09-16 06:31:05 --> Severity: Notice --> Undefined offset: 33 C:\xampp\htdocs\bondora\application\views\investments\index.php 880
ERROR - 2016-09-16 06:31:05 --> Severity: Notice --> Undefined offset: 33 C:\xampp\htdocs\bondora\application\views\investments\index.php 880
DEBUG - 2016-09-16 06:31:05 --> Total execution time: 0.1260
DEBUG - 2016-09-16 06:31:05 --> UTF-8 Support Disabled
DEBUG - 2016-09-16 06:31:06 --> Global POST, GET and COOKIE data sanitized
ERROR - 2016-09-16 06:31:06 --> 404 Page Not Found: Investments/bootstrap
DEBUG - 2016-09-16 06:31:10 --> UTF-8 Support Disabled
DEBUG - 2016-09-16 06:31:10 --> Global POST, GET and COOKIE data sanitized
DEBUG - 2016-09-16 06:31:10 --> cURL Class Initialized
DEBUG - 2016-09-16 06:31:10 --> OAuth2 class already loaded. Second attempt ignored.
DEBUG - 2016-09-16 06:31:10 --> C:\xampp\htdocs\bondora\application\libraries/MY_Table.php exists, but does not declare MY_Table
DEBUG - 2016-09-16 06:31:10 --> Session class already loaded. Second attempt ignored.
DEBUG - 2016-09-16 06:31:12 --> UTF-8 Support Disabled
DEBUG - 2016-09-16 06:31:12 --> Global POST, GET and COOKIE data sanitized
DEBUG - 2016-09-16 06:31:12 --> cURL Class Initialized
DEBUG - 2016-09-16 06:31:12 --> OAuth2 class already loaded. Second attempt ignored.
DEBUG - 2016-09-16 06:31:25 --> UTF-8 Support Disabled
DEBUG - 2016-09-16 06:31:25 --> Global POST, GET and COOKIE data sanitized
DEBUG - 2016-09-16 06:31:25 --> cURL Class Initialized
DEBUG - 2016-09-16 06:31:25 --> OAuth2 class already loaded. Second attempt ignored.
DEBUG - 2016-09-16 06:31:27 --> UTF-8 Support Disabled
DEBUG - 2016-09-16 06:31:27 --> Global POST, GET and COOKIE data sanitized
DEBUG - 2016-09-16 06:31:27 --> cURL Class Initialized
DEBUG - 2016-09-16 06:31:27 --> OAuth2 class already loaded. Second attempt ignored.
DEBUG - 2016-09-16 06:31:27 --> C:\xampp\htdocs\bondora\application\libraries/MY_Table.php exists, but does not declare MY_Table
DEBUG - 2016-09-16 06:31:27 --> Session class already loaded. Second attempt ignored.
DEBUG - 2016-09-16 06:31:27 --> SELECT *
FROM `select` `a`.*, `b`.`listedOnDate`, `b`.`xirr`, `b`.`secondaryId`, `b`.`desiredDiscountRate from bondora`.`investment_payload a LEFT JOIN bondora`.`secondary b ON a`.`loanPartId=b`.`loanPartId and a`.`user=b`.`user where a`.`user="mehike" order by` `a`.`signedDate`, `a`.`auctionId`
ERROR - 2016-09-16 06:31:28 --> Severity: Notice --> Undefined offset: 33 C:\xampp\htdocs\bondora\application\views\investments\index.php 880
ERROR - 2016-09-16 06:31:28 --> Severity: Notice --> Undefined offset: 35 C:\xampp\htdocs\bondora\application\views\investments\index.php 880
ERROR - 2016-09-16 06:31:28 --> Severity: Notice --> Undefined offset: 35 C:\xampp\htdocs\bondora\application\views\investments\index.php 880
ERROR - 2016-09-16 06:31:28 --> Severity: Notice --> Undefined offset: 35 C:\xampp\htdocs\bondora\application\views\investments\index.php 880
ERROR - 2016-09-16 06:31:28 --> Severity: Notice --> Undefined offset: 30 C:\xampp\htdocs\bondora\application\views\investments\index.php 880
ERROR - 2016-09-16 06:31:28 --> Severity: Notice --> Undefined offset: 33 C:\xampp\htdocs\bondora\application\views\investments\index.php 880
ERROR - 2016-09-16 06:31:28 --> Severity: Notice --> Undefined offset: 35 C:\xampp\htdocs\bondora\application\views\investments\index.php 880
ERROR - 2016-09-16 06:31:28 --> Severity: Notice --> Undefined offset: 35 C:\xampp\htdocs\bondora\application\views\investments\index.php 880
ERROR - 2016-09-16 06:31:28 --> Severity: Notice --> Undefined offset: 35 C:\xampp\htdocs\bondora\application\views\investments\index.php 880
ERROR - 2016-09-16 06:31:28 --> Severity: Notice --> Undefined offset: 33 C:\xampp\htdocs\bondora\application\views\investments\index.php 880
ERROR - 2016-09-16 06:31:28 --> Severity: Notice --> Undefined offset: 33 C:\xampp\htdocs\bondora\application\views\investments\index.php 880
ERROR - 2016-09-16 06:31:28 --> Severity: Notice --> Undefined offset: 41 C:\xampp\htdocs\bondora\application\views\investments\index.php 880
ERROR - 2016-09-16 06:31:28 --> Severity: Notice --> Undefined offset: 30 C:\xampp\htdocs\bondora\application\views\investments\index.php 880
ERROR - 2016-09-16 06:31:28 --> Severity: Notice --> Undefined offset: 33 C:\xampp\htdocs\bondora\application\views\investments\index.php 880
ERROR - 2016-09-16 06:31:28 --> Severity: Notice --> Undefined offset: 33 C:\xampp\htdocs\bondora\application\views\investments\index.php 880
ERROR - 2016-09-16 06:31:28 --> Severity: Notice --> Undefined offset: 33 C:\xampp\htdocs\bondora\application\views\investments\index.php 880
ERROR - 2016-09-16 06:31:28 --> Severity: Notice --> Undefined offset: 33 C:\xampp\htdocs\bondora\application\views\investments\index.php 880
DEBUG - 2016-09-16 06:31:28 --> Total execution time: 0.5201
DEBUG - 2016-09-16 06:31:28 --> UTF-8 Support Disabled
DEBUG - 2016-09-16 06:31:28 --> Global POST, GET and COOKIE data sanitized
ERROR - 2016-09-16 06:31:28 --> 404 Page Not Found: Investments/bootstrap
DEBUG - 2016-09-16 06:31:30 --> UTF-8 Support Disabled
DEBUG - 2016-09-16 06:31:31 --> Global POST, GET and COOKIE data sanitized
DEBUG - 2016-09-16 06:31:31 --> cURL Class Initialized
DEBUG - 2016-09-16 06:31:31 --> OAuth2 class already loaded. Second attempt ignored.
DEBUG - 2016-09-16 06:31:31 --> C:\xampp\htdocs\bondora\application\libraries/MY_Table.php exists, but does not declare MY_Table
DEBUG - 2016-09-16 06:31:31 --> Session class already loaded. Second attempt ignored.
DEBUG - 2016-09-16 06:31:35 --> SELECT *
FROM `select` `a`.*, `b`.`listedOnDate`, `b`.`xirr`, `b`.`secondaryId`, `b`.`desiredDiscountRate from bondora`.`investment_payload a LEFT JOIN bondora`.`secondary b ON a`.`loanPartId=b`.`loanPartId and a`.`user=b`.`user where a`.`user="mehike" order by` `a`.`signedDate`, `a`.`auctionId`
ERROR - 2016-09-16 06:31:35 --> Severity: Notice --> Undefined offset: 33 C:\xampp\htdocs\bondora\application\views\investments\index.php 880
ERROR - 2016-09-16 06:31:35 --> Severity: Notice --> Undefined offset: 35 C:\xampp\htdocs\bondora\application\views\investments\index.php 880
ERROR - 2016-09-16 06:31:35 --> Severity: Notice --> Undefined offset: 35 C:\xampp\htdocs\bondora\application\views\investments\index.php 880
ERROR - 2016-09-16 06:31:35 --> Severity: Notice --> Undefined offset: 35 C:\xampp\htdocs\bondora\application\views\investments\index.php 880
ERROR - 2016-09-16 06:31:35 --> Severity: Notice --> Undefined offset: 33 C:\xampp\htdocs\bondora\application\views\investments\index.php 880
ERROR - 2016-09-16 06:31:35 --> Severity: Notice --> Undefined offset: 35 C:\xampp\htdocs\bondora\application\views\investments\index.php 880
ERROR - 2016-09-16 06:31:35 --> Severity: Notice --> Undefined offset: 35 C:\xampp\htdocs\bondora\application\views\investments\index.php 880
ERROR - 2016-09-16 06:31:35 --> Severity: Notice --> Undefined offset: 35 C:\xampp\htdocs\bondora\application\views\investments\index.php 880
ERROR - 2016-09-16 06:31:35 --> Severity: Notice --> Undefined offset: 33 C:\xampp\htdocs\bondora\application\views\investments\index.php 880
ERROR - 2016-09-16 06:31:35 --> Severity: Notice --> Undefined offset: 41 C:\xampp\htdocs\bondora\application\views\investments\index.php 880
ERROR - 2016-09-16 06:31:35 --> Severity: Notice --> Undefined offset: 33 C:\xampp\htdocs\bondora\application\views\investments\index.php 880
ERROR - 2016-09-16 06:31:35 --> Severity: Notice --> Undefined offset: 33 C:\xampp\htdocs\bondora\application\views\investments\index.php 880
ERROR - 2016-09-16 06:31:35 --> Severity: Notice --> Undefined offset: 33 C:\xampp\htdocs\bondora\application\views\investments\index.php 880
DEBUG - 2016-09-16 06:31:35 --> Total execution time: 4.2164
DEBUG - 2016-09-16 06:31:35 --> UTF-8 Support Disabled
DEBUG - 2016-09-16 06:31:35 --> Global POST, GET and COOKIE data sanitized
ERROR - 2016-09-16 06:31:35 --> 404 Page Not Found: Investments/bootstrap
DEBUG - 2016-09-16 06:31:44 --> UTF-8 Support Disabled
DEBUG - 2016-09-16 06:31:44 --> Global POST, GET and COOKIE data sanitized
DEBUG - 2016-09-16 06:31:44 --> cURL Class Initialized
DEBUG - 2016-09-16 06:31:44 --> OAuth2 class already loaded. Second attempt ignored.
DEBUG - 2016-09-16 06:31:44 --> C:\xampp\htdocs\bondora\application\libraries/MY_Table.php exists, but does not declare MY_Table
DEBUG - 2016-09-16 06:31:44 --> Session class already loaded. Second attempt ignored.
DEBUG - 2016-09-16 06:31:45 --> Total execution time: 0.7311
DEBUG - 2016-09-16 06:31:45 --> UTF-8 Support Disabled
DEBUG - 2016-09-16 06:31:45 --> Global POST, GET and COOKIE data sanitized
DEBUG - 2016-09-16 06:31:45 --> cURL Class Initialized
DEBUG - 2016-09-16 06:31:45 --> OAuth2 class already loaded. Second attempt ignored.
DEBUG - 2016-09-16 06:31:45 --> C:\xampp\htdocs\bondora\application\libraries/MY_Table.php exists, but does not declare MY_Table
DEBUG - 2016-09-16 06:31:45 --> Session class already loaded. Second attempt ignored.
DEBUG - 2016-09-16 06:31:46 --> Total execution time: 0.3910
DEBUG - 2016-09-16 06:31:51 --> UTF-8 Support Disabled
DEBUG - 2016-09-16 06:31:51 --> Global POST, GET and COOKIE data sanitized
DEBUG - 2016-09-16 06:31:51 --> cURL Class Initialized
DEBUG - 2016-09-16 06:31:51 --> OAuth2 class already loaded. Second attempt ignored.
DEBUG - 2016-09-16 06:31:51 --> C:\xampp\htdocs\bondora\application\libraries/MY_Table.php exists, but does not declare MY_Table
DEBUG - 2016-09-16 06:31:51 --> Session class already loaded. Second attempt ignored.
DEBUG - 2016-09-16 06:31:52 --> Total execution time: 0.8601
DEBUG - 2016-09-16 06:31:52 --> UTF-8 Support Disabled
DEBUG - 2016-09-16 06:31:52 --> Global POST, GET and COOKIE data sanitized
DEBUG - 2016-09-16 06:31:52 --> cURL Class Initialized
DEBUG - 2016-09-16 06:31:52 --> OAuth2 class already loaded. Second attempt ignored.
DEBUG - 2016-09-16 06:31:52 --> C:\xampp\htdocs\bondora\application\libraries/MY_Table.php exists, but does not declare MY_Table
DEBUG - 2016-09-16 06:31:52 --> Session class already loaded. Second attempt ignored.
DEBUG - 2016-09-16 06:31:53 --> Total execution time: 0.4430
DEBUG - 2016-09-16 06:31:58 --> UTF-8 Support Disabled
DEBUG - 2016-09-16 06:31:58 --> Global POST, GET and COOKIE data sanitized
DEBUG - 2016-09-16 06:31:58 --> cURL Class Initialized
DEBUG - 2016-09-16 06:31:58 --> OAuth2 class already loaded. Second attempt ignored.
DEBUG - 2016-09-16 06:31:58 --> C:\xampp\htdocs\bondora\application\libraries/MY_Table.php exists, but does not declare MY_Table
DEBUG - 2016-09-16 06:31:58 --> Session class already loaded. Second attempt ignored.
DEBUG - 2016-09-16 06:31:59 --> Total execution time: 0.8931
DEBUG - 2016-09-16 06:31:59 --> UTF-8 Support Disabled
DEBUG - 2016-09-16 06:31:59 --> Global POST, GET and COOKIE data sanitized
DEBUG - 2016-09-16 06:31:59 --> cURL Class Initialized
DEBUG - 2016-09-16 06:31:59 --> OAuth2 class already loaded. Second attempt ignored.
DEBUG - 2016-09-16 06:31:59 --> C:\xampp\htdocs\bondora\application\libraries/MY_Table.php exists, but does not declare MY_Table
DEBUG - 2016-09-16 06:31:59 --> Session class already loaded. Second attempt ignored.
DEBUG - 2016-09-16 06:32:00 --> Total execution time: 0.5131
DEBUG - 2016-09-16 06:32:03 --> UTF-8 Support Disabled
DEBUG - 2016-09-16 06:32:03 --> Global POST, GET and COOKIE data sanitized
DEBUG - 2016-09-16 06:32:03 --> cURL Class Initialized
DEBUG - 2016-09-16 06:32:03 --> OAuth2 class already loaded. Second attempt ignored.
DEBUG - 2016-09-16 06:32:03 --> C:\xampp\htdocs\bondora\application\libraries/MY_Table.php exists, but does not declare MY_Table
DEBUG - 2016-09-16 06:32:03 --> Session class already loaded. Second attempt ignored.
DEBUG - 2016-09-16 06:32:04 --> Total execution time: 0.8751
DEBUG - 2016-09-16 06:32:04 --> UTF-8 Support Disabled
DEBUG - 2016-09-16 06:32:04 --> Global POST, GET and COOKIE data sanitized
DEBUG - 2016-09-16 06:32:04 --> cURL Class Initialized
DEBUG - 2016-09-16 06:32:04 --> OAuth2 class already loaded. Second attempt ignored.
DEBUG - 2016-09-16 06:32:04 --> C:\xampp\htdocs\bondora\application\libraries/MY_Table.php exists, but does not declare MY_Table
DEBUG - 2016-09-16 06:32:04 --> Session class already loaded. Second attempt ignored.
DEBUG - 2016-09-16 06:32:05 --> Total execution time: 0.3360
DEBUG - 2016-09-16 06:32:07 --> UTF-8 Support Disabled
DEBUG - 2016-09-16 06:32:07 --> Global POST, GET and COOKIE data sanitized
DEBUG - 2016-09-16 06:32:07 --> cURL Class Initialized
DEBUG - 2016-09-16 06:32:07 --> OAuth2 class already loaded. Second attempt ignored.
DEBUG - 2016-09-16 06:32:07 --> C:\xampp\htdocs\bondora\application\libraries/MY_Table.php exists, but does not declare MY_Table
DEBUG - 2016-09-16 06:32:07 --> Session class already loaded. Second attempt ignored.
DEBUG - 2016-09-16 06:32:08 --> Total execution time: 0.6041
DEBUG - 2016-09-16 06:32:08 --> UTF-8 Support Disabled
DEBUG - 2016-09-16 06:32:08 --> Global POST, GET and COOKIE data sanitized
DEBUG - 2016-09-16 06:32:08 --> cURL Class Initialized
DEBUG - 2016-09-16 06:32:08 --> OAuth2 class already loaded. Second attempt ignored.
DEBUG - 2016-09-16 06:32:08 --> C:\xampp\htdocs\bondora\application\libraries/MY_Table.php exists, but does not declare MY_Table
DEBUG - 2016-09-16 06:32:08 --> Session class already loaded. Second attempt ignored.
DEBUG - 2016-09-16 06:32:08 --> Total execution time: 0.4860
DEBUG - 2016-09-16 06:32:11 --> UTF-8 Support Disabled
DEBUG - 2016-09-16 06:32:11 --> Global POST, GET and COOKIE data sanitized
DEBUG - 2016-09-16 06:32:11 --> cURL Class Initialized
DEBUG - 2016-09-16 06:32:11 --> OAuth2 class already loaded. Second attempt ignored.
DEBUG - 2016-09-16 06:32:11 --> C:\xampp\htdocs\bondora\application\libraries/MY_Table.php exists, but does not declare MY_Table
DEBUG - 2016-09-16 06:32:11 --> Session class already loaded. Second attempt ignored.
DEBUG - 2016-09-16 06:32:12 --> Total execution time: 1.0701
DEBUG - 2016-09-16 06:32:12 --> UTF-8 Support Disabled
DEBUG - 2016-09-16 06:32:12 --> Global POST, GET and COOKIE data sanitized
DEBUG - 2016-09-16 06:32:12 --> cURL Class Initialized
DEBUG - 2016-09-16 06:32:12 --> OAuth2 class already loaded. Second attempt ignored.
DEBUG - 2016-09-16 06:32:12 --> C:\xampp\htdocs\bondora\application\libraries/MY_Table.php exists, but does not declare MY_Table
DEBUG - 2016-09-16 06:32:12 --> Session class already loaded. Second attempt ignored.
DEBUG - 2016-09-16 06:32:13 --> Total execution time: 0.4960
DEBUG - 2016-09-16 06:32:15 --> UTF-8 Support Disabled
DEBUG - 2016-09-16 06:32:15 --> Global POST, GET and COOKIE data sanitized
DEBUG - 2016-09-16 06:32:15 --> cURL Class Initialized
DEBUG - 2016-09-16 06:32:15 --> OAuth2 class already loaded. Second attempt ignored.
DEBUG - 2016-09-16 06:32:15 --> C:\xampp\htdocs\bondora\application\libraries/MY_Table.php exists, but does not declare MY_Table
DEBUG - 2016-09-16 06:32:15 --> Session class already loaded. Second attempt ignored.
DEBUG - 2016-09-16 06:32:16 --> Total execution time: 0.6001
DEBUG - 2016-09-16 06:32:16 --> UTF-8 Support Disabled
DEBUG - 2016-09-16 06:32:16 --> Global POST, GET and COOKIE data sanitized
DEBUG - 2016-09-16 06:32:16 --> cURL Class Initialized
DEBUG - 2016-09-16 06:32:16 --> OAuth2 class already loaded. Second attempt ignored.
DEBUG - 2016-09-16 06:32:16 --> C:\xampp\htdocs\bondora\application\libraries/MY_Table.php exists, but does not declare MY_Table
DEBUG - 2016-09-16 06:32:16 --> Session class already loaded. Second attempt ignored.
DEBUG - 2016-09-16 06:32:17 --> Total execution time: 0.3730
DEBUG - 2016-09-16 06:32:19 --> UTF-8 Support Disabled
DEBUG - 2016-09-16 06:32:20 --> Global POST, GET and COOKIE data sanitized
DEBUG - 2016-09-16 06:32:20 --> cURL Class Initialized
DEBUG - 2016-09-16 06:32:20 --> OAuth2 class already loaded. Second attempt ignored.
DEBUG - 2016-09-16 06:32:20 --> C:\xampp\htdocs\bondora\application\libraries/MY_Table.php exists, but does not declare MY_Table
DEBUG - 2016-09-16 06:32:20 --> Session class already loaded. Second attempt ignored.
DEBUG - 2016-09-16 06:32:20 --> Total execution time: 0.8831
DEBUG - 2016-09-16 06:32:21 --> UTF-8 Support Disabled
DEBUG - 2016-09-16 06:32:21 --> Global POST, GET and COOKIE data sanitized
DEBUG - 2016-09-16 06:32:21 --> cURL Class Initialized
DEBUG - 2016-09-16 06:32:21 --> OAuth2 class already loaded. Second attempt ignored.
DEBUG - 2016-09-16 06:32:21 --> C:\xampp\htdocs\bondora\application\libraries/MY_Table.php exists, but does not declare MY_Table
DEBUG - 2016-09-16 06:32:21 --> Session class already loaded. Second attempt ignored.
DEBUG - 2016-09-16 06:32:21 --> Total execution time: 0.5501
DEBUG - 2016-09-16 06:32:24 --> UTF-8 Support Disabled
DEBUG - 2016-09-16 06:32:24 --> Global POST, GET and COOKIE data sanitized
DEBUG - 2016-09-16 06:32:24 --> cURL Class Initialized
DEBUG - 2016-09-16 06:32:24 --> OAuth2 class already loaded. Second attempt ignored.
DEBUG - 2016-09-16 06:32:24 --> C:\xampp\htdocs\bondora\application\libraries/MY_Table.php exists, but does not declare MY_Table
DEBUG - 2016-09-16 06:32:24 --> Session class already loaded. Second attempt ignored.
DEBUG - 2016-09-16 06:32:24 --> Total execution time: 0.7421
DEBUG - 2016-09-16 06:32:25 --> UTF-8 Support Disabled
DEBUG - 2016-09-16 06:32:25 --> Global POST, GET and COOKIE data sanitized
DEBUG - 2016-09-16 06:32:25 --> cURL Class Initialized
DEBUG - 2016-09-16 06:32:25 --> OAuth2 class already loaded. Second attempt ignored.
DEBUG - 2016-09-16 06:32:25 --> C:\xampp\htdocs\bondora\application\libraries/MY_Table.php exists, but does not declare MY_Table
DEBUG - 2016-09-16 06:32:25 --> Session class already loaded. Second attempt ignored.
DEBUG - 2016-09-16 06:32:25 --> Total execution time: 0.3290
DEBUG - 2016-09-16 06:32:29 --> UTF-8 Support Disabled
DEBUG - 2016-09-16 06:32:29 --> Global POST, GET and COOKIE data sanitized
DEBUG - 2016-09-16 06:32:29 --> cURL Class Initialized
DEBUG - 2016-09-16 06:32:29 --> OAuth2 class already loaded. Second attempt ignored.
DEBUG - 2016-09-16 06:32:29 --> C:\xampp\htdocs\bondora\application\libraries/MY_Table.php exists, but does not declare MY_Table
DEBUG - 2016-09-16 06:32:29 --> Session class already loaded. Second attempt ignored.
DEBUG - 2016-09-16 06:32:30 --> Total execution time: 0.8491
DEBUG - 2016-09-16 06:32:30 --> UTF-8 Support Disabled
DEBUG - 2016-09-16 06:32:30 --> Global POST, GET and COOKIE data sanitized
DEBUG - 2016-09-16 06:32:30 --> cURL Class Initialized
DEBUG - 2016-09-16 06:32:30 --> OAuth2 class already loaded. Second attempt ignored.
DEBUG - 2016-09-16 06:32:30 --> C:\xampp\htdocs\bondora\application\libraries/MY_Table.php exists, but does not declare MY_Table
DEBUG - 2016-09-16 06:32:30 --> Session class already loaded. Second attempt ignored.
DEBUG - 2016-09-16 06:32:30 --> Total execution time: 0.3950
DEBUG - 2016-09-16 06:32:33 --> UTF-8 Support Disabled
DEBUG - 2016-09-16 06:32:33 --> Global POST, GET and COOKIE data sanitized
DEBUG - 2016-09-16 06:32:33 --> cURL Class Initialized
DEBUG - 2016-09-16 06:32:33 --> OAuth2 class already loaded. Second attempt ignored.
DEBUG - 2016-09-16 06:32:33 --> C:\xampp\htdocs\bondora\application\libraries/MY_Table.php exists, but does not declare MY_Table
DEBUG - 2016-09-16 06:32:33 --> Session class already loaded. Second attempt ignored.
DEBUG - 2016-09-16 06:32:33 --> Total execution time: 0.8691
DEBUG - 2016-09-16 06:32:34 --> UTF-8 Support Disabled
DEBUG - 2016-09-16 06:32:34 --> Global POST, GET and COOKIE data sanitized
DEBUG - 2016-09-16 06:32:34 --> cURL Class Initialized
DEBUG - 2016-09-16 06:32:34 --> OAuth2 class already loaded. Second attempt ignored.
DEBUG - 2016-09-16 06:32:34 --> C:\xampp\htdocs\bondora\application\libraries/MY_Table.php exists, but does not declare MY_Table
DEBUG - 2016-09-16 06:32:34 --> Session class already loaded. Second attempt ignored.
DEBUG - 2016-09-16 06:32:34 --> Total execution time: 0.4640
DEBUG - 2016-09-16 06:32:36 --> UTF-8 Support Disabled
DEBUG - 2016-09-16 06:32:36 --> Global POST, GET and COOKIE data sanitized
DEBUG - 2016-09-16 06:32:36 --> cURL Class Initialized
DEBUG - 2016-09-16 06:32:36 --> OAuth2 class already loaded. Second attempt ignored.
DEBUG - 2016-09-16 06:32:36 --> C:\xampp\htdocs\bondora\application\libraries/MY_Table.php exists, but does not declare MY_Table
DEBUG - 2016-09-16 06:32:36 --> Session class already loaded. Second attempt ignored.
DEBUG - 2016-09-16 06:32:37 --> Total execution time: 0.6471
DEBUG - 2016-09-16 06:32:37 --> UTF-8 Support Disabled
DEBUG - 2016-09-16 06:32:37 --> Global POST, GET and COOKIE data sanitized
DEBUG - 2016-09-16 06:32:37 --> cURL Class Initialized
DEBUG - 2016-09-16 06:32:37 --> OAuth2 class already loaded. Second attempt ignored.
DEBUG - 2016-09-16 06:32:37 --> C:\xampp\htdocs\bondora\application\libraries/MY_Table.php exists, but does not declare MY_Table
DEBUG - 2016-09-16 06:32:37 --> Session class already loaded. Second attempt ignored.
DEBUG - 2016-09-16 06:32:37 --> Total execution time: 0.4040
DEBUG - 2016-09-16 06:33:01 --> UTF-8 Support Disabled
DEBUG - 2016-09-16 06:33:01 --> Global POST, GET and COOKIE data sanitized
DEBUG - 2016-09-16 06:33:01 --> cURL Class Initialized
DEBUG - 2016-09-16 06:33:01 --> OAuth2 class already loaded. Second attempt ignored.
DEBUG - 2016-09-16 06:33:01 --> C:\xampp\htdocs\bondora\application\libraries/MY_Table.php exists, but does not declare MY_Table
DEBUG - 2016-09-16 06:33:01 --> Session class already loaded. Second attempt ignored.
DEBUG - 2016-09-16 06:33:01 --> SELECT *
FROM `select` `a`.*, `b`.`listedOnDate`, `b`.`xirr`, `b`.`secondaryId`, `b`.`desiredDiscountRate from bondora`.`investment_payload a LEFT JOIN bondora`.`secondary b ON a`.`loanPartId=b`.`loanPartId WHERE a`.`id=4654 and user="mehike" order by` `a`.`signedDate`, `a`.`auctionId`
DEBUG - 2016-09-16 06:33:01 --> SELECT *
FROM `select` `a`.*, `b`.`listedOnDate`, `b`.`xirr`, `b`.`secondaryId`, `b`.`desiredDiscountRate from bondora`.`investment_payload a LEFT JOIN bondora`.`secondary b ON a`.`loanPartId=b`.`loanPartId WHERE a`.`id=4631 and user="mehike" order by` `a`.`signedDate`, `a`.`auctionId`
DEBUG - 2016-09-16 06:33:01 --> SELECT *
FROM `select` `a`.*, `b`.`listedOnDate`, `b`.`xirr`, `b`.`secondaryId`, `b`.`desiredDiscountRate from bondora`.`investment_payload a LEFT JOIN bondora`.`secondary b ON a`.`loanPartId=b`.`loanPartId WHERE a`.`id=4637 and user="mehike" order by` `a`.`signedDate`, `a`.`auctionId`
DEBUG - 2016-09-16 06:33:01 --> SELECT *
FROM `select` `a`.*, `b`.`listedOnDate`, `b`.`xirr`, `b`.`secondaryId`, `b`.`desiredDiscountRate from bondora`.`investment_payload a LEFT JOIN bondora`.`secondary b ON a`.`loanPartId=b`.`loanPartId WHERE a`.`id=4639 and user="mehike" order by` `a`.`signedDate`, `a`.`auctionId`
DEBUG - 2016-09-16 06:33:01 --> SELECT *
FROM `select` `a`.*, `b`.`listedOnDate`, `b`.`xirr`, `b`.`secondaryId`, `b`.`desiredDiscountRate from bondora`.`investment_payload a LEFT JOIN bondora`.`secondary b ON a`.`loanPartId=b`.`loanPartId WHERE a`.`id=4640 and user="mehike" order by` `a`.`signedDate`, `a`.`auctionId`
DEBUG - 2016-09-16 06:33:01 --> SELECT *
FROM `select` `a`.*, `b`.`listedOnDate`, `b`.`xirr`, `b`.`secondaryId`, `b`.`desiredDiscountRate from bondora`.`investment_payload a LEFT JOIN bondora`.`secondary b ON a`.`loanPartId=b`.`loanPartId WHERE a`.`id=4641 and user="mehike" order by` `a`.`signedDate`, `a`.`auctionId`
DEBUG - 2016-09-16 06:33:01 --> SELECT *
FROM `select` `a`.*, `b`.`listedOnDate`, `b`.`xirr`, `b`.`secondaryId`, `b`.`desiredDiscountRate from bondora`.`investment_payload a LEFT JOIN bondora`.`secondary b ON a`.`loanPartId=b`.`loanPartId WHERE a`.`id=4643 and user="mehike" order by` `a`.`signedDate`, `a`.`auctionId`
DEBUG - 2016-09-16 06:33:01 --> SELECT *
FROM `select` `a`.*, `b`.`listedOnDate`, `b`.`xirr`, `b`.`secondaryId`, `b`.`desiredDiscountRate from bondora`.`investment_payload a LEFT JOIN bondora`.`secondary b ON a`.`loanPartId=b`.`loanPartId WHERE a`.`id=4646 and user="mehike" order by` `a`.`signedDate`, `a`.`auctionId`
DEBUG - 2016-09-16 06:33:01 --> SELECT *
FROM `select` `a`.*, `b`.`listedOnDate`, `b`.`xirr`, `b`.`secondaryId`, `b`.`desiredDiscountRate from bondora`.`investment_payload a LEFT JOIN bondora`.`secondary b ON a`.`loanPartId=b`.`loanPartId WHERE a`.`id=4647 and user="mehike" order by` `a`.`signedDate`, `a`.`auctionId`
DEBUG - 2016-09-16 06:33:01 --> SELECT *
FROM `select` `a`.*, `b`.`listedOnDate`, `b`.`xirr`, `b`.`secondaryId`, `b`.`desiredDiscountRate from bondora`.`investment_payload a LEFT JOIN bondora`.`secondary b ON a`.`loanPartId=b`.`loanPartId WHERE a`.`id=4651 and user="mehike" order by` `a`.`signedDate`, `a`.`auctionId`
DEBUG - 2016-09-16 06:33:01 --> SELECT *
FROM `select` `a`.*, `b`.`listedOnDate`, `b`.`xirr`, `b`.`secondaryId`, `b`.`desiredDiscountRate from bondora`.`investment_payload a LEFT JOIN bondora`.`secondary b ON a`.`loanPartId=b`.`loanPartId WHERE a`.`id=4652 and user="mehike" order by` `a`.`signedDate`, `a`.`auctionId`
DEBUG - 2016-09-16 06:33:01 --> SELECT *
FROM `select` `a`.*, `b`.`listedOnDate`, `b`.`xirr`, `b`.`secondaryId`, `b`.`desiredDiscountRate from bondora`.`investment_payload a LEFT JOIN bondora`.`secondary b ON a`.`loanPartId=b`.`loanPartId WHERE a`.`id=4653 and user="mehike" order by` `a`.`signedDate`, `a`.`auctionId`
DEBUG - 2016-09-16 06:33:10 --> Total execution time: 9.8360
DEBUG - 2016-09-16 06:33:10 --> UTF-8 Support Disabled
DEBUG - 2016-09-16 06:33:10 --> Global POST, GET and COOKIE data sanitized
ERROR - 2016-09-16 06:33:10 --> 404 Page Not Found: Investments/bootstrap
DEBUG - 2016-09-16 06:33:12 --> UTF-8 Support Disabled
DEBUG - 2016-09-16 06:33:12 --> Global POST, GET and COOKIE data sanitized
DEBUG - 2016-09-16 06:33:12 --> cURL Class Initialized
DEBUG - 2016-09-16 06:33:12 --> OAuth2 class already loaded. Second attempt ignored.
DEBUG - 2016-09-16 06:33:12 --> C:\xampp\htdocs\bondora\application\libraries/MY_Table.php exists, but does not declare MY_Table
DEBUG - 2016-09-16 06:33:12 --> Session class already loaded. Second attempt ignored.
DEBUG - 2016-09-16 06:33:12 --> SELECT *
FROM `select` `a`.*, `b`.`listedOnDate`, `b`.`xirr`, `b`.`secondaryId`, `b`.`desiredDiscountRate from bondora`.`investment_payload a LEFT JOIN bondora`.`secondary b ON a`.`loanPartId=b`.`loanPartId and a`.`user=b`.`user where a`.`user="mehike" order by` `a`.`signedDate`, `a`.`auctionId`
ERROR - 2016-09-16 06:33:12 --> Severity: Notice --> Undefined offset: 33 C:\xampp\htdocs\bondora\application\views\investments\index.php 880
ERROR - 2016-09-16 06:33:12 --> Severity: Notice --> Undefined offset: 35 C:\xampp\htdocs\bondora\application\views\investments\index.php 880
ERROR - 2016-09-16 06:33:12 --> Severity: Notice --> Undefined offset: 35 C:\xampp\htdocs\bondora\application\views\investments\index.php 880
ERROR - 2016-09-16 06:33:12 --> Severity: Notice --> Undefined offset: 35 C:\xampp\htdocs\bondora\application\views\investments\index.php 880
ERROR - 2016-09-16 06:33:12 --> Severity: Notice --> Undefined offset: 30 C:\xampp\htdocs\bondora\application\views\investments\index.php 880
ERROR - 2016-09-16 06:33:12 --> Severity: Notice --> Undefined offset: 33 C:\xampp\htdocs\bondora\application\views\investments\index.php 880
ERROR - 2016-09-16 06:33:12 --> Severity: Notice --> Undefined offset: 35 C:\xampp\htdocs\bondora\application\views\investments\index.php 880
ERROR - 2016-09-16 06:33:12 --> Severity: Notice --> Undefined offset: 35 C:\xampp\htdocs\bondora\application\views\investments\index.php 880
ERROR - 2016-09-16 06:33:12 --> Severity: Notice --> Undefined offset: 35 C:\xampp\htdocs\bondora\application\views\investments\index.php 880
ERROR - 2016-09-16 06:33:12 --> Severity: Notice --> Undefined offset: 33 C:\xampp\htdocs\bondora\application\views\investments\index.php 880
ERROR - 2016-09-16 06:33:12 --> Severity: Notice --> Undefined offset: 41 C:\xampp\htdocs\bondora\application\views\investments\index.php 880
ERROR - 2016-09-16 06:33:12 --> Severity: Notice --> Undefined offset: 30 C:\xampp\htdocs\bondora\application\views\investments\index.php 880
ERROR - 2016-09-16 06:33:12 --> Severity: Notice --> Undefined offset: 33 C:\xampp\htdocs\bondora\application\views\investments\index.php 880
ERROR - 2016-09-16 06:33:12 --> Severity: Notice --> Undefined offset: 33 C:\xampp\htdocs\bondora\application\views\investments\index.php 880
ERROR - 2016-09-16 06:33:12 --> Severity: Notice --> Undefined offset: 33 C:\xampp\htdocs\bondora\application\views\investments\index.php 880
DEBUG - 2016-09-16 06:33:12 --> Total execution time: 0.1250
DEBUG - 2016-09-16 06:33:13 --> UTF-8 Support Disabled
DEBUG - 2016-09-16 06:33:13 --> Global POST, GET and COOKIE data sanitized
ERROR - 2016-09-16 06:33:13 --> 404 Page Not Found: Investments/bootstrap
DEBUG - 2016-09-16 06:33:17 --> UTF-8 Support Disabled
DEBUG - 2016-09-16 06:33:17 --> Global POST, GET and COOKIE data sanitized
DEBUG - 2016-09-16 06:33:17 --> cURL Class Initialized
DEBUG - 2016-09-16 06:33:17 --> OAuth2 class already loaded. Second attempt ignored.
DEBUG - 2016-09-16 06:33:17 --> C:\xampp\htdocs\bondora\application\libraries/MY_Table.php exists, but does not declare MY_Table
DEBUG - 2016-09-16 06:33:17 --> Session class already loaded. Second attempt ignored.
DEBUG - 2016-09-16 06:33:18 --> SELECT *
FROM `select` `a`.*, `b`.`listedOnDate`, `b`.`xirr`, `b`.`secondaryId`, `b`.`desiredDiscountRate from bondora`.`investment_payload a LEFT JOIN bondora`.`secondary b ON a`.`loanPartId=b`.`loanPartId and a`.`user=b`.`user where a`.`user="mehike" order by` `a`.`signedDate`, `a`.`auctionId`
ERROR - 2016-09-16 06:33:18 --> Severity: Notice --> Undefined offset: 33 C:\xampp\htdocs\bondora\application\views\investments\index.php 880
ERROR - 2016-09-16 06:33:18 --> Severity: Notice --> Undefined offset: 35 C:\xampp\htdocs\bondora\application\views\investments\index.php 880
ERROR - 2016-09-16 06:33:18 --> Severity: Notice --> Undefined offset: 35 C:\xampp\htdocs\bondora\application\views\investments\index.php 880
ERROR - 2016-09-16 06:33:18 --> Severity: Notice --> Undefined offset: 35 C:\xampp\htdocs\bondora\application\views\investments\index.php 880
ERROR - 2016-09-16 06:33:18 --> Severity: Notice --> Undefined offset: 33 C:\xampp\htdocs\bondora\application\views\investments\index.php 880
ERROR - 2016-09-16 06:33:18 --> Severity: Notice --> Undefined offset: 35 C:\xampp\htdocs\bondora\application\views\investments\index.php 880
ERROR - 2016-09-16 06:33:18 --> Severity: Notice --> Undefined offset: 35 C:\xampp\htdocs\bondora\application\views\investments\index.php 880
ERROR - 2016-09-16 06:33:18 --> Severity: Notice --> Undefined offset: 35 C:\xampp\htdocs\bondora\application\views\investments\index.php 880
ERROR - 2016-09-16 06:33:18 --> Severity: Notice --> Undefined offset: 33 C:\xampp\htdocs\bondora\application\views\investments\index.php 880
ERROR - 2016-09-16 06:33:18 --> Severity: Notice --> Undefined offset: 41 C:\xampp\htdocs\bondora\application\views\investments\index.php 880
ERROR - 2016-09-16 06:33:18 --> Severity: Notice --> Undefined offset: 33 C:\xampp\htdocs\bondora\application\views\investments\index.php 880
ERROR - 2016-09-16 06:33:18 --> Severity: Notice --> Undefined offset: 33 C:\xampp\htdocs\bondora\application\views\investments\index.php 880
ERROR - 2016-09-16 06:33:18 --> Severity: Notice --> Undefined offset: 33 C:\xampp\htdocs\bondora\application\views\investments\index.php 880
DEBUG - 2016-09-16 06:33:18 --> Total execution time: 1.3151
DEBUG - 2016-09-16 06:33:18 --> UTF-8 Support Disabled
DEBUG - 2016-09-16 06:33:18 --> Global POST, GET and COOKIE data sanitized
ERROR - 2016-09-16 06:33:18 --> 404 Page Not Found: Investments/bootstrap
DEBUG - 2016-09-16 06:33:22 --> UTF-8 Support Disabled
DEBUG - 2016-09-16 06:33:22 --> Global POST, GET and COOKIE data sanitized
DEBUG - 2016-09-16 06:33:22 --> cURL Class Initialized
DEBUG - 2016-09-16 06:33:22 --> OAuth2 class already loaded. Second attempt ignored.
DEBUG - 2016-09-16 06:33:22 --> C:\xampp\htdocs\bondora\application\libraries/MY_Table.php exists, but does not declare MY_Table
DEBUG - 2016-09-16 06:33:22 --> Session class already loaded. Second attempt ignored.
DEBUG - 2016-09-16 06:33:23 --> Total execution time: 1.0191
DEBUG - 2016-09-16 06:33:23 --> UTF-8 Support Disabled
DEBUG - 2016-09-16 06:33:23 --> Global POST, GET and COOKIE data sanitized
DEBUG - 2016-09-16 06:33:23 --> cURL Class Initialized
DEBUG - 2016-09-16 06:33:23 --> OAuth2 class already loaded. Second attempt ignored.
DEBUG - 2016-09-16 06:33:23 --> C:\xampp\htdocs\bondora\application\libraries/MY_Table.php exists, but does not declare MY_Table
DEBUG - 2016-09-16 06:33:23 --> Session class already loaded. Second attempt ignored.
DEBUG - 2016-09-16 06:33:23 --> Total execution time: 0.4030
DEBUG - 2016-09-16 06:33:34 --> UTF-8 Support Disabled
DEBUG - 2016-09-16 06:33:34 --> Global POST, GET and COOKIE data sanitized
DEBUG - 2016-09-16 06:33:34 --> cURL Class Initialized
DEBUG - 2016-09-16 06:33:34 --> OAuth2 class already loaded. Second attempt ignored.
DEBUG - 2016-09-16 06:33:34 --> C:\xampp\htdocs\bondora\application\libraries/MY_Table.php exists, but does not declare MY_Table
DEBUG - 2016-09-16 06:33:34 --> Session class already loaded. Second attempt ignored.
DEBUG - 2016-09-16 06:33:34 --> SELECT *
FROM `select` `a`.*, `b`.`listedOnDate`, `b`.`xirr`, `b`.`secondaryId`, `b`.`desiredDiscountRate from bondora`.`investment_payload a LEFT JOIN bondora`.`secondary b ON a`.`loanPartId=b`.`loanPartId WHERE a`.`id=4664 and user="mehike" order by` `a`.`signedDate`, `a`.`auctionId`
DEBUG - 2016-09-16 06:33:35 --> Total execution time: 1.3611
DEBUG - 2016-09-16 06:33:35 --> UTF-8 Support Disabled
DEBUG - 2016-09-16 06:33:35 --> Global POST, GET and COOKIE data sanitized
ERROR - 2016-09-16 06:33:35 --> 404 Page Not Found: Investments/bootstrap
DEBUG - 2016-09-16 06:33:39 --> UTF-8 Support Disabled
DEBUG - 2016-09-16 06:33:39 --> Global POST, GET and COOKIE data sanitized
DEBUG - 2016-09-16 06:33:39 --> cURL Class Initialized
DEBUG - 2016-09-16 06:33:39 --> OAuth2 class already loaded. Second attempt ignored.
DEBUG - 2016-09-16 06:33:39 --> C:\xampp\htdocs\bondora\application\libraries/MY_Table.php exists, but does not declare MY_Table
DEBUG - 2016-09-16 06:33:39 --> Session class already loaded. Second attempt ignored.
DEBUG - 2016-09-16 06:33:39 --> SELECT *
FROM `select` `a`.*, `b`.`listedOnDate`, `b`.`xirr`, `b`.`secondaryId`, `b`.`desiredDiscountRate from bondora`.`investment_payload a LEFT JOIN bondora`.`secondary b ON a`.`loanPartId=b`.`loanPartId and a`.`user=b`.`user where a`.`user="mehike" order by` `a`.`signedDate`, `a`.`auctionId`
ERROR - 2016-09-16 06:33:39 --> Severity: Notice --> Undefined offset: 33 C:\xampp\htdocs\bondora\application\views\investments\index.php 880
ERROR - 2016-09-16 06:33:39 --> Severity: Notice --> Undefined offset: 35 C:\xampp\htdocs\bondora\application\views\investments\index.php 880
ERROR - 2016-09-16 06:33:39 --> Severity: Notice --> Undefined offset: 35 C:\xampp\htdocs\bondora\application\views\investments\index.php 880
ERROR - 2016-09-16 06:33:39 --> Severity: Notice --> Undefined offset: 35 C:\xampp\htdocs\bondora\application\views\investments\index.php 880
ERROR - 2016-09-16 06:33:39 --> Severity: Notice --> Undefined offset: 30 C:\xampp\htdocs\bondora\application\views\investments\index.php 880
ERROR - 2016-09-16 06:33:39 --> Severity: Notice --> Undefined offset: 33 C:\xampp\htdocs\bondora\application\views\investments\index.php 880
ERROR - 2016-09-16 06:33:39 --> Severity: Notice --> Undefined offset: 35 C:\xampp\htdocs\bondora\application\views\investments\index.php 880
ERROR - 2016-09-16 06:33:39 --> Severity: Notice --> Undefined offset: 35 C:\xampp\htdocs\bondora\application\views\investments\index.php 880
ERROR - 2016-09-16 06:33:39 --> Severity: Notice --> Undefined offset: 35 C:\xampp\htdocs\bondora\application\views\investments\index.php 880
ERROR - 2016-09-16 06:33:39 --> Severity: Notice --> Undefined offset: 33 C:\xampp\htdocs\bondora\application\views\investments\index.php 880
ERROR - 2016-09-16 06:33:39 --> Severity: Notice --> Undefined offset: 41 C:\xampp\htdocs\bondora\application\views\investments\index.php 880
ERROR - 2016-09-16 06:33:39 --> Severity: Notice --> Undefined offset: 30 C:\xampp\htdocs\bondora\application\views\investments\index.php 880
ERROR - 2016-09-16 06:33:39 --> Severity: Notice --> Undefined offset: 33 C:\xampp\htdocs\bondora\application\views\investments\index.php 880
ERROR - 2016-09-16 06:33:39 --> Severity: Notice --> Undefined offset: 33 C:\xampp\htdocs\bondora\application\views\investments\index.php 880
ERROR - 2016-09-16 06:33:39 --> Severity: Notice --> Undefined offset: 33 C:\xampp\htdocs\bondora\application\views\investments\index.php 880
DEBUG - 2016-09-16 06:33:39 --> Total execution time: 0.1030
DEBUG - 2016-09-16 06:33:40 --> UTF-8 Support Disabled
DEBUG - 2016-09-16 06:33:40 --> Global POST, GET and COOKIE data sanitized
ERROR - 2016-09-16 06:33:40 --> 404 Page Not Found: Investments/bootstrap
DEBUG - 2016-09-16 06:33:41 --> UTF-8 Support Disabled
DEBUG - 2016-09-16 06:33:41 --> Global POST, GET and COOKIE data sanitized
DEBUG - 2016-09-16 06:33:41 --> cURL Class Initialized
DEBUG - 2016-09-16 06:33:41 --> OAuth2 class already loaded. Second attempt ignored.
DEBUG - 2016-09-16 06:33:41 --> C:\xampp\htdocs\bondora\application\libraries/MY_Table.php exists, but does not declare MY_Table
DEBUG - 2016-09-16 06:33:41 --> Session class already loaded. Second attempt ignored.
DEBUG - 2016-09-16 06:33:43 --> SELECT *
FROM `select` `a`.*, `b`.`listedOnDate`, `b`.`xirr`, `b`.`secondaryId`, `b`.`desiredDiscountRate from bondora`.`investment_payload a LEFT JOIN bondora`.`secondary b ON a`.`loanPartId=b`.`loanPartId and a`.`user=b`.`user where a`.`user="mehike" order by` `a`.`signedDate`, `a`.`auctionId`
ERROR - 2016-09-16 06:33:43 --> Severity: Notice --> Undefined offset: 33 C:\xampp\htdocs\bondora\application\views\investments\index.php 880
ERROR - 2016-09-16 06:33:43 --> Severity: Notice --> Undefined offset: 35 C:\xampp\htdocs\bondora\application\views\investments\index.php 880
ERROR - 2016-09-16 06:33:43 --> Severity: Notice --> Undefined offset: 35 C:\xampp\htdocs\bondora\application\views\investments\index.php 880
ERROR - 2016-09-16 06:33:43 --> Severity: Notice --> Undefined offset: 35 C:\xampp\htdocs\bondora\application\views\investments\index.php 880
ERROR - 2016-09-16 06:33:43 --> Severity: Notice --> Undefined offset: 33 C:\xampp\htdocs\bondora\application\views\investments\index.php 880
ERROR - 2016-09-16 06:33:43 --> Severity: Notice --> Undefined offset: 35 C:\xampp\htdocs\bondora\application\views\investments\index.php 880
ERROR - 2016-09-16 06:33:43 --> Severity: Notice --> Undefined offset: 35 C:\xampp\htdocs\bondora\application\views\investments\index.php 880
ERROR - 2016-09-16 06:33:43 --> Severity: Notice --> Undefined offset: 35 C:\xampp\htdocs\bondora\application\views\investments\index.php 880
ERROR - 2016-09-16 06:33:43 --> Severity: Notice --> Undefined offset: 33 C:\xampp\htdocs\bondora\application\views\investments\index.php 880
ERROR - 2016-09-16 06:33:43 --> Severity: Notice --> Undefined offset: 41 C:\xampp\htdocs\bondora\application\views\investments\index.php 880
ERROR - 2016-09-16 06:33:43 --> Severity: Notice --> Undefined offset: 33 C:\xampp\htdocs\bondora\application\views\investments\index.php 880
ERROR - 2016-09-16 06:33:43 --> Severity: Notice --> Undefined offset: 33 C:\xampp\htdocs\bondora\application\views\investments\index.php 880
ERROR - 2016-09-16 06:33:43 --> Severity: Notice --> Undefined offset: 33 C:\xampp\htdocs\bondora\application\views\investments\index.php 880
DEBUG - 2016-09-16 06:33:43 --> Total execution time: 1.4741
DEBUG - 2016-09-16 06:33:43 --> UTF-8 Support Disabled
DEBUG - 2016-09-16 06:33:43 --> Global POST, GET and COOKIE data sanitized
ERROR - 2016-09-16 06:33:43 --> 404 Page Not Found: Investments/bootstrap
DEBUG - 2016-09-16 06:33:46 --> UTF-8 Support Disabled
DEBUG - 2016-09-16 06:33:46 --> Global POST, GET and COOKIE data sanitized
DEBUG - 2016-09-16 06:33:46 --> cURL Class Initialized
DEBUG - 2016-09-16 06:33:46 --> OAuth2 class already loaded. Second attempt ignored.
DEBUG - 2016-09-16 06:33:46 --> C:\xampp\htdocs\bondora\application\libraries/MY_Table.php exists, but does not declare MY_Table
DEBUG - 2016-09-16 06:33:46 --> Session class already loaded. Second attempt ignored.
DEBUG - 2016-09-16 06:33:46 --> UTF-8 Support Disabled
DEBUG - 2016-09-16 06:33:46 --> Global POST, GET and COOKIE data sanitized
DEBUG - 2016-09-16 06:33:46 --> cURL Class Initialized
DEBUG - 2016-09-16 06:33:46 --> OAuth2 class already loaded. Second attempt ignored.
DEBUG - 2016-09-16 06:33:46 --> Session class already loaded. Second attempt ignored.
DEBUG - 2016-09-16 06:33:46 --> Total execution time: 0.0830
DEBUG - 2016-09-16 06:33:46 --> UTF-8 Support Disabled
DEBUG - 2016-09-16 06:33:46 --> Global POST, GET and COOKIE data sanitized
ERROR - 2016-09-16 06:33:46 --> 404 Page Not Found: User/bootstrap
