DEBUG - 2016-08-01 06:01:44 --> UTF-8 Support Disabled
DEBUG - 2016-08-01 06:01:44 --> Global POST, GET and COOKIE data sanitized
DEBUG - 2016-08-01 06:01:44 --> cURL Class Initialized
DEBUG - 2016-08-01 06:01:44 --> OAuth2 class already loaded. Second attempt ignored.
DEBUG - 2016-08-01 06:01:44 --> C:\xampp\htdocs\bondora\application\libraries/MY_Table.php exists, but does not declare MY_Table
DEBUG - 2016-08-01 06:01:44 --> Session class already loaded. Second attempt ignored.
DEBUG - 2016-08-01 06:01:44 --> UTF-8 Support Disabled
DEBUG - 2016-08-01 06:01:44 --> Global POST, GET and COOKIE data sanitized
DEBUG - 2016-08-01 06:01:44 --> cURL Class Initialized
DEBUG - 2016-08-01 06:01:44 --> OAuth2 class already loaded. Second attempt ignored.
DEBUG - 2016-08-01 06:01:44 --> Session class already loaded. Second attempt ignored.
DEBUG - 2016-08-01 06:01:44 --> Total execution time: 0.0550
DEBUG - 2016-08-01 06:01:44 --> UTF-8 Support Disabled
DEBUG - 2016-08-01 06:01:44 --> Global POST, GET and COOKIE data sanitized
ERROR - 2016-08-01 06:01:44 --> 404 Page Not Found: User/bootstrap
DEBUG - 2016-08-01 06:01:46 --> UTF-8 Support Disabled
DEBUG - 2016-08-01 06:01:46 --> Global POST, GET and COOKIE data sanitized
DEBUG - 2016-08-01 06:01:46 --> cURL Class Initialized
DEBUG - 2016-08-01 06:01:46 --> OAuth2 class already loaded. Second attempt ignored.
DEBUG - 2016-08-01 06:01:46 --> Session class already loaded. Second attempt ignored.
DEBUG - 2016-08-01 06:01:46 --> UTF-8 Support Disabled
DEBUG - 2016-08-01 06:01:46 --> Global POST, GET and COOKIE data sanitized
DEBUG - 2016-08-01 06:01:47 --> cURL Class Initialized
DEBUG - 2016-08-01 06:01:47 --> OAuth2 class already loaded. Second attempt ignored.
DEBUG - 2016-08-01 06:01:47 --> C:\xampp\htdocs\bondora\application\libraries/MY_Table.php exists, but does not declare MY_Table
DEBUG - 2016-08-01 06:01:47 --> Session class already loaded. Second attempt ignored.
DEBUG - 2016-08-01 06:01:47 --> SELECT *
FROM `select` `a`.*, `b`.`statusCode from auction_payload a LEFT JOIN bid_payload b ON a`.`auctionId=b`.`auctionId and a`.`user=b`.`userName where` `user="mehike"`
DEBUG - 2016-08-01 06:01:47 --> Total execution time: 0.1090
DEBUG - 2016-08-01 06:01:47 --> UTF-8 Support Disabled
DEBUG - 2016-08-01 06:01:47 --> Global POST, GET and COOKIE data sanitized
ERROR - 2016-08-01 06:01:47 --> 404 Page Not Found: Auctions/bootstrap
DEBUG - 2016-08-01 06:01:53 --> UTF-8 Support Disabled
DEBUG - 2016-08-01 06:01:53 --> Global POST, GET and COOKIE data sanitized
DEBUG - 2016-08-01 06:01:53 --> cURL Class Initialized
DEBUG - 2016-08-01 06:01:53 --> OAuth2 class already loaded. Second attempt ignored.
DEBUG - 2016-08-01 06:01:53 --> C:\xampp\htdocs\bondora\application\libraries/MY_Table.php exists, but does not declare MY_Table
DEBUG - 2016-08-01 06:01:53 --> Session class already loaded. Second attempt ignored.
DEBUG - 2016-08-01 06:01:53 --> SELECT *
FROM `select` `a`.*, `b`.`listedOnDate`, `b`.`xirr`, `b`.`secondaryId`, `b`.`desiredDiscountRate from bondora`.`investment_payload a LEFT JOIN bondora`.`secondary b ON a`.`loanPartId=b`.`loanPartId and a`.`user=b`.`user where a`.`user="mehike" order by` `a`.`signedDate`, `a`.`auctionId`
ERROR - 2016-08-01 06:01:53 --> Severity: Notice --> Undefined offset: 33 C:\xampp\htdocs\bondora\application\views\investments\index.php 880
ERROR - 2016-08-01 06:01:53 --> Severity: Notice --> Undefined offset: 33 C:\xampp\htdocs\bondora\application\views\investments\index.php 880
ERROR - 2016-08-01 06:01:53 --> Severity: Notice --> Undefined offset: 33 C:\xampp\htdocs\bondora\application\views\investments\index.php 880
ERROR - 2016-08-01 06:01:53 --> Severity: Notice --> Undefined offset: 33 C:\xampp\htdocs\bondora\application\views\investments\index.php 880
ERROR - 2016-08-01 06:01:53 --> Severity: Notice --> Undefined offset: 31 C:\xampp\htdocs\bondora\application\views\investments\index.php 880
ERROR - 2016-08-01 06:01:53 --> Severity: Notice --> Undefined offset: 33 C:\xampp\htdocs\bondora\application\views\investments\index.php 880
ERROR - 2016-08-01 06:01:53 --> Severity: Notice --> Undefined offset: 33 C:\xampp\htdocs\bondora\application\views\investments\index.php 880
ERROR - 2016-08-01 06:01:53 --> Severity: Notice --> Undefined offset: 30 C:\xampp\htdocs\bondora\application\views\investments\index.php 880
ERROR - 2016-08-01 06:01:53 --> Severity: Notice --> Undefined offset: 32 C:\xampp\htdocs\bondora\application\views\investments\index.php 880
ERROR - 2016-08-01 06:01:53 --> Severity: Notice --> Undefined offset: 32 C:\xampp\htdocs\bondora\application\views\investments\index.php 880
ERROR - 2016-08-01 06:01:53 --> Severity: Notice --> Undefined offset: 32 C:\xampp\htdocs\bondora\application\views\investments\index.php 880
ERROR - 2016-08-01 06:01:53 --> Severity: Notice --> Undefined offset: 33 C:\xampp\htdocs\bondora\application\views\investments\index.php 880
ERROR - 2016-08-01 06:01:53 --> Severity: Notice --> Undefined offset: 33 C:\xampp\htdocs\bondora\application\views\investments\index.php 880
ERROR - 2016-08-01 06:01:53 --> Severity: Notice --> Undefined offset: 33 C:\xampp\htdocs\bondora\application\views\investments\index.php 880
ERROR - 2016-08-01 06:01:53 --> Severity: Notice --> Undefined offset: 33 C:\xampp\htdocs\bondora\application\views\investments\index.php 880
ERROR - 2016-08-01 06:01:53 --> Severity: Notice --> Undefined offset: 41 C:\xampp\htdocs\bondora\application\views\investments\index.php 880
ERROR - 2016-08-01 06:01:53 --> Severity: Notice --> Undefined offset: 30 C:\xampp\htdocs\bondora\application\views\investments\index.php 880
ERROR - 2016-08-01 06:01:53 --> Severity: Notice --> Undefined offset: 31 C:\xampp\htdocs\bondora\application\views\investments\index.php 880
ERROR - 2016-08-01 06:01:53 --> Severity: Notice --> Undefined offset: 33 C:\xampp\htdocs\bondora\application\views\investments\index.php 880
ERROR - 2016-08-01 06:01:53 --> Severity: Notice --> Undefined offset: 33 C:\xampp\htdocs\bondora\application\views\investments\index.php 880
ERROR - 2016-08-01 06:01:53 --> Severity: Notice --> Undefined offset: 32 C:\xampp\htdocs\bondora\application\views\investments\index.php 880
DEBUG - 2016-08-01 06:01:53 --> Total execution time: 0.1170
DEBUG - 2016-08-01 06:01:53 --> UTF-8 Support Disabled
DEBUG - 2016-08-01 06:01:53 --> Global POST, GET and COOKIE data sanitized
ERROR - 2016-08-01 06:01:53 --> 404 Page Not Found: Investments/bootstrap
DEBUG - 2016-08-01 06:01:57 --> UTF-8 Support Disabled
DEBUG - 2016-08-01 06:01:57 --> Global POST, GET and COOKIE data sanitized
DEBUG - 2016-08-01 06:01:57 --> cURL Class Initialized
DEBUG - 2016-08-01 06:01:57 --> OAuth2 class already loaded. Second attempt ignored.
DEBUG - 2016-08-01 06:01:57 --> C:\xampp\htdocs\bondora\application\libraries/MY_Table.php exists, but does not declare MY_Table
DEBUG - 2016-08-01 06:01:57 --> Session class already loaded. Second attempt ignored.
DEBUG - 2016-08-01 06:01:58 --> UTF-8 Support Disabled
DEBUG - 2016-08-01 06:01:58 --> Global POST, GET and COOKIE data sanitized
DEBUG - 2016-08-01 06:01:58 --> cURL Class Initialized
DEBUG - 2016-08-01 06:01:58 --> OAuth2 class already loaded. Second attempt ignored.
DEBUG - 2016-08-01 06:02:03 --> UTF-8 Support Disabled
DEBUG - 2016-08-01 06:02:03 --> Global POST, GET and COOKIE data sanitized
DEBUG - 2016-08-01 06:02:03 --> cURL Class Initialized
DEBUG - 2016-08-01 06:02:03 --> OAuth2 class already loaded. Second attempt ignored.
DEBUG - 2016-08-01 06:02:06 --> UTF-8 Support Disabled
DEBUG - 2016-08-01 06:02:06 --> Global POST, GET and COOKIE data sanitized
DEBUG - 2016-08-01 06:02:06 --> cURL Class Initialized
DEBUG - 2016-08-01 06:02:06 --> OAuth2 class already loaded. Second attempt ignored.
DEBUG - 2016-08-01 06:02:06 --> C:\xampp\htdocs\bondora\application\libraries/MY_Table.php exists, but does not declare MY_Table
DEBUG - 2016-08-01 06:02:06 --> Session class already loaded. Second attempt ignored.
DEBUG - 2016-08-01 06:02:06 --> SELECT *
FROM `select` `a`.*, `b`.`listedOnDate`, `b`.`xirr`, `b`.`secondaryId`, `b`.`desiredDiscountRate from bondora`.`investment_payload a LEFT JOIN bondora`.`secondary b ON a`.`loanPartId=b`.`loanPartId and a`.`user=b`.`user where a`.`user="mehike" order by` `a`.`signedDate`, `a`.`auctionId`
ERROR - 2016-08-01 06:02:06 --> Severity: Notice --> Undefined offset: 33 C:\xampp\htdocs\bondora\application\views\investments\index.php 880
ERROR - 2016-08-01 06:02:06 --> Severity: Notice --> Undefined offset: 33 C:\xampp\htdocs\bondora\application\views\investments\index.php 880
ERROR - 2016-08-01 06:02:06 --> Severity: Notice --> Undefined offset: 33 C:\xampp\htdocs\bondora\application\views\investments\index.php 880
ERROR - 2016-08-01 06:02:06 --> Severity: Notice --> Undefined offset: 33 C:\xampp\htdocs\bondora\application\views\investments\index.php 880
ERROR - 2016-08-01 06:02:06 --> Severity: Notice --> Undefined offset: 31 C:\xampp\htdocs\bondora\application\views\investments\index.php 880
ERROR - 2016-08-01 06:02:06 --> Severity: Notice --> Undefined offset: 33 C:\xampp\htdocs\bondora\application\views\investments\index.php 880
ERROR - 2016-08-01 06:02:06 --> Severity: Notice --> Undefined offset: 33 C:\xampp\htdocs\bondora\application\views\investments\index.php 880
ERROR - 2016-08-01 06:02:06 --> Severity: Notice --> Undefined offset: 30 C:\xampp\htdocs\bondora\application\views\investments\index.php 880
ERROR - 2016-08-01 06:02:06 --> Severity: Notice --> Undefined offset: 32 C:\xampp\htdocs\bondora\application\views\investments\index.php 880
ERROR - 2016-08-01 06:02:06 --> Severity: Notice --> Undefined offset: 32 C:\xampp\htdocs\bondora\application\views\investments\index.php 880
ERROR - 2016-08-01 06:02:06 --> Severity: Notice --> Undefined offset: 32 C:\xampp\htdocs\bondora\application\views\investments\index.php 880
ERROR - 2016-08-01 06:02:06 --> Severity: Notice --> Undefined offset: 33 C:\xampp\htdocs\bondora\application\views\investments\index.php 880
ERROR - 2016-08-01 06:02:06 --> Severity: Notice --> Undefined offset: 33 C:\xampp\htdocs\bondora\application\views\investments\index.php 880
ERROR - 2016-08-01 06:02:06 --> Severity: Notice --> Undefined offset: 33 C:\xampp\htdocs\bondora\application\views\investments\index.php 880
ERROR - 2016-08-01 06:02:06 --> Severity: Notice --> Undefined offset: 33 C:\xampp\htdocs\bondora\application\views\investments\index.php 880
ERROR - 2016-08-01 06:02:06 --> Severity: Notice --> Undefined offset: 41 C:\xampp\htdocs\bondora\application\views\investments\index.php 880
ERROR - 2016-08-01 06:02:06 --> Severity: Notice --> Undefined offset: 30 C:\xampp\htdocs\bondora\application\views\investments\index.php 880
ERROR - 2016-08-01 06:02:06 --> Severity: Notice --> Undefined offset: 31 C:\xampp\htdocs\bondora\application\views\investments\index.php 880
ERROR - 2016-08-01 06:02:06 --> Severity: Notice --> Undefined offset: 33 C:\xampp\htdocs\bondora\application\views\investments\index.php 880
ERROR - 2016-08-01 06:02:06 --> Severity: Notice --> Undefined offset: 33 C:\xampp\htdocs\bondora\application\views\investments\index.php 880
ERROR - 2016-08-01 06:02:06 --> Severity: Notice --> Undefined offset: 32 C:\xampp\htdocs\bondora\application\views\investments\index.php 880
DEBUG - 2016-08-01 06:02:06 --> Total execution time: 0.4630
DEBUG - 2016-08-01 06:02:06 --> UTF-8 Support Disabled
DEBUG - 2016-08-01 06:02:06 --> Global POST, GET and COOKIE data sanitized
ERROR - 2016-08-01 06:02:06 --> 404 Page Not Found: Investments/bootstrap
DEBUG - 2016-08-01 06:02:10 --> UTF-8 Support Disabled
DEBUG - 2016-08-01 06:02:10 --> Global POST, GET and COOKIE data sanitized
DEBUG - 2016-08-01 06:02:10 --> cURL Class Initialized
DEBUG - 2016-08-01 06:02:10 --> OAuth2 class already loaded. Second attempt ignored.
DEBUG - 2016-08-01 06:02:10 --> C:\xampp\htdocs\bondora\application\libraries/MY_Table.php exists, but does not declare MY_Table
DEBUG - 2016-08-01 06:02:10 --> Session class already loaded. Second attempt ignored.
DEBUG - 2016-08-01 06:02:13 --> SELECT *
FROM `select` `a`.*, `b`.`listedOnDate`, `b`.`xirr`, `b`.`secondaryId`, `b`.`desiredDiscountRate from bondora`.`investment_payload a LEFT JOIN bondora`.`secondary b ON a`.`loanPartId=b`.`loanPartId and a`.`user=b`.`user where a`.`user="mehike" order by` `a`.`signedDate`, `a`.`auctionId`
ERROR - 2016-08-01 06:02:13 --> Severity: Notice --> Undefined offset: 33 C:\xampp\htdocs\bondora\application\views\investments\index.php 880
ERROR - 2016-08-01 06:02:13 --> Severity: Notice --> Undefined offset: 33 C:\xampp\htdocs\bondora\application\views\investments\index.php 880
ERROR - 2016-08-01 06:02:13 --> Severity: Notice --> Undefined offset: 33 C:\xampp\htdocs\bondora\application\views\investments\index.php 880
ERROR - 2016-08-01 06:02:13 --> Severity: Notice --> Undefined offset: 33 C:\xampp\htdocs\bondora\application\views\investments\index.php 880
ERROR - 2016-08-01 06:02:13 --> Severity: Notice --> Undefined offset: 31 C:\xampp\htdocs\bondora\application\views\investments\index.php 880
ERROR - 2016-08-01 06:02:13 --> Severity: Notice --> Undefined offset: 33 C:\xampp\htdocs\bondora\application\views\investments\index.php 880
ERROR - 2016-08-01 06:02:13 --> Severity: Notice --> Undefined offset: 33 C:\xampp\htdocs\bondora\application\views\investments\index.php 880
ERROR - 2016-08-01 06:02:13 --> Severity: Notice --> Undefined offset: 32 C:\xampp\htdocs\bondora\application\views\investments\index.php 880
ERROR - 2016-08-01 06:02:13 --> Severity: Notice --> Undefined offset: 32 C:\xampp\htdocs\bondora\application\views\investments\index.php 880
ERROR - 2016-08-01 06:02:13 --> Severity: Notice --> Undefined offset: 32 C:\xampp\htdocs\bondora\application\views\investments\index.php 880
ERROR - 2016-08-01 06:02:13 --> Severity: Notice --> Undefined offset: 33 C:\xampp\htdocs\bondora\application\views\investments\index.php 880
ERROR - 2016-08-01 06:02:13 --> Severity: Notice --> Undefined offset: 33 C:\xampp\htdocs\bondora\application\views\investments\index.php 880
ERROR - 2016-08-01 06:02:13 --> Severity: Notice --> Undefined offset: 33 C:\xampp\htdocs\bondora\application\views\investments\index.php 880
ERROR - 2016-08-01 06:02:13 --> Severity: Notice --> Undefined offset: 33 C:\xampp\htdocs\bondora\application\views\investments\index.php 880
ERROR - 2016-08-01 06:02:13 --> Severity: Notice --> Undefined offset: 41 C:\xampp\htdocs\bondora\application\views\investments\index.php 880
ERROR - 2016-08-01 06:02:13 --> Severity: Notice --> Undefined offset: 31 C:\xampp\htdocs\bondora\application\views\investments\index.php 880
ERROR - 2016-08-01 06:02:13 --> Severity: Notice --> Undefined offset: 33 C:\xampp\htdocs\bondora\application\views\investments\index.php 880
ERROR - 2016-08-01 06:02:13 --> Severity: Notice --> Undefined offset: 33 C:\xampp\htdocs\bondora\application\views\investments\index.php 880
ERROR - 2016-08-01 06:02:13 --> Severity: Notice --> Undefined offset: 32 C:\xampp\htdocs\bondora\application\views\investments\index.php 880
DEBUG - 2016-08-01 06:02:13 --> Total execution time: 2.9972
DEBUG - 2016-08-01 06:02:13 --> UTF-8 Support Disabled
DEBUG - 2016-08-01 06:02:13 --> Global POST, GET and COOKIE data sanitized
ERROR - 2016-08-01 06:02:13 --> 404 Page Not Found: Investments/bootstrap
DEBUG - 2016-08-01 06:02:20 --> UTF-8 Support Disabled
DEBUG - 2016-08-01 06:02:20 --> Global POST, GET and COOKIE data sanitized
DEBUG - 2016-08-01 06:02:20 --> cURL Class Initialized
DEBUG - 2016-08-01 06:02:20 --> OAuth2 class already loaded. Second attempt ignored.
DEBUG - 2016-08-01 06:02:20 --> C:\xampp\htdocs\bondora\application\libraries/MY_Table.php exists, but does not declare MY_Table
DEBUG - 2016-08-01 06:02:20 --> Session class already loaded. Second attempt ignored.
DEBUG - 2016-08-01 06:02:21 --> Total execution time: 0.7540
DEBUG - 2016-08-01 06:02:21 --> UTF-8 Support Disabled
DEBUG - 2016-08-01 06:02:21 --> Global POST, GET and COOKIE data sanitized
DEBUG - 2016-08-01 06:02:21 --> cURL Class Initialized
DEBUG - 2016-08-01 06:02:21 --> OAuth2 class already loaded. Second attempt ignored.
DEBUG - 2016-08-01 06:02:21 --> C:\xampp\htdocs\bondora\application\libraries/MY_Table.php exists, but does not declare MY_Table
DEBUG - 2016-08-01 06:02:21 --> Session class already loaded. Second attempt ignored.
DEBUG - 2016-08-01 06:02:22 --> Total execution time: 0.5360
DEBUG - 2016-08-01 06:02:24 --> UTF-8 Support Disabled
DEBUG - 2016-08-01 06:02:24 --> Global POST, GET and COOKIE data sanitized
DEBUG - 2016-08-01 06:02:24 --> cURL Class Initialized
DEBUG - 2016-08-01 06:02:24 --> OAuth2 class already loaded. Second attempt ignored.
DEBUG - 2016-08-01 06:02:25 --> C:\xampp\htdocs\bondora\application\libraries/MY_Table.php exists, but does not declare MY_Table
DEBUG - 2016-08-01 06:02:25 --> Session class already loaded. Second attempt ignored.
DEBUG - 2016-08-01 06:02:25 --> Total execution time: 0.7210
DEBUG - 2016-08-01 06:02:25 --> UTF-8 Support Disabled
DEBUG - 2016-08-01 06:02:25 --> Global POST, GET and COOKIE data sanitized
DEBUG - 2016-08-01 06:02:25 --> cURL Class Initialized
DEBUG - 2016-08-01 06:02:25 --> OAuth2 class already loaded. Second attempt ignored.
DEBUG - 2016-08-01 06:02:25 --> C:\xampp\htdocs\bondora\application\libraries/MY_Table.php exists, but does not declare MY_Table
DEBUG - 2016-08-01 06:02:25 --> Session class already loaded. Second attempt ignored.
DEBUG - 2016-08-01 06:02:26 --> Total execution time: 0.3220
DEBUG - 2016-08-01 06:02:29 --> UTF-8 Support Disabled
DEBUG - 2016-08-01 06:02:29 --> Global POST, GET and COOKIE data sanitized
DEBUG - 2016-08-01 06:02:29 --> cURL Class Initialized
DEBUG - 2016-08-01 06:02:29 --> OAuth2 class already loaded. Second attempt ignored.
DEBUG - 2016-08-01 06:02:29 --> C:\xampp\htdocs\bondora\application\libraries/MY_Table.php exists, but does not declare MY_Table
DEBUG - 2016-08-01 06:02:29 --> Session class already loaded. Second attempt ignored.
DEBUG - 2016-08-01 06:02:30 --> Total execution time: 0.6780
DEBUG - 2016-08-01 06:02:30 --> UTF-8 Support Disabled
DEBUG - 2016-08-01 06:02:30 --> Global POST, GET and COOKIE data sanitized
DEBUG - 2016-08-01 06:02:30 --> cURL Class Initialized
DEBUG - 2016-08-01 06:02:30 --> OAuth2 class already loaded. Second attempt ignored.
DEBUG - 2016-08-01 06:02:30 --> C:\xampp\htdocs\bondora\application\libraries/MY_Table.php exists, but does not declare MY_Table
DEBUG - 2016-08-01 06:02:30 --> Session class already loaded. Second attempt ignored.
DEBUG - 2016-08-01 06:02:30 --> Total execution time: 0.4320
DEBUG - 2016-08-01 06:02:37 --> UTF-8 Support Disabled
DEBUG - 2016-08-01 06:02:37 --> Global POST, GET and COOKIE data sanitized
DEBUG - 2016-08-01 06:02:37 --> cURL Class Initialized
DEBUG - 2016-08-01 06:02:37 --> OAuth2 class already loaded. Second attempt ignored.
DEBUG - 2016-08-01 06:02:37 --> C:\xampp\htdocs\bondora\application\libraries/MY_Table.php exists, but does not declare MY_Table
DEBUG - 2016-08-01 06:02:37 --> Session class already loaded. Second attempt ignored.
DEBUG - 2016-08-01 06:02:37 --> Total execution time: 0.5870
DEBUG - 2016-08-01 06:02:37 --> UTF-8 Support Disabled
DEBUG - 2016-08-01 06:02:37 --> Global POST, GET and COOKIE data sanitized
DEBUG - 2016-08-01 06:02:37 --> cURL Class Initialized
DEBUG - 2016-08-01 06:02:37 --> OAuth2 class already loaded. Second attempt ignored.
DEBUG - 2016-08-01 06:02:37 --> C:\xampp\htdocs\bondora\application\libraries/MY_Table.php exists, but does not declare MY_Table
DEBUG - 2016-08-01 06:02:37 --> Session class already loaded. Second attempt ignored.
DEBUG - 2016-08-01 06:02:38 --> Total execution time: 0.3360
DEBUG - 2016-08-01 06:02:41 --> UTF-8 Support Disabled
DEBUG - 2016-08-01 06:02:41 --> Global POST, GET and COOKIE data sanitized
DEBUG - 2016-08-01 06:02:41 --> cURL Class Initialized
DEBUG - 2016-08-01 06:02:41 --> OAuth2 class already loaded. Second attempt ignored.
DEBUG - 2016-08-01 06:02:41 --> C:\xampp\htdocs\bondora\application\libraries/MY_Table.php exists, but does not declare MY_Table
DEBUG - 2016-08-01 06:02:41 --> Session class already loaded. Second attempt ignored.
DEBUG - 2016-08-01 06:02:42 --> Total execution time: 0.8490
DEBUG - 2016-08-01 06:02:42 --> UTF-8 Support Disabled
DEBUG - 2016-08-01 06:02:42 --> Global POST, GET and COOKIE data sanitized
DEBUG - 2016-08-01 06:02:42 --> cURL Class Initialized
DEBUG - 2016-08-01 06:02:42 --> OAuth2 class already loaded. Second attempt ignored.
DEBUG - 2016-08-01 06:02:42 --> C:\xampp\htdocs\bondora\application\libraries/MY_Table.php exists, but does not declare MY_Table
DEBUG - 2016-08-01 06:02:42 --> Session class already loaded. Second attempt ignored.
DEBUG - 2016-08-01 06:02:42 --> Total execution time: 0.4130
DEBUG - 2016-08-01 06:02:54 --> UTF-8 Support Disabled
DEBUG - 2016-08-01 06:02:54 --> Global POST, GET and COOKIE data sanitized
DEBUG - 2016-08-01 06:02:54 --> cURL Class Initialized
DEBUG - 2016-08-01 06:02:54 --> OAuth2 class already loaded. Second attempt ignored.
DEBUG - 2016-08-01 06:02:54 --> C:\xampp\htdocs\bondora\application\libraries/MY_Table.php exists, but does not declare MY_Table
DEBUG - 2016-08-01 06:02:54 --> Session class already loaded. Second attempt ignored.
DEBUG - 2016-08-01 06:02:54 --> UTF-8 Support Disabled
DEBUG - 2016-08-01 06:02:54 --> Global POST, GET and COOKIE data sanitized
DEBUG - 2016-08-01 06:02:54 --> cURL Class Initialized
DEBUG - 2016-08-01 06:02:54 --> OAuth2 class already loaded. Second attempt ignored.
DEBUG - 2016-08-01 06:02:54 --> Session class already loaded. Second attempt ignored.
DEBUG - 2016-08-01 06:02:54 --> Total execution time: 0.0530
DEBUG - 2016-08-01 06:02:54 --> UTF-8 Support Disabled
DEBUG - 2016-08-01 06:02:54 --> Global POST, GET and COOKIE data sanitized
ERROR - 2016-08-01 06:02:54 --> 404 Page Not Found: User/bootstrap
DEBUG - 2016-08-01 06:02:56 --> UTF-8 Support Disabled
DEBUG - 2016-08-01 06:02:56 --> Global POST, GET and COOKIE data sanitized
DEBUG - 2016-08-01 06:02:56 --> cURL Class Initialized
DEBUG - 2016-08-01 06:02:56 --> OAuth2 class already loaded. Second attempt ignored.
DEBUG - 2016-08-01 06:02:56 --> C:\xampp\htdocs\bondora\application\libraries/MY_Table.php exists, but does not declare MY_Table
DEBUG - 2016-08-01 06:02:56 --> Session class already loaded. Second attempt ignored.
DEBUG - 2016-08-01 06:02:56 --> SELECT *
FROM `select` `a`.*, `b`.`statusCode from auction_payload a LEFT JOIN bid_payload b ON a`.`auctionId=b`.`auctionId and a`.`user=b`.`userName where` `user="mehike"`
DEBUG - 2016-08-01 06:02:56 --> Total execution time: 0.1090
DEBUG - 2016-08-01 06:02:57 --> UTF-8 Support Disabled
DEBUG - 2016-08-01 06:02:57 --> Global POST, GET and COOKIE data sanitized
ERROR - 2016-08-01 06:02:57 --> 404 Page Not Found: Auctions/bootstrap
DEBUG - 2016-08-01 06:03:01 --> UTF-8 Support Disabled
DEBUG - 2016-08-01 06:03:01 --> Global POST, GET and COOKIE data sanitized
DEBUG - 2016-08-01 06:03:01 --> cURL Class Initialized
DEBUG - 2016-08-01 06:03:01 --> OAuth2 class already loaded. Second attempt ignored.
DEBUG - 2016-08-01 06:03:01 --> C:\xampp\htdocs\bondora\application\libraries/MY_Table.php exists, but does not declare MY_Table
DEBUG - 2016-08-01 06:03:01 --> Session class already loaded. Second attempt ignored.
DEBUG - 2016-08-01 06:03:01 --> SELECT *
FROM `select` `a`.*, `b`.`listedOnDate`, `b`.`xirr`, `b`.`secondaryId`, `b`.`desiredDiscountRate from bondora`.`investment_payload a LEFT JOIN bondora`.`secondary b ON a`.`loanPartId=b`.`loanPartId and a`.`user=b`.`user where a`.`user="mehike" order by` `a`.`signedDate`, `a`.`auctionId`
ERROR - 2016-08-01 06:03:01 --> Severity: Notice --> Undefined offset: 33 C:\xampp\htdocs\bondora\application\views\investments\index.php 880
ERROR - 2016-08-01 06:03:01 --> Severity: Notice --> Undefined offset: 33 C:\xampp\htdocs\bondora\application\views\investments\index.php 880
ERROR - 2016-08-01 06:03:01 --> Severity: Notice --> Undefined offset: 33 C:\xampp\htdocs\bondora\application\views\investments\index.php 880
ERROR - 2016-08-01 06:03:01 --> Severity: Notice --> Undefined offset: 33 C:\xampp\htdocs\bondora\application\views\investments\index.php 880
ERROR - 2016-08-01 06:03:01 --> Severity: Notice --> Undefined offset: 31 C:\xampp\htdocs\bondora\application\views\investments\index.php 880
ERROR - 2016-08-01 06:03:01 --> Severity: Notice --> Undefined offset: 33 C:\xampp\htdocs\bondora\application\views\investments\index.php 880
ERROR - 2016-08-01 06:03:01 --> Severity: Notice --> Undefined offset: 33 C:\xampp\htdocs\bondora\application\views\investments\index.php 880
ERROR - 2016-08-01 06:03:01 --> Severity: Notice --> Undefined offset: 30 C:\xampp\htdocs\bondora\application\views\investments\index.php 880
ERROR - 2016-08-01 06:03:01 --> Severity: Notice --> Undefined offset: 32 C:\xampp\htdocs\bondora\application\views\investments\index.php 880
ERROR - 2016-08-01 06:03:01 --> Severity: Notice --> Undefined offset: 32 C:\xampp\htdocs\bondora\application\views\investments\index.php 880
ERROR - 2016-08-01 06:03:01 --> Severity: Notice --> Undefined offset: 32 C:\xampp\htdocs\bondora\application\views\investments\index.php 880
ERROR - 2016-08-01 06:03:01 --> Severity: Notice --> Undefined offset: 33 C:\xampp\htdocs\bondora\application\views\investments\index.php 880
ERROR - 2016-08-01 06:03:01 --> Severity: Notice --> Undefined offset: 33 C:\xampp\htdocs\bondora\application\views\investments\index.php 880
ERROR - 2016-08-01 06:03:01 --> Severity: Notice --> Undefined offset: 33 C:\xampp\htdocs\bondora\application\views\investments\index.php 880
ERROR - 2016-08-01 06:03:01 --> Severity: Notice --> Undefined offset: 33 C:\xampp\htdocs\bondora\application\views\investments\index.php 880
ERROR - 2016-08-01 06:03:01 --> Severity: Notice --> Undefined offset: 41 C:\xampp\htdocs\bondora\application\views\investments\index.php 880
ERROR - 2016-08-01 06:03:01 --> Severity: Notice --> Undefined offset: 30 C:\xampp\htdocs\bondora\application\views\investments\index.php 880
ERROR - 2016-08-01 06:03:01 --> Severity: Notice --> Undefined offset: 31 C:\xampp\htdocs\bondora\application\views\investments\index.php 880
ERROR - 2016-08-01 06:03:01 --> Severity: Notice --> Undefined offset: 33 C:\xampp\htdocs\bondora\application\views\investments\index.php 880
ERROR - 2016-08-01 06:03:01 --> Severity: Notice --> Undefined offset: 33 C:\xampp\htdocs\bondora\application\views\investments\index.php 880
ERROR - 2016-08-01 06:03:01 --> Severity: Notice --> Undefined offset: 32 C:\xampp\htdocs\bondora\application\views\investments\index.php 880
DEBUG - 2016-08-01 06:03:01 --> Total execution time: 0.0880
DEBUG - 2016-08-01 06:03:01 --> UTF-8 Support Disabled
DEBUG - 2016-08-01 06:03:01 --> Global POST, GET and COOKIE data sanitized
ERROR - 2016-08-01 06:03:01 --> 404 Page Not Found: Investments/bootstrap
DEBUG - 2016-08-01 06:03:03 --> UTF-8 Support Disabled
DEBUG - 2016-08-01 06:03:03 --> Global POST, GET and COOKIE data sanitized
DEBUG - 2016-08-01 06:03:03 --> cURL Class Initialized
DEBUG - 2016-08-01 06:03:03 --> OAuth2 class already loaded. Second attempt ignored.
DEBUG - 2016-08-01 06:03:03 --> C:\xampp\htdocs\bondora\application\libraries/MY_Table.php exists, but does not declare MY_Table
DEBUG - 2016-08-01 06:03:03 --> Session class already loaded. Second attempt ignored.
DEBUG - 2016-08-01 06:03:04 --> SELECT *
FROM `select` `a`.*, `b`.`listedOnDate`, `b`.`xirr`, `b`.`secondaryId`, `b`.`desiredDiscountRate from bondora`.`investment_payload a LEFT JOIN bondora`.`secondary b ON a`.`loanPartId=b`.`loanPartId and a`.`user=b`.`user where a`.`user="mehike" order by` `a`.`signedDate`, `a`.`auctionId`
ERROR - 2016-08-01 06:03:04 --> Severity: Notice --> Undefined offset: 33 C:\xampp\htdocs\bondora\application\views\investments\index.php 880
ERROR - 2016-08-01 06:03:04 --> Severity: Notice --> Undefined offset: 33 C:\xampp\htdocs\bondora\application\views\investments\index.php 880
ERROR - 2016-08-01 06:03:04 --> Severity: Notice --> Undefined offset: 33 C:\xampp\htdocs\bondora\application\views\investments\index.php 880
ERROR - 2016-08-01 06:03:04 --> Severity: Notice --> Undefined offset: 33 C:\xampp\htdocs\bondora\application\views\investments\index.php 880
ERROR - 2016-08-01 06:03:04 --> Severity: Notice --> Undefined offset: 31 C:\xampp\htdocs\bondora\application\views\investments\index.php 880
ERROR - 2016-08-01 06:03:04 --> Severity: Notice --> Undefined offset: 33 C:\xampp\htdocs\bondora\application\views\investments\index.php 880
ERROR - 2016-08-01 06:03:04 --> Severity: Notice --> Undefined offset: 33 C:\xampp\htdocs\bondora\application\views\investments\index.php 880
ERROR - 2016-08-01 06:03:04 --> Severity: Notice --> Undefined offset: 32 C:\xampp\htdocs\bondora\application\views\investments\index.php 880
ERROR - 2016-08-01 06:03:04 --> Severity: Notice --> Undefined offset: 32 C:\xampp\htdocs\bondora\application\views\investments\index.php 880
ERROR - 2016-08-01 06:03:04 --> Severity: Notice --> Undefined offset: 32 C:\xampp\htdocs\bondora\application\views\investments\index.php 880
ERROR - 2016-08-01 06:03:04 --> Severity: Notice --> Undefined offset: 33 C:\xampp\htdocs\bondora\application\views\investments\index.php 880
ERROR - 2016-08-01 06:03:04 --> Severity: Notice --> Undefined offset: 33 C:\xampp\htdocs\bondora\application\views\investments\index.php 880
ERROR - 2016-08-01 06:03:04 --> Severity: Notice --> Undefined offset: 33 C:\xampp\htdocs\bondora\application\views\investments\index.php 880
ERROR - 2016-08-01 06:03:04 --> Severity: Notice --> Undefined offset: 33 C:\xampp\htdocs\bondora\application\views\investments\index.php 880
ERROR - 2016-08-01 06:03:04 --> Severity: Notice --> Undefined offset: 41 C:\xampp\htdocs\bondora\application\views\investments\index.php 880
ERROR - 2016-08-01 06:03:04 --> Severity: Notice --> Undefined offset: 31 C:\xampp\htdocs\bondora\application\views\investments\index.php 880
ERROR - 2016-08-01 06:03:04 --> Severity: Notice --> Undefined offset: 33 C:\xampp\htdocs\bondora\application\views\investments\index.php 880
ERROR - 2016-08-01 06:03:04 --> Severity: Notice --> Undefined offset: 33 C:\xampp\htdocs\bondora\application\views\investments\index.php 880
ERROR - 2016-08-01 06:03:04 --> Severity: Notice --> Undefined offset: 32 C:\xampp\htdocs\bondora\application\views\investments\index.php 880
DEBUG - 2016-08-01 06:03:04 --> Total execution time: 1.3551
DEBUG - 2016-08-01 06:03:04 --> UTF-8 Support Disabled
DEBUG - 2016-08-01 06:03:04 --> Global POST, GET and COOKIE data sanitized
ERROR - 2016-08-01 06:03:04 --> 404 Page Not Found: Investments/bootstrap
DEBUG - 2016-08-01 06:03:08 --> UTF-8 Support Disabled
DEBUG - 2016-08-01 06:03:08 --> Global POST, GET and COOKIE data sanitized
DEBUG - 2016-08-01 06:03:08 --> cURL Class Initialized
DEBUG - 2016-08-01 06:03:08 --> OAuth2 class already loaded. Second attempt ignored.
DEBUG - 2016-08-01 06:03:08 --> C:\xampp\htdocs\bondora\application\libraries/MY_Table.php exists, but does not declare MY_Table
DEBUG - 2016-08-01 06:03:08 --> Session class already loaded. Second attempt ignored.
DEBUG - 2016-08-01 06:03:08 --> Total execution time: 0.6240
DEBUG - 2016-08-01 06:03:08 --> UTF-8 Support Disabled
DEBUG - 2016-08-01 06:03:08 --> Global POST, GET and COOKIE data sanitized
DEBUG - 2016-08-01 06:03:08 --> cURL Class Initialized
DEBUG - 2016-08-01 06:03:08 --> OAuth2 class already loaded. Second attempt ignored.
DEBUG - 2016-08-01 06:03:08 --> C:\xampp\htdocs\bondora\application\libraries/MY_Table.php exists, but does not declare MY_Table
DEBUG - 2016-08-01 06:03:08 --> Session class already loaded. Second attempt ignored.
DEBUG - 2016-08-01 06:03:09 --> Total execution time: 0.3160
DEBUG - 2016-08-01 06:03:12 --> UTF-8 Support Disabled
DEBUG - 2016-08-01 06:03:12 --> Global POST, GET and COOKIE data sanitized
DEBUG - 2016-08-01 06:03:12 --> cURL Class Initialized
DEBUG - 2016-08-01 06:03:12 --> OAuth2 class already loaded. Second attempt ignored.
DEBUG - 2016-08-01 06:03:12 --> C:\xampp\htdocs\bondora\application\libraries/MY_Table.php exists, but does not declare MY_Table
DEBUG - 2016-08-01 06:03:12 --> Session class already loaded. Second attempt ignored.
DEBUG - 2016-08-01 06:03:12 --> Total execution time: 0.7780
DEBUG - 2016-08-01 06:03:13 --> UTF-8 Support Disabled
DEBUG - 2016-08-01 06:03:13 --> Global POST, GET and COOKIE data sanitized
DEBUG - 2016-08-01 06:03:13 --> cURL Class Initialized
DEBUG - 2016-08-01 06:03:13 --> OAuth2 class already loaded. Second attempt ignored.
DEBUG - 2016-08-01 06:03:13 --> C:\xampp\htdocs\bondora\application\libraries/MY_Table.php exists, but does not declare MY_Table
DEBUG - 2016-08-01 06:03:13 --> Session class already loaded. Second attempt ignored.
DEBUG - 2016-08-01 06:03:13 --> Total execution time: 0.5180
DEBUG - 2016-08-01 06:03:15 --> UTF-8 Support Disabled
DEBUG - 2016-08-01 06:03:16 --> Global POST, GET and COOKIE data sanitized
DEBUG - 2016-08-01 06:03:16 --> cURL Class Initialized
DEBUG - 2016-08-01 06:03:16 --> OAuth2 class already loaded. Second attempt ignored.
DEBUG - 2016-08-01 06:03:16 --> C:\xampp\htdocs\bondora\application\libraries/MY_Table.php exists, but does not declare MY_Table
DEBUG - 2016-08-01 06:03:16 --> Session class already loaded. Second attempt ignored.
DEBUG - 2016-08-01 06:03:16 --> Total execution time: 0.5650
DEBUG - 2016-08-01 06:03:16 --> UTF-8 Support Disabled
DEBUG - 2016-08-01 06:03:16 --> Global POST, GET and COOKIE data sanitized
DEBUG - 2016-08-01 06:03:16 --> cURL Class Initialized
DEBUG - 2016-08-01 06:03:16 --> OAuth2 class already loaded. Second attempt ignored.
DEBUG - 2016-08-01 06:03:16 --> C:\xampp\htdocs\bondora\application\libraries/MY_Table.php exists, but does not declare MY_Table
DEBUG - 2016-08-01 06:03:16 --> Session class already loaded. Second attempt ignored.
DEBUG - 2016-08-01 06:03:16 --> Total execution time: 0.3240
DEBUG - 2016-08-01 06:03:20 --> UTF-8 Support Disabled
DEBUG - 2016-08-01 06:03:20 --> Global POST, GET and COOKIE data sanitized
DEBUG - 2016-08-01 06:03:20 --> cURL Class Initialized
DEBUG - 2016-08-01 06:03:20 --> OAuth2 class already loaded. Second attempt ignored.
DEBUG - 2016-08-01 06:03:20 --> C:\xampp\htdocs\bondora\application\libraries/MY_Table.php exists, but does not declare MY_Table
DEBUG - 2016-08-01 06:03:20 --> Session class already loaded. Second attempt ignored.
DEBUG - 2016-08-01 06:03:21 --> Total execution time: 0.9011
DEBUG - 2016-08-01 06:03:21 --> UTF-8 Support Disabled
DEBUG - 2016-08-01 06:03:21 --> Global POST, GET and COOKIE data sanitized
DEBUG - 2016-08-01 06:03:21 --> cURL Class Initialized
DEBUG - 2016-08-01 06:03:21 --> OAuth2 class already loaded. Second attempt ignored.
DEBUG - 2016-08-01 06:03:21 --> C:\xampp\htdocs\bondora\application\libraries/MY_Table.php exists, but does not declare MY_Table
DEBUG - 2016-08-01 06:03:21 --> Session class already loaded. Second attempt ignored.
DEBUG - 2016-08-01 06:03:21 --> Total execution time: 0.3540
DEBUG - 2016-08-01 06:03:24 --> UTF-8 Support Disabled
DEBUG - 2016-08-01 06:03:24 --> Global POST, GET and COOKIE data sanitized
DEBUG - 2016-08-01 06:03:24 --> cURL Class Initialized
DEBUG - 2016-08-01 06:03:24 --> OAuth2 class already loaded. Second attempt ignored.
DEBUG - 2016-08-01 06:03:24 --> C:\xampp\htdocs\bondora\application\libraries/MY_Table.php exists, but does not declare MY_Table
DEBUG - 2016-08-01 06:03:24 --> Session class already loaded. Second attempt ignored.
DEBUG - 2016-08-01 06:03:25 --> Total execution time: 0.8350
DEBUG - 2016-08-01 06:03:25 --> UTF-8 Support Disabled
DEBUG - 2016-08-01 06:03:25 --> Global POST, GET and COOKIE data sanitized
DEBUG - 2016-08-01 06:03:25 --> cURL Class Initialized
DEBUG - 2016-08-01 06:03:25 --> OAuth2 class already loaded. Second attempt ignored.
DEBUG - 2016-08-01 06:03:26 --> C:\xampp\htdocs\bondora\application\libraries/MY_Table.php exists, but does not declare MY_Table
DEBUG - 2016-08-01 06:03:26 --> Session class already loaded. Second attempt ignored.
DEBUG - 2016-08-01 06:03:26 --> Total execution time: 0.3030
DEBUG - 2016-08-01 06:03:30 --> UTF-8 Support Disabled
DEBUG - 2016-08-01 06:03:30 --> Global POST, GET and COOKIE data sanitized
DEBUG - 2016-08-01 06:03:30 --> cURL Class Initialized
DEBUG - 2016-08-01 06:03:30 --> OAuth2 class already loaded. Second attempt ignored.
DEBUG - 2016-08-01 06:03:30 --> C:\xampp\htdocs\bondora\application\libraries/MY_Table.php exists, but does not declare MY_Table
DEBUG - 2016-08-01 06:03:30 --> Session class already loaded. Second attempt ignored.
DEBUG - 2016-08-01 06:03:31 --> Total execution time: 0.6970
DEBUG - 2016-08-01 06:03:31 --> UTF-8 Support Disabled
DEBUG - 2016-08-01 06:03:31 --> Global POST, GET and COOKIE data sanitized
DEBUG - 2016-08-01 06:03:31 --> cURL Class Initialized
DEBUG - 2016-08-01 06:03:31 --> OAuth2 class already loaded. Second attempt ignored.
DEBUG - 2016-08-01 06:03:31 --> C:\xampp\htdocs\bondora\application\libraries/MY_Table.php exists, but does not declare MY_Table
DEBUG - 2016-08-01 06:03:31 --> Session class already loaded. Second attempt ignored.
DEBUG - 2016-08-01 06:03:31 --> Total execution time: 0.4330
DEBUG - 2016-08-01 06:03:33 --> UTF-8 Support Disabled
DEBUG - 2016-08-01 06:03:33 --> Global POST, GET and COOKIE data sanitized
DEBUG - 2016-08-01 06:03:33 --> cURL Class Initialized
DEBUG - 2016-08-01 06:03:33 --> OAuth2 class already loaded. Second attempt ignored.
DEBUG - 2016-08-01 06:03:33 --> C:\xampp\htdocs\bondora\application\libraries/MY_Table.php exists, but does not declare MY_Table
DEBUG - 2016-08-01 06:03:33 --> Session class already loaded. Second attempt ignored.
DEBUG - 2016-08-01 06:03:34 --> Total execution time: 0.9521
DEBUG - 2016-08-01 06:03:35 --> UTF-8 Support Disabled
DEBUG - 2016-08-01 06:03:35 --> Global POST, GET and COOKIE data sanitized
DEBUG - 2016-08-01 06:03:35 --> cURL Class Initialized
DEBUG - 2016-08-01 06:03:35 --> OAuth2 class already loaded. Second attempt ignored.
DEBUG - 2016-08-01 06:03:35 --> C:\xampp\htdocs\bondora\application\libraries/MY_Table.php exists, but does not declare MY_Table
DEBUG - 2016-08-01 06:03:35 --> Session class already loaded. Second attempt ignored.
DEBUG - 2016-08-01 06:03:35 --> Total execution time: 0.4660
DEBUG - 2016-08-01 06:03:40 --> UTF-8 Support Disabled
DEBUG - 2016-08-01 06:03:40 --> Global POST, GET and COOKIE data sanitized
DEBUG - 2016-08-01 06:03:40 --> cURL Class Initialized
DEBUG - 2016-08-01 06:03:40 --> OAuth2 class already loaded. Second attempt ignored.
DEBUG - 2016-08-01 06:03:40 --> C:\xampp\htdocs\bondora\application\libraries/MY_Table.php exists, but does not declare MY_Table
DEBUG - 2016-08-01 06:03:40 --> Session class already loaded. Second attempt ignored.
DEBUG - 2016-08-01 06:03:41 --> Total execution time: 0.7600
DEBUG - 2016-08-01 06:03:41 --> UTF-8 Support Disabled
DEBUG - 2016-08-01 06:03:41 --> Global POST, GET and COOKIE data sanitized
DEBUG - 2016-08-01 06:03:41 --> cURL Class Initialized
DEBUG - 2016-08-01 06:03:41 --> OAuth2 class already loaded. Second attempt ignored.
DEBUG - 2016-08-01 06:03:41 --> C:\xampp\htdocs\bondora\application\libraries/MY_Table.php exists, but does not declare MY_Table
DEBUG - 2016-08-01 06:03:41 --> Session class already loaded. Second attempt ignored.
DEBUG - 2016-08-01 06:03:41 --> Total execution time: 0.4830
DEBUG - 2016-08-01 06:03:44 --> UTF-8 Support Disabled
DEBUG - 2016-08-01 06:03:44 --> Global POST, GET and COOKIE data sanitized
DEBUG - 2016-08-01 06:03:44 --> cURL Class Initialized
DEBUG - 2016-08-01 06:03:44 --> OAuth2 class already loaded. Second attempt ignored.
DEBUG - 2016-08-01 06:03:44 --> C:\xampp\htdocs\bondora\application\libraries/MY_Table.php exists, but does not declare MY_Table
DEBUG - 2016-08-01 06:03:44 --> Session class already loaded. Second attempt ignored.
DEBUG - 2016-08-01 06:03:45 --> Total execution time: 0.8420
DEBUG - 2016-08-01 06:03:45 --> UTF-8 Support Disabled
DEBUG - 2016-08-01 06:03:45 --> Global POST, GET and COOKIE data sanitized
DEBUG - 2016-08-01 06:03:45 --> cURL Class Initialized
DEBUG - 2016-08-01 06:03:45 --> OAuth2 class already loaded. Second attempt ignored.
DEBUG - 2016-08-01 06:03:45 --> C:\xampp\htdocs\bondora\application\libraries/MY_Table.php exists, but does not declare MY_Table
DEBUG - 2016-08-01 06:03:45 --> Session class already loaded. Second attempt ignored.
DEBUG - 2016-08-01 06:03:45 --> Total execution time: 0.3790
DEBUG - 2016-08-01 06:04:11 --> UTF-8 Support Disabled
DEBUG - 2016-08-01 06:04:11 --> Global POST, GET and COOKIE data sanitized
DEBUG - 2016-08-01 06:04:11 --> cURL Class Initialized
DEBUG - 2016-08-01 06:04:11 --> OAuth2 class already loaded. Second attempt ignored.
DEBUG - 2016-08-01 06:04:11 --> C:\xampp\htdocs\bondora\application\libraries/MY_Table.php exists, but does not declare MY_Table
DEBUG - 2016-08-01 06:04:11 --> Session class already loaded. Second attempt ignored.
DEBUG - 2016-08-01 06:04:11 --> SELECT *
FROM `select` `a`.*, `b`.`listedOnDate`, `b`.`xirr`, `b`.`secondaryId`, `b`.`desiredDiscountRate from bondora`.`investment_payload a LEFT JOIN bondora`.`secondary b ON a`.`loanPartId=b`.`loanPartId WHERE a`.`id=1002 and user="mehike" order by` `a`.`signedDate`, `a`.`auctionId`
DEBUG - 2016-08-01 06:04:11 --> SELECT *
FROM `select` `a`.*, `b`.`listedOnDate`, `b`.`xirr`, `b`.`secondaryId`, `b`.`desiredDiscountRate from bondora`.`investment_payload a LEFT JOIN bondora`.`secondary b ON a`.`loanPartId=b`.`loanPartId WHERE a`.`id=1001 and user="mehike" order by` `a`.`signedDate`, `a`.`auctionId`
DEBUG - 2016-08-01 06:04:11 --> SELECT *
FROM `select` `a`.*, `b`.`listedOnDate`, `b`.`xirr`, `b`.`secondaryId`, `b`.`desiredDiscountRate from bondora`.`investment_payload a LEFT JOIN bondora`.`secondary b ON a`.`loanPartId=b`.`loanPartId WHERE a`.`id=1003 and user="mehike" order by` `a`.`signedDate`, `a`.`auctionId`
DEBUG - 2016-08-01 06:04:11 --> SELECT *
FROM `select` `a`.*, `b`.`listedOnDate`, `b`.`xirr`, `b`.`secondaryId`, `b`.`desiredDiscountRate from bondora`.`investment_payload a LEFT JOIN bondora`.`secondary b ON a`.`loanPartId=b`.`loanPartId WHERE a`.`id=985 and user="mehike" order by` `a`.`signedDate`, `a`.`auctionId`
DEBUG - 2016-08-01 06:04:11 --> SELECT *
FROM `select` `a`.*, `b`.`listedOnDate`, `b`.`xirr`, `b`.`secondaryId`, `b`.`desiredDiscountRate from bondora`.`investment_payload a LEFT JOIN bondora`.`secondary b ON a`.`loanPartId=b`.`loanPartId WHERE a`.`id=990 and user="mehike" order by` `a`.`signedDate`, `a`.`auctionId`
DEBUG - 2016-08-01 06:04:11 --> SELECT *
FROM `select` `a`.*, `b`.`listedOnDate`, `b`.`xirr`, `b`.`secondaryId`, `b`.`desiredDiscountRate from bondora`.`investment_payload a LEFT JOIN bondora`.`secondary b ON a`.`loanPartId=b`.`loanPartId WHERE a`.`id=992 and user="mehike" order by` `a`.`signedDate`, `a`.`auctionId`
DEBUG - 2016-08-01 06:04:11 --> SELECT *
FROM `select` `a`.*, `b`.`listedOnDate`, `b`.`xirr`, `b`.`secondaryId`, `b`.`desiredDiscountRate from bondora`.`investment_payload a LEFT JOIN bondora`.`secondary b ON a`.`loanPartId=b`.`loanPartId WHERE a`.`id=996 and user="mehike" order by` `a`.`signedDate`, `a`.`auctionId`
DEBUG - 2016-08-01 06:04:11 --> SELECT *
FROM `select` `a`.*, `b`.`listedOnDate`, `b`.`xirr`, `b`.`secondaryId`, `b`.`desiredDiscountRate from bondora`.`investment_payload a LEFT JOIN bondora`.`secondary b ON a`.`loanPartId=b`.`loanPartId WHERE a`.`id=998 and user="mehike" order by` `a`.`signedDate`, `a`.`auctionId`
DEBUG - 2016-08-01 06:04:11 --> SELECT *
FROM `select` `a`.*, `b`.`listedOnDate`, `b`.`xirr`, `b`.`secondaryId`, `b`.`desiredDiscountRate from bondora`.`investment_payload a LEFT JOIN bondora`.`secondary b ON a`.`loanPartId=b`.`loanPartId WHERE a`.`id=999 and user="mehike" order by` `a`.`signedDate`, `a`.`auctionId`
DEBUG - 2016-08-01 06:04:11 --> SELECT *
FROM `select` `a`.*, `b`.`listedOnDate`, `b`.`xirr`, `b`.`secondaryId`, `b`.`desiredDiscountRate from bondora`.`investment_payload a LEFT JOIN bondora`.`secondary b ON a`.`loanPartId=b`.`loanPartId WHERE a`.`id=1000 and user="mehike" order by` `a`.`signedDate`, `a`.`auctionId`
DEBUG - 2016-08-01 06:04:11 --> SELECT *
FROM `select` `a`.*, `b`.`listedOnDate`, `b`.`xirr`, `b`.`secondaryId`, `b`.`desiredDiscountRate from bondora`.`investment_payload a LEFT JOIN bondora`.`secondary b ON a`.`loanPartId=b`.`loanPartId WHERE a`.`id=1006 and user="mehike" order by` `a`.`signedDate`, `a`.`auctionId`
DEBUG - 2016-08-01 06:04:11 --> SELECT *
FROM `select` `a`.*, `b`.`listedOnDate`, `b`.`xirr`, `b`.`secondaryId`, `b`.`desiredDiscountRate from bondora`.`investment_payload a LEFT JOIN bondora`.`secondary b ON a`.`loanPartId=b`.`loanPartId WHERE a`.`id=1007 and user="mehike" order by` `a`.`signedDate`, `a`.`auctionId`
DEBUG - 2016-08-01 06:04:11 --> SELECT *
FROM `select` `a`.*, `b`.`listedOnDate`, `b`.`xirr`, `b`.`secondaryId`, `b`.`desiredDiscountRate from bondora`.`investment_payload a LEFT JOIN bondora`.`secondary b ON a`.`loanPartId=b`.`loanPartId WHERE a`.`id=1013 and user="mehike" order by` `a`.`signedDate`, `a`.`auctionId`
DEBUG - 2016-08-01 06:04:11 --> SELECT *
FROM `select` `a`.*, `b`.`listedOnDate`, `b`.`xirr`, `b`.`secondaryId`, `b`.`desiredDiscountRate from bondora`.`investment_payload a LEFT JOIN bondora`.`secondary b ON a`.`loanPartId=b`.`loanPartId WHERE a`.`id=1014 and user="mehike" order by` `a`.`signedDate`, `a`.`auctionId`
DEBUG - 2016-08-01 06:04:16 --> Total execution time: 5.2903
DEBUG - 2016-08-01 06:04:16 --> UTF-8 Support Disabled
DEBUG - 2016-08-01 06:04:16 --> Global POST, GET and COOKIE data sanitized
ERROR - 2016-08-01 06:04:16 --> 404 Page Not Found: Investments/bootstrap
DEBUG - 2016-08-01 06:04:18 --> UTF-8 Support Disabled
DEBUG - 2016-08-01 06:04:18 --> Global POST, GET and COOKIE data sanitized
DEBUG - 2016-08-01 06:04:18 --> cURL Class Initialized
DEBUG - 2016-08-01 06:04:18 --> OAuth2 class already loaded. Second attempt ignored.
DEBUG - 2016-08-01 06:04:18 --> C:\xampp\htdocs\bondora\application\libraries/MY_Table.php exists, but does not declare MY_Table
DEBUG - 2016-08-01 06:04:18 --> Session class already loaded. Second attempt ignored.
DEBUG - 2016-08-01 06:04:18 --> SELECT *
FROM `select` `a`.*, `b`.`listedOnDate`, `b`.`xirr`, `b`.`secondaryId`, `b`.`desiredDiscountRate from bondora`.`investment_payload a LEFT JOIN bondora`.`secondary b ON a`.`loanPartId=b`.`loanPartId and a`.`user=b`.`user where a`.`user="mehike" order by` `a`.`signedDate`, `a`.`auctionId`
ERROR - 2016-08-01 06:04:18 --> Severity: Notice --> Undefined offset: 33 C:\xampp\htdocs\bondora\application\views\investments\index.php 880
ERROR - 2016-08-01 06:04:18 --> Severity: Notice --> Undefined offset: 33 C:\xampp\htdocs\bondora\application\views\investments\index.php 880
ERROR - 2016-08-01 06:04:18 --> Severity: Notice --> Undefined offset: 33 C:\xampp\htdocs\bondora\application\views\investments\index.php 880
ERROR - 2016-08-01 06:04:18 --> Severity: Notice --> Undefined offset: 33 C:\xampp\htdocs\bondora\application\views\investments\index.php 880
ERROR - 2016-08-01 06:04:18 --> Severity: Notice --> Undefined offset: 31 C:\xampp\htdocs\bondora\application\views\investments\index.php 880
ERROR - 2016-08-01 06:04:19 --> Severity: Notice --> Undefined offset: 33 C:\xampp\htdocs\bondora\application\views\investments\index.php 880
ERROR - 2016-08-01 06:04:19 --> Severity: Notice --> Undefined offset: 33 C:\xampp\htdocs\bondora\application\views\investments\index.php 880
ERROR - 2016-08-01 06:04:19 --> Severity: Notice --> Undefined offset: 30 C:\xampp\htdocs\bondora\application\views\investments\index.php 880
ERROR - 2016-08-01 06:04:19 --> Severity: Notice --> Undefined offset: 32 C:\xampp\htdocs\bondora\application\views\investments\index.php 880
ERROR - 2016-08-01 06:04:19 --> Severity: Notice --> Undefined offset: 32 C:\xampp\htdocs\bondora\application\views\investments\index.php 880
ERROR - 2016-08-01 06:04:19 --> Severity: Notice --> Undefined offset: 32 C:\xampp\htdocs\bondora\application\views\investments\index.php 880
ERROR - 2016-08-01 06:04:19 --> Severity: Notice --> Undefined offset: 33 C:\xampp\htdocs\bondora\application\views\investments\index.php 880
ERROR - 2016-08-01 06:04:19 --> Severity: Notice --> Undefined offset: 33 C:\xampp\htdocs\bondora\application\views\investments\index.php 880
ERROR - 2016-08-01 06:04:19 --> Severity: Notice --> Undefined offset: 33 C:\xampp\htdocs\bondora\application\views\investments\index.php 880
ERROR - 2016-08-01 06:04:19 --> Severity: Notice --> Undefined offset: 33 C:\xampp\htdocs\bondora\application\views\investments\index.php 880
ERROR - 2016-08-01 06:04:19 --> Severity: Notice --> Undefined offset: 41 C:\xampp\htdocs\bondora\application\views\investments\index.php 880
ERROR - 2016-08-01 06:04:19 --> Severity: Notice --> Undefined offset: 30 C:\xampp\htdocs\bondora\application\views\investments\index.php 880
ERROR - 2016-08-01 06:04:19 --> Severity: Notice --> Undefined offset: 31 C:\xampp\htdocs\bondora\application\views\investments\index.php 880
ERROR - 2016-08-01 06:04:19 --> Severity: Notice --> Undefined offset: 33 C:\xampp\htdocs\bondora\application\views\investments\index.php 880
ERROR - 2016-08-01 06:04:19 --> Severity: Notice --> Undefined offset: 33 C:\xampp\htdocs\bondora\application\views\investments\index.php 880
ERROR - 2016-08-01 06:04:19 --> Severity: Notice --> Undefined offset: 32 C:\xampp\htdocs\bondora\application\views\investments\index.php 880
DEBUG - 2016-08-01 06:04:19 --> Total execution time: 0.0780
DEBUG - 2016-08-01 06:04:19 --> UTF-8 Support Disabled
DEBUG - 2016-08-01 06:04:19 --> Global POST, GET and COOKIE data sanitized
ERROR - 2016-08-01 06:04:19 --> 404 Page Not Found: Investments/bootstrap
DEBUG - 2016-08-01 06:04:22 --> UTF-8 Support Disabled
DEBUG - 2016-08-01 06:04:22 --> Global POST, GET and COOKIE data sanitized
DEBUG - 2016-08-01 06:04:22 --> cURL Class Initialized
DEBUG - 2016-08-01 06:04:22 --> OAuth2 class already loaded. Second attempt ignored.
DEBUG - 2016-08-01 06:04:22 --> C:\xampp\htdocs\bondora\application\libraries/MY_Table.php exists, but does not declare MY_Table
DEBUG - 2016-08-01 06:04:22 --> Session class already loaded. Second attempt ignored.
DEBUG - 2016-08-01 06:04:23 --> SELECT *
FROM `select` `a`.*, `b`.`listedOnDate`, `b`.`xirr`, `b`.`secondaryId`, `b`.`desiredDiscountRate from bondora`.`investment_payload a LEFT JOIN bondora`.`secondary b ON a`.`loanPartId=b`.`loanPartId and a`.`user=b`.`user where a`.`user="mehike" order by` `a`.`signedDate`, `a`.`auctionId`
ERROR - 2016-08-01 06:04:23 --> Severity: Notice --> Undefined offset: 33 C:\xampp\htdocs\bondora\application\views\investments\index.php 880
ERROR - 2016-08-01 06:04:23 --> Severity: Notice --> Undefined offset: 33 C:\xampp\htdocs\bondora\application\views\investments\index.php 880
ERROR - 2016-08-01 06:04:23 --> Severity: Notice --> Undefined offset: 33 C:\xampp\htdocs\bondora\application\views\investments\index.php 880
ERROR - 2016-08-01 06:04:23 --> Severity: Notice --> Undefined offset: 33 C:\xampp\htdocs\bondora\application\views\investments\index.php 880
ERROR - 2016-08-01 06:04:23 --> Severity: Notice --> Undefined offset: 31 C:\xampp\htdocs\bondora\application\views\investments\index.php 880
ERROR - 2016-08-01 06:04:23 --> Severity: Notice --> Undefined offset: 33 C:\xampp\htdocs\bondora\application\views\investments\index.php 880
ERROR - 2016-08-01 06:04:23 --> Severity: Notice --> Undefined offset: 33 C:\xampp\htdocs\bondora\application\views\investments\index.php 880
ERROR - 2016-08-01 06:04:23 --> Severity: Notice --> Undefined offset: 32 C:\xampp\htdocs\bondora\application\views\investments\index.php 880
ERROR - 2016-08-01 06:04:23 --> Severity: Notice --> Undefined offset: 32 C:\xampp\htdocs\bondora\application\views\investments\index.php 880
ERROR - 2016-08-01 06:04:23 --> Severity: Notice --> Undefined offset: 32 C:\xampp\htdocs\bondora\application\views\investments\index.php 880
ERROR - 2016-08-01 06:04:23 --> Severity: Notice --> Undefined offset: 33 C:\xampp\htdocs\bondora\application\views\investments\index.php 880
ERROR - 2016-08-01 06:04:23 --> Severity: Notice --> Undefined offset: 33 C:\xampp\htdocs\bondora\application\views\investments\index.php 880
ERROR - 2016-08-01 06:04:23 --> Severity: Notice --> Undefined offset: 33 C:\xampp\htdocs\bondora\application\views\investments\index.php 880
ERROR - 2016-08-01 06:04:23 --> Severity: Notice --> Undefined offset: 33 C:\xampp\htdocs\bondora\application\views\investments\index.php 880
ERROR - 2016-08-01 06:04:23 --> Severity: Notice --> Undefined offset: 41 C:\xampp\htdocs\bondora\application\views\investments\index.php 880
ERROR - 2016-08-01 06:04:23 --> Severity: Notice --> Undefined offset: 31 C:\xampp\htdocs\bondora\application\views\investments\index.php 880
ERROR - 2016-08-01 06:04:23 --> Severity: Notice --> Undefined offset: 33 C:\xampp\htdocs\bondora\application\views\investments\index.php 880
ERROR - 2016-08-01 06:04:23 --> Severity: Notice --> Undefined offset: 33 C:\xampp\htdocs\bondora\application\views\investments\index.php 880
ERROR - 2016-08-01 06:04:23 --> Severity: Notice --> Undefined offset: 32 C:\xampp\htdocs\bondora\application\views\investments\index.php 880
DEBUG - 2016-08-01 06:04:23 --> Total execution time: 1.2671
DEBUG - 2016-08-01 06:04:23 --> UTF-8 Support Disabled
DEBUG - 2016-08-01 06:04:23 --> Global POST, GET and COOKIE data sanitized
ERROR - 2016-08-01 06:04:23 --> 404 Page Not Found: Investments/bootstrap
DEBUG - 2016-08-01 06:04:30 --> UTF-8 Support Disabled
DEBUG - 2016-08-01 06:04:30 --> Global POST, GET and COOKIE data sanitized
DEBUG - 2016-08-01 06:04:30 --> cURL Class Initialized
DEBUG - 2016-08-01 06:04:30 --> OAuth2 class already loaded. Second attempt ignored.
DEBUG - 2016-08-01 06:04:30 --> C:\xampp\htdocs\bondora\application\libraries/MY_Table.php exists, but does not declare MY_Table
DEBUG - 2016-08-01 06:04:30 --> Session class already loaded. Second attempt ignored.
DEBUG - 2016-08-01 06:04:30 --> Total execution time: 0.6990
DEBUG - 2016-08-01 06:04:30 --> UTF-8 Support Disabled
DEBUG - 2016-08-01 06:04:30 --> Global POST, GET and COOKIE data sanitized
DEBUG - 2016-08-01 06:04:30 --> cURL Class Initialized
DEBUG - 2016-08-01 06:04:30 --> OAuth2 class already loaded. Second attempt ignored.
DEBUG - 2016-08-01 06:04:30 --> C:\xampp\htdocs\bondora\application\libraries/MY_Table.php exists, but does not declare MY_Table
DEBUG - 2016-08-01 06:04:30 --> Session class already loaded. Second attempt ignored.
DEBUG - 2016-08-01 06:04:31 --> Total execution time: 0.5470
DEBUG - 2016-08-01 06:04:34 --> UTF-8 Support Disabled
DEBUG - 2016-08-01 06:04:34 --> Global POST, GET and COOKIE data sanitized
DEBUG - 2016-08-01 06:04:34 --> cURL Class Initialized
DEBUG - 2016-08-01 06:04:34 --> OAuth2 class already loaded. Second attempt ignored.
DEBUG - 2016-08-01 06:04:34 --> C:\xampp\htdocs\bondora\application\libraries/MY_Table.php exists, but does not declare MY_Table
DEBUG - 2016-08-01 06:04:34 --> Session class already loaded. Second attempt ignored.
DEBUG - 2016-08-01 06:04:35 --> Total execution time: 0.8851
DEBUG - 2016-08-01 06:04:35 --> UTF-8 Support Disabled
DEBUG - 2016-08-01 06:04:35 --> Global POST, GET and COOKIE data sanitized
DEBUG - 2016-08-01 06:04:35 --> cURL Class Initialized
DEBUG - 2016-08-01 06:04:35 --> OAuth2 class already loaded. Second attempt ignored.
DEBUG - 2016-08-01 06:04:35 --> C:\xampp\htdocs\bondora\application\libraries/MY_Table.php exists, but does not declare MY_Table
DEBUG - 2016-08-01 06:04:35 --> Session class already loaded. Second attempt ignored.
DEBUG - 2016-08-01 06:04:35 --> Total execution time: 0.3840
DEBUG - 2016-08-01 06:04:38 --> UTF-8 Support Disabled
DEBUG - 2016-08-01 06:04:38 --> Global POST, GET and COOKIE data sanitized
DEBUG - 2016-08-01 06:04:38 --> cURL Class Initialized
DEBUG - 2016-08-01 06:04:38 --> OAuth2 class already loaded. Second attempt ignored.
DEBUG - 2016-08-01 06:04:38 --> C:\xampp\htdocs\bondora\application\libraries/MY_Table.php exists, but does not declare MY_Table
DEBUG - 2016-08-01 06:04:38 --> Session class already loaded. Second attempt ignored.
DEBUG - 2016-08-01 06:04:38 --> Total execution time: 0.6280
DEBUG - 2016-08-01 06:04:39 --> UTF-8 Support Disabled
DEBUG - 2016-08-01 06:04:39 --> Global POST, GET and COOKIE data sanitized
DEBUG - 2016-08-01 06:04:39 --> cURL Class Initialized
DEBUG - 2016-08-01 06:04:39 --> OAuth2 class already loaded. Second attempt ignored.
DEBUG - 2016-08-01 06:04:39 --> C:\xampp\htdocs\bondora\application\libraries/MY_Table.php exists, but does not declare MY_Table
DEBUG - 2016-08-01 06:04:39 --> Session class already loaded. Second attempt ignored.
DEBUG - 2016-08-01 06:04:39 --> Total execution time: 0.3300
DEBUG - 2016-08-01 06:04:44 --> UTF-8 Support Disabled
DEBUG - 2016-08-01 06:04:44 --> Global POST, GET and COOKIE data sanitized
DEBUG - 2016-08-01 06:04:44 --> cURL Class Initialized
DEBUG - 2016-08-01 06:04:44 --> OAuth2 class already loaded. Second attempt ignored.
DEBUG - 2016-08-01 06:04:44 --> C:\xampp\htdocs\bondora\application\libraries/MY_Table.php exists, but does not declare MY_Table
DEBUG - 2016-08-01 06:04:44 --> Session class already loaded. Second attempt ignored.
DEBUG - 2016-08-01 06:04:44 --> Total execution time: 0.7330
DEBUG - 2016-08-01 06:04:44 --> UTF-8 Support Disabled
DEBUG - 2016-08-01 06:04:44 --> Global POST, GET and COOKIE data sanitized
DEBUG - 2016-08-01 06:04:44 --> cURL Class Initialized
DEBUG - 2016-08-01 06:04:44 --> OAuth2 class already loaded. Second attempt ignored.
DEBUG - 2016-08-01 06:04:44 --> C:\xampp\htdocs\bondora\application\libraries/MY_Table.php exists, but does not declare MY_Table
DEBUG - 2016-08-01 06:04:44 --> Session class already loaded. Second attempt ignored.
DEBUG - 2016-08-01 06:04:45 --> Total execution time: 0.5060
DEBUG - 2016-08-01 06:04:48 --> UTF-8 Support Disabled
DEBUG - 2016-08-01 06:04:48 --> Global POST, GET and COOKIE data sanitized
DEBUG - 2016-08-01 06:04:48 --> cURL Class Initialized
DEBUG - 2016-08-01 06:04:48 --> OAuth2 class already loaded. Second attempt ignored.
DEBUG - 2016-08-01 06:04:48 --> C:\xampp\htdocs\bondora\application\libraries/MY_Table.php exists, but does not declare MY_Table
DEBUG - 2016-08-01 06:04:48 --> Session class already loaded. Second attempt ignored.
DEBUG - 2016-08-01 06:04:48 --> Total execution time: 0.6030
DEBUG - 2016-08-01 06:04:48 --> UTF-8 Support Disabled
DEBUG - 2016-08-01 06:04:48 --> Global POST, GET and COOKIE data sanitized
DEBUG - 2016-08-01 06:04:48 --> cURL Class Initialized
DEBUG - 2016-08-01 06:04:48 --> OAuth2 class already loaded. Second attempt ignored.
DEBUG - 2016-08-01 06:04:48 --> C:\xampp\htdocs\bondora\application\libraries/MY_Table.php exists, but does not declare MY_Table
DEBUG - 2016-08-01 06:04:48 --> Session class already loaded. Second attempt ignored.
DEBUG - 2016-08-01 06:04:49 --> Total execution time: 0.3320
DEBUG - 2016-08-01 06:05:05 --> UTF-8 Support Disabled
DEBUG - 2016-08-01 06:05:05 --> Global POST, GET and COOKIE data sanitized
DEBUG - 2016-08-01 06:05:05 --> cURL Class Initialized
DEBUG - 2016-08-01 06:05:05 --> OAuth2 class already loaded. Second attempt ignored.
DEBUG - 2016-08-01 06:05:05 --> C:\xampp\htdocs\bondora\application\libraries/MY_Table.php exists, but does not declare MY_Table
DEBUG - 2016-08-01 06:05:05 --> Session class already loaded. Second attempt ignored.
DEBUG - 2016-08-01 06:05:05 --> SELECT *
FROM `select` `a`.*, `b`.`listedOnDate`, `b`.`xirr`, `b`.`secondaryId`, `b`.`desiredDiscountRate from bondora`.`investment_payload a LEFT JOIN bondora`.`secondary b ON a`.`loanPartId=b`.`loanPartId WHERE a`.`id=1024 and user="mehike" order by` `a`.`signedDate`, `a`.`auctionId`
DEBUG - 2016-08-01 06:05:05 --> SELECT *
FROM `select` `a`.*, `b`.`listedOnDate`, `b`.`xirr`, `b`.`secondaryId`, `b`.`desiredDiscountRate from bondora`.`investment_payload a LEFT JOIN bondora`.`secondary b ON a`.`loanPartId=b`.`loanPartId WHERE a`.`id=1029 and user="mehike" order by` `a`.`signedDate`, `a`.`auctionId`
DEBUG - 2016-08-01 06:05:05 --> SELECT *
FROM `select` `a`.*, `b`.`listedOnDate`, `b`.`xirr`, `b`.`secondaryId`, `b`.`desiredDiscountRate from bondora`.`investment_payload a LEFT JOIN bondora`.`secondary b ON a`.`loanPartId=b`.`loanPartId WHERE a`.`id=1030 and user="mehike" order by` `a`.`signedDate`, `a`.`auctionId`
DEBUG - 2016-08-01 06:05:05 --> SELECT *
FROM `select` `a`.*, `b`.`listedOnDate`, `b`.`xirr`, `b`.`secondaryId`, `b`.`desiredDiscountRate from bondora`.`investment_payload a LEFT JOIN bondora`.`secondary b ON a`.`loanPartId=b`.`loanPartId WHERE a`.`id=1045 and user="mehike" order by` `a`.`signedDate`, `a`.`auctionId`
DEBUG - 2016-08-01 06:05:05 --> SELECT *
FROM `select` `a`.*, `b`.`listedOnDate`, `b`.`xirr`, `b`.`secondaryId`, `b`.`desiredDiscountRate from bondora`.`investment_payload a LEFT JOIN bondora`.`secondary b ON a`.`loanPartId=b`.`loanPartId WHERE a`.`id=1050 and user="mehike" order by` `a`.`signedDate`, `a`.`auctionId`
DEBUG - 2016-08-01 06:05:09 --> Total execution time: 3.2522
DEBUG - 2016-08-01 06:05:09 --> UTF-8 Support Disabled
DEBUG - 2016-08-01 06:05:09 --> Global POST, GET and COOKIE data sanitized
ERROR - 2016-08-01 06:05:09 --> 404 Page Not Found: Investments/bootstrap
DEBUG - 2016-08-01 06:05:12 --> UTF-8 Support Disabled
DEBUG - 2016-08-01 06:05:12 --> Global POST, GET and COOKIE data sanitized
DEBUG - 2016-08-01 06:05:12 --> cURL Class Initialized
DEBUG - 2016-08-01 06:05:12 --> OAuth2 class already loaded. Second attempt ignored.
DEBUG - 2016-08-01 06:05:12 --> C:\xampp\htdocs\bondora\application\libraries/MY_Table.php exists, but does not declare MY_Table
DEBUG - 2016-08-01 06:05:12 --> Session class already loaded. Second attempt ignored.
DEBUG - 2016-08-01 06:05:12 --> SELECT *
FROM `select` `a`.*, `b`.`listedOnDate`, `b`.`xirr`, `b`.`secondaryId`, `b`.`desiredDiscountRate from bondora`.`investment_payload a LEFT JOIN bondora`.`secondary b ON a`.`loanPartId=b`.`loanPartId and a`.`user=b`.`user where a`.`user="mehike" order by` `a`.`signedDate`, `a`.`auctionId`
ERROR - 2016-08-01 06:05:12 --> Severity: Notice --> Undefined offset: 33 C:\xampp\htdocs\bondora\application\views\investments\index.php 880
ERROR - 2016-08-01 06:05:12 --> Severity: Notice --> Undefined offset: 33 C:\xampp\htdocs\bondora\application\views\investments\index.php 880
ERROR - 2016-08-01 06:05:12 --> Severity: Notice --> Undefined offset: 33 C:\xampp\htdocs\bondora\application\views\investments\index.php 880
ERROR - 2016-08-01 06:05:12 --> Severity: Notice --> Undefined offset: 33 C:\xampp\htdocs\bondora\application\views\investments\index.php 880
ERROR - 2016-08-01 06:05:12 --> Severity: Notice --> Undefined offset: 31 C:\xampp\htdocs\bondora\application\views\investments\index.php 880
ERROR - 2016-08-01 06:05:12 --> Severity: Notice --> Undefined offset: 33 C:\xampp\htdocs\bondora\application\views\investments\index.php 880
ERROR - 2016-08-01 06:05:12 --> Severity: Notice --> Undefined offset: 33 C:\xampp\htdocs\bondora\application\views\investments\index.php 880
ERROR - 2016-08-01 06:05:12 --> Severity: Notice --> Undefined offset: 30 C:\xampp\htdocs\bondora\application\views\investments\index.php 880
ERROR - 2016-08-01 06:05:12 --> Severity: Notice --> Undefined offset: 32 C:\xampp\htdocs\bondora\application\views\investments\index.php 880
ERROR - 2016-08-01 06:05:12 --> Severity: Notice --> Undefined offset: 32 C:\xampp\htdocs\bondora\application\views\investments\index.php 880
ERROR - 2016-08-01 06:05:12 --> Severity: Notice --> Undefined offset: 32 C:\xampp\htdocs\bondora\application\views\investments\index.php 880
ERROR - 2016-08-01 06:05:12 --> Severity: Notice --> Undefined offset: 33 C:\xampp\htdocs\bondora\application\views\investments\index.php 880
ERROR - 2016-08-01 06:05:12 --> Severity: Notice --> Undefined offset: 33 C:\xampp\htdocs\bondora\application\views\investments\index.php 880
ERROR - 2016-08-01 06:05:12 --> Severity: Notice --> Undefined offset: 33 C:\xampp\htdocs\bondora\application\views\investments\index.php 880
ERROR - 2016-08-01 06:05:12 --> Severity: Notice --> Undefined offset: 33 C:\xampp\htdocs\bondora\application\views\investments\index.php 880
ERROR - 2016-08-01 06:05:12 --> Severity: Notice --> Undefined offset: 41 C:\xampp\htdocs\bondora\application\views\investments\index.php 880
ERROR - 2016-08-01 06:05:12 --> Severity: Notice --> Undefined offset: 30 C:\xampp\htdocs\bondora\application\views\investments\index.php 880
ERROR - 2016-08-01 06:05:12 --> Severity: Notice --> Undefined offset: 31 C:\xampp\htdocs\bondora\application\views\investments\index.php 880
ERROR - 2016-08-01 06:05:12 --> Severity: Notice --> Undefined offset: 33 C:\xampp\htdocs\bondora\application\views\investments\index.php 880
ERROR - 2016-08-01 06:05:12 --> Severity: Notice --> Undefined offset: 33 C:\xampp\htdocs\bondora\application\views\investments\index.php 880
ERROR - 2016-08-01 06:05:12 --> Severity: Notice --> Undefined offset: 32 C:\xampp\htdocs\bondora\application\views\investments\index.php 880
DEBUG - 2016-08-01 06:05:12 --> Total execution time: 0.0790
DEBUG - 2016-08-01 06:05:12 --> UTF-8 Support Disabled
DEBUG - 2016-08-01 06:05:12 --> Global POST, GET and COOKIE data sanitized
ERROR - 2016-08-01 06:05:12 --> 404 Page Not Found: Investments/bootstrap
