INFO - 2015-11-07 20:36:00 --> Config Class Initialized
INFO - 2015-11-07 20:36:00 --> Hooks Class Initialized
DEBUG - 2015-11-07 20:36:00 --> UTF-8 Support Disabled
INFO - 2015-11-07 20:36:00 --> Utf8 Class Initialized
INFO - 2015-11-07 20:36:00 --> URI Class Initialized
DEBUG - 2015-11-07 20:36:00 --> No URI present. Default controller set.
INFO - 2015-11-07 20:36:00 --> Router Class Initialized
INFO - 2015-11-07 20:36:00 --> Output Class Initialized
INFO - 2015-11-07 20:36:00 --> Security Class Initialized
DEBUG - 2015-11-07 20:36:00 --> Global POST, GET and COOKIE data sanitized
INFO - 2015-11-07 20:36:00 --> Input Class Initialized
INFO - 2015-11-07 20:36:00 --> Language Class Initialized
INFO - 2015-11-07 20:36:00 --> Loader Class Initialized
INFO - 2015-11-07 20:36:00 --> Controller Class Initialized
ERROR - 2015-11-07 20:36:00 --> Severity: Error --> Call to undefined function base_url() C:\xampp\htdocs\bondora\application\views\templates\header.php 4
INFO - 2015-11-07 20:36:19 --> Config Class Initialized
INFO - 2015-11-07 20:36:19 --> Hooks Class Initialized
DEBUG - 2015-11-07 20:36:19 --> UTF-8 Support Disabled
INFO - 2015-11-07 20:36:19 --> Utf8 Class Initialized
INFO - 2015-11-07 20:36:19 --> URI Class Initialized
INFO - 2015-11-07 20:36:19 --> Router Class Initialized
INFO - 2015-11-07 20:36:19 --> Output Class Initialized
INFO - 2015-11-07 20:36:19 --> Security Class Initialized
DEBUG - 2015-11-07 20:36:19 --> Global POST, GET and COOKIE data sanitized
INFO - 2015-11-07 20:36:19 --> Input Class Initialized
INFO - 2015-11-07 20:36:19 --> Language Class Initialized
INFO - 2015-11-07 20:36:19 --> Loader Class Initialized
INFO - 2015-11-07 20:36:19 --> Controller Class Initialized
INFO - 2015-11-07 20:36:19 --> Model Class Initialized
INFO - 2015-11-07 20:36:19 --> Database Driver Class Initialized
INFO - 2015-11-07 20:36:19 --> Helper loaded: url_helper
DEBUG - 2015-11-07 20:36:19 --> C:\xampp\htdocs\bondora\application\libraries/MY_Table.php exists, but does not declare MY_Table
INFO - 2015-11-07 20:36:20 --> Table Class Initialized
INFO - 2015-11-07 20:36:20 --> File loaded: C:\xampp\htdocs\bondora\application\views\templates/header.php
INFO - 2015-11-07 20:36:20 --> File loaded: C:\xampp\htdocs\bondora\application\views\filters/index.php
INFO - 2015-11-07 20:36:20 --> File loaded: C:\xampp\htdocs\bondora\application\views\templates/footer.php
INFO - 2015-11-07 20:36:20 --> Final output sent to browser
DEBUG - 2015-11-07 20:36:20 --> Total execution time: 0.4580
INFO - 2015-11-07 20:36:25 --> Config Class Initialized
INFO - 2015-11-07 20:36:25 --> Hooks Class Initialized
DEBUG - 2015-11-07 20:36:25 --> UTF-8 Support Disabled
INFO - 2015-11-07 20:36:25 --> Utf8 Class Initialized
INFO - 2015-11-07 20:36:25 --> URI Class Initialized
INFO - 2015-11-07 20:36:25 --> Router Class Initialized
INFO - 2015-11-07 20:36:25 --> Output Class Initialized
INFO - 2015-11-07 20:36:25 --> Security Class Initialized
DEBUG - 2015-11-07 20:36:25 --> Global POST, GET and COOKIE data sanitized
INFO - 2015-11-07 20:36:25 --> Input Class Initialized
INFO - 2015-11-07 20:36:25 --> Language Class Initialized
ERROR - 2015-11-07 20:36:25 --> 404 Page Not Found: Filters/edi
INFO - 2015-11-07 20:37:42 --> Config Class Initialized
INFO - 2015-11-07 20:37:42 --> Hooks Class Initialized
DEBUG - 2015-11-07 20:37:42 --> UTF-8 Support Disabled
INFO - 2015-11-07 20:37:42 --> Utf8 Class Initialized
INFO - 2015-11-07 20:37:42 --> URI Class Initialized
INFO - 2015-11-07 20:37:42 --> Router Class Initialized
INFO - 2015-11-07 20:37:42 --> Output Class Initialized
INFO - 2015-11-07 20:37:42 --> Security Class Initialized
DEBUG - 2015-11-07 20:37:42 --> Global POST, GET and COOKIE data sanitized
INFO - 2015-11-07 20:37:42 --> Input Class Initialized
INFO - 2015-11-07 20:37:42 --> Language Class Initialized
INFO - 2015-11-07 20:37:42 --> Loader Class Initialized
INFO - 2015-11-07 20:37:42 --> Controller Class Initialized
INFO - 2015-11-07 20:37:42 --> Model Class Initialized
INFO - 2015-11-07 20:37:42 --> Database Driver Class Initialized
INFO - 2015-11-07 20:37:42 --> Helper loaded: url_helper
DEBUG - 2015-11-07 20:37:42 --> C:\xampp\htdocs\bondora\application\libraries/MY_Table.php exists, but does not declare MY_Table
INFO - 2015-11-07 20:37:42 --> Table Class Initialized
INFO - 2015-11-07 20:37:42 --> File loaded: C:\xampp\htdocs\bondora\application\views\templates/header.php
INFO - 2015-11-07 20:37:42 --> File loaded: C:\xampp\htdocs\bondora\application\views\filters/index.php
INFO - 2015-11-07 20:37:42 --> File loaded: C:\xampp\htdocs\bondora\application\views\templates/footer.php
INFO - 2015-11-07 20:37:42 --> Final output sent to browser
DEBUG - 2015-11-07 20:37:42 --> Total execution time: 0.0970
INFO - 2015-11-07 20:37:44 --> Config Class Initialized
INFO - 2015-11-07 20:37:44 --> Hooks Class Initialized
DEBUG - 2015-11-07 20:37:44 --> UTF-8 Support Disabled
INFO - 2015-11-07 20:37:44 --> Utf8 Class Initialized
INFO - 2015-11-07 20:37:44 --> URI Class Initialized
INFO - 2015-11-07 20:37:44 --> Router Class Initialized
INFO - 2015-11-07 20:37:44 --> Output Class Initialized
INFO - 2015-11-07 20:37:44 --> Security Class Initialized
DEBUG - 2015-11-07 20:37:44 --> Global POST, GET and COOKIE data sanitized
INFO - 2015-11-07 20:37:44 --> Input Class Initialized
INFO - 2015-11-07 20:37:44 --> Language Class Initialized
ERROR - 2015-11-07 20:37:44 --> 404 Page Not Found: Filters/edi
INFO - 2015-11-07 20:37:55 --> Config Class Initialized
INFO - 2015-11-07 20:37:55 --> Hooks Class Initialized
DEBUG - 2015-11-07 20:37:55 --> UTF-8 Support Disabled
INFO - 2015-11-07 20:37:55 --> Utf8 Class Initialized
INFO - 2015-11-07 20:37:55 --> URI Class Initialized
INFO - 2015-11-07 20:37:55 --> Router Class Initialized
INFO - 2015-11-07 20:37:55 --> Output Class Initialized
INFO - 2015-11-07 20:37:55 --> Security Class Initialized
DEBUG - 2015-11-07 20:37:55 --> Global POST, GET and COOKIE data sanitized
INFO - 2015-11-07 20:37:55 --> Input Class Initialized
INFO - 2015-11-07 20:37:55 --> Language Class Initialized
INFO - 2015-11-07 20:37:55 --> Loader Class Initialized
INFO - 2015-11-07 20:37:55 --> Controller Class Initialized
INFO - 2015-11-07 20:37:55 --> Model Class Initialized
INFO - 2015-11-07 20:37:55 --> Database Driver Class Initialized
INFO - 2015-11-07 20:37:55 --> Helper loaded: url_helper
DEBUG - 2015-11-07 20:37:55 --> C:\xampp\htdocs\bondora\application\libraries/MY_Table.php exists, but does not declare MY_Table
INFO - 2015-11-07 20:37:55 --> Table Class Initialized
INFO - 2015-11-07 20:37:55 --> Helper loaded: form_helper
INFO - 2015-11-07 20:37:55 --> Form Validation Class Initialized
INFO - 2015-11-07 20:37:55 --> File loaded: C:\xampp\htdocs\bondora\application\views\templates/header.php
INFO - 2015-11-07 20:37:55 --> File loaded: C:\xampp\htdocs\bondora\application\views\filters/edit.php
INFO - 2015-11-07 20:37:55 --> File loaded: C:\xampp\htdocs\bondora\application\views\templates/footer.php
INFO - 2015-11-07 20:37:55 --> Final output sent to browser
DEBUG - 2015-11-07 20:37:55 --> Total execution time: 0.1380
INFO - 2015-11-07 20:38:11 --> Config Class Initialized
INFO - 2015-11-07 20:38:11 --> Hooks Class Initialized
DEBUG - 2015-11-07 20:38:11 --> UTF-8 Support Disabled
INFO - 2015-11-07 20:38:11 --> Utf8 Class Initialized
INFO - 2015-11-07 20:38:11 --> URI Class Initialized
INFO - 2015-11-07 20:38:11 --> Router Class Initialized
INFO - 2015-11-07 20:38:11 --> Output Class Initialized
INFO - 2015-11-07 20:38:11 --> Security Class Initialized
DEBUG - 2015-11-07 20:38:11 --> Global POST, GET and COOKIE data sanitized
INFO - 2015-11-07 20:38:11 --> Input Class Initialized
INFO - 2015-11-07 20:38:11 --> Language Class Initialized
INFO - 2015-11-07 20:38:11 --> Loader Class Initialized
INFO - 2015-11-07 20:38:11 --> Controller Class Initialized
INFO - 2015-11-07 20:38:11 --> Model Class Initialized
INFO - 2015-11-07 20:38:11 --> Database Driver Class Initialized
INFO - 2015-11-07 20:38:11 --> Helper loaded: url_helper
DEBUG - 2015-11-07 20:38:11 --> C:\xampp\htdocs\bondora\application\libraries/MY_Table.php exists, but does not declare MY_Table
INFO - 2015-11-07 20:38:11 --> Table Class Initialized
INFO - 2015-11-07 20:38:11 --> File loaded: C:\xampp\htdocs\bondora\application\views\templates/header.php
INFO - 2015-11-07 20:38:11 --> File loaded: C:\xampp\htdocs\bondora\application\views\filters/index.php
INFO - 2015-11-07 20:38:11 --> File loaded: C:\xampp\htdocs\bondora\application\views\templates/footer.php
INFO - 2015-11-07 20:38:11 --> Final output sent to browser
DEBUG - 2015-11-07 20:38:11 --> Total execution time: 0.1080
INFO - 2015-11-07 20:38:12 --> Config Class Initialized
INFO - 2015-11-07 20:38:12 --> Hooks Class Initialized
DEBUG - 2015-11-07 20:38:12 --> UTF-8 Support Disabled
INFO - 2015-11-07 20:38:12 --> Utf8 Class Initialized
INFO - 2015-11-07 20:38:12 --> URI Class Initialized
INFO - 2015-11-07 20:38:12 --> Router Class Initialized
INFO - 2015-11-07 20:38:12 --> Output Class Initialized
INFO - 2015-11-07 20:38:12 --> Security Class Initialized
DEBUG - 2015-11-07 20:38:12 --> Global POST, GET and COOKIE data sanitized
INFO - 2015-11-07 20:38:12 --> Input Class Initialized
INFO - 2015-11-07 20:38:12 --> Language Class Initialized
INFO - 2015-11-07 20:38:12 --> Loader Class Initialized
INFO - 2015-11-07 20:38:12 --> Controller Class Initialized
INFO - 2015-11-07 20:38:12 --> Model Class Initialized
INFO - 2015-11-07 20:38:12 --> Database Driver Class Initialized
INFO - 2015-11-07 20:38:12 --> Helper loaded: url_helper
DEBUG - 2015-11-07 20:38:12 --> C:\xampp\htdocs\bondora\application\libraries/MY_Table.php exists, but does not declare MY_Table
INFO - 2015-11-07 20:38:12 --> Table Class Initialized
INFO - 2015-11-07 20:38:12 --> Helper loaded: form_helper
INFO - 2015-11-07 20:38:12 --> Form Validation Class Initialized
INFO - 2015-11-07 20:38:12 --> File loaded: C:\xampp\htdocs\bondora\application\views\templates/header.php
INFO - 2015-11-07 20:38:12 --> File loaded: C:\xampp\htdocs\bondora\application\views\filters/edit.php
INFO - 2015-11-07 20:38:12 --> File loaded: C:\xampp\htdocs\bondora\application\views\templates/footer.php
INFO - 2015-11-07 20:38:12 --> Final output sent to browser
DEBUG - 2015-11-07 20:38:12 --> Total execution time: 0.0980
INFO - 2015-11-07 20:38:18 --> Config Class Initialized
INFO - 2015-11-07 20:38:18 --> Hooks Class Initialized
DEBUG - 2015-11-07 20:38:18 --> UTF-8 Support Disabled
INFO - 2015-11-07 20:38:18 --> Utf8 Class Initialized
INFO - 2015-11-07 20:38:18 --> URI Class Initialized
INFO - 2015-11-07 20:38:18 --> Router Class Initialized
INFO - 2015-11-07 20:38:18 --> Output Class Initialized
INFO - 2015-11-07 20:38:18 --> Security Class Initialized
DEBUG - 2015-11-07 20:38:18 --> Global POST, GET and COOKIE data sanitized
INFO - 2015-11-07 20:38:18 --> Input Class Initialized
INFO - 2015-11-07 20:38:18 --> Language Class Initialized
INFO - 2015-11-07 20:38:18 --> Loader Class Initialized
INFO - 2015-11-07 20:38:18 --> Controller Class Initialized
INFO - 2015-11-07 20:38:18 --> Model Class Initialized
INFO - 2015-11-07 20:38:18 --> Database Driver Class Initialized
INFO - 2015-11-07 20:38:18 --> Helper loaded: url_helper
DEBUG - 2015-11-07 20:38:18 --> C:\xampp\htdocs\bondora\application\libraries/MY_Table.php exists, but does not declare MY_Table
INFO - 2015-11-07 20:38:18 --> Table Class Initialized
INFO - 2015-11-07 20:38:18 --> Helper loaded: form_helper
INFO - 2015-11-07 20:38:18 --> Form Validation Class Initialized
INFO - 2015-11-07 20:38:18 --> File loaded: C:\xampp\htdocs\bondora\application\views\templates/header.php
INFO - 2015-11-07 20:38:18 --> File loaded: C:\xampp\htdocs\bondora\application\views\filters/edit.php
INFO - 2015-11-07 20:38:18 --> File loaded: C:\xampp\htdocs\bondora\application\views\templates/footer.php
INFO - 2015-11-07 20:38:18 --> Final output sent to browser
DEBUG - 2015-11-07 20:38:18 --> Total execution time: 0.1230
INFO - 2015-11-07 20:39:09 --> Config Class Initialized
INFO - 2015-11-07 20:39:09 --> Hooks Class Initialized
DEBUG - 2015-11-07 20:39:09 --> UTF-8 Support Disabled
INFO - 2015-11-07 20:39:09 --> Utf8 Class Initialized
INFO - 2015-11-07 20:39:09 --> URI Class Initialized
INFO - 2015-11-07 20:39:09 --> Router Class Initialized
INFO - 2015-11-07 20:39:09 --> Output Class Initialized
INFO - 2015-11-07 20:39:09 --> Security Class Initialized
DEBUG - 2015-11-07 20:39:09 --> Global POST, GET and COOKIE data sanitized
INFO - 2015-11-07 20:39:09 --> Input Class Initialized
INFO - 2015-11-07 20:39:09 --> Language Class Initialized
INFO - 2015-11-07 20:39:10 --> Loader Class Initialized
INFO - 2015-11-07 20:39:10 --> Controller Class Initialized
INFO - 2015-11-07 20:39:10 --> Model Class Initialized
INFO - 2015-11-07 20:39:10 --> Database Driver Class Initialized
INFO - 2015-11-07 20:39:10 --> Helper loaded: url_helper
DEBUG - 2015-11-07 20:39:10 --> C:\xampp\htdocs\bondora\application\libraries/MY_Table.php exists, but does not declare MY_Table
INFO - 2015-11-07 20:39:10 --> Table Class Initialized
INFO - 2015-11-07 20:39:10 --> File loaded: C:\xampp\htdocs\bondora\application\views\templates/header.php
INFO - 2015-11-07 20:39:10 --> File loaded: C:\xampp\htdocs\bondora\application\views\filters/index.php
INFO - 2015-11-07 20:39:10 --> File loaded: C:\xampp\htdocs\bondora\application\views\templates/footer.php
INFO - 2015-11-07 20:39:10 --> Final output sent to browser
DEBUG - 2015-11-07 20:39:10 --> Total execution time: 0.1750
INFO - 2015-11-07 20:39:12 --> Config Class Initialized
INFO - 2015-11-07 20:39:12 --> Hooks Class Initialized
DEBUG - 2015-11-07 20:39:12 --> UTF-8 Support Disabled
INFO - 2015-11-07 20:39:12 --> Utf8 Class Initialized
INFO - 2015-11-07 20:39:12 --> URI Class Initialized
INFO - 2015-11-07 20:39:12 --> Router Class Initialized
INFO - 2015-11-07 20:39:12 --> Output Class Initialized
INFO - 2015-11-07 20:39:12 --> Security Class Initialized
DEBUG - 2015-11-07 20:39:12 --> Global POST, GET and COOKIE data sanitized
INFO - 2015-11-07 20:39:12 --> Input Class Initialized
INFO - 2015-11-07 20:39:12 --> Language Class Initialized
INFO - 2015-11-07 20:39:12 --> Loader Class Initialized
INFO - 2015-11-07 20:39:12 --> Controller Class Initialized
INFO - 2015-11-07 20:39:12 --> Model Class Initialized
INFO - 2015-11-07 20:39:12 --> Database Driver Class Initialized
INFO - 2015-11-07 20:39:12 --> Helper loaded: url_helper
DEBUG - 2015-11-07 20:39:12 --> C:\xampp\htdocs\bondora\application\libraries/MY_Table.php exists, but does not declare MY_Table
INFO - 2015-11-07 20:39:12 --> Table Class Initialized
INFO - 2015-11-07 20:39:12 --> Helper loaded: form_helper
INFO - 2015-11-07 20:39:12 --> Form Validation Class Initialized
INFO - 2015-11-07 20:39:12 --> File loaded: C:\xampp\htdocs\bondora\application\views\templates/header.php
INFO - 2015-11-07 20:39:12 --> File loaded: C:\xampp\htdocs\bondora\application\views\filters/edit.php
INFO - 2015-11-07 20:39:12 --> File loaded: C:\xampp\htdocs\bondora\application\views\templates/footer.php
INFO - 2015-11-07 20:39:12 --> Final output sent to browser
DEBUG - 2015-11-07 20:39:12 --> Total execution time: 0.1690
INFO - 2015-11-07 20:39:44 --> Config Class Initialized
INFO - 2015-11-07 20:39:44 --> Hooks Class Initialized
DEBUG - 2015-11-07 20:39:44 --> UTF-8 Support Disabled
INFO - 2015-11-07 20:39:44 --> Utf8 Class Initialized
INFO - 2015-11-07 20:39:44 --> URI Class Initialized
INFO - 2015-11-07 20:39:44 --> Router Class Initialized
INFO - 2015-11-07 20:39:44 --> Output Class Initialized
INFO - 2015-11-07 20:39:44 --> Security Class Initialized
DEBUG - 2015-11-07 20:39:44 --> Global POST, GET and COOKIE data sanitized
INFO - 2015-11-07 20:39:44 --> Input Class Initialized
INFO - 2015-11-07 20:39:44 --> Language Class Initialized
INFO - 2015-11-07 20:39:44 --> Loader Class Initialized
INFO - 2015-11-07 20:39:44 --> Controller Class Initialized
INFO - 2015-11-07 20:39:44 --> Model Class Initialized
INFO - 2015-11-07 20:39:44 --> Database Driver Class Initialized
INFO - 2015-11-07 20:39:44 --> Helper loaded: url_helper
DEBUG - 2015-11-07 20:39:44 --> C:\xampp\htdocs\bondora\application\libraries/MY_Table.php exists, but does not declare MY_Table
INFO - 2015-11-07 20:39:44 --> Table Class Initialized
INFO - 2015-11-07 20:39:44 --> Helper loaded: form_helper
INFO - 2015-11-07 20:39:44 --> Form Validation Class Initialized
INFO - 2015-11-07 20:39:44 --> File loaded: C:\xampp\htdocs\bondora\application\views\templates/header.php
INFO - 2015-11-07 20:39:44 --> File loaded: C:\xampp\htdocs\bondora\application\views\filters/edit.php
INFO - 2015-11-07 20:39:44 --> File loaded: C:\xampp\htdocs\bondora\application\views\templates/footer.php
INFO - 2015-11-07 20:39:44 --> Final output sent to browser
DEBUG - 2015-11-07 20:39:44 --> Total execution time: 0.2070
INFO - 2015-11-07 20:39:59 --> Config Class Initialized
INFO - 2015-11-07 20:39:59 --> Hooks Class Initialized
DEBUG - 2015-11-07 20:39:59 --> UTF-8 Support Disabled
INFO - 2015-11-07 20:39:59 --> Utf8 Class Initialized
INFO - 2015-11-07 20:39:59 --> URI Class Initialized
INFO - 2015-11-07 20:39:59 --> Router Class Initialized
INFO - 2015-11-07 20:39:59 --> Output Class Initialized
INFO - 2015-11-07 20:39:59 --> Security Class Initialized
DEBUG - 2015-11-07 20:39:59 --> Global POST, GET and COOKIE data sanitized
INFO - 2015-11-07 20:39:59 --> Input Class Initialized
INFO - 2015-11-07 20:39:59 --> Language Class Initialized
INFO - 2015-11-07 20:39:59 --> Loader Class Initialized
INFO - 2015-11-07 20:39:59 --> Controller Class Initialized
INFO - 2015-11-07 20:39:59 --> Model Class Initialized
INFO - 2015-11-07 20:39:59 --> Database Driver Class Initialized
INFO - 2015-11-07 20:40:00 --> Helper loaded: url_helper
DEBUG - 2015-11-07 20:40:00 --> C:\xampp\htdocs\bondora\application\libraries/MY_Table.php exists, but does not declare MY_Table
INFO - 2015-11-07 20:40:00 --> Table Class Initialized
INFO - 2015-11-07 20:40:00 --> File loaded: C:\xampp\htdocs\bondora\application\views\templates/header.php
INFO - 2015-11-07 20:40:00 --> File loaded: C:\xampp\htdocs\bondora\application\views\filters/index.php
INFO - 2015-11-07 20:40:00 --> File loaded: C:\xampp\htdocs\bondora\application\views\templates/footer.php
INFO - 2015-11-07 20:40:00 --> Final output sent to browser
DEBUG - 2015-11-07 20:40:00 --> Total execution time: 0.1680
INFO - 2015-11-07 20:40:01 --> Config Class Initialized
INFO - 2015-11-07 20:40:01 --> Hooks Class Initialized
DEBUG - 2015-11-07 20:40:01 --> UTF-8 Support Disabled
INFO - 2015-11-07 20:40:01 --> Utf8 Class Initialized
INFO - 2015-11-07 20:40:01 --> URI Class Initialized
INFO - 2015-11-07 20:40:01 --> Router Class Initialized
INFO - 2015-11-07 20:40:01 --> Output Class Initialized
INFO - 2015-11-07 20:40:01 --> Security Class Initialized
DEBUG - 2015-11-07 20:40:01 --> Global POST, GET and COOKIE data sanitized
INFO - 2015-11-07 20:40:01 --> Input Class Initialized
INFO - 2015-11-07 20:40:01 --> Language Class Initialized
INFO - 2015-11-07 20:40:01 --> Loader Class Initialized
INFO - 2015-11-07 20:40:01 --> Controller Class Initialized
INFO - 2015-11-07 20:40:01 --> Model Class Initialized
INFO - 2015-11-07 20:40:01 --> Database Driver Class Initialized
INFO - 2015-11-07 20:40:01 --> Helper loaded: url_helper
DEBUG - 2015-11-07 20:40:01 --> C:\xampp\htdocs\bondora\application\libraries/MY_Table.php exists, but does not declare MY_Table
INFO - 2015-11-07 20:40:01 --> Table Class Initialized
INFO - 2015-11-07 20:40:01 --> Helper loaded: form_helper
INFO - 2015-11-07 20:40:01 --> Form Validation Class Initialized
INFO - 2015-11-07 20:40:01 --> File loaded: C:\xampp\htdocs\bondora\application\views\templates/header.php
INFO - 2015-11-07 20:40:01 --> File loaded: C:\xampp\htdocs\bondora\application\views\filters/edit.php
INFO - 2015-11-07 20:40:01 --> File loaded: C:\xampp\htdocs\bondora\application\views\templates/footer.php
INFO - 2015-11-07 20:40:01 --> Final output sent to browser
DEBUG - 2015-11-07 20:40:01 --> Total execution time: 0.0820
INFO - 2015-11-07 20:40:04 --> Config Class Initialized
INFO - 2015-11-07 20:40:04 --> Hooks Class Initialized
DEBUG - 2015-11-07 20:40:04 --> UTF-8 Support Disabled
INFO - 2015-11-07 20:40:04 --> Utf8 Class Initialized
INFO - 2015-11-07 20:40:04 --> URI Class Initialized
INFO - 2015-11-07 20:40:04 --> Router Class Initialized
INFO - 2015-11-07 20:40:04 --> Output Class Initialized
INFO - 2015-11-07 20:40:04 --> Security Class Initialized
DEBUG - 2015-11-07 20:40:04 --> Global POST, GET and COOKIE data sanitized
INFO - 2015-11-07 20:40:04 --> Input Class Initialized
INFO - 2015-11-07 20:40:04 --> Language Class Initialized
INFO - 2015-11-07 20:40:04 --> Loader Class Initialized
INFO - 2015-11-07 20:40:04 --> Controller Class Initialized
INFO - 2015-11-07 20:40:04 --> Model Class Initialized
INFO - 2015-11-07 20:40:04 --> Database Driver Class Initialized
INFO - 2015-11-07 20:40:04 --> Helper loaded: url_helper
DEBUG - 2015-11-07 20:40:04 --> C:\xampp\htdocs\bondora\application\libraries/MY_Table.php exists, but does not declare MY_Table
INFO - 2015-11-07 20:40:04 --> Table Class Initialized
INFO - 2015-11-07 20:40:04 --> Helper loaded: form_helper
INFO - 2015-11-07 20:40:04 --> Form Validation Class Initialized
INFO - 2015-11-07 20:40:04 --> File loaded: C:\xampp\htdocs\bondora\application\views\templates/header.php
INFO - 2015-11-07 20:40:04 --> File loaded: C:\xampp\htdocs\bondora\application\views\filters/edit.php
INFO - 2015-11-07 20:40:04 --> File loaded: C:\xampp\htdocs\bondora\application\views\templates/footer.php
INFO - 2015-11-07 20:40:04 --> Final output sent to browser
DEBUG - 2015-11-07 20:40:04 --> Total execution time: 0.1100
INFO - 2015-11-07 20:40:40 --> Config Class Initialized
INFO - 2015-11-07 20:40:40 --> Hooks Class Initialized
DEBUG - 2015-11-07 20:40:40 --> UTF-8 Support Disabled
INFO - 2015-11-07 20:40:40 --> Utf8 Class Initialized
INFO - 2015-11-07 20:40:40 --> URI Class Initialized
INFO - 2015-11-07 20:40:40 --> Router Class Initialized
INFO - 2015-11-07 20:40:40 --> Output Class Initialized
INFO - 2015-11-07 20:40:40 --> Security Class Initialized
DEBUG - 2015-11-07 20:40:40 --> Global POST, GET and COOKIE data sanitized
INFO - 2015-11-07 20:40:40 --> Input Class Initialized
INFO - 2015-11-07 20:40:40 --> Language Class Initialized
INFO - 2015-11-07 20:40:40 --> Loader Class Initialized
INFO - 2015-11-07 20:40:40 --> Controller Class Initialized
INFO - 2015-11-07 20:40:40 --> Model Class Initialized
INFO - 2015-11-07 20:40:40 --> Database Driver Class Initialized
INFO - 2015-11-07 20:40:40 --> Helper loaded: url_helper
DEBUG - 2015-11-07 20:40:40 --> C:\xampp\htdocs\bondora\application\libraries/MY_Table.php exists, but does not declare MY_Table
INFO - 2015-11-07 20:40:40 --> Table Class Initialized
INFO - 2015-11-07 20:40:40 --> Helper loaded: form_helper
INFO - 2015-11-07 20:40:40 --> Form Validation Class Initialized
INFO - 2015-11-07 20:40:40 --> File loaded: C:\xampp\htdocs\bondora\application\views\templates/header.php
INFO - 2015-11-07 20:40:40 --> File loaded: C:\xampp\htdocs\bondora\application\views\filters/edit.php
INFO - 2015-11-07 20:40:40 --> File loaded: C:\xampp\htdocs\bondora\application\views\templates/footer.php
INFO - 2015-11-07 20:40:40 --> Final output sent to browser
DEBUG - 2015-11-07 20:40:40 --> Total execution time: 0.1050
INFO - 2015-11-07 20:40:44 --> Config Class Initialized
INFO - 2015-11-07 20:40:44 --> Hooks Class Initialized
DEBUG - 2015-11-07 20:40:44 --> UTF-8 Support Disabled
INFO - 2015-11-07 20:40:44 --> Utf8 Class Initialized
INFO - 2015-11-07 20:40:44 --> URI Class Initialized
INFO - 2015-11-07 20:40:44 --> Router Class Initialized
INFO - 2015-11-07 20:40:44 --> Output Class Initialized
INFO - 2015-11-07 20:40:44 --> Security Class Initialized
DEBUG - 2015-11-07 20:40:44 --> Global POST, GET and COOKIE data sanitized
INFO - 2015-11-07 20:40:44 --> Input Class Initialized
INFO - 2015-11-07 20:40:44 --> Language Class Initialized
INFO - 2015-11-07 20:40:44 --> Loader Class Initialized
INFO - 2015-11-07 20:40:44 --> Controller Class Initialized
INFO - 2015-11-07 20:40:44 --> Model Class Initialized
INFO - 2015-11-07 20:40:44 --> Database Driver Class Initialized
INFO - 2015-11-07 20:40:44 --> Helper loaded: url_helper
DEBUG - 2015-11-07 20:40:44 --> C:\xampp\htdocs\bondora\application\libraries/MY_Table.php exists, but does not declare MY_Table
INFO - 2015-11-07 20:40:44 --> Table Class Initialized
INFO - 2015-11-07 20:40:44 --> Helper loaded: form_helper
INFO - 2015-11-07 20:40:44 --> Form Validation Class Initialized
INFO - 2015-11-07 20:40:44 --> File loaded: C:\xampp\htdocs\bondora\application\views\templates/header.php
INFO - 2015-11-07 20:40:44 --> File loaded: C:\xampp\htdocs\bondora\application\views\filters/edit.php
INFO - 2015-11-07 20:40:44 --> File loaded: C:\xampp\htdocs\bondora\application\views\templates/footer.php
INFO - 2015-11-07 20:40:44 --> Final output sent to browser
DEBUG - 2015-11-07 20:40:44 --> Total execution time: 0.1600
INFO - 2015-11-07 20:41:19 --> Config Class Initialized
INFO - 2015-11-07 20:41:19 --> Hooks Class Initialized
DEBUG - 2015-11-07 20:41:19 --> UTF-8 Support Disabled
INFO - 2015-11-07 20:41:19 --> Utf8 Class Initialized
INFO - 2015-11-07 20:41:19 --> URI Class Initialized
INFO - 2015-11-07 20:41:19 --> Router Class Initialized
INFO - 2015-11-07 20:41:19 --> Output Class Initialized
INFO - 2015-11-07 20:41:19 --> Security Class Initialized
DEBUG - 2015-11-07 20:41:19 --> Global POST, GET and COOKIE data sanitized
INFO - 2015-11-07 20:41:19 --> Input Class Initialized
INFO - 2015-11-07 20:41:19 --> Language Class Initialized
INFO - 2015-11-07 20:41:19 --> Loader Class Initialized
INFO - 2015-11-07 20:41:19 --> Controller Class Initialized
INFO - 2015-11-07 20:41:19 --> Model Class Initialized
INFO - 2015-11-07 20:41:19 --> Database Driver Class Initialized
INFO - 2015-11-07 20:41:19 --> Helper loaded: url_helper
DEBUG - 2015-11-07 20:41:19 --> C:\xampp\htdocs\bondora\application\libraries/MY_Table.php exists, but does not declare MY_Table
INFO - 2015-11-07 20:41:19 --> Table Class Initialized
INFO - 2015-11-07 20:41:19 --> Helper loaded: form_helper
INFO - 2015-11-07 20:41:19 --> Form Validation Class Initialized
INFO - 2015-11-07 20:41:19 --> File loaded: C:\xampp\htdocs\bondora\application\views\templates/header.php
INFO - 2015-11-07 20:41:19 --> File loaded: C:\xampp\htdocs\bondora\application\views\filters/edit.php
INFO - 2015-11-07 20:41:19 --> File loaded: C:\xampp\htdocs\bondora\application\views\templates/footer.php
INFO - 2015-11-07 20:41:19 --> Final output sent to browser
DEBUG - 2015-11-07 20:41:19 --> Total execution time: 0.0950
INFO - 2015-11-07 20:41:22 --> Config Class Initialized
INFO - 2015-11-07 20:41:22 --> Hooks Class Initialized
DEBUG - 2015-11-07 20:41:22 --> UTF-8 Support Disabled
INFO - 2015-11-07 20:41:22 --> Utf8 Class Initialized
INFO - 2015-11-07 20:41:22 --> URI Class Initialized
INFO - 2015-11-07 20:41:22 --> Router Class Initialized
INFO - 2015-11-07 20:41:22 --> Output Class Initialized
INFO - 2015-11-07 20:41:22 --> Security Class Initialized
DEBUG - 2015-11-07 20:41:22 --> Global POST, GET and COOKIE data sanitized
INFO - 2015-11-07 20:41:22 --> Input Class Initialized
INFO - 2015-11-07 20:41:22 --> Language Class Initialized
INFO - 2015-11-07 20:41:22 --> Loader Class Initialized
INFO - 2015-11-07 20:41:22 --> Controller Class Initialized
INFO - 2015-11-07 20:41:22 --> Model Class Initialized
INFO - 2015-11-07 20:41:22 --> Database Driver Class Initialized
INFO - 2015-11-07 20:41:22 --> Helper loaded: url_helper
DEBUG - 2015-11-07 20:41:22 --> C:\xampp\htdocs\bondora\application\libraries/MY_Table.php exists, but does not declare MY_Table
INFO - 2015-11-07 20:41:22 --> Table Class Initialized
INFO - 2015-11-07 20:41:22 --> File loaded: C:\xampp\htdocs\bondora\application\views\templates/header.php
INFO - 2015-11-07 20:41:22 --> File loaded: C:\xampp\htdocs\bondora\application\views\filters/index.php
INFO - 2015-11-07 20:41:22 --> File loaded: C:\xampp\htdocs\bondora\application\views\templates/footer.php
INFO - 2015-11-07 20:41:22 --> Final output sent to browser
DEBUG - 2015-11-07 20:41:22 --> Total execution time: 0.2410
INFO - 2015-11-07 20:41:24 --> Config Class Initialized
INFO - 2015-11-07 20:41:24 --> Hooks Class Initialized
DEBUG - 2015-11-07 20:41:24 --> UTF-8 Support Disabled
INFO - 2015-11-07 20:41:24 --> Utf8 Class Initialized
INFO - 2015-11-07 20:41:24 --> URI Class Initialized
INFO - 2015-11-07 20:41:24 --> Router Class Initialized
INFO - 2015-11-07 20:41:24 --> Output Class Initialized
INFO - 2015-11-07 20:41:24 --> Security Class Initialized
DEBUG - 2015-11-07 20:41:24 --> Global POST, GET and COOKIE data sanitized
INFO - 2015-11-07 20:41:24 --> Input Class Initialized
INFO - 2015-11-07 20:41:24 --> Language Class Initialized
INFO - 2015-11-07 20:41:24 --> Loader Class Initialized
INFO - 2015-11-07 20:41:24 --> Controller Class Initialized
INFO - 2015-11-07 20:41:24 --> Model Class Initialized
INFO - 2015-11-07 20:41:24 --> Database Driver Class Initialized
INFO - 2015-11-07 20:41:24 --> Helper loaded: url_helper
DEBUG - 2015-11-07 20:41:24 --> C:\xampp\htdocs\bondora\application\libraries/MY_Table.php exists, but does not declare MY_Table
INFO - 2015-11-07 20:41:24 --> Table Class Initialized
INFO - 2015-11-07 20:41:24 --> Helper loaded: form_helper
INFO - 2015-11-07 20:41:24 --> Form Validation Class Initialized
INFO - 2015-11-07 20:41:24 --> File loaded: C:\xampp\htdocs\bondora\application\views\templates/header.php
INFO - 2015-11-07 20:41:24 --> File loaded: C:\xampp\htdocs\bondora\application\views\filters/edit.php
INFO - 2015-11-07 20:41:24 --> File loaded: C:\xampp\htdocs\bondora\application\views\templates/footer.php
INFO - 2015-11-07 20:41:25 --> Final output sent to browser
DEBUG - 2015-11-07 20:41:25 --> Total execution time: 0.1640
INFO - 2015-11-07 20:41:57 --> Config Class Initialized
INFO - 2015-11-07 20:41:57 --> Hooks Class Initialized
DEBUG - 2015-11-07 20:41:57 --> UTF-8 Support Disabled
INFO - 2015-11-07 20:41:57 --> Utf8 Class Initialized
INFO - 2015-11-07 20:41:57 --> URI Class Initialized
INFO - 2015-11-07 20:41:57 --> Router Class Initialized
INFO - 2015-11-07 20:41:57 --> Output Class Initialized
INFO - 2015-11-07 20:41:57 --> Security Class Initialized
DEBUG - 2015-11-07 20:41:57 --> Global POST, GET and COOKIE data sanitized
INFO - 2015-11-07 20:41:57 --> Input Class Initialized
INFO - 2015-11-07 20:41:57 --> Language Class Initialized
INFO - 2015-11-07 20:41:57 --> Loader Class Initialized
INFO - 2015-11-07 20:41:57 --> Controller Class Initialized
INFO - 2015-11-07 20:41:57 --> Model Class Initialized
INFO - 2015-11-07 20:41:57 --> Database Driver Class Initialized
INFO - 2015-11-07 20:41:57 --> Helper loaded: url_helper
DEBUG - 2015-11-07 20:41:57 --> C:\xampp\htdocs\bondora\application\libraries/MY_Table.php exists, but does not declare MY_Table
INFO - 2015-11-07 20:41:57 --> Table Class Initialized
INFO - 2015-11-07 20:41:57 --> File loaded: C:\xampp\htdocs\bondora\application\views\templates/header.php
INFO - 2015-11-07 20:41:57 --> File loaded: C:\xampp\htdocs\bondora\application\views\filters/index.php
INFO - 2015-11-07 20:41:57 --> File loaded: C:\xampp\htdocs\bondora\application\views\templates/footer.php
INFO - 2015-11-07 20:41:57 --> Final output sent to browser
DEBUG - 2015-11-07 20:41:57 --> Total execution time: 0.1180
INFO - 2015-11-07 20:41:59 --> Config Class Initialized
INFO - 2015-11-07 20:41:59 --> Hooks Class Initialized
DEBUG - 2015-11-07 20:41:59 --> UTF-8 Support Disabled
INFO - 2015-11-07 20:41:59 --> Utf8 Class Initialized
INFO - 2015-11-07 20:41:59 --> URI Class Initialized
INFO - 2015-11-07 20:41:59 --> Router Class Initialized
INFO - 2015-11-07 20:41:59 --> Output Class Initialized
INFO - 2015-11-07 20:41:59 --> Security Class Initialized
DEBUG - 2015-11-07 20:41:59 --> Global POST, GET and COOKIE data sanitized
INFO - 2015-11-07 20:41:59 --> Input Class Initialized
INFO - 2015-11-07 20:41:59 --> Language Class Initialized
INFO - 2015-11-07 20:41:59 --> Loader Class Initialized
INFO - 2015-11-07 20:41:59 --> Controller Class Initialized
INFO - 2015-11-07 20:41:59 --> Model Class Initialized
INFO - 2015-11-07 20:41:59 --> Database Driver Class Initialized
INFO - 2015-11-07 20:41:59 --> Helper loaded: url_helper
DEBUG - 2015-11-07 20:41:59 --> C:\xampp\htdocs\bondora\application\libraries/MY_Table.php exists, but does not declare MY_Table
INFO - 2015-11-07 20:41:59 --> Table Class Initialized
INFO - 2015-11-07 20:41:59 --> Helper loaded: form_helper
INFO - 2015-11-07 20:41:59 --> Form Validation Class Initialized
INFO - 2015-11-07 20:41:59 --> File loaded: C:\xampp\htdocs\bondora\application\views\templates/header.php
INFO - 2015-11-07 20:41:59 --> File loaded: C:\xampp\htdocs\bondora\application\views\filters/edit.php
INFO - 2015-11-07 20:41:59 --> File loaded: C:\xampp\htdocs\bondora\application\views\templates/footer.php
INFO - 2015-11-07 20:41:59 --> Final output sent to browser
DEBUG - 2015-11-07 20:41:59 --> Total execution time: 0.0930
INFO - 2015-11-07 20:42:18 --> Config Class Initialized
INFO - 2015-11-07 20:42:18 --> Hooks Class Initialized
DEBUG - 2015-11-07 20:42:18 --> UTF-8 Support Disabled
INFO - 2015-11-07 20:42:18 --> Utf8 Class Initialized
INFO - 2015-11-07 20:42:18 --> URI Class Initialized
INFO - 2015-11-07 20:42:18 --> Router Class Initialized
INFO - 2015-11-07 20:42:18 --> Output Class Initialized
INFO - 2015-11-07 20:42:18 --> Security Class Initialized
DEBUG - 2015-11-07 20:42:18 --> Global POST, GET and COOKIE data sanitized
INFO - 2015-11-07 20:42:18 --> Input Class Initialized
INFO - 2015-11-07 20:42:18 --> Language Class Initialized
INFO - 2015-11-07 20:42:18 --> Loader Class Initialized
INFO - 2015-11-07 20:42:18 --> Controller Class Initialized
INFO - 2015-11-07 20:42:18 --> Model Class Initialized
INFO - 2015-11-07 20:42:18 --> Database Driver Class Initialized
INFO - 2015-11-07 20:42:18 --> Helper loaded: url_helper
DEBUG - 2015-11-07 20:42:18 --> C:\xampp\htdocs\bondora\application\libraries/MY_Table.php exists, but does not declare MY_Table
INFO - 2015-11-07 20:42:18 --> Table Class Initialized
INFO - 2015-11-07 20:42:18 --> Helper loaded: form_helper
INFO - 2015-11-07 20:42:18 --> Form Validation Class Initialized
INFO - 2015-11-07 20:42:18 --> File loaded: C:\xampp\htdocs\bondora\application\views\templates/header.php
INFO - 2015-11-07 20:42:18 --> File loaded: C:\xampp\htdocs\bondora\application\views\filters/edit.php
INFO - 2015-11-07 20:42:18 --> File loaded: C:\xampp\htdocs\bondora\application\views\templates/footer.php
INFO - 2015-11-07 20:42:18 --> Final output sent to browser
DEBUG - 2015-11-07 20:42:18 --> Total execution time: 0.1400
INFO - 2015-11-07 20:43:14 --> Config Class Initialized
INFO - 2015-11-07 20:43:14 --> Hooks Class Initialized
DEBUG - 2015-11-07 20:43:14 --> UTF-8 Support Disabled
INFO - 2015-11-07 20:43:14 --> Utf8 Class Initialized
INFO - 2015-11-07 20:43:14 --> URI Class Initialized
INFO - 2015-11-07 20:43:14 --> Router Class Initialized
INFO - 2015-11-07 20:43:14 --> Output Class Initialized
INFO - 2015-11-07 20:43:14 --> Security Class Initialized
DEBUG - 2015-11-07 20:43:14 --> Global POST, GET and COOKIE data sanitized
INFO - 2015-11-07 20:43:14 --> Input Class Initialized
INFO - 2015-11-07 20:43:14 --> Language Class Initialized
INFO - 2015-11-07 20:43:14 --> Loader Class Initialized
INFO - 2015-11-07 20:43:14 --> Controller Class Initialized
INFO - 2015-11-07 20:43:14 --> Model Class Initialized
INFO - 2015-11-07 20:43:14 --> Database Driver Class Initialized
INFO - 2015-11-07 20:43:14 --> Helper loaded: url_helper
DEBUG - 2015-11-07 20:43:14 --> C:\xampp\htdocs\bondora\application\libraries/MY_Table.php exists, but does not declare MY_Table
INFO - 2015-11-07 20:43:14 --> Table Class Initialized
INFO - 2015-11-07 20:43:14 --> Helper loaded: form_helper
INFO - 2015-11-07 20:43:14 --> Form Validation Class Initialized
INFO - 2015-11-07 20:43:14 --> File loaded: C:\xampp\htdocs\bondora\application\views\templates/header.php
INFO - 2015-11-07 20:43:14 --> File loaded: C:\xampp\htdocs\bondora\application\views\filters/edit.php
INFO - 2015-11-07 20:43:14 --> File loaded: C:\xampp\htdocs\bondora\application\views\templates/footer.php
INFO - 2015-11-07 20:43:14 --> Final output sent to browser
DEBUG - 2015-11-07 20:43:14 --> Total execution time: 0.1150
INFO - 2015-11-07 20:43:49 --> Config Class Initialized
INFO - 2015-11-07 20:43:49 --> Hooks Class Initialized
DEBUG - 2015-11-07 20:43:49 --> UTF-8 Support Disabled
INFO - 2015-11-07 20:43:49 --> Utf8 Class Initialized
INFO - 2015-11-07 20:43:49 --> URI Class Initialized
INFO - 2015-11-07 20:43:49 --> Router Class Initialized
INFO - 2015-11-07 20:43:49 --> Output Class Initialized
INFO - 2015-11-07 20:43:49 --> Security Class Initialized
DEBUG - 2015-11-07 20:43:49 --> Global POST, GET and COOKIE data sanitized
INFO - 2015-11-07 20:43:49 --> Input Class Initialized
INFO - 2015-11-07 20:43:49 --> Language Class Initialized
INFO - 2015-11-07 20:43:49 --> Loader Class Initialized
INFO - 2015-11-07 20:43:49 --> Controller Class Initialized
INFO - 2015-11-07 20:43:49 --> Model Class Initialized
INFO - 2015-11-07 20:43:49 --> Database Driver Class Initialized
INFO - 2015-11-07 20:43:49 --> Helper loaded: url_helper
DEBUG - 2015-11-07 20:43:49 --> C:\xampp\htdocs\bondora\application\libraries/MY_Table.php exists, but does not declare MY_Table
INFO - 2015-11-07 20:43:49 --> Table Class Initialized
INFO - 2015-11-07 20:43:49 --> Helper loaded: form_helper
INFO - 2015-11-07 20:43:49 --> Form Validation Class Initialized
INFO - 2015-11-07 20:43:49 --> File loaded: C:\xampp\htdocs\bondora\application\views\templates/header.php
INFO - 2015-11-07 20:43:49 --> File loaded: C:\xampp\htdocs\bondora\application\views\filters/edit.php
INFO - 2015-11-07 20:43:49 --> File loaded: C:\xampp\htdocs\bondora\application\views\templates/footer.php
INFO - 2015-11-07 20:43:49 --> Final output sent to browser
DEBUG - 2015-11-07 20:43:49 --> Total execution time: 0.0880
INFO - 2015-11-07 20:44:01 --> Config Class Initialized
INFO - 2015-11-07 20:44:01 --> Hooks Class Initialized
DEBUG - 2015-11-07 20:44:01 --> UTF-8 Support Disabled
INFO - 2015-11-07 20:44:01 --> Utf8 Class Initialized
INFO - 2015-11-07 20:44:01 --> URI Class Initialized
INFO - 2015-11-07 20:44:01 --> Router Class Initialized
INFO - 2015-11-07 20:44:01 --> Output Class Initialized
INFO - 2015-11-07 20:44:01 --> Security Class Initialized
DEBUG - 2015-11-07 20:44:01 --> Global POST, GET and COOKIE data sanitized
INFO - 2015-11-07 20:44:01 --> Input Class Initialized
INFO - 2015-11-07 20:44:01 --> Language Class Initialized
INFO - 2015-11-07 20:44:01 --> Loader Class Initialized
INFO - 2015-11-07 20:44:01 --> Controller Class Initialized
INFO - 2015-11-07 20:44:01 --> Model Class Initialized
INFO - 2015-11-07 20:44:01 --> Database Driver Class Initialized
INFO - 2015-11-07 20:44:01 --> Helper loaded: url_helper
DEBUG - 2015-11-07 20:44:01 --> C:\xampp\htdocs\bondora\application\libraries/MY_Table.php exists, but does not declare MY_Table
INFO - 2015-11-07 20:44:01 --> Table Class Initialized
INFO - 2015-11-07 20:44:01 --> Helper loaded: form_helper
INFO - 2015-11-07 20:44:02 --> Form Validation Class Initialized
INFO - 2015-11-07 20:44:02 --> File loaded: C:\xampp\htdocs\bondora\application\views\templates/header.php
INFO - 2015-11-07 20:44:02 --> File loaded: C:\xampp\htdocs\bondora\application\views\filters/edit.php
INFO - 2015-11-07 20:44:02 --> File loaded: C:\xampp\htdocs\bondora\application\views\templates/footer.php
INFO - 2015-11-07 20:44:02 --> Final output sent to browser
DEBUG - 2015-11-07 20:44:02 --> Total execution time: 0.1250
INFO - 2015-11-07 20:44:23 --> Config Class Initialized
INFO - 2015-11-07 20:44:23 --> Hooks Class Initialized
DEBUG - 2015-11-07 20:44:23 --> UTF-8 Support Disabled
INFO - 2015-11-07 20:44:23 --> Utf8 Class Initialized
INFO - 2015-11-07 20:44:23 --> URI Class Initialized
INFO - 2015-11-07 20:44:23 --> Router Class Initialized
INFO - 2015-11-07 20:44:23 --> Output Class Initialized
INFO - 2015-11-07 20:44:23 --> Security Class Initialized
DEBUG - 2015-11-07 20:44:23 --> Global POST, GET and COOKIE data sanitized
INFO - 2015-11-07 20:44:23 --> Input Class Initialized
INFO - 2015-11-07 20:44:23 --> Language Class Initialized
INFO - 2015-11-07 20:44:23 --> Loader Class Initialized
INFO - 2015-11-07 20:44:23 --> Controller Class Initialized
INFO - 2015-11-07 20:44:23 --> Model Class Initialized
INFO - 2015-11-07 20:44:23 --> Database Driver Class Initialized
INFO - 2015-11-07 20:44:23 --> Helper loaded: url_helper
DEBUG - 2015-11-07 20:44:23 --> C:\xampp\htdocs\bondora\application\libraries/MY_Table.php exists, but does not declare MY_Table
INFO - 2015-11-07 20:44:23 --> Table Class Initialized
INFO - 2015-11-07 20:44:23 --> Helper loaded: form_helper
INFO - 2015-11-07 20:44:23 --> Form Validation Class Initialized
INFO - 2015-11-07 20:44:23 --> File loaded: C:\xampp\htdocs\bondora\application\views\templates/header.php
INFO - 2015-11-07 20:44:23 --> File loaded: C:\xampp\htdocs\bondora\application\views\filters/edit.php
INFO - 2015-11-07 20:44:23 --> File loaded: C:\xampp\htdocs\bondora\application\views\templates/footer.php
INFO - 2015-11-07 20:44:23 --> Final output sent to browser
DEBUG - 2015-11-07 20:44:23 --> Total execution time: 0.1290
INFO - 2015-11-07 20:44:25 --> Config Class Initialized
INFO - 2015-11-07 20:44:25 --> Hooks Class Initialized
DEBUG - 2015-11-07 20:44:25 --> UTF-8 Support Disabled
INFO - 2015-11-07 20:44:25 --> Utf8 Class Initialized
INFO - 2015-11-07 20:44:25 --> URI Class Initialized
INFO - 2015-11-07 20:44:25 --> Router Class Initialized
INFO - 2015-11-07 20:44:25 --> Output Class Initialized
INFO - 2015-11-07 20:44:25 --> Security Class Initialized
DEBUG - 2015-11-07 20:44:25 --> Global POST, GET and COOKIE data sanitized
INFO - 2015-11-07 20:44:25 --> Input Class Initialized
INFO - 2015-11-07 20:44:25 --> Language Class Initialized
INFO - 2015-11-07 20:44:25 --> Loader Class Initialized
INFO - 2015-11-07 20:44:25 --> Controller Class Initialized
INFO - 2015-11-07 20:44:25 --> Model Class Initialized
INFO - 2015-11-07 20:44:25 --> Database Driver Class Initialized
INFO - 2015-11-07 20:44:26 --> Helper loaded: url_helper
DEBUG - 2015-11-07 20:44:26 --> C:\xampp\htdocs\bondora\application\libraries/MY_Table.php exists, but does not declare MY_Table
INFO - 2015-11-07 20:44:26 --> Table Class Initialized
INFO - 2015-11-07 20:44:26 --> Helper loaded: form_helper
INFO - 2015-11-07 20:44:26 --> Form Validation Class Initialized
INFO - 2015-11-07 20:44:26 --> File loaded: C:\xampp\htdocs\bondora\application\views\templates/header.php
INFO - 2015-11-07 20:44:26 --> File loaded: C:\xampp\htdocs\bondora\application\views\filters/edit.php
INFO - 2015-11-07 20:44:26 --> File loaded: C:\xampp\htdocs\bondora\application\views\templates/footer.php
INFO - 2015-11-07 20:44:26 --> Final output sent to browser
DEBUG - 2015-11-07 20:44:26 --> Total execution time: 0.1220
INFO - 2015-11-07 20:44:42 --> Config Class Initialized
INFO - 2015-11-07 20:44:42 --> Hooks Class Initialized
DEBUG - 2015-11-07 20:44:42 --> UTF-8 Support Disabled
INFO - 2015-11-07 20:44:42 --> Utf8 Class Initialized
INFO - 2015-11-07 20:44:42 --> URI Class Initialized
INFO - 2015-11-07 20:44:42 --> Router Class Initialized
INFO - 2015-11-07 20:44:42 --> Output Class Initialized
INFO - 2015-11-07 20:44:42 --> Security Class Initialized
DEBUG - 2015-11-07 20:44:42 --> Global POST, GET and COOKIE data sanitized
INFO - 2015-11-07 20:44:42 --> Input Class Initialized
INFO - 2015-11-07 20:44:42 --> Language Class Initialized
INFO - 2015-11-07 20:44:42 --> Loader Class Initialized
INFO - 2015-11-07 20:44:42 --> Controller Class Initialized
INFO - 2015-11-07 20:44:42 --> Model Class Initialized
INFO - 2015-11-07 20:44:42 --> Database Driver Class Initialized
INFO - 2015-11-07 20:44:42 --> Helper loaded: url_helper
DEBUG - 2015-11-07 20:44:42 --> C:\xampp\htdocs\bondora\application\libraries/MY_Table.php exists, but does not declare MY_Table
INFO - 2015-11-07 20:44:42 --> Table Class Initialized
INFO - 2015-11-07 20:44:42 --> Helper loaded: form_helper
INFO - 2015-11-07 20:44:42 --> Form Validation Class Initialized
INFO - 2015-11-07 20:44:42 --> File loaded: C:\xampp\htdocs\bondora\application\views\templates/header.php
INFO - 2015-11-07 20:44:42 --> File loaded: C:\xampp\htdocs\bondora\application\views\filters/edit.php
INFO - 2015-11-07 20:44:42 --> File loaded: C:\xampp\htdocs\bondora\application\views\templates/footer.php
INFO - 2015-11-07 20:44:42 --> Final output sent to browser
DEBUG - 2015-11-07 20:44:42 --> Total execution time: 0.1020
INFO - 2015-11-07 20:44:45 --> Config Class Initialized
INFO - 2015-11-07 20:44:45 --> Hooks Class Initialized
DEBUG - 2015-11-07 20:44:45 --> UTF-8 Support Disabled
INFO - 2015-11-07 20:44:45 --> Utf8 Class Initialized
INFO - 2015-11-07 20:44:45 --> URI Class Initialized
INFO - 2015-11-07 20:44:45 --> Router Class Initialized
INFO - 2015-11-07 20:44:45 --> Output Class Initialized
INFO - 2015-11-07 20:44:45 --> Security Class Initialized
DEBUG - 2015-11-07 20:44:45 --> Global POST, GET and COOKIE data sanitized
INFO - 2015-11-07 20:44:45 --> Input Class Initialized
INFO - 2015-11-07 20:44:45 --> Language Class Initialized
INFO - 2015-11-07 20:44:45 --> Loader Class Initialized
INFO - 2015-11-07 20:44:45 --> Controller Class Initialized
INFO - 2015-11-07 20:44:45 --> Model Class Initialized
INFO - 2015-11-07 20:44:45 --> Database Driver Class Initialized
INFO - 2015-11-07 20:44:46 --> Helper loaded: url_helper
DEBUG - 2015-11-07 20:44:46 --> C:\xampp\htdocs\bondora\application\libraries/MY_Table.php exists, but does not declare MY_Table
INFO - 2015-11-07 20:44:46 --> Table Class Initialized
INFO - 2015-11-07 20:44:46 --> File loaded: C:\xampp\htdocs\bondora\application\views\templates/header.php
INFO - 2015-11-07 20:44:46 --> File loaded: C:\xampp\htdocs\bondora\application\views\filters/index.php
INFO - 2015-11-07 20:44:46 --> File loaded: C:\xampp\htdocs\bondora\application\views\templates/footer.php
INFO - 2015-11-07 20:44:46 --> Final output sent to browser
DEBUG - 2015-11-07 20:44:46 --> Total execution time: 0.1230
INFO - 2015-11-07 20:44:47 --> Config Class Initialized
INFO - 2015-11-07 20:44:47 --> Hooks Class Initialized
DEBUG - 2015-11-07 20:44:47 --> UTF-8 Support Disabled
INFO - 2015-11-07 20:44:47 --> Utf8 Class Initialized
INFO - 2015-11-07 20:44:47 --> URI Class Initialized
INFO - 2015-11-07 20:44:47 --> Router Class Initialized
INFO - 2015-11-07 20:44:47 --> Output Class Initialized
INFO - 2015-11-07 20:44:47 --> Security Class Initialized
DEBUG - 2015-11-07 20:44:47 --> Global POST, GET and COOKIE data sanitized
INFO - 2015-11-07 20:44:47 --> Input Class Initialized
INFO - 2015-11-07 20:44:47 --> Language Class Initialized
INFO - 2015-11-07 20:44:47 --> Loader Class Initialized
INFO - 2015-11-07 20:44:47 --> Controller Class Initialized
INFO - 2015-11-07 20:44:47 --> Model Class Initialized
INFO - 2015-11-07 20:44:47 --> Database Driver Class Initialized
INFO - 2015-11-07 20:44:47 --> Helper loaded: url_helper
DEBUG - 2015-11-07 20:44:47 --> C:\xampp\htdocs\bondora\application\libraries/MY_Table.php exists, but does not declare MY_Table
INFO - 2015-11-07 20:44:47 --> Table Class Initialized
INFO - 2015-11-07 20:44:47 --> Helper loaded: form_helper
INFO - 2015-11-07 20:44:47 --> Form Validation Class Initialized
INFO - 2015-11-07 20:44:47 --> File loaded: C:\xampp\htdocs\bondora\application\views\templates/header.php
INFO - 2015-11-07 20:44:47 --> File loaded: C:\xampp\htdocs\bondora\application\views\filters/edit.php
INFO - 2015-11-07 20:44:47 --> File loaded: C:\xampp\htdocs\bondora\application\views\templates/footer.php
INFO - 2015-11-07 20:44:47 --> Final output sent to browser
DEBUG - 2015-11-07 20:44:47 --> Total execution time: 0.1260
INFO - 2015-11-07 20:45:21 --> Config Class Initialized
INFO - 2015-11-07 20:45:21 --> Hooks Class Initialized
DEBUG - 2015-11-07 20:45:21 --> UTF-8 Support Disabled
INFO - 2015-11-07 20:45:21 --> Utf8 Class Initialized
INFO - 2015-11-07 20:45:21 --> URI Class Initialized
INFO - 2015-11-07 20:45:21 --> Router Class Initialized
INFO - 2015-11-07 20:45:21 --> Output Class Initialized
INFO - 2015-11-07 20:45:21 --> Security Class Initialized
DEBUG - 2015-11-07 20:45:21 --> Global POST, GET and COOKIE data sanitized
INFO - 2015-11-07 20:45:21 --> Input Class Initialized
INFO - 2015-11-07 20:45:21 --> Language Class Initialized
INFO - 2015-11-07 20:45:21 --> Loader Class Initialized
INFO - 2015-11-07 20:45:21 --> Controller Class Initialized
INFO - 2015-11-07 20:45:21 --> Model Class Initialized
INFO - 2015-11-07 20:45:21 --> Database Driver Class Initialized
INFO - 2015-11-07 20:45:21 --> Helper loaded: url_helper
DEBUG - 2015-11-07 20:45:21 --> C:\xampp\htdocs\bondora\application\libraries/MY_Table.php exists, but does not declare MY_Table
INFO - 2015-11-07 20:45:21 --> Table Class Initialized
INFO - 2015-11-07 20:45:21 --> Helper loaded: form_helper
INFO - 2015-11-07 20:45:21 --> Form Validation Class Initialized
INFO - 2015-11-07 20:45:21 --> File loaded: C:\xampp\htdocs\bondora\application\views\templates/header.php
INFO - 2015-11-07 20:45:21 --> File loaded: C:\xampp\htdocs\bondora\application\views\filters/edit.php
INFO - 2015-11-07 20:45:21 --> File loaded: C:\xampp\htdocs\bondora\application\views\templates/footer.php
INFO - 2015-11-07 20:45:21 --> Final output sent to browser
DEBUG - 2015-11-07 20:45:21 --> Total execution time: 0.1000
INFO - 2015-11-07 20:45:28 --> Config Class Initialized
INFO - 2015-11-07 20:45:28 --> Hooks Class Initialized
DEBUG - 2015-11-07 20:45:28 --> UTF-8 Support Disabled
INFO - 2015-11-07 20:45:28 --> Utf8 Class Initialized
INFO - 2015-11-07 20:45:28 --> URI Class Initialized
INFO - 2015-11-07 20:45:28 --> Router Class Initialized
INFO - 2015-11-07 20:45:28 --> Output Class Initialized
INFO - 2015-11-07 20:45:28 --> Security Class Initialized
DEBUG - 2015-11-07 20:45:28 --> Global POST, GET and COOKIE data sanitized
INFO - 2015-11-07 20:45:28 --> Input Class Initialized
INFO - 2015-11-07 20:45:28 --> Language Class Initialized
INFO - 2015-11-07 20:45:28 --> Loader Class Initialized
INFO - 2015-11-07 20:45:28 --> Controller Class Initialized
INFO - 2015-11-07 20:45:28 --> Model Class Initialized
INFO - 2015-11-07 20:45:28 --> Database Driver Class Initialized
INFO - 2015-11-07 20:45:28 --> Helper loaded: url_helper
DEBUG - 2015-11-07 20:45:28 --> C:\xampp\htdocs\bondora\application\libraries/MY_Table.php exists, but does not declare MY_Table
INFO - 2015-11-07 20:45:28 --> Table Class Initialized
INFO - 2015-11-07 20:45:28 --> Helper loaded: form_helper
INFO - 2015-11-07 20:45:28 --> Form Validation Class Initialized
INFO - 2015-11-07 20:45:28 --> File loaded: C:\xampp\htdocs\bondora\application\views\templates/header.php
INFO - 2015-11-07 20:45:28 --> File loaded: C:\xampp\htdocs\bondora\application\views\filters/edit.php
INFO - 2015-11-07 20:45:28 --> File loaded: C:\xampp\htdocs\bondora\application\views\templates/footer.php
INFO - 2015-11-07 20:45:28 --> Final output sent to browser
DEBUG - 2015-11-07 20:45:28 --> Total execution time: 0.0810
INFO - 2015-11-07 20:45:41 --> Config Class Initialized
INFO - 2015-11-07 20:45:41 --> Hooks Class Initialized
DEBUG - 2015-11-07 20:45:41 --> UTF-8 Support Disabled
INFO - 2015-11-07 20:45:41 --> Utf8 Class Initialized
INFO - 2015-11-07 20:45:41 --> URI Class Initialized
INFO - 2015-11-07 20:45:41 --> Router Class Initialized
INFO - 2015-11-07 20:45:41 --> Output Class Initialized
INFO - 2015-11-07 20:45:41 --> Security Class Initialized
DEBUG - 2015-11-07 20:45:41 --> Global POST, GET and COOKIE data sanitized
INFO - 2015-11-07 20:45:41 --> Input Class Initialized
INFO - 2015-11-07 20:45:41 --> Language Class Initialized
INFO - 2015-11-07 20:45:41 --> Loader Class Initialized
INFO - 2015-11-07 20:45:41 --> Controller Class Initialized
INFO - 2015-11-07 20:45:41 --> Model Class Initialized
INFO - 2015-11-07 20:45:41 --> Database Driver Class Initialized
INFO - 2015-11-07 20:45:41 --> Helper loaded: url_helper
DEBUG - 2015-11-07 20:45:41 --> C:\xampp\htdocs\bondora\application\libraries/MY_Table.php exists, but does not declare MY_Table
INFO - 2015-11-07 20:45:41 --> Table Class Initialized
INFO - 2015-11-07 20:45:41 --> Helper loaded: form_helper
INFO - 2015-11-07 20:45:41 --> Form Validation Class Initialized
INFO - 2015-11-07 20:45:41 --> File loaded: C:\xampp\htdocs\bondora\application\views\templates/header.php
INFO - 2015-11-07 20:45:41 --> File loaded: C:\xampp\htdocs\bondora\application\views\filters/edit.php
INFO - 2015-11-07 20:45:41 --> File loaded: C:\xampp\htdocs\bondora\application\views\templates/footer.php
INFO - 2015-11-07 20:45:41 --> Final output sent to browser
DEBUG - 2015-11-07 20:45:41 --> Total execution time: 0.1030
INFO - 2015-11-07 20:45:57 --> Config Class Initialized
INFO - 2015-11-07 20:45:57 --> Hooks Class Initialized
DEBUG - 2015-11-07 20:45:57 --> UTF-8 Support Disabled
INFO - 2015-11-07 20:45:57 --> Utf8 Class Initialized
INFO - 2015-11-07 20:45:57 --> URI Class Initialized
INFO - 2015-11-07 20:45:57 --> Router Class Initialized
INFO - 2015-11-07 20:45:57 --> Output Class Initialized
INFO - 2015-11-07 20:45:57 --> Security Class Initialized
DEBUG - 2015-11-07 20:45:57 --> Global POST, GET and COOKIE data sanitized
INFO - 2015-11-07 20:45:57 --> Input Class Initialized
INFO - 2015-11-07 20:45:57 --> Language Class Initialized
INFO - 2015-11-07 20:45:57 --> Loader Class Initialized
INFO - 2015-11-07 20:45:57 --> Controller Class Initialized
INFO - 2015-11-07 20:45:57 --> Model Class Initialized
INFO - 2015-11-07 20:45:57 --> Database Driver Class Initialized
INFO - 2015-11-07 20:45:57 --> Helper loaded: url_helper
DEBUG - 2015-11-07 20:45:57 --> C:\xampp\htdocs\bondora\application\libraries/MY_Table.php exists, but does not declare MY_Table
INFO - 2015-11-07 20:45:57 --> Table Class Initialized
INFO - 2015-11-07 20:45:57 --> Helper loaded: form_helper
INFO - 2015-11-07 20:45:57 --> Form Validation Class Initialized
INFO - 2015-11-07 20:45:57 --> File loaded: C:\xampp\htdocs\bondora\application\views\templates/header.php
INFO - 2015-11-07 20:45:57 --> File loaded: C:\xampp\htdocs\bondora\application\views\filters/edit.php
INFO - 2015-11-07 20:45:57 --> File loaded: C:\xampp\htdocs\bondora\application\views\templates/footer.php
INFO - 2015-11-07 20:45:57 --> Final output sent to browser
DEBUG - 2015-11-07 20:45:57 --> Total execution time: 0.1920
INFO - 2015-11-07 20:46:38 --> Config Class Initialized
INFO - 2015-11-07 20:46:38 --> Hooks Class Initialized
DEBUG - 2015-11-07 20:46:38 --> UTF-8 Support Disabled
INFO - 2015-11-07 20:46:38 --> Utf8 Class Initialized
INFO - 2015-11-07 20:46:38 --> URI Class Initialized
INFO - 2015-11-07 20:46:38 --> Router Class Initialized
INFO - 2015-11-07 20:46:38 --> Output Class Initialized
INFO - 2015-11-07 20:46:38 --> Security Class Initialized
DEBUG - 2015-11-07 20:46:38 --> Global POST, GET and COOKIE data sanitized
INFO - 2015-11-07 20:46:38 --> Input Class Initialized
INFO - 2015-11-07 20:46:38 --> Language Class Initialized
INFO - 2015-11-07 20:46:38 --> Loader Class Initialized
INFO - 2015-11-07 20:46:38 --> Controller Class Initialized
INFO - 2015-11-07 20:46:38 --> Model Class Initialized
INFO - 2015-11-07 20:46:38 --> Database Driver Class Initialized
INFO - 2015-11-07 20:46:38 --> Helper loaded: url_helper
DEBUG - 2015-11-07 20:46:38 --> C:\xampp\htdocs\bondora\application\libraries/MY_Table.php exists, but does not declare MY_Table
INFO - 2015-11-07 20:46:38 --> Table Class Initialized
INFO - 2015-11-07 20:46:38 --> Helper loaded: form_helper
INFO - 2015-11-07 20:46:38 --> Form Validation Class Initialized
INFO - 2015-11-07 20:46:38 --> File loaded: C:\xampp\htdocs\bondora\application\views\templates/header.php
INFO - 2015-11-07 20:46:38 --> File loaded: C:\xampp\htdocs\bondora\application\views\filters/edit.php
INFO - 2015-11-07 20:46:38 --> File loaded: C:\xampp\htdocs\bondora\application\views\templates/footer.php
INFO - 2015-11-07 20:46:38 --> Final output sent to browser
DEBUG - 2015-11-07 20:46:38 --> Total execution time: 0.3290
INFO - 2015-11-07 20:50:50 --> Config Class Initialized
INFO - 2015-11-07 20:50:50 --> Hooks Class Initialized
DEBUG - 2015-11-07 20:50:50 --> UTF-8 Support Disabled
INFO - 2015-11-07 20:50:50 --> Utf8 Class Initialized
INFO - 2015-11-07 20:50:50 --> URI Class Initialized
INFO - 2015-11-07 20:50:50 --> Router Class Initialized
INFO - 2015-11-07 20:50:50 --> Output Class Initialized
INFO - 2015-11-07 20:50:50 --> Security Class Initialized
DEBUG - 2015-11-07 20:50:50 --> Global POST, GET and COOKIE data sanitized
INFO - 2015-11-07 20:50:50 --> Input Class Initialized
INFO - 2015-11-07 20:50:50 --> Language Class Initialized
INFO - 2015-11-07 20:50:50 --> Loader Class Initialized
INFO - 2015-11-07 20:50:50 --> Controller Class Initialized
INFO - 2015-11-07 20:50:50 --> Model Class Initialized
INFO - 2015-11-07 20:50:50 --> Database Driver Class Initialized
INFO - 2015-11-07 20:50:50 --> Helper loaded: url_helper
DEBUG - 2015-11-07 20:50:50 --> C:\xampp\htdocs\bondora\application\libraries/MY_Table.php exists, but does not declare MY_Table
INFO - 2015-11-07 20:50:50 --> Table Class Initialized
INFO - 2015-11-07 20:50:50 --> Helper loaded: form_helper
INFO - 2015-11-07 20:50:50 --> Form Validation Class Initialized
INFO - 2015-11-07 20:50:50 --> File loaded: C:\xampp\htdocs\bondora\application\views\templates/header.php
INFO - 2015-11-07 20:50:50 --> File loaded: C:\xampp\htdocs\bondora\application\views\filters/edit.php
INFO - 2015-11-07 20:50:51 --> File loaded: C:\xampp\htdocs\bondora\application\views\templates/footer.php
INFO - 2015-11-07 20:50:51 --> Final output sent to browser
DEBUG - 2015-11-07 20:50:51 --> Total execution time: 0.1210
INFO - 2015-11-07 20:51:22 --> Config Class Initialized
INFO - 2015-11-07 20:51:22 --> Hooks Class Initialized
DEBUG - 2015-11-07 20:51:22 --> UTF-8 Support Disabled
INFO - 2015-11-07 20:51:22 --> Utf8 Class Initialized
INFO - 2015-11-07 20:51:22 --> URI Class Initialized
INFO - 2015-11-07 20:51:22 --> Router Class Initialized
INFO - 2015-11-07 20:51:22 --> Output Class Initialized
INFO - 2015-11-07 20:51:22 --> Security Class Initialized
DEBUG - 2015-11-07 20:51:22 --> Global POST, GET and COOKIE data sanitized
INFO - 2015-11-07 20:51:22 --> Input Class Initialized
INFO - 2015-11-07 20:51:22 --> Language Class Initialized
INFO - 2015-11-07 20:51:22 --> Loader Class Initialized
INFO - 2015-11-07 20:51:22 --> Controller Class Initialized
INFO - 2015-11-07 20:51:22 --> Model Class Initialized
INFO - 2015-11-07 20:51:22 --> Database Driver Class Initialized
INFO - 2015-11-07 20:51:22 --> Helper loaded: url_helper
DEBUG - 2015-11-07 20:51:22 --> C:\xampp\htdocs\bondora\application\libraries/MY_Table.php exists, but does not declare MY_Table
INFO - 2015-11-07 20:51:22 --> Table Class Initialized
INFO - 2015-11-07 20:51:22 --> Helper loaded: form_helper
INFO - 2015-11-07 20:51:22 --> Form Validation Class Initialized
INFO - 2015-11-07 20:51:22 --> File loaded: C:\xampp\htdocs\bondora\application\views\templates/header.php
INFO - 2015-11-07 20:51:22 --> File loaded: C:\xampp\htdocs\bondora\application\views\filters/edit.php
INFO - 2015-11-07 20:51:22 --> File loaded: C:\xampp\htdocs\bondora\application\views\templates/footer.php
INFO - 2015-11-07 20:51:22 --> Final output sent to browser
DEBUG - 2015-11-07 20:51:22 --> Total execution time: 0.0980
INFO - 2015-11-07 20:52:03 --> Config Class Initialized
INFO - 2015-11-07 20:52:03 --> Hooks Class Initialized
DEBUG - 2015-11-07 20:52:03 --> UTF-8 Support Disabled
INFO - 2015-11-07 20:52:03 --> Utf8 Class Initialized
INFO - 2015-11-07 20:52:03 --> URI Class Initialized
INFO - 2015-11-07 20:52:03 --> Router Class Initialized
INFO - 2015-11-07 20:52:03 --> Output Class Initialized
INFO - 2015-11-07 20:52:03 --> Security Class Initialized
DEBUG - 2015-11-07 20:52:03 --> Global POST, GET and COOKIE data sanitized
INFO - 2015-11-07 20:52:03 --> Input Class Initialized
INFO - 2015-11-07 20:52:03 --> Language Class Initialized
INFO - 2015-11-07 20:52:03 --> Loader Class Initialized
INFO - 2015-11-07 20:52:03 --> Controller Class Initialized
INFO - 2015-11-07 20:52:03 --> Model Class Initialized
INFO - 2015-11-07 20:52:03 --> Database Driver Class Initialized
INFO - 2015-11-07 20:52:03 --> Helper loaded: url_helper
DEBUG - 2015-11-07 20:52:03 --> C:\xampp\htdocs\bondora\application\libraries/MY_Table.php exists, but does not declare MY_Table
INFO - 2015-11-07 20:52:03 --> Table Class Initialized
INFO - 2015-11-07 20:52:03 --> Helper loaded: form_helper
INFO - 2015-11-07 20:52:03 --> Form Validation Class Initialized
INFO - 2015-11-07 20:52:03 --> Language file loaded: language/english/form_validation_lang.php
ERROR - 2015-11-07 20:52:03 --> Query error: Column 'isActive' cannot be null - Invalid query: INSERT INTO `auction_filter_adv` (`user`, `isOneTime`, `amount`, `isActive`, `jrk`, `pageSize`, `countries`, `ratings`, `gender`, `incomeTotalMin`, `incomeTotalMax`, `ageMin`, `ageMax`, `creditScoreMin`, `creditScoreMax`, `userName`, `creditGroups`, `interestMin`, `interestMax`, `expectedLossMin`, `expectedLossMax`, `city`, `verifycationType`, `useOfLoan`, `education`, `maritalStatus`, `nrOfDependantsMin`, `nrOfDependantsMax`, `employmentStatus`, `employmentDurationCurrentEmployer`, `workExperience`, `occupationArea`, `homeOwnershipType`, `incomeFromPrincipalEmpoyerMin`, `isIncomeFromPension`, `isIncomeFromSocialWelfare`, `isIncomeFromChildSupport`, `probabilityOfBadMin`, `probabilityOfBadMax`, `probabilityOfDefaultMin`, `probabilityOfDefaultMax`, `expectedReturnMin`, `expectedReturnMax`, `isLocalSearch`) VALUES ('rynno.ruul@emt.ee', NULL, '102', NULL, NULL, NULL, NULL, NULL, NULL, NULL, NULL, NULL, NULL, NULL, NULL, NULL, NULL, NULL, NULL, NULL, NULL, NULL, NULL, NULL, NULL, NULL, NULL, NULL, NULL, NULL, NULL, NULL, NULL, NULL, NULL, NULL, NULL, NULL, NULL, NULL, NULL, NULL, NULL, NULL)
INFO - 2015-11-07 20:52:03 --> Language file loaded: language/english/db_lang.php
