DEBUG - 2016-08-05 05:15:39 --> UTF-8 Support Disabled
DEBUG - 2016-08-05 05:15:39 --> Global POST, GET and COOKIE data sanitized
DEBUG - 2016-08-05 05:15:39 --> cURL Class Initialized
DEBUG - 2016-08-05 05:15:39 --> OAuth2 class already loaded. Second attempt ignored.
DEBUG - 2016-08-05 05:15:39 --> C:\xampp\htdocs\bondora\application\libraries/MY_Table.php exists, but does not declare MY_Table
DEBUG - 2016-08-05 05:15:39 --> Session class already loaded. Second attempt ignored.
DEBUG - 2016-08-05 05:15:39 --> UTF-8 Support Disabled
DEBUG - 2016-08-05 05:15:39 --> Global POST, GET and COOKIE data sanitized
DEBUG - 2016-08-05 05:15:39 --> cURL Class Initialized
DEBUG - 2016-08-05 05:15:39 --> OAuth2 class already loaded. Second attempt ignored.
DEBUG - 2016-08-05 05:15:39 --> Session class already loaded. Second attempt ignored.
DEBUG - 2016-08-05 05:15:40 --> Total execution time: 0.0530
DEBUG - 2016-08-05 05:15:40 --> UTF-8 Support Disabled
DEBUG - 2016-08-05 05:15:40 --> Global POST, GET and COOKIE data sanitized
ERROR - 2016-08-05 05:15:40 --> 404 Page Not Found: User/bootstrap
DEBUG - 2016-08-05 05:15:43 --> UTF-8 Support Disabled
DEBUG - 2016-08-05 05:15:43 --> Global POST, GET and COOKIE data sanitized
DEBUG - 2016-08-05 05:15:43 --> cURL Class Initialized
DEBUG - 2016-08-05 05:15:43 --> OAuth2 class already loaded. Second attempt ignored.
DEBUG - 2016-08-05 05:15:43 --> Session class already loaded. Second attempt ignored.
DEBUG - 2016-08-05 05:15:43 --> UTF-8 Support Disabled
DEBUG - 2016-08-05 05:15:43 --> Global POST, GET and COOKIE data sanitized
DEBUG - 2016-08-05 05:15:43 --> cURL Class Initialized
DEBUG - 2016-08-05 05:15:43 --> OAuth2 class already loaded. Second attempt ignored.
DEBUG - 2016-08-05 05:15:43 --> C:\xampp\htdocs\bondora\application\libraries/MY_Table.php exists, but does not declare MY_Table
DEBUG - 2016-08-05 05:15:43 --> Session class already loaded. Second attempt ignored.
DEBUG - 2016-08-05 05:15:43 --> SELECT *
FROM `select` `a`.*, `b`.`statusCode from auction_payload a LEFT JOIN bid_payload b ON a`.`auctionId=b`.`auctionId and a`.`user=b`.`userName where` `user="mehike"`
DEBUG - 2016-08-05 05:15:43 --> Total execution time: 0.1100
DEBUG - 2016-08-05 05:15:44 --> UTF-8 Support Disabled
DEBUG - 2016-08-05 05:15:44 --> Global POST, GET and COOKIE data sanitized
ERROR - 2016-08-05 05:15:44 --> 404 Page Not Found: Auctions/bootstrap
DEBUG - 2016-08-05 05:15:47 --> UTF-8 Support Disabled
DEBUG - 2016-08-05 05:15:47 --> Global POST, GET and COOKIE data sanitized
DEBUG - 2016-08-05 05:15:48 --> cURL Class Initialized
DEBUG - 2016-08-05 05:15:48 --> OAuth2 class already loaded. Second attempt ignored.
DEBUG - 2016-08-05 05:15:48 --> C:\xampp\htdocs\bondora\application\libraries/MY_Table.php exists, but does not declare MY_Table
DEBUG - 2016-08-05 05:15:48 --> Session class already loaded. Second attempt ignored.
DEBUG - 2016-08-05 05:15:48 --> SELECT *
FROM `select` `a`.*, `b`.`listedOnDate`, `b`.`xirr`, `b`.`secondaryId`, `b`.`desiredDiscountRate from bondora`.`investment_payload a LEFT JOIN bondora`.`secondary b ON a`.`loanPartId=b`.`loanPartId and a`.`user=b`.`user where a`.`user="mehike" order by` `a`.`signedDate`, `a`.`auctionId`
ERROR - 2016-08-05 05:15:48 --> Severity: Notice --> Undefined offset: 33 C:\xampp\htdocs\bondora\application\views\investments\index.php 880
ERROR - 2016-08-05 05:15:48 --> Severity: Notice --> Undefined offset: 33 C:\xampp\htdocs\bondora\application\views\investments\index.php 880
ERROR - 2016-08-05 05:15:48 --> Severity: Notice --> Undefined offset: 33 C:\xampp\htdocs\bondora\application\views\investments\index.php 880
ERROR - 2016-08-05 05:15:48 --> Severity: Notice --> Undefined offset: 33 C:\xampp\htdocs\bondora\application\views\investments\index.php 880
ERROR - 2016-08-05 05:15:48 --> Severity: Notice --> Undefined offset: 31 C:\xampp\htdocs\bondora\application\views\investments\index.php 880
ERROR - 2016-08-05 05:15:48 --> Severity: Notice --> Undefined offset: 33 C:\xampp\htdocs\bondora\application\views\investments\index.php 880
ERROR - 2016-08-05 05:15:48 --> Severity: Notice --> Undefined offset: 33 C:\xampp\htdocs\bondora\application\views\investments\index.php 880
ERROR - 2016-08-05 05:15:48 --> Severity: Notice --> Undefined offset: 30 C:\xampp\htdocs\bondora\application\views\investments\index.php 880
ERROR - 2016-08-05 05:15:48 --> Severity: Notice --> Undefined offset: 32 C:\xampp\htdocs\bondora\application\views\investments\index.php 880
ERROR - 2016-08-05 05:15:48 --> Severity: Notice --> Undefined offset: 32 C:\xampp\htdocs\bondora\application\views\investments\index.php 880
ERROR - 2016-08-05 05:15:48 --> Severity: Notice --> Undefined offset: 32 C:\xampp\htdocs\bondora\application\views\investments\index.php 880
ERROR - 2016-08-05 05:15:48 --> Severity: Notice --> Undefined offset: 33 C:\xampp\htdocs\bondora\application\views\investments\index.php 880
ERROR - 2016-08-05 05:15:48 --> Severity: Notice --> Undefined offset: 33 C:\xampp\htdocs\bondora\application\views\investments\index.php 880
ERROR - 2016-08-05 05:15:48 --> Severity: Notice --> Undefined offset: 33 C:\xampp\htdocs\bondora\application\views\investments\index.php 880
ERROR - 2016-08-05 05:15:48 --> Severity: Notice --> Undefined offset: 33 C:\xampp\htdocs\bondora\application\views\investments\index.php 880
ERROR - 2016-08-05 05:15:48 --> Severity: Notice --> Undefined offset: 41 C:\xampp\htdocs\bondora\application\views\investments\index.php 880
ERROR - 2016-08-05 05:15:48 --> Severity: Notice --> Undefined offset: 30 C:\xampp\htdocs\bondora\application\views\investments\index.php 880
ERROR - 2016-08-05 05:15:48 --> Severity: Notice --> Undefined offset: 31 C:\xampp\htdocs\bondora\application\views\investments\index.php 880
ERROR - 2016-08-05 05:15:48 --> Severity: Notice --> Undefined offset: 33 C:\xampp\htdocs\bondora\application\views\investments\index.php 880
ERROR - 2016-08-05 05:15:48 --> Severity: Notice --> Undefined offset: 33 C:\xampp\htdocs\bondora\application\views\investments\index.php 880
ERROR - 2016-08-05 05:15:48 --> Severity: Notice --> Undefined offset: 32 C:\xampp\htdocs\bondora\application\views\investments\index.php 880
DEBUG - 2016-08-05 05:15:48 --> Total execution time: 0.0910
DEBUG - 2016-08-05 05:15:48 --> UTF-8 Support Disabled
DEBUG - 2016-08-05 05:15:48 --> Global POST, GET and COOKIE data sanitized
ERROR - 2016-08-05 05:15:48 --> 404 Page Not Found: Investments/bootstrap
DEBUG - 2016-08-05 05:15:49 --> UTF-8 Support Disabled
DEBUG - 2016-08-05 05:15:49 --> Global POST, GET and COOKIE data sanitized
DEBUG - 2016-08-05 05:15:49 --> cURL Class Initialized
DEBUG - 2016-08-05 05:15:49 --> OAuth2 class already loaded. Second attempt ignored.
DEBUG - 2016-08-05 05:15:49 --> C:\xampp\htdocs\bondora\application\libraries/MY_Table.php exists, but does not declare MY_Table
DEBUG - 2016-08-05 05:15:49 --> Session class already loaded. Second attempt ignored.
DEBUG - 2016-08-05 05:15:51 --> UTF-8 Support Disabled
DEBUG - 2016-08-05 05:15:51 --> Global POST, GET and COOKIE data sanitized
DEBUG - 2016-08-05 05:15:51 --> cURL Class Initialized
DEBUG - 2016-08-05 05:15:51 --> OAuth2 class already loaded. Second attempt ignored.
DEBUG - 2016-08-05 05:15:57 --> UTF-8 Support Disabled
DEBUG - 2016-08-05 05:15:57 --> Global POST, GET and COOKIE data sanitized
DEBUG - 2016-08-05 05:15:57 --> cURL Class Initialized
DEBUG - 2016-08-05 05:15:57 --> OAuth2 class already loaded. Second attempt ignored.
DEBUG - 2016-08-05 05:16:00 --> UTF-8 Support Disabled
DEBUG - 2016-08-05 05:16:00 --> Global POST, GET and COOKIE data sanitized
DEBUG - 2016-08-05 05:16:00 --> cURL Class Initialized
DEBUG - 2016-08-05 05:16:00 --> OAuth2 class already loaded. Second attempt ignored.
DEBUG - 2016-08-05 05:16:00 --> C:\xampp\htdocs\bondora\application\libraries/MY_Table.php exists, but does not declare MY_Table
DEBUG - 2016-08-05 05:16:00 --> Session class already loaded. Second attempt ignored.
DEBUG - 2016-08-05 05:16:00 --> SELECT *
FROM `select` `a`.*, `b`.`listedOnDate`, `b`.`xirr`, `b`.`secondaryId`, `b`.`desiredDiscountRate from bondora`.`investment_payload a LEFT JOIN bondora`.`secondary b ON a`.`loanPartId=b`.`loanPartId and a`.`user=b`.`user where a`.`user="mehike" order by` `a`.`signedDate`, `a`.`auctionId`
ERROR - 2016-08-05 05:16:01 --> Severity: Notice --> Undefined offset: 33 C:\xampp\htdocs\bondora\application\views\investments\index.php 880
ERROR - 2016-08-05 05:16:01 --> Severity: Notice --> Undefined offset: 33 C:\xampp\htdocs\bondora\application\views\investments\index.php 880
ERROR - 2016-08-05 05:16:01 --> Severity: Notice --> Undefined offset: 33 C:\xampp\htdocs\bondora\application\views\investments\index.php 880
ERROR - 2016-08-05 05:16:01 --> Severity: Notice --> Undefined offset: 33 C:\xampp\htdocs\bondora\application\views\investments\index.php 880
ERROR - 2016-08-05 05:16:01 --> Severity: Notice --> Undefined offset: 31 C:\xampp\htdocs\bondora\application\views\investments\index.php 880
ERROR - 2016-08-05 05:16:01 --> Severity: Notice --> Undefined offset: 33 C:\xampp\htdocs\bondora\application\views\investments\index.php 880
ERROR - 2016-08-05 05:16:01 --> Severity: Notice --> Undefined offset: 33 C:\xampp\htdocs\bondora\application\views\investments\index.php 880
ERROR - 2016-08-05 05:16:01 --> Severity: Notice --> Undefined offset: 30 C:\xampp\htdocs\bondora\application\views\investments\index.php 880
ERROR - 2016-08-05 05:16:01 --> Severity: Notice --> Undefined offset: 32 C:\xampp\htdocs\bondora\application\views\investments\index.php 880
ERROR - 2016-08-05 05:16:01 --> Severity: Notice --> Undefined offset: 32 C:\xampp\htdocs\bondora\application\views\investments\index.php 880
ERROR - 2016-08-05 05:16:01 --> Severity: Notice --> Undefined offset: 32 C:\xampp\htdocs\bondora\application\views\investments\index.php 880
ERROR - 2016-08-05 05:16:01 --> Severity: Notice --> Undefined offset: 33 C:\xampp\htdocs\bondora\application\views\investments\index.php 880
ERROR - 2016-08-05 05:16:01 --> Severity: Notice --> Undefined offset: 33 C:\xampp\htdocs\bondora\application\views\investments\index.php 880
ERROR - 2016-08-05 05:16:01 --> Severity: Notice --> Undefined offset: 33 C:\xampp\htdocs\bondora\application\views\investments\index.php 880
ERROR - 2016-08-05 05:16:01 --> Severity: Notice --> Undefined offset: 33 C:\xampp\htdocs\bondora\application\views\investments\index.php 880
ERROR - 2016-08-05 05:16:01 --> Severity: Notice --> Undefined offset: 41 C:\xampp\htdocs\bondora\application\views\investments\index.php 880
ERROR - 2016-08-05 05:16:01 --> Severity: Notice --> Undefined offset: 30 C:\xampp\htdocs\bondora\application\views\investments\index.php 880
ERROR - 2016-08-05 05:16:01 --> Severity: Notice --> Undefined offset: 31 C:\xampp\htdocs\bondora\application\views\investments\index.php 880
ERROR - 2016-08-05 05:16:01 --> Severity: Notice --> Undefined offset: 33 C:\xampp\htdocs\bondora\application\views\investments\index.php 880
ERROR - 2016-08-05 05:16:01 --> Severity: Notice --> Undefined offset: 33 C:\xampp\htdocs\bondora\application\views\investments\index.php 880
ERROR - 2016-08-05 05:16:01 --> Severity: Notice --> Undefined offset: 32 C:\xampp\htdocs\bondora\application\views\investments\index.php 880
DEBUG - 2016-08-05 05:16:01 --> Total execution time: 0.5951
DEBUG - 2016-08-05 05:16:01 --> UTF-8 Support Disabled
DEBUG - 2016-08-05 05:16:01 --> Global POST, GET and COOKIE data sanitized
ERROR - 2016-08-05 05:16:01 --> 404 Page Not Found: Investments/bootstrap
DEBUG - 2016-08-05 05:16:05 --> UTF-8 Support Disabled
DEBUG - 2016-08-05 05:16:05 --> Global POST, GET and COOKIE data sanitized
DEBUG - 2016-08-05 05:16:05 --> cURL Class Initialized
DEBUG - 2016-08-05 05:16:05 --> OAuth2 class already loaded. Second attempt ignored.
DEBUG - 2016-08-05 05:16:05 --> C:\xampp\htdocs\bondora\application\libraries/MY_Table.php exists, but does not declare MY_Table
DEBUG - 2016-08-05 05:16:05 --> Session class already loaded. Second attempt ignored.
DEBUG - 2016-08-05 05:16:08 --> SELECT *
FROM `select` `a`.*, `b`.`listedOnDate`, `b`.`xirr`, `b`.`secondaryId`, `b`.`desiredDiscountRate from bondora`.`investment_payload a LEFT JOIN bondora`.`secondary b ON a`.`loanPartId=b`.`loanPartId and a`.`user=b`.`user where a`.`user="mehike" order by` `a`.`signedDate`, `a`.`auctionId`
ERROR - 2016-08-05 05:16:08 --> Severity: Notice --> Undefined offset: 33 C:\xampp\htdocs\bondora\application\views\investments\index.php 880
ERROR - 2016-08-05 05:16:08 --> Severity: Notice --> Undefined offset: 33 C:\xampp\htdocs\bondora\application\views\investments\index.php 880
ERROR - 2016-08-05 05:16:08 --> Severity: Notice --> Undefined offset: 33 C:\xampp\htdocs\bondora\application\views\investments\index.php 880
ERROR - 2016-08-05 05:16:08 --> Severity: Notice --> Undefined offset: 33 C:\xampp\htdocs\bondora\application\views\investments\index.php 880
ERROR - 2016-08-05 05:16:08 --> Severity: Notice --> Undefined offset: 31 C:\xampp\htdocs\bondora\application\views\investments\index.php 880
ERROR - 2016-08-05 05:16:08 --> Severity: Notice --> Undefined offset: 33 C:\xampp\htdocs\bondora\application\views\investments\index.php 880
ERROR - 2016-08-05 05:16:08 --> Severity: Notice --> Undefined offset: 33 C:\xampp\htdocs\bondora\application\views\investments\index.php 880
ERROR - 2016-08-05 05:16:08 --> Severity: Notice --> Undefined offset: 32 C:\xampp\htdocs\bondora\application\views\investments\index.php 880
ERROR - 2016-08-05 05:16:08 --> Severity: Notice --> Undefined offset: 32 C:\xampp\htdocs\bondora\application\views\investments\index.php 880
ERROR - 2016-08-05 05:16:08 --> Severity: Notice --> Undefined offset: 32 C:\xampp\htdocs\bondora\application\views\investments\index.php 880
ERROR - 2016-08-05 05:16:08 --> Severity: Notice --> Undefined offset: 33 C:\xampp\htdocs\bondora\application\views\investments\index.php 880
ERROR - 2016-08-05 05:16:08 --> Severity: Notice --> Undefined offset: 33 C:\xampp\htdocs\bondora\application\views\investments\index.php 880
ERROR - 2016-08-05 05:16:08 --> Severity: Notice --> Undefined offset: 33 C:\xampp\htdocs\bondora\application\views\investments\index.php 880
ERROR - 2016-08-05 05:16:08 --> Severity: Notice --> Undefined offset: 33 C:\xampp\htdocs\bondora\application\views\investments\index.php 880
ERROR - 2016-08-05 05:16:08 --> Severity: Notice --> Undefined offset: 41 C:\xampp\htdocs\bondora\application\views\investments\index.php 880
ERROR - 2016-08-05 05:16:08 --> Severity: Notice --> Undefined offset: 31 C:\xampp\htdocs\bondora\application\views\investments\index.php 880
ERROR - 2016-08-05 05:16:08 --> Severity: Notice --> Undefined offset: 33 C:\xampp\htdocs\bondora\application\views\investments\index.php 880
ERROR - 2016-08-05 05:16:08 --> Severity: Notice --> Undefined offset: 33 C:\xampp\htdocs\bondora\application\views\investments\index.php 880
ERROR - 2016-08-05 05:16:08 --> Severity: Notice --> Undefined offset: 32 C:\xampp\htdocs\bondora\application\views\investments\index.php 880
DEBUG - 2016-08-05 05:16:08 --> Total execution time: 3.1183
DEBUG - 2016-08-05 05:16:08 --> UTF-8 Support Disabled
DEBUG - 2016-08-05 05:16:08 --> Global POST, GET and COOKIE data sanitized
ERROR - 2016-08-05 05:16:08 --> 404 Page Not Found: Investments/bootstrap
