DEBUG - 2016-07-18 07:01:24 --> UTF-8 Support Disabled
DEBUG - 2016-07-18 07:01:24 --> Global POST, GET and COOKIE data sanitized
DEBUG - 2016-07-18 07:01:24 --> cURL Class Initialized
DEBUG - 2016-07-18 07:01:24 --> OAuth2 class already loaded. Second attempt ignored.
DEBUG - 2016-07-18 07:01:25 --> C:\xampp\htdocs\bondora\application\libraries/MY_Table.php exists, but does not declare MY_Table
DEBUG - 2016-07-18 07:01:25 --> Session class already loaded. Second attempt ignored.
DEBUG - 2016-07-18 07:01:25 --> UTF-8 Support Disabled
DEBUG - 2016-07-18 07:01:25 --> Global POST, GET and COOKIE data sanitized
DEBUG - 2016-07-18 07:01:25 --> cURL Class Initialized
DEBUG - 2016-07-18 07:01:25 --> OAuth2 class already loaded. Second attempt ignored.
DEBUG - 2016-07-18 07:01:25 --> Session class already loaded. Second attempt ignored.
DEBUG - 2016-07-18 07:01:25 --> Total execution time: 0.0680
DEBUG - 2016-07-18 07:01:25 --> UTF-8 Support Disabled
DEBUG - 2016-07-18 07:01:25 --> Global POST, GET and COOKIE data sanitized
ERROR - 2016-07-18 07:01:25 --> 404 Page Not Found: User/bootstrap
DEBUG - 2016-07-18 07:01:30 --> UTF-8 Support Disabled
DEBUG - 2016-07-18 07:01:30 --> Global POST, GET and COOKIE data sanitized
DEBUG - 2016-07-18 07:01:30 --> cURL Class Initialized
DEBUG - 2016-07-18 07:01:30 --> OAuth2 class already loaded. Second attempt ignored.
DEBUG - 2016-07-18 07:01:30 --> Session class already loaded. Second attempt ignored.
DEBUG - 2016-07-18 07:01:31 --> UTF-8 Support Disabled
DEBUG - 2016-07-18 07:01:31 --> Global POST, GET and COOKIE data sanitized
DEBUG - 2016-07-18 07:01:31 --> cURL Class Initialized
DEBUG - 2016-07-18 07:01:31 --> OAuth2 class already loaded. Second attempt ignored.
DEBUG - 2016-07-18 07:01:31 --> C:\xampp\htdocs\bondora\application\libraries/MY_Table.php exists, but does not declare MY_Table
DEBUG - 2016-07-18 07:01:31 --> Session class already loaded. Second attempt ignored.
DEBUG - 2016-07-18 07:01:31 --> SELECT *
FROM `select` `a`.*, `b`.`statusCode from auction_payload a LEFT JOIN bid_payload b ON a`.`auctionId=b`.`auctionId and a`.`user=b`.`userName where` `user="mehike"`
DEBUG - 2016-07-18 07:01:31 --> Total execution time: 0.1380
DEBUG - 2016-07-18 07:01:31 --> UTF-8 Support Disabled
DEBUG - 2016-07-18 07:01:31 --> Global POST, GET and COOKIE data sanitized
ERROR - 2016-07-18 07:01:31 --> 404 Page Not Found: Auctions/bootstrap
DEBUG - 2016-07-18 07:01:34 --> UTF-8 Support Disabled
DEBUG - 2016-07-18 07:01:34 --> Global POST, GET and COOKIE data sanitized
DEBUG - 2016-07-18 07:01:34 --> cURL Class Initialized
DEBUG - 2016-07-18 07:01:34 --> OAuth2 class already loaded. Second attempt ignored.
DEBUG - 2016-07-18 07:01:34 --> C:\xampp\htdocs\bondora\application\libraries/MY_Table.php exists, but does not declare MY_Table
DEBUG - 2016-07-18 07:01:34 --> Session class already loaded. Second attempt ignored.
DEBUG - 2016-07-18 07:01:34 --> UTF-8 Support Disabled
DEBUG - 2016-07-18 07:01:34 --> Global POST, GET and COOKIE data sanitized
DEBUG - 2016-07-18 07:01:34 --> cURL Class Initialized
DEBUG - 2016-07-18 07:01:34 --> OAuth2 class already loaded. Second attempt ignored.
DEBUG - 2016-07-18 07:01:45 --> UTF-8 Support Disabled
DEBUG - 2016-07-18 07:01:45 --> Global POST, GET and COOKIE data sanitized
DEBUG - 2016-07-18 07:01:45 --> cURL Class Initialized
DEBUG - 2016-07-18 07:01:45 --> OAuth2 class already loaded. Second attempt ignored.
DEBUG - 2016-07-18 07:01:47 --> UTF-8 Support Disabled
DEBUG - 2016-07-18 07:01:47 --> Global POST, GET and COOKIE data sanitized
DEBUG - 2016-07-18 07:01:47 --> cURL Class Initialized
DEBUG - 2016-07-18 07:01:47 --> OAuth2 class already loaded. Second attempt ignored.
DEBUG - 2016-07-18 07:01:50 --> UTF-8 Support Disabled
DEBUG - 2016-07-18 07:01:50 --> Global POST, GET and COOKIE data sanitized
DEBUG - 2016-07-18 07:01:50 --> cURL Class Initialized
DEBUG - 2016-07-18 07:01:50 --> OAuth2 class already loaded. Second attempt ignored.
DEBUG - 2016-07-18 07:01:52 --> UTF-8 Support Disabled
DEBUG - 2016-07-18 07:01:52 --> Global POST, GET and COOKIE data sanitized
DEBUG - 2016-07-18 07:01:52 --> cURL Class Initialized
DEBUG - 2016-07-18 07:01:52 --> OAuth2 class already loaded. Second attempt ignored.
DEBUG - 2016-07-18 07:01:52 --> C:\xampp\htdocs\bondora\application\libraries/MY_Table.php exists, but does not declare MY_Table
DEBUG - 2016-07-18 07:01:52 --> Session class already loaded. Second attempt ignored.
DEBUG - 2016-07-18 07:01:54 --> UTF-8 Support Disabled
DEBUG - 2016-07-18 07:01:54 --> Global POST, GET and COOKIE data sanitized
DEBUG - 2016-07-18 07:01:54 --> cURL Class Initialized
DEBUG - 2016-07-18 07:01:54 --> OAuth2 class already loaded. Second attempt ignored.
DEBUG - 2016-07-18 07:01:56 --> UTF-8 Support Disabled
DEBUG - 2016-07-18 07:01:56 --> Global POST, GET and COOKIE data sanitized
DEBUG - 2016-07-18 07:01:56 --> cURL Class Initialized
DEBUG - 2016-07-18 07:01:56 --> OAuth2 class already loaded. Second attempt ignored.
DEBUG - 2016-07-18 07:01:58 --> UTF-8 Support Disabled
DEBUG - 2016-07-18 07:01:58 --> Global POST, GET and COOKIE data sanitized
DEBUG - 2016-07-18 07:01:58 --> cURL Class Initialized
DEBUG - 2016-07-18 07:01:58 --> OAuth2 class already loaded. Second attempt ignored.
DEBUG - 2016-07-18 07:01:59 --> UTF-8 Support Disabled
DEBUG - 2016-07-18 07:01:59 --> Global POST, GET and COOKIE data sanitized
DEBUG - 2016-07-18 07:01:59 --> cURL Class Initialized
DEBUG - 2016-07-18 07:01:59 --> OAuth2 class already loaded. Second attempt ignored.
DEBUG - 2016-07-18 07:01:59 --> C:\xampp\htdocs\bondora\application\libraries/MY_Table.php exists, but does not declare MY_Table
DEBUG - 2016-07-18 07:01:59 --> Session class already loaded. Second attempt ignored.
DEBUG - 2016-07-18 07:01:59 --> SELECT *
FROM `select` `a`.*, `b`.`statusCode from auction_payload a LEFT JOIN bid_payload b ON a`.`auctionId=b`.`auctionId and a`.`user=b`.`userName where` `user="mehike"`
DEBUG - 2016-07-18 07:01:59 --> Total execution time: 0.4670
DEBUG - 2016-07-18 07:02:00 --> UTF-8 Support Disabled
DEBUG - 2016-07-18 07:02:00 --> Global POST, GET and COOKIE data sanitized
ERROR - 2016-07-18 07:02:00 --> 404 Page Not Found: Auctions/bootstrap
DEBUG - 2016-07-18 07:02:06 --> UTF-8 Support Disabled
DEBUG - 2016-07-18 07:02:06 --> Global POST, GET and COOKIE data sanitized
DEBUG - 2016-07-18 07:02:06 --> cURL Class Initialized
DEBUG - 2016-07-18 07:02:06 --> OAuth2 class already loaded. Second attempt ignored.
DEBUG - 2016-07-18 07:02:06 --> C:\xampp\htdocs\bondora\application\libraries/MY_Table.php exists, but does not declare MY_Table
DEBUG - 2016-07-18 07:02:06 --> Session class already loaded. Second attempt ignored.
ERROR - 2016-07-18 07:02:06 --> Severity: Notice --> Undefined offset: 0 C:\xampp\htdocs\bondora\application\views\auctions\index.php 462
ERROR - 2016-07-18 07:02:06 --> Severity: Notice --> Undefined offset: 0 C:\xampp\htdocs\bondora\application\views\auctions\index.php 514
ERROR - 2016-07-18 07:02:06 --> Severity: Notice --> Undefined offset: 0 C:\xampp\htdocs\bondora\application\views\auctions\index.php 462
ERROR - 2016-07-18 07:02:06 --> Severity: Notice --> Undefined offset: 0 C:\xampp\htdocs\bondora\application\views\auctions\index.php 514
ERROR - 2016-07-18 07:02:06 --> Severity: Notice --> Undefined offset: 0 C:\xampp\htdocs\bondora\application\views\auctions\index.php 462
ERROR - 2016-07-18 07:02:06 --> Severity: Notice --> Undefined offset: 0 C:\xampp\htdocs\bondora\application\views\auctions\index.php 514
ERROR - 2016-07-18 07:02:06 --> Severity: Notice --> Undefined offset: 0 C:\xampp\htdocs\bondora\application\views\auctions\index.php 462
ERROR - 2016-07-18 07:02:06 --> Severity: Notice --> Undefined offset: 0 C:\xampp\htdocs\bondora\application\views\auctions\index.php 514
ERROR - 2016-07-18 07:02:06 --> Severity: Notice --> Undefined offset: 0 C:\xampp\htdocs\bondora\application\views\auctions\index.php 462
ERROR - 2016-07-18 07:02:06 --> Severity: Notice --> Undefined offset: 0 C:\xampp\htdocs\bondora\application\views\auctions\index.php 514
ERROR - 2016-07-18 07:02:06 --> Severity: Notice --> Undefined offset: 0 C:\xampp\htdocs\bondora\application\views\auctions\index.php 462
ERROR - 2016-07-18 07:02:06 --> Severity: Notice --> Undefined offset: 0 C:\xampp\htdocs\bondora\application\views\auctions\index.php 514
ERROR - 2016-07-18 07:02:06 --> Severity: Notice --> Undefined offset: 0 C:\xampp\htdocs\bondora\application\views\auctions\index.php 462
ERROR - 2016-07-18 07:02:07 --> Severity: Notice --> Undefined offset: 0 C:\xampp\htdocs\bondora\application\views\auctions\index.php 514
ERROR - 2016-07-18 07:02:07 --> Severity: Notice --> Undefined offset: 0 C:\xampp\htdocs\bondora\application\views\auctions\index.php 462
ERROR - 2016-07-18 07:02:07 --> Severity: Notice --> Undefined offset: 0 C:\xampp\htdocs\bondora\application\views\auctions\index.php 514
ERROR - 2016-07-18 07:02:07 --> Severity: Notice --> Undefined offset: 0 C:\xampp\htdocs\bondora\application\views\auctions\index.php 462
ERROR - 2016-07-18 07:02:07 --> Severity: Notice --> Undefined offset: 0 C:\xampp\htdocs\bondora\application\views\auctions\index.php 514
ERROR - 2016-07-18 07:02:07 --> Severity: Notice --> Undefined offset: 0 C:\xampp\htdocs\bondora\application\views\auctions\index.php 462
ERROR - 2016-07-18 07:02:07 --> Severity: Notice --> Undefined offset: 0 C:\xampp\htdocs\bondora\application\views\auctions\index.php 514
ERROR - 2016-07-18 07:02:07 --> Severity: Notice --> Undefined offset: 0 C:\xampp\htdocs\bondora\application\views\auctions\index.php 462
ERROR - 2016-07-18 07:02:07 --> Severity: Notice --> Undefined offset: 0 C:\xampp\htdocs\bondora\application\views\auctions\index.php 514
ERROR - 2016-07-18 07:02:07 --> Severity: Notice --> Undefined offset: 0 C:\xampp\htdocs\bondora\application\views\auctions\index.php 462
ERROR - 2016-07-18 07:02:07 --> Severity: Notice --> Undefined offset: 0 C:\xampp\htdocs\bondora\application\views\auctions\index.php 514
ERROR - 2016-07-18 07:02:07 --> Severity: Notice --> Undefined offset: 0 C:\xampp\htdocs\bondora\application\views\auctions\index.php 462
ERROR - 2016-07-18 07:02:07 --> Severity: Notice --> Undefined offset: 0 C:\xampp\htdocs\bondora\application\views\auctions\index.php 514
ERROR - 2016-07-18 07:02:07 --> Severity: Notice --> Undefined offset: 0 C:\xampp\htdocs\bondora\application\views\auctions\index.php 462
ERROR - 2016-07-18 07:02:07 --> Severity: Notice --> Undefined offset: 0 C:\xampp\htdocs\bondora\application\views\auctions\index.php 514
ERROR - 2016-07-18 07:02:07 --> Severity: Notice --> Undefined offset: 0 C:\xampp\htdocs\bondora\application\views\auctions\index.php 462
ERROR - 2016-07-18 07:02:07 --> Severity: Notice --> Undefined offset: 0 C:\xampp\htdocs\bondora\application\views\auctions\index.php 514
ERROR - 2016-07-18 07:02:07 --> Severity: Notice --> Undefined offset: 0 C:\xampp\htdocs\bondora\application\views\auctions\index.php 462
ERROR - 2016-07-18 07:02:07 --> Severity: Notice --> Undefined offset: 0 C:\xampp\htdocs\bondora\application\views\auctions\index.php 514
ERROR - 2016-07-18 07:02:07 --> Severity: Notice --> Undefined offset: 0 C:\xampp\htdocs\bondora\application\views\auctions\index.php 462
ERROR - 2016-07-18 07:02:07 --> Severity: Notice --> Undefined offset: 0 C:\xampp\htdocs\bondora\application\views\auctions\index.php 514
ERROR - 2016-07-18 07:02:07 --> Severity: Notice --> Undefined offset: 0 C:\xampp\htdocs\bondora\application\views\auctions\index.php 462
ERROR - 2016-07-18 07:02:07 --> Severity: Notice --> Undefined offset: 0 C:\xampp\htdocs\bondora\application\views\auctions\index.php 514
ERROR - 2016-07-18 07:02:07 --> Severity: Notice --> Undefined offset: 0 C:\xampp\htdocs\bondora\application\views\auctions\index.php 462
ERROR - 2016-07-18 07:02:07 --> Severity: Notice --> Undefined offset: 0 C:\xampp\htdocs\bondora\application\views\auctions\index.php 514
ERROR - 2016-07-18 07:02:07 --> Severity: Notice --> Undefined offset: 0 C:\xampp\htdocs\bondora\application\views\auctions\index.php 462
ERROR - 2016-07-18 07:02:07 --> Severity: Notice --> Undefined offset: 0 C:\xampp\htdocs\bondora\application\views\auctions\index.php 514
ERROR - 2016-07-18 07:02:07 --> Severity: Notice --> Undefined offset: 0 C:\xampp\htdocs\bondora\application\views\auctions\index.php 462
ERROR - 2016-07-18 07:02:07 --> Severity: Notice --> Undefined offset: 0 C:\xampp\htdocs\bondora\application\views\auctions\index.php 514
ERROR - 2016-07-18 07:02:07 --> Severity: Notice --> Undefined offset: 0 C:\xampp\htdocs\bondora\application\views\auctions\index.php 462
ERROR - 2016-07-18 07:02:07 --> Severity: Notice --> Undefined offset: 0 C:\xampp\htdocs\bondora\application\views\auctions\index.php 514
ERROR - 2016-07-18 07:02:07 --> Severity: Notice --> Undefined offset: 0 C:\xampp\htdocs\bondora\application\views\auctions\index.php 462
ERROR - 2016-07-18 07:02:07 --> Severity: Notice --> Undefined offset: 0 C:\xampp\htdocs\bondora\application\views\auctions\index.php 514
ERROR - 2016-07-18 07:02:07 --> Severity: Notice --> Undefined offset: 0 C:\xampp\htdocs\bondora\application\views\auctions\index.php 462
ERROR - 2016-07-18 07:02:07 --> Severity: Notice --> Undefined offset: 0 C:\xampp\htdocs\bondora\application\views\auctions\index.php 514
ERROR - 2016-07-18 07:02:07 --> Severity: Notice --> Undefined offset: 0 C:\xampp\htdocs\bondora\application\views\auctions\index.php 462
ERROR - 2016-07-18 07:02:07 --> Severity: Notice --> Undefined offset: 0 C:\xampp\htdocs\bondora\application\views\auctions\index.php 514
ERROR - 2016-07-18 07:02:07 --> Severity: Notice --> Undefined offset: 0 C:\xampp\htdocs\bondora\application\views\auctions\index.php 462
ERROR - 2016-07-18 07:02:07 --> Severity: Notice --> Undefined offset: 0 C:\xampp\htdocs\bondora\application\views\auctions\index.php 514
ERROR - 2016-07-18 07:02:07 --> Severity: Notice --> Undefined offset: 0 C:\xampp\htdocs\bondora\application\views\auctions\index.php 462
ERROR - 2016-07-18 07:02:07 --> Severity: Notice --> Undefined offset: 0 C:\xampp\htdocs\bondora\application\views\auctions\index.php 514
ERROR - 2016-07-18 07:02:07 --> Severity: Notice --> Undefined offset: 0 C:\xampp\htdocs\bondora\application\views\auctions\index.php 462
ERROR - 2016-07-18 07:02:07 --> Severity: Notice --> Undefined offset: 0 C:\xampp\htdocs\bondora\application\views\auctions\index.php 514
ERROR - 2016-07-18 07:02:07 --> Severity: Notice --> Undefined offset: 0 C:\xampp\htdocs\bondora\application\views\auctions\index.php 462
ERROR - 2016-07-18 07:02:07 --> Severity: Notice --> Undefined offset: 0 C:\xampp\htdocs\bondora\application\views\auctions\index.php 514
ERROR - 2016-07-18 07:02:07 --> Severity: Notice --> Undefined offset: 0 C:\xampp\htdocs\bondora\application\views\auctions\index.php 462
ERROR - 2016-07-18 07:02:07 --> Severity: Notice --> Undefined offset: 0 C:\xampp\htdocs\bondora\application\views\auctions\index.php 514
ERROR - 2016-07-18 07:02:07 --> Severity: Notice --> Undefined offset: 0 C:\xampp\htdocs\bondora\application\views\auctions\index.php 462
ERROR - 2016-07-18 07:02:07 --> Severity: Notice --> Undefined offset: 0 C:\xampp\htdocs\bondora\application\views\auctions\index.php 514
ERROR - 2016-07-18 07:02:07 --> Severity: Notice --> Undefined offset: 0 C:\xampp\htdocs\bondora\application\views\auctions\index.php 462
ERROR - 2016-07-18 07:02:07 --> Severity: Notice --> Undefined offset: 0 C:\xampp\htdocs\bondora\application\views\auctions\index.php 514
ERROR - 2016-07-18 07:02:07 --> Severity: Notice --> Undefined offset: 0 C:\xampp\htdocs\bondora\application\views\auctions\index.php 462
ERROR - 2016-07-18 07:02:07 --> Severity: Notice --> Undefined offset: 0 C:\xampp\htdocs\bondora\application\views\auctions\index.php 514
ERROR - 2016-07-18 07:02:07 --> Severity: Notice --> Undefined offset: 0 C:\xampp\htdocs\bondora\application\views\auctions\index.php 462
ERROR - 2016-07-18 07:02:07 --> Severity: Notice --> Undefined offset: 0 C:\xampp\htdocs\bondora\application\views\auctions\index.php 514
ERROR - 2016-07-18 07:02:07 --> Severity: Notice --> Undefined offset: 0 C:\xampp\htdocs\bondora\application\views\auctions\index.php 462
ERROR - 2016-07-18 07:02:07 --> Severity: Notice --> Undefined offset: 0 C:\xampp\htdocs\bondora\application\views\auctions\index.php 514
ERROR - 2016-07-18 07:02:07 --> Severity: Notice --> Undefined offset: 0 C:\xampp\htdocs\bondora\application\views\auctions\index.php 462
ERROR - 2016-07-18 07:02:07 --> Severity: Notice --> Undefined offset: 0 C:\xampp\htdocs\bondora\application\views\auctions\index.php 514
ERROR - 2016-07-18 07:02:07 --> Severity: Notice --> Undefined offset: 0 C:\xampp\htdocs\bondora\application\views\auctions\index.php 462
ERROR - 2016-07-18 07:02:07 --> Severity: Notice --> Undefined offset: 0 C:\xampp\htdocs\bondora\application\views\auctions\index.php 514
ERROR - 2016-07-18 07:02:07 --> Severity: Notice --> Undefined offset: 0 C:\xampp\htdocs\bondora\application\views\auctions\index.php 462
ERROR - 2016-07-18 07:02:07 --> Severity: Notice --> Undefined offset: 0 C:\xampp\htdocs\bondora\application\views\auctions\index.php 514
ERROR - 2016-07-18 07:02:07 --> Severity: Notice --> Undefined offset: 0 C:\xampp\htdocs\bondora\application\views\auctions\index.php 462
ERROR - 2016-07-18 07:02:07 --> Severity: Notice --> Undefined offset: 0 C:\xampp\htdocs\bondora\application\views\auctions\index.php 514
ERROR - 2016-07-18 07:02:07 --> Severity: Notice --> Undefined offset: 0 C:\xampp\htdocs\bondora\application\views\auctions\index.php 462
ERROR - 2016-07-18 07:02:07 --> Severity: Notice --> Undefined offset: 0 C:\xampp\htdocs\bondora\application\views\auctions\index.php 514
ERROR - 2016-07-18 07:02:07 --> Severity: Notice --> Undefined offset: 0 C:\xampp\htdocs\bondora\application\views\auctions\index.php 462
ERROR - 2016-07-18 07:02:07 --> Severity: Notice --> Undefined offset: 0 C:\xampp\htdocs\bondora\application\views\auctions\index.php 514
ERROR - 2016-07-18 07:02:07 --> Severity: Notice --> Undefined offset: 0 C:\xampp\htdocs\bondora\application\views\auctions\index.php 462
ERROR - 2016-07-18 07:02:07 --> Severity: Notice --> Undefined offset: 0 C:\xampp\htdocs\bondora\application\views\auctions\index.php 514
ERROR - 2016-07-18 07:02:07 --> Severity: Notice --> Undefined offset: 0 C:\xampp\htdocs\bondora\application\views\auctions\index.php 462
ERROR - 2016-07-18 07:02:07 --> Severity: Notice --> Undefined offset: 0 C:\xampp\htdocs\bondora\application\views\auctions\index.php 514
ERROR - 2016-07-18 07:02:07 --> Severity: Notice --> Undefined offset: 0 C:\xampp\htdocs\bondora\application\views\auctions\index.php 462
ERROR - 2016-07-18 07:02:07 --> Severity: Notice --> Undefined offset: 0 C:\xampp\htdocs\bondora\application\views\auctions\index.php 514
ERROR - 2016-07-18 07:02:07 --> Severity: Notice --> Undefined offset: 0 C:\xampp\htdocs\bondora\application\views\auctions\index.php 462
ERROR - 2016-07-18 07:02:07 --> Severity: Notice --> Undefined offset: 0 C:\xampp\htdocs\bondora\application\views\auctions\index.php 514
ERROR - 2016-07-18 07:02:07 --> Severity: Notice --> Undefined offset: 0 C:\xampp\htdocs\bondora\application\views\auctions\index.php 462
ERROR - 2016-07-18 07:02:07 --> Severity: Notice --> Undefined offset: 0 C:\xampp\htdocs\bondora\application\views\auctions\index.php 514
ERROR - 2016-07-18 07:02:07 --> Severity: Notice --> Undefined offset: 0 C:\xampp\htdocs\bondora\application\views\auctions\index.php 462
ERROR - 2016-07-18 07:02:07 --> Severity: Notice --> Undefined offset: 0 C:\xampp\htdocs\bondora\application\views\auctions\index.php 514
ERROR - 2016-07-18 07:02:07 --> Severity: Notice --> Undefined offset: 0 C:\xampp\htdocs\bondora\application\views\auctions\index.php 462
ERROR - 2016-07-18 07:02:07 --> Severity: Notice --> Undefined offset: 0 C:\xampp\htdocs\bondora\application\views\auctions\index.php 514
ERROR - 2016-07-18 07:02:07 --> Severity: Notice --> Undefined offset: 0 C:\xampp\htdocs\bondora\application\views\auctions\index.php 462
ERROR - 2016-07-18 07:02:07 --> Severity: Notice --> Undefined offset: 0 C:\xampp\htdocs\bondora\application\views\auctions\index.php 514
ERROR - 2016-07-18 07:02:07 --> Severity: Notice --> Undefined offset: 0 C:\xampp\htdocs\bondora\application\views\auctions\index.php 462
ERROR - 2016-07-18 07:02:07 --> Severity: Notice --> Undefined offset: 0 C:\xampp\htdocs\bondora\application\views\auctions\index.php 514
ERROR - 2016-07-18 07:02:07 --> Severity: Notice --> Undefined offset: 0 C:\xampp\htdocs\bondora\application\views\auctions\index.php 462
ERROR - 2016-07-18 07:02:07 --> Severity: Notice --> Undefined offset: 0 C:\xampp\htdocs\bondora\application\views\auctions\index.php 514
ERROR - 2016-07-18 07:02:07 --> Severity: Notice --> Undefined offset: 0 C:\xampp\htdocs\bondora\application\views\auctions\index.php 462
ERROR - 2016-07-18 07:02:07 --> Severity: Notice --> Undefined offset: 0 C:\xampp\htdocs\bondora\application\views\auctions\index.php 514
ERROR - 2016-07-18 07:02:07 --> Severity: Notice --> Undefined offset: 0 C:\xampp\htdocs\bondora\application\views\auctions\index.php 462
ERROR - 2016-07-18 07:02:07 --> Severity: Notice --> Undefined offset: 0 C:\xampp\htdocs\bondora\application\views\auctions\index.php 514
ERROR - 2016-07-18 07:02:07 --> Severity: Notice --> Undefined offset: 0 C:\xampp\htdocs\bondora\application\views\auctions\index.php 462
ERROR - 2016-07-18 07:02:07 --> Severity: Notice --> Undefined offset: 0 C:\xampp\htdocs\bondora\application\views\auctions\index.php 514
ERROR - 2016-07-18 07:02:07 --> Severity: Notice --> Undefined offset: 0 C:\xampp\htdocs\bondora\application\views\auctions\index.php 462
ERROR - 2016-07-18 07:02:07 --> Severity: Notice --> Undefined offset: 0 C:\xampp\htdocs\bondora\application\views\auctions\index.php 514
ERROR - 2016-07-18 07:02:07 --> Severity: Notice --> Undefined offset: 0 C:\xampp\htdocs\bondora\application\views\auctions\index.php 462
ERROR - 2016-07-18 07:02:07 --> Severity: Notice --> Undefined offset: 0 C:\xampp\htdocs\bondora\application\views\auctions\index.php 514
ERROR - 2016-07-18 07:02:07 --> Severity: Notice --> Undefined offset: 0 C:\xampp\htdocs\bondora\application\views\auctions\index.php 462
ERROR - 2016-07-18 07:02:07 --> Severity: Notice --> Undefined offset: 0 C:\xampp\htdocs\bondora\application\views\auctions\index.php 514
ERROR - 2016-07-18 07:02:07 --> Severity: Notice --> Undefined offset: 0 C:\xampp\htdocs\bondora\application\views\auctions\index.php 462
ERROR - 2016-07-18 07:02:07 --> Severity: Notice --> Undefined offset: 0 C:\xampp\htdocs\bondora\application\views\auctions\index.php 514
ERROR - 2016-07-18 07:02:07 --> Severity: Notice --> Undefined offset: 0 C:\xampp\htdocs\bondora\application\views\auctions\index.php 462
ERROR - 2016-07-18 07:02:07 --> Severity: Notice --> Undefined offset: 0 C:\xampp\htdocs\bondora\application\views\auctions\index.php 514
ERROR - 2016-07-18 07:02:07 --> Severity: Notice --> Undefined offset: 0 C:\xampp\htdocs\bondora\application\views\auctions\index.php 462
ERROR - 2016-07-18 07:02:07 --> Severity: Notice --> Undefined offset: 0 C:\xampp\htdocs\bondora\application\views\auctions\index.php 514
ERROR - 2016-07-18 07:02:07 --> Severity: Notice --> Undefined offset: 0 C:\xampp\htdocs\bondora\application\views\auctions\index.php 462
ERROR - 2016-07-18 07:02:07 --> Severity: Notice --> Undefined offset: 0 C:\xampp\htdocs\bondora\application\views\auctions\index.php 514
ERROR - 2016-07-18 07:02:07 --> Severity: Notice --> Undefined offset: 0 C:\xampp\htdocs\bondora\application\views\auctions\index.php 462
ERROR - 2016-07-18 07:02:07 --> Severity: Notice --> Undefined offset: 0 C:\xampp\htdocs\bondora\application\views\auctions\index.php 514
ERROR - 2016-07-18 07:02:07 --> Severity: Notice --> Undefined offset: 0 C:\xampp\htdocs\bondora\application\views\auctions\index.php 462
ERROR - 2016-07-18 07:02:07 --> Severity: Notice --> Undefined offset: 0 C:\xampp\htdocs\bondora\application\views\auctions\index.php 514
DEBUG - 2016-07-18 07:02:07 --> Total execution time: 1.1300
DEBUG - 2016-07-18 07:02:07 --> UTF-8 Support Disabled
DEBUG - 2016-07-18 07:02:07 --> Global POST, GET and COOKIE data sanitized
ERROR - 2016-07-18 07:02:07 --> 404 Page Not Found: Auctions/bootstrap
DEBUG - 2016-07-18 07:02:21 --> UTF-8 Support Disabled
DEBUG - 2016-07-18 07:02:21 --> Global POST, GET and COOKIE data sanitized
DEBUG - 2016-07-18 07:02:21 --> cURL Class Initialized
DEBUG - 2016-07-18 07:02:21 --> OAuth2 class already loaded. Second attempt ignored.
DEBUG - 2016-07-18 07:02:21 --> C:\xampp\htdocs\bondora\application\libraries/MY_Table.php exists, but does not declare MY_Table
DEBUG - 2016-07-18 07:02:21 --> Session class already loaded. Second attempt ignored.
DEBUG - 2016-07-18 07:02:21 --> Total execution time: 0.0880
DEBUG - 2016-07-18 07:02:21 --> UTF-8 Support Disabled
DEBUG - 2016-07-18 07:02:21 --> Global POST, GET and COOKIE data sanitized
ERROR - 2016-07-18 07:02:21 --> 404 Page Not Found: Secondary/bootstrap
DEBUG - 2016-07-18 07:02:24 --> UTF-8 Support Disabled
DEBUG - 2016-07-18 07:02:24 --> Global POST, GET and COOKIE data sanitized
DEBUG - 2016-07-18 07:02:24 --> cURL Class Initialized
DEBUG - 2016-07-18 07:02:24 --> OAuth2 class already loaded. Second attempt ignored.
DEBUG - 2016-07-18 07:02:24 --> C:\xampp\htdocs\bondora\application\libraries/MY_Table.php exists, but does not declare MY_Table
DEBUG - 2016-07-18 07:02:24 --> Session class already loaded. Second attempt ignored.
ERROR - 2016-07-18 07:02:24 --> Severity: Notice --> Trying to get property of non-object C:\xampp\htdocs\bondora\application\controllers\Secondary.php 602
ERROR - 2016-07-18 07:02:24 --> Severity: Notice --> Undefined index: all C:\xampp\htdocs\bondora\application\controllers\Secondary.php 605
DEBUG - 2016-07-18 07:02:24 --> UTF-8 Support Disabled
DEBUG - 2016-07-18 07:02:24 --> Global POST, GET and COOKIE data sanitized
DEBUG - 2016-07-18 07:02:24 --> cURL Class Initialized
DEBUG - 2016-07-18 07:02:24 --> OAuth2 class already loaded. Second attempt ignored.
DEBUG - 2016-07-18 07:02:24 --> C:\xampp\htdocs\bondora\application\libraries/MY_Table.php exists, but does not declare MY_Table
DEBUG - 2016-07-18 07:02:24 --> Session class already loaded. Second attempt ignored.
DEBUG - 2016-07-18 07:02:24 --> Total execution time: 0.0580
DEBUG - 2016-07-18 07:02:24 --> UTF-8 Support Disabled
DEBUG - 2016-07-18 07:02:24 --> Global POST, GET and COOKIE data sanitized
ERROR - 2016-07-18 07:02:24 --> 404 Page Not Found: Secondary/bootstrap
DEBUG - 2016-07-18 07:02:29 --> UTF-8 Support Disabled
DEBUG - 2016-07-18 07:02:29 --> Global POST, GET and COOKIE data sanitized
DEBUG - 2016-07-18 07:02:29 --> cURL Class Initialized
DEBUG - 2016-07-18 07:02:29 --> OAuth2 class already loaded. Second attempt ignored.
DEBUG - 2016-07-18 07:02:29 --> C:\xampp\htdocs\bondora\application\libraries/MY_Table.php exists, but does not declare MY_Table
DEBUG - 2016-07-18 07:02:29 --> Session class already loaded. Second attempt ignored.
ERROR - 2016-07-18 07:02:30 --> Severity: Notice --> Trying to get property of non-object C:\xampp\htdocs\bondora\application\controllers\Secondary.php 602
ERROR - 2016-07-18 07:02:30 --> Severity: Notice --> Undefined index: all C:\xampp\htdocs\bondora\application\controllers\Secondary.php 605
DEBUG - 2016-07-18 07:02:30 --> UTF-8 Support Disabled
DEBUG - 2016-07-18 07:02:30 --> Global POST, GET and COOKIE data sanitized
DEBUG - 2016-07-18 07:02:30 --> cURL Class Initialized
DEBUG - 2016-07-18 07:02:30 --> OAuth2 class already loaded. Second attempt ignored.
DEBUG - 2016-07-18 07:02:30 --> C:\xampp\htdocs\bondora\application\libraries/MY_Table.php exists, but does not declare MY_Table
DEBUG - 2016-07-18 07:02:30 --> Session class already loaded. Second attempt ignored.
DEBUG - 2016-07-18 07:02:30 --> Total execution time: 0.0720
DEBUG - 2016-07-18 07:02:30 --> UTF-8 Support Disabled
DEBUG - 2016-07-18 07:02:30 --> Global POST, GET and COOKIE data sanitized
ERROR - 2016-07-18 07:02:30 --> 404 Page Not Found: Secondary/bootstrap
DEBUG - 2016-07-18 07:02:31 --> UTF-8 Support Disabled
DEBUG - 2016-07-18 07:02:31 --> Global POST, GET and COOKIE data sanitized
DEBUG - 2016-07-18 07:02:31 --> cURL Class Initialized
DEBUG - 2016-07-18 07:02:31 --> OAuth2 class already loaded. Second attempt ignored.
DEBUG - 2016-07-18 07:02:31 --> C:\xampp\htdocs\bondora\application\libraries/MY_Table.php exists, but does not declare MY_Table
DEBUG - 2016-07-18 07:02:31 --> Session class already loaded. Second attempt ignored.
DEBUG - 2016-07-18 07:02:32 --> SELECT *
FROM `select` `a`.*, `b`.`listedOnDate`, `b`.`xirr`, `b`.`secondaryId`, `b`.`desiredDiscountRate from bondora`.`investment_payload a LEFT JOIN bondora`.`secondary b ON a`.`loanPartId=b`.`loanPartId and a`.`user=b`.`user where a`.`user="mehike" order by` `a`.`signedDate`, `a`.`auctionId`
ERROR - 2016-07-18 07:02:32 --> Severity: Notice --> Undefined offset: 33 C:\xampp\htdocs\bondora\application\views\investments\index.php 880
ERROR - 2016-07-18 07:02:32 --> Severity: Notice --> Undefined offset: 33 C:\xampp\htdocs\bondora\application\views\investments\index.php 880
ERROR - 2016-07-18 07:02:32 --> Severity: Notice --> Undefined offset: 33 C:\xampp\htdocs\bondora\application\views\investments\index.php 880
ERROR - 2016-07-18 07:02:32 --> Severity: Notice --> Undefined offset: 33 C:\xampp\htdocs\bondora\application\views\investments\index.php 880
ERROR - 2016-07-18 07:02:32 --> Severity: Notice --> Undefined offset: 33 C:\xampp\htdocs\bondora\application\views\investments\index.php 880
ERROR - 2016-07-18 07:02:32 --> Severity: Notice --> Undefined offset: 31 C:\xampp\htdocs\bondora\application\views\investments\index.php 880
ERROR - 2016-07-18 07:02:32 --> Severity: Notice --> Undefined offset: 33 C:\xampp\htdocs\bondora\application\views\investments\index.php 880
ERROR - 2016-07-18 07:02:32 --> Severity: Notice --> Undefined offset: 33 C:\xampp\htdocs\bondora\application\views\investments\index.php 880
ERROR - 2016-07-18 07:02:32 --> Severity: Notice --> Undefined offset: 31 C:\xampp\htdocs\bondora\application\views\investments\index.php 880
ERROR - 2016-07-18 07:02:32 --> Severity: Notice --> Undefined offset: 30 C:\xampp\htdocs\bondora\application\views\investments\index.php 880
ERROR - 2016-07-18 07:02:32 --> Severity: Notice --> Undefined offset: 31 C:\xampp\htdocs\bondora\application\views\investments\index.php 880
ERROR - 2016-07-18 07:02:32 --> Severity: Notice --> Undefined offset: 31 C:\xampp\htdocs\bondora\application\views\investments\index.php 880
ERROR - 2016-07-18 07:02:32 --> Severity: Notice --> Undefined offset: 32 C:\xampp\htdocs\bondora\application\views\investments\index.php 880
ERROR - 2016-07-18 07:02:32 --> Severity: Notice --> Undefined offset: 33 C:\xampp\htdocs\bondora\application\views\investments\index.php 880
ERROR - 2016-07-18 07:02:32 --> Severity: Notice --> Undefined offset: 33 C:\xampp\htdocs\bondora\application\views\investments\index.php 880
ERROR - 2016-07-18 07:02:32 --> Severity: Notice --> Undefined offset: 33 C:\xampp\htdocs\bondora\application\views\investments\index.php 880
ERROR - 2016-07-18 07:02:32 --> Severity: Notice --> Undefined offset: 33 C:\xampp\htdocs\bondora\application\views\investments\index.php 880
ERROR - 2016-07-18 07:02:32 --> Severity: Notice --> Undefined offset: 41 C:\xampp\htdocs\bondora\application\views\investments\index.php 880
ERROR - 2016-07-18 07:02:32 --> Severity: Notice --> Undefined offset: 30 C:\xampp\htdocs\bondora\application\views\investments\index.php 880
ERROR - 2016-07-18 07:02:32 --> Severity: Notice --> Undefined offset: 31 C:\xampp\htdocs\bondora\application\views\investments\index.php 880
ERROR - 2016-07-18 07:02:32 --> Severity: Notice --> Undefined offset: 32 C:\xampp\htdocs\bondora\application\views\investments\index.php 880
ERROR - 2016-07-18 07:02:32 --> Severity: Notice --> Undefined offset: 33 C:\xampp\htdocs\bondora\application\views\investments\index.php 880
ERROR - 2016-07-18 07:02:32 --> Severity: Notice --> Undefined offset: 31 C:\xampp\htdocs\bondora\application\views\investments\index.php 880
DEBUG - 2016-07-18 07:02:32 --> Total execution time: 0.1220
DEBUG - 2016-07-18 07:02:32 --> UTF-8 Support Disabled
DEBUG - 2016-07-18 07:02:32 --> Global POST, GET and COOKIE data sanitized
ERROR - 2016-07-18 07:02:32 --> 404 Page Not Found: Investments/bootstrap
DEBUG - 2016-07-18 07:02:33 --> UTF-8 Support Disabled
DEBUG - 2016-07-18 07:02:33 --> Global POST, GET and COOKIE data sanitized
DEBUG - 2016-07-18 07:02:33 --> cURL Class Initialized
DEBUG - 2016-07-18 07:02:33 --> OAuth2 class already loaded. Second attempt ignored.
DEBUG - 2016-07-18 07:02:33 --> C:\xampp\htdocs\bondora\application\libraries/MY_Table.php exists, but does not declare MY_Table
DEBUG - 2016-07-18 07:02:33 --> Session class already loaded. Second attempt ignored.
DEBUG - 2016-07-18 07:02:36 --> SELECT *
FROM `select` `a`.*, `b`.`listedOnDate`, `b`.`xirr`, `b`.`secondaryId`, `b`.`desiredDiscountRate from bondora`.`investment_payload a LEFT JOIN bondora`.`secondary b ON a`.`loanPartId=b`.`loanPartId and a`.`user=b`.`user where a`.`user="mehike" order by` `a`.`signedDate`, `a`.`auctionId`
ERROR - 2016-07-18 07:02:36 --> Severity: Notice --> Undefined offset: 33 C:\xampp\htdocs\bondora\application\views\investments\index.php 880
ERROR - 2016-07-18 07:02:36 --> Severity: Notice --> Undefined offset: 33 C:\xampp\htdocs\bondora\application\views\investments\index.php 880
ERROR - 2016-07-18 07:02:36 --> Severity: Notice --> Undefined offset: 33 C:\xampp\htdocs\bondora\application\views\investments\index.php 880
ERROR - 2016-07-18 07:02:36 --> Severity: Notice --> Undefined offset: 33 C:\xampp\htdocs\bondora\application\views\investments\index.php 880
ERROR - 2016-07-18 07:02:36 --> Severity: Notice --> Undefined offset: 33 C:\xampp\htdocs\bondora\application\views\investments\index.php 880
ERROR - 2016-07-18 07:02:36 --> Severity: Notice --> Undefined offset: 31 C:\xampp\htdocs\bondora\application\views\investments\index.php 880
ERROR - 2016-07-18 07:02:36 --> Severity: Notice --> Undefined offset: 33 C:\xampp\htdocs\bondora\application\views\investments\index.php 880
ERROR - 2016-07-18 07:02:36 --> Severity: Notice --> Undefined offset: 33 C:\xampp\htdocs\bondora\application\views\investments\index.php 880
ERROR - 2016-07-18 07:02:36 --> Severity: Notice --> Undefined offset: 31 C:\xampp\htdocs\bondora\application\views\investments\index.php 880
ERROR - 2016-07-18 07:02:36 --> Severity: Notice --> Undefined offset: 31 C:\xampp\htdocs\bondora\application\views\investments\index.php 880
ERROR - 2016-07-18 07:02:36 --> Severity: Notice --> Undefined offset: 31 C:\xampp\htdocs\bondora\application\views\investments\index.php 880
ERROR - 2016-07-18 07:02:36 --> Severity: Notice --> Undefined offset: 32 C:\xampp\htdocs\bondora\application\views\investments\index.php 880
ERROR - 2016-07-18 07:02:36 --> Severity: Notice --> Undefined offset: 33 C:\xampp\htdocs\bondora\application\views\investments\index.php 880
ERROR - 2016-07-18 07:02:36 --> Severity: Notice --> Undefined offset: 33 C:\xampp\htdocs\bondora\application\views\investments\index.php 880
ERROR - 2016-07-18 07:02:36 --> Severity: Notice --> Undefined offset: 33 C:\xampp\htdocs\bondora\application\views\investments\index.php 880
ERROR - 2016-07-18 07:02:36 --> Severity: Notice --> Undefined offset: 33 C:\xampp\htdocs\bondora\application\views\investments\index.php 880
ERROR - 2016-07-18 07:02:36 --> Severity: Notice --> Undefined offset: 41 C:\xampp\htdocs\bondora\application\views\investments\index.php 880
ERROR - 2016-07-18 07:02:36 --> Severity: Notice --> Undefined offset: 31 C:\xampp\htdocs\bondora\application\views\investments\index.php 880
ERROR - 2016-07-18 07:02:36 --> Severity: Notice --> Undefined offset: 32 C:\xampp\htdocs\bondora\application\views\investments\index.php 880
ERROR - 2016-07-18 07:02:36 --> Severity: Notice --> Undefined offset: 33 C:\xampp\htdocs\bondora\application\views\investments\index.php 880
ERROR - 2016-07-18 07:02:36 --> Severity: Notice --> Undefined offset: 31 C:\xampp\htdocs\bondora\application\views\investments\index.php 880
DEBUG - 2016-07-18 07:02:36 --> Total execution time: 2.7820
DEBUG - 2016-07-18 07:02:36 --> UTF-8 Support Disabled
DEBUG - 2016-07-18 07:02:36 --> Global POST, GET and COOKIE data sanitized
ERROR - 2016-07-18 07:02:36 --> 404 Page Not Found: Investments/bootstrap
DEBUG - 2016-07-18 07:02:43 --> UTF-8 Support Disabled
DEBUG - 2016-07-18 07:02:43 --> Global POST, GET and COOKIE data sanitized
DEBUG - 2016-07-18 07:02:43 --> cURL Class Initialized
DEBUG - 2016-07-18 07:02:43 --> OAuth2 class already loaded. Second attempt ignored.
DEBUG - 2016-07-18 07:02:43 --> C:\xampp\htdocs\bondora\application\libraries/MY_Table.php exists, but does not declare MY_Table
DEBUG - 2016-07-18 07:02:43 --> Session class already loaded. Second attempt ignored.
DEBUG - 2016-07-18 07:02:44 --> Total execution time: 0.9370
DEBUG - 2016-07-18 07:02:44 --> UTF-8 Support Disabled
DEBUG - 2016-07-18 07:02:44 --> Global POST, GET and COOKIE data sanitized
DEBUG - 2016-07-18 07:02:44 --> cURL Class Initialized
DEBUG - 2016-07-18 07:02:44 --> OAuth2 class already loaded. Second attempt ignored.
DEBUG - 2016-07-18 07:02:44 --> C:\xampp\htdocs\bondora\application\libraries/MY_Table.php exists, but does not declare MY_Table
DEBUG - 2016-07-18 07:02:44 --> Session class already loaded. Second attempt ignored.
DEBUG - 2016-07-18 07:02:44 --> Total execution time: 0.4270
DEBUG - 2016-07-18 07:02:48 --> UTF-8 Support Disabled
DEBUG - 2016-07-18 07:02:48 --> Global POST, GET and COOKIE data sanitized
DEBUG - 2016-07-18 07:02:48 --> cURL Class Initialized
DEBUG - 2016-07-18 07:02:48 --> OAuth2 class already loaded. Second attempt ignored.
DEBUG - 2016-07-18 07:02:48 --> C:\xampp\htdocs\bondora\application\libraries/MY_Table.php exists, but does not declare MY_Table
DEBUG - 2016-07-18 07:02:48 --> Session class already loaded. Second attempt ignored.
DEBUG - 2016-07-18 07:02:48 --> Total execution time: 0.5880
DEBUG - 2016-07-18 07:02:48 --> UTF-8 Support Disabled
DEBUG - 2016-07-18 07:02:48 --> Global POST, GET and COOKIE data sanitized
DEBUG - 2016-07-18 07:02:48 --> cURL Class Initialized
DEBUG - 2016-07-18 07:02:48 --> OAuth2 class already loaded. Second attempt ignored.
DEBUG - 2016-07-18 07:02:48 --> C:\xampp\htdocs\bondora\application\libraries/MY_Table.php exists, but does not declare MY_Table
DEBUG - 2016-07-18 07:02:48 --> Session class already loaded. Second attempt ignored.
DEBUG - 2016-07-18 07:02:48 --> Total execution time: 0.3180
DEBUG - 2016-07-18 07:02:52 --> UTF-8 Support Disabled
DEBUG - 2016-07-18 07:02:52 --> Global POST, GET and COOKIE data sanitized
DEBUG - 2016-07-18 07:02:52 --> cURL Class Initialized
DEBUG - 2016-07-18 07:02:52 --> OAuth2 class already loaded. Second attempt ignored.
DEBUG - 2016-07-18 07:02:52 --> C:\xampp\htdocs\bondora\application\libraries/MY_Table.php exists, but does not declare MY_Table
DEBUG - 2016-07-18 07:02:52 --> Session class already loaded. Second attempt ignored.
DEBUG - 2016-07-18 07:02:53 --> Total execution time: 0.6430
DEBUG - 2016-07-18 07:02:53 --> UTF-8 Support Disabled
DEBUG - 2016-07-18 07:02:53 --> Global POST, GET and COOKIE data sanitized
DEBUG - 2016-07-18 07:02:53 --> cURL Class Initialized
DEBUG - 2016-07-18 07:02:53 --> OAuth2 class already loaded. Second attempt ignored.
DEBUG - 2016-07-18 07:02:53 --> C:\xampp\htdocs\bondora\application\libraries/MY_Table.php exists, but does not declare MY_Table
DEBUG - 2016-07-18 07:02:53 --> Session class already loaded. Second attempt ignored.
DEBUG - 2016-07-18 07:02:53 --> Total execution time: 0.4680
DEBUG - 2016-07-18 07:02:56 --> UTF-8 Support Disabled
DEBUG - 2016-07-18 07:02:56 --> Global POST, GET and COOKIE data sanitized
DEBUG - 2016-07-18 07:02:56 --> cURL Class Initialized
DEBUG - 2016-07-18 07:02:56 --> OAuth2 class already loaded. Second attempt ignored.
DEBUG - 2016-07-18 07:02:56 --> C:\xampp\htdocs\bondora\application\libraries/MY_Table.php exists, but does not declare MY_Table
DEBUG - 2016-07-18 07:02:56 --> Session class already loaded. Second attempt ignored.
DEBUG - 2016-07-18 07:02:57 --> Total execution time: 0.9100
DEBUG - 2016-07-18 07:02:57 --> UTF-8 Support Disabled
DEBUG - 2016-07-18 07:02:57 --> Global POST, GET and COOKIE data sanitized
DEBUG - 2016-07-18 07:02:57 --> cURL Class Initialized
DEBUG - 2016-07-18 07:02:57 --> OAuth2 class already loaded. Second attempt ignored.
DEBUG - 2016-07-18 07:02:57 --> C:\xampp\htdocs\bondora\application\libraries/MY_Table.php exists, but does not declare MY_Table
DEBUG - 2016-07-18 07:02:57 --> Session class already loaded. Second attempt ignored.
DEBUG - 2016-07-18 07:02:57 --> Total execution time: 0.4430
DEBUG - 2016-07-18 07:03:00 --> UTF-8 Support Disabled
DEBUG - 2016-07-18 07:03:00 --> Global POST, GET and COOKIE data sanitized
DEBUG - 2016-07-18 07:03:00 --> cURL Class Initialized
DEBUG - 2016-07-18 07:03:00 --> OAuth2 class already loaded. Second attempt ignored.
DEBUG - 2016-07-18 07:03:00 --> C:\xampp\htdocs\bondora\application\libraries/MY_Table.php exists, but does not declare MY_Table
DEBUG - 2016-07-18 07:03:00 --> Session class already loaded. Second attempt ignored.
DEBUG - 2016-07-18 07:03:01 --> Total execution time: 0.6130
DEBUG - 2016-07-18 07:03:01 --> UTF-8 Support Disabled
DEBUG - 2016-07-18 07:03:01 --> Global POST, GET and COOKIE data sanitized
DEBUG - 2016-07-18 07:03:01 --> cURL Class Initialized
DEBUG - 2016-07-18 07:03:01 --> OAuth2 class already loaded. Second attempt ignored.
DEBUG - 2016-07-18 07:03:01 --> C:\xampp\htdocs\bondora\application\libraries/MY_Table.php exists, but does not declare MY_Table
DEBUG - 2016-07-18 07:03:01 --> Session class already loaded. Second attempt ignored.
DEBUG - 2016-07-18 07:03:01 --> Total execution time: 0.2970
DEBUG - 2016-07-18 07:03:05 --> UTF-8 Support Disabled
DEBUG - 2016-07-18 07:03:05 --> Global POST, GET and COOKIE data sanitized
DEBUG - 2016-07-18 07:03:05 --> cURL Class Initialized
DEBUG - 2016-07-18 07:03:05 --> OAuth2 class already loaded. Second attempt ignored.
DEBUG - 2016-07-18 07:03:05 --> C:\xampp\htdocs\bondora\application\libraries/MY_Table.php exists, but does not declare MY_Table
DEBUG - 2016-07-18 07:03:05 --> Session class already loaded. Second attempt ignored.
DEBUG - 2016-07-18 07:03:06 --> Total execution time: 0.8580
DEBUG - 2016-07-18 07:03:06 --> UTF-8 Support Disabled
DEBUG - 2016-07-18 07:03:06 --> Global POST, GET and COOKIE data sanitized
DEBUG - 2016-07-18 07:03:06 --> cURL Class Initialized
DEBUG - 2016-07-18 07:03:06 --> OAuth2 class already loaded. Second attempt ignored.
DEBUG - 2016-07-18 07:03:06 --> C:\xampp\htdocs\bondora\application\libraries/MY_Table.php exists, but does not declare MY_Table
DEBUG - 2016-07-18 07:03:06 --> Session class already loaded. Second attempt ignored.
DEBUG - 2016-07-18 07:03:06 --> Total execution time: 0.4650
DEBUG - 2016-07-18 07:03:10 --> UTF-8 Support Disabled
DEBUG - 2016-07-18 07:03:10 --> Global POST, GET and COOKIE data sanitized
DEBUG - 2016-07-18 07:03:10 --> cURL Class Initialized
DEBUG - 2016-07-18 07:03:10 --> OAuth2 class already loaded. Second attempt ignored.
DEBUG - 2016-07-18 07:03:10 --> C:\xampp\htdocs\bondora\application\libraries/MY_Table.php exists, but does not declare MY_Table
DEBUG - 2016-07-18 07:03:10 --> Session class already loaded. Second attempt ignored.
DEBUG - 2016-07-18 07:03:11 --> Total execution time: 0.7923
DEBUG - 2016-07-18 07:03:11 --> UTF-8 Support Disabled
DEBUG - 2016-07-18 07:03:11 --> Global POST, GET and COOKIE data sanitized
DEBUG - 2016-07-18 07:03:11 --> cURL Class Initialized
DEBUG - 2016-07-18 07:03:11 --> OAuth2 class already loaded. Second attempt ignored.
DEBUG - 2016-07-18 07:03:11 --> C:\xampp\htdocs\bondora\application\libraries/MY_Table.php exists, but does not declare MY_Table
DEBUG - 2016-07-18 07:03:11 --> Session class already loaded. Second attempt ignored.
DEBUG - 2016-07-18 07:03:11 --> Total execution time: 0.3291
DEBUG - 2016-07-18 07:03:15 --> UTF-8 Support Disabled
DEBUG - 2016-07-18 07:03:15 --> Global POST, GET and COOKIE data sanitized
DEBUG - 2016-07-18 07:03:15 --> cURL Class Initialized
DEBUG - 2016-07-18 07:03:15 --> OAuth2 class already loaded. Second attempt ignored.
DEBUG - 2016-07-18 07:03:15 --> C:\xampp\htdocs\bondora\application\libraries/MY_Table.php exists, but does not declare MY_Table
DEBUG - 2016-07-18 07:03:15 --> Session class already loaded. Second attempt ignored.
DEBUG - 2016-07-18 07:03:15 --> Total execution time: 0.7253
DEBUG - 2016-07-18 07:03:15 --> UTF-8 Support Disabled
DEBUG - 2016-07-18 07:03:15 --> Global POST, GET and COOKIE data sanitized
DEBUG - 2016-07-18 07:03:15 --> cURL Class Initialized
DEBUG - 2016-07-18 07:03:15 --> OAuth2 class already loaded. Second attempt ignored.
DEBUG - 2016-07-18 07:03:15 --> C:\xampp\htdocs\bondora\application\libraries/MY_Table.php exists, but does not declare MY_Table
DEBUG - 2016-07-18 07:03:15 --> Session class already loaded. Second attempt ignored.
DEBUG - 2016-07-18 07:03:16 --> Total execution time: 0.4362
DEBUG - 2016-07-18 07:03:21 --> UTF-8 Support Disabled
DEBUG - 2016-07-18 07:03:21 --> Global POST, GET and COOKIE data sanitized
DEBUG - 2016-07-18 07:03:21 --> cURL Class Initialized
DEBUG - 2016-07-18 07:03:21 --> OAuth2 class already loaded. Second attempt ignored.
DEBUG - 2016-07-18 07:03:21 --> C:\xampp\htdocs\bondora\application\libraries/MY_Table.php exists, but does not declare MY_Table
DEBUG - 2016-07-18 07:03:21 --> Session class already loaded. Second attempt ignored.
DEBUG - 2016-07-18 07:03:21 --> Total execution time: 0.5802
DEBUG - 2016-07-18 07:03:21 --> UTF-8 Support Disabled
DEBUG - 2016-07-18 07:03:21 --> Global POST, GET and COOKIE data sanitized
DEBUG - 2016-07-18 07:03:22 --> cURL Class Initialized
DEBUG - 2016-07-18 07:03:22 --> OAuth2 class already loaded. Second attempt ignored.
DEBUG - 2016-07-18 07:03:22 --> C:\xampp\htdocs\bondora\application\libraries/MY_Table.php exists, but does not declare MY_Table
DEBUG - 2016-07-18 07:03:22 --> Session class already loaded. Second attempt ignored.
DEBUG - 2016-07-18 07:03:22 --> Total execution time: 0.3341
DEBUG - 2016-07-18 07:03:25 --> UTF-8 Support Disabled
DEBUG - 2016-07-18 07:03:25 --> Global POST, GET and COOKIE data sanitized
DEBUG - 2016-07-18 07:03:25 --> cURL Class Initialized
DEBUG - 2016-07-18 07:03:25 --> OAuth2 class already loaded. Second attempt ignored.
DEBUG - 2016-07-18 07:03:25 --> C:\xampp\htdocs\bondora\application\libraries/MY_Table.php exists, but does not declare MY_Table
DEBUG - 2016-07-18 07:03:25 --> Session class already loaded. Second attempt ignored.
DEBUG - 2016-07-18 07:03:26 --> Total execution time: 0.8003
DEBUG - 2016-07-18 07:03:26 --> UTF-8 Support Disabled
DEBUG - 2016-07-18 07:03:26 --> Global POST, GET and COOKIE data sanitized
DEBUG - 2016-07-18 07:03:26 --> cURL Class Initialized
DEBUG - 2016-07-18 07:03:26 --> OAuth2 class already loaded. Second attempt ignored.
DEBUG - 2016-07-18 07:03:26 --> C:\xampp\htdocs\bondora\application\libraries/MY_Table.php exists, but does not declare MY_Table
DEBUG - 2016-07-18 07:03:26 --> Session class already loaded. Second attempt ignored.
DEBUG - 2016-07-18 07:03:26 --> Total execution time: 0.3301
DEBUG - 2016-07-18 07:03:28 --> UTF-8 Support Disabled
DEBUG - 2016-07-18 07:03:28 --> Global POST, GET and COOKIE data sanitized
DEBUG - 2016-07-18 07:03:28 --> cURL Class Initialized
DEBUG - 2016-07-18 07:03:28 --> OAuth2 class already loaded. Second attempt ignored.
DEBUG - 2016-07-18 07:03:28 --> C:\xampp\htdocs\bondora\application\libraries/MY_Table.php exists, but does not declare MY_Table
DEBUG - 2016-07-18 07:03:28 --> Session class already loaded. Second attempt ignored.
DEBUG - 2016-07-18 07:03:29 --> Total execution time: 0.5632
DEBUG - 2016-07-18 07:03:29 --> UTF-8 Support Disabled
DEBUG - 2016-07-18 07:03:29 --> Global POST, GET and COOKIE data sanitized
DEBUG - 2016-07-18 07:03:29 --> cURL Class Initialized
DEBUG - 2016-07-18 07:03:29 --> OAuth2 class already loaded. Second attempt ignored.
DEBUG - 2016-07-18 07:03:29 --> C:\xampp\htdocs\bondora\application\libraries/MY_Table.php exists, but does not declare MY_Table
DEBUG - 2016-07-18 07:03:29 --> Session class already loaded. Second attempt ignored.
DEBUG - 2016-07-18 07:03:29 --> Total execution time: 0.3111
DEBUG - 2016-07-18 07:03:32 --> UTF-8 Support Disabled
DEBUG - 2016-07-18 07:03:32 --> Global POST, GET and COOKIE data sanitized
DEBUG - 2016-07-18 07:03:32 --> cURL Class Initialized
DEBUG - 2016-07-18 07:03:32 --> OAuth2 class already loaded. Second attempt ignored.
DEBUG - 2016-07-18 07:03:32 --> C:\xampp\htdocs\bondora\application\libraries/MY_Table.php exists, but does not declare MY_Table
DEBUG - 2016-07-18 07:03:32 --> Session class already loaded. Second attempt ignored.
DEBUG - 2016-07-18 07:03:33 --> Total execution time: 0.7193
DEBUG - 2016-07-18 07:03:33 --> UTF-8 Support Disabled
DEBUG - 2016-07-18 07:03:33 --> Global POST, GET and COOKIE data sanitized
DEBUG - 2016-07-18 07:03:33 --> cURL Class Initialized
DEBUG - 2016-07-18 07:03:33 --> OAuth2 class already loaded. Second attempt ignored.
DEBUG - 2016-07-18 07:03:33 --> C:\xampp\htdocs\bondora\application\libraries/MY_Table.php exists, but does not declare MY_Table
DEBUG - 2016-07-18 07:03:33 --> Session class already loaded. Second attempt ignored.
DEBUG - 2016-07-18 07:03:33 --> Total execution time: 0.4202
DEBUG - 2016-07-18 07:03:38 --> UTF-8 Support Disabled
DEBUG - 2016-07-18 07:03:38 --> Global POST, GET and COOKIE data sanitized
DEBUG - 2016-07-18 07:03:38 --> cURL Class Initialized
DEBUG - 2016-07-18 07:03:38 --> OAuth2 class already loaded. Second attempt ignored.
DEBUG - 2016-07-18 07:03:38 --> C:\xampp\htdocs\bondora\application\libraries/MY_Table.php exists, but does not declare MY_Table
DEBUG - 2016-07-18 07:03:38 --> Session class already loaded. Second attempt ignored.
DEBUG - 2016-07-18 07:03:39 --> Total execution time: 0.5882
DEBUG - 2016-07-18 07:03:39 --> UTF-8 Support Disabled
DEBUG - 2016-07-18 07:03:39 --> Global POST, GET and COOKIE data sanitized
DEBUG - 2016-07-18 07:03:39 --> cURL Class Initialized
DEBUG - 2016-07-18 07:03:39 --> OAuth2 class already loaded. Second attempt ignored.
DEBUG - 2016-07-18 07:03:39 --> C:\xampp\htdocs\bondora\application\libraries/MY_Table.php exists, but does not declare MY_Table
DEBUG - 2016-07-18 07:03:39 --> Session class already loaded. Second attempt ignored.
DEBUG - 2016-07-18 07:03:39 --> Total execution time: 0.3011
DEBUG - 2016-07-18 07:03:42 --> UTF-8 Support Disabled
DEBUG - 2016-07-18 07:03:42 --> Global POST, GET and COOKIE data sanitized
DEBUG - 2016-07-18 07:03:42 --> cURL Class Initialized
DEBUG - 2016-07-18 07:03:42 --> OAuth2 class already loaded. Second attempt ignored.
DEBUG - 2016-07-18 07:03:42 --> C:\xampp\htdocs\bondora\application\libraries/MY_Table.php exists, but does not declare MY_Table
DEBUG - 2016-07-18 07:03:42 --> Session class already loaded. Second attempt ignored.
DEBUG - 2016-07-18 07:03:43 --> Total execution time: 0.7363
DEBUG - 2016-07-18 07:03:43 --> UTF-8 Support Disabled
DEBUG - 2016-07-18 07:03:43 --> Global POST, GET and COOKIE data sanitized
DEBUG - 2016-07-18 07:03:43 --> cURL Class Initialized
DEBUG - 2016-07-18 07:03:43 --> OAuth2 class already loaded. Second attempt ignored.
DEBUG - 2016-07-18 07:03:43 --> C:\xampp\htdocs\bondora\application\libraries/MY_Table.php exists, but does not declare MY_Table
DEBUG - 2016-07-18 07:03:43 --> Session class already loaded. Second attempt ignored.
DEBUG - 2016-07-18 07:03:44 --> Total execution time: 0.4552
DEBUG - 2016-07-18 07:04:10 --> UTF-8 Support Disabled
DEBUG - 2016-07-18 07:04:10 --> Global POST, GET and COOKIE data sanitized
DEBUG - 2016-07-18 07:04:10 --> cURL Class Initialized
DEBUG - 2016-07-18 07:04:10 --> OAuth2 class already loaded. Second attempt ignored.
DEBUG - 2016-07-18 07:04:10 --> C:\xampp\htdocs\bondora\application\libraries/MY_Table.php exists, but does not declare MY_Table
DEBUG - 2016-07-18 07:04:10 --> Session class already loaded. Second attempt ignored.
DEBUG - 2016-07-18 07:04:10 --> SELECT *
FROM `select` `a`.*, `b`.`listedOnDate`, `b`.`xirr`, `b`.`secondaryId`, `b`.`desiredDiscountRate from bondora`.`investment_payload a LEFT JOIN bondora`.`secondary b ON a`.`loanPartId=b`.`loanPartId WHERE a`.`id=30830 and user="mehike" order by` `a`.`signedDate`, `a`.`auctionId`
DEBUG - 2016-07-18 07:04:10 --> SELECT *
FROM `select` `a`.*, `b`.`listedOnDate`, `b`.`xirr`, `b`.`secondaryId`, `b`.`desiredDiscountRate from bondora`.`investment_payload a LEFT JOIN bondora`.`secondary b ON a`.`loanPartId=b`.`loanPartId WHERE a`.`id=30824 and user="mehike" order by` `a`.`signedDate`, `a`.`auctionId`
DEBUG - 2016-07-18 07:04:10 --> SELECT *
FROM `select` `a`.*, `b`.`listedOnDate`, `b`.`xirr`, `b`.`secondaryId`, `b`.`desiredDiscountRate from bondora`.`investment_payload a LEFT JOIN bondora`.`secondary b ON a`.`loanPartId=b`.`loanPartId WHERE a`.`id=30829 and user="mehike" order by` `a`.`signedDate`, `a`.`auctionId`
DEBUG - 2016-07-18 07:04:10 --> SELECT *
FROM `select` `a`.*, `b`.`listedOnDate`, `b`.`xirr`, `b`.`secondaryId`, `b`.`desiredDiscountRate from bondora`.`investment_payload a LEFT JOIN bondora`.`secondary b ON a`.`loanPartId=b`.`loanPartId WHERE a`.`id=30831 and user="mehike" order by` `a`.`signedDate`, `a`.`auctionId`
DEBUG - 2016-07-18 07:04:10 --> SELECT *
FROM `select` `a`.*, `b`.`listedOnDate`, `b`.`xirr`, `b`.`secondaryId`, `b`.`desiredDiscountRate from bondora`.`investment_payload a LEFT JOIN bondora`.`secondary b ON a`.`loanPartId=b`.`loanPartId WHERE a`.`id=30811 and user="mehike" order by` `a`.`signedDate`, `a`.`auctionId`
DEBUG - 2016-07-18 07:04:10 --> SELECT *
FROM `select` `a`.*, `b`.`listedOnDate`, `b`.`xirr`, `b`.`secondaryId`, `b`.`desiredDiscountRate from bondora`.`investment_payload a LEFT JOIN bondora`.`secondary b ON a`.`loanPartId=b`.`loanPartId WHERE a`.`id=30816 and user="mehike" order by` `a`.`signedDate`, `a`.`auctionId`
DEBUG - 2016-07-18 07:04:10 --> SELECT *
FROM `select` `a`.*, `b`.`listedOnDate`, `b`.`xirr`, `b`.`secondaryId`, `b`.`desiredDiscountRate from bondora`.`investment_payload a LEFT JOIN bondora`.`secondary b ON a`.`loanPartId=b`.`loanPartId WHERE a`.`id=30818 and user="mehike" order by` `a`.`signedDate`, `a`.`auctionId`
DEBUG - 2016-07-18 07:04:10 --> SELECT *
FROM `select` `a`.*, `b`.`listedOnDate`, `b`.`xirr`, `b`.`secondaryId`, `b`.`desiredDiscountRate from bondora`.`investment_payload a LEFT JOIN bondora`.`secondary b ON a`.`loanPartId=b`.`loanPartId WHERE a`.`id=30823 and user="mehike" order by` `a`.`signedDate`, `a`.`auctionId`
DEBUG - 2016-07-18 07:04:10 --> SELECT *
FROM `select` `a`.*, `b`.`listedOnDate`, `b`.`xirr`, `b`.`secondaryId`, `b`.`desiredDiscountRate from bondora`.`investment_payload a LEFT JOIN bondora`.`secondary b ON a`.`loanPartId=b`.`loanPartId WHERE a`.`id=30826 and user="mehike" order by` `a`.`signedDate`, `a`.`auctionId`
DEBUG - 2016-07-18 07:04:10 --> SELECT *
FROM `select` `a`.*, `b`.`listedOnDate`, `b`.`xirr`, `b`.`secondaryId`, `b`.`desiredDiscountRate from bondora`.`investment_payload a LEFT JOIN bondora`.`secondary b ON a`.`loanPartId=b`.`loanPartId WHERE a`.`id=30827 and user="mehike" order by` `a`.`signedDate`, `a`.`auctionId`
DEBUG - 2016-07-18 07:04:10 --> SELECT *
FROM `select` `a`.*, `b`.`listedOnDate`, `b`.`xirr`, `b`.`secondaryId`, `b`.`desiredDiscountRate from bondora`.`investment_payload a LEFT JOIN bondora`.`secondary b ON a`.`loanPartId=b`.`loanPartId WHERE a`.`id=30828 and user="mehike" order by` `a`.`signedDate`, `a`.`auctionId`
DEBUG - 2016-07-18 07:04:10 --> SELECT *
FROM `select` `a`.*, `b`.`listedOnDate`, `b`.`xirr`, `b`.`secondaryId`, `b`.`desiredDiscountRate from bondora`.`investment_payload a LEFT JOIN bondora`.`secondary b ON a`.`loanPartId=b`.`loanPartId WHERE a`.`id=30834 and user="mehike" order by` `a`.`signedDate`, `a`.`auctionId`
DEBUG - 2016-07-18 07:04:10 --> SELECT *
FROM `select` `a`.*, `b`.`listedOnDate`, `b`.`xirr`, `b`.`secondaryId`, `b`.`desiredDiscountRate from bondora`.`investment_payload a LEFT JOIN bondora`.`secondary b ON a`.`loanPartId=b`.`loanPartId WHERE a`.`id=30835 and user="mehike" order by` `a`.`signedDate`, `a`.`auctionId`
DEBUG - 2016-07-18 07:04:10 --> SELECT *
FROM `select` `a`.*, `b`.`listedOnDate`, `b`.`xirr`, `b`.`secondaryId`, `b`.`desiredDiscountRate from bondora`.`investment_payload a LEFT JOIN bondora`.`secondary b ON a`.`loanPartId=b`.`loanPartId WHERE a`.`id=30842 and user="mehike" order by` `a`.`signedDate`, `a`.`auctionId`
DEBUG - 2016-07-18 07:04:11 --> Total execution time: 0.7773
DEBUG - 2016-07-18 07:04:11 --> UTF-8 Support Disabled
DEBUG - 2016-07-18 07:04:11 --> Global POST, GET and COOKIE data sanitized
ERROR - 2016-07-18 07:04:11 --> 404 Page Not Found: Investments/bootstrap
DEBUG - 2016-07-18 07:04:16 --> UTF-8 Support Disabled
DEBUG - 2016-07-18 07:04:16 --> Global POST, GET and COOKIE data sanitized
DEBUG - 2016-07-18 07:04:16 --> cURL Class Initialized
DEBUG - 2016-07-18 07:04:16 --> OAuth2 class already loaded. Second attempt ignored.
DEBUG - 2016-07-18 07:04:16 --> C:\xampp\htdocs\bondora\application\libraries/MY_Table.php exists, but does not declare MY_Table
DEBUG - 2016-07-18 07:04:16 --> Session class already loaded. Second attempt ignored.
DEBUG - 2016-07-18 07:04:16 --> SELECT *
FROM `select` `a`.*, `b`.`listedOnDate`, `b`.`xirr`, `b`.`secondaryId`, `b`.`desiredDiscountRate from bondora`.`investment_payload a LEFT JOIN bondora`.`secondary b ON a`.`loanPartId=b`.`loanPartId and a`.`user=b`.`user where a`.`user="mehike" order by` `a`.`signedDate`, `a`.`auctionId`
ERROR - 2016-07-18 07:04:16 --> Severity: Notice --> Undefined offset: 33 C:\xampp\htdocs\bondora\application\views\investments\index.php 880
ERROR - 2016-07-18 07:04:16 --> Severity: Notice --> Undefined offset: 33 C:\xampp\htdocs\bondora\application\views\investments\index.php 880
ERROR - 2016-07-18 07:04:16 --> Severity: Notice --> Undefined offset: 33 C:\xampp\htdocs\bondora\application\views\investments\index.php 880
ERROR - 2016-07-18 07:04:16 --> Severity: Notice --> Undefined offset: 33 C:\xampp\htdocs\bondora\application\views\investments\index.php 880
ERROR - 2016-07-18 07:04:16 --> Severity: Notice --> Undefined offset: 33 C:\xampp\htdocs\bondora\application\views\investments\index.php 880
ERROR - 2016-07-18 07:04:16 --> Severity: Notice --> Undefined offset: 31 C:\xampp\htdocs\bondora\application\views\investments\index.php 880
ERROR - 2016-07-18 07:04:16 --> Severity: Notice --> Undefined offset: 33 C:\xampp\htdocs\bondora\application\views\investments\index.php 880
ERROR - 2016-07-18 07:04:16 --> Severity: Notice --> Undefined offset: 33 C:\xampp\htdocs\bondora\application\views\investments\index.php 880
ERROR - 2016-07-18 07:04:16 --> Severity: Notice --> Undefined offset: 31 C:\xampp\htdocs\bondora\application\views\investments\index.php 880
ERROR - 2016-07-18 07:04:16 --> Severity: Notice --> Undefined offset: 30 C:\xampp\htdocs\bondora\application\views\investments\index.php 880
ERROR - 2016-07-18 07:04:16 --> Severity: Notice --> Undefined offset: 31 C:\xampp\htdocs\bondora\application\views\investments\index.php 880
ERROR - 2016-07-18 07:04:16 --> Severity: Notice --> Undefined offset: 31 C:\xampp\htdocs\bondora\application\views\investments\index.php 880
ERROR - 2016-07-18 07:04:16 --> Severity: Notice --> Undefined offset: 32 C:\xampp\htdocs\bondora\application\views\investments\index.php 880
ERROR - 2016-07-18 07:04:16 --> Severity: Notice --> Undefined offset: 33 C:\xampp\htdocs\bondora\application\views\investments\index.php 880
ERROR - 2016-07-18 07:04:16 --> Severity: Notice --> Undefined offset: 33 C:\xampp\htdocs\bondora\application\views\investments\index.php 880
ERROR - 2016-07-18 07:04:16 --> Severity: Notice --> Undefined offset: 33 C:\xampp\htdocs\bondora\application\views\investments\index.php 880
ERROR - 2016-07-18 07:04:16 --> Severity: Notice --> Undefined offset: 33 C:\xampp\htdocs\bondora\application\views\investments\index.php 880
ERROR - 2016-07-18 07:04:16 --> Severity: Notice --> Undefined offset: 41 C:\xampp\htdocs\bondora\application\views\investments\index.php 880
ERROR - 2016-07-18 07:04:16 --> Severity: Notice --> Undefined offset: 30 C:\xampp\htdocs\bondora\application\views\investments\index.php 880
ERROR - 2016-07-18 07:04:16 --> Severity: Notice --> Undefined offset: 31 C:\xampp\htdocs\bondora\application\views\investments\index.php 880
ERROR - 2016-07-18 07:04:16 --> Severity: Notice --> Undefined offset: 32 C:\xampp\htdocs\bondora\application\views\investments\index.php 880
ERROR - 2016-07-18 07:04:16 --> Severity: Notice --> Undefined offset: 33 C:\xampp\htdocs\bondora\application\views\investments\index.php 880
ERROR - 2016-07-18 07:04:16 --> Severity: Notice --> Undefined offset: 31 C:\xampp\htdocs\bondora\application\views\investments\index.php 880
DEBUG - 2016-07-18 07:04:16 --> Total execution time: 0.0940
DEBUG - 2016-07-18 07:04:16 --> UTF-8 Support Disabled
DEBUG - 2016-07-18 07:04:16 --> Global POST, GET and COOKIE data sanitized
ERROR - 2016-07-18 07:04:16 --> 404 Page Not Found: Investments/bootstrap
DEBUG - 2016-07-18 07:04:20 --> UTF-8 Support Disabled
DEBUG - 2016-07-18 07:04:20 --> Global POST, GET and COOKIE data sanitized
DEBUG - 2016-07-18 07:04:20 --> cURL Class Initialized
DEBUG - 2016-07-18 07:04:20 --> OAuth2 class already loaded. Second attempt ignored.
DEBUG - 2016-07-18 07:04:20 --> C:\xampp\htdocs\bondora\application\libraries/MY_Table.php exists, but does not declare MY_Table
DEBUG - 2016-07-18 07:04:20 --> Session class already loaded. Second attempt ignored.
DEBUG - 2016-07-18 07:04:21 --> SELECT *
FROM `select` `a`.*, `b`.`listedOnDate`, `b`.`xirr`, `b`.`secondaryId`, `b`.`desiredDiscountRate from bondora`.`investment_payload a LEFT JOIN bondora`.`secondary b ON a`.`loanPartId=b`.`loanPartId and a`.`user=b`.`user where a`.`user="mehike" order by` `a`.`signedDate`, `a`.`auctionId`
ERROR - 2016-07-18 07:04:21 --> Severity: Notice --> Undefined offset: 33 C:\xampp\htdocs\bondora\application\views\investments\index.php 880
ERROR - 2016-07-18 07:04:21 --> Severity: Notice --> Undefined offset: 33 C:\xampp\htdocs\bondora\application\views\investments\index.php 880
ERROR - 2016-07-18 07:04:21 --> Severity: Notice --> Undefined offset: 33 C:\xampp\htdocs\bondora\application\views\investments\index.php 880
ERROR - 2016-07-18 07:04:21 --> Severity: Notice --> Undefined offset: 33 C:\xampp\htdocs\bondora\application\views\investments\index.php 880
ERROR - 2016-07-18 07:04:21 --> Severity: Notice --> Undefined offset: 33 C:\xampp\htdocs\bondora\application\views\investments\index.php 880
ERROR - 2016-07-18 07:04:21 --> Severity: Notice --> Undefined offset: 31 C:\xampp\htdocs\bondora\application\views\investments\index.php 880
ERROR - 2016-07-18 07:04:21 --> Severity: Notice --> Undefined offset: 33 C:\xampp\htdocs\bondora\application\views\investments\index.php 880
ERROR - 2016-07-18 07:04:21 --> Severity: Notice --> Undefined offset: 33 C:\xampp\htdocs\bondora\application\views\investments\index.php 880
ERROR - 2016-07-18 07:04:21 --> Severity: Notice --> Undefined offset: 31 C:\xampp\htdocs\bondora\application\views\investments\index.php 880
ERROR - 2016-07-18 07:04:21 --> Severity: Notice --> Undefined offset: 31 C:\xampp\htdocs\bondora\application\views\investments\index.php 880
ERROR - 2016-07-18 07:04:21 --> Severity: Notice --> Undefined offset: 31 C:\xampp\htdocs\bondora\application\views\investments\index.php 880
ERROR - 2016-07-18 07:04:21 --> Severity: Notice --> Undefined offset: 32 C:\xampp\htdocs\bondora\application\views\investments\index.php 880
ERROR - 2016-07-18 07:04:21 --> Severity: Notice --> Undefined offset: 33 C:\xampp\htdocs\bondora\application\views\investments\index.php 880
ERROR - 2016-07-18 07:04:21 --> Severity: Notice --> Undefined offset: 33 C:\xampp\htdocs\bondora\application\views\investments\index.php 880
ERROR - 2016-07-18 07:04:21 --> Severity: Notice --> Undefined offset: 33 C:\xampp\htdocs\bondora\application\views\investments\index.php 880
ERROR - 2016-07-18 07:04:21 --> Severity: Notice --> Undefined offset: 33 C:\xampp\htdocs\bondora\application\views\investments\index.php 880
ERROR - 2016-07-18 07:04:21 --> Severity: Notice --> Undefined offset: 41 C:\xampp\htdocs\bondora\application\views\investments\index.php 880
ERROR - 2016-07-18 07:04:21 --> Severity: Notice --> Undefined offset: 31 C:\xampp\htdocs\bondora\application\views\investments\index.php 880
ERROR - 2016-07-18 07:04:21 --> Severity: Notice --> Undefined offset: 32 C:\xampp\htdocs\bondora\application\views\investments\index.php 880
ERROR - 2016-07-18 07:04:21 --> Severity: Notice --> Undefined offset: 33 C:\xampp\htdocs\bondora\application\views\investments\index.php 880
ERROR - 2016-07-18 07:04:21 --> Severity: Notice --> Undefined offset: 31 C:\xampp\htdocs\bondora\application\views\investments\index.php 880
DEBUG - 2016-07-18 07:04:21 --> Total execution time: 1.1355
DEBUG - 2016-07-18 07:04:21 --> UTF-8 Support Disabled
DEBUG - 2016-07-18 07:04:21 --> Global POST, GET and COOKIE data sanitized
ERROR - 2016-07-18 07:04:21 --> 404 Page Not Found: Investments/bootstrap
DEBUG - 2016-07-18 07:04:25 --> UTF-8 Support Disabled
DEBUG - 2016-07-18 07:04:25 --> Global POST, GET and COOKIE data sanitized
DEBUG - 2016-07-18 07:04:25 --> cURL Class Initialized
DEBUG - 2016-07-18 07:04:25 --> OAuth2 class already loaded. Second attempt ignored.
DEBUG - 2016-07-18 07:04:25 --> C:\xampp\htdocs\bondora\application\libraries/MY_Table.php exists, but does not declare MY_Table
DEBUG - 2016-07-18 07:04:25 --> Session class already loaded. Second attempt ignored.
DEBUG - 2016-07-18 07:04:25 --> Total execution time: 0.8423
DEBUG - 2016-07-18 07:04:25 --> UTF-8 Support Disabled
DEBUG - 2016-07-18 07:04:25 --> Global POST, GET and COOKIE data sanitized
DEBUG - 2016-07-18 07:04:25 --> cURL Class Initialized
DEBUG - 2016-07-18 07:04:25 --> OAuth2 class already loaded. Second attempt ignored.
DEBUG - 2016-07-18 07:04:25 --> C:\xampp\htdocs\bondora\application\libraries/MY_Table.php exists, but does not declare MY_Table
DEBUG - 2016-07-18 07:04:25 --> Session class already loaded. Second attempt ignored.
DEBUG - 2016-07-18 07:04:26 --> Total execution time: 0.5562
DEBUG - 2016-07-18 07:04:29 --> UTF-8 Support Disabled
DEBUG - 2016-07-18 07:04:29 --> Global POST, GET and COOKIE data sanitized
DEBUG - 2016-07-18 07:04:29 --> cURL Class Initialized
DEBUG - 2016-07-18 07:04:29 --> OAuth2 class already loaded. Second attempt ignored.
DEBUG - 2016-07-18 07:04:29 --> C:\xampp\htdocs\bondora\application\libraries/MY_Table.php exists, but does not declare MY_Table
DEBUG - 2016-07-18 07:04:29 --> Session class already loaded. Second attempt ignored.
DEBUG - 2016-07-18 07:04:30 --> Total execution time: 0.5612
DEBUG - 2016-07-18 07:04:30 --> UTF-8 Support Disabled
DEBUG - 2016-07-18 07:04:30 --> Global POST, GET and COOKIE data sanitized
DEBUG - 2016-07-18 07:04:30 --> cURL Class Initialized
DEBUG - 2016-07-18 07:04:30 --> OAuth2 class already loaded. Second attempt ignored.
DEBUG - 2016-07-18 07:04:30 --> C:\xampp\htdocs\bondora\application\libraries/MY_Table.php exists, but does not declare MY_Table
DEBUG - 2016-07-18 07:04:30 --> Session class already loaded. Second attempt ignored.
DEBUG - 2016-07-18 07:04:30 --> Total execution time: 0.2971
DEBUG - 2016-07-18 07:04:34 --> UTF-8 Support Disabled
DEBUG - 2016-07-18 07:04:34 --> Global POST, GET and COOKIE data sanitized
DEBUG - 2016-07-18 07:04:34 --> cURL Class Initialized
DEBUG - 2016-07-18 07:04:34 --> OAuth2 class already loaded. Second attempt ignored.
DEBUG - 2016-07-18 07:04:34 --> C:\xampp\htdocs\bondora\application\libraries/MY_Table.php exists, but does not declare MY_Table
DEBUG - 2016-07-18 07:04:34 --> Session class already loaded. Second attempt ignored.
DEBUG - 2016-07-18 07:04:34 --> Total execution time: 0.7923
DEBUG - 2016-07-18 07:04:34 --> UTF-8 Support Disabled
DEBUG - 2016-07-18 07:04:34 --> Global POST, GET and COOKIE data sanitized
DEBUG - 2016-07-18 07:04:34 --> cURL Class Initialized
DEBUG - 2016-07-18 07:04:34 --> OAuth2 class already loaded. Second attempt ignored.
DEBUG - 2016-07-18 07:04:34 --> C:\xampp\htdocs\bondora\application\libraries/MY_Table.php exists, but does not declare MY_Table
DEBUG - 2016-07-18 07:04:34 --> Session class already loaded. Second attempt ignored.
DEBUG - 2016-07-18 07:04:35 --> Total execution time: 0.4762
DEBUG - 2016-07-18 07:04:38 --> UTF-8 Support Disabled
DEBUG - 2016-07-18 07:04:38 --> Global POST, GET and COOKIE data sanitized
DEBUG - 2016-07-18 07:04:38 --> cURL Class Initialized
DEBUG - 2016-07-18 07:04:38 --> OAuth2 class already loaded. Second attempt ignored.
DEBUG - 2016-07-18 07:04:38 --> C:\xampp\htdocs\bondora\application\libraries/MY_Table.php exists, but does not declare MY_Table
DEBUG - 2016-07-18 07:04:38 --> Session class already loaded. Second attempt ignored.
DEBUG - 2016-07-18 07:04:39 --> Total execution time: 0.6313
DEBUG - 2016-07-18 07:04:39 --> UTF-8 Support Disabled
DEBUG - 2016-07-18 07:04:39 --> Global POST, GET and COOKIE data sanitized
DEBUG - 2016-07-18 07:04:39 --> cURL Class Initialized
DEBUG - 2016-07-18 07:04:39 --> OAuth2 class already loaded. Second attempt ignored.
DEBUG - 2016-07-18 07:04:39 --> C:\xampp\htdocs\bondora\application\libraries/MY_Table.php exists, but does not declare MY_Table
DEBUG - 2016-07-18 07:04:39 --> Session class already loaded. Second attempt ignored.
DEBUG - 2016-07-18 07:04:39 --> Total execution time: 0.3191
DEBUG - 2016-07-18 07:04:45 --> UTF-8 Support Disabled
DEBUG - 2016-07-18 07:04:45 --> Global POST, GET and COOKIE data sanitized
DEBUG - 2016-07-18 07:04:45 --> cURL Class Initialized
DEBUG - 2016-07-18 07:04:45 --> OAuth2 class already loaded. Second attempt ignored.
DEBUG - 2016-07-18 07:04:45 --> C:\xampp\htdocs\bondora\application\libraries/MY_Table.php exists, but does not declare MY_Table
DEBUG - 2016-07-18 07:04:45 --> Session class already loaded. Second attempt ignored.
DEBUG - 2016-07-18 07:04:45 --> Total execution time: 0.8583
DEBUG - 2016-07-18 07:04:45 --> UTF-8 Support Disabled
DEBUG - 2016-07-18 07:04:45 --> Global POST, GET and COOKIE data sanitized
DEBUG - 2016-07-18 07:04:45 --> cURL Class Initialized
DEBUG - 2016-07-18 07:04:45 --> OAuth2 class already loaded. Second attempt ignored.
DEBUG - 2016-07-18 07:04:45 --> C:\xampp\htdocs\bondora\application\libraries/MY_Table.php exists, but does not declare MY_Table
DEBUG - 2016-07-18 07:04:45 --> Session class already loaded. Second attempt ignored.
DEBUG - 2016-07-18 07:04:46 --> Total execution time: 0.4782
DEBUG - 2016-07-18 07:04:49 --> UTF-8 Support Disabled
DEBUG - 2016-07-18 07:04:49 --> Global POST, GET and COOKIE data sanitized
DEBUG - 2016-07-18 07:04:49 --> cURL Class Initialized
DEBUG - 2016-07-18 07:04:49 --> OAuth2 class already loaded. Second attempt ignored.
DEBUG - 2016-07-18 07:04:49 --> C:\xampp\htdocs\bondora\application\libraries/MY_Table.php exists, but does not declare MY_Table
DEBUG - 2016-07-18 07:04:49 --> Session class already loaded. Second attempt ignored.
DEBUG - 2016-07-18 07:04:49 --> Total execution time: 0.5902
DEBUG - 2016-07-18 07:04:49 --> UTF-8 Support Disabled
DEBUG - 2016-07-18 07:04:49 --> Global POST, GET and COOKIE data sanitized
DEBUG - 2016-07-18 07:04:49 --> cURL Class Initialized
DEBUG - 2016-07-18 07:04:49 --> OAuth2 class already loaded. Second attempt ignored.
DEBUG - 2016-07-18 07:04:49 --> C:\xampp\htdocs\bondora\application\libraries/MY_Table.php exists, but does not declare MY_Table
DEBUG - 2016-07-18 07:04:49 --> Session class already loaded. Second attempt ignored.
DEBUG - 2016-07-18 07:04:50 --> Total execution time: 0.3261
DEBUG - 2016-07-18 07:04:52 --> UTF-8 Support Disabled
DEBUG - 2016-07-18 07:04:52 --> Global POST, GET and COOKIE data sanitized
DEBUG - 2016-07-18 07:04:52 --> cURL Class Initialized
DEBUG - 2016-07-18 07:04:52 --> OAuth2 class already loaded. Second attempt ignored.
DEBUG - 2016-07-18 07:04:52 --> C:\xampp\htdocs\bondora\application\libraries/MY_Table.php exists, but does not declare MY_Table
DEBUG - 2016-07-18 07:04:52 --> Session class already loaded. Second attempt ignored.
DEBUG - 2016-07-18 07:04:53 --> Total execution time: 0.6843
DEBUG - 2016-07-18 07:04:53 --> UTF-8 Support Disabled
DEBUG - 2016-07-18 07:04:53 --> Global POST, GET and COOKIE data sanitized
DEBUG - 2016-07-18 07:04:53 --> cURL Class Initialized
DEBUG - 2016-07-18 07:04:53 --> OAuth2 class already loaded. Second attempt ignored.
DEBUG - 2016-07-18 07:04:53 --> C:\xampp\htdocs\bondora\application\libraries/MY_Table.php exists, but does not declare MY_Table
DEBUG - 2016-07-18 07:04:53 --> Session class already loaded. Second attempt ignored.
DEBUG - 2016-07-18 07:04:53 --> Total execution time: 0.4722
DEBUG - 2016-07-18 07:05:10 --> UTF-8 Support Disabled
DEBUG - 2016-07-18 07:05:10 --> Global POST, GET and COOKIE data sanitized
DEBUG - 2016-07-18 07:05:10 --> cURL Class Initialized
DEBUG - 2016-07-18 07:05:10 --> OAuth2 class already loaded. Second attempt ignored.
DEBUG - 2016-07-18 07:05:10 --> C:\xampp\htdocs\bondora\application\libraries/MY_Table.php exists, but does not declare MY_Table
DEBUG - 2016-07-18 07:05:10 --> Session class already loaded. Second attempt ignored.
DEBUG - 2016-07-18 07:05:10 --> SELECT *
FROM `select` `a`.*, `b`.`listedOnDate`, `b`.`xirr`, `b`.`secondaryId`, `b`.`desiredDiscountRate from bondora`.`investment_payload a LEFT JOIN bondora`.`secondary b ON a`.`loanPartId=b`.`loanPartId WHERE a`.`id=30852 and user="mehike" order by` `a`.`signedDate`, `a`.`auctionId`
DEBUG - 2016-07-18 07:05:10 --> SELECT *
FROM `select` `a`.*, `b`.`listedOnDate`, `b`.`xirr`, `b`.`secondaryId`, `b`.`desiredDiscountRate from bondora`.`investment_payload a LEFT JOIN bondora`.`secondary b ON a`.`loanPartId=b`.`loanPartId WHERE a`.`id=30856 and user="mehike" order by` `a`.`signedDate`, `a`.`auctionId`
DEBUG - 2016-07-18 07:05:10 --> SELECT *
FROM `select` `a`.*, `b`.`listedOnDate`, `b`.`xirr`, `b`.`secondaryId`, `b`.`desiredDiscountRate from bondora`.`investment_payload a LEFT JOIN bondora`.`secondary b ON a`.`loanPartId=b`.`loanPartId WHERE a`.`id=30858 and user="mehike" order by` `a`.`signedDate`, `a`.`auctionId`
DEBUG - 2016-07-18 07:05:10 --> SELECT *
FROM `select` `a`.*, `b`.`listedOnDate`, `b`.`xirr`, `b`.`secondaryId`, `b`.`desiredDiscountRate from bondora`.`investment_payload a LEFT JOIN bondora`.`secondary b ON a`.`loanPartId=b`.`loanPartId WHERE a`.`id=30859 and user="mehike" order by` `a`.`signedDate`, `a`.`auctionId`
DEBUG - 2016-07-18 07:05:10 --> SELECT *
FROM `select` `a`.*, `b`.`listedOnDate`, `b`.`xirr`, `b`.`secondaryId`, `b`.`desiredDiscountRate from bondora`.`investment_payload a LEFT JOIN bondora`.`secondary b ON a`.`loanPartId=b`.`loanPartId WHERE a`.`id=30875 and user="mehike" order by` `a`.`signedDate`, `a`.`auctionId`
DEBUG - 2016-07-18 07:05:10 --> SELECT *
FROM `select` `a`.*, `b`.`listedOnDate`, `b`.`xirr`, `b`.`secondaryId`, `b`.`desiredDiscountRate from bondora`.`investment_payload a LEFT JOIN bondora`.`secondary b ON a`.`loanPartId=b`.`loanPartId WHERE a`.`id=30878 and user="mehike" order by` `a`.`signedDate`, `a`.`auctionId`
DEBUG - 2016-07-18 07:05:11 --> SELECT *
FROM `select` `a`.*, `b`.`listedOnDate`, `b`.`xirr`, `b`.`secondaryId`, `b`.`desiredDiscountRate from bondora`.`investment_payload a LEFT JOIN bondora`.`secondary b ON a`.`loanPartId=b`.`loanPartId WHERE a`.`id=30880 and user="mehike" order by` `a`.`signedDate`, `a`.`auctionId`
DEBUG - 2016-07-18 07:05:11 --> Total execution time: 0.6623
DEBUG - 2016-07-18 07:05:11 --> UTF-8 Support Disabled
DEBUG - 2016-07-18 07:05:11 --> Global POST, GET and COOKIE data sanitized
ERROR - 2016-07-18 07:05:11 --> 404 Page Not Found: Investments/bootstrap
DEBUG - 2016-07-18 07:05:13 --> UTF-8 Support Disabled
DEBUG - 2016-07-18 07:05:13 --> Global POST, GET and COOKIE data sanitized
DEBUG - 2016-07-18 07:05:13 --> cURL Class Initialized
DEBUG - 2016-07-18 07:05:13 --> OAuth2 class already loaded. Second attempt ignored.
DEBUG - 2016-07-18 07:05:13 --> C:\xampp\htdocs\bondora\application\libraries/MY_Table.php exists, but does not declare MY_Table
DEBUG - 2016-07-18 07:05:13 --> Session class already loaded. Second attempt ignored.
DEBUG - 2016-07-18 07:05:13 --> SELECT *
FROM `select` `a`.*, `b`.`listedOnDate`, `b`.`xirr`, `b`.`secondaryId`, `b`.`desiredDiscountRate from bondora`.`investment_payload a LEFT JOIN bondora`.`secondary b ON a`.`loanPartId=b`.`loanPartId and a`.`user=b`.`user where a`.`user="mehike" order by` `a`.`signedDate`, `a`.`auctionId`
ERROR - 2016-07-18 07:05:13 --> Severity: Notice --> Undefined offset: 33 C:\xampp\htdocs\bondora\application\views\investments\index.php 880
ERROR - 2016-07-18 07:05:13 --> Severity: Notice --> Undefined offset: 33 C:\xampp\htdocs\bondora\application\views\investments\index.php 880
ERROR - 2016-07-18 07:05:13 --> Severity: Notice --> Undefined offset: 33 C:\xampp\htdocs\bondora\application\views\investments\index.php 880
ERROR - 2016-07-18 07:05:13 --> Severity: Notice --> Undefined offset: 33 C:\xampp\htdocs\bondora\application\views\investments\index.php 880
ERROR - 2016-07-18 07:05:13 --> Severity: Notice --> Undefined offset: 33 C:\xampp\htdocs\bondora\application\views\investments\index.php 880
ERROR - 2016-07-18 07:05:13 --> Severity: Notice --> Undefined offset: 31 C:\xampp\htdocs\bondora\application\views\investments\index.php 880
ERROR - 2016-07-18 07:05:13 --> Severity: Notice --> Undefined offset: 33 C:\xampp\htdocs\bondora\application\views\investments\index.php 880
ERROR - 2016-07-18 07:05:13 --> Severity: Notice --> Undefined offset: 33 C:\xampp\htdocs\bondora\application\views\investments\index.php 880
ERROR - 2016-07-18 07:05:13 --> Severity: Notice --> Undefined offset: 31 C:\xampp\htdocs\bondora\application\views\investments\index.php 880
ERROR - 2016-07-18 07:05:13 --> Severity: Notice --> Undefined offset: 30 C:\xampp\htdocs\bondora\application\views\investments\index.php 880
ERROR - 2016-07-18 07:05:13 --> Severity: Notice --> Undefined offset: 31 C:\xampp\htdocs\bondora\application\views\investments\index.php 880
ERROR - 2016-07-18 07:05:13 --> Severity: Notice --> Undefined offset: 31 C:\xampp\htdocs\bondora\application\views\investments\index.php 880
ERROR - 2016-07-18 07:05:13 --> Severity: Notice --> Undefined offset: 32 C:\xampp\htdocs\bondora\application\views\investments\index.php 880
ERROR - 2016-07-18 07:05:13 --> Severity: Notice --> Undefined offset: 33 C:\xampp\htdocs\bondora\application\views\investments\index.php 880
ERROR - 2016-07-18 07:05:13 --> Severity: Notice --> Undefined offset: 33 C:\xampp\htdocs\bondora\application\views\investments\index.php 880
ERROR - 2016-07-18 07:05:13 --> Severity: Notice --> Undefined offset: 33 C:\xampp\htdocs\bondora\application\views\investments\index.php 880
ERROR - 2016-07-18 07:05:13 --> Severity: Notice --> Undefined offset: 33 C:\xampp\htdocs\bondora\application\views\investments\index.php 880
ERROR - 2016-07-18 07:05:13 --> Severity: Notice --> Undefined offset: 41 C:\xampp\htdocs\bondora\application\views\investments\index.php 880
ERROR - 2016-07-18 07:05:13 --> Severity: Notice --> Undefined offset: 30 C:\xampp\htdocs\bondora\application\views\investments\index.php 880
ERROR - 2016-07-18 07:05:13 --> Severity: Notice --> Undefined offset: 31 C:\xampp\htdocs\bondora\application\views\investments\index.php 880
ERROR - 2016-07-18 07:05:13 --> Severity: Notice --> Undefined offset: 32 C:\xampp\htdocs\bondora\application\views\investments\index.php 880
ERROR - 2016-07-18 07:05:13 --> Severity: Notice --> Undefined offset: 33 C:\xampp\htdocs\bondora\application\views\investments\index.php 880
ERROR - 2016-07-18 07:05:13 --> Severity: Notice --> Undefined offset: 31 C:\xampp\htdocs\bondora\application\views\investments\index.php 880
DEBUG - 2016-07-18 07:05:13 --> Total execution time: 0.0970
DEBUG - 2016-07-18 07:05:13 --> UTF-8 Support Disabled
DEBUG - 2016-07-18 07:05:13 --> Global POST, GET and COOKIE data sanitized
ERROR - 2016-07-18 07:05:13 --> 404 Page Not Found: Investments/bootstrap
DEBUG - 2016-07-18 07:05:15 --> UTF-8 Support Disabled
DEBUG - 2016-07-18 07:05:15 --> Global POST, GET and COOKIE data sanitized
DEBUG - 2016-07-18 07:05:15 --> cURL Class Initialized
DEBUG - 2016-07-18 07:05:15 --> OAuth2 class already loaded. Second attempt ignored.
DEBUG - 2016-07-18 07:05:15 --> C:\xampp\htdocs\bondora\application\libraries/MY_Table.php exists, but does not declare MY_Table
DEBUG - 2016-07-18 07:05:15 --> Session class already loaded. Second attempt ignored.
DEBUG - 2016-07-18 07:05:15 --> Total execution time: 0.0660
DEBUG - 2016-07-18 07:05:15 --> UTF-8 Support Disabled
DEBUG - 2016-07-18 07:05:15 --> Global POST, GET and COOKIE data sanitized
ERROR - 2016-07-18 07:05:15 --> 404 Page Not Found: Secondary/bootstrap
DEBUG - 2016-07-18 07:05:17 --> UTF-8 Support Disabled
DEBUG - 2016-07-18 07:05:17 --> Global POST, GET and COOKIE data sanitized
DEBUG - 2016-07-18 07:05:17 --> cURL Class Initialized
DEBUG - 2016-07-18 07:05:17 --> OAuth2 class already loaded. Second attempt ignored.
DEBUG - 2016-07-18 07:05:17 --> C:\xampp\htdocs\bondora\application\libraries/MY_Table.php exists, but does not declare MY_Table
DEBUG - 2016-07-18 07:05:17 --> Session class already loaded. Second attempt ignored.
ERROR - 2016-07-18 07:05:17 --> Severity: Notice --> Trying to get property of non-object C:\xampp\htdocs\bondora\application\controllers\Secondary.php 602
ERROR - 2016-07-18 07:05:17 --> Severity: Notice --> Undefined index: all C:\xampp\htdocs\bondora\application\controllers\Secondary.php 605
DEBUG - 2016-07-18 07:05:17 --> UTF-8 Support Disabled
DEBUG - 2016-07-18 07:05:17 --> Global POST, GET and COOKIE data sanitized
DEBUG - 2016-07-18 07:05:17 --> cURL Class Initialized
DEBUG - 2016-07-18 07:05:17 --> OAuth2 class already loaded. Second attempt ignored.
DEBUG - 2016-07-18 07:05:17 --> C:\xampp\htdocs\bondora\application\libraries/MY_Table.php exists, but does not declare MY_Table
DEBUG - 2016-07-18 07:05:17 --> Session class already loaded. Second attempt ignored.
DEBUG - 2016-07-18 07:05:17 --> Total execution time: 0.1000
DEBUG - 2016-07-18 07:05:17 --> UTF-8 Support Disabled
DEBUG - 2016-07-18 07:05:17 --> Global POST, GET and COOKIE data sanitized
ERROR - 2016-07-18 07:05:17 --> 404 Page Not Found: Secondary/bootstrap
DEBUG - 2016-07-18 07:05:18 --> UTF-8 Support Disabled
DEBUG - 2016-07-18 07:05:18 --> Global POST, GET and COOKIE data sanitized
DEBUG - 2016-07-18 07:05:19 --> cURL Class Initialized
DEBUG - 2016-07-18 07:05:19 --> OAuth2 class already loaded. Second attempt ignored.
DEBUG - 2016-07-18 07:05:19 --> C:\xampp\htdocs\bondora\application\libraries/MY_Table.php exists, but does not declare MY_Table
DEBUG - 2016-07-18 07:05:19 --> Session class already loaded. Second attempt ignored.
DEBUG - 2016-07-18 07:05:19 --> SELECT *
FROM `select` `a`.*, `b`.`listedOnDate`, `b`.`xirr`, `b`.`secondaryId`, `b`.`desiredDiscountRate from bondora`.`investment_payload a LEFT JOIN bondora`.`secondary b ON a`.`loanPartId=b`.`loanPartId and a`.`user=b`.`user where a`.`user="mehike" order by` `a`.`signedDate`, `a`.`auctionId`
ERROR - 2016-07-18 07:05:19 --> Severity: Notice --> Undefined offset: 33 C:\xampp\htdocs\bondora\application\views\investments\index.php 880
ERROR - 2016-07-18 07:05:19 --> Severity: Notice --> Undefined offset: 33 C:\xampp\htdocs\bondora\application\views\investments\index.php 880
ERROR - 2016-07-18 07:05:19 --> Severity: Notice --> Undefined offset: 33 C:\xampp\htdocs\bondora\application\views\investments\index.php 880
ERROR - 2016-07-18 07:05:19 --> Severity: Notice --> Undefined offset: 33 C:\xampp\htdocs\bondora\application\views\investments\index.php 880
ERROR - 2016-07-18 07:05:19 --> Severity: Notice --> Undefined offset: 33 C:\xampp\htdocs\bondora\application\views\investments\index.php 880
ERROR - 2016-07-18 07:05:19 --> Severity: Notice --> Undefined offset: 31 C:\xampp\htdocs\bondora\application\views\investments\index.php 880
ERROR - 2016-07-18 07:05:19 --> Severity: Notice --> Undefined offset: 33 C:\xampp\htdocs\bondora\application\views\investments\index.php 880
ERROR - 2016-07-18 07:05:19 --> Severity: Notice --> Undefined offset: 33 C:\xampp\htdocs\bondora\application\views\investments\index.php 880
ERROR - 2016-07-18 07:05:19 --> Severity: Notice --> Undefined offset: 31 C:\xampp\htdocs\bondora\application\views\investments\index.php 880
ERROR - 2016-07-18 07:05:19 --> Severity: Notice --> Undefined offset: 30 C:\xampp\htdocs\bondora\application\views\investments\index.php 880
ERROR - 2016-07-18 07:05:19 --> Severity: Notice --> Undefined offset: 31 C:\xampp\htdocs\bondora\application\views\investments\index.php 880
ERROR - 2016-07-18 07:05:19 --> Severity: Notice --> Undefined offset: 31 C:\xampp\htdocs\bondora\application\views\investments\index.php 880
ERROR - 2016-07-18 07:05:19 --> Severity: Notice --> Undefined offset: 32 C:\xampp\htdocs\bondora\application\views\investments\index.php 880
ERROR - 2016-07-18 07:05:19 --> Severity: Notice --> Undefined offset: 33 C:\xampp\htdocs\bondora\application\views\investments\index.php 880
ERROR - 2016-07-18 07:05:19 --> Severity: Notice --> Undefined offset: 33 C:\xampp\htdocs\bondora\application\views\investments\index.php 880
ERROR - 2016-07-18 07:05:19 --> Severity: Notice --> Undefined offset: 33 C:\xampp\htdocs\bondora\application\views\investments\index.php 880
ERROR - 2016-07-18 07:05:19 --> Severity: Notice --> Undefined offset: 33 C:\xampp\htdocs\bondora\application\views\investments\index.php 880
ERROR - 2016-07-18 07:05:19 --> Severity: Notice --> Undefined offset: 41 C:\xampp\htdocs\bondora\application\views\investments\index.php 880
ERROR - 2016-07-18 07:05:19 --> Severity: Notice --> Undefined offset: 30 C:\xampp\htdocs\bondora\application\views\investments\index.php 880
ERROR - 2016-07-18 07:05:19 --> Severity: Notice --> Undefined offset: 31 C:\xampp\htdocs\bondora\application\views\investments\index.php 880
ERROR - 2016-07-18 07:05:19 --> Severity: Notice --> Undefined offset: 32 C:\xampp\htdocs\bondora\application\views\investments\index.php 880
ERROR - 2016-07-18 07:05:19 --> Severity: Notice --> Undefined offset: 33 C:\xampp\htdocs\bondora\application\views\investments\index.php 880
ERROR - 2016-07-18 07:05:19 --> Severity: Notice --> Undefined offset: 31 C:\xampp\htdocs\bondora\application\views\investments\index.php 880
DEBUG - 2016-07-18 07:05:19 --> Total execution time: 0.1050
DEBUG - 2016-07-18 07:05:19 --> UTF-8 Support Disabled
DEBUG - 2016-07-18 07:05:19 --> Global POST, GET and COOKIE data sanitized
ERROR - 2016-07-18 07:05:19 --> 404 Page Not Found: Investments/bootstrap
DEBUG - 2016-07-18 07:05:20 --> UTF-8 Support Disabled
DEBUG - 2016-07-18 07:05:20 --> Global POST, GET and COOKIE data sanitized
DEBUG - 2016-07-18 07:05:20 --> cURL Class Initialized
DEBUG - 2016-07-18 07:05:20 --> OAuth2 class already loaded. Second attempt ignored.
DEBUG - 2016-07-18 07:05:20 --> C:\xampp\htdocs\bondora\application\libraries/MY_Table.php exists, but does not declare MY_Table
DEBUG - 2016-07-18 07:05:20 --> Session class already loaded. Second attempt ignored.
DEBUG - 2016-07-18 07:05:21 --> SELECT *
FROM `select` `a`.*, `b`.`listedOnDate`, `b`.`xirr`, `b`.`secondaryId`, `b`.`desiredDiscountRate from bondora`.`investment_payload a LEFT JOIN bondora`.`secondary b ON a`.`loanPartId=b`.`loanPartId and a`.`user=b`.`user where a`.`user="mehike" order by` `a`.`signedDate`, `a`.`auctionId`
ERROR - 2016-07-18 07:05:21 --> Severity: Notice --> Undefined offset: 33 C:\xampp\htdocs\bondora\application\views\investments\index.php 880
ERROR - 2016-07-18 07:05:21 --> Severity: Notice --> Undefined offset: 33 C:\xampp\htdocs\bondora\application\views\investments\index.php 880
ERROR - 2016-07-18 07:05:21 --> Severity: Notice --> Undefined offset: 33 C:\xampp\htdocs\bondora\application\views\investments\index.php 880
ERROR - 2016-07-18 07:05:21 --> Severity: Notice --> Undefined offset: 33 C:\xampp\htdocs\bondora\application\views\investments\index.php 880
ERROR - 2016-07-18 07:05:21 --> Severity: Notice --> Undefined offset: 33 C:\xampp\htdocs\bondora\application\views\investments\index.php 880
ERROR - 2016-07-18 07:05:21 --> Severity: Notice --> Undefined offset: 31 C:\xampp\htdocs\bondora\application\views\investments\index.php 880
ERROR - 2016-07-18 07:05:21 --> Severity: Notice --> Undefined offset: 33 C:\xampp\htdocs\bondora\application\views\investments\index.php 880
ERROR - 2016-07-18 07:05:21 --> Severity: Notice --> Undefined offset: 33 C:\xampp\htdocs\bondora\application\views\investments\index.php 880
ERROR - 2016-07-18 07:05:21 --> Severity: Notice --> Undefined offset: 31 C:\xampp\htdocs\bondora\application\views\investments\index.php 880
ERROR - 2016-07-18 07:05:21 --> Severity: Notice --> Undefined offset: 31 C:\xampp\htdocs\bondora\application\views\investments\index.php 880
ERROR - 2016-07-18 07:05:21 --> Severity: Notice --> Undefined offset: 31 C:\xampp\htdocs\bondora\application\views\investments\index.php 880
ERROR - 2016-07-18 07:05:21 --> Severity: Notice --> Undefined offset: 32 C:\xampp\htdocs\bondora\application\views\investments\index.php 880
ERROR - 2016-07-18 07:05:21 --> Severity: Notice --> Undefined offset: 33 C:\xampp\htdocs\bondora\application\views\investments\index.php 880
ERROR - 2016-07-18 07:05:21 --> Severity: Notice --> Undefined offset: 33 C:\xampp\htdocs\bondora\application\views\investments\index.php 880
ERROR - 2016-07-18 07:05:21 --> Severity: Notice --> Undefined offset: 33 C:\xampp\htdocs\bondora\application\views\investments\index.php 880
ERROR - 2016-07-18 07:05:21 --> Severity: Notice --> Undefined offset: 33 C:\xampp\htdocs\bondora\application\views\investments\index.php 880
ERROR - 2016-07-18 07:05:21 --> Severity: Notice --> Undefined offset: 41 C:\xampp\htdocs\bondora\application\views\investments\index.php 880
ERROR - 2016-07-18 07:05:21 --> Severity: Notice --> Undefined offset: 31 C:\xampp\htdocs\bondora\application\views\investments\index.php 880
ERROR - 2016-07-18 07:05:21 --> Severity: Notice --> Undefined offset: 32 C:\xampp\htdocs\bondora\application\views\investments\index.php 880
ERROR - 2016-07-18 07:05:21 --> Severity: Notice --> Undefined offset: 33 C:\xampp\htdocs\bondora\application\views\investments\index.php 880
ERROR - 2016-07-18 07:05:21 --> Severity: Notice --> Undefined offset: 31 C:\xampp\htdocs\bondora\application\views\investments\index.php 880
DEBUG - 2016-07-18 07:05:21 --> Total execution time: 1.0724
DEBUG - 2016-07-18 07:05:21 --> UTF-8 Support Disabled
DEBUG - 2016-07-18 07:05:21 --> Global POST, GET and COOKIE data sanitized
ERROR - 2016-07-18 07:05:21 --> 404 Page Not Found: Investments/bootstrap
