DEBUG - 2016-08-28 07:10:16 --> UTF-8 Support Disabled
DEBUG - 2016-08-28 07:10:16 --> Global POST, GET and COOKIE data sanitized
DEBUG - 2016-08-28 07:10:16 --> cURL Class Initialized
DEBUG - 2016-08-28 07:10:16 --> OAuth2 class already loaded. Second attempt ignored.
DEBUG - 2016-08-28 07:10:17 --> C:\xampp\htdocs\bondora\application\libraries/MY_Table.php exists, but does not declare MY_Table
DEBUG - 2016-08-28 07:10:17 --> Session class already loaded. Second attempt ignored.
DEBUG - 2016-08-28 07:10:17 --> UTF-8 Support Disabled
DEBUG - 2016-08-28 07:10:17 --> Global POST, GET and COOKIE data sanitized
DEBUG - 2016-08-28 07:10:17 --> cURL Class Initialized
DEBUG - 2016-08-28 07:10:17 --> OAuth2 class already loaded. Second attempt ignored.
DEBUG - 2016-08-28 07:10:17 --> Session class already loaded. Second attempt ignored.
DEBUG - 2016-08-28 07:10:17 --> Total execution time: 0.0780
DEBUG - 2016-08-28 07:10:23 --> UTF-8 Support Disabled
DEBUG - 2016-08-28 07:10:23 --> Global POST, GET and COOKIE data sanitized
DEBUG - 2016-08-28 07:10:23 --> cURL Class Initialized
DEBUG - 2016-08-28 07:10:23 --> OAuth2 class already loaded. Second attempt ignored.
DEBUG - 2016-08-28 07:10:23 --> Session class already loaded. Second attempt ignored.
DEBUG - 2016-08-28 07:10:23 --> UTF-8 Support Disabled
DEBUG - 2016-08-28 07:10:23 --> Global POST, GET and COOKIE data sanitized
DEBUG - 2016-08-28 07:10:23 --> cURL Class Initialized
DEBUG - 2016-08-28 07:10:23 --> OAuth2 class already loaded. Second attempt ignored.
DEBUG - 2016-08-28 07:10:23 --> C:\xampp\htdocs\bondora\application\libraries/MY_Table.php exists, but does not declare MY_Table
DEBUG - 2016-08-28 07:10:23 --> Session class already loaded. Second attempt ignored.
DEBUG - 2016-08-28 07:10:23 --> SELECT *
FROM `select` `a`.*, `b`.`statusCode from auction_payload a LEFT JOIN bid_payload b ON a`.`auctionId=b`.`auctionId and a`.`user=b`.`userName where` `user="mehike"`
DEBUG - 2016-08-28 07:10:23 --> Total execution time: 0.1640
DEBUG - 2016-08-28 07:10:23 --> UTF-8 Support Disabled
DEBUG - 2016-08-28 07:10:23 --> Global POST, GET and COOKIE data sanitized
ERROR - 2016-08-28 07:10:23 --> 404 Page Not Found: Auctions/bootstrap
DEBUG - 2016-08-28 07:10:27 --> UTF-8 Support Disabled
DEBUG - 2016-08-28 07:10:27 --> Global POST, GET and COOKIE data sanitized
DEBUG - 2016-08-28 07:10:27 --> cURL Class Initialized
DEBUG - 2016-08-28 07:10:27 --> OAuth2 class already loaded. Second attempt ignored.
DEBUG - 2016-08-28 07:10:27 --> C:\xampp\htdocs\bondora\application\libraries/MY_Table.php exists, but does not declare MY_Table
DEBUG - 2016-08-28 07:10:27 --> Session class already loaded. Second attempt ignored.
DEBUG - 2016-08-28 07:10:27 --> SELECT *
FROM `select` `a`.*, `b`.`listedOnDate`, `b`.`xirr`, `b`.`secondaryId`, `b`.`desiredDiscountRate from bondora`.`investment_payload a LEFT JOIN bondora`.`secondary b ON a`.`loanPartId=b`.`loanPartId and a`.`user=b`.`user where a`.`user="mehike" order by` `a`.`signedDate`, `a`.`auctionId`
ERROR - 2016-08-28 07:10:27 --> Severity: Notice --> Undefined offset: 33 C:\xampp\htdocs\bondora\application\views\investments\index.php 880
ERROR - 2016-08-28 07:10:27 --> Severity: Notice --> Undefined offset: 33 C:\xampp\htdocs\bondora\application\views\investments\index.php 880
ERROR - 2016-08-28 07:10:27 --> Severity: Notice --> Undefined offset: 35 C:\xampp\htdocs\bondora\application\views\investments\index.php 880
ERROR - 2016-08-28 07:10:27 --> Severity: Notice --> Undefined offset: 32 C:\xampp\htdocs\bondora\application\views\investments\index.php 880
ERROR - 2016-08-28 07:10:27 --> Severity: Notice --> Undefined offset: 35 C:\xampp\htdocs\bondora\application\views\investments\index.php 880
ERROR - 2016-08-28 07:10:27 --> Severity: Notice --> Undefined offset: 30 C:\xampp\htdocs\bondora\application\views\investments\index.php 880
ERROR - 2016-08-28 07:10:27 --> Severity: Notice --> Undefined offset: 33 C:\xampp\htdocs\bondora\application\views\investments\index.php 880
ERROR - 2016-08-28 07:10:27 --> Severity: Notice --> Undefined offset: 35 C:\xampp\htdocs\bondora\application\views\investments\index.php 880
ERROR - 2016-08-28 07:10:27 --> Severity: Notice --> Undefined offset: 35 C:\xampp\htdocs\bondora\application\views\investments\index.php 880
ERROR - 2016-08-28 07:10:27 --> Severity: Notice --> Undefined offset: 35 C:\xampp\htdocs\bondora\application\views\investments\index.php 880
ERROR - 2016-08-28 07:10:27 --> Severity: Notice --> Undefined offset: 33 C:\xampp\htdocs\bondora\application\views\investments\index.php 880
ERROR - 2016-08-28 07:10:27 --> Severity: Notice --> Undefined offset: 33 C:\xampp\htdocs\bondora\application\views\investments\index.php 880
ERROR - 2016-08-28 07:10:27 --> Severity: Notice --> Undefined offset: 41 C:\xampp\htdocs\bondora\application\views\investments\index.php 880
ERROR - 2016-08-28 07:10:27 --> Severity: Notice --> Undefined offset: 30 C:\xampp\htdocs\bondora\application\views\investments\index.php 880
ERROR - 2016-08-28 07:10:27 --> Severity: Notice --> Undefined offset: 31 C:\xampp\htdocs\bondora\application\views\investments\index.php 880
ERROR - 2016-08-28 07:10:27 --> Severity: Notice --> Undefined offset: 33 C:\xampp\htdocs\bondora\application\views\investments\index.php 880
ERROR - 2016-08-28 07:10:27 --> Severity: Notice --> Undefined offset: 33 C:\xampp\htdocs\bondora\application\views\investments\index.php 880
ERROR - 2016-08-28 07:10:27 --> Severity: Notice --> Undefined offset: 33 C:\xampp\htdocs\bondora\application\views\investments\index.php 880
DEBUG - 2016-08-28 07:10:27 --> Total execution time: 0.1360
DEBUG - 2016-08-28 07:10:27 --> UTF-8 Support Disabled
DEBUG - 2016-08-28 07:10:27 --> Global POST, GET and COOKIE data sanitized
ERROR - 2016-08-28 07:10:27 --> 404 Page Not Found: Investments/bootstrap
DEBUG - 2016-08-28 07:10:32 --> UTF-8 Support Disabled
DEBUG - 2016-08-28 07:10:32 --> Global POST, GET and COOKIE data sanitized
DEBUG - 2016-08-28 07:10:32 --> cURL Class Initialized
DEBUG - 2016-08-28 07:10:32 --> OAuth2 class already loaded. Second attempt ignored.
DEBUG - 2016-08-28 07:10:32 --> C:\xampp\htdocs\bondora\application\libraries/MY_Table.php exists, but does not declare MY_Table
DEBUG - 2016-08-28 07:10:32 --> Session class already loaded. Second attempt ignored.
DEBUG - 2016-08-28 07:10:34 --> UTF-8 Support Disabled
DEBUG - 2016-08-28 07:10:34 --> Global POST, GET and COOKIE data sanitized
DEBUG - 2016-08-28 07:10:34 --> cURL Class Initialized
DEBUG - 2016-08-28 07:10:34 --> OAuth2 class already loaded. Second attempt ignored.
DEBUG - 2016-08-28 07:10:39 --> UTF-8 Support Disabled
DEBUG - 2016-08-28 07:10:39 --> Global POST, GET and COOKIE data sanitized
DEBUG - 2016-08-28 07:10:39 --> cURL Class Initialized
DEBUG - 2016-08-28 07:10:39 --> OAuth2 class already loaded. Second attempt ignored.
DEBUG - 2016-08-28 07:10:42 --> UTF-8 Support Disabled
DEBUG - 2016-08-28 07:10:42 --> Global POST, GET and COOKIE data sanitized
DEBUG - 2016-08-28 07:10:42 --> cURL Class Initialized
DEBUG - 2016-08-28 07:10:42 --> OAuth2 class already loaded. Second attempt ignored.
DEBUG - 2016-08-28 07:10:42 --> C:\xampp\htdocs\bondora\application\libraries/MY_Table.php exists, but does not declare MY_Table
DEBUG - 2016-08-28 07:10:42 --> Session class already loaded. Second attempt ignored.
DEBUG - 2016-08-28 07:10:42 --> SELECT *
FROM `select` `a`.*, `b`.`listedOnDate`, `b`.`xirr`, `b`.`secondaryId`, `b`.`desiredDiscountRate from bondora`.`investment_payload a LEFT JOIN bondora`.`secondary b ON a`.`loanPartId=b`.`loanPartId and a`.`user=b`.`user where a`.`user="mehike" order by` `a`.`signedDate`, `a`.`auctionId`
ERROR - 2016-08-28 07:10:42 --> Severity: Notice --> Undefined offset: 33 C:\xampp\htdocs\bondora\application\views\investments\index.php 880
ERROR - 2016-08-28 07:10:42 --> Severity: Notice --> Undefined offset: 33 C:\xampp\htdocs\bondora\application\views\investments\index.php 880
ERROR - 2016-08-28 07:10:42 --> Severity: Notice --> Undefined offset: 35 C:\xampp\htdocs\bondora\application\views\investments\index.php 880
ERROR - 2016-08-28 07:10:42 --> Severity: Notice --> Undefined offset: 32 C:\xampp\htdocs\bondora\application\views\investments\index.php 880
ERROR - 2016-08-28 07:10:42 --> Severity: Notice --> Undefined offset: 35 C:\xampp\htdocs\bondora\application\views\investments\index.php 880
ERROR - 2016-08-28 07:10:42 --> Severity: Notice --> Undefined offset: 30 C:\xampp\htdocs\bondora\application\views\investments\index.php 880
ERROR - 2016-08-28 07:10:42 --> Severity: Notice --> Undefined offset: 33 C:\xampp\htdocs\bondora\application\views\investments\index.php 880
ERROR - 2016-08-28 07:10:42 --> Severity: Notice --> Undefined offset: 35 C:\xampp\htdocs\bondora\application\views\investments\index.php 880
ERROR - 2016-08-28 07:10:42 --> Severity: Notice --> Undefined offset: 35 C:\xampp\htdocs\bondora\application\views\investments\index.php 880
ERROR - 2016-08-28 07:10:42 --> Severity: Notice --> Undefined offset: 35 C:\xampp\htdocs\bondora\application\views\investments\index.php 880
ERROR - 2016-08-28 07:10:42 --> Severity: Notice --> Undefined offset: 33 C:\xampp\htdocs\bondora\application\views\investments\index.php 880
ERROR - 2016-08-28 07:10:42 --> Severity: Notice --> Undefined offset: 33 C:\xampp\htdocs\bondora\application\views\investments\index.php 880
ERROR - 2016-08-28 07:10:42 --> Severity: Notice --> Undefined offset: 41 C:\xampp\htdocs\bondora\application\views\investments\index.php 880
ERROR - 2016-08-28 07:10:42 --> Severity: Notice --> Undefined offset: 30 C:\xampp\htdocs\bondora\application\views\investments\index.php 880
ERROR - 2016-08-28 07:10:42 --> Severity: Notice --> Undefined offset: 31 C:\xampp\htdocs\bondora\application\views\investments\index.php 880
ERROR - 2016-08-28 07:10:42 --> Severity: Notice --> Undefined offset: 33 C:\xampp\htdocs\bondora\application\views\investments\index.php 880
ERROR - 2016-08-28 07:10:42 --> Severity: Notice --> Undefined offset: 33 C:\xampp\htdocs\bondora\application\views\investments\index.php 880
ERROR - 2016-08-28 07:10:42 --> Severity: Notice --> Undefined offset: 33 C:\xampp\htdocs\bondora\application\views\investments\index.php 880
DEBUG - 2016-08-28 07:10:42 --> Total execution time: 0.5990
DEBUG - 2016-08-28 07:10:42 --> UTF-8 Support Disabled
DEBUG - 2016-08-28 07:10:42 --> Global POST, GET and COOKIE data sanitized
ERROR - 2016-08-28 07:10:42 --> 404 Page Not Found: Investments/bootstrap
DEBUG - 2016-08-28 07:10:48 --> UTF-8 Support Disabled
DEBUG - 2016-08-28 07:10:48 --> Global POST, GET and COOKIE data sanitized
DEBUG - 2016-08-28 07:10:48 --> cURL Class Initialized
DEBUG - 2016-08-28 07:10:48 --> OAuth2 class already loaded. Second attempt ignored.
DEBUG - 2016-08-28 07:10:48 --> C:\xampp\htdocs\bondora\application\libraries/MY_Table.php exists, but does not declare MY_Table
DEBUG - 2016-08-28 07:10:48 --> Session class already loaded. Second attempt ignored.
DEBUG - 2016-08-28 07:10:50 --> SELECT *
FROM `select` `a`.*, `b`.`listedOnDate`, `b`.`xirr`, `b`.`secondaryId`, `b`.`desiredDiscountRate from bondora`.`investment_payload a LEFT JOIN bondora`.`secondary b ON a`.`loanPartId=b`.`loanPartId and a`.`user=b`.`user where a`.`user="mehike" order by` `a`.`signedDate`, `a`.`auctionId`
ERROR - 2016-08-28 07:10:50 --> Severity: Notice --> Undefined offset: 33 C:\xampp\htdocs\bondora\application\views\investments\index.php 880
ERROR - 2016-08-28 07:10:50 --> Severity: Notice --> Undefined offset: 33 C:\xampp\htdocs\bondora\application\views\investments\index.php 880
ERROR - 2016-08-28 07:10:50 --> Severity: Notice --> Undefined offset: 35 C:\xampp\htdocs\bondora\application\views\investments\index.php 880
ERROR - 2016-08-28 07:10:50 --> Severity: Notice --> Undefined offset: 32 C:\xampp\htdocs\bondora\application\views\investments\index.php 880
ERROR - 2016-08-28 07:10:50 --> Severity: Notice --> Undefined offset: 35 C:\xampp\htdocs\bondora\application\views\investments\index.php 880
ERROR - 2016-08-28 07:10:50 --> Severity: Notice --> Undefined offset: 33 C:\xampp\htdocs\bondora\application\views\investments\index.php 880
ERROR - 2016-08-28 07:10:50 --> Severity: Notice --> Undefined offset: 35 C:\xampp\htdocs\bondora\application\views\investments\index.php 880
ERROR - 2016-08-28 07:10:50 --> Severity: Notice --> Undefined offset: 35 C:\xampp\htdocs\bondora\application\views\investments\index.php 880
ERROR - 2016-08-28 07:10:50 --> Severity: Notice --> Undefined offset: 35 C:\xampp\htdocs\bondora\application\views\investments\index.php 880
ERROR - 2016-08-28 07:10:50 --> Severity: Notice --> Undefined offset: 33 C:\xampp\htdocs\bondora\application\views\investments\index.php 880
ERROR - 2016-08-28 07:10:50 --> Severity: Notice --> Undefined offset: 33 C:\xampp\htdocs\bondora\application\views\investments\index.php 880
ERROR - 2016-08-28 07:10:50 --> Severity: Notice --> Undefined offset: 41 C:\xampp\htdocs\bondora\application\views\investments\index.php 880
ERROR - 2016-08-28 07:10:50 --> Severity: Notice --> Undefined offset: 31 C:\xampp\htdocs\bondora\application\views\investments\index.php 880
ERROR - 2016-08-28 07:10:50 --> Severity: Notice --> Undefined offset: 33 C:\xampp\htdocs\bondora\application\views\investments\index.php 880
ERROR - 2016-08-28 07:10:50 --> Severity: Notice --> Undefined offset: 33 C:\xampp\htdocs\bondora\application\views\investments\index.php 880
ERROR - 2016-08-28 07:10:50 --> Severity: Notice --> Undefined offset: 33 C:\xampp\htdocs\bondora\application\views\investments\index.php 880
DEBUG - 2016-08-28 07:10:50 --> Total execution time: 2.2930
DEBUG - 2016-08-28 07:10:50 --> UTF-8 Support Disabled
DEBUG - 2016-08-28 07:10:50 --> Global POST, GET and COOKIE data sanitized
ERROR - 2016-08-28 07:10:50 --> 404 Page Not Found: Investments/bootstrap
