DEBUG - 2016-07-20 07:17:24 --> UTF-8 Support Disabled
DEBUG - 2016-07-20 07:17:24 --> Global POST, GET and COOKIE data sanitized
DEBUG - 2016-07-20 07:17:24 --> cURL Class Initialized
DEBUG - 2016-07-20 07:17:24 --> OAuth2 class already loaded. Second attempt ignored.
DEBUG - 2016-07-20 07:17:24 --> C:\xampp\htdocs\bondora\application\libraries/MY_Table.php exists, but does not declare MY_Table
DEBUG - 2016-07-20 07:17:24 --> Session class already loaded. Second attempt ignored.
DEBUG - 2016-07-20 07:17:24 --> UTF-8 Support Disabled
DEBUG - 2016-07-20 07:17:24 --> Global POST, GET and COOKIE data sanitized
DEBUG - 2016-07-20 07:17:24 --> cURL Class Initialized
DEBUG - 2016-07-20 07:17:24 --> OAuth2 class already loaded. Second attempt ignored.
DEBUG - 2016-07-20 07:17:24 --> Session class already loaded. Second attempt ignored.
DEBUG - 2016-07-20 07:17:24 --> Total execution time: 0.0650
DEBUG - 2016-07-20 07:17:24 --> UTF-8 Support Disabled
DEBUG - 2016-07-20 07:17:24 --> Global POST, GET and COOKIE data sanitized
ERROR - 2016-07-20 07:17:24 --> 404 Page Not Found: User/bootstrap
DEBUG - 2016-07-20 07:18:21 --> UTF-8 Support Disabled
DEBUG - 2016-07-20 07:18:21 --> Global POST, GET and COOKIE data sanitized
DEBUG - 2016-07-20 07:18:21 --> cURL Class Initialized
DEBUG - 2016-07-20 07:18:21 --> OAuth2 class already loaded. Second attempt ignored.
DEBUG - 2016-07-20 07:18:21 --> Session class already loaded. Second attempt ignored.
DEBUG - 2016-07-20 07:18:21 --> UTF-8 Support Disabled
DEBUG - 2016-07-20 07:18:21 --> Global POST, GET and COOKIE data sanitized
DEBUG - 2016-07-20 07:18:21 --> cURL Class Initialized
DEBUG - 2016-07-20 07:18:21 --> OAuth2 class already loaded. Second attempt ignored.
DEBUG - 2016-07-20 07:18:21 --> C:\xampp\htdocs\bondora\application\libraries/MY_Table.php exists, but does not declare MY_Table
DEBUG - 2016-07-20 07:18:21 --> Session class already loaded. Second attempt ignored.
DEBUG - 2016-07-20 07:18:21 --> SELECT *
FROM `select` `a`.*, `b`.`statusCode from auction_payload a LEFT JOIN bid_payload b ON a`.`auctionId=b`.`auctionId and a`.`user=b`.`userName where` `user="mehike"`
ERROR - 2016-07-20 07:18:21 --> Severity: Notice --> Undefined offset: 0 C:\xampp\htdocs\bondora\application\views\auctions\index.php 462
ERROR - 2016-07-20 07:18:21 --> Severity: Notice --> Undefined offset: 0 C:\xampp\htdocs\bondora\application\views\auctions\index.php 514
ERROR - 2016-07-20 07:18:21 --> Severity: Notice --> Undefined offset: 0 C:\xampp\htdocs\bondora\application\views\auctions\index.php 462
ERROR - 2016-07-20 07:18:21 --> Severity: Notice --> Undefined offset: 0 C:\xampp\htdocs\bondora\application\views\auctions\index.php 514
ERROR - 2016-07-20 07:18:21 --> Severity: Notice --> Undefined offset: 0 C:\xampp\htdocs\bondora\application\views\auctions\index.php 462
ERROR - 2016-07-20 07:18:21 --> Severity: Notice --> Undefined offset: 0 C:\xampp\htdocs\bondora\application\views\auctions\index.php 514
ERROR - 2016-07-20 07:18:21 --> Severity: Notice --> Undefined offset: 0 C:\xampp\htdocs\bondora\application\views\auctions\index.php 462
ERROR - 2016-07-20 07:18:21 --> Severity: Notice --> Undefined offset: 0 C:\xampp\htdocs\bondora\application\views\auctions\index.php 514
ERROR - 2016-07-20 07:18:21 --> Severity: Notice --> Undefined offset: 0 C:\xampp\htdocs\bondora\application\views\auctions\index.php 462
ERROR - 2016-07-20 07:18:21 --> Severity: Notice --> Undefined offset: 0 C:\xampp\htdocs\bondora\application\views\auctions\index.php 514
ERROR - 2016-07-20 07:18:21 --> Severity: Notice --> Undefined offset: 0 C:\xampp\htdocs\bondora\application\views\auctions\index.php 462
ERROR - 2016-07-20 07:18:21 --> Severity: Notice --> Undefined offset: 0 C:\xampp\htdocs\bondora\application\views\auctions\index.php 514
ERROR - 2016-07-20 07:18:21 --> Severity: Notice --> Undefined offset: 0 C:\xampp\htdocs\bondora\application\views\auctions\index.php 462
ERROR - 2016-07-20 07:18:21 --> Severity: Notice --> Undefined offset: 0 C:\xampp\htdocs\bondora\application\views\auctions\index.php 514
ERROR - 2016-07-20 07:18:21 --> Severity: Notice --> Undefined offset: 0 C:\xampp\htdocs\bondora\application\views\auctions\index.php 462
ERROR - 2016-07-20 07:18:21 --> Severity: Notice --> Undefined offset: 0 C:\xampp\htdocs\bondora\application\views\auctions\index.php 514
ERROR - 2016-07-20 07:18:21 --> Severity: Notice --> Undefined offset: 0 C:\xampp\htdocs\bondora\application\views\auctions\index.php 462
ERROR - 2016-07-20 07:18:21 --> Severity: Notice --> Undefined offset: 0 C:\xampp\htdocs\bondora\application\views\auctions\index.php 514
ERROR - 2016-07-20 07:18:21 --> Severity: Notice --> Undefined offset: 0 C:\xampp\htdocs\bondora\application\views\auctions\index.php 462
ERROR - 2016-07-20 07:18:21 --> Severity: Notice --> Undefined offset: 0 C:\xampp\htdocs\bondora\application\views\auctions\index.php 514
ERROR - 2016-07-20 07:18:21 --> Severity: Notice --> Undefined offset: 0 C:\xampp\htdocs\bondora\application\views\auctions\index.php 462
ERROR - 2016-07-20 07:18:21 --> Severity: Notice --> Undefined offset: 0 C:\xampp\htdocs\bondora\application\views\auctions\index.php 514
ERROR - 2016-07-20 07:18:21 --> Severity: Notice --> Undefined offset: 0 C:\xampp\htdocs\bondora\application\views\auctions\index.php 462
ERROR - 2016-07-20 07:18:21 --> Severity: Notice --> Undefined offset: 0 C:\xampp\htdocs\bondora\application\views\auctions\index.php 514
ERROR - 2016-07-20 07:18:21 --> Severity: Notice --> Undefined offset: 0 C:\xampp\htdocs\bondora\application\views\auctions\index.php 462
ERROR - 2016-07-20 07:18:21 --> Severity: Notice --> Undefined offset: 0 C:\xampp\htdocs\bondora\application\views\auctions\index.php 514
ERROR - 2016-07-20 07:18:21 --> Severity: Notice --> Undefined offset: 0 C:\xampp\htdocs\bondora\application\views\auctions\index.php 462
ERROR - 2016-07-20 07:18:21 --> Severity: Notice --> Undefined offset: 0 C:\xampp\htdocs\bondora\application\views\auctions\index.php 514
ERROR - 2016-07-20 07:18:21 --> Severity: Notice --> Undefined offset: 0 C:\xampp\htdocs\bondora\application\views\auctions\index.php 462
ERROR - 2016-07-20 07:18:21 --> Severity: Notice --> Undefined offset: 0 C:\xampp\htdocs\bondora\application\views\auctions\index.php 514
ERROR - 2016-07-20 07:18:21 --> Severity: Notice --> Undefined offset: 0 C:\xampp\htdocs\bondora\application\views\auctions\index.php 462
ERROR - 2016-07-20 07:18:21 --> Severity: Notice --> Undefined offset: 0 C:\xampp\htdocs\bondora\application\views\auctions\index.php 514
ERROR - 2016-07-20 07:18:21 --> Severity: Notice --> Undefined offset: 0 C:\xampp\htdocs\bondora\application\views\auctions\index.php 462
ERROR - 2016-07-20 07:18:21 --> Severity: Notice --> Undefined offset: 0 C:\xampp\htdocs\bondora\application\views\auctions\index.php 514
ERROR - 2016-07-20 07:18:21 --> Severity: Notice --> Undefined offset: 0 C:\xampp\htdocs\bondora\application\views\auctions\index.php 462
ERROR - 2016-07-20 07:18:21 --> Severity: Notice --> Undefined offset: 0 C:\xampp\htdocs\bondora\application\views\auctions\index.php 514
ERROR - 2016-07-20 07:18:21 --> Severity: Notice --> Undefined offset: 0 C:\xampp\htdocs\bondora\application\views\auctions\index.php 462
ERROR - 2016-07-20 07:18:21 --> Severity: Notice --> Undefined offset: 0 C:\xampp\htdocs\bondora\application\views\auctions\index.php 514
ERROR - 2016-07-20 07:18:21 --> Severity: Notice --> Undefined offset: 0 C:\xampp\htdocs\bondora\application\views\auctions\index.php 462
ERROR - 2016-07-20 07:18:21 --> Severity: Notice --> Undefined offset: 0 C:\xampp\htdocs\bondora\application\views\auctions\index.php 514
ERROR - 2016-07-20 07:18:21 --> Severity: Notice --> Undefined offset: 0 C:\xampp\htdocs\bondora\application\views\auctions\index.php 462
ERROR - 2016-07-20 07:18:21 --> Severity: Notice --> Undefined offset: 0 C:\xampp\htdocs\bondora\application\views\auctions\index.php 514
ERROR - 2016-07-20 07:18:21 --> Severity: Notice --> Undefined offset: 0 C:\xampp\htdocs\bondora\application\views\auctions\index.php 462
ERROR - 2016-07-20 07:18:21 --> Severity: Notice --> Undefined offset: 0 C:\xampp\htdocs\bondora\application\views\auctions\index.php 514
ERROR - 2016-07-20 07:18:21 --> Severity: Notice --> Undefined offset: 0 C:\xampp\htdocs\bondora\application\views\auctions\index.php 462
ERROR - 2016-07-20 07:18:21 --> Severity: Notice --> Undefined offset: 0 C:\xampp\htdocs\bondora\application\views\auctions\index.php 514
ERROR - 2016-07-20 07:18:21 --> Severity: Notice --> Undefined offset: 0 C:\xampp\htdocs\bondora\application\views\auctions\index.php 462
ERROR - 2016-07-20 07:18:21 --> Severity: Notice --> Undefined offset: 0 C:\xampp\htdocs\bondora\application\views\auctions\index.php 514
ERROR - 2016-07-20 07:18:21 --> Severity: Notice --> Undefined offset: 0 C:\xampp\htdocs\bondora\application\views\auctions\index.php 462
ERROR - 2016-07-20 07:18:21 --> Severity: Notice --> Undefined offset: 0 C:\xampp\htdocs\bondora\application\views\auctions\index.php 514
ERROR - 2016-07-20 07:18:21 --> Severity: Notice --> Undefined offset: 0 C:\xampp\htdocs\bondora\application\views\auctions\index.php 462
ERROR - 2016-07-20 07:18:21 --> Severity: Notice --> Undefined offset: 0 C:\xampp\htdocs\bondora\application\views\auctions\index.php 514
ERROR - 2016-07-20 07:18:21 --> Severity: Notice --> Undefined offset: 0 C:\xampp\htdocs\bondora\application\views\auctions\index.php 462
ERROR - 2016-07-20 07:18:21 --> Severity: Notice --> Undefined offset: 0 C:\xampp\htdocs\bondora\application\views\auctions\index.php 514
ERROR - 2016-07-20 07:18:21 --> Severity: Notice --> Undefined offset: 0 C:\xampp\htdocs\bondora\application\views\auctions\index.php 462
ERROR - 2016-07-20 07:18:21 --> Severity: Notice --> Undefined offset: 0 C:\xampp\htdocs\bondora\application\views\auctions\index.php 514
ERROR - 2016-07-20 07:18:21 --> Severity: Notice --> Undefined offset: 0 C:\xampp\htdocs\bondora\application\views\auctions\index.php 462
ERROR - 2016-07-20 07:18:21 --> Severity: Notice --> Undefined offset: 0 C:\xampp\htdocs\bondora\application\views\auctions\index.php 514
ERROR - 2016-07-20 07:18:21 --> Severity: Notice --> Undefined offset: 0 C:\xampp\htdocs\bondora\application\views\auctions\index.php 462
ERROR - 2016-07-20 07:18:21 --> Severity: Notice --> Undefined offset: 0 C:\xampp\htdocs\bondora\application\views\auctions\index.php 514
ERROR - 2016-07-20 07:18:21 --> Severity: Notice --> Undefined offset: 0 C:\xampp\htdocs\bondora\application\views\auctions\index.php 462
ERROR - 2016-07-20 07:18:21 --> Severity: Notice --> Undefined offset: 0 C:\xampp\htdocs\bondora\application\views\auctions\index.php 514
ERROR - 2016-07-20 07:18:21 --> Severity: Notice --> Undefined offset: 0 C:\xampp\htdocs\bondora\application\views\auctions\index.php 462
ERROR - 2016-07-20 07:18:21 --> Severity: Notice --> Undefined offset: 0 C:\xampp\htdocs\bondora\application\views\auctions\index.php 514
ERROR - 2016-07-20 07:18:21 --> Severity: Notice --> Undefined offset: 0 C:\xampp\htdocs\bondora\application\views\auctions\index.php 462
ERROR - 2016-07-20 07:18:21 --> Severity: Notice --> Undefined offset: 0 C:\xampp\htdocs\bondora\application\views\auctions\index.php 514
ERROR - 2016-07-20 07:18:21 --> Severity: Notice --> Undefined offset: 0 C:\xampp\htdocs\bondora\application\views\auctions\index.php 462
ERROR - 2016-07-20 07:18:21 --> Severity: Notice --> Undefined offset: 0 C:\xampp\htdocs\bondora\application\views\auctions\index.php 514
ERROR - 2016-07-20 07:18:21 --> Severity: Notice --> Undefined offset: 0 C:\xampp\htdocs\bondora\application\views\auctions\index.php 462
ERROR - 2016-07-20 07:18:21 --> Severity: Notice --> Undefined offset: 0 C:\xampp\htdocs\bondora\application\views\auctions\index.php 514
ERROR - 2016-07-20 07:18:21 --> Severity: Notice --> Undefined offset: 0 C:\xampp\htdocs\bondora\application\views\auctions\index.php 462
ERROR - 2016-07-20 07:18:21 --> Severity: Notice --> Undefined offset: 0 C:\xampp\htdocs\bondora\application\views\auctions\index.php 514
ERROR - 2016-07-20 07:18:21 --> Severity: Notice --> Undefined offset: 0 C:\xampp\htdocs\bondora\application\views\auctions\index.php 462
ERROR - 2016-07-20 07:18:21 --> Severity: Notice --> Undefined offset: 0 C:\xampp\htdocs\bondora\application\views\auctions\index.php 514
ERROR - 2016-07-20 07:18:21 --> Severity: Notice --> Undefined offset: 0 C:\xampp\htdocs\bondora\application\views\auctions\index.php 462
ERROR - 2016-07-20 07:18:21 --> Severity: Notice --> Undefined offset: 0 C:\xampp\htdocs\bondora\application\views\auctions\index.php 514
ERROR - 2016-07-20 07:18:21 --> Severity: Notice --> Undefined offset: 0 C:\xampp\htdocs\bondora\application\views\auctions\index.php 462
ERROR - 2016-07-20 07:18:21 --> Severity: Notice --> Undefined offset: 0 C:\xampp\htdocs\bondora\application\views\auctions\index.php 514
ERROR - 2016-07-20 07:18:21 --> Severity: Notice --> Undefined offset: 0 C:\xampp\htdocs\bondora\application\views\auctions\index.php 462
ERROR - 2016-07-20 07:18:21 --> Severity: Notice --> Undefined offset: 0 C:\xampp\htdocs\bondora\application\views\auctions\index.php 514
ERROR - 2016-07-20 07:18:21 --> Severity: Notice --> Undefined offset: 0 C:\xampp\htdocs\bondora\application\views\auctions\index.php 462
ERROR - 2016-07-20 07:18:21 --> Severity: Notice --> Undefined offset: 0 C:\xampp\htdocs\bondora\application\views\auctions\index.php 514
ERROR - 2016-07-20 07:18:21 --> Severity: Notice --> Undefined offset: 0 C:\xampp\htdocs\bondora\application\views\auctions\index.php 462
ERROR - 2016-07-20 07:18:21 --> Severity: Notice --> Undefined offset: 0 C:\xampp\htdocs\bondora\application\views\auctions\index.php 514
ERROR - 2016-07-20 07:18:21 --> Severity: Notice --> Undefined offset: 0 C:\xampp\htdocs\bondora\application\views\auctions\index.php 462
ERROR - 2016-07-20 07:18:21 --> Severity: Notice --> Undefined offset: 0 C:\xampp\htdocs\bondora\application\views\auctions\index.php 514
ERROR - 2016-07-20 07:18:21 --> Severity: Notice --> Undefined offset: 0 C:\xampp\htdocs\bondora\application\views\auctions\index.php 462
ERROR - 2016-07-20 07:18:21 --> Severity: Notice --> Undefined offset: 0 C:\xampp\htdocs\bondora\application\views\auctions\index.php 514
ERROR - 2016-07-20 07:18:21 --> Severity: Notice --> Undefined offset: 0 C:\xampp\htdocs\bondora\application\views\auctions\index.php 462
ERROR - 2016-07-20 07:18:21 --> Severity: Notice --> Undefined offset: 0 C:\xampp\htdocs\bondora\application\views\auctions\index.php 514
ERROR - 2016-07-20 07:18:21 --> Severity: Notice --> Undefined offset: 0 C:\xampp\htdocs\bondora\application\views\auctions\index.php 462
ERROR - 2016-07-20 07:18:21 --> Severity: Notice --> Undefined offset: 0 C:\xampp\htdocs\bondora\application\views\auctions\index.php 514
ERROR - 2016-07-20 07:18:21 --> Severity: Notice --> Undefined offset: 0 C:\xampp\htdocs\bondora\application\views\auctions\index.php 462
ERROR - 2016-07-20 07:18:21 --> Severity: Notice --> Undefined offset: 0 C:\xampp\htdocs\bondora\application\views\auctions\index.php 514
ERROR - 2016-07-20 07:18:21 --> Severity: Notice --> Undefined offset: 0 C:\xampp\htdocs\bondora\application\views\auctions\index.php 462
ERROR - 2016-07-20 07:18:21 --> Severity: Notice --> Undefined offset: 0 C:\xampp\htdocs\bondora\application\views\auctions\index.php 514
ERROR - 2016-07-20 07:18:21 --> Severity: Notice --> Undefined offset: 0 C:\xampp\htdocs\bondora\application\views\auctions\index.php 462
ERROR - 2016-07-20 07:18:21 --> Severity: Notice --> Undefined offset: 0 C:\xampp\htdocs\bondora\application\views\auctions\index.php 514
ERROR - 2016-07-20 07:18:21 --> Severity: Notice --> Undefined offset: 0 C:\xampp\htdocs\bondora\application\views\auctions\index.php 462
ERROR - 2016-07-20 07:18:21 --> Severity: Notice --> Undefined offset: 0 C:\xampp\htdocs\bondora\application\views\auctions\index.php 514
ERROR - 2016-07-20 07:18:21 --> Severity: Notice --> Undefined offset: 0 C:\xampp\htdocs\bondora\application\views\auctions\index.php 462
ERROR - 2016-07-20 07:18:21 --> Severity: Notice --> Undefined offset: 0 C:\xampp\htdocs\bondora\application\views\auctions\index.php 514
ERROR - 2016-07-20 07:18:21 --> Severity: Notice --> Undefined offset: 0 C:\xampp\htdocs\bondora\application\views\auctions\index.php 462
ERROR - 2016-07-20 07:18:21 --> Severity: Notice --> Undefined offset: 0 C:\xampp\htdocs\bondora\application\views\auctions\index.php 514
ERROR - 2016-07-20 07:18:21 --> Severity: Notice --> Undefined offset: 0 C:\xampp\htdocs\bondora\application\views\auctions\index.php 462
ERROR - 2016-07-20 07:18:21 --> Severity: Notice --> Undefined offset: 0 C:\xampp\htdocs\bondora\application\views\auctions\index.php 514
ERROR - 2016-07-20 07:18:21 --> Severity: Notice --> Undefined offset: 0 C:\xampp\htdocs\bondora\application\views\auctions\index.php 462
ERROR - 2016-07-20 07:18:21 --> Severity: Notice --> Undefined offset: 0 C:\xampp\htdocs\bondora\application\views\auctions\index.php 514
ERROR - 2016-07-20 07:18:21 --> Severity: Notice --> Undefined offset: 0 C:\xampp\htdocs\bondora\application\views\auctions\index.php 462
ERROR - 2016-07-20 07:18:21 --> Severity: Notice --> Undefined offset: 0 C:\xampp\htdocs\bondora\application\views\auctions\index.php 514
ERROR - 2016-07-20 07:18:21 --> Severity: Notice --> Undefined offset: 0 C:\xampp\htdocs\bondora\application\views\auctions\index.php 462
ERROR - 2016-07-20 07:18:21 --> Severity: Notice --> Undefined offset: 0 C:\xampp\htdocs\bondora\application\views\auctions\index.php 514
ERROR - 2016-07-20 07:18:21 --> Severity: Notice --> Undefined offset: 0 C:\xampp\htdocs\bondora\application\views\auctions\index.php 462
ERROR - 2016-07-20 07:18:21 --> Severity: Notice --> Undefined offset: 0 C:\xampp\htdocs\bondora\application\views\auctions\index.php 514
ERROR - 2016-07-20 07:18:21 --> Severity: Notice --> Undefined offset: 0 C:\xampp\htdocs\bondora\application\views\auctions\index.php 462
ERROR - 2016-07-20 07:18:21 --> Severity: Notice --> Undefined offset: 0 C:\xampp\htdocs\bondora\application\views\auctions\index.php 514
ERROR - 2016-07-20 07:18:21 --> Severity: Notice --> Undefined offset: 0 C:\xampp\htdocs\bondora\application\views\auctions\index.php 462
ERROR - 2016-07-20 07:18:21 --> Severity: Notice --> Undefined offset: 0 C:\xampp\htdocs\bondora\application\views\auctions\index.php 514
ERROR - 2016-07-20 07:18:21 --> Severity: Notice --> Undefined offset: 0 C:\xampp\htdocs\bondora\application\views\auctions\index.php 462
ERROR - 2016-07-20 07:18:21 --> Severity: Notice --> Undefined offset: 0 C:\xampp\htdocs\bondora\application\views\auctions\index.php 514
ERROR - 2016-07-20 07:18:21 --> Severity: Notice --> Undefined offset: 0 C:\xampp\htdocs\bondora\application\views\auctions\index.php 462
ERROR - 2016-07-20 07:18:21 --> Severity: Notice --> Undefined offset: 0 C:\xampp\htdocs\bondora\application\views\auctions\index.php 514
ERROR - 2016-07-20 07:18:21 --> Severity: Notice --> Undefined offset: 0 C:\xampp\htdocs\bondora\application\views\auctions\index.php 462
ERROR - 2016-07-20 07:18:21 --> Severity: Notice --> Undefined offset: 0 C:\xampp\htdocs\bondora\application\views\auctions\index.php 514
ERROR - 2016-07-20 07:18:21 --> Severity: Notice --> Undefined offset: 0 C:\xampp\htdocs\bondora\application\views\auctions\index.php 462
ERROR - 2016-07-20 07:18:21 --> Severity: Notice --> Undefined offset: 0 C:\xampp\htdocs\bondora\application\views\auctions\index.php 514
DEBUG - 2016-07-20 07:18:21 --> Total execution time: 0.2350
DEBUG - 2016-07-20 07:18:21 --> UTF-8 Support Disabled
DEBUG - 2016-07-20 07:18:21 --> Global POST, GET and COOKIE data sanitized
ERROR - 2016-07-20 07:18:21 --> 404 Page Not Found: Auctions/bootstrap
DEBUG - 2016-07-20 07:19:01 --> UTF-8 Support Disabled
DEBUG - 2016-07-20 07:19:01 --> Global POST, GET and COOKIE data sanitized
DEBUG - 2016-07-20 07:19:01 --> cURL Class Initialized
DEBUG - 2016-07-20 07:19:01 --> OAuth2 class already loaded. Second attempt ignored.
DEBUG - 2016-07-20 07:19:01 --> C:\xampp\htdocs\bondora\application\libraries/MY_Table.php exists, but does not declare MY_Table
DEBUG - 2016-07-20 07:19:01 --> Session class already loaded. Second attempt ignored.
DEBUG - 2016-07-20 07:19:01 --> SELECT *
FROM `select` `a`.*, `b`.`listedOnDate`, `b`.`xirr`, `b`.`secondaryId`, `b`.`desiredDiscountRate from bondora`.`investment_payload a LEFT JOIN bondora`.`secondary b ON a`.`loanPartId=b`.`loanPartId and a`.`user=b`.`user where a`.`user="mehike" order by` `a`.`signedDate`, `a`.`auctionId`
ERROR - 2016-07-20 07:19:01 --> Severity: Notice --> Undefined offset: 33 C:\xampp\htdocs\bondora\application\views\investments\index.php 880
ERROR - 2016-07-20 07:19:01 --> Severity: Notice --> Undefined offset: 33 C:\xampp\htdocs\bondora\application\views\investments\index.php 880
ERROR - 2016-07-20 07:19:01 --> Severity: Notice --> Undefined offset: 33 C:\xampp\htdocs\bondora\application\views\investments\index.php 880
ERROR - 2016-07-20 07:19:01 --> Severity: Notice --> Undefined offset: 33 C:\xampp\htdocs\bondora\application\views\investments\index.php 880
ERROR - 2016-07-20 07:19:01 --> Severity: Notice --> Undefined offset: 31 C:\xampp\htdocs\bondora\application\views\investments\index.php 880
ERROR - 2016-07-20 07:19:01 --> Severity: Notice --> Undefined offset: 33 C:\xampp\htdocs\bondora\application\views\investments\index.php 880
ERROR - 2016-07-20 07:19:01 --> Severity: Notice --> Undefined offset: 33 C:\xampp\htdocs\bondora\application\views\investments\index.php 880
ERROR - 2016-07-20 07:19:01 --> Severity: Notice --> Undefined offset: 31 C:\xampp\htdocs\bondora\application\views\investments\index.php 880
ERROR - 2016-07-20 07:19:01 --> Severity: Notice --> Undefined offset: 30 C:\xampp\htdocs\bondora\application\views\investments\index.php 880
ERROR - 2016-07-20 07:19:01 --> Severity: Notice --> Undefined offset: 31 C:\xampp\htdocs\bondora\application\views\investments\index.php 880
ERROR - 2016-07-20 07:19:01 --> Severity: Notice --> Undefined offset: 31 C:\xampp\htdocs\bondora\application\views\investments\index.php 880
ERROR - 2016-07-20 07:19:01 --> Severity: Notice --> Undefined offset: 32 C:\xampp\htdocs\bondora\application\views\investments\index.php 880
ERROR - 2016-07-20 07:19:01 --> Severity: Notice --> Undefined offset: 33 C:\xampp\htdocs\bondora\application\views\investments\index.php 880
ERROR - 2016-07-20 07:19:01 --> Severity: Notice --> Undefined offset: 33 C:\xampp\htdocs\bondora\application\views\investments\index.php 880
ERROR - 2016-07-20 07:19:01 --> Severity: Notice --> Undefined offset: 33 C:\xampp\htdocs\bondora\application\views\investments\index.php 880
ERROR - 2016-07-20 07:19:01 --> Severity: Notice --> Undefined offset: 33 C:\xampp\htdocs\bondora\application\views\investments\index.php 880
ERROR - 2016-07-20 07:19:01 --> Severity: Notice --> Undefined offset: 41 C:\xampp\htdocs\bondora\application\views\investments\index.php 880
ERROR - 2016-07-20 07:19:01 --> Severity: Notice --> Undefined offset: 30 C:\xampp\htdocs\bondora\application\views\investments\index.php 880
ERROR - 2016-07-20 07:19:01 --> Severity: Notice --> Undefined offset: 31 C:\xampp\htdocs\bondora\application\views\investments\index.php 880
ERROR - 2016-07-20 07:19:01 --> Severity: Notice --> Undefined offset: 32 C:\xampp\htdocs\bondora\application\views\investments\index.php 880
ERROR - 2016-07-20 07:19:01 --> Severity: Notice --> Undefined offset: 33 C:\xampp\htdocs\bondora\application\views\investments\index.php 880
ERROR - 2016-07-20 07:19:01 --> Severity: Notice --> Undefined offset: 31 C:\xampp\htdocs\bondora\application\views\investments\index.php 880
DEBUG - 2016-07-20 07:19:01 --> Total execution time: 0.1550
DEBUG - 2016-07-20 07:19:01 --> UTF-8 Support Disabled
DEBUG - 2016-07-20 07:19:01 --> Global POST, GET and COOKIE data sanitized
ERROR - 2016-07-20 07:19:01 --> 404 Page Not Found: Investments/bootstrap
DEBUG - 2016-07-20 07:19:03 --> UTF-8 Support Disabled
DEBUG - 2016-07-20 07:19:03 --> Global POST, GET and COOKIE data sanitized
DEBUG - 2016-07-20 07:19:03 --> cURL Class Initialized
DEBUG - 2016-07-20 07:19:03 --> OAuth2 class already loaded. Second attempt ignored.
DEBUG - 2016-07-20 07:19:03 --> C:\xampp\htdocs\bondora\application\libraries/MY_Table.php exists, but does not declare MY_Table
DEBUG - 2016-07-20 07:19:03 --> Session class already loaded. Second attempt ignored.
DEBUG - 2016-07-20 07:19:05 --> UTF-8 Support Disabled
DEBUG - 2016-07-20 07:19:05 --> Global POST, GET and COOKIE data sanitized
DEBUG - 2016-07-20 07:19:05 --> cURL Class Initialized
DEBUG - 2016-07-20 07:19:05 --> OAuth2 class already loaded. Second attempt ignored.
DEBUG - 2016-07-20 07:19:21 --> UTF-8 Support Disabled
DEBUG - 2016-07-20 07:19:21 --> Global POST, GET and COOKIE data sanitized
DEBUG - 2016-07-20 07:19:21 --> cURL Class Initialized
DEBUG - 2016-07-20 07:19:21 --> OAuth2 class already loaded. Second attempt ignored.
DEBUG - 2016-07-20 07:19:23 --> UTF-8 Support Disabled
DEBUG - 2016-07-20 07:19:23 --> Global POST, GET and COOKIE data sanitized
DEBUG - 2016-07-20 07:19:23 --> cURL Class Initialized
DEBUG - 2016-07-20 07:19:23 --> OAuth2 class already loaded. Second attempt ignored.
DEBUG - 2016-07-20 07:19:23 --> C:\xampp\htdocs\bondora\application\libraries/MY_Table.php exists, but does not declare MY_Table
DEBUG - 2016-07-20 07:19:23 --> Session class already loaded. Second attempt ignored.
DEBUG - 2016-07-20 07:19:23 --> SELECT *
FROM `select` `a`.*, `b`.`listedOnDate`, `b`.`xirr`, `b`.`secondaryId`, `b`.`desiredDiscountRate from bondora`.`investment_payload a LEFT JOIN bondora`.`secondary b ON a`.`loanPartId=b`.`loanPartId and a`.`user=b`.`user where a`.`user="mehike" order by` `a`.`signedDate`, `a`.`auctionId`
ERROR - 2016-07-20 07:19:23 --> Severity: Notice --> Undefined offset: 33 C:\xampp\htdocs\bondora\application\views\investments\index.php 880
ERROR - 2016-07-20 07:19:23 --> Severity: Notice --> Undefined offset: 33 C:\xampp\htdocs\bondora\application\views\investments\index.php 880
ERROR - 2016-07-20 07:19:23 --> Severity: Notice --> Undefined offset: 33 C:\xampp\htdocs\bondora\application\views\investments\index.php 880
ERROR - 2016-07-20 07:19:23 --> Severity: Notice --> Undefined offset: 33 C:\xampp\htdocs\bondora\application\views\investments\index.php 880
ERROR - 2016-07-20 07:19:23 --> Severity: Notice --> Undefined offset: 31 C:\xampp\htdocs\bondora\application\views\investments\index.php 880
ERROR - 2016-07-20 07:19:23 --> Severity: Notice --> Undefined offset: 33 C:\xampp\htdocs\bondora\application\views\investments\index.php 880
ERROR - 2016-07-20 07:19:23 --> Severity: Notice --> Undefined offset: 33 C:\xampp\htdocs\bondora\application\views\investments\index.php 880
ERROR - 2016-07-20 07:19:23 --> Severity: Notice --> Undefined offset: 31 C:\xampp\htdocs\bondora\application\views\investments\index.php 880
ERROR - 2016-07-20 07:19:23 --> Severity: Notice --> Undefined offset: 30 C:\xampp\htdocs\bondora\application\views\investments\index.php 880
ERROR - 2016-07-20 07:19:23 --> Severity: Notice --> Undefined offset: 31 C:\xampp\htdocs\bondora\application\views\investments\index.php 880
ERROR - 2016-07-20 07:19:23 --> Severity: Notice --> Undefined offset: 31 C:\xampp\htdocs\bondora\application\views\investments\index.php 880
ERROR - 2016-07-20 07:19:23 --> Severity: Notice --> Undefined offset: 32 C:\xampp\htdocs\bondora\application\views\investments\index.php 880
ERROR - 2016-07-20 07:19:23 --> Severity: Notice --> Undefined offset: 33 C:\xampp\htdocs\bondora\application\views\investments\index.php 880
ERROR - 2016-07-20 07:19:23 --> Severity: Notice --> Undefined offset: 33 C:\xampp\htdocs\bondora\application\views\investments\index.php 880
ERROR - 2016-07-20 07:19:23 --> Severity: Notice --> Undefined offset: 33 C:\xampp\htdocs\bondora\application\views\investments\index.php 880
ERROR - 2016-07-20 07:19:23 --> Severity: Notice --> Undefined offset: 33 C:\xampp\htdocs\bondora\application\views\investments\index.php 880
ERROR - 2016-07-20 07:19:23 --> Severity: Notice --> Undefined offset: 41 C:\xampp\htdocs\bondora\application\views\investments\index.php 880
ERROR - 2016-07-20 07:19:23 --> Severity: Notice --> Undefined offset: 30 C:\xampp\htdocs\bondora\application\views\investments\index.php 880
ERROR - 2016-07-20 07:19:23 --> Severity: Notice --> Undefined offset: 31 C:\xampp\htdocs\bondora\application\views\investments\index.php 880
ERROR - 2016-07-20 07:19:23 --> Severity: Notice --> Undefined offset: 32 C:\xampp\htdocs\bondora\application\views\investments\index.php 880
ERROR - 2016-07-20 07:19:23 --> Severity: Notice --> Undefined offset: 33 C:\xampp\htdocs\bondora\application\views\investments\index.php 880
ERROR - 2016-07-20 07:19:23 --> Severity: Notice --> Undefined offset: 31 C:\xampp\htdocs\bondora\application\views\investments\index.php 880
DEBUG - 2016-07-20 07:19:23 --> Total execution time: 0.4351
DEBUG - 2016-07-20 07:19:25 --> UTF-8 Support Disabled
DEBUG - 2016-07-20 07:19:25 --> Global POST, GET and COOKIE data sanitized
ERROR - 2016-07-20 07:19:25 --> 404 Page Not Found: Investments/bootstrap
DEBUG - 2016-07-20 07:19:29 --> UTF-8 Support Disabled
DEBUG - 2016-07-20 07:19:29 --> Global POST, GET and COOKIE data sanitized
DEBUG - 2016-07-20 07:19:29 --> cURL Class Initialized
DEBUG - 2016-07-20 07:19:29 --> OAuth2 class already loaded. Second attempt ignored.
DEBUG - 2016-07-20 07:19:29 --> C:\xampp\htdocs\bondora\application\libraries/MY_Table.php exists, but does not declare MY_Table
DEBUG - 2016-07-20 07:19:29 --> Session class already loaded. Second attempt ignored.
DEBUG - 2016-07-20 07:19:32 --> SELECT *
FROM `select` `a`.*, `b`.`listedOnDate`, `b`.`xirr`, `b`.`secondaryId`, `b`.`desiredDiscountRate from bondora`.`investment_payload a LEFT JOIN bondora`.`secondary b ON a`.`loanPartId=b`.`loanPartId and a`.`user=b`.`user where a`.`user="mehike" order by` `a`.`signedDate`, `a`.`auctionId`
ERROR - 2016-07-20 07:19:32 --> Severity: Notice --> Undefined offset: 33 C:\xampp\htdocs\bondora\application\views\investments\index.php 880
ERROR - 2016-07-20 07:19:32 --> Severity: Notice --> Undefined offset: 33 C:\xampp\htdocs\bondora\application\views\investments\index.php 880
ERROR - 2016-07-20 07:19:32 --> Severity: Notice --> Undefined offset: 33 C:\xampp\htdocs\bondora\application\views\investments\index.php 880
ERROR - 2016-07-20 07:19:32 --> Severity: Notice --> Undefined offset: 33 C:\xampp\htdocs\bondora\application\views\investments\index.php 880
ERROR - 2016-07-20 07:19:32 --> Severity: Notice --> Undefined offset: 31 C:\xampp\htdocs\bondora\application\views\investments\index.php 880
ERROR - 2016-07-20 07:19:32 --> Severity: Notice --> Undefined offset: 33 C:\xampp\htdocs\bondora\application\views\investments\index.php 880
ERROR - 2016-07-20 07:19:32 --> Severity: Notice --> Undefined offset: 33 C:\xampp\htdocs\bondora\application\views\investments\index.php 880
ERROR - 2016-07-20 07:19:32 --> Severity: Notice --> Undefined offset: 31 C:\xampp\htdocs\bondora\application\views\investments\index.php 880
ERROR - 2016-07-20 07:19:32 --> Severity: Notice --> Undefined offset: 31 C:\xampp\htdocs\bondora\application\views\investments\index.php 880
ERROR - 2016-07-20 07:19:32 --> Severity: Notice --> Undefined offset: 31 C:\xampp\htdocs\bondora\application\views\investments\index.php 880
ERROR - 2016-07-20 07:19:32 --> Severity: Notice --> Undefined offset: 32 C:\xampp\htdocs\bondora\application\views\investments\index.php 880
ERROR - 2016-07-20 07:19:32 --> Severity: Notice --> Undefined offset: 33 C:\xampp\htdocs\bondora\application\views\investments\index.php 880
ERROR - 2016-07-20 07:19:32 --> Severity: Notice --> Undefined offset: 33 C:\xampp\htdocs\bondora\application\views\investments\index.php 880
ERROR - 2016-07-20 07:19:32 --> Severity: Notice --> Undefined offset: 33 C:\xampp\htdocs\bondora\application\views\investments\index.php 880
ERROR - 2016-07-20 07:19:32 --> Severity: Notice --> Undefined offset: 33 C:\xampp\htdocs\bondora\application\views\investments\index.php 880
ERROR - 2016-07-20 07:19:32 --> Severity: Notice --> Undefined offset: 41 C:\xampp\htdocs\bondora\application\views\investments\index.php 880
ERROR - 2016-07-20 07:19:32 --> Severity: Notice --> Undefined offset: 31 C:\xampp\htdocs\bondora\application\views\investments\index.php 880
ERROR - 2016-07-20 07:19:32 --> Severity: Notice --> Undefined offset: 32 C:\xampp\htdocs\bondora\application\views\investments\index.php 880
ERROR - 2016-07-20 07:19:32 --> Severity: Notice --> Undefined offset: 33 C:\xampp\htdocs\bondora\application\views\investments\index.php 880
ERROR - 2016-07-20 07:19:32 --> Severity: Notice --> Undefined offset: 31 C:\xampp\htdocs\bondora\application\views\investments\index.php 880
DEBUG - 2016-07-20 07:19:32 --> Total execution time: 2.7674
DEBUG - 2016-07-20 07:19:32 --> UTF-8 Support Disabled
DEBUG - 2016-07-20 07:19:32 --> Global POST, GET and COOKIE data sanitized
ERROR - 2016-07-20 07:19:32 --> 404 Page Not Found: Investments/bootstrap
DEBUG - 2016-07-20 07:19:47 --> UTF-8 Support Disabled
DEBUG - 2016-07-20 07:19:47 --> Global POST, GET and COOKIE data sanitized
DEBUG - 2016-07-20 07:19:47 --> cURL Class Initialized
DEBUG - 2016-07-20 07:19:47 --> OAuth2 class already loaded. Second attempt ignored.
DEBUG - 2016-07-20 07:19:47 --> C:\xampp\htdocs\bondora\application\libraries/MY_Table.php exists, but does not declare MY_Table
DEBUG - 2016-07-20 07:19:47 --> Session class already loaded. Second attempt ignored.
DEBUG - 2016-07-20 07:19:48 --> Total execution time: 0.9151
DEBUG - 2016-07-20 07:19:48 --> UTF-8 Support Disabled
DEBUG - 2016-07-20 07:19:48 --> Global POST, GET and COOKIE data sanitized
DEBUG - 2016-07-20 07:19:48 --> cURL Class Initialized
DEBUG - 2016-07-20 07:19:48 --> OAuth2 class already loaded. Second attempt ignored.
DEBUG - 2016-07-20 07:19:48 --> C:\xampp\htdocs\bondora\application\libraries/MY_Table.php exists, but does not declare MY_Table
DEBUG - 2016-07-20 07:19:48 --> Session class already loaded. Second attempt ignored.
DEBUG - 2016-07-20 07:19:48 --> Total execution time: 0.4301
DEBUG - 2016-07-20 07:19:52 --> UTF-8 Support Disabled
DEBUG - 2016-07-20 07:19:52 --> Global POST, GET and COOKIE data sanitized
DEBUG - 2016-07-20 07:19:52 --> cURL Class Initialized
DEBUG - 2016-07-20 07:19:52 --> OAuth2 class already loaded. Second attempt ignored.
DEBUG - 2016-07-20 07:19:52 --> C:\xampp\htdocs\bondora\application\libraries/MY_Table.php exists, but does not declare MY_Table
DEBUG - 2016-07-20 07:19:52 --> Session class already loaded. Second attempt ignored.
DEBUG - 2016-07-20 07:19:52 --> Total execution time: 0.5501
DEBUG - 2016-07-20 07:19:52 --> UTF-8 Support Disabled
DEBUG - 2016-07-20 07:19:52 --> Global POST, GET and COOKIE data sanitized
DEBUG - 2016-07-20 07:19:52 --> cURL Class Initialized
DEBUG - 2016-07-20 07:19:52 --> OAuth2 class already loaded. Second attempt ignored.
DEBUG - 2016-07-20 07:19:52 --> C:\xampp\htdocs\bondora\application\libraries/MY_Table.php exists, but does not declare MY_Table
DEBUG - 2016-07-20 07:19:52 --> Session class already loaded. Second attempt ignored.
DEBUG - 2016-07-20 07:19:53 --> Total execution time: 0.2850
DEBUG - 2016-07-20 07:19:56 --> UTF-8 Support Disabled
DEBUG - 2016-07-20 07:19:56 --> Global POST, GET and COOKIE data sanitized
DEBUG - 2016-07-20 07:19:56 --> cURL Class Initialized
DEBUG - 2016-07-20 07:19:56 --> OAuth2 class already loaded. Second attempt ignored.
DEBUG - 2016-07-20 07:19:56 --> C:\xampp\htdocs\bondora\application\libraries/MY_Table.php exists, but does not declare MY_Table
DEBUG - 2016-07-20 07:19:56 --> Session class already loaded. Second attempt ignored.
DEBUG - 2016-07-20 07:19:56 --> Total execution time: 0.5901
DEBUG - 2016-07-20 07:19:57 --> UTF-8 Support Disabled
DEBUG - 2016-07-20 07:19:57 --> Global POST, GET and COOKIE data sanitized
DEBUG - 2016-07-20 07:19:57 --> cURL Class Initialized
DEBUG - 2016-07-20 07:19:57 --> OAuth2 class already loaded. Second attempt ignored.
DEBUG - 2016-07-20 07:19:57 --> C:\xampp\htdocs\bondora\application\libraries/MY_Table.php exists, but does not declare MY_Table
DEBUG - 2016-07-20 07:19:57 --> Session class already loaded. Second attempt ignored.
DEBUG - 2016-07-20 07:19:57 --> Total execution time: 0.2950
DEBUG - 2016-07-20 07:20:00 --> UTF-8 Support Disabled
DEBUG - 2016-07-20 07:20:00 --> Global POST, GET and COOKIE data sanitized
DEBUG - 2016-07-20 07:20:00 --> cURL Class Initialized
DEBUG - 2016-07-20 07:20:00 --> OAuth2 class already loaded. Second attempt ignored.
DEBUG - 2016-07-20 07:20:00 --> C:\xampp\htdocs\bondora\application\libraries/MY_Table.php exists, but does not declare MY_Table
DEBUG - 2016-07-20 07:20:00 --> Session class already loaded. Second attempt ignored.
DEBUG - 2016-07-20 07:20:00 --> Total execution time: 0.5981
DEBUG - 2016-07-20 07:20:00 --> UTF-8 Support Disabled
DEBUG - 2016-07-20 07:20:00 --> Global POST, GET and COOKIE data sanitized
DEBUG - 2016-07-20 07:20:00 --> cURL Class Initialized
DEBUG - 2016-07-20 07:20:00 --> OAuth2 class already loaded. Second attempt ignored.
DEBUG - 2016-07-20 07:20:00 --> C:\xampp\htdocs\bondora\application\libraries/MY_Table.php exists, but does not declare MY_Table
DEBUG - 2016-07-20 07:20:00 --> Session class already loaded. Second attempt ignored.
DEBUG - 2016-07-20 07:20:01 --> Total execution time: 0.3250
DEBUG - 2016-07-20 07:20:04 --> UTF-8 Support Disabled
DEBUG - 2016-07-20 07:20:04 --> Global POST, GET and COOKIE data sanitized
DEBUG - 2016-07-20 07:20:04 --> cURL Class Initialized
DEBUG - 2016-07-20 07:20:04 --> OAuth2 class already loaded. Second attempt ignored.
DEBUG - 2016-07-20 07:20:04 --> C:\xampp\htdocs\bondora\application\libraries/MY_Table.php exists, but does not declare MY_Table
DEBUG - 2016-07-20 07:20:04 --> Session class already loaded. Second attempt ignored.
DEBUG - 2016-07-20 07:20:05 --> Total execution time: 0.7051
DEBUG - 2016-07-20 07:20:05 --> UTF-8 Support Disabled
DEBUG - 2016-07-20 07:20:05 --> Global POST, GET and COOKIE data sanitized
DEBUG - 2016-07-20 07:20:05 --> cURL Class Initialized
DEBUG - 2016-07-20 07:20:05 --> OAuth2 class already loaded. Second attempt ignored.
DEBUG - 2016-07-20 07:20:05 --> C:\xampp\htdocs\bondora\application\libraries/MY_Table.php exists, but does not declare MY_Table
DEBUG - 2016-07-20 07:20:05 --> Session class already loaded. Second attempt ignored.
DEBUG - 2016-07-20 07:20:05 --> Total execution time: 0.3270
DEBUG - 2016-07-20 07:20:08 --> UTF-8 Support Disabled
DEBUG - 2016-07-20 07:20:08 --> Global POST, GET and COOKIE data sanitized
DEBUG - 2016-07-20 07:20:08 --> cURL Class Initialized
DEBUG - 2016-07-20 07:20:08 --> OAuth2 class already loaded. Second attempt ignored.
DEBUG - 2016-07-20 07:20:08 --> C:\xampp\htdocs\bondora\application\libraries/MY_Table.php exists, but does not declare MY_Table
DEBUG - 2016-07-20 07:20:08 --> Session class already loaded. Second attempt ignored.
DEBUG - 2016-07-20 07:20:09 --> Total execution time: 0.6141
DEBUG - 2016-07-20 07:20:09 --> UTF-8 Support Disabled
DEBUG - 2016-07-20 07:20:09 --> Global POST, GET and COOKIE data sanitized
DEBUG - 2016-07-20 07:20:09 --> cURL Class Initialized
DEBUG - 2016-07-20 07:20:09 --> OAuth2 class already loaded. Second attempt ignored.
DEBUG - 2016-07-20 07:20:09 --> C:\xampp\htdocs\bondora\application\libraries/MY_Table.php exists, but does not declare MY_Table
DEBUG - 2016-07-20 07:20:09 --> Session class already loaded. Second attempt ignored.
DEBUG - 2016-07-20 07:20:09 --> Total execution time: 0.3200
DEBUG - 2016-07-20 07:20:15 --> UTF-8 Support Disabled
DEBUG - 2016-07-20 07:20:15 --> Global POST, GET and COOKIE data sanitized
DEBUG - 2016-07-20 07:20:15 --> cURL Class Initialized
DEBUG - 2016-07-20 07:20:15 --> OAuth2 class already loaded. Second attempt ignored.
DEBUG - 2016-07-20 07:20:15 --> C:\xampp\htdocs\bondora\application\libraries/MY_Table.php exists, but does not declare MY_Table
DEBUG - 2016-07-20 07:20:15 --> Session class already loaded. Second attempt ignored.
DEBUG - 2016-07-20 07:20:16 --> Total execution time: 0.6001
DEBUG - 2016-07-20 07:20:16 --> UTF-8 Support Disabled
DEBUG - 2016-07-20 07:20:16 --> Global POST, GET and COOKIE data sanitized
DEBUG - 2016-07-20 07:20:16 --> cURL Class Initialized
DEBUG - 2016-07-20 07:20:16 --> OAuth2 class already loaded. Second attempt ignored.
DEBUG - 2016-07-20 07:20:16 --> C:\xampp\htdocs\bondora\application\libraries/MY_Table.php exists, but does not declare MY_Table
DEBUG - 2016-07-20 07:20:16 --> Session class already loaded. Second attempt ignored.
DEBUG - 2016-07-20 07:20:16 --> Total execution time: 0.3250
DEBUG - 2016-07-20 07:20:21 --> UTF-8 Support Disabled
DEBUG - 2016-07-20 07:20:21 --> Global POST, GET and COOKIE data sanitized
DEBUG - 2016-07-20 07:20:21 --> cURL Class Initialized
DEBUG - 2016-07-20 07:20:21 --> OAuth2 class already loaded. Second attempt ignored.
DEBUG - 2016-07-20 07:20:21 --> C:\xampp\htdocs\bondora\application\libraries/MY_Table.php exists, but does not declare MY_Table
DEBUG - 2016-07-20 07:20:21 --> Session class already loaded. Second attempt ignored.
DEBUG - 2016-07-20 07:20:22 --> Total execution time: 0.5901
DEBUG - 2016-07-20 07:20:22 --> UTF-8 Support Disabled
DEBUG - 2016-07-20 07:20:22 --> Global POST, GET and COOKIE data sanitized
DEBUG - 2016-07-20 07:20:22 --> cURL Class Initialized
DEBUG - 2016-07-20 07:20:22 --> OAuth2 class already loaded. Second attempt ignored.
DEBUG - 2016-07-20 07:20:22 --> C:\xampp\htdocs\bondora\application\libraries/MY_Table.php exists, but does not declare MY_Table
DEBUG - 2016-07-20 07:20:22 --> Session class already loaded. Second attempt ignored.
DEBUG - 2016-07-20 07:20:22 --> Total execution time: 0.3100
DEBUG - 2016-07-20 07:20:27 --> UTF-8 Support Disabled
DEBUG - 2016-07-20 07:20:27 --> Global POST, GET and COOKIE data sanitized
DEBUG - 2016-07-20 07:20:27 --> cURL Class Initialized
DEBUG - 2016-07-20 07:20:27 --> OAuth2 class already loaded. Second attempt ignored.
DEBUG - 2016-07-20 07:20:27 --> C:\xampp\htdocs\bondora\application\libraries/MY_Table.php exists, but does not declare MY_Table
DEBUG - 2016-07-20 07:20:27 --> Session class already loaded. Second attempt ignored.
DEBUG - 2016-07-20 07:20:28 --> Total execution time: 0.6201
DEBUG - 2016-07-20 07:20:28 --> UTF-8 Support Disabled
DEBUG - 2016-07-20 07:20:28 --> Global POST, GET and COOKIE data sanitized
DEBUG - 2016-07-20 07:20:28 --> cURL Class Initialized
DEBUG - 2016-07-20 07:20:28 --> OAuth2 class already loaded. Second attempt ignored.
DEBUG - 2016-07-20 07:20:28 --> C:\xampp\htdocs\bondora\application\libraries/MY_Table.php exists, but does not declare MY_Table
DEBUG - 2016-07-20 07:20:28 --> Session class already loaded. Second attempt ignored.
DEBUG - 2016-07-20 07:20:28 --> Total execution time: 0.3250
DEBUG - 2016-07-20 07:20:31 --> UTF-8 Support Disabled
DEBUG - 2016-07-20 07:20:31 --> Global POST, GET and COOKIE data sanitized
DEBUG - 2016-07-20 07:20:31 --> cURL Class Initialized
DEBUG - 2016-07-20 07:20:31 --> OAuth2 class already loaded. Second attempt ignored.
DEBUG - 2016-07-20 07:20:31 --> C:\xampp\htdocs\bondora\application\libraries/MY_Table.php exists, but does not declare MY_Table
DEBUG - 2016-07-20 07:20:31 --> Session class already loaded. Second attempt ignored.
DEBUG - 2016-07-20 07:20:32 --> Total execution time: 0.5861
DEBUG - 2016-07-20 07:20:32 --> UTF-8 Support Disabled
DEBUG - 2016-07-20 07:20:32 --> Global POST, GET and COOKIE data sanitized
DEBUG - 2016-07-20 07:20:32 --> cURL Class Initialized
DEBUG - 2016-07-20 07:20:32 --> OAuth2 class already loaded. Second attempt ignored.
DEBUG - 2016-07-20 07:20:32 --> C:\xampp\htdocs\bondora\application\libraries/MY_Table.php exists, but does not declare MY_Table
DEBUG - 2016-07-20 07:20:32 --> Session class already loaded. Second attempt ignored.
DEBUG - 2016-07-20 07:20:32 --> Total execution time: 0.3050
DEBUG - 2016-07-20 07:20:35 --> UTF-8 Support Disabled
DEBUG - 2016-07-20 07:20:35 --> Global POST, GET and COOKIE data sanitized
DEBUG - 2016-07-20 07:20:35 --> cURL Class Initialized
DEBUG - 2016-07-20 07:20:35 --> OAuth2 class already loaded. Second attempt ignored.
DEBUG - 2016-07-20 07:20:35 --> C:\xampp\htdocs\bondora\application\libraries/MY_Table.php exists, but does not declare MY_Table
DEBUG - 2016-07-20 07:20:35 --> Session class already loaded. Second attempt ignored.
DEBUG - 2016-07-20 07:20:36 --> Total execution time: 0.5951
DEBUG - 2016-07-20 07:20:36 --> UTF-8 Support Disabled
DEBUG - 2016-07-20 07:20:36 --> Global POST, GET and COOKIE data sanitized
DEBUG - 2016-07-20 07:20:36 --> cURL Class Initialized
DEBUG - 2016-07-20 07:20:36 --> OAuth2 class already loaded. Second attempt ignored.
DEBUG - 2016-07-20 07:20:36 --> C:\xampp\htdocs\bondora\application\libraries/MY_Table.php exists, but does not declare MY_Table
DEBUG - 2016-07-20 07:20:36 --> Session class already loaded. Second attempt ignored.
DEBUG - 2016-07-20 07:20:36 --> Total execution time: 0.2790
DEBUG - 2016-07-20 07:20:40 --> UTF-8 Support Disabled
DEBUG - 2016-07-20 07:20:40 --> Global POST, GET and COOKIE data sanitized
DEBUG - 2016-07-20 07:20:40 --> cURL Class Initialized
DEBUG - 2016-07-20 07:20:40 --> OAuth2 class already loaded. Second attempt ignored.
DEBUG - 2016-07-20 07:20:40 --> C:\xampp\htdocs\bondora\application\libraries/MY_Table.php exists, but does not declare MY_Table
DEBUG - 2016-07-20 07:20:40 --> Session class already loaded. Second attempt ignored.
DEBUG - 2016-07-20 07:20:40 --> Total execution time: 0.5831
DEBUG - 2016-07-20 07:20:40 --> UTF-8 Support Disabled
DEBUG - 2016-07-20 07:20:40 --> Global POST, GET and COOKIE data sanitized
DEBUG - 2016-07-20 07:20:40 --> cURL Class Initialized
DEBUG - 2016-07-20 07:20:40 --> OAuth2 class already loaded. Second attempt ignored.
DEBUG - 2016-07-20 07:20:40 --> C:\xampp\htdocs\bondora\application\libraries/MY_Table.php exists, but does not declare MY_Table
DEBUG - 2016-07-20 07:20:40 --> Session class already loaded. Second attempt ignored.
DEBUG - 2016-07-20 07:20:41 --> Total execution time: 0.3300
DEBUG - 2016-07-20 07:20:44 --> UTF-8 Support Disabled
DEBUG - 2016-07-20 07:20:44 --> Global POST, GET and COOKIE data sanitized
DEBUG - 2016-07-20 07:20:44 --> cURL Class Initialized
DEBUG - 2016-07-20 07:20:44 --> OAuth2 class already loaded. Second attempt ignored.
DEBUG - 2016-07-20 07:20:44 --> C:\xampp\htdocs\bondora\application\libraries/MY_Table.php exists, but does not declare MY_Table
DEBUG - 2016-07-20 07:20:44 --> Session class already loaded. Second attempt ignored.
DEBUG - 2016-07-20 07:20:45 --> Total execution time: 0.6201
DEBUG - 2016-07-20 07:20:45 --> UTF-8 Support Disabled
DEBUG - 2016-07-20 07:20:45 --> Global POST, GET and COOKIE data sanitized
DEBUG - 2016-07-20 07:20:45 --> cURL Class Initialized
DEBUG - 2016-07-20 07:20:45 --> OAuth2 class already loaded. Second attempt ignored.
DEBUG - 2016-07-20 07:20:45 --> C:\xampp\htdocs\bondora\application\libraries/MY_Table.php exists, but does not declare MY_Table
DEBUG - 2016-07-20 07:20:45 --> Session class already loaded. Second attempt ignored.
DEBUG - 2016-07-20 07:20:45 --> Total execution time: 0.3000
DEBUG - 2016-07-20 07:21:18 --> UTF-8 Support Disabled
DEBUG - 2016-07-20 07:21:18 --> Global POST, GET and COOKIE data sanitized
DEBUG - 2016-07-20 07:21:18 --> cURL Class Initialized
DEBUG - 2016-07-20 07:21:18 --> OAuth2 class already loaded. Second attempt ignored.
DEBUG - 2016-07-20 07:21:18 --> C:\xampp\htdocs\bondora\application\libraries/MY_Table.php exists, but does not declare MY_Table
DEBUG - 2016-07-20 07:21:18 --> Session class already loaded. Second attempt ignored.
DEBUG - 2016-07-20 07:21:18 --> SELECT *
FROM `select` `a`.*, `b`.`listedOnDate`, `b`.`xirr`, `b`.`secondaryId`, `b`.`desiredDiscountRate from bondora`.`investment_payload a LEFT JOIN bondora`.`secondary b ON a`.`loanPartId=b`.`loanPartId WHERE a`.`id=31048 and user="mehike" order by` `a`.`signedDate`, `a`.`auctionId`
DEBUG - 2016-07-20 07:21:18 --> SELECT *
FROM `select` `a`.*, `b`.`listedOnDate`, `b`.`xirr`, `b`.`secondaryId`, `b`.`desiredDiscountRate from bondora`.`investment_payload a LEFT JOIN bondora`.`secondary b ON a`.`loanPartId=b`.`loanPartId WHERE a`.`id=31047 and user="mehike" order by` `a`.`signedDate`, `a`.`auctionId`
DEBUG - 2016-07-20 07:21:18 --> SELECT *
FROM `select` `a`.*, `b`.`listedOnDate`, `b`.`xirr`, `b`.`secondaryId`, `b`.`desiredDiscountRate from bondora`.`investment_payload a LEFT JOIN bondora`.`secondary b ON a`.`loanPartId=b`.`loanPartId WHERE a`.`id=31049 and user="mehike" order by` `a`.`signedDate`, `a`.`auctionId`
DEBUG - 2016-07-20 07:21:18 --> SELECT *
FROM `select` `a`.*, `b`.`listedOnDate`, `b`.`xirr`, `b`.`secondaryId`, `b`.`desiredDiscountRate from bondora`.`investment_payload a LEFT JOIN bondora`.`secondary b ON a`.`loanPartId=b`.`loanPartId WHERE a`.`id=31030 and user="mehike" order by` `a`.`signedDate`, `a`.`auctionId`
DEBUG - 2016-07-20 07:21:18 --> SELECT *
FROM `select` `a`.*, `b`.`listedOnDate`, `b`.`xirr`, `b`.`secondaryId`, `b`.`desiredDiscountRate from bondora`.`investment_payload a LEFT JOIN bondora`.`secondary b ON a`.`loanPartId=b`.`loanPartId WHERE a`.`id=31035 and user="mehike" order by` `a`.`signedDate`, `a`.`auctionId`
DEBUG - 2016-07-20 07:21:18 --> SELECT *
FROM `select` `a`.*, `b`.`listedOnDate`, `b`.`xirr`, `b`.`secondaryId`, `b`.`desiredDiscountRate from bondora`.`investment_payload a LEFT JOIN bondora`.`secondary b ON a`.`loanPartId=b`.`loanPartId WHERE a`.`id=31037 and user="mehike" order by` `a`.`signedDate`, `a`.`auctionId`
DEBUG - 2016-07-20 07:21:18 --> SELECT *
FROM `select` `a`.*, `b`.`listedOnDate`, `b`.`xirr`, `b`.`secondaryId`, `b`.`desiredDiscountRate from bondora`.`investment_payload a LEFT JOIN bondora`.`secondary b ON a`.`loanPartId=b`.`loanPartId WHERE a`.`id=31042 and user="mehike" order by` `a`.`signedDate`, `a`.`auctionId`
DEBUG - 2016-07-20 07:21:18 --> SELECT *
FROM `select` `a`.*, `b`.`listedOnDate`, `b`.`xirr`, `b`.`secondaryId`, `b`.`desiredDiscountRate from bondora`.`investment_payload a LEFT JOIN bondora`.`secondary b ON a`.`loanPartId=b`.`loanPartId WHERE a`.`id=31044 and user="mehike" order by` `a`.`signedDate`, `a`.`auctionId`
DEBUG - 2016-07-20 07:21:18 --> SELECT *
FROM `select` `a`.*, `b`.`listedOnDate`, `b`.`xirr`, `b`.`secondaryId`, `b`.`desiredDiscountRate from bondora`.`investment_payload a LEFT JOIN bondora`.`secondary b ON a`.`loanPartId=b`.`loanPartId WHERE a`.`id=31045 and user="mehike" order by` `a`.`signedDate`, `a`.`auctionId`
DEBUG - 2016-07-20 07:21:18 --> SELECT *
FROM `select` `a`.*, `b`.`listedOnDate`, `b`.`xirr`, `b`.`secondaryId`, `b`.`desiredDiscountRate from bondora`.`investment_payload a LEFT JOIN bondora`.`secondary b ON a`.`loanPartId=b`.`loanPartId WHERE a`.`id=31046 and user="mehike" order by` `a`.`signedDate`, `a`.`auctionId`
DEBUG - 2016-07-20 07:21:18 --> SELECT *
FROM `select` `a`.*, `b`.`listedOnDate`, `b`.`xirr`, `b`.`secondaryId`, `b`.`desiredDiscountRate from bondora`.`investment_payload a LEFT JOIN bondora`.`secondary b ON a`.`loanPartId=b`.`loanPartId WHERE a`.`id=31052 and user="mehike" order by` `a`.`signedDate`, `a`.`auctionId`
DEBUG - 2016-07-20 07:21:18 --> SELECT *
FROM `select` `a`.*, `b`.`listedOnDate`, `b`.`xirr`, `b`.`secondaryId`, `b`.`desiredDiscountRate from bondora`.`investment_payload a LEFT JOIN bondora`.`secondary b ON a`.`loanPartId=b`.`loanPartId WHERE a`.`id=31053 and user="mehike" order by` `a`.`signedDate`, `a`.`auctionId`
DEBUG - 2016-07-20 07:21:18 --> SELECT *
FROM `select` `a`.*, `b`.`listedOnDate`, `b`.`xirr`, `b`.`secondaryId`, `b`.`desiredDiscountRate from bondora`.`investment_payload a LEFT JOIN bondora`.`secondary b ON a`.`loanPartId=b`.`loanPartId WHERE a`.`id=31060 and user="mehike" order by` `a`.`signedDate`, `a`.`auctionId`
DEBUG - 2016-07-20 07:21:18 --> Total execution time: 0.5651
DEBUG - 2016-07-20 07:21:18 --> UTF-8 Support Disabled
DEBUG - 2016-07-20 07:21:18 --> Global POST, GET and COOKIE data sanitized
ERROR - 2016-07-20 07:21:18 --> 404 Page Not Found: Investments/bootstrap
DEBUG - 2016-07-20 07:21:20 --> UTF-8 Support Disabled
DEBUG - 2016-07-20 07:21:20 --> Global POST, GET and COOKIE data sanitized
DEBUG - 2016-07-20 07:21:20 --> cURL Class Initialized
DEBUG - 2016-07-20 07:21:20 --> OAuth2 class already loaded. Second attempt ignored.
DEBUG - 2016-07-20 07:21:20 --> C:\xampp\htdocs\bondora\application\libraries/MY_Table.php exists, but does not declare MY_Table
DEBUG - 2016-07-20 07:21:20 --> Session class already loaded. Second attempt ignored.
DEBUG - 2016-07-20 07:21:20 --> SELECT *
FROM `select` `a`.*, `b`.`listedOnDate`, `b`.`xirr`, `b`.`secondaryId`, `b`.`desiredDiscountRate from bondora`.`investment_payload a LEFT JOIN bondora`.`secondary b ON a`.`loanPartId=b`.`loanPartId and a`.`user=b`.`user where a`.`user="mehike" order by` `a`.`signedDate`, `a`.`auctionId`
ERROR - 2016-07-20 07:21:20 --> Severity: Notice --> Undefined offset: 33 C:\xampp\htdocs\bondora\application\views\investments\index.php 880
ERROR - 2016-07-20 07:21:20 --> Severity: Notice --> Undefined offset: 33 C:\xampp\htdocs\bondora\application\views\investments\index.php 880
ERROR - 2016-07-20 07:21:20 --> Severity: Notice --> Undefined offset: 33 C:\xampp\htdocs\bondora\application\views\investments\index.php 880
ERROR - 2016-07-20 07:21:20 --> Severity: Notice --> Undefined offset: 33 C:\xampp\htdocs\bondora\application\views\investments\index.php 880
ERROR - 2016-07-20 07:21:20 --> Severity: Notice --> Undefined offset: 31 C:\xampp\htdocs\bondora\application\views\investments\index.php 880
ERROR - 2016-07-20 07:21:20 --> Severity: Notice --> Undefined offset: 33 C:\xampp\htdocs\bondora\application\views\investments\index.php 880
ERROR - 2016-07-20 07:21:20 --> Severity: Notice --> Undefined offset: 33 C:\xampp\htdocs\bondora\application\views\investments\index.php 880
ERROR - 2016-07-20 07:21:20 --> Severity: Notice --> Undefined offset: 31 C:\xampp\htdocs\bondora\application\views\investments\index.php 880
ERROR - 2016-07-20 07:21:20 --> Severity: Notice --> Undefined offset: 30 C:\xampp\htdocs\bondora\application\views\investments\index.php 880
ERROR - 2016-07-20 07:21:20 --> Severity: Notice --> Undefined offset: 31 C:\xampp\htdocs\bondora\application\views\investments\index.php 880
ERROR - 2016-07-20 07:21:20 --> Severity: Notice --> Undefined offset: 31 C:\xampp\htdocs\bondora\application\views\investments\index.php 880
ERROR - 2016-07-20 07:21:20 --> Severity: Notice --> Undefined offset: 32 C:\xampp\htdocs\bondora\application\views\investments\index.php 880
ERROR - 2016-07-20 07:21:20 --> Severity: Notice --> Undefined offset: 33 C:\xampp\htdocs\bondora\application\views\investments\index.php 880
ERROR - 2016-07-20 07:21:20 --> Severity: Notice --> Undefined offset: 33 C:\xampp\htdocs\bondora\application\views\investments\index.php 880
ERROR - 2016-07-20 07:21:20 --> Severity: Notice --> Undefined offset: 33 C:\xampp\htdocs\bondora\application\views\investments\index.php 880
ERROR - 2016-07-20 07:21:20 --> Severity: Notice --> Undefined offset: 33 C:\xampp\htdocs\bondora\application\views\investments\index.php 880
ERROR - 2016-07-20 07:21:20 --> Severity: Notice --> Undefined offset: 41 C:\xampp\htdocs\bondora\application\views\investments\index.php 880
ERROR - 2016-07-20 07:21:20 --> Severity: Notice --> Undefined offset: 30 C:\xampp\htdocs\bondora\application\views\investments\index.php 880
ERROR - 2016-07-20 07:21:20 --> Severity: Notice --> Undefined offset: 31 C:\xampp\htdocs\bondora\application\views\investments\index.php 880
ERROR - 2016-07-20 07:21:20 --> Severity: Notice --> Undefined offset: 32 C:\xampp\htdocs\bondora\application\views\investments\index.php 880
ERROR - 2016-07-20 07:21:20 --> Severity: Notice --> Undefined offset: 33 C:\xampp\htdocs\bondora\application\views\investments\index.php 880
ERROR - 2016-07-20 07:21:20 --> Severity: Notice --> Undefined offset: 31 C:\xampp\htdocs\bondora\application\views\investments\index.php 880
DEBUG - 2016-07-20 07:21:20 --> Total execution time: 0.1050
DEBUG - 2016-07-20 07:21:20 --> UTF-8 Support Disabled
DEBUG - 2016-07-20 07:21:20 --> Global POST, GET and COOKIE data sanitized
ERROR - 2016-07-20 07:21:20 --> 404 Page Not Found: Investments/bootstrap
DEBUG - 2016-07-20 07:21:22 --> UTF-8 Support Disabled
DEBUG - 2016-07-20 07:21:22 --> Global POST, GET and COOKIE data sanitized
DEBUG - 2016-07-20 07:21:22 --> cURL Class Initialized
DEBUG - 2016-07-20 07:21:22 --> OAuth2 class already loaded. Second attempt ignored.
DEBUG - 2016-07-20 07:21:22 --> C:\xampp\htdocs\bondora\application\libraries/MY_Table.php exists, but does not declare MY_Table
DEBUG - 2016-07-20 07:21:22 --> Session class already loaded. Second attempt ignored.
DEBUG - 2016-07-20 07:21:23 --> SELECT *
FROM `select` `a`.*, `b`.`listedOnDate`, `b`.`xirr`, `b`.`secondaryId`, `b`.`desiredDiscountRate from bondora`.`investment_payload a LEFT JOIN bondora`.`secondary b ON a`.`loanPartId=b`.`loanPartId and a`.`user=b`.`user where a`.`user="mehike" order by` `a`.`signedDate`, `a`.`auctionId`
ERROR - 2016-07-20 07:21:23 --> Severity: Notice --> Undefined offset: 33 C:\xampp\htdocs\bondora\application\views\investments\index.php 880
ERROR - 2016-07-20 07:21:23 --> Severity: Notice --> Undefined offset: 33 C:\xampp\htdocs\bondora\application\views\investments\index.php 880
ERROR - 2016-07-20 07:21:23 --> Severity: Notice --> Undefined offset: 33 C:\xampp\htdocs\bondora\application\views\investments\index.php 880
ERROR - 2016-07-20 07:21:23 --> Severity: Notice --> Undefined offset: 33 C:\xampp\htdocs\bondora\application\views\investments\index.php 880
ERROR - 2016-07-20 07:21:23 --> Severity: Notice --> Undefined offset: 31 C:\xampp\htdocs\bondora\application\views\investments\index.php 880
ERROR - 2016-07-20 07:21:23 --> Severity: Notice --> Undefined offset: 33 C:\xampp\htdocs\bondora\application\views\investments\index.php 880
ERROR - 2016-07-20 07:21:23 --> Severity: Notice --> Undefined offset: 33 C:\xampp\htdocs\bondora\application\views\investments\index.php 880
ERROR - 2016-07-20 07:21:23 --> Severity: Notice --> Undefined offset: 31 C:\xampp\htdocs\bondora\application\views\investments\index.php 880
ERROR - 2016-07-20 07:21:23 --> Severity: Notice --> Undefined offset: 31 C:\xampp\htdocs\bondora\application\views\investments\index.php 880
ERROR - 2016-07-20 07:21:23 --> Severity: Notice --> Undefined offset: 31 C:\xampp\htdocs\bondora\application\views\investments\index.php 880
ERROR - 2016-07-20 07:21:23 --> Severity: Notice --> Undefined offset: 32 C:\xampp\htdocs\bondora\application\views\investments\index.php 880
ERROR - 2016-07-20 07:21:23 --> Severity: Notice --> Undefined offset: 33 C:\xampp\htdocs\bondora\application\views\investments\index.php 880
ERROR - 2016-07-20 07:21:23 --> Severity: Notice --> Undefined offset: 33 C:\xampp\htdocs\bondora\application\views\investments\index.php 880
ERROR - 2016-07-20 07:21:23 --> Severity: Notice --> Undefined offset: 33 C:\xampp\htdocs\bondora\application\views\investments\index.php 880
ERROR - 2016-07-20 07:21:23 --> Severity: Notice --> Undefined offset: 33 C:\xampp\htdocs\bondora\application\views\investments\index.php 880
ERROR - 2016-07-20 07:21:23 --> Severity: Notice --> Undefined offset: 41 C:\xampp\htdocs\bondora\application\views\investments\index.php 880
ERROR - 2016-07-20 07:21:23 --> Severity: Notice --> Undefined offset: 31 C:\xampp\htdocs\bondora\application\views\investments\index.php 880
ERROR - 2016-07-20 07:21:23 --> Severity: Notice --> Undefined offset: 32 C:\xampp\htdocs\bondora\application\views\investments\index.php 880
ERROR - 2016-07-20 07:21:23 --> Severity: Notice --> Undefined offset: 33 C:\xampp\htdocs\bondora\application\views\investments\index.php 880
ERROR - 2016-07-20 07:21:23 --> Severity: Notice --> Undefined offset: 31 C:\xampp\htdocs\bondora\application\views\investments\index.php 880
DEBUG - 2016-07-20 07:21:23 --> Total execution time: 1.1002
DEBUG - 2016-07-20 07:21:23 --> UTF-8 Support Disabled
DEBUG - 2016-07-20 07:21:23 --> Global POST, GET and COOKIE data sanitized
ERROR - 2016-07-20 07:21:23 --> 404 Page Not Found: Investments/bootstrap
DEBUG - 2016-07-20 07:21:27 --> UTF-8 Support Disabled
DEBUG - 2016-07-20 07:21:27 --> Global POST, GET and COOKIE data sanitized
DEBUG - 2016-07-20 07:21:27 --> cURL Class Initialized
DEBUG - 2016-07-20 07:21:27 --> OAuth2 class already loaded. Second attempt ignored.
DEBUG - 2016-07-20 07:21:27 --> C:\xampp\htdocs\bondora\application\libraries/MY_Table.php exists, but does not declare MY_Table
DEBUG - 2016-07-20 07:21:27 --> Session class already loaded. Second attempt ignored.
DEBUG - 2016-07-20 07:21:28 --> Total execution time: 0.5861
DEBUG - 2016-07-20 07:21:28 --> UTF-8 Support Disabled
DEBUG - 2016-07-20 07:21:28 --> Global POST, GET and COOKIE data sanitized
DEBUG - 2016-07-20 07:21:28 --> cURL Class Initialized
DEBUG - 2016-07-20 07:21:28 --> OAuth2 class already loaded. Second attempt ignored.
DEBUG - 2016-07-20 07:21:28 --> C:\xampp\htdocs\bondora\application\libraries/MY_Table.php exists, but does not declare MY_Table
DEBUG - 2016-07-20 07:21:28 --> Session class already loaded. Second attempt ignored.
DEBUG - 2016-07-20 07:21:28 --> Total execution time: 0.3300
DEBUG - 2016-07-20 07:21:31 --> UTF-8 Support Disabled
DEBUG - 2016-07-20 07:21:31 --> Global POST, GET and COOKIE data sanitized
DEBUG - 2016-07-20 07:21:31 --> cURL Class Initialized
DEBUG - 2016-07-20 07:21:31 --> OAuth2 class already loaded. Second attempt ignored.
DEBUG - 2016-07-20 07:21:31 --> C:\xampp\htdocs\bondora\application\libraries/MY_Table.php exists, but does not declare MY_Table
DEBUG - 2016-07-20 07:21:31 --> Session class already loaded. Second attempt ignored.
DEBUG - 2016-07-20 07:21:31 --> Total execution time: 0.5761
DEBUG - 2016-07-20 07:21:31 --> UTF-8 Support Disabled
DEBUG - 2016-07-20 07:21:31 --> Global POST, GET and COOKIE data sanitized
DEBUG - 2016-07-20 07:21:31 --> cURL Class Initialized
DEBUG - 2016-07-20 07:21:31 --> OAuth2 class already loaded. Second attempt ignored.
DEBUG - 2016-07-20 07:21:31 --> C:\xampp\htdocs\bondora\application\libraries/MY_Table.php exists, but does not declare MY_Table
DEBUG - 2016-07-20 07:21:31 --> Session class already loaded. Second attempt ignored.
DEBUG - 2016-07-20 07:21:32 --> Total execution time: 0.3150
DEBUG - 2016-07-20 07:21:35 --> UTF-8 Support Disabled
DEBUG - 2016-07-20 07:21:35 --> Global POST, GET and COOKIE data sanitized
DEBUG - 2016-07-20 07:21:35 --> cURL Class Initialized
DEBUG - 2016-07-20 07:21:35 --> OAuth2 class already loaded. Second attempt ignored.
DEBUG - 2016-07-20 07:21:35 --> C:\xampp\htdocs\bondora\application\libraries/MY_Table.php exists, but does not declare MY_Table
DEBUG - 2016-07-20 07:21:35 --> Session class already loaded. Second attempt ignored.
DEBUG - 2016-07-20 07:21:36 --> Total execution time: 0.5601
DEBUG - 2016-07-20 07:21:36 --> UTF-8 Support Disabled
DEBUG - 2016-07-20 07:21:36 --> Global POST, GET and COOKIE data sanitized
DEBUG - 2016-07-20 07:21:36 --> cURL Class Initialized
DEBUG - 2016-07-20 07:21:36 --> OAuth2 class already loaded. Second attempt ignored.
DEBUG - 2016-07-20 07:21:36 --> C:\xampp\htdocs\bondora\application\libraries/MY_Table.php exists, but does not declare MY_Table
DEBUG - 2016-07-20 07:21:36 --> Session class already loaded. Second attempt ignored.
DEBUG - 2016-07-20 07:21:36 --> Total execution time: 0.2820
DEBUG - 2016-07-20 07:21:39 --> UTF-8 Support Disabled
DEBUG - 2016-07-20 07:21:39 --> Global POST, GET and COOKIE data sanitized
DEBUG - 2016-07-20 07:21:39 --> cURL Class Initialized
DEBUG - 2016-07-20 07:21:39 --> OAuth2 class already loaded. Second attempt ignored.
DEBUG - 2016-07-20 07:21:39 --> C:\xampp\htdocs\bondora\application\libraries/MY_Table.php exists, but does not declare MY_Table
DEBUG - 2016-07-20 07:21:39 --> Session class already loaded. Second attempt ignored.
DEBUG - 2016-07-20 07:21:40 --> Total execution time: 0.5801
DEBUG - 2016-07-20 07:21:40 --> UTF-8 Support Disabled
DEBUG - 2016-07-20 07:21:40 --> Global POST, GET and COOKIE data sanitized
DEBUG - 2016-07-20 07:21:40 --> cURL Class Initialized
DEBUG - 2016-07-20 07:21:40 --> OAuth2 class already loaded. Second attempt ignored.
DEBUG - 2016-07-20 07:21:40 --> C:\xampp\htdocs\bondora\application\libraries/MY_Table.php exists, but does not declare MY_Table
DEBUG - 2016-07-20 07:21:40 --> Session class already loaded. Second attempt ignored.
DEBUG - 2016-07-20 07:21:40 --> Total execution time: 0.3200
DEBUG - 2016-07-20 07:21:44 --> UTF-8 Support Disabled
DEBUG - 2016-07-20 07:21:44 --> Global POST, GET and COOKIE data sanitized
DEBUG - 2016-07-20 07:21:44 --> cURL Class Initialized
DEBUG - 2016-07-20 07:21:44 --> OAuth2 class already loaded. Second attempt ignored.
DEBUG - 2016-07-20 07:21:44 --> C:\xampp\htdocs\bondora\application\libraries/MY_Table.php exists, but does not declare MY_Table
DEBUG - 2016-07-20 07:21:44 --> Session class already loaded. Second attempt ignored.
DEBUG - 2016-07-20 07:21:45 --> Total execution time: 0.5451
DEBUG - 2016-07-20 07:21:45 --> UTF-8 Support Disabled
DEBUG - 2016-07-20 07:21:45 --> Global POST, GET and COOKIE data sanitized
DEBUG - 2016-07-20 07:21:45 --> cURL Class Initialized
DEBUG - 2016-07-20 07:21:45 --> OAuth2 class already loaded. Second attempt ignored.
DEBUG - 2016-07-20 07:21:45 --> C:\xampp\htdocs\bondora\application\libraries/MY_Table.php exists, but does not declare MY_Table
DEBUG - 2016-07-20 07:21:45 --> Session class already loaded. Second attempt ignored.
DEBUG - 2016-07-20 07:21:45 --> Total execution time: 0.3000
DEBUG - 2016-07-20 07:21:48 --> UTF-8 Support Disabled
DEBUG - 2016-07-20 07:21:48 --> Global POST, GET and COOKIE data sanitized
DEBUG - 2016-07-20 07:21:48 --> cURL Class Initialized
DEBUG - 2016-07-20 07:21:48 --> OAuth2 class already loaded. Second attempt ignored.
DEBUG - 2016-07-20 07:21:48 --> C:\xampp\htdocs\bondora\application\libraries/MY_Table.php exists, but does not declare MY_Table
DEBUG - 2016-07-20 07:21:48 --> Session class already loaded. Second attempt ignored.
DEBUG - 2016-07-20 07:21:48 --> Total execution time: 0.5751
DEBUG - 2016-07-20 07:21:48 --> UTF-8 Support Disabled
DEBUG - 2016-07-20 07:21:48 --> Global POST, GET and COOKIE data sanitized
DEBUG - 2016-07-20 07:21:48 --> cURL Class Initialized
DEBUG - 2016-07-20 07:21:48 --> OAuth2 class already loaded. Second attempt ignored.
DEBUG - 2016-07-20 07:21:48 --> C:\xampp\htdocs\bondora\application\libraries/MY_Table.php exists, but does not declare MY_Table
DEBUG - 2016-07-20 07:21:48 --> Session class already loaded. Second attempt ignored.
DEBUG - 2016-07-20 07:21:49 --> Total execution time: 0.3050
DEBUG - 2016-07-20 07:21:51 --> UTF-8 Support Disabled
DEBUG - 2016-07-20 07:21:51 --> Global POST, GET and COOKIE data sanitized
DEBUG - 2016-07-20 07:21:51 --> cURL Class Initialized
DEBUG - 2016-07-20 07:21:51 --> OAuth2 class already loaded. Second attempt ignored.
DEBUG - 2016-07-20 07:21:51 --> C:\xampp\htdocs\bondora\application\libraries/MY_Table.php exists, but does not declare MY_Table
DEBUG - 2016-07-20 07:21:51 --> Session class already loaded. Second attempt ignored.
DEBUG - 2016-07-20 07:21:52 --> Total execution time: 0.5901
DEBUG - 2016-07-20 07:21:52 --> UTF-8 Support Disabled
DEBUG - 2016-07-20 07:21:52 --> Global POST, GET and COOKIE data sanitized
DEBUG - 2016-07-20 07:21:52 --> cURL Class Initialized
DEBUG - 2016-07-20 07:21:52 --> OAuth2 class already loaded. Second attempt ignored.
DEBUG - 2016-07-20 07:21:52 --> C:\xampp\htdocs\bondora\application\libraries/MY_Table.php exists, but does not declare MY_Table
DEBUG - 2016-07-20 07:21:52 --> Session class already loaded. Second attempt ignored.
DEBUG - 2016-07-20 07:21:52 --> Total execution time: 0.3150
DEBUG - 2016-07-20 07:22:10 --> UTF-8 Support Disabled
DEBUG - 2016-07-20 07:22:10 --> Global POST, GET and COOKIE data sanitized
DEBUG - 2016-07-20 07:22:10 --> cURL Class Initialized
DEBUG - 2016-07-20 07:22:10 --> OAuth2 class already loaded. Second attempt ignored.
DEBUG - 2016-07-20 07:22:10 --> C:\xampp\htdocs\bondora\application\libraries/MY_Table.php exists, but does not declare MY_Table
DEBUG - 2016-07-20 07:22:10 --> Session class already loaded. Second attempt ignored.
DEBUG - 2016-07-20 07:22:10 --> SELECT *
FROM `select` `a`.*, `b`.`listedOnDate`, `b`.`xirr`, `b`.`secondaryId`, `b`.`desiredDiscountRate from bondora`.`investment_payload a LEFT JOIN bondora`.`secondary b ON a`.`loanPartId=b`.`loanPartId WHERE a`.`id=31070 and user="mehike" order by` `a`.`signedDate`, `a`.`auctionId`
DEBUG - 2016-07-20 07:22:10 --> SELECT *
FROM `select` `a`.*, `b`.`listedOnDate`, `b`.`xirr`, `b`.`secondaryId`, `b`.`desiredDiscountRate from bondora`.`investment_payload a LEFT JOIN bondora`.`secondary b ON a`.`loanPartId=b`.`loanPartId WHERE a`.`id=31074 and user="mehike" order by` `a`.`signedDate`, `a`.`auctionId`
DEBUG - 2016-07-20 07:22:10 --> SELECT *
FROM `select` `a`.*, `b`.`listedOnDate`, `b`.`xirr`, `b`.`secondaryId`, `b`.`desiredDiscountRate from bondora`.`investment_payload a LEFT JOIN bondora`.`secondary b ON a`.`loanPartId=b`.`loanPartId WHERE a`.`id=31076 and user="mehike" order by` `a`.`signedDate`, `a`.`auctionId`
DEBUG - 2016-07-20 07:22:10 --> SELECT *
FROM `select` `a`.*, `b`.`listedOnDate`, `b`.`xirr`, `b`.`secondaryId`, `b`.`desiredDiscountRate from bondora`.`investment_payload a LEFT JOIN bondora`.`secondary b ON a`.`loanPartId=b`.`loanPartId WHERE a`.`id=31077 and user="mehike" order by` `a`.`signedDate`, `a`.`auctionId`
DEBUG - 2016-07-20 07:22:10 --> SELECT *
FROM `select` `a`.*, `b`.`listedOnDate`, `b`.`xirr`, `b`.`secondaryId`, `b`.`desiredDiscountRate from bondora`.`investment_payload a LEFT JOIN bondora`.`secondary b ON a`.`loanPartId=b`.`loanPartId WHERE a`.`id=31092 and user="mehike" order by` `a`.`signedDate`, `a`.`auctionId`
DEBUG - 2016-07-20 07:22:10 --> SELECT *
FROM `select` `a`.*, `b`.`listedOnDate`, `b`.`xirr`, `b`.`secondaryId`, `b`.`desiredDiscountRate from bondora`.`investment_payload a LEFT JOIN bondora`.`secondary b ON a`.`loanPartId=b`.`loanPartId WHERE a`.`id=31095 and user="mehike" order by` `a`.`signedDate`, `a`.`auctionId`
DEBUG - 2016-07-20 07:22:10 --> SELECT *
FROM `select` `a`.*, `b`.`listedOnDate`, `b`.`xirr`, `b`.`secondaryId`, `b`.`desiredDiscountRate from bondora`.`investment_payload a LEFT JOIN bondora`.`secondary b ON a`.`loanPartId=b`.`loanPartId WHERE a`.`id=31097 and user="mehike" order by` `a`.`signedDate`, `a`.`auctionId`
DEBUG - 2016-07-20 07:22:11 --> Total execution time: 0.6271
DEBUG - 2016-07-20 07:22:11 --> UTF-8 Support Disabled
DEBUG - 2016-07-20 07:22:11 --> Global POST, GET and COOKIE data sanitized
ERROR - 2016-07-20 07:22:11 --> 404 Page Not Found: Investments/bootstrap
DEBUG - 2016-07-20 07:22:12 --> UTF-8 Support Disabled
DEBUG - 2016-07-20 07:22:12 --> Global POST, GET and COOKIE data sanitized
DEBUG - 2016-07-20 07:22:13 --> cURL Class Initialized
DEBUG - 2016-07-20 07:22:13 --> OAuth2 class already loaded. Second attempt ignored.
DEBUG - 2016-07-20 07:22:13 --> C:\xampp\htdocs\bondora\application\libraries/MY_Table.php exists, but does not declare MY_Table
DEBUG - 2016-07-20 07:22:13 --> Session class already loaded. Second attempt ignored.
DEBUG - 2016-07-20 07:22:13 --> SELECT *
FROM `select` `a`.*, `b`.`listedOnDate`, `b`.`xirr`, `b`.`secondaryId`, `b`.`desiredDiscountRate from bondora`.`investment_payload a LEFT JOIN bondora`.`secondary b ON a`.`loanPartId=b`.`loanPartId and a`.`user=b`.`user where a`.`user="mehike" order by` `a`.`signedDate`, `a`.`auctionId`
ERROR - 2016-07-20 07:22:13 --> Severity: Notice --> Undefined offset: 33 C:\xampp\htdocs\bondora\application\views\investments\index.php 880
ERROR - 2016-07-20 07:22:13 --> Severity: Notice --> Undefined offset: 33 C:\xampp\htdocs\bondora\application\views\investments\index.php 880
ERROR - 2016-07-20 07:22:13 --> Severity: Notice --> Undefined offset: 33 C:\xampp\htdocs\bondora\application\views\investments\index.php 880
ERROR - 2016-07-20 07:22:13 --> Severity: Notice --> Undefined offset: 33 C:\xampp\htdocs\bondora\application\views\investments\index.php 880
ERROR - 2016-07-20 07:22:13 --> Severity: Notice --> Undefined offset: 31 C:\xampp\htdocs\bondora\application\views\investments\index.php 880
ERROR - 2016-07-20 07:22:13 --> Severity: Notice --> Undefined offset: 33 C:\xampp\htdocs\bondora\application\views\investments\index.php 880
ERROR - 2016-07-20 07:22:13 --> Severity: Notice --> Undefined offset: 33 C:\xampp\htdocs\bondora\application\views\investments\index.php 880
ERROR - 2016-07-20 07:22:13 --> Severity: Notice --> Undefined offset: 31 C:\xampp\htdocs\bondora\application\views\investments\index.php 880
ERROR - 2016-07-20 07:22:13 --> Severity: Notice --> Undefined offset: 30 C:\xampp\htdocs\bondora\application\views\investments\index.php 880
ERROR - 2016-07-20 07:22:13 --> Severity: Notice --> Undefined offset: 31 C:\xampp\htdocs\bondora\application\views\investments\index.php 880
ERROR - 2016-07-20 07:22:13 --> Severity: Notice --> Undefined offset: 31 C:\xampp\htdocs\bondora\application\views\investments\index.php 880
ERROR - 2016-07-20 07:22:13 --> Severity: Notice --> Undefined offset: 32 C:\xampp\htdocs\bondora\application\views\investments\index.php 880
ERROR - 2016-07-20 07:22:13 --> Severity: Notice --> Undefined offset: 33 C:\xampp\htdocs\bondora\application\views\investments\index.php 880
ERROR - 2016-07-20 07:22:13 --> Severity: Notice --> Undefined offset: 33 C:\xampp\htdocs\bondora\application\views\investments\index.php 880
ERROR - 2016-07-20 07:22:13 --> Severity: Notice --> Undefined offset: 33 C:\xampp\htdocs\bondora\application\views\investments\index.php 880
ERROR - 2016-07-20 07:22:13 --> Severity: Notice --> Undefined offset: 33 C:\xampp\htdocs\bondora\application\views\investments\index.php 880
ERROR - 2016-07-20 07:22:13 --> Severity: Notice --> Undefined offset: 41 C:\xampp\htdocs\bondora\application\views\investments\index.php 880
ERROR - 2016-07-20 07:22:13 --> Severity: Notice --> Undefined offset: 30 C:\xampp\htdocs\bondora\application\views\investments\index.php 880
ERROR - 2016-07-20 07:22:13 --> Severity: Notice --> Undefined offset: 31 C:\xampp\htdocs\bondora\application\views\investments\index.php 880
ERROR - 2016-07-20 07:22:13 --> Severity: Notice --> Undefined offset: 32 C:\xampp\htdocs\bondora\application\views\investments\index.php 880
ERROR - 2016-07-20 07:22:13 --> Severity: Notice --> Undefined offset: 33 C:\xampp\htdocs\bondora\application\views\investments\index.php 880
ERROR - 2016-07-20 07:22:13 --> Severity: Notice --> Undefined offset: 31 C:\xampp\htdocs\bondora\application\views\investments\index.php 880
DEBUG - 2016-07-20 07:22:13 --> Total execution time: 0.0850
DEBUG - 2016-07-20 07:22:13 --> UTF-8 Support Disabled
DEBUG - 2016-07-20 07:22:13 --> Global POST, GET and COOKIE data sanitized
ERROR - 2016-07-20 07:22:13 --> 404 Page Not Found: Investments/bootstrap
DEBUG - 2016-07-20 07:22:15 --> UTF-8 Support Disabled
DEBUG - 2016-07-20 07:22:15 --> Global POST, GET and COOKIE data sanitized
DEBUG - 2016-07-20 07:22:15 --> cURL Class Initialized
DEBUG - 2016-07-20 07:22:15 --> OAuth2 class already loaded. Second attempt ignored.
DEBUG - 2016-07-20 07:22:15 --> C:\xampp\htdocs\bondora\application\libraries/MY_Table.php exists, but does not declare MY_Table
DEBUG - 2016-07-20 07:22:15 --> Session class already loaded. Second attempt ignored.
DEBUG - 2016-07-20 07:22:15 --> Total execution time: 0.1100
DEBUG - 2016-07-20 07:22:15 --> UTF-8 Support Disabled
DEBUG - 2016-07-20 07:22:15 --> Global POST, GET and COOKIE data sanitized
ERROR - 2016-07-20 07:22:15 --> 404 Page Not Found: Secondary/bootstrap
DEBUG - 2016-07-20 07:22:16 --> UTF-8 Support Disabled
DEBUG - 2016-07-20 07:22:16 --> Global POST, GET and COOKIE data sanitized
DEBUG - 2016-07-20 07:22:16 --> cURL Class Initialized
DEBUG - 2016-07-20 07:22:16 --> OAuth2 class already loaded. Second attempt ignored.
DEBUG - 2016-07-20 07:22:16 --> C:\xampp\htdocs\bondora\application\libraries/MY_Table.php exists, but does not declare MY_Table
DEBUG - 2016-07-20 07:22:16 --> Session class already loaded. Second attempt ignored.
ERROR - 2016-07-20 07:22:16 --> Severity: Notice --> Trying to get property of non-object C:\xampp\htdocs\bondora\application\controllers\Secondary.php 602
ERROR - 2016-07-20 07:22:16 --> Severity: Notice --> Undefined index: all C:\xampp\htdocs\bondora\application\controllers\Secondary.php 605
DEBUG - 2016-07-20 07:22:16 --> UTF-8 Support Disabled
DEBUG - 2016-07-20 07:22:16 --> Global POST, GET and COOKIE data sanitized
DEBUG - 2016-07-20 07:22:16 --> cURL Class Initialized
DEBUG - 2016-07-20 07:22:16 --> OAuth2 class already loaded. Second attempt ignored.
DEBUG - 2016-07-20 07:22:16 --> C:\xampp\htdocs\bondora\application\libraries/MY_Table.php exists, but does not declare MY_Table
DEBUG - 2016-07-20 07:22:16 --> Session class already loaded. Second attempt ignored.
DEBUG - 2016-07-20 07:22:16 --> Total execution time: 0.0700
DEBUG - 2016-07-20 07:22:16 --> UTF-8 Support Disabled
DEBUG - 2016-07-20 07:22:16 --> Global POST, GET and COOKIE data sanitized
ERROR - 2016-07-20 07:22:17 --> 404 Page Not Found: Secondary/bootstrap
DEBUG - 2016-07-20 07:22:19 --> UTF-8 Support Disabled
DEBUG - 2016-07-20 07:22:19 --> Global POST, GET and COOKIE data sanitized
DEBUG - 2016-07-20 07:22:19 --> cURL Class Initialized
DEBUG - 2016-07-20 07:22:19 --> OAuth2 class already loaded. Second attempt ignored.
DEBUG - 2016-07-20 07:22:19 --> C:\xampp\htdocs\bondora\application\libraries/MY_Table.php exists, but does not declare MY_Table
DEBUG - 2016-07-20 07:22:19 --> Session class already loaded. Second attempt ignored.
ERROR - 2016-07-20 07:22:19 --> Severity: Notice --> Trying to get property of non-object C:\xampp\htdocs\bondora\application\controllers\Secondary.php 602
ERROR - 2016-07-20 07:22:19 --> Severity: Notice --> Undefined index: all C:\xampp\htdocs\bondora\application\controllers\Secondary.php 605
DEBUG - 2016-07-20 07:22:19 --> UTF-8 Support Disabled
DEBUG - 2016-07-20 07:22:20 --> Global POST, GET and COOKIE data sanitized
DEBUG - 2016-07-20 07:22:20 --> cURL Class Initialized
DEBUG - 2016-07-20 07:22:20 --> OAuth2 class already loaded. Second attempt ignored.
DEBUG - 2016-07-20 07:22:20 --> C:\xampp\htdocs\bondora\application\libraries/MY_Table.php exists, but does not declare MY_Table
DEBUG - 2016-07-20 07:22:20 --> Session class already loaded. Second attempt ignored.
DEBUG - 2016-07-20 07:22:20 --> Total execution time: 0.0650
DEBUG - 2016-07-20 07:22:20 --> UTF-8 Support Disabled
DEBUG - 2016-07-20 07:22:20 --> Global POST, GET and COOKIE data sanitized
ERROR - 2016-07-20 07:22:20 --> 404 Page Not Found: Secondary/bootstrap
DEBUG - 2016-07-20 07:22:21 --> UTF-8 Support Disabled
DEBUG - 2016-07-20 07:22:21 --> Global POST, GET and COOKIE data sanitized
DEBUG - 2016-07-20 07:22:21 --> cURL Class Initialized
DEBUG - 2016-07-20 07:22:21 --> OAuth2 class already loaded. Second attempt ignored.
DEBUG - 2016-07-20 07:22:21 --> C:\xampp\htdocs\bondora\application\libraries/MY_Table.php exists, but does not declare MY_Table
DEBUG - 2016-07-20 07:22:21 --> Session class already loaded. Second attempt ignored.
DEBUG - 2016-07-20 07:22:21 --> SELECT *
FROM `select` `a`.*, `b`.`listedOnDate`, `b`.`xirr`, `b`.`secondaryId`, `b`.`desiredDiscountRate from bondora`.`investment_payload a LEFT JOIN bondora`.`secondary b ON a`.`loanPartId=b`.`loanPartId and a`.`user=b`.`user where a`.`user="mehike" order by` `a`.`signedDate`, `a`.`auctionId`
ERROR - 2016-07-20 07:22:21 --> Severity: Notice --> Undefined offset: 33 C:\xampp\htdocs\bondora\application\views\investments\index.php 880
ERROR - 2016-07-20 07:22:21 --> Severity: Notice --> Undefined offset: 33 C:\xampp\htdocs\bondora\application\views\investments\index.php 880
ERROR - 2016-07-20 07:22:21 --> Severity: Notice --> Undefined offset: 33 C:\xampp\htdocs\bondora\application\views\investments\index.php 880
ERROR - 2016-07-20 07:22:21 --> Severity: Notice --> Undefined offset: 33 C:\xampp\htdocs\bondora\application\views\investments\index.php 880
ERROR - 2016-07-20 07:22:21 --> Severity: Notice --> Undefined offset: 31 C:\xampp\htdocs\bondora\application\views\investments\index.php 880
ERROR - 2016-07-20 07:22:21 --> Severity: Notice --> Undefined offset: 33 C:\xampp\htdocs\bondora\application\views\investments\index.php 880
ERROR - 2016-07-20 07:22:21 --> Severity: Notice --> Undefined offset: 33 C:\xampp\htdocs\bondora\application\views\investments\index.php 880
ERROR - 2016-07-20 07:22:21 --> Severity: Notice --> Undefined offset: 31 C:\xampp\htdocs\bondora\application\views\investments\index.php 880
ERROR - 2016-07-20 07:22:21 --> Severity: Notice --> Undefined offset: 30 C:\xampp\htdocs\bondora\application\views\investments\index.php 880
ERROR - 2016-07-20 07:22:21 --> Severity: Notice --> Undefined offset: 31 C:\xampp\htdocs\bondora\application\views\investments\index.php 880
ERROR - 2016-07-20 07:22:21 --> Severity: Notice --> Undefined offset: 31 C:\xampp\htdocs\bondora\application\views\investments\index.php 880
ERROR - 2016-07-20 07:22:21 --> Severity: Notice --> Undefined offset: 32 C:\xampp\htdocs\bondora\application\views\investments\index.php 880
ERROR - 2016-07-20 07:22:21 --> Severity: Notice --> Undefined offset: 33 C:\xampp\htdocs\bondora\application\views\investments\index.php 880
ERROR - 2016-07-20 07:22:21 --> Severity: Notice --> Undefined offset: 33 C:\xampp\htdocs\bondora\application\views\investments\index.php 880
ERROR - 2016-07-20 07:22:21 --> Severity: Notice --> Undefined offset: 33 C:\xampp\htdocs\bondora\application\views\investments\index.php 880
ERROR - 2016-07-20 07:22:21 --> Severity: Notice --> Undefined offset: 33 C:\xampp\htdocs\bondora\application\views\investments\index.php 880
ERROR - 2016-07-20 07:22:21 --> Severity: Notice --> Undefined offset: 41 C:\xampp\htdocs\bondora\application\views\investments\index.php 880
ERROR - 2016-07-20 07:22:21 --> Severity: Notice --> Undefined offset: 30 C:\xampp\htdocs\bondora\application\views\investments\index.php 880
ERROR - 2016-07-20 07:22:21 --> Severity: Notice --> Undefined offset: 31 C:\xampp\htdocs\bondora\application\views\investments\index.php 880
ERROR - 2016-07-20 07:22:21 --> Severity: Notice --> Undefined offset: 32 C:\xampp\htdocs\bondora\application\views\investments\index.php 880
ERROR - 2016-07-20 07:22:21 --> Severity: Notice --> Undefined offset: 33 C:\xampp\htdocs\bondora\application\views\investments\index.php 880
ERROR - 2016-07-20 07:22:21 --> Severity: Notice --> Undefined offset: 31 C:\xampp\htdocs\bondora\application\views\investments\index.php 880
DEBUG - 2016-07-20 07:22:21 --> Total execution time: 0.2550
DEBUG - 2016-07-20 07:22:21 --> UTF-8 Support Disabled
DEBUG - 2016-07-20 07:22:21 --> Global POST, GET and COOKIE data sanitized
ERROR - 2016-07-20 07:22:21 --> 404 Page Not Found: Investments/bootstrap
DEBUG - 2016-07-20 07:22:23 --> UTF-8 Support Disabled
DEBUG - 2016-07-20 07:22:23 --> Global POST, GET and COOKIE data sanitized
DEBUG - 2016-07-20 07:22:23 --> cURL Class Initialized
DEBUG - 2016-07-20 07:22:23 --> OAuth2 class already loaded. Second attempt ignored.
DEBUG - 2016-07-20 07:22:23 --> C:\xampp\htdocs\bondora\application\libraries/MY_Table.php exists, but does not declare MY_Table
DEBUG - 2016-07-20 07:22:23 --> Session class already loaded. Second attempt ignored.
DEBUG - 2016-07-20 07:22:24 --> SELECT *
FROM `select` `a`.*, `b`.`listedOnDate`, `b`.`xirr`, `b`.`secondaryId`, `b`.`desiredDiscountRate from bondora`.`investment_payload a LEFT JOIN bondora`.`secondary b ON a`.`loanPartId=b`.`loanPartId and a`.`user=b`.`user where a`.`user="mehike" order by` `a`.`signedDate`, `a`.`auctionId`
ERROR - 2016-07-20 07:22:24 --> Severity: Notice --> Undefined offset: 33 C:\xampp\htdocs\bondora\application\views\investments\index.php 880
ERROR - 2016-07-20 07:22:24 --> Severity: Notice --> Undefined offset: 33 C:\xampp\htdocs\bondora\application\views\investments\index.php 880
ERROR - 2016-07-20 07:22:24 --> Severity: Notice --> Undefined offset: 33 C:\xampp\htdocs\bondora\application\views\investments\index.php 880
ERROR - 2016-07-20 07:22:24 --> Severity: Notice --> Undefined offset: 33 C:\xampp\htdocs\bondora\application\views\investments\index.php 880
ERROR - 2016-07-20 07:22:24 --> Severity: Notice --> Undefined offset: 31 C:\xampp\htdocs\bondora\application\views\investments\index.php 880
ERROR - 2016-07-20 07:22:24 --> Severity: Notice --> Undefined offset: 33 C:\xampp\htdocs\bondora\application\views\investments\index.php 880
ERROR - 2016-07-20 07:22:24 --> Severity: Notice --> Undefined offset: 33 C:\xampp\htdocs\bondora\application\views\investments\index.php 880
ERROR - 2016-07-20 07:22:24 --> Severity: Notice --> Undefined offset: 31 C:\xampp\htdocs\bondora\application\views\investments\index.php 880
ERROR - 2016-07-20 07:22:24 --> Severity: Notice --> Undefined offset: 31 C:\xampp\htdocs\bondora\application\views\investments\index.php 880
ERROR - 2016-07-20 07:22:24 --> Severity: Notice --> Undefined offset: 31 C:\xampp\htdocs\bondora\application\views\investments\index.php 880
ERROR - 2016-07-20 07:22:24 --> Severity: Notice --> Undefined offset: 32 C:\xampp\htdocs\bondora\application\views\investments\index.php 880
ERROR - 2016-07-20 07:22:24 --> Severity: Notice --> Undefined offset: 33 C:\xampp\htdocs\bondora\application\views\investments\index.php 880
ERROR - 2016-07-20 07:22:24 --> Severity: Notice --> Undefined offset: 33 C:\xampp\htdocs\bondora\application\views\investments\index.php 880
ERROR - 2016-07-20 07:22:24 --> Severity: Notice --> Undefined offset: 33 C:\xampp\htdocs\bondora\application\views\investments\index.php 880
ERROR - 2016-07-20 07:22:24 --> Severity: Notice --> Undefined offset: 33 C:\xampp\htdocs\bondora\application\views\investments\index.php 880
ERROR - 2016-07-20 07:22:24 --> Severity: Notice --> Undefined offset: 41 C:\xampp\htdocs\bondora\application\views\investments\index.php 880
ERROR - 2016-07-20 07:22:24 --> Severity: Notice --> Undefined offset: 31 C:\xampp\htdocs\bondora\application\views\investments\index.php 880
ERROR - 2016-07-20 07:22:24 --> Severity: Notice --> Undefined offset: 32 C:\xampp\htdocs\bondora\application\views\investments\index.php 880
ERROR - 2016-07-20 07:22:24 --> Severity: Notice --> Undefined offset: 33 C:\xampp\htdocs\bondora\application\views\investments\index.php 880
ERROR - 2016-07-20 07:22:24 --> Severity: Notice --> Undefined offset: 31 C:\xampp\htdocs\bondora\application\views\investments\index.php 880
DEBUG - 2016-07-20 07:22:24 --> Total execution time: 1.0501
DEBUG - 2016-07-20 07:22:24 --> UTF-8 Support Disabled
DEBUG - 2016-07-20 07:22:24 --> Global POST, GET and COOKIE data sanitized
ERROR - 2016-07-20 07:22:24 --> 404 Page Not Found: Investments/bootstrap
