DEBUG - 2016-08-07 04:38:37 --> UTF-8 Support Disabled
DEBUG - 2016-08-07 04:38:37 --> Global POST, GET and COOKIE data sanitized
DEBUG - 2016-08-07 04:38:38 --> cURL Class Initialized
DEBUG - 2016-08-07 04:38:38 --> OAuth2 class already loaded. Second attempt ignored.
DEBUG - 2016-08-07 04:38:38 --> C:\xampp\htdocs\bondora\application\libraries/MY_Table.php exists, but does not declare MY_Table
DEBUG - 2016-08-07 04:38:38 --> Session class already loaded. Second attempt ignored.
DEBUG - 2016-08-07 04:38:38 --> UTF-8 Support Disabled
DEBUG - 2016-08-07 04:38:38 --> Global POST, GET and COOKIE data sanitized
DEBUG - 2016-08-07 04:38:38 --> cURL Class Initialized
DEBUG - 2016-08-07 04:38:38 --> OAuth2 class already loaded. Second attempt ignored.
DEBUG - 2016-08-07 04:38:38 --> Session class already loaded. Second attempt ignored.
DEBUG - 2016-08-07 04:38:38 --> Total execution time: 0.0530
DEBUG - 2016-08-07 04:38:38 --> UTF-8 Support Disabled
DEBUG - 2016-08-07 04:38:38 --> Global POST, GET and COOKIE data sanitized
ERROR - 2016-08-07 04:38:38 --> 404 Page Not Found: User/bootstrap
DEBUG - 2016-08-07 04:38:40 --> UTF-8 Support Disabled
DEBUG - 2016-08-07 04:38:40 --> Global POST, GET and COOKIE data sanitized
DEBUG - 2016-08-07 04:38:40 --> cURL Class Initialized
DEBUG - 2016-08-07 04:38:40 --> OAuth2 class already loaded. Second attempt ignored.
DEBUG - 2016-08-07 04:38:40 --> Session class already loaded. Second attempt ignored.
DEBUG - 2016-08-07 04:38:41 --> UTF-8 Support Disabled
DEBUG - 2016-08-07 04:38:41 --> Global POST, GET and COOKIE data sanitized
DEBUG - 2016-08-07 04:38:41 --> cURL Class Initialized
DEBUG - 2016-08-07 04:38:41 --> OAuth2 class already loaded. Second attempt ignored.
DEBUG - 2016-08-07 04:38:41 --> C:\xampp\htdocs\bondora\application\libraries/MY_Table.php exists, but does not declare MY_Table
DEBUG - 2016-08-07 04:38:41 --> Session class already loaded. Second attempt ignored.
DEBUG - 2016-08-07 04:38:41 --> SELECT *
FROM `select` `a`.*, `b`.`statusCode from auction_payload a LEFT JOIN bid_payload b ON a`.`auctionId=b`.`auctionId and a`.`user=b`.`userName where` `user="mehike"`
DEBUG - 2016-08-07 04:38:41 --> Total execution time: 0.1080
DEBUG - 2016-08-07 04:38:41 --> UTF-8 Support Disabled
DEBUG - 2016-08-07 04:38:41 --> Global POST, GET and COOKIE data sanitized
ERROR - 2016-08-07 04:38:41 --> 404 Page Not Found: Auctions/bootstrap
DEBUG - 2016-08-07 04:38:43 --> UTF-8 Support Disabled
DEBUG - 2016-08-07 04:38:43 --> Global POST, GET and COOKIE data sanitized
DEBUG - 2016-08-07 04:38:43 --> cURL Class Initialized
DEBUG - 2016-08-07 04:38:43 --> OAuth2 class already loaded. Second attempt ignored.
DEBUG - 2016-08-07 04:38:43 --> C:\xampp\htdocs\bondora\application\libraries/MY_Table.php exists, but does not declare MY_Table
DEBUG - 2016-08-07 04:38:43 --> Session class already loaded. Second attempt ignored.
DEBUG - 2016-08-07 04:38:43 --> SELECT *
FROM `select` `a`.*, `b`.`listedOnDate`, `b`.`xirr`, `b`.`secondaryId`, `b`.`desiredDiscountRate from bondora`.`investment_payload a LEFT JOIN bondora`.`secondary b ON a`.`loanPartId=b`.`loanPartId and a`.`user=b`.`user where a`.`user="mehike" order by` `a`.`signedDate`, `a`.`auctionId`
ERROR - 2016-08-07 04:38:43 --> Severity: Notice --> Undefined offset: 33 C:\xampp\htdocs\bondora\application\views\investments\index.php 880
ERROR - 2016-08-07 04:38:43 --> Severity: Notice --> Undefined offset: 33 C:\xampp\htdocs\bondora\application\views\investments\index.php 880
ERROR - 2016-08-07 04:38:43 --> Severity: Notice --> Undefined offset: 33 C:\xampp\htdocs\bondora\application\views\investments\index.php 880
ERROR - 2016-08-07 04:38:43 --> Severity: Notice --> Undefined offset: 33 C:\xampp\htdocs\bondora\application\views\investments\index.php 880
ERROR - 2016-08-07 04:38:43 --> Severity: Notice --> Undefined offset: 31 C:\xampp\htdocs\bondora\application\views\investments\index.php 880
ERROR - 2016-08-07 04:38:43 --> Severity: Notice --> Undefined offset: 33 C:\xampp\htdocs\bondora\application\views\investments\index.php 880
ERROR - 2016-08-07 04:38:43 --> Severity: Notice --> Undefined offset: 33 C:\xampp\htdocs\bondora\application\views\investments\index.php 880
ERROR - 2016-08-07 04:38:43 --> Severity: Notice --> Undefined offset: 30 C:\xampp\htdocs\bondora\application\views\investments\index.php 880
ERROR - 2016-08-07 04:38:43 --> Severity: Notice --> Undefined offset: 32 C:\xampp\htdocs\bondora\application\views\investments\index.php 880
ERROR - 2016-08-07 04:38:43 --> Severity: Notice --> Undefined offset: 32 C:\xampp\htdocs\bondora\application\views\investments\index.php 880
ERROR - 2016-08-07 04:38:43 --> Severity: Notice --> Undefined offset: 32 C:\xampp\htdocs\bondora\application\views\investments\index.php 880
ERROR - 2016-08-07 04:38:43 --> Severity: Notice --> Undefined offset: 33 C:\xampp\htdocs\bondora\application\views\investments\index.php 880
ERROR - 2016-08-07 04:38:43 --> Severity: Notice --> Undefined offset: 33 C:\xampp\htdocs\bondora\application\views\investments\index.php 880
ERROR - 2016-08-07 04:38:43 --> Severity: Notice --> Undefined offset: 33 C:\xampp\htdocs\bondora\application\views\investments\index.php 880
ERROR - 2016-08-07 04:38:43 --> Severity: Notice --> Undefined offset: 33 C:\xampp\htdocs\bondora\application\views\investments\index.php 880
ERROR - 2016-08-07 04:38:43 --> Severity: Notice --> Undefined offset: 41 C:\xampp\htdocs\bondora\application\views\investments\index.php 880
ERROR - 2016-08-07 04:38:43 --> Severity: Notice --> Undefined offset: 30 C:\xampp\htdocs\bondora\application\views\investments\index.php 880
ERROR - 2016-08-07 04:38:43 --> Severity: Notice --> Undefined offset: 31 C:\xampp\htdocs\bondora\application\views\investments\index.php 880
ERROR - 2016-08-07 04:38:43 --> Severity: Notice --> Undefined offset: 33 C:\xampp\htdocs\bondora\application\views\investments\index.php 880
ERROR - 2016-08-07 04:38:43 --> Severity: Notice --> Undefined offset: 33 C:\xampp\htdocs\bondora\application\views\investments\index.php 880
ERROR - 2016-08-07 04:38:43 --> Severity: Notice --> Undefined offset: 32 C:\xampp\htdocs\bondora\application\views\investments\index.php 880
DEBUG - 2016-08-07 04:38:43 --> Total execution time: 0.1020
DEBUG - 2016-08-07 04:38:43 --> UTF-8 Support Disabled
DEBUG - 2016-08-07 04:38:43 --> Global POST, GET and COOKIE data sanitized
ERROR - 2016-08-07 04:38:43 --> 404 Page Not Found: Investments/bootstrap
DEBUG - 2016-08-07 04:38:45 --> UTF-8 Support Disabled
DEBUG - 2016-08-07 04:38:45 --> Global POST, GET and COOKIE data sanitized
DEBUG - 2016-08-07 04:38:45 --> cURL Class Initialized
DEBUG - 2016-08-07 04:38:45 --> OAuth2 class already loaded. Second attempt ignored.
DEBUG - 2016-08-07 04:38:45 --> C:\xampp\htdocs\bondora\application\libraries/MY_Table.php exists, but does not declare MY_Table
DEBUG - 2016-08-07 04:38:45 --> Session class already loaded. Second attempt ignored.
DEBUG - 2016-08-07 04:38:47 --> UTF-8 Support Disabled
DEBUG - 2016-08-07 04:38:47 --> Global POST, GET and COOKIE data sanitized
DEBUG - 2016-08-07 04:38:47 --> cURL Class Initialized
DEBUG - 2016-08-07 04:38:47 --> OAuth2 class already loaded. Second attempt ignored.
DEBUG - 2016-08-07 04:38:55 --> UTF-8 Support Disabled
DEBUG - 2016-08-07 04:38:55 --> Global POST, GET and COOKIE data sanitized
DEBUG - 2016-08-07 04:38:55 --> cURL Class Initialized
DEBUG - 2016-08-07 04:38:55 --> OAuth2 class already loaded. Second attempt ignored.
DEBUG - 2016-08-07 04:38:58 --> UTF-8 Support Disabled
DEBUG - 2016-08-07 04:38:58 --> Global POST, GET and COOKIE data sanitized
DEBUG - 2016-08-07 04:38:58 --> cURL Class Initialized
DEBUG - 2016-08-07 04:38:58 --> OAuth2 class already loaded. Second attempt ignored.
DEBUG - 2016-08-07 04:38:58 --> C:\xampp\htdocs\bondora\application\libraries/MY_Table.php exists, but does not declare MY_Table
DEBUG - 2016-08-07 04:38:58 --> Session class already loaded. Second attempt ignored.
DEBUG - 2016-08-07 04:38:58 --> SELECT *
FROM `select` `a`.*, `b`.`listedOnDate`, `b`.`xirr`, `b`.`secondaryId`, `b`.`desiredDiscountRate from bondora`.`investment_payload a LEFT JOIN bondora`.`secondary b ON a`.`loanPartId=b`.`loanPartId and a`.`user=b`.`user where a`.`user="mehike" order by` `a`.`signedDate`, `a`.`auctionId`
ERROR - 2016-08-07 04:38:59 --> Severity: Notice --> Undefined offset: 33 C:\xampp\htdocs\bondora\application\views\investments\index.php 880
ERROR - 2016-08-07 04:38:59 --> Severity: Notice --> Undefined offset: 33 C:\xampp\htdocs\bondora\application\views\investments\index.php 880
ERROR - 2016-08-07 04:38:59 --> Severity: Notice --> Undefined offset: 33 C:\xampp\htdocs\bondora\application\views\investments\index.php 880
ERROR - 2016-08-07 04:38:59 --> Severity: Notice --> Undefined offset: 33 C:\xampp\htdocs\bondora\application\views\investments\index.php 880
ERROR - 2016-08-07 04:38:59 --> Severity: Notice --> Undefined offset: 31 C:\xampp\htdocs\bondora\application\views\investments\index.php 880
ERROR - 2016-08-07 04:38:59 --> Severity: Notice --> Undefined offset: 33 C:\xampp\htdocs\bondora\application\views\investments\index.php 880
ERROR - 2016-08-07 04:38:59 --> Severity: Notice --> Undefined offset: 33 C:\xampp\htdocs\bondora\application\views\investments\index.php 880
ERROR - 2016-08-07 04:38:59 --> Severity: Notice --> Undefined offset: 30 C:\xampp\htdocs\bondora\application\views\investments\index.php 880
ERROR - 2016-08-07 04:38:59 --> Severity: Notice --> Undefined offset: 32 C:\xampp\htdocs\bondora\application\views\investments\index.php 880
ERROR - 2016-08-07 04:38:59 --> Severity: Notice --> Undefined offset: 32 C:\xampp\htdocs\bondora\application\views\investments\index.php 880
ERROR - 2016-08-07 04:38:59 --> Severity: Notice --> Undefined offset: 32 C:\xampp\htdocs\bondora\application\views\investments\index.php 880
ERROR - 2016-08-07 04:38:59 --> Severity: Notice --> Undefined offset: 33 C:\xampp\htdocs\bondora\application\views\investments\index.php 880
ERROR - 2016-08-07 04:38:59 --> Severity: Notice --> Undefined offset: 33 C:\xampp\htdocs\bondora\application\views\investments\index.php 880
ERROR - 2016-08-07 04:38:59 --> Severity: Notice --> Undefined offset: 33 C:\xampp\htdocs\bondora\application\views\investments\index.php 880
ERROR - 2016-08-07 04:38:59 --> Severity: Notice --> Undefined offset: 33 C:\xampp\htdocs\bondora\application\views\investments\index.php 880
ERROR - 2016-08-07 04:38:59 --> Severity: Notice --> Undefined offset: 41 C:\xampp\htdocs\bondora\application\views\investments\index.php 880
ERROR - 2016-08-07 04:38:59 --> Severity: Notice --> Undefined offset: 30 C:\xampp\htdocs\bondora\application\views\investments\index.php 880
ERROR - 2016-08-07 04:38:59 --> Severity: Notice --> Undefined offset: 31 C:\xampp\htdocs\bondora\application\views\investments\index.php 880
ERROR - 2016-08-07 04:38:59 --> Severity: Notice --> Undefined offset: 33 C:\xampp\htdocs\bondora\application\views\investments\index.php 880
ERROR - 2016-08-07 04:38:59 --> Severity: Notice --> Undefined offset: 33 C:\xampp\htdocs\bondora\application\views\investments\index.php 880
ERROR - 2016-08-07 04:38:59 --> Severity: Notice --> Undefined offset: 32 C:\xampp\htdocs\bondora\application\views\investments\index.php 880
DEBUG - 2016-08-07 04:38:59 --> Total execution time: 0.6420
DEBUG - 2016-08-07 04:38:59 --> UTF-8 Support Disabled
DEBUG - 2016-08-07 04:38:59 --> Global POST, GET and COOKIE data sanitized
ERROR - 2016-08-07 04:38:59 --> 404 Page Not Found: Investments/bootstrap
