DEBUG - 2016-07-04 07:14:18 --> UTF-8 Support Disabled
DEBUG - 2016-07-04 07:14:18 --> Global POST, GET and COOKIE data sanitized
DEBUG - 2016-07-04 07:14:18 --> cURL Class Initialized
DEBUG - 2016-07-04 07:14:18 --> OAuth2 class already loaded. Second attempt ignored.
DEBUG - 2016-07-04 07:14:18 --> C:\xampp\htdocs\bondora\application\libraries/MY_Table.php exists, but does not declare MY_Table
DEBUG - 2016-07-04 07:14:18 --> Session class already loaded. Second attempt ignored.
DEBUG - 2016-07-04 07:14:18 --> UTF-8 Support Disabled
DEBUG - 2016-07-04 07:14:18 --> Global POST, GET and COOKIE data sanitized
DEBUG - 2016-07-04 07:14:18 --> cURL Class Initialized
DEBUG - 2016-07-04 07:14:18 --> OAuth2 class already loaded. Second attempt ignored.
DEBUG - 2016-07-04 07:14:18 --> Session class already loaded. Second attempt ignored.
DEBUG - 2016-07-04 07:14:18 --> Total execution time: 0.0620
DEBUG - 2016-07-04 07:14:18 --> UTF-8 Support Disabled
DEBUG - 2016-07-04 07:14:18 --> Global POST, GET and COOKIE data sanitized
ERROR - 2016-07-04 07:14:18 --> 404 Page Not Found: User/bootstrap
DEBUG - 2016-07-04 07:14:23 --> UTF-8 Support Disabled
DEBUG - 2016-07-04 07:14:23 --> Global POST, GET and COOKIE data sanitized
DEBUG - 2016-07-04 07:14:23 --> cURL Class Initialized
DEBUG - 2016-07-04 07:14:23 --> OAuth2 class already loaded. Second attempt ignored.
DEBUG - 2016-07-04 07:14:23 --> Session class already loaded. Second attempt ignored.
DEBUG - 2016-07-04 07:14:23 --> UTF-8 Support Disabled
DEBUG - 2016-07-04 07:14:23 --> Global POST, GET and COOKIE data sanitized
DEBUG - 2016-07-04 07:14:23 --> cURL Class Initialized
DEBUG - 2016-07-04 07:14:23 --> OAuth2 class already loaded. Second attempt ignored.
DEBUG - 2016-07-04 07:14:23 --> C:\xampp\htdocs\bondora\application\libraries/MY_Table.php exists, but does not declare MY_Table
DEBUG - 2016-07-04 07:14:23 --> Session class already loaded. Second attempt ignored.
DEBUG - 2016-07-04 07:14:23 --> SELECT *
FROM `select` `a`.*, `b`.`statusCode from auction_payload a LEFT JOIN bid_payload b ON a`.`auctionId=b`.`auctionId and a`.`user=b`.`userName where` `user="mehike"`
DEBUG - 2016-07-04 07:14:23 --> Total execution time: 0.1800
DEBUG - 2016-07-04 07:14:23 --> UTF-8 Support Disabled
DEBUG - 2016-07-04 07:14:23 --> Global POST, GET and COOKIE data sanitized
ERROR - 2016-07-04 07:14:23 --> 404 Page Not Found: Auctions/bootstrap
DEBUG - 2016-07-04 07:14:26 --> UTF-8 Support Disabled
DEBUG - 2016-07-04 07:14:26 --> Global POST, GET and COOKIE data sanitized
DEBUG - 2016-07-04 07:14:26 --> cURL Class Initialized
DEBUG - 2016-07-04 07:14:26 --> OAuth2 class already loaded. Second attempt ignored.
DEBUG - 2016-07-04 07:14:26 --> C:\xampp\htdocs\bondora\application\libraries/MY_Table.php exists, but does not declare MY_Table
DEBUG - 2016-07-04 07:14:26 --> Session class already loaded. Second attempt ignored.
DEBUG - 2016-07-04 07:14:26 --> UTF-8 Support Disabled
DEBUG - 2016-07-04 07:14:26 --> Global POST, GET and COOKIE data sanitized
DEBUG - 2016-07-04 07:14:26 --> cURL Class Initialized
DEBUG - 2016-07-04 07:14:26 --> OAuth2 class already loaded. Second attempt ignored.
DEBUG - 2016-07-04 07:14:35 --> UTF-8 Support Disabled
DEBUG - 2016-07-04 07:14:35 --> Global POST, GET and COOKIE data sanitized
DEBUG - 2016-07-04 07:14:35 --> cURL Class Initialized
DEBUG - 2016-07-04 07:14:35 --> OAuth2 class already loaded. Second attempt ignored.
DEBUG - 2016-07-04 07:14:36 --> UTF-8 Support Disabled
DEBUG - 2016-07-04 07:14:36 --> Global POST, GET and COOKIE data sanitized
DEBUG - 2016-07-04 07:14:36 --> cURL Class Initialized
DEBUG - 2016-07-04 07:14:36 --> OAuth2 class already loaded. Second attempt ignored.
DEBUG - 2016-07-04 07:14:38 --> UTF-8 Support Disabled
DEBUG - 2016-07-04 07:14:38 --> Global POST, GET and COOKIE data sanitized
DEBUG - 2016-07-04 07:14:39 --> cURL Class Initialized
DEBUG - 2016-07-04 07:14:39 --> OAuth2 class already loaded. Second attempt ignored.
DEBUG - 2016-07-04 07:14:41 --> UTF-8 Support Disabled
DEBUG - 2016-07-04 07:14:41 --> Global POST, GET and COOKIE data sanitized
DEBUG - 2016-07-04 07:14:41 --> cURL Class Initialized
DEBUG - 2016-07-04 07:14:41 --> OAuth2 class already loaded. Second attempt ignored.
DEBUG - 2016-07-04 07:14:41 --> C:\xampp\htdocs\bondora\application\libraries/MY_Table.php exists, but does not declare MY_Table
DEBUG - 2016-07-04 07:14:41 --> Session class already loaded. Second attempt ignored.
DEBUG - 2016-07-04 07:14:42 --> UTF-8 Support Disabled
DEBUG - 2016-07-04 07:14:42 --> Global POST, GET and COOKIE data sanitized
DEBUG - 2016-07-04 07:14:42 --> cURL Class Initialized
DEBUG - 2016-07-04 07:14:42 --> OAuth2 class already loaded. Second attempt ignored.
DEBUG - 2016-07-04 07:14:44 --> UTF-8 Support Disabled
DEBUG - 2016-07-04 07:14:44 --> Global POST, GET and COOKIE data sanitized
DEBUG - 2016-07-04 07:14:44 --> cURL Class Initialized
DEBUG - 2016-07-04 07:14:44 --> OAuth2 class already loaded. Second attempt ignored.
DEBUG - 2016-07-04 07:14:45 --> UTF-8 Support Disabled
DEBUG - 2016-07-04 07:14:45 --> Global POST, GET and COOKIE data sanitized
DEBUG - 2016-07-04 07:14:45 --> cURL Class Initialized
DEBUG - 2016-07-04 07:14:45 --> OAuth2 class already loaded. Second attempt ignored.
DEBUG - 2016-07-04 07:14:47 --> UTF-8 Support Disabled
DEBUG - 2016-07-04 07:14:47 --> Global POST, GET and COOKIE data sanitized
DEBUG - 2016-07-04 07:14:47 --> cURL Class Initialized
DEBUG - 2016-07-04 07:14:47 --> OAuth2 class already loaded. Second attempt ignored.
DEBUG - 2016-07-04 07:14:47 --> C:\xampp\htdocs\bondora\application\libraries/MY_Table.php exists, but does not declare MY_Table
DEBUG - 2016-07-04 07:14:47 --> Session class already loaded. Second attempt ignored.
DEBUG - 2016-07-04 07:14:47 --> SELECT *
FROM `select` `a`.*, `b`.`statusCode from auction_payload a LEFT JOIN bid_payload b ON a`.`auctionId=b`.`auctionId and a`.`user=b`.`userName where` `user="mehike"`
DEBUG - 2016-07-04 07:14:47 --> Total execution time: 0.4230
DEBUG - 2016-07-04 07:14:48 --> UTF-8 Support Disabled
DEBUG - 2016-07-04 07:14:48 --> Global POST, GET and COOKIE data sanitized
ERROR - 2016-07-04 07:14:48 --> 404 Page Not Found: Auctions/bootstrap
DEBUG - 2016-07-04 07:14:53 --> UTF-8 Support Disabled
DEBUG - 2016-07-04 07:14:53 --> Global POST, GET and COOKIE data sanitized
DEBUG - 2016-07-04 07:14:53 --> cURL Class Initialized
DEBUG - 2016-07-04 07:14:53 --> OAuth2 class already loaded. Second attempt ignored.
DEBUG - 2016-07-04 07:14:53 --> C:\xampp\htdocs\bondora\application\libraries/MY_Table.php exists, but does not declare MY_Table
DEBUG - 2016-07-04 07:14:53 --> Session class already loaded. Second attempt ignored.
DEBUG - 2016-07-04 07:14:53 --> SELECT *
FROM `select` `a`.*, `b`.`listedOnDate`, `b`.`xirr`, `b`.`secondaryId`, `b`.`desiredDiscountRate from bondora`.`investment_payload a LEFT JOIN bondora`.`secondary b ON a`.`loanPartId=b`.`loanPartId and a`.`user=b`.`user where a`.`user="mehike" order by` `a`.`signedDate`, `a`.`auctionId`
ERROR - 2016-07-04 07:14:53 --> Severity: Notice --> Undefined offset: 33 C:\xampp\htdocs\bondora\application\views\investments\index.php 880
ERROR - 2016-07-04 07:14:53 --> Severity: Notice --> Undefined offset: 33 C:\xampp\htdocs\bondora\application\views\investments\index.php 880
ERROR - 2016-07-04 07:14:53 --> Severity: Notice --> Undefined offset: 33 C:\xampp\htdocs\bondora\application\views\investments\index.php 880
ERROR - 2016-07-04 07:14:53 --> Severity: Notice --> Undefined offset: 32 C:\xampp\htdocs\bondora\application\views\investments\index.php 880
ERROR - 2016-07-04 07:14:53 --> Severity: Notice --> Undefined offset: 33 C:\xampp\htdocs\bondora\application\views\investments\index.php 880
ERROR - 2016-07-04 07:14:53 --> Severity: Notice --> Undefined offset: 31 C:\xampp\htdocs\bondora\application\views\investments\index.php 880
ERROR - 2016-07-04 07:14:53 --> Severity: Notice --> Undefined offset: 33 C:\xampp\htdocs\bondora\application\views\investments\index.php 880
ERROR - 2016-07-04 07:14:53 --> Severity: Notice --> Undefined offset: 32 C:\xampp\htdocs\bondora\application\views\investments\index.php 880
ERROR - 2016-07-04 07:14:53 --> Severity: Notice --> Undefined offset: 31 C:\xampp\htdocs\bondora\application\views\investments\index.php 880
ERROR - 2016-07-04 07:14:53 --> Severity: Notice --> Undefined offset: 30 C:\xampp\htdocs\bondora\application\views\investments\index.php 880
ERROR - 2016-07-04 07:14:53 --> Severity: Notice --> Undefined offset: 31 C:\xampp\htdocs\bondora\application\views\investments\index.php 880
ERROR - 2016-07-04 07:14:53 --> Severity: Notice --> Undefined offset: 31 C:\xampp\htdocs\bondora\application\views\investments\index.php 880
ERROR - 2016-07-04 07:14:53 --> Severity: Notice --> Undefined offset: 32 C:\xampp\htdocs\bondora\application\views\investments\index.php 880
ERROR - 2016-07-04 07:14:53 --> Severity: Notice --> Undefined offset: 33 C:\xampp\htdocs\bondora\application\views\investments\index.php 880
ERROR - 2016-07-04 07:14:53 --> Severity: Notice --> Undefined offset: 32 C:\xampp\htdocs\bondora\application\views\investments\index.php 880
ERROR - 2016-07-04 07:14:53 --> Severity: Notice --> Undefined offset: 33 C:\xampp\htdocs\bondora\application\views\investments\index.php 880
ERROR - 2016-07-04 07:14:53 --> Severity: Notice --> Undefined offset: 32 C:\xampp\htdocs\bondora\application\views\investments\index.php 880
ERROR - 2016-07-04 07:14:53 --> Severity: Notice --> Undefined offset: 33 C:\xampp\htdocs\bondora\application\views\investments\index.php 880
ERROR - 2016-07-04 07:14:53 --> Severity: Notice --> Undefined offset: 41 C:\xampp\htdocs\bondora\application\views\investments\index.php 880
ERROR - 2016-07-04 07:14:53 --> Severity: Notice --> Undefined offset: 30 C:\xampp\htdocs\bondora\application\views\investments\index.php 880
ERROR - 2016-07-04 07:14:53 --> Severity: Notice --> Undefined offset: 30 C:\xampp\htdocs\bondora\application\views\investments\index.php 880
ERROR - 2016-07-04 07:14:53 --> Severity: Notice --> Undefined offset: 31 C:\xampp\htdocs\bondora\application\views\investments\index.php 880
ERROR - 2016-07-04 07:14:53 --> Severity: Notice --> Undefined offset: 33 C:\xampp\htdocs\bondora\application\views\investments\index.php 880
ERROR - 2016-07-04 07:14:53 --> Severity: Notice --> Undefined offset: 31 C:\xampp\htdocs\bondora\application\views\investments\index.php 880
DEBUG - 2016-07-04 07:14:53 --> Total execution time: 0.1100
DEBUG - 2016-07-04 07:14:53 --> UTF-8 Support Disabled
DEBUG - 2016-07-04 07:14:53 --> Global POST, GET and COOKIE data sanitized
ERROR - 2016-07-04 07:14:53 --> 404 Page Not Found: Investments/bootstrap
DEBUG - 2016-07-04 07:14:54 --> UTF-8 Support Disabled
DEBUG - 2016-07-04 07:14:54 --> Global POST, GET and COOKIE data sanitized
DEBUG - 2016-07-04 07:14:54 --> cURL Class Initialized
DEBUG - 2016-07-04 07:14:54 --> OAuth2 class already loaded. Second attempt ignored.
DEBUG - 2016-07-04 07:14:54 --> C:\xampp\htdocs\bondora\application\libraries/MY_Table.php exists, but does not declare MY_Table
DEBUG - 2016-07-04 07:14:54 --> Session class already loaded. Second attempt ignored.
DEBUG - 2016-07-04 07:14:56 --> SELECT *
FROM `select` `a`.*, `b`.`listedOnDate`, `b`.`xirr`, `b`.`secondaryId`, `b`.`desiredDiscountRate from bondora`.`investment_payload a LEFT JOIN bondora`.`secondary b ON a`.`loanPartId=b`.`loanPartId and a`.`user=b`.`user where a`.`user="mehike" order by` `a`.`signedDate`, `a`.`auctionId`
ERROR - 2016-07-04 07:14:56 --> Severity: Notice --> Undefined offset: 33 C:\xampp\htdocs\bondora\application\views\investments\index.php 880
ERROR - 2016-07-04 07:14:56 --> Severity: Notice --> Undefined offset: 33 C:\xampp\htdocs\bondora\application\views\investments\index.php 880
ERROR - 2016-07-04 07:14:56 --> Severity: Notice --> Undefined offset: 33 C:\xampp\htdocs\bondora\application\views\investments\index.php 880
ERROR - 2016-07-04 07:14:56 --> Severity: Notice --> Undefined offset: 32 C:\xampp\htdocs\bondora\application\views\investments\index.php 880
ERROR - 2016-07-04 07:14:56 --> Severity: Notice --> Undefined offset: 33 C:\xampp\htdocs\bondora\application\views\investments\index.php 880
ERROR - 2016-07-04 07:14:56 --> Severity: Notice --> Undefined offset: 31 C:\xampp\htdocs\bondora\application\views\investments\index.php 880
ERROR - 2016-07-04 07:14:56 --> Severity: Notice --> Undefined offset: 33 C:\xampp\htdocs\bondora\application\views\investments\index.php 880
ERROR - 2016-07-04 07:14:56 --> Severity: Notice --> Undefined offset: 32 C:\xampp\htdocs\bondora\application\views\investments\index.php 880
ERROR - 2016-07-04 07:14:56 --> Severity: Notice --> Undefined offset: 31 C:\xampp\htdocs\bondora\application\views\investments\index.php 880
ERROR - 2016-07-04 07:14:56 --> Severity: Notice --> Undefined offset: 31 C:\xampp\htdocs\bondora\application\views\investments\index.php 880
ERROR - 2016-07-04 07:14:56 --> Severity: Notice --> Undefined offset: 31 C:\xampp\htdocs\bondora\application\views\investments\index.php 880
ERROR - 2016-07-04 07:14:56 --> Severity: Notice --> Undefined offset: 32 C:\xampp\htdocs\bondora\application\views\investments\index.php 880
ERROR - 2016-07-04 07:14:56 --> Severity: Notice --> Undefined offset: 33 C:\xampp\htdocs\bondora\application\views\investments\index.php 880
ERROR - 2016-07-04 07:14:56 --> Severity: Notice --> Undefined offset: 32 C:\xampp\htdocs\bondora\application\views\investments\index.php 880
ERROR - 2016-07-04 07:14:56 --> Severity: Notice --> Undefined offset: 33 C:\xampp\htdocs\bondora\application\views\investments\index.php 880
ERROR - 2016-07-04 07:14:56 --> Severity: Notice --> Undefined offset: 32 C:\xampp\htdocs\bondora\application\views\investments\index.php 880
ERROR - 2016-07-04 07:14:56 --> Severity: Notice --> Undefined offset: 33 C:\xampp\htdocs\bondora\application\views\investments\index.php 880
ERROR - 2016-07-04 07:14:56 --> Severity: Notice --> Undefined offset: 41 C:\xampp\htdocs\bondora\application\views\investments\index.php 880
ERROR - 2016-07-04 07:14:56 --> Severity: Notice --> Undefined offset: 30 C:\xampp\htdocs\bondora\application\views\investments\index.php 880
ERROR - 2016-07-04 07:14:56 --> Severity: Notice --> Undefined offset: 31 C:\xampp\htdocs\bondora\application\views\investments\index.php 880
ERROR - 2016-07-04 07:14:56 --> Severity: Notice --> Undefined offset: 33 C:\xampp\htdocs\bondora\application\views\investments\index.php 880
ERROR - 2016-07-04 07:14:56 --> Severity: Notice --> Undefined offset: 31 C:\xampp\htdocs\bondora\application\views\investments\index.php 880
DEBUG - 2016-07-04 07:14:56 --> Total execution time: 1.8101
DEBUG - 2016-07-04 07:14:56 --> UTF-8 Support Disabled
DEBUG - 2016-07-04 07:14:56 --> Global POST, GET and COOKIE data sanitized
ERROR - 2016-07-04 07:14:56 --> 404 Page Not Found: Investments/bootstrap
DEBUG - 2016-07-04 07:15:17 --> UTF-8 Support Disabled
DEBUG - 2016-07-04 07:15:17 --> Global POST, GET and COOKIE data sanitized
DEBUG - 2016-07-04 07:15:17 --> cURL Class Initialized
DEBUG - 2016-07-04 07:15:17 --> OAuth2 class already loaded. Second attempt ignored.
DEBUG - 2016-07-04 07:15:17 --> C:\xampp\htdocs\bondora\application\libraries/MY_Table.php exists, but does not declare MY_Table
DEBUG - 2016-07-04 07:15:17 --> Session class already loaded. Second attempt ignored.
DEBUG - 2016-07-04 07:15:17 --> Total execution time: 0.6660
DEBUG - 2016-07-04 07:15:18 --> UTF-8 Support Disabled
DEBUG - 2016-07-04 07:15:18 --> Global POST, GET and COOKIE data sanitized
DEBUG - 2016-07-04 07:15:18 --> cURL Class Initialized
DEBUG - 2016-07-04 07:15:18 --> OAuth2 class already loaded. Second attempt ignored.
DEBUG - 2016-07-04 07:15:18 --> C:\xampp\htdocs\bondora\application\libraries/MY_Table.php exists, but does not declare MY_Table
DEBUG - 2016-07-04 07:15:18 --> Session class already loaded. Second attempt ignored.
DEBUG - 2016-07-04 07:15:18 --> Total execution time: 0.2970
DEBUG - 2016-07-04 07:15:24 --> UTF-8 Support Disabled
DEBUG - 2016-07-04 07:15:24 --> Global POST, GET and COOKIE data sanitized
DEBUG - 2016-07-04 07:15:24 --> cURL Class Initialized
DEBUG - 2016-07-04 07:15:24 --> OAuth2 class already loaded. Second attempt ignored.
DEBUG - 2016-07-04 07:15:24 --> C:\xampp\htdocs\bondora\application\libraries/MY_Table.php exists, but does not declare MY_Table
DEBUG - 2016-07-04 07:15:24 --> Session class already loaded. Second attempt ignored.
DEBUG - 2016-07-04 07:15:25 --> Total execution time: 0.6550
DEBUG - 2016-07-04 07:15:25 --> UTF-8 Support Disabled
DEBUG - 2016-07-04 07:15:25 --> Global POST, GET and COOKIE data sanitized
DEBUG - 2016-07-04 07:15:25 --> cURL Class Initialized
DEBUG - 2016-07-04 07:15:25 --> OAuth2 class already loaded. Second attempt ignored.
DEBUG - 2016-07-04 07:15:25 --> C:\xampp\htdocs\bondora\application\libraries/MY_Table.php exists, but does not declare MY_Table
DEBUG - 2016-07-04 07:15:25 --> Session class already loaded. Second attempt ignored.
DEBUG - 2016-07-04 07:15:25 --> Total execution time: 0.2990
DEBUG - 2016-07-04 07:15:29 --> UTF-8 Support Disabled
DEBUG - 2016-07-04 07:15:29 --> Global POST, GET and COOKIE data sanitized
DEBUG - 2016-07-04 07:15:29 --> cURL Class Initialized
DEBUG - 2016-07-04 07:15:29 --> OAuth2 class already loaded. Second attempt ignored.
DEBUG - 2016-07-04 07:15:29 --> C:\xampp\htdocs\bondora\application\libraries/MY_Table.php exists, but does not declare MY_Table
DEBUG - 2016-07-04 07:15:29 --> Session class already loaded. Second attempt ignored.
DEBUG - 2016-07-04 07:15:30 --> Total execution time: 0.5790
DEBUG - 2016-07-04 07:15:30 --> UTF-8 Support Disabled
DEBUG - 2016-07-04 07:15:30 --> Global POST, GET and COOKIE data sanitized
DEBUG - 2016-07-04 07:15:30 --> cURL Class Initialized
DEBUG - 2016-07-04 07:15:30 --> OAuth2 class already loaded. Second attempt ignored.
DEBUG - 2016-07-04 07:15:30 --> C:\xampp\htdocs\bondora\application\libraries/MY_Table.php exists, but does not declare MY_Table
DEBUG - 2016-07-04 07:15:30 --> Session class already loaded. Second attempt ignored.
DEBUG - 2016-07-04 07:15:30 --> Total execution time: 0.2670
DEBUG - 2016-07-04 07:15:34 --> UTF-8 Support Disabled
DEBUG - 2016-07-04 07:15:34 --> Global POST, GET and COOKIE data sanitized
DEBUG - 2016-07-04 07:15:34 --> cURL Class Initialized
DEBUG - 2016-07-04 07:15:34 --> OAuth2 class already loaded. Second attempt ignored.
DEBUG - 2016-07-04 07:15:34 --> C:\xampp\htdocs\bondora\application\libraries/MY_Table.php exists, but does not declare MY_Table
DEBUG - 2016-07-04 07:15:34 --> Session class already loaded. Second attempt ignored.
DEBUG - 2016-07-04 07:15:35 --> Total execution time: 0.5640
DEBUG - 2016-07-04 07:15:35 --> UTF-8 Support Disabled
DEBUG - 2016-07-04 07:15:35 --> Global POST, GET and COOKIE data sanitized
DEBUG - 2016-07-04 07:15:35 --> cURL Class Initialized
DEBUG - 2016-07-04 07:15:35 --> OAuth2 class already loaded. Second attempt ignored.
DEBUG - 2016-07-04 07:15:35 --> C:\xampp\htdocs\bondora\application\libraries/MY_Table.php exists, but does not declare MY_Table
DEBUG - 2016-07-04 07:15:35 --> Session class already loaded. Second attempt ignored.
DEBUG - 2016-07-04 07:15:35 --> Total execution time: 0.3090
DEBUG - 2016-07-04 07:15:39 --> UTF-8 Support Disabled
DEBUG - 2016-07-04 07:15:39 --> Global POST, GET and COOKIE data sanitized
DEBUG - 2016-07-04 07:15:39 --> cURL Class Initialized
DEBUG - 2016-07-04 07:15:39 --> OAuth2 class already loaded. Second attempt ignored.
DEBUG - 2016-07-04 07:15:39 --> C:\xampp\htdocs\bondora\application\libraries/MY_Table.php exists, but does not declare MY_Table
DEBUG - 2016-07-04 07:15:39 --> Session class already loaded. Second attempt ignored.
DEBUG - 2016-07-04 07:15:40 --> Total execution time: 0.5410
DEBUG - 2016-07-04 07:15:40 --> UTF-8 Support Disabled
DEBUG - 2016-07-04 07:15:40 --> Global POST, GET and COOKIE data sanitized
DEBUG - 2016-07-04 07:15:40 --> cURL Class Initialized
DEBUG - 2016-07-04 07:15:40 --> OAuth2 class already loaded. Second attempt ignored.
DEBUG - 2016-07-04 07:15:40 --> C:\xampp\htdocs\bondora\application\libraries/MY_Table.php exists, but does not declare MY_Table
DEBUG - 2016-07-04 07:15:40 --> Session class already loaded. Second attempt ignored.
DEBUG - 2016-07-04 07:15:40 --> Total execution time: 0.2720
DEBUG - 2016-07-04 07:15:43 --> UTF-8 Support Disabled
DEBUG - 2016-07-04 07:15:43 --> Global POST, GET and COOKIE data sanitized
DEBUG - 2016-07-04 07:15:43 --> cURL Class Initialized
DEBUG - 2016-07-04 07:15:43 --> OAuth2 class already loaded. Second attempt ignored.
DEBUG - 2016-07-04 07:15:43 --> C:\xampp\htdocs\bondora\application\libraries/MY_Table.php exists, but does not declare MY_Table
DEBUG - 2016-07-04 07:15:43 --> Session class already loaded. Second attempt ignored.
DEBUG - 2016-07-04 07:15:44 --> Total execution time: 0.5370
DEBUG - 2016-07-04 07:15:44 --> UTF-8 Support Disabled
DEBUG - 2016-07-04 07:15:44 --> Global POST, GET and COOKIE data sanitized
DEBUG - 2016-07-04 07:15:44 --> cURL Class Initialized
DEBUG - 2016-07-04 07:15:44 --> OAuth2 class already loaded. Second attempt ignored.
DEBUG - 2016-07-04 07:15:44 --> C:\xampp\htdocs\bondora\application\libraries/MY_Table.php exists, but does not declare MY_Table
DEBUG - 2016-07-04 07:15:44 --> Session class already loaded. Second attempt ignored.
DEBUG - 2016-07-04 07:15:44 --> Total execution time: 0.3940
DEBUG - 2016-07-04 07:15:51 --> UTF-8 Support Disabled
DEBUG - 2016-07-04 07:15:51 --> Global POST, GET and COOKIE data sanitized
DEBUG - 2016-07-04 07:15:51 --> cURL Class Initialized
DEBUG - 2016-07-04 07:15:51 --> OAuth2 class already loaded. Second attempt ignored.
DEBUG - 2016-07-04 07:15:51 --> C:\xampp\htdocs\bondora\application\libraries/MY_Table.php exists, but does not declare MY_Table
DEBUG - 2016-07-04 07:15:51 --> Session class already loaded. Second attempt ignored.
DEBUG - 2016-07-04 07:15:51 --> Total execution time: 0.6410
DEBUG - 2016-07-04 07:15:51 --> UTF-8 Support Disabled
DEBUG - 2016-07-04 07:15:51 --> Global POST, GET and COOKIE data sanitized
DEBUG - 2016-07-04 07:15:51 --> cURL Class Initialized
DEBUG - 2016-07-04 07:15:51 --> OAuth2 class already loaded. Second attempt ignored.
DEBUG - 2016-07-04 07:15:51 --> C:\xampp\htdocs\bondora\application\libraries/MY_Table.php exists, but does not declare MY_Table
DEBUG - 2016-07-04 07:15:51 --> Session class already loaded. Second attempt ignored.
DEBUG - 2016-07-04 07:15:51 --> Total execution time: 0.2870
DEBUG - 2016-07-04 07:15:56 --> UTF-8 Support Disabled
DEBUG - 2016-07-04 07:15:56 --> Global POST, GET and COOKIE data sanitized
DEBUG - 2016-07-04 07:15:56 --> cURL Class Initialized
DEBUG - 2016-07-04 07:15:56 --> OAuth2 class already loaded. Second attempt ignored.
DEBUG - 2016-07-04 07:15:56 --> C:\xampp\htdocs\bondora\application\libraries/MY_Table.php exists, but does not declare MY_Table
DEBUG - 2016-07-04 07:15:56 --> Session class already loaded. Second attempt ignored.
DEBUG - 2016-07-04 07:15:56 --> Total execution time: 0.5170
DEBUG - 2016-07-04 07:15:56 --> UTF-8 Support Disabled
DEBUG - 2016-07-04 07:15:56 --> Global POST, GET and COOKIE data sanitized
DEBUG - 2016-07-04 07:15:57 --> cURL Class Initialized
DEBUG - 2016-07-04 07:15:57 --> OAuth2 class already loaded. Second attempt ignored.
DEBUG - 2016-07-04 07:15:57 --> C:\xampp\htdocs\bondora\application\libraries/MY_Table.php exists, but does not declare MY_Table
DEBUG - 2016-07-04 07:15:57 --> Session class already loaded. Second attempt ignored.
DEBUG - 2016-07-04 07:15:57 --> Total execution time: 0.2930
DEBUG - 2016-07-04 07:16:01 --> UTF-8 Support Disabled
DEBUG - 2016-07-04 07:16:01 --> Global POST, GET and COOKIE data sanitized
DEBUG - 2016-07-04 07:16:01 --> cURL Class Initialized
DEBUG - 2016-07-04 07:16:01 --> OAuth2 class already loaded. Second attempt ignored.
DEBUG - 2016-07-04 07:16:01 --> C:\xampp\htdocs\bondora\application\libraries/MY_Table.php exists, but does not declare MY_Table
DEBUG - 2016-07-04 07:16:01 --> Session class already loaded. Second attempt ignored.
DEBUG - 2016-07-04 07:16:02 --> Total execution time: 0.5710
DEBUG - 2016-07-04 07:16:02 --> UTF-8 Support Disabled
DEBUG - 2016-07-04 07:16:02 --> Global POST, GET and COOKIE data sanitized
DEBUG - 2016-07-04 07:16:02 --> cURL Class Initialized
DEBUG - 2016-07-04 07:16:02 --> OAuth2 class already loaded. Second attempt ignored.
DEBUG - 2016-07-04 07:16:02 --> C:\xampp\htdocs\bondora\application\libraries/MY_Table.php exists, but does not declare MY_Table
DEBUG - 2016-07-04 07:16:02 --> Session class already loaded. Second attempt ignored.
DEBUG - 2016-07-04 07:16:02 --> Total execution time: 0.2910
DEBUG - 2016-07-04 07:16:05 --> UTF-8 Support Disabled
DEBUG - 2016-07-04 07:16:05 --> Global POST, GET and COOKIE data sanitized
DEBUG - 2016-07-04 07:16:05 --> cURL Class Initialized
DEBUG - 2016-07-04 07:16:05 --> OAuth2 class already loaded. Second attempt ignored.
DEBUG - 2016-07-04 07:16:05 --> C:\xampp\htdocs\bondora\application\libraries/MY_Table.php exists, but does not declare MY_Table
DEBUG - 2016-07-04 07:16:05 --> Session class already loaded. Second attempt ignored.
DEBUG - 2016-07-04 07:16:05 --> Total execution time: 0.5580
DEBUG - 2016-07-04 07:16:05 --> UTF-8 Support Disabled
DEBUG - 2016-07-04 07:16:05 --> Global POST, GET and COOKIE data sanitized
DEBUG - 2016-07-04 07:16:05 --> cURL Class Initialized
DEBUG - 2016-07-04 07:16:05 --> OAuth2 class already loaded. Second attempt ignored.
DEBUG - 2016-07-04 07:16:05 --> C:\xampp\htdocs\bondora\application\libraries/MY_Table.php exists, but does not declare MY_Table
DEBUG - 2016-07-04 07:16:05 --> Session class already loaded. Second attempt ignored.
DEBUG - 2016-07-04 07:16:06 --> Total execution time: 0.3020
DEBUG - 2016-07-04 07:16:26 --> UTF-8 Support Disabled
DEBUG - 2016-07-04 07:16:26 --> Global POST, GET and COOKIE data sanitized
DEBUG - 2016-07-04 07:16:26 --> cURL Class Initialized
DEBUG - 2016-07-04 07:16:26 --> OAuth2 class already loaded. Second attempt ignored.
DEBUG - 2016-07-04 07:16:26 --> C:\xampp\htdocs\bondora\application\libraries/MY_Table.php exists, but does not declare MY_Table
DEBUG - 2016-07-04 07:16:26 --> Session class already loaded. Second attempt ignored.
DEBUG - 2016-07-04 07:16:26 --> SELECT *
FROM `select` `a`.*, `b`.`listedOnDate`, `b`.`xirr`, `b`.`secondaryId`, `b`.`desiredDiscountRate from bondora`.`investment_payload a LEFT JOIN bondora`.`secondary b ON a`.`loanPartId=b`.`loanPartId WHERE a`.`id=28823 and user="mehike" order by` `a`.`signedDate`, `a`.`auctionId`
DEBUG - 2016-07-04 07:16:26 --> SELECT *
FROM `select` `a`.*, `b`.`listedOnDate`, `b`.`xirr`, `b`.`secondaryId`, `b`.`desiredDiscountRate from bondora`.`investment_payload a LEFT JOIN bondora`.`secondary b ON a`.`loanPartId=b`.`loanPartId WHERE a`.`id=28806 and user="mehike" order by` `a`.`signedDate`, `a`.`auctionId`
DEBUG - 2016-07-04 07:16:26 --> SELECT *
FROM `select` `a`.*, `b`.`listedOnDate`, `b`.`xirr`, `b`.`secondaryId`, `b`.`desiredDiscountRate from bondora`.`investment_payload a LEFT JOIN bondora`.`secondary b ON a`.`loanPartId=b`.`loanPartId WHERE a`.`id=28809 and user="mehike" order by` `a`.`signedDate`, `a`.`auctionId`
DEBUG - 2016-07-04 07:16:26 --> SELECT *
FROM `select` `a`.*, `b`.`listedOnDate`, `b`.`xirr`, `b`.`secondaryId`, `b`.`desiredDiscountRate from bondora`.`investment_payload a LEFT JOIN bondora`.`secondary b ON a`.`loanPartId=b`.`loanPartId WHERE a`.`id=28810 and user="mehike" order by` `a`.`signedDate`, `a`.`auctionId`
DEBUG - 2016-07-04 07:16:26 --> SELECT *
FROM `select` `a`.*, `b`.`listedOnDate`, `b`.`xirr`, `b`.`secondaryId`, `b`.`desiredDiscountRate from bondora`.`investment_payload a LEFT JOIN bondora`.`secondary b ON a`.`loanPartId=b`.`loanPartId WHERE a`.`id=28812 and user="mehike" order by` `a`.`signedDate`, `a`.`auctionId`
DEBUG - 2016-07-04 07:16:26 --> SELECT *
FROM `select` `a`.*, `b`.`listedOnDate`, `b`.`xirr`, `b`.`secondaryId`, `b`.`desiredDiscountRate from bondora`.`investment_payload a LEFT JOIN bondora`.`secondary b ON a`.`loanPartId=b`.`loanPartId WHERE a`.`id=28813 and user="mehike" order by` `a`.`signedDate`, `a`.`auctionId`
DEBUG - 2016-07-04 07:16:26 --> SELECT *
FROM `select` `a`.*, `b`.`listedOnDate`, `b`.`xirr`, `b`.`secondaryId`, `b`.`desiredDiscountRate from bondora`.`investment_payload a LEFT JOIN bondora`.`secondary b ON a`.`loanPartId=b`.`loanPartId WHERE a`.`id=28820 and user="mehike" order by` `a`.`signedDate`, `a`.`auctionId`
DEBUG - 2016-07-04 07:16:26 --> SELECT *
FROM `select` `a`.*, `b`.`listedOnDate`, `b`.`xirr`, `b`.`secondaryId`, `b`.`desiredDiscountRate from bondora`.`investment_payload a LEFT JOIN bondora`.`secondary b ON a`.`loanPartId=b`.`loanPartId WHERE a`.`id=28830 and user="mehike" order by` `a`.`signedDate`, `a`.`auctionId`
DEBUG - 2016-07-04 07:16:26 --> SELECT *
FROM `select` `a`.*, `b`.`listedOnDate`, `b`.`xirr`, `b`.`secondaryId`, `b`.`desiredDiscountRate from bondora`.`investment_payload a LEFT JOIN bondora`.`secondary b ON a`.`loanPartId=b`.`loanPartId WHERE a`.`id=28833 and user="mehike" order by` `a`.`signedDate`, `a`.`auctionId`
DEBUG - 2016-07-04 07:16:26 --> SELECT *
FROM `select` `a`.*, `b`.`listedOnDate`, `b`.`xirr`, `b`.`secondaryId`, `b`.`desiredDiscountRate from bondora`.`investment_payload a LEFT JOIN bondora`.`secondary b ON a`.`loanPartId=b`.`loanPartId WHERE a`.`id=28835 and user="mehike" order by` `a`.`signedDate`, `a`.`auctionId`
DEBUG - 2016-07-04 07:16:27 --> Total execution time: 0.5790
DEBUG - 2016-07-04 07:16:27 --> UTF-8 Support Disabled
DEBUG - 2016-07-04 07:16:27 --> Global POST, GET and COOKIE data sanitized
ERROR - 2016-07-04 07:16:27 --> 404 Page Not Found: Investments/bootstrap
DEBUG - 2016-07-04 07:16:30 --> UTF-8 Support Disabled
DEBUG - 2016-07-04 07:16:30 --> Global POST, GET and COOKIE data sanitized
DEBUG - 2016-07-04 07:16:30 --> cURL Class Initialized
DEBUG - 2016-07-04 07:16:30 --> OAuth2 class already loaded. Second attempt ignored.
DEBUG - 2016-07-04 07:16:30 --> C:\xampp\htdocs\bondora\application\libraries/MY_Table.php exists, but does not declare MY_Table
DEBUG - 2016-07-04 07:16:30 --> Session class already loaded. Second attempt ignored.
DEBUG - 2016-07-04 07:16:30 --> SELECT *
FROM `select` `a`.*, `b`.`listedOnDate`, `b`.`xirr`, `b`.`secondaryId`, `b`.`desiredDiscountRate from bondora`.`investment_payload a LEFT JOIN bondora`.`secondary b ON a`.`loanPartId=b`.`loanPartId and a`.`user=b`.`user where a`.`user="mehike" order by` `a`.`signedDate`, `a`.`auctionId`
ERROR - 2016-07-04 07:16:30 --> Severity: Notice --> Undefined offset: 33 C:\xampp\htdocs\bondora\application\views\investments\index.php 880
ERROR - 2016-07-04 07:16:30 --> Severity: Notice --> Undefined offset: 33 C:\xampp\htdocs\bondora\application\views\investments\index.php 880
ERROR - 2016-07-04 07:16:30 --> Severity: Notice --> Undefined offset: 33 C:\xampp\htdocs\bondora\application\views\investments\index.php 880
ERROR - 2016-07-04 07:16:30 --> Severity: Notice --> Undefined offset: 32 C:\xampp\htdocs\bondora\application\views\investments\index.php 880
ERROR - 2016-07-04 07:16:30 --> Severity: Notice --> Undefined offset: 33 C:\xampp\htdocs\bondora\application\views\investments\index.php 880
ERROR - 2016-07-04 07:16:30 --> Severity: Notice --> Undefined offset: 31 C:\xampp\htdocs\bondora\application\views\investments\index.php 880
ERROR - 2016-07-04 07:16:30 --> Severity: Notice --> Undefined offset: 33 C:\xampp\htdocs\bondora\application\views\investments\index.php 880
ERROR - 2016-07-04 07:16:30 --> Severity: Notice --> Undefined offset: 32 C:\xampp\htdocs\bondora\application\views\investments\index.php 880
ERROR - 2016-07-04 07:16:30 --> Severity: Notice --> Undefined offset: 31 C:\xampp\htdocs\bondora\application\views\investments\index.php 880
ERROR - 2016-07-04 07:16:30 --> Severity: Notice --> Undefined offset: 30 C:\xampp\htdocs\bondora\application\views\investments\index.php 880
ERROR - 2016-07-04 07:16:30 --> Severity: Notice --> Undefined offset: 31 C:\xampp\htdocs\bondora\application\views\investments\index.php 880
ERROR - 2016-07-04 07:16:30 --> Severity: Notice --> Undefined offset: 31 C:\xampp\htdocs\bondora\application\views\investments\index.php 880
ERROR - 2016-07-04 07:16:30 --> Severity: Notice --> Undefined offset: 32 C:\xampp\htdocs\bondora\application\views\investments\index.php 880
ERROR - 2016-07-04 07:16:30 --> Severity: Notice --> Undefined offset: 33 C:\xampp\htdocs\bondora\application\views\investments\index.php 880
ERROR - 2016-07-04 07:16:30 --> Severity: Notice --> Undefined offset: 32 C:\xampp\htdocs\bondora\application\views\investments\index.php 880
ERROR - 2016-07-04 07:16:30 --> Severity: Notice --> Undefined offset: 33 C:\xampp\htdocs\bondora\application\views\investments\index.php 880
ERROR - 2016-07-04 07:16:30 --> Severity: Notice --> Undefined offset: 32 C:\xampp\htdocs\bondora\application\views\investments\index.php 880
ERROR - 2016-07-04 07:16:30 --> Severity: Notice --> Undefined offset: 33 C:\xampp\htdocs\bondora\application\views\investments\index.php 880
ERROR - 2016-07-04 07:16:30 --> Severity: Notice --> Undefined offset: 41 C:\xampp\htdocs\bondora\application\views\investments\index.php 880
ERROR - 2016-07-04 07:16:30 --> Severity: Notice --> Undefined offset: 30 C:\xampp\htdocs\bondora\application\views\investments\index.php 880
ERROR - 2016-07-04 07:16:30 --> Severity: Notice --> Undefined offset: 30 C:\xampp\htdocs\bondora\application\views\investments\index.php 880
ERROR - 2016-07-04 07:16:30 --> Severity: Notice --> Undefined offset: 31 C:\xampp\htdocs\bondora\application\views\investments\index.php 880
ERROR - 2016-07-04 07:16:30 --> Severity: Notice --> Undefined offset: 33 C:\xampp\htdocs\bondora\application\views\investments\index.php 880
ERROR - 2016-07-04 07:16:30 --> Severity: Notice --> Undefined offset: 31 C:\xampp\htdocs\bondora\application\views\investments\index.php 880
DEBUG - 2016-07-04 07:16:30 --> Total execution time: 0.0910
DEBUG - 2016-07-04 07:16:30 --> UTF-8 Support Disabled
DEBUG - 2016-07-04 07:16:30 --> Global POST, GET and COOKIE data sanitized
ERROR - 2016-07-04 07:16:30 --> 404 Page Not Found: Investments/bootstrap
DEBUG - 2016-07-04 07:16:32 --> UTF-8 Support Disabled
DEBUG - 2016-07-04 07:16:32 --> Global POST, GET and COOKIE data sanitized
DEBUG - 2016-07-04 07:16:33 --> cURL Class Initialized
DEBUG - 2016-07-04 07:16:33 --> OAuth2 class already loaded. Second attempt ignored.
DEBUG - 2016-07-04 07:16:33 --> C:\xampp\htdocs\bondora\application\libraries/MY_Table.php exists, but does not declare MY_Table
DEBUG - 2016-07-04 07:16:33 --> Session class already loaded. Second attempt ignored.
DEBUG - 2016-07-04 07:16:33 --> SELECT *
FROM `select` `a`.*, `b`.`listedOnDate`, `b`.`xirr`, `b`.`secondaryId`, `b`.`desiredDiscountRate from bondora`.`investment_payload a LEFT JOIN bondora`.`secondary b ON a`.`loanPartId=b`.`loanPartId and a`.`user=b`.`user where a`.`user="mehike" order by` `a`.`signedDate`, `a`.`auctionId`
ERROR - 2016-07-04 07:16:33 --> Severity: Notice --> Undefined offset: 33 C:\xampp\htdocs\bondora\application\views\investments\index.php 880
ERROR - 2016-07-04 07:16:33 --> Severity: Notice --> Undefined offset: 33 C:\xampp\htdocs\bondora\application\views\investments\index.php 880
ERROR - 2016-07-04 07:16:33 --> Severity: Notice --> Undefined offset: 33 C:\xampp\htdocs\bondora\application\views\investments\index.php 880
ERROR - 2016-07-04 07:16:33 --> Severity: Notice --> Undefined offset: 32 C:\xampp\htdocs\bondora\application\views\investments\index.php 880
ERROR - 2016-07-04 07:16:33 --> Severity: Notice --> Undefined offset: 33 C:\xampp\htdocs\bondora\application\views\investments\index.php 880
ERROR - 2016-07-04 07:16:33 --> Severity: Notice --> Undefined offset: 31 C:\xampp\htdocs\bondora\application\views\investments\index.php 880
ERROR - 2016-07-04 07:16:33 --> Severity: Notice --> Undefined offset: 33 C:\xampp\htdocs\bondora\application\views\investments\index.php 880
ERROR - 2016-07-04 07:16:33 --> Severity: Notice --> Undefined offset: 32 C:\xampp\htdocs\bondora\application\views\investments\index.php 880
ERROR - 2016-07-04 07:16:33 --> Severity: Notice --> Undefined offset: 31 C:\xampp\htdocs\bondora\application\views\investments\index.php 880
ERROR - 2016-07-04 07:16:33 --> Severity: Notice --> Undefined offset: 31 C:\xampp\htdocs\bondora\application\views\investments\index.php 880
ERROR - 2016-07-04 07:16:33 --> Severity: Notice --> Undefined offset: 31 C:\xampp\htdocs\bondora\application\views\investments\index.php 880
ERROR - 2016-07-04 07:16:33 --> Severity: Notice --> Undefined offset: 32 C:\xampp\htdocs\bondora\application\views\investments\index.php 880
ERROR - 2016-07-04 07:16:33 --> Severity: Notice --> Undefined offset: 33 C:\xampp\htdocs\bondora\application\views\investments\index.php 880
ERROR - 2016-07-04 07:16:33 --> Severity: Notice --> Undefined offset: 32 C:\xampp\htdocs\bondora\application\views\investments\index.php 880
ERROR - 2016-07-04 07:16:33 --> Severity: Notice --> Undefined offset: 33 C:\xampp\htdocs\bondora\application\views\investments\index.php 880
ERROR - 2016-07-04 07:16:33 --> Severity: Notice --> Undefined offset: 32 C:\xampp\htdocs\bondora\application\views\investments\index.php 880
ERROR - 2016-07-04 07:16:33 --> Severity: Notice --> Undefined offset: 33 C:\xampp\htdocs\bondora\application\views\investments\index.php 880
ERROR - 2016-07-04 07:16:33 --> Severity: Notice --> Undefined offset: 41 C:\xampp\htdocs\bondora\application\views\investments\index.php 880
ERROR - 2016-07-04 07:16:33 --> Severity: Notice --> Undefined offset: 30 C:\xampp\htdocs\bondora\application\views\investments\index.php 880
ERROR - 2016-07-04 07:16:33 --> Severity: Notice --> Undefined offset: 31 C:\xampp\htdocs\bondora\application\views\investments\index.php 880
ERROR - 2016-07-04 07:16:33 --> Severity: Notice --> Undefined offset: 33 C:\xampp\htdocs\bondora\application\views\investments\index.php 880
ERROR - 2016-07-04 07:16:33 --> Severity: Notice --> Undefined offset: 31 C:\xampp\htdocs\bondora\application\views\investments\index.php 880
DEBUG - 2016-07-04 07:16:33 --> Total execution time: 0.9651
DEBUG - 2016-07-04 07:16:33 --> UTF-8 Support Disabled
DEBUG - 2016-07-04 07:16:33 --> Global POST, GET and COOKIE data sanitized
ERROR - 2016-07-04 07:16:33 --> 404 Page Not Found: Investments/bootstrap
DEBUG - 2016-07-04 07:16:38 --> UTF-8 Support Disabled
DEBUG - 2016-07-04 07:16:38 --> Global POST, GET and COOKIE data sanitized
DEBUG - 2016-07-04 07:16:38 --> cURL Class Initialized
DEBUG - 2016-07-04 07:16:38 --> OAuth2 class already loaded. Second attempt ignored.
DEBUG - 2016-07-04 07:16:38 --> C:\xampp\htdocs\bondora\application\libraries/MY_Table.php exists, but does not declare MY_Table
DEBUG - 2016-07-04 07:16:38 --> Session class already loaded. Second attempt ignored.
DEBUG - 2016-07-04 07:16:38 --> Total execution time: 0.5710
DEBUG - 2016-07-04 07:16:38 --> UTF-8 Support Disabled
DEBUG - 2016-07-04 07:16:38 --> Global POST, GET and COOKIE data sanitized
DEBUG - 2016-07-04 07:16:38 --> cURL Class Initialized
DEBUG - 2016-07-04 07:16:38 --> OAuth2 class already loaded. Second attempt ignored.
DEBUG - 2016-07-04 07:16:38 --> C:\xampp\htdocs\bondora\application\libraries/MY_Table.php exists, but does not declare MY_Table
DEBUG - 2016-07-04 07:16:38 --> Session class already loaded. Second attempt ignored.
DEBUG - 2016-07-04 07:16:39 --> Total execution time: 0.2700
DEBUG - 2016-07-04 07:16:41 --> UTF-8 Support Disabled
DEBUG - 2016-07-04 07:16:41 --> Global POST, GET and COOKIE data sanitized
DEBUG - 2016-07-04 07:16:41 --> cURL Class Initialized
DEBUG - 2016-07-04 07:16:41 --> OAuth2 class already loaded. Second attempt ignored.
DEBUG - 2016-07-04 07:16:41 --> C:\xampp\htdocs\bondora\application\libraries/MY_Table.php exists, but does not declare MY_Table
DEBUG - 2016-07-04 07:16:41 --> Session class already loaded. Second attempt ignored.
DEBUG - 2016-07-04 07:16:42 --> Total execution time: 0.5930
DEBUG - 2016-07-04 07:16:42 --> UTF-8 Support Disabled
DEBUG - 2016-07-04 07:16:42 --> Global POST, GET and COOKIE data sanitized
DEBUG - 2016-07-04 07:16:42 --> cURL Class Initialized
DEBUG - 2016-07-04 07:16:42 --> OAuth2 class already loaded. Second attempt ignored.
DEBUG - 2016-07-04 07:16:42 --> C:\xampp\htdocs\bondora\application\libraries/MY_Table.php exists, but does not declare MY_Table
DEBUG - 2016-07-04 07:16:42 --> Session class already loaded. Second attempt ignored.
DEBUG - 2016-07-04 07:16:42 --> Total execution time: 0.2810
DEBUG - 2016-07-04 07:16:46 --> UTF-8 Support Disabled
DEBUG - 2016-07-04 07:16:46 --> Global POST, GET and COOKIE data sanitized
DEBUG - 2016-07-04 07:16:46 --> cURL Class Initialized
DEBUG - 2016-07-04 07:16:46 --> OAuth2 class already loaded. Second attempt ignored.
DEBUG - 2016-07-04 07:16:46 --> C:\xampp\htdocs\bondora\application\libraries/MY_Table.php exists, but does not declare MY_Table
DEBUG - 2016-07-04 07:16:46 --> Session class already loaded. Second attempt ignored.
DEBUG - 2016-07-04 07:16:46 --> Total execution time: 0.6590
DEBUG - 2016-07-04 07:16:46 --> UTF-8 Support Disabled
DEBUG - 2016-07-04 07:16:46 --> Global POST, GET and COOKIE data sanitized
DEBUG - 2016-07-04 07:16:46 --> cURL Class Initialized
DEBUG - 2016-07-04 07:16:46 --> OAuth2 class already loaded. Second attempt ignored.
DEBUG - 2016-07-04 07:16:46 --> C:\xampp\htdocs\bondora\application\libraries/MY_Table.php exists, but does not declare MY_Table
DEBUG - 2016-07-04 07:16:46 --> Session class already loaded. Second attempt ignored.
DEBUG - 2016-07-04 07:16:47 --> Total execution time: 0.3010
DEBUG - 2016-07-04 07:16:49 --> UTF-8 Support Disabled
DEBUG - 2016-07-04 07:16:49 --> Global POST, GET and COOKIE data sanitized
DEBUG - 2016-07-04 07:16:49 --> cURL Class Initialized
DEBUG - 2016-07-04 07:16:49 --> OAuth2 class already loaded. Second attempt ignored.
DEBUG - 2016-07-04 07:16:49 --> C:\xampp\htdocs\bondora\application\libraries/MY_Table.php exists, but does not declare MY_Table
DEBUG - 2016-07-04 07:16:49 --> Session class already loaded. Second attempt ignored.
DEBUG - 2016-07-04 07:16:50 --> Total execution time: 0.5760
DEBUG - 2016-07-04 07:16:50 --> UTF-8 Support Disabled
DEBUG - 2016-07-04 07:16:50 --> Global POST, GET and COOKIE data sanitized
DEBUG - 2016-07-04 07:16:50 --> cURL Class Initialized
DEBUG - 2016-07-04 07:16:50 --> OAuth2 class already loaded. Second attempt ignored.
DEBUG - 2016-07-04 07:16:50 --> C:\xampp\htdocs\bondora\application\libraries/MY_Table.php exists, but does not declare MY_Table
DEBUG - 2016-07-04 07:16:50 --> Session class already loaded. Second attempt ignored.
DEBUG - 2016-07-04 07:16:50 --> Total execution time: 0.3100
DEBUG - 2016-07-04 07:16:54 --> UTF-8 Support Disabled
DEBUG - 2016-07-04 07:16:54 --> Global POST, GET and COOKIE data sanitized
DEBUG - 2016-07-04 07:16:54 --> cURL Class Initialized
DEBUG - 2016-07-04 07:16:54 --> OAuth2 class already loaded. Second attempt ignored.
DEBUG - 2016-07-04 07:16:54 --> C:\xampp\htdocs\bondora\application\libraries/MY_Table.php exists, but does not declare MY_Table
DEBUG - 2016-07-04 07:16:54 --> Session class already loaded. Second attempt ignored.
DEBUG - 2016-07-04 07:16:54 --> Total execution time: 0.5760
DEBUG - 2016-07-04 07:16:54 --> UTF-8 Support Disabled
DEBUG - 2016-07-04 07:16:54 --> Global POST, GET and COOKIE data sanitized
DEBUG - 2016-07-04 07:16:54 --> cURL Class Initialized
DEBUG - 2016-07-04 07:16:54 --> OAuth2 class already loaded. Second attempt ignored.
DEBUG - 2016-07-04 07:16:54 --> C:\xampp\htdocs\bondora\application\libraries/MY_Table.php exists, but does not declare MY_Table
DEBUG - 2016-07-04 07:16:54 --> Session class already loaded. Second attempt ignored.
DEBUG - 2016-07-04 07:16:55 --> Total execution time: 0.2890
DEBUG - 2016-07-04 07:16:58 --> UTF-8 Support Disabled
DEBUG - 2016-07-04 07:16:58 --> Global POST, GET and COOKIE data sanitized
DEBUG - 2016-07-04 07:16:58 --> cURL Class Initialized
DEBUG - 2016-07-04 07:16:58 --> OAuth2 class already loaded. Second attempt ignored.
DEBUG - 2016-07-04 07:16:58 --> C:\xampp\htdocs\bondora\application\libraries/MY_Table.php exists, but does not declare MY_Table
DEBUG - 2016-07-04 07:16:58 --> Session class already loaded. Second attempt ignored.
DEBUG - 2016-07-04 07:16:59 --> Total execution time: 0.5600
DEBUG - 2016-07-04 07:16:59 --> UTF-8 Support Disabled
DEBUG - 2016-07-04 07:16:59 --> Global POST, GET and COOKIE data sanitized
DEBUG - 2016-07-04 07:16:59 --> cURL Class Initialized
DEBUG - 2016-07-04 07:16:59 --> OAuth2 class already loaded. Second attempt ignored.
DEBUG - 2016-07-04 07:16:59 --> C:\xampp\htdocs\bondora\application\libraries/MY_Table.php exists, but does not declare MY_Table
DEBUG - 2016-07-04 07:16:59 --> Session class already loaded. Second attempt ignored.
DEBUG - 2016-07-04 07:16:59 --> Total execution time: 0.2740
DEBUG - 2016-07-04 07:17:05 --> UTF-8 Support Disabled
DEBUG - 2016-07-04 07:17:05 --> Global POST, GET and COOKIE data sanitized
DEBUG - 2016-07-04 07:17:05 --> cURL Class Initialized
DEBUG - 2016-07-04 07:17:05 --> OAuth2 class already loaded. Second attempt ignored.
DEBUG - 2016-07-04 07:17:05 --> C:\xampp\htdocs\bondora\application\libraries/MY_Table.php exists, but does not declare MY_Table
DEBUG - 2016-07-04 07:17:05 --> Session class already loaded. Second attempt ignored.
DEBUG - 2016-07-04 07:17:06 --> Total execution time: 0.7540
DEBUG - 2016-07-04 07:17:06 --> UTF-8 Support Disabled
DEBUG - 2016-07-04 07:17:06 --> Global POST, GET and COOKIE data sanitized
DEBUG - 2016-07-04 07:17:06 --> cURL Class Initialized
DEBUG - 2016-07-04 07:17:06 --> OAuth2 class already loaded. Second attempt ignored.
DEBUG - 2016-07-04 07:17:06 --> C:\xampp\htdocs\bondora\application\libraries/MY_Table.php exists, but does not declare MY_Table
DEBUG - 2016-07-04 07:17:06 --> Session class already loaded. Second attempt ignored.
DEBUG - 2016-07-04 07:17:06 --> Total execution time: 0.2860
DEBUG - 2016-07-04 07:17:28 --> UTF-8 Support Disabled
DEBUG - 2016-07-04 07:17:28 --> Global POST, GET and COOKIE data sanitized
DEBUG - 2016-07-04 07:17:28 --> cURL Class Initialized
DEBUG - 2016-07-04 07:17:28 --> OAuth2 class already loaded. Second attempt ignored.
DEBUG - 2016-07-04 07:17:28 --> C:\xampp\htdocs\bondora\application\libraries/MY_Table.php exists, but does not declare MY_Table
DEBUG - 2016-07-04 07:17:28 --> Session class already loaded. Second attempt ignored.
DEBUG - 2016-07-04 07:17:28 --> SELECT *
FROM `select` `a`.*, `b`.`listedOnDate`, `b`.`xirr`, `b`.`secondaryId`, `b`.`desiredDiscountRate from bondora`.`investment_payload a LEFT JOIN bondora`.`secondary b ON a`.`loanPartId=b`.`loanPartId WHERE a`.`id=28860 and user="mehike" order by` `a`.`signedDate`, `a`.`auctionId`
DEBUG - 2016-07-04 07:17:28 --> SELECT *
FROM `select` `a`.*, `b`.`listedOnDate`, `b`.`xirr`, `b`.`secondaryId`, `b`.`desiredDiscountRate from bondora`.`investment_payload a LEFT JOIN bondora`.`secondary b ON a`.`loanPartId=b`.`loanPartId WHERE a`.`id=28853 and user="mehike" order by` `a`.`signedDate`, `a`.`auctionId`
DEBUG - 2016-07-04 07:17:28 --> SELECT *
FROM `select` `a`.*, `b`.`listedOnDate`, `b`.`xirr`, `b`.`secondaryId`, `b`.`desiredDiscountRate from bondora`.`investment_payload a LEFT JOIN bondora`.`secondary b ON a`.`loanPartId=b`.`loanPartId WHERE a`.`id=28859 and user="mehike" order by` `a`.`signedDate`, `a`.`auctionId`
DEBUG - 2016-07-04 07:17:28 --> SELECT *
FROM `select` `a`.*, `b`.`listedOnDate`, `b`.`xirr`, `b`.`secondaryId`, `b`.`desiredDiscountRate from bondora`.`investment_payload a LEFT JOIN bondora`.`secondary b ON a`.`loanPartId=b`.`loanPartId WHERE a`.`id=28840 and user="mehike" order by` `a`.`signedDate`, `a`.`auctionId`
DEBUG - 2016-07-04 07:17:28 --> SELECT *
FROM `select` `a`.*, `b`.`listedOnDate`, `b`.`xirr`, `b`.`secondaryId`, `b`.`desiredDiscountRate from bondora`.`investment_payload a LEFT JOIN bondora`.`secondary b ON a`.`loanPartId=b`.`loanPartId WHERE a`.`id=28845 and user="mehike" order by` `a`.`signedDate`, `a`.`auctionId`
DEBUG - 2016-07-04 07:17:28 --> SELECT *
FROM `select` `a`.*, `b`.`listedOnDate`, `b`.`xirr`, `b`.`secondaryId`, `b`.`desiredDiscountRate from bondora`.`investment_payload a LEFT JOIN bondora`.`secondary b ON a`.`loanPartId=b`.`loanPartId WHERE a`.`id=28855 and user="mehike" order by` `a`.`signedDate`, `a`.`auctionId`
DEBUG - 2016-07-04 07:17:28 --> SELECT *
FROM `select` `a`.*, `b`.`listedOnDate`, `b`.`xirr`, `b`.`secondaryId`, `b`.`desiredDiscountRate from bondora`.`investment_payload a LEFT JOIN bondora`.`secondary b ON a`.`loanPartId=b`.`loanPartId WHERE a`.`id=28872 and user="mehike" order by` `a`.`signedDate`, `a`.`auctionId`
DEBUG - 2016-07-04 07:17:28 --> Total execution time: 0.5630
DEBUG - 2016-07-04 07:17:28 --> UTF-8 Support Disabled
DEBUG - 2016-07-04 07:17:28 --> Global POST, GET and COOKIE data sanitized
ERROR - 2016-07-04 07:17:28 --> 404 Page Not Found: Investments/bootstrap
DEBUG - 2016-07-04 07:17:30 --> UTF-8 Support Disabled
DEBUG - 2016-07-04 07:17:30 --> Global POST, GET and COOKIE data sanitized
DEBUG - 2016-07-04 07:17:30 --> cURL Class Initialized
DEBUG - 2016-07-04 07:17:30 --> OAuth2 class already loaded. Second attempt ignored.
DEBUG - 2016-07-04 07:17:30 --> C:\xampp\htdocs\bondora\application\libraries/MY_Table.php exists, but does not declare MY_Table
DEBUG - 2016-07-04 07:17:30 --> Session class already loaded. Second attempt ignored.
DEBUG - 2016-07-04 07:17:30 --> SELECT *
FROM `select` `a`.*, `b`.`listedOnDate`, `b`.`xirr`, `b`.`secondaryId`, `b`.`desiredDiscountRate from bondora`.`investment_payload a LEFT JOIN bondora`.`secondary b ON a`.`loanPartId=b`.`loanPartId and a`.`user=b`.`user where a`.`user="mehike" order by` `a`.`signedDate`, `a`.`auctionId`
ERROR - 2016-07-04 07:17:31 --> Severity: Notice --> Undefined offset: 33 C:\xampp\htdocs\bondora\application\views\investments\index.php 880
ERROR - 2016-07-04 07:17:31 --> Severity: Notice --> Undefined offset: 33 C:\xampp\htdocs\bondora\application\views\investments\index.php 880
ERROR - 2016-07-04 07:17:31 --> Severity: Notice --> Undefined offset: 33 C:\xampp\htdocs\bondora\application\views\investments\index.php 880
ERROR - 2016-07-04 07:17:31 --> Severity: Notice --> Undefined offset: 32 C:\xampp\htdocs\bondora\application\views\investments\index.php 880
ERROR - 2016-07-04 07:17:31 --> Severity: Notice --> Undefined offset: 33 C:\xampp\htdocs\bondora\application\views\investments\index.php 880
ERROR - 2016-07-04 07:17:31 --> Severity: Notice --> Undefined offset: 31 C:\xampp\htdocs\bondora\application\views\investments\index.php 880
ERROR - 2016-07-04 07:17:31 --> Severity: Notice --> Undefined offset: 33 C:\xampp\htdocs\bondora\application\views\investments\index.php 880
ERROR - 2016-07-04 07:17:31 --> Severity: Notice --> Undefined offset: 32 C:\xampp\htdocs\bondora\application\views\investments\index.php 880
ERROR - 2016-07-04 07:17:31 --> Severity: Notice --> Undefined offset: 31 C:\xampp\htdocs\bondora\application\views\investments\index.php 880
ERROR - 2016-07-04 07:17:31 --> Severity: Notice --> Undefined offset: 30 C:\xampp\htdocs\bondora\application\views\investments\index.php 880
ERROR - 2016-07-04 07:17:31 --> Severity: Notice --> Undefined offset: 31 C:\xampp\htdocs\bondora\application\views\investments\index.php 880
ERROR - 2016-07-04 07:17:31 --> Severity: Notice --> Undefined offset: 31 C:\xampp\htdocs\bondora\application\views\investments\index.php 880
ERROR - 2016-07-04 07:17:31 --> Severity: Notice --> Undefined offset: 32 C:\xampp\htdocs\bondora\application\views\investments\index.php 880
ERROR - 2016-07-04 07:17:31 --> Severity: Notice --> Undefined offset: 33 C:\xampp\htdocs\bondora\application\views\investments\index.php 880
ERROR - 2016-07-04 07:17:31 --> Severity: Notice --> Undefined offset: 32 C:\xampp\htdocs\bondora\application\views\investments\index.php 880
ERROR - 2016-07-04 07:17:31 --> Severity: Notice --> Undefined offset: 33 C:\xampp\htdocs\bondora\application\views\investments\index.php 880
ERROR - 2016-07-04 07:17:31 --> Severity: Notice --> Undefined offset: 32 C:\xampp\htdocs\bondora\application\views\investments\index.php 880
ERROR - 2016-07-04 07:17:31 --> Severity: Notice --> Undefined offset: 33 C:\xampp\htdocs\bondora\application\views\investments\index.php 880
ERROR - 2016-07-04 07:17:31 --> Severity: Notice --> Undefined offset: 41 C:\xampp\htdocs\bondora\application\views\investments\index.php 880
ERROR - 2016-07-04 07:17:31 --> Severity: Notice --> Undefined offset: 30 C:\xampp\htdocs\bondora\application\views\investments\index.php 880
ERROR - 2016-07-04 07:17:31 --> Severity: Notice --> Undefined offset: 30 C:\xampp\htdocs\bondora\application\views\investments\index.php 880
ERROR - 2016-07-04 07:17:31 --> Severity: Notice --> Undefined offset: 31 C:\xampp\htdocs\bondora\application\views\investments\index.php 880
ERROR - 2016-07-04 07:17:31 --> Severity: Notice --> Undefined offset: 33 C:\xampp\htdocs\bondora\application\views\investments\index.php 880
ERROR - 2016-07-04 07:17:31 --> Severity: Notice --> Undefined offset: 31 C:\xampp\htdocs\bondora\application\views\investments\index.php 880
DEBUG - 2016-07-04 07:17:31 --> Total execution time: 0.0910
DEBUG - 2016-07-04 07:17:31 --> UTF-8 Support Disabled
DEBUG - 2016-07-04 07:17:31 --> Global POST, GET and COOKIE data sanitized
ERROR - 2016-07-04 07:17:31 --> 404 Page Not Found: Investments/bootstrap
DEBUG - 2016-07-04 07:17:32 --> UTF-8 Support Disabled
DEBUG - 2016-07-04 07:17:32 --> Global POST, GET and COOKIE data sanitized
DEBUG - 2016-07-04 07:17:32 --> cURL Class Initialized
DEBUG - 2016-07-04 07:17:32 --> OAuth2 class already loaded. Second attempt ignored.
DEBUG - 2016-07-04 07:17:33 --> C:\xampp\htdocs\bondora\application\libraries/MY_Table.php exists, but does not declare MY_Table
DEBUG - 2016-07-04 07:17:33 --> Session class already loaded. Second attempt ignored.
DEBUG - 2016-07-04 07:17:34 --> SELECT *
FROM `select` `a`.*, `b`.`listedOnDate`, `b`.`xirr`, `b`.`secondaryId`, `b`.`desiredDiscountRate from bondora`.`investment_payload a LEFT JOIN bondora`.`secondary b ON a`.`loanPartId=b`.`loanPartId and a`.`user=b`.`user where a`.`user="mehike" order by` `a`.`signedDate`, `a`.`auctionId`
ERROR - 2016-07-04 07:17:34 --> Severity: Notice --> Undefined offset: 33 C:\xampp\htdocs\bondora\application\views\investments\index.php 880
ERROR - 2016-07-04 07:17:34 --> Severity: Notice --> Undefined offset: 33 C:\xampp\htdocs\bondora\application\views\investments\index.php 880
ERROR - 2016-07-04 07:17:34 --> Severity: Notice --> Undefined offset: 33 C:\xampp\htdocs\bondora\application\views\investments\index.php 880
ERROR - 2016-07-04 07:17:34 --> Severity: Notice --> Undefined offset: 32 C:\xampp\htdocs\bondora\application\views\investments\index.php 880
ERROR - 2016-07-04 07:17:34 --> Severity: Notice --> Undefined offset: 33 C:\xampp\htdocs\bondora\application\views\investments\index.php 880
ERROR - 2016-07-04 07:17:34 --> Severity: Notice --> Undefined offset: 31 C:\xampp\htdocs\bondora\application\views\investments\index.php 880
ERROR - 2016-07-04 07:17:34 --> Severity: Notice --> Undefined offset: 33 C:\xampp\htdocs\bondora\application\views\investments\index.php 880
ERROR - 2016-07-04 07:17:34 --> Severity: Notice --> Undefined offset: 32 C:\xampp\htdocs\bondora\application\views\investments\index.php 880
ERROR - 2016-07-04 07:17:34 --> Severity: Notice --> Undefined offset: 31 C:\xampp\htdocs\bondora\application\views\investments\index.php 880
ERROR - 2016-07-04 07:17:34 --> Severity: Notice --> Undefined offset: 31 C:\xampp\htdocs\bondora\application\views\investments\index.php 880
ERROR - 2016-07-04 07:17:34 --> Severity: Notice --> Undefined offset: 31 C:\xampp\htdocs\bondora\application\views\investments\index.php 880
ERROR - 2016-07-04 07:17:34 --> Severity: Notice --> Undefined offset: 32 C:\xampp\htdocs\bondora\application\views\investments\index.php 880
ERROR - 2016-07-04 07:17:34 --> Severity: Notice --> Undefined offset: 33 C:\xampp\htdocs\bondora\application\views\investments\index.php 880
ERROR - 2016-07-04 07:17:34 --> Severity: Notice --> Undefined offset: 32 C:\xampp\htdocs\bondora\application\views\investments\index.php 880
ERROR - 2016-07-04 07:17:34 --> Severity: Notice --> Undefined offset: 33 C:\xampp\htdocs\bondora\application\views\investments\index.php 880
ERROR - 2016-07-04 07:17:34 --> Severity: Notice --> Undefined offset: 32 C:\xampp\htdocs\bondora\application\views\investments\index.php 880
ERROR - 2016-07-04 07:17:34 --> Severity: Notice --> Undefined offset: 33 C:\xampp\htdocs\bondora\application\views\investments\index.php 880
ERROR - 2016-07-04 07:17:34 --> Severity: Notice --> Undefined offset: 41 C:\xampp\htdocs\bondora\application\views\investments\index.php 880
ERROR - 2016-07-04 07:17:34 --> Severity: Notice --> Undefined offset: 30 C:\xampp\htdocs\bondora\application\views\investments\index.php 880
ERROR - 2016-07-04 07:17:34 --> Severity: Notice --> Undefined offset: 31 C:\xampp\htdocs\bondora\application\views\investments\index.php 880
ERROR - 2016-07-04 07:17:34 --> Severity: Notice --> Undefined offset: 33 C:\xampp\htdocs\bondora\application\views\investments\index.php 880
ERROR - 2016-07-04 07:17:34 --> Severity: Notice --> Undefined offset: 31 C:\xampp\htdocs\bondora\application\views\investments\index.php 880
DEBUG - 2016-07-04 07:17:34 --> Total execution time: 1.3211
DEBUG - 2016-07-04 07:17:34 --> UTF-8 Support Disabled
DEBUG - 2016-07-04 07:17:34 --> Global POST, GET and COOKIE data sanitized
ERROR - 2016-07-04 07:17:34 --> 404 Page Not Found: Investments/bootstrap
DEBUG - 2016-07-04 07:17:41 --> UTF-8 Support Disabled
DEBUG - 2016-07-04 07:17:41 --> Global POST, GET and COOKIE data sanitized
DEBUG - 2016-07-04 07:17:42 --> cURL Class Initialized
DEBUG - 2016-07-04 07:17:42 --> OAuth2 class already loaded. Second attempt ignored.
DEBUG - 2016-07-04 07:17:42 --> C:\xampp\htdocs\bondora\application\libraries/MY_Table.php exists, but does not declare MY_Table
DEBUG - 2016-07-04 07:17:42 --> Session class already loaded. Second attempt ignored.
DEBUG - 2016-07-04 07:17:42 --> Total execution time: 0.5790
DEBUG - 2016-07-04 07:17:42 --> UTF-8 Support Disabled
DEBUG - 2016-07-04 07:17:42 --> Global POST, GET and COOKIE data sanitized
DEBUG - 2016-07-04 07:17:42 --> cURL Class Initialized
DEBUG - 2016-07-04 07:17:42 --> OAuth2 class already loaded. Second attempt ignored.
DEBUG - 2016-07-04 07:17:42 --> C:\xampp\htdocs\bondora\application\libraries/MY_Table.php exists, but does not declare MY_Table
DEBUG - 2016-07-04 07:17:42 --> Session class already loaded. Second attempt ignored.
DEBUG - 2016-07-04 07:17:42 --> Total execution time: 0.3170
DEBUG - 2016-07-04 07:17:46 --> UTF-8 Support Disabled
DEBUG - 2016-07-04 07:17:46 --> Global POST, GET and COOKIE data sanitized
DEBUG - 2016-07-04 07:17:46 --> cURL Class Initialized
DEBUG - 2016-07-04 07:17:46 --> OAuth2 class already loaded. Second attempt ignored.
DEBUG - 2016-07-04 07:17:46 --> C:\xampp\htdocs\bondora\application\libraries/MY_Table.php exists, but does not declare MY_Table
DEBUG - 2016-07-04 07:17:46 --> Session class already loaded. Second attempt ignored.
DEBUG - 2016-07-04 07:17:46 --> Total execution time: 0.5790
DEBUG - 2016-07-04 07:17:46 --> UTF-8 Support Disabled
DEBUG - 2016-07-04 07:17:46 --> Global POST, GET and COOKIE data sanitized
DEBUG - 2016-07-04 07:17:46 --> cURL Class Initialized
DEBUG - 2016-07-04 07:17:46 --> OAuth2 class already loaded. Second attempt ignored.
DEBUG - 2016-07-04 07:17:46 --> C:\xampp\htdocs\bondora\application\libraries/MY_Table.php exists, but does not declare MY_Table
DEBUG - 2016-07-04 07:17:46 --> Session class already loaded. Second attempt ignored.
DEBUG - 2016-07-04 07:17:46 --> Total execution time: 0.2990
DEBUG - 2016-07-04 07:18:08 --> UTF-8 Support Disabled
DEBUG - 2016-07-04 07:18:08 --> Global POST, GET and COOKIE data sanitized
DEBUG - 2016-07-04 07:18:08 --> cURL Class Initialized
DEBUG - 2016-07-04 07:18:08 --> OAuth2 class already loaded. Second attempt ignored.
DEBUG - 2016-07-04 07:18:08 --> C:\xampp\htdocs\bondora\application\libraries/MY_Table.php exists, but does not declare MY_Table
DEBUG - 2016-07-04 07:18:08 --> Session class already loaded. Second attempt ignored.
DEBUG - 2016-07-04 07:18:08 --> SELECT *
FROM `select` `a`.*, `b`.`listedOnDate`, `b`.`xirr`, `b`.`secondaryId`, `b`.`desiredDiscountRate from bondora`.`investment_payload a LEFT JOIN bondora`.`secondary b ON a`.`loanPartId=b`.`loanPartId WHERE a`.`id=28890 and user="mehike" order by` `a`.`signedDate`, `a`.`auctionId`
DEBUG - 2016-07-04 07:18:08 --> SELECT *
FROM `select` `a`.*, `b`.`listedOnDate`, `b`.`xirr`, `b`.`secondaryId`, `b`.`desiredDiscountRate from bondora`.`investment_payload a LEFT JOIN bondora`.`secondary b ON a`.`loanPartId=b`.`loanPartId WHERE a`.`id=28895 and user="mehike" order by` `a`.`signedDate`, `a`.`auctionId`
DEBUG - 2016-07-04 07:18:08 --> Total execution time: 0.5660
DEBUG - 2016-07-04 07:18:08 --> UTF-8 Support Disabled
DEBUG - 2016-07-04 07:18:08 --> Global POST, GET and COOKIE data sanitized
ERROR - 2016-07-04 07:18:08 --> 404 Page Not Found: Investments/bootstrap
DEBUG - 2016-07-04 07:18:11 --> UTF-8 Support Disabled
DEBUG - 2016-07-04 07:18:11 --> Global POST, GET and COOKIE data sanitized
DEBUG - 2016-07-04 07:18:11 --> cURL Class Initialized
DEBUG - 2016-07-04 07:18:11 --> OAuth2 class already loaded. Second attempt ignored.
DEBUG - 2016-07-04 07:18:11 --> C:\xampp\htdocs\bondora\application\libraries/MY_Table.php exists, but does not declare MY_Table
DEBUG - 2016-07-04 07:18:11 --> Session class already loaded. Second attempt ignored.
DEBUG - 2016-07-04 07:18:11 --> SELECT *
FROM `select` `a`.*, `b`.`listedOnDate`, `b`.`xirr`, `b`.`secondaryId`, `b`.`desiredDiscountRate from bondora`.`investment_payload a LEFT JOIN bondora`.`secondary b ON a`.`loanPartId=b`.`loanPartId and a`.`user=b`.`user where a`.`user="mehike" order by` `a`.`signedDate`, `a`.`auctionId`
ERROR - 2016-07-04 07:18:11 --> Severity: Notice --> Undefined offset: 33 C:\xampp\htdocs\bondora\application\views\investments\index.php 880
ERROR - 2016-07-04 07:18:11 --> Severity: Notice --> Undefined offset: 33 C:\xampp\htdocs\bondora\application\views\investments\index.php 880
ERROR - 2016-07-04 07:18:11 --> Severity: Notice --> Undefined offset: 33 C:\xampp\htdocs\bondora\application\views\investments\index.php 880
ERROR - 2016-07-04 07:18:11 --> Severity: Notice --> Undefined offset: 32 C:\xampp\htdocs\bondora\application\views\investments\index.php 880
ERROR - 2016-07-04 07:18:11 --> Severity: Notice --> Undefined offset: 33 C:\xampp\htdocs\bondora\application\views\investments\index.php 880
ERROR - 2016-07-04 07:18:11 --> Severity: Notice --> Undefined offset: 31 C:\xampp\htdocs\bondora\application\views\investments\index.php 880
ERROR - 2016-07-04 07:18:11 --> Severity: Notice --> Undefined offset: 33 C:\xampp\htdocs\bondora\application\views\investments\index.php 880
ERROR - 2016-07-04 07:18:11 --> Severity: Notice --> Undefined offset: 32 C:\xampp\htdocs\bondora\application\views\investments\index.php 880
ERROR - 2016-07-04 07:18:11 --> Severity: Notice --> Undefined offset: 31 C:\xampp\htdocs\bondora\application\views\investments\index.php 880
ERROR - 2016-07-04 07:18:11 --> Severity: Notice --> Undefined offset: 30 C:\xampp\htdocs\bondora\application\views\investments\index.php 880
ERROR - 2016-07-04 07:18:11 --> Severity: Notice --> Undefined offset: 31 C:\xampp\htdocs\bondora\application\views\investments\index.php 880
ERROR - 2016-07-04 07:18:11 --> Severity: Notice --> Undefined offset: 31 C:\xampp\htdocs\bondora\application\views\investments\index.php 880
ERROR - 2016-07-04 07:18:11 --> Severity: Notice --> Undefined offset: 32 C:\xampp\htdocs\bondora\application\views\investments\index.php 880
ERROR - 2016-07-04 07:18:11 --> Severity: Notice --> Undefined offset: 33 C:\xampp\htdocs\bondora\application\views\investments\index.php 880
ERROR - 2016-07-04 07:18:11 --> Severity: Notice --> Undefined offset: 32 C:\xampp\htdocs\bondora\application\views\investments\index.php 880
ERROR - 2016-07-04 07:18:11 --> Severity: Notice --> Undefined offset: 33 C:\xampp\htdocs\bondora\application\views\investments\index.php 880
ERROR - 2016-07-04 07:18:11 --> Severity: Notice --> Undefined offset: 32 C:\xampp\htdocs\bondora\application\views\investments\index.php 880
ERROR - 2016-07-04 07:18:11 --> Severity: Notice --> Undefined offset: 33 C:\xampp\htdocs\bondora\application\views\investments\index.php 880
ERROR - 2016-07-04 07:18:11 --> Severity: Notice --> Undefined offset: 41 C:\xampp\htdocs\bondora\application\views\investments\index.php 880
ERROR - 2016-07-04 07:18:11 --> Severity: Notice --> Undefined offset: 30 C:\xampp\htdocs\bondora\application\views\investments\index.php 880
ERROR - 2016-07-04 07:18:11 --> Severity: Notice --> Undefined offset: 30 C:\xampp\htdocs\bondora\application\views\investments\index.php 880
ERROR - 2016-07-04 07:18:11 --> Severity: Notice --> Undefined offset: 31 C:\xampp\htdocs\bondora\application\views\investments\index.php 880
ERROR - 2016-07-04 07:18:11 --> Severity: Notice --> Undefined offset: 33 C:\xampp\htdocs\bondora\application\views\investments\index.php 880
ERROR - 2016-07-04 07:18:11 --> Severity: Notice --> Undefined offset: 31 C:\xampp\htdocs\bondora\application\views\investments\index.php 880
DEBUG - 2016-07-04 07:18:11 --> Total execution time: 0.0900
DEBUG - 2016-07-04 07:18:11 --> UTF-8 Support Disabled
DEBUG - 2016-07-04 07:18:11 --> Global POST, GET and COOKIE data sanitized
ERROR - 2016-07-04 07:18:11 --> 404 Page Not Found: Investments/bootstrap
DEBUG - 2016-07-04 07:18:13 --> UTF-8 Support Disabled
DEBUG - 2016-07-04 07:18:13 --> Global POST, GET and COOKIE data sanitized
DEBUG - 2016-07-04 07:18:13 --> cURL Class Initialized
DEBUG - 2016-07-04 07:18:13 --> OAuth2 class already loaded. Second attempt ignored.
DEBUG - 2016-07-04 07:18:13 --> C:\xampp\htdocs\bondora\application\libraries/MY_Table.php exists, but does not declare MY_Table
DEBUG - 2016-07-04 07:18:13 --> Session class already loaded. Second attempt ignored.
DEBUG - 2016-07-04 07:18:14 --> SELECT *
FROM `select` `a`.*, `b`.`listedOnDate`, `b`.`xirr`, `b`.`secondaryId`, `b`.`desiredDiscountRate from bondora`.`investment_payload a LEFT JOIN bondora`.`secondary b ON a`.`loanPartId=b`.`loanPartId and a`.`user=b`.`user where a`.`user="mehike" order by` `a`.`signedDate`, `a`.`auctionId`
ERROR - 2016-07-04 07:18:14 --> Severity: Notice --> Undefined offset: 33 C:\xampp\htdocs\bondora\application\views\investments\index.php 880
ERROR - 2016-07-04 07:18:14 --> Severity: Notice --> Undefined offset: 33 C:\xampp\htdocs\bondora\application\views\investments\index.php 880
ERROR - 2016-07-04 07:18:14 --> Severity: Notice --> Undefined offset: 33 C:\xampp\htdocs\bondora\application\views\investments\index.php 880
ERROR - 2016-07-04 07:18:14 --> Severity: Notice --> Undefined offset: 32 C:\xampp\htdocs\bondora\application\views\investments\index.php 880
ERROR - 2016-07-04 07:18:14 --> Severity: Notice --> Undefined offset: 33 C:\xampp\htdocs\bondora\application\views\investments\index.php 880
ERROR - 2016-07-04 07:18:14 --> Severity: Notice --> Undefined offset: 31 C:\xampp\htdocs\bondora\application\views\investments\index.php 880
ERROR - 2016-07-04 07:18:14 --> Severity: Notice --> Undefined offset: 33 C:\xampp\htdocs\bondora\application\views\investments\index.php 880
ERROR - 2016-07-04 07:18:14 --> Severity: Notice --> Undefined offset: 32 C:\xampp\htdocs\bondora\application\views\investments\index.php 880
ERROR - 2016-07-04 07:18:14 --> Severity: Notice --> Undefined offset: 31 C:\xampp\htdocs\bondora\application\views\investments\index.php 880
ERROR - 2016-07-04 07:18:14 --> Severity: Notice --> Undefined offset: 31 C:\xampp\htdocs\bondora\application\views\investments\index.php 880
ERROR - 2016-07-04 07:18:14 --> Severity: Notice --> Undefined offset: 31 C:\xampp\htdocs\bondora\application\views\investments\index.php 880
ERROR - 2016-07-04 07:18:14 --> Severity: Notice --> Undefined offset: 32 C:\xampp\htdocs\bondora\application\views\investments\index.php 880
ERROR - 2016-07-04 07:18:14 --> Severity: Notice --> Undefined offset: 33 C:\xampp\htdocs\bondora\application\views\investments\index.php 880
ERROR - 2016-07-04 07:18:14 --> Severity: Notice --> Undefined offset: 32 C:\xampp\htdocs\bondora\application\views\investments\index.php 880
ERROR - 2016-07-04 07:18:14 --> Severity: Notice --> Undefined offset: 33 C:\xampp\htdocs\bondora\application\views\investments\index.php 880
ERROR - 2016-07-04 07:18:14 --> Severity: Notice --> Undefined offset: 32 C:\xampp\htdocs\bondora\application\views\investments\index.php 880
ERROR - 2016-07-04 07:18:14 --> Severity: Notice --> Undefined offset: 33 C:\xampp\htdocs\bondora\application\views\investments\index.php 880
ERROR - 2016-07-04 07:18:14 --> Severity: Notice --> Undefined offset: 41 C:\xampp\htdocs\bondora\application\views\investments\index.php 880
ERROR - 2016-07-04 07:18:14 --> Severity: Notice --> Undefined offset: 30 C:\xampp\htdocs\bondora\application\views\investments\index.php 880
ERROR - 2016-07-04 07:18:14 --> Severity: Notice --> Undefined offset: 31 C:\xampp\htdocs\bondora\application\views\investments\index.php 880
ERROR - 2016-07-04 07:18:14 --> Severity: Notice --> Undefined offset: 33 C:\xampp\htdocs\bondora\application\views\investments\index.php 880
ERROR - 2016-07-04 07:18:14 --> Severity: Notice --> Undefined offset: 31 C:\xampp\htdocs\bondora\application\views\investments\index.php 880
DEBUG - 2016-07-04 07:18:14 --> Total execution time: 1.3101
DEBUG - 2016-07-04 07:18:14 --> UTF-8 Support Disabled
DEBUG - 2016-07-04 07:18:14 --> Global POST, GET and COOKIE data sanitized
ERROR - 2016-07-04 07:18:14 --> 404 Page Not Found: Investments/bootstrap
DEBUG - 2016-07-04 07:18:26 --> UTF-8 Support Disabled
DEBUG - 2016-07-04 07:18:26 --> Global POST, GET and COOKIE data sanitized
DEBUG - 2016-07-04 07:18:26 --> cURL Class Initialized
DEBUG - 2016-07-04 07:18:26 --> OAuth2 class already loaded. Second attempt ignored.
DEBUG - 2016-07-04 07:18:26 --> C:\xampp\htdocs\bondora\application\libraries/MY_Table.php exists, but does not declare MY_Table
DEBUG - 2016-07-04 07:18:26 --> Session class already loaded. Second attempt ignored.
DEBUG - 2016-07-04 07:18:26 --> Total execution time: 0.6240
DEBUG - 2016-07-04 07:18:26 --> UTF-8 Support Disabled
DEBUG - 2016-07-04 07:18:26 --> Global POST, GET and COOKIE data sanitized
DEBUG - 2016-07-04 07:18:26 --> cURL Class Initialized
DEBUG - 2016-07-04 07:18:26 --> OAuth2 class already loaded. Second attempt ignored.
DEBUG - 2016-07-04 07:18:26 --> C:\xampp\htdocs\bondora\application\libraries/MY_Table.php exists, but does not declare MY_Table
DEBUG - 2016-07-04 07:18:26 --> Session class already loaded. Second attempt ignored.
DEBUG - 2016-07-04 07:18:27 --> Total execution time: 0.3350
DEBUG - 2016-07-04 07:18:30 --> UTF-8 Support Disabled
DEBUG - 2016-07-04 07:18:30 --> Global POST, GET and COOKIE data sanitized
DEBUG - 2016-07-04 07:18:30 --> cURL Class Initialized
DEBUG - 2016-07-04 07:18:30 --> OAuth2 class already loaded. Second attempt ignored.
DEBUG - 2016-07-04 07:18:30 --> C:\xampp\htdocs\bondora\application\libraries/MY_Table.php exists, but does not declare MY_Table
DEBUG - 2016-07-04 07:18:30 --> Session class already loaded. Second attempt ignored.
DEBUG - 2016-07-04 07:18:31 --> Total execution time: 0.5860
DEBUG - 2016-07-04 07:18:31 --> UTF-8 Support Disabled
DEBUG - 2016-07-04 07:18:31 --> Global POST, GET and COOKIE data sanitized
DEBUG - 2016-07-04 07:18:31 --> cURL Class Initialized
DEBUG - 2016-07-04 07:18:31 --> OAuth2 class already loaded. Second attempt ignored.
DEBUG - 2016-07-04 07:18:31 --> C:\xampp\htdocs\bondora\application\libraries/MY_Table.php exists, but does not declare MY_Table
DEBUG - 2016-07-04 07:18:31 --> Session class already loaded. Second attempt ignored.
DEBUG - 2016-07-04 07:18:31 --> Total execution time: 0.3050
DEBUG - 2016-07-04 07:18:36 --> UTF-8 Support Disabled
DEBUG - 2016-07-04 07:18:36 --> Global POST, GET and COOKIE data sanitized
DEBUG - 2016-07-04 07:18:36 --> cURL Class Initialized
DEBUG - 2016-07-04 07:18:36 --> OAuth2 class already loaded. Second attempt ignored.
DEBUG - 2016-07-04 07:18:36 --> C:\xampp\htdocs\bondora\application\libraries/MY_Table.php exists, but does not declare MY_Table
DEBUG - 2016-07-04 07:18:36 --> Session class already loaded. Second attempt ignored.
DEBUG - 2016-07-04 07:18:36 --> Total execution time: 0.5790
DEBUG - 2016-07-04 07:18:36 --> UTF-8 Support Disabled
DEBUG - 2016-07-04 07:18:36 --> Global POST, GET and COOKIE data sanitized
DEBUG - 2016-07-04 07:18:36 --> cURL Class Initialized
DEBUG - 2016-07-04 07:18:36 --> OAuth2 class already loaded. Second attempt ignored.
DEBUG - 2016-07-04 07:18:36 --> C:\xampp\htdocs\bondora\application\libraries/MY_Table.php exists, but does not declare MY_Table
DEBUG - 2016-07-04 07:18:36 --> Session class already loaded. Second attempt ignored.
DEBUG - 2016-07-04 07:18:37 --> Total execution time: 0.3060
DEBUG - 2016-07-04 07:18:51 --> UTF-8 Support Disabled
DEBUG - 2016-07-04 07:18:51 --> Global POST, GET and COOKIE data sanitized
DEBUG - 2016-07-04 07:18:51 --> cURL Class Initialized
DEBUG - 2016-07-04 07:18:51 --> OAuth2 class already loaded. Second attempt ignored.
DEBUG - 2016-07-04 07:18:51 --> C:\xampp\htdocs\bondora\application\libraries/MY_Table.php exists, but does not declare MY_Table
DEBUG - 2016-07-04 07:18:51 --> Session class already loaded. Second attempt ignored.
DEBUG - 2016-07-04 07:18:51 --> SELECT *
FROM `select` `a`.*, `b`.`listedOnDate`, `b`.`xirr`, `b`.`secondaryId`, `b`.`desiredDiscountRate from bondora`.`investment_payload a LEFT JOIN bondora`.`secondary b ON a`.`loanPartId=b`.`loanPartId WHERE a`.`id=28932 and user="mehike" order by` `a`.`signedDate`, `a`.`auctionId`
DEBUG - 2016-07-04 07:18:51 --> SELECT *
FROM `select` `a`.*, `b`.`listedOnDate`, `b`.`xirr`, `b`.`secondaryId`, `b`.`desiredDiscountRate from bondora`.`investment_payload a LEFT JOIN bondora`.`secondary b ON a`.`loanPartId=b`.`loanPartId WHERE a`.`id=28940 and user="mehike" order by` `a`.`signedDate`, `a`.`auctionId`
DEBUG - 2016-07-04 07:18:51 --> SELECT *
FROM `select` `a`.*, `b`.`listedOnDate`, `b`.`xirr`, `b`.`secondaryId`, `b`.`desiredDiscountRate from bondora`.`investment_payload a LEFT JOIN bondora`.`secondary b ON a`.`loanPartId=b`.`loanPartId WHERE a`.`id=28941 and user="mehike" order by` `a`.`signedDate`, `a`.`auctionId`
DEBUG - 2016-07-04 07:18:51 --> Total execution time: 0.5640
DEBUG - 2016-07-04 07:18:51 --> UTF-8 Support Disabled
DEBUG - 2016-07-04 07:18:51 --> Global POST, GET and COOKIE data sanitized
ERROR - 2016-07-04 07:18:51 --> 404 Page Not Found: Investments/bootstrap
DEBUG - 2016-07-04 07:18:53 --> UTF-8 Support Disabled
DEBUG - 2016-07-04 07:18:53 --> Global POST, GET and COOKIE data sanitized
DEBUG - 2016-07-04 07:18:53 --> cURL Class Initialized
DEBUG - 2016-07-04 07:18:53 --> OAuth2 class already loaded. Second attempt ignored.
DEBUG - 2016-07-04 07:18:53 --> C:\xampp\htdocs\bondora\application\libraries/MY_Table.php exists, but does not declare MY_Table
DEBUG - 2016-07-04 07:18:53 --> Session class already loaded. Second attempt ignored.
DEBUG - 2016-07-04 07:18:53 --> SELECT *
FROM `select` `a`.*, `b`.`listedOnDate`, `b`.`xirr`, `b`.`secondaryId`, `b`.`desiredDiscountRate from bondora`.`investment_payload a LEFT JOIN bondora`.`secondary b ON a`.`loanPartId=b`.`loanPartId and a`.`user=b`.`user where a`.`user="mehike" order by` `a`.`signedDate`, `a`.`auctionId`
ERROR - 2016-07-04 07:18:53 --> Severity: Notice --> Undefined offset: 33 C:\xampp\htdocs\bondora\application\views\investments\index.php 880
ERROR - 2016-07-04 07:18:53 --> Severity: Notice --> Undefined offset: 33 C:\xampp\htdocs\bondora\application\views\investments\index.php 880
ERROR - 2016-07-04 07:18:53 --> Severity: Notice --> Undefined offset: 33 C:\xampp\htdocs\bondora\application\views\investments\index.php 880
ERROR - 2016-07-04 07:18:53 --> Severity: Notice --> Undefined offset: 32 C:\xampp\htdocs\bondora\application\views\investments\index.php 880
ERROR - 2016-07-04 07:18:53 --> Severity: Notice --> Undefined offset: 33 C:\xampp\htdocs\bondora\application\views\investments\index.php 880
ERROR - 2016-07-04 07:18:53 --> Severity: Notice --> Undefined offset: 31 C:\xampp\htdocs\bondora\application\views\investments\index.php 880
ERROR - 2016-07-04 07:18:53 --> Severity: Notice --> Undefined offset: 33 C:\xampp\htdocs\bondora\application\views\investments\index.php 880
ERROR - 2016-07-04 07:18:53 --> Severity: Notice --> Undefined offset: 32 C:\xampp\htdocs\bondora\application\views\investments\index.php 880
ERROR - 2016-07-04 07:18:53 --> Severity: Notice --> Undefined offset: 31 C:\xampp\htdocs\bondora\application\views\investments\index.php 880
ERROR - 2016-07-04 07:18:53 --> Severity: Notice --> Undefined offset: 30 C:\xampp\htdocs\bondora\application\views\investments\index.php 880
ERROR - 2016-07-04 07:18:53 --> Severity: Notice --> Undefined offset: 31 C:\xampp\htdocs\bondora\application\views\investments\index.php 880
ERROR - 2016-07-04 07:18:53 --> Severity: Notice --> Undefined offset: 31 C:\xampp\htdocs\bondora\application\views\investments\index.php 880
ERROR - 2016-07-04 07:18:53 --> Severity: Notice --> Undefined offset: 32 C:\xampp\htdocs\bondora\application\views\investments\index.php 880
ERROR - 2016-07-04 07:18:53 --> Severity: Notice --> Undefined offset: 33 C:\xampp\htdocs\bondora\application\views\investments\index.php 880
ERROR - 2016-07-04 07:18:53 --> Severity: Notice --> Undefined offset: 32 C:\xampp\htdocs\bondora\application\views\investments\index.php 880
ERROR - 2016-07-04 07:18:53 --> Severity: Notice --> Undefined offset: 33 C:\xampp\htdocs\bondora\application\views\investments\index.php 880
ERROR - 2016-07-04 07:18:53 --> Severity: Notice --> Undefined offset: 32 C:\xampp\htdocs\bondora\application\views\investments\index.php 880
ERROR - 2016-07-04 07:18:53 --> Severity: Notice --> Undefined offset: 33 C:\xampp\htdocs\bondora\application\views\investments\index.php 880
ERROR - 2016-07-04 07:18:53 --> Severity: Notice --> Undefined offset: 41 C:\xampp\htdocs\bondora\application\views\investments\index.php 880
ERROR - 2016-07-04 07:18:53 --> Severity: Notice --> Undefined offset: 30 C:\xampp\htdocs\bondora\application\views\investments\index.php 880
ERROR - 2016-07-04 07:18:53 --> Severity: Notice --> Undefined offset: 30 C:\xampp\htdocs\bondora\application\views\investments\index.php 880
ERROR - 2016-07-04 07:18:53 --> Severity: Notice --> Undefined offset: 31 C:\xampp\htdocs\bondora\application\views\investments\index.php 880
ERROR - 2016-07-04 07:18:53 --> Severity: Notice --> Undefined offset: 33 C:\xampp\htdocs\bondora\application\views\investments\index.php 880
ERROR - 2016-07-04 07:18:53 --> Severity: Notice --> Undefined offset: 31 C:\xampp\htdocs\bondora\application\views\investments\index.php 880
DEBUG - 2016-07-04 07:18:53 --> Total execution time: 0.1080
DEBUG - 2016-07-04 07:18:54 --> UTF-8 Support Disabled
DEBUG - 2016-07-04 07:18:54 --> Global POST, GET and COOKIE data sanitized
ERROR - 2016-07-04 07:18:54 --> 404 Page Not Found: Investments/bootstrap
DEBUG - 2016-07-04 07:18:55 --> UTF-8 Support Disabled
DEBUG - 2016-07-04 07:18:55 --> Global POST, GET and COOKIE data sanitized
DEBUG - 2016-07-04 07:18:55 --> cURL Class Initialized
DEBUG - 2016-07-04 07:18:55 --> OAuth2 class already loaded. Second attempt ignored.
DEBUG - 2016-07-04 07:18:55 --> C:\xampp\htdocs\bondora\application\libraries/MY_Table.php exists, but does not declare MY_Table
DEBUG - 2016-07-04 07:18:55 --> Session class already loaded. Second attempt ignored.
DEBUG - 2016-07-04 07:18:56 --> SELECT *
FROM `select` `a`.*, `b`.`listedOnDate`, `b`.`xirr`, `b`.`secondaryId`, `b`.`desiredDiscountRate from bondora`.`investment_payload a LEFT JOIN bondora`.`secondary b ON a`.`loanPartId=b`.`loanPartId and a`.`user=b`.`user where a`.`user="mehike" order by` `a`.`signedDate`, `a`.`auctionId`
ERROR - 2016-07-04 07:18:56 --> Severity: Notice --> Undefined offset: 33 C:\xampp\htdocs\bondora\application\views\investments\index.php 880
ERROR - 2016-07-04 07:18:56 --> Severity: Notice --> Undefined offset: 33 C:\xampp\htdocs\bondora\application\views\investments\index.php 880
ERROR - 2016-07-04 07:18:56 --> Severity: Notice --> Undefined offset: 33 C:\xampp\htdocs\bondora\application\views\investments\index.php 880
ERROR - 2016-07-04 07:18:56 --> Severity: Notice --> Undefined offset: 32 C:\xampp\htdocs\bondora\application\views\investments\index.php 880
ERROR - 2016-07-04 07:18:56 --> Severity: Notice --> Undefined offset: 33 C:\xampp\htdocs\bondora\application\views\investments\index.php 880
ERROR - 2016-07-04 07:18:56 --> Severity: Notice --> Undefined offset: 31 C:\xampp\htdocs\bondora\application\views\investments\index.php 880
ERROR - 2016-07-04 07:18:56 --> Severity: Notice --> Undefined offset: 33 C:\xampp\htdocs\bondora\application\views\investments\index.php 880
ERROR - 2016-07-04 07:18:56 --> Severity: Notice --> Undefined offset: 32 C:\xampp\htdocs\bondora\application\views\investments\index.php 880
ERROR - 2016-07-04 07:18:56 --> Severity: Notice --> Undefined offset: 31 C:\xampp\htdocs\bondora\application\views\investments\index.php 880
ERROR - 2016-07-04 07:18:56 --> Severity: Notice --> Undefined offset: 31 C:\xampp\htdocs\bondora\application\views\investments\index.php 880
ERROR - 2016-07-04 07:18:56 --> Severity: Notice --> Undefined offset: 31 C:\xampp\htdocs\bondora\application\views\investments\index.php 880
ERROR - 2016-07-04 07:18:56 --> Severity: Notice --> Undefined offset: 32 C:\xampp\htdocs\bondora\application\views\investments\index.php 880
ERROR - 2016-07-04 07:18:56 --> Severity: Notice --> Undefined offset: 33 C:\xampp\htdocs\bondora\application\views\investments\index.php 880
ERROR - 2016-07-04 07:18:56 --> Severity: Notice --> Undefined offset: 32 C:\xampp\htdocs\bondora\application\views\investments\index.php 880
ERROR - 2016-07-04 07:18:56 --> Severity: Notice --> Undefined offset: 33 C:\xampp\htdocs\bondora\application\views\investments\index.php 880
ERROR - 2016-07-04 07:18:56 --> Severity: Notice --> Undefined offset: 32 C:\xampp\htdocs\bondora\application\views\investments\index.php 880
ERROR - 2016-07-04 07:18:56 --> Severity: Notice --> Undefined offset: 33 C:\xampp\htdocs\bondora\application\views\investments\index.php 880
ERROR - 2016-07-04 07:18:56 --> Severity: Notice --> Undefined offset: 41 C:\xampp\htdocs\bondora\application\views\investments\index.php 880
ERROR - 2016-07-04 07:18:56 --> Severity: Notice --> Undefined offset: 30 C:\xampp\htdocs\bondora\application\views\investments\index.php 880
ERROR - 2016-07-04 07:18:56 --> Severity: Notice --> Undefined offset: 31 C:\xampp\htdocs\bondora\application\views\investments\index.php 880
ERROR - 2016-07-04 07:18:56 --> Severity: Notice --> Undefined offset: 33 C:\xampp\htdocs\bondora\application\views\investments\index.php 880
ERROR - 2016-07-04 07:18:56 --> Severity: Notice --> Undefined offset: 31 C:\xampp\htdocs\bondora\application\views\investments\index.php 880
DEBUG - 2016-07-04 07:18:56 --> Total execution time: 1.0991
DEBUG - 2016-07-04 07:18:57 --> UTF-8 Support Disabled
DEBUG - 2016-07-04 07:18:57 --> Global POST, GET and COOKIE data sanitized
ERROR - 2016-07-04 07:18:57 --> 404 Page Not Found: Investments/bootstrap
DEBUG - 2016-07-04 07:19:02 --> UTF-8 Support Disabled
DEBUG - 2016-07-04 07:19:02 --> Global POST, GET and COOKIE data sanitized
DEBUG - 2016-07-04 07:19:02 --> cURL Class Initialized
DEBUG - 2016-07-04 07:19:02 --> OAuth2 class already loaded. Second attempt ignored.
DEBUG - 2016-07-04 07:19:02 --> C:\xampp\htdocs\bondora\application\libraries/MY_Table.php exists, but does not declare MY_Table
DEBUG - 2016-07-04 07:19:02 --> Session class already loaded. Second attempt ignored.
DEBUG - 2016-07-04 07:19:02 --> Total execution time: 0.0900
DEBUG - 2016-07-04 07:19:03 --> UTF-8 Support Disabled
DEBUG - 2016-07-04 07:19:03 --> Global POST, GET and COOKIE data sanitized
ERROR - 2016-07-04 07:19:03 --> 404 Page Not Found: Secondary/bootstrap
DEBUG - 2016-07-04 07:19:03 --> UTF-8 Support Disabled
DEBUG - 2016-07-04 07:19:03 --> Global POST, GET and COOKIE data sanitized
DEBUG - 2016-07-04 07:19:03 --> cURL Class Initialized
DEBUG - 2016-07-04 07:19:03 --> OAuth2 class already loaded. Second attempt ignored.
DEBUG - 2016-07-04 07:19:03 --> C:\xampp\htdocs\bondora\application\libraries/MY_Table.php exists, but does not declare MY_Table
DEBUG - 2016-07-04 07:19:03 --> Session class already loaded. Second attempt ignored.
ERROR - 2016-07-04 07:19:04 --> Severity: Notice --> Trying to get property of non-object C:\xampp\htdocs\bondora\application\controllers\Secondary.php 602
ERROR - 2016-07-04 07:19:04 --> Severity: Notice --> Undefined index: all C:\xampp\htdocs\bondora\application\controllers\Secondary.php 605
DEBUG - 2016-07-04 07:19:04 --> UTF-8 Support Disabled
DEBUG - 2016-07-04 07:19:04 --> Global POST, GET and COOKIE data sanitized
DEBUG - 2016-07-04 07:19:04 --> cURL Class Initialized
DEBUG - 2016-07-04 07:19:04 --> OAuth2 class already loaded. Second attempt ignored.
DEBUG - 2016-07-04 07:19:04 --> C:\xampp\htdocs\bondora\application\libraries/MY_Table.php exists, but does not declare MY_Table
DEBUG - 2016-07-04 07:19:04 --> Session class already loaded. Second attempt ignored.
DEBUG - 2016-07-04 07:19:04 --> Total execution time: 0.0590
DEBUG - 2016-07-04 07:19:04 --> UTF-8 Support Disabled
DEBUG - 2016-07-04 07:19:04 --> Global POST, GET and COOKIE data sanitized
ERROR - 2016-07-04 07:19:04 --> 404 Page Not Found: Secondary/bootstrap
DEBUG - 2016-07-04 07:19:05 --> UTF-8 Support Disabled
DEBUG - 2016-07-04 07:19:05 --> Global POST, GET and COOKIE data sanitized
DEBUG - 2016-07-04 07:19:05 --> cURL Class Initialized
DEBUG - 2016-07-04 07:19:05 --> OAuth2 class already loaded. Second attempt ignored.
DEBUG - 2016-07-04 07:19:05 --> C:\xampp\htdocs\bondora\application\libraries/MY_Table.php exists, but does not declare MY_Table
DEBUG - 2016-07-04 07:19:05 --> Session class already loaded. Second attempt ignored.
DEBUG - 2016-07-04 07:19:05 --> SELECT *
FROM `select` `a`.*, `b`.`listedOnDate`, `b`.`xirr`, `b`.`secondaryId`, `b`.`desiredDiscountRate from bondora`.`investment_payload a LEFT JOIN bondora`.`secondary b ON a`.`loanPartId=b`.`loanPartId and a`.`user=b`.`user where a`.`user="mehike" order by` `a`.`signedDate`, `a`.`auctionId`
ERROR - 2016-07-04 07:19:05 --> Severity: Notice --> Undefined offset: 33 C:\xampp\htdocs\bondora\application\views\investments\index.php 880
ERROR - 2016-07-04 07:19:05 --> Severity: Notice --> Undefined offset: 33 C:\xampp\htdocs\bondora\application\views\investments\index.php 880
ERROR - 2016-07-04 07:19:05 --> Severity: Notice --> Undefined offset: 33 C:\xampp\htdocs\bondora\application\views\investments\index.php 880
ERROR - 2016-07-04 07:19:05 --> Severity: Notice --> Undefined offset: 32 C:\xampp\htdocs\bondora\application\views\investments\index.php 880
ERROR - 2016-07-04 07:19:05 --> Severity: Notice --> Undefined offset: 33 C:\xampp\htdocs\bondora\application\views\investments\index.php 880
ERROR - 2016-07-04 07:19:05 --> Severity: Notice --> Undefined offset: 31 C:\xampp\htdocs\bondora\application\views\investments\index.php 880
ERROR - 2016-07-04 07:19:05 --> Severity: Notice --> Undefined offset: 33 C:\xampp\htdocs\bondora\application\views\investments\index.php 880
ERROR - 2016-07-04 07:19:05 --> Severity: Notice --> Undefined offset: 32 C:\xampp\htdocs\bondora\application\views\investments\index.php 880
ERROR - 2016-07-04 07:19:05 --> Severity: Notice --> Undefined offset: 31 C:\xampp\htdocs\bondora\application\views\investments\index.php 880
ERROR - 2016-07-04 07:19:05 --> Severity: Notice --> Undefined offset: 30 C:\xampp\htdocs\bondora\application\views\investments\index.php 880
ERROR - 2016-07-04 07:19:05 --> Severity: Notice --> Undefined offset: 31 C:\xampp\htdocs\bondora\application\views\investments\index.php 880
ERROR - 2016-07-04 07:19:05 --> Severity: Notice --> Undefined offset: 31 C:\xampp\htdocs\bondora\application\views\investments\index.php 880
ERROR - 2016-07-04 07:19:05 --> Severity: Notice --> Undefined offset: 32 C:\xampp\htdocs\bondora\application\views\investments\index.php 880
ERROR - 2016-07-04 07:19:05 --> Severity: Notice --> Undefined offset: 33 C:\xampp\htdocs\bondora\application\views\investments\index.php 880
ERROR - 2016-07-04 07:19:05 --> Severity: Notice --> Undefined offset: 32 C:\xampp\htdocs\bondora\application\views\investments\index.php 880
ERROR - 2016-07-04 07:19:05 --> Severity: Notice --> Undefined offset: 33 C:\xampp\htdocs\bondora\application\views\investments\index.php 880
ERROR - 2016-07-04 07:19:05 --> Severity: Notice --> Undefined offset: 32 C:\xampp\htdocs\bondora\application\views\investments\index.php 880
ERROR - 2016-07-04 07:19:05 --> Severity: Notice --> Undefined offset: 33 C:\xampp\htdocs\bondora\application\views\investments\index.php 880
ERROR - 2016-07-04 07:19:05 --> Severity: Notice --> Undefined offset: 41 C:\xampp\htdocs\bondora\application\views\investments\index.php 880
ERROR - 2016-07-04 07:19:05 --> Severity: Notice --> Undefined offset: 30 C:\xampp\htdocs\bondora\application\views\investments\index.php 880
ERROR - 2016-07-04 07:19:05 --> Severity: Notice --> Undefined offset: 30 C:\xampp\htdocs\bondora\application\views\investments\index.php 880
ERROR - 2016-07-04 07:19:05 --> Severity: Notice --> Undefined offset: 31 C:\xampp\htdocs\bondora\application\views\investments\index.php 880
ERROR - 2016-07-04 07:19:05 --> Severity: Notice --> Undefined offset: 33 C:\xampp\htdocs\bondora\application\views\investments\index.php 880
ERROR - 2016-07-04 07:19:05 --> Severity: Notice --> Undefined offset: 31 C:\xampp\htdocs\bondora\application\views\investments\index.php 880
DEBUG - 2016-07-04 07:19:05 --> Total execution time: 0.0830
DEBUG - 2016-07-04 07:19:05 --> UTF-8 Support Disabled
DEBUG - 2016-07-04 07:19:05 --> Global POST, GET and COOKIE data sanitized
ERROR - 2016-07-04 07:19:05 --> 404 Page Not Found: Investments/bootstrap
DEBUG - 2016-07-04 07:19:06 --> UTF-8 Support Disabled
DEBUG - 2016-07-04 07:19:06 --> Global POST, GET and COOKIE data sanitized
DEBUG - 2016-07-04 07:19:06 --> cURL Class Initialized
DEBUG - 2016-07-04 07:19:06 --> OAuth2 class already loaded. Second attempt ignored.
DEBUG - 2016-07-04 07:19:06 --> C:\xampp\htdocs\bondora\application\libraries/MY_Table.php exists, but does not declare MY_Table
DEBUG - 2016-07-04 07:19:06 --> Session class already loaded. Second attempt ignored.
DEBUG - 2016-07-04 07:19:07 --> SELECT *
FROM `select` `a`.*, `b`.`listedOnDate`, `b`.`xirr`, `b`.`secondaryId`, `b`.`desiredDiscountRate from bondora`.`investment_payload a LEFT JOIN bondora`.`secondary b ON a`.`loanPartId=b`.`loanPartId and a`.`user=b`.`user where a`.`user="mehike" order by` `a`.`signedDate`, `a`.`auctionId`
ERROR - 2016-07-04 07:19:07 --> Severity: Notice --> Undefined offset: 33 C:\xampp\htdocs\bondora\application\views\investments\index.php 880
ERROR - 2016-07-04 07:19:07 --> Severity: Notice --> Undefined offset: 33 C:\xampp\htdocs\bondora\application\views\investments\index.php 880
ERROR - 2016-07-04 07:19:07 --> Severity: Notice --> Undefined offset: 33 C:\xampp\htdocs\bondora\application\views\investments\index.php 880
ERROR - 2016-07-04 07:19:07 --> Severity: Notice --> Undefined offset: 32 C:\xampp\htdocs\bondora\application\views\investments\index.php 880
ERROR - 2016-07-04 07:19:07 --> Severity: Notice --> Undefined offset: 33 C:\xampp\htdocs\bondora\application\views\investments\index.php 880
ERROR - 2016-07-04 07:19:07 --> Severity: Notice --> Undefined offset: 31 C:\xampp\htdocs\bondora\application\views\investments\index.php 880
ERROR - 2016-07-04 07:19:07 --> Severity: Notice --> Undefined offset: 33 C:\xampp\htdocs\bondora\application\views\investments\index.php 880
ERROR - 2016-07-04 07:19:07 --> Severity: Notice --> Undefined offset: 32 C:\xampp\htdocs\bondora\application\views\investments\index.php 880
ERROR - 2016-07-04 07:19:07 --> Severity: Notice --> Undefined offset: 31 C:\xampp\htdocs\bondora\application\views\investments\index.php 880
ERROR - 2016-07-04 07:19:07 --> Severity: Notice --> Undefined offset: 31 C:\xampp\htdocs\bondora\application\views\investments\index.php 880
ERROR - 2016-07-04 07:19:07 --> Severity: Notice --> Undefined offset: 31 C:\xampp\htdocs\bondora\application\views\investments\index.php 880
ERROR - 2016-07-04 07:19:07 --> Severity: Notice --> Undefined offset: 32 C:\xampp\htdocs\bondora\application\views\investments\index.php 880
ERROR - 2016-07-04 07:19:07 --> Severity: Notice --> Undefined offset: 33 C:\xampp\htdocs\bondora\application\views\investments\index.php 880
ERROR - 2016-07-04 07:19:07 --> Severity: Notice --> Undefined offset: 32 C:\xampp\htdocs\bondora\application\views\investments\index.php 880
ERROR - 2016-07-04 07:19:07 --> Severity: Notice --> Undefined offset: 33 C:\xampp\htdocs\bondora\application\views\investments\index.php 880
ERROR - 2016-07-04 07:19:07 --> Severity: Notice --> Undefined offset: 32 C:\xampp\htdocs\bondora\application\views\investments\index.php 880
ERROR - 2016-07-04 07:19:07 --> Severity: Notice --> Undefined offset: 33 C:\xampp\htdocs\bondora\application\views\investments\index.php 880
ERROR - 2016-07-04 07:19:07 --> Severity: Notice --> Undefined offset: 41 C:\xampp\htdocs\bondora\application\views\investments\index.php 880
ERROR - 2016-07-04 07:19:07 --> Severity: Notice --> Undefined offset: 30 C:\xampp\htdocs\bondora\application\views\investments\index.php 880
ERROR - 2016-07-04 07:19:07 --> Severity: Notice --> Undefined offset: 31 C:\xampp\htdocs\bondora\application\views\investments\index.php 880
ERROR - 2016-07-04 07:19:07 --> Severity: Notice --> Undefined offset: 33 C:\xampp\htdocs\bondora\application\views\investments\index.php 880
ERROR - 2016-07-04 07:19:07 --> Severity: Notice --> Undefined offset: 31 C:\xampp\htdocs\bondora\application\views\investments\index.php 880
DEBUG - 2016-07-04 07:19:07 --> Total execution time: 0.6500
DEBUG - 2016-07-04 07:19:07 --> UTF-8 Support Disabled
DEBUG - 2016-07-04 07:19:07 --> Global POST, GET and COOKIE data sanitized
ERROR - 2016-07-04 07:19:07 --> 404 Page Not Found: Investments/bootstrap
