DEBUG - 2015-12-21 19:29:48 --> UTF-8 Support Disabled
DEBUG - 2015-12-21 19:29:48 --> Global POST, GET and COOKIE data sanitized
DEBUG - 2015-12-21 19:29:48 --> cURL Class Initialized
DEBUG - 2015-12-21 19:29:48 --> OAuth2 class already loaded. Second attempt ignored.
DEBUG - 2015-12-21 19:29:49 --> C:\xampp\htdocs\bondora\application\libraries/MY_Table.php exists, but does not declare MY_Table
DEBUG - 2015-12-21 19:29:49 --> Session class already loaded. Second attempt ignored.
DEBUG - 2015-12-21 19:29:49 --> UTF-8 Support Disabled
DEBUG - 2015-12-21 19:29:49 --> Global POST, GET and COOKIE data sanitized
DEBUG - 2015-12-21 19:29:49 --> cURL Class Initialized
DEBUG - 2015-12-21 19:29:49 --> OAuth2 class already loaded. Second attempt ignored.
DEBUG - 2015-12-21 19:29:49 --> Session class already loaded. Second attempt ignored.
DEBUG - 2015-12-21 19:29:49 --> Total execution time: 0.0750
DEBUG - 2015-12-21 19:29:49 --> UTF-8 Support Disabled
DEBUG - 2015-12-21 19:29:49 --> Global POST, GET and COOKIE data sanitized
ERROR - 2015-12-21 19:29:49 --> 404 Page Not Found: User/bootstrap
DEBUG - 2015-12-21 19:30:10 --> UTF-8 Support Disabled
DEBUG - 2015-12-21 19:30:10 --> Global POST, GET and COOKIE data sanitized
DEBUG - 2015-12-21 19:30:10 --> cURL Class Initialized
DEBUG - 2015-12-21 19:30:10 --> OAuth2 class already loaded. Second attempt ignored.
DEBUG - 2015-12-21 19:30:10 --> Session class already loaded. Second attempt ignored.
DEBUG - 2015-12-21 19:30:10 --> UTF-8 Support Disabled
DEBUG - 2015-12-21 19:30:10 --> Global POST, GET and COOKIE data sanitized
DEBUG - 2015-12-21 19:30:10 --> cURL Class Initialized
DEBUG - 2015-12-21 19:30:10 --> OAuth2 class already loaded. Second attempt ignored.
DEBUG - 2015-12-21 19:30:10 --> C:\xampp\htdocs\bondora\application\libraries/MY_Table.php exists, but does not declare MY_Table
DEBUG - 2015-12-21 19:30:10 --> Session class already loaded. Second attempt ignored.
DEBUG - 2015-12-21 19:30:10 --> SELECT *
FROM `select` `a`.*, `b`.`statusCode from auction_payload a LEFT JOIN bid_payload b ON a`.`auctionId=b`.`auctionId and a`.`user=b`.`userName where` `user="mehike"`
ERROR - 2015-12-21 19:30:10 --> Severity: Notice --> Undefined variable: auctions1 C:\xampp\htdocs\bondora\application\views\auctions\index.php 37
ERROR - 2015-12-21 19:30:10 --> Severity: Notice --> Undefined variable: auctions1 C:\xampp\htdocs\bondora\application\views\auctions\index.php 393
ERROR - 2015-12-21 19:30:10 --> Severity: Warning --> Invalid argument supplied for foreach() C:\xampp\htdocs\bondora\application\views\auctions\index.php 393
DEBUG - 2015-12-21 19:30:10 --> Total execution time: 0.1240
DEBUG - 2015-12-21 19:30:10 --> UTF-8 Support Disabled
DEBUG - 2015-12-21 19:30:10 --> Global POST, GET and COOKIE data sanitized
ERROR - 2015-12-21 19:30:10 --> 404 Page Not Found: Auctions/bootstrap
DEBUG - 2015-12-21 19:31:52 --> UTF-8 Support Disabled
DEBUG - 2015-12-21 19:31:52 --> Global POST, GET and COOKIE data sanitized
DEBUG - 2015-12-21 19:31:52 --> cURL Class Initialized
DEBUG - 2015-12-21 19:31:52 --> OAuth2 class already loaded. Second attempt ignored.
DEBUG - 2015-12-21 19:31:52 --> C:\xampp\htdocs\bondora\application\libraries/MY_Table.php exists, but does not declare MY_Table
DEBUG - 2015-12-21 19:31:52 --> Session class already loaded. Second attempt ignored.
DEBUG - 2015-12-21 19:31:52 --> SELECT *
FROM `select` `a`.*, `b`.`statusCode from auction_payload a LEFT JOIN bid_payload b ON a`.`auctionId=b`.`auctionId and a`.`user=b`.`userName where` `user="mehike"`
ERROR - 2015-12-21 19:31:52 --> Severity: Notice --> Undefined variable: auctions1 C:\xampp\htdocs\bondora\application\views\auctions\index.php 37
ERROR - 2015-12-21 19:31:52 --> Severity: Notice --> Undefined variable: auctions1 C:\xampp\htdocs\bondora\application\views\auctions\index.php 393
ERROR - 2015-12-21 19:31:52 --> Severity: Warning --> Invalid argument supplied for foreach() C:\xampp\htdocs\bondora\application\views\auctions\index.php 393
DEBUG - 2015-12-21 19:31:52 --> Total execution time: 0.1250
DEBUG - 2015-12-21 19:32:44 --> UTF-8 Support Disabled
DEBUG - 2015-12-21 19:32:44 --> Global POST, GET and COOKIE data sanitized
DEBUG - 2015-12-21 19:32:44 --> cURL Class Initialized
DEBUG - 2015-12-21 19:32:44 --> OAuth2 class already loaded. Second attempt ignored.
DEBUG - 2015-12-21 19:32:44 --> C:\xampp\htdocs\bondora\application\libraries/MY_Table.php exists, but does not declare MY_Table
DEBUG - 2015-12-21 19:32:44 --> Session class already loaded. Second attempt ignored.
DEBUG - 2015-12-21 19:32:44 --> SELECT *
FROM `select` `a`.*, `b`.`statusCode from auction_payload a LEFT JOIN bid_payload b ON a`.`auctionId=b`.`auctionId and a`.`user=b`.`userName where` `user="mehike"`
ERROR - 2015-12-21 19:32:44 --> Severity: Notice --> Undefined variable: auctions1 C:\xampp\htdocs\bondora\application\views\auctions\index.php 37
ERROR - 2015-12-21 19:32:44 --> Severity: Notice --> Undefined variable: auctions1 C:\xampp\htdocs\bondora\application\views\auctions\index.php 393
ERROR - 2015-12-21 19:32:44 --> Severity: Warning --> Invalid argument supplied for foreach() C:\xampp\htdocs\bondora\application\views\auctions\index.php 393
DEBUG - 2015-12-21 19:32:44 --> Total execution time: 0.1080
DEBUG - 2015-12-21 19:32:44 --> UTF-8 Support Disabled
DEBUG - 2015-12-21 19:32:44 --> Global POST, GET and COOKIE data sanitized
ERROR - 2015-12-21 19:32:44 --> 404 Page Not Found: Auctions/bootstrap
DEBUG - 2015-12-21 19:34:06 --> UTF-8 Support Disabled
DEBUG - 2015-12-21 19:34:06 --> Global POST, GET and COOKIE data sanitized
DEBUG - 2015-12-21 19:34:06 --> cURL Class Initialized
DEBUG - 2015-12-21 19:34:06 --> OAuth2 class already loaded. Second attempt ignored.
DEBUG - 2015-12-21 19:34:06 --> C:\xampp\htdocs\bondora\application\libraries/MY_Table.php exists, but does not declare MY_Table
DEBUG - 2015-12-21 19:34:06 --> Session class already loaded. Second attempt ignored.
DEBUG - 2015-12-21 19:34:06 --> SELECT *
FROM `select` `a`.*, `b`.`statusCode from auction_payload a LEFT JOIN bid_payload b ON a`.`auctionId=b`.`auctionId and a`.`user=b`.`userName where` `user="mehike"`
ERROR - 2015-12-21 19:34:06 --> Severity: Notice --> Undefined variable: count C:\xampp\htdocs\bondora\application\views\auctions\index.php 235
ERROR - 2015-12-21 19:34:06 --> Severity: Notice --> Undefined variable: auctions1 C:\xampp\htdocs\bondora\application\views\auctions\index.php 394
ERROR - 2015-12-21 19:34:06 --> Severity: Warning --> Invalid argument supplied for foreach() C:\xampp\htdocs\bondora\application\views\auctions\index.php 394
DEBUG - 2015-12-21 19:34:06 --> Total execution time: 0.0880
DEBUG - 2015-12-21 19:34:06 --> UTF-8 Support Disabled
DEBUG - 2015-12-21 19:34:06 --> Global POST, GET and COOKIE data sanitized
ERROR - 2015-12-21 19:34:06 --> 404 Page Not Found: Auctions/bootstrap
DEBUG - 2015-12-21 19:34:22 --> UTF-8 Support Disabled
DEBUG - 2015-12-21 19:34:22 --> Global POST, GET and COOKIE data sanitized
DEBUG - 2015-12-21 19:34:22 --> cURL Class Initialized
DEBUG - 2015-12-21 19:34:22 --> OAuth2 class already loaded. Second attempt ignored.
DEBUG - 2015-12-21 19:34:22 --> C:\xampp\htdocs\bondora\application\libraries/MY_Table.php exists, but does not declare MY_Table
DEBUG - 2015-12-21 19:34:22 --> Session class already loaded. Second attempt ignored.
DEBUG - 2015-12-21 19:34:22 --> SELECT *
FROM `select` `a`.*, `b`.`statusCode from auction_payload a LEFT JOIN bid_payload b ON a`.`auctionId=b`.`auctionId and a`.`user=b`.`userName where` `user="mehike"`
ERROR - 2015-12-21 19:34:22 --> Severity: Notice --> Undefined variable: auctions1 C:\xampp\htdocs\bondora\application\views\auctions\index.php 395
ERROR - 2015-12-21 19:34:22 --> Severity: Warning --> Invalid argument supplied for foreach() C:\xampp\htdocs\bondora\application\views\auctions\index.php 395
DEBUG - 2015-12-21 19:34:22 --> Total execution time: 0.0600
DEBUG - 2015-12-21 19:34:22 --> UTF-8 Support Disabled
DEBUG - 2015-12-21 19:34:22 --> Global POST, GET and COOKIE data sanitized
ERROR - 2015-12-21 19:34:22 --> 404 Page Not Found: Auctions/bootstrap
DEBUG - 2015-12-21 19:35:18 --> UTF-8 Support Disabled
DEBUG - 2015-12-21 19:35:18 --> Global POST, GET and COOKIE data sanitized
DEBUG - 2015-12-21 19:35:18 --> cURL Class Initialized
DEBUG - 2015-12-21 19:35:18 --> OAuth2 class already loaded. Second attempt ignored.
DEBUG - 2015-12-21 19:35:18 --> C:\xampp\htdocs\bondora\application\libraries/MY_Table.php exists, but does not declare MY_Table
DEBUG - 2015-12-21 19:35:18 --> Session class already loaded. Second attempt ignored.
DEBUG - 2015-12-21 19:35:18 --> SELECT *
FROM `select` `a`.*, `b`.`statusCode from auction_payload a LEFT JOIN bid_payload b ON a`.`auctionId=b`.`auctionId and a`.`user=b`.`userName where` `user="mehike"`
DEBUG - 2015-12-21 19:35:18 --> Total execution time: 0.0660
DEBUG - 2015-12-21 19:35:18 --> UTF-8 Support Disabled
DEBUG - 2015-12-21 19:35:18 --> Global POST, GET and COOKIE data sanitized
ERROR - 2015-12-21 19:35:18 --> 404 Page Not Found: Auctions/bootstrap
DEBUG - 2015-12-21 19:35:22 --> UTF-8 Support Disabled
DEBUG - 2015-12-21 19:35:22 --> Global POST, GET and COOKIE data sanitized
DEBUG - 2015-12-21 19:35:22 --> cURL Class Initialized
DEBUG - 2015-12-21 19:35:22 --> OAuth2 class already loaded. Second attempt ignored.
DEBUG - 2015-12-21 19:35:22 --> C:\xampp\htdocs\bondora\application\libraries/MY_Table.php exists, but does not declare MY_Table
DEBUG - 2015-12-21 19:35:22 --> Session class already loaded. Second attempt ignored.
DEBUG - 2015-12-21 19:35:22 --> UTF-8 Support Disabled
DEBUG - 2015-12-21 19:35:22 --> Global POST, GET and COOKIE data sanitized
DEBUG - 2015-12-21 19:35:22 --> cURL Class Initialized
DEBUG - 2015-12-21 19:35:22 --> OAuth2 class already loaded. Second attempt ignored.
DEBUG - 2015-12-21 19:35:27 --> UTF-8 Support Disabled
DEBUG - 2015-12-21 19:35:27 --> Global POST, GET and COOKIE data sanitized
DEBUG - 2015-12-21 19:35:27 --> cURL Class Initialized
DEBUG - 2015-12-21 19:35:27 --> OAuth2 class already loaded. Second attempt ignored.
DEBUG - 2015-12-21 19:35:29 --> UTF-8 Support Disabled
DEBUG - 2015-12-21 19:35:29 --> Global POST, GET and COOKIE data sanitized
DEBUG - 2015-12-21 19:35:29 --> cURL Class Initialized
DEBUG - 2015-12-21 19:35:29 --> OAuth2 class already loaded. Second attempt ignored.
DEBUG - 2015-12-21 19:35:30 --> UTF-8 Support Disabled
DEBUG - 2015-12-21 19:35:30 --> Global POST, GET and COOKIE data sanitized
DEBUG - 2015-12-21 19:35:30 --> cURL Class Initialized
DEBUG - 2015-12-21 19:35:30 --> OAuth2 class already loaded. Second attempt ignored.
DEBUG - 2015-12-21 19:35:33 --> UTF-8 Support Disabled
DEBUG - 2015-12-21 19:35:33 --> Global POST, GET and COOKIE data sanitized
DEBUG - 2015-12-21 19:35:33 --> cURL Class Initialized
DEBUG - 2015-12-21 19:35:33 --> OAuth2 class already loaded. Second attempt ignored.
DEBUG - 2015-12-21 19:35:33 --> C:\xampp\htdocs\bondora\application\libraries/MY_Table.php exists, but does not declare MY_Table
DEBUG - 2015-12-21 19:35:33 --> Session class already loaded. Second attempt ignored.
DEBUG - 2015-12-21 19:35:33 --> UTF-8 Support Disabled
DEBUG - 2015-12-21 19:35:33 --> Global POST, GET and COOKIE data sanitized
DEBUG - 2015-12-21 19:35:33 --> cURL Class Initialized
DEBUG - 2015-12-21 19:35:33 --> OAuth2 class already loaded. Second attempt ignored.
DEBUG - 2015-12-21 19:35:34 --> UTF-8 Support Disabled
DEBUG - 2015-12-21 19:35:34 --> Global POST, GET and COOKIE data sanitized
DEBUG - 2015-12-21 19:35:34 --> cURL Class Initialized
DEBUG - 2015-12-21 19:35:34 --> OAuth2 class already loaded. Second attempt ignored.
DEBUG - 2015-12-21 19:35:35 --> UTF-8 Support Disabled
DEBUG - 2015-12-21 19:35:35 --> Global POST, GET and COOKIE data sanitized
DEBUG - 2015-12-21 19:35:35 --> cURL Class Initialized
DEBUG - 2015-12-21 19:35:35 --> OAuth2 class already loaded. Second attempt ignored.
DEBUG - 2015-12-21 19:35:36 --> UTF-8 Support Disabled
DEBUG - 2015-12-21 19:35:36 --> Global POST, GET and COOKIE data sanitized
DEBUG - 2015-12-21 19:35:36 --> cURL Class Initialized
DEBUG - 2015-12-21 19:35:36 --> OAuth2 class already loaded. Second attempt ignored.
DEBUG - 2015-12-21 19:35:36 --> C:\xampp\htdocs\bondora\application\libraries/MY_Table.php exists, but does not declare MY_Table
DEBUG - 2015-12-21 19:35:36 --> Session class already loaded. Second attempt ignored.
DEBUG - 2015-12-21 19:35:36 --> SELECT *
FROM `select` `a`.*, `b`.`statusCode from auction_payload a LEFT JOIN bid_payload b ON a`.`auctionId=b`.`auctionId and a`.`user=b`.`userName where` `user="mehike"`
DEBUG - 2015-12-21 19:35:36 --> Total execution time: 0.3870
DEBUG - 2015-12-21 19:35:36 --> UTF-8 Support Disabled
DEBUG - 2015-12-21 19:35:36 --> Global POST, GET and COOKIE data sanitized
ERROR - 2015-12-21 19:35:36 --> 404 Page Not Found: Auctions/bootstrap
DEBUG - 2015-12-21 19:35:39 --> UTF-8 Support Disabled
DEBUG - 2015-12-21 19:35:39 --> Global POST, GET and COOKIE data sanitized
DEBUG - 2015-12-21 19:35:39 --> cURL Class Initialized
DEBUG - 2015-12-21 19:35:39 --> OAuth2 class already loaded. Second attempt ignored.
DEBUG - 2015-12-21 19:35:39 --> C:\xampp\htdocs\bondora\application\libraries/MY_Table.php exists, but does not declare MY_Table
DEBUG - 2015-12-21 19:35:39 --> Session class already loaded. Second attempt ignored.
DEBUG - 2015-12-21 19:35:39 --> Total execution time: 0.0770
DEBUG - 2015-12-21 19:35:39 --> UTF-8 Support Disabled
DEBUG - 2015-12-21 19:35:39 --> Global POST, GET and COOKIE data sanitized
ERROR - 2015-12-21 19:35:39 --> 404 Page Not Found: Bids/bootstrap
DEBUG - 2015-12-21 19:35:42 --> UTF-8 Support Disabled
DEBUG - 2015-12-21 19:35:42 --> Global POST, GET and COOKIE data sanitized
DEBUG - 2015-12-21 19:35:42 --> cURL Class Initialized
DEBUG - 2015-12-21 19:35:42 --> OAuth2 class already loaded. Second attempt ignored.
DEBUG - 2015-12-21 19:35:42 --> C:\xampp\htdocs\bondora\application\libraries/MY_Table.php exists, but does not declare MY_Table
DEBUG - 2015-12-21 19:35:42 --> Session class already loaded. Second attempt ignored.
DEBUG - 2015-12-21 19:35:42 --> Total execution time: 0.4520
DEBUG - 2015-12-21 19:35:42 --> UTF-8 Support Disabled
DEBUG - 2015-12-21 19:35:42 --> Global POST, GET and COOKIE data sanitized
ERROR - 2015-12-21 19:35:42 --> 404 Page Not Found: Bids/bootstrap
DEBUG - 2015-12-21 19:35:48 --> UTF-8 Support Disabled
DEBUG - 2015-12-21 19:35:48 --> Global POST, GET and COOKIE data sanitized
DEBUG - 2015-12-21 19:35:48 --> cURL Class Initialized
DEBUG - 2015-12-21 19:35:48 --> OAuth2 class already loaded. Second attempt ignored.
DEBUG - 2015-12-21 19:35:48 --> C:\xampp\htdocs\bondora\application\libraries/MY_Table.php exists, but does not declare MY_Table
DEBUG - 2015-12-21 19:35:48 --> Session class already loaded. Second attempt ignored.
DEBUG - 2015-12-21 19:35:48 --> Total execution time: 0.4060
DEBUG - 2015-12-21 19:35:48 --> UTF-8 Support Disabled
DEBUG - 2015-12-21 19:35:48 --> Global POST, GET and COOKIE data sanitized
ERROR - 2015-12-21 19:35:48 --> 404 Page Not Found: Bids/bootstrap
DEBUG - 2015-12-21 19:36:13 --> UTF-8 Support Disabled
DEBUG - 2015-12-21 19:36:13 --> Global POST, GET and COOKIE data sanitized
DEBUG - 2015-12-21 19:36:13 --> cURL Class Initialized
DEBUG - 2015-12-21 19:36:13 --> OAuth2 class already loaded. Second attempt ignored.
DEBUG - 2015-12-21 19:36:13 --> C:\xampp\htdocs\bondora\application\libraries/MY_Table.php exists, but does not declare MY_Table
DEBUG - 2015-12-21 19:36:13 --> Session class already loaded. Second attempt ignored.
DEBUG - 2015-12-21 19:36:13 --> SELECT *
FROM `select` `a`.*, `b`.`listedOnDate`, `b`.`xirr`, `b`.`secondaryId`, `b`.`desiredDiscountRate from bondora`.`investment_payload a LEFT JOIN bondora`.`secondary b ON a`.`loanPartId=b`.`loanPartId and a`.`user=b`.`user where a`.`user="mehike" order by` `a`.`signedDate`, `a`.`auctionId`
DEBUG - 2015-12-21 19:36:13 --> Total execution time: 0.1230
DEBUG - 2015-12-21 19:36:13 --> UTF-8 Support Disabled
DEBUG - 2015-12-21 19:36:13 --> Global POST, GET and COOKIE data sanitized
ERROR - 2015-12-21 19:36:13 --> 404 Page Not Found: Investments/bootstrap
DEBUG - 2015-12-21 19:36:15 --> UTF-8 Support Disabled
DEBUG - 2015-12-21 19:36:15 --> Global POST, GET and COOKIE data sanitized
DEBUG - 2015-12-21 19:36:15 --> cURL Class Initialized
DEBUG - 2015-12-21 19:36:15 --> OAuth2 class already loaded. Second attempt ignored.
DEBUG - 2015-12-21 19:36:15 --> C:\xampp\htdocs\bondora\application\libraries/MY_Table.php exists, but does not declare MY_Table
DEBUG - 2015-12-21 19:36:15 --> Session class already loaded. Second attempt ignored.
DEBUG - 2015-12-21 19:36:20 --> SELECT *
FROM `select` `a`.*, `b`.`listedOnDate`, `b`.`xirr`, `b`.`secondaryId`, `b`.`desiredDiscountRate from bondora`.`investment_payload a LEFT JOIN bondora`.`secondary b ON a`.`loanPartId=b`.`loanPartId and a`.`user=b`.`user where a`.`user="mehike" order by` `a`.`signedDate`, `a`.`auctionId`
DEBUG - 2015-12-21 19:36:20 --> Total execution time: 4.5893
DEBUG - 2015-12-21 19:36:20 --> UTF-8 Support Disabled
DEBUG - 2015-12-21 19:36:20 --> Global POST, GET and COOKIE data sanitized
ERROR - 2015-12-21 19:36:20 --> 404 Page Not Found: Investments/bootstrap
DEBUG - 2015-12-21 19:36:22 --> UTF-8 Support Disabled
DEBUG - 2015-12-21 19:36:22 --> Global POST, GET and COOKIE data sanitized
DEBUG - 2015-12-21 19:36:22 --> cURL Class Initialized
DEBUG - 2015-12-21 19:36:22 --> OAuth2 class already loaded. Second attempt ignored.
DEBUG - 2015-12-21 19:36:22 --> C:\xampp\htdocs\bondora\application\libraries/MY_Table.php exists, but does not declare MY_Table
DEBUG - 2015-12-21 19:36:22 --> Session class already loaded. Second attempt ignored.
DEBUG - 2015-12-21 19:36:23 --> SELECT *
FROM `select` `a`.*, `b`.`listedOnDate`, `b`.`xirr`, `b`.`secondaryId`, `b`.`desiredDiscountRate from bondora`.`investment_payload a LEFT JOIN bondora`.`secondary b ON a`.`loanPartId=b`.`loanPartId and a`.`user=b`.`user where a`.`user="mehike" order by` `a`.`signedDate`, `a`.`auctionId`
DEBUG - 2015-12-21 19:36:23 --> Total execution time: 0.7140
DEBUG - 2015-12-21 19:36:23 --> UTF-8 Support Disabled
DEBUG - 2015-12-21 19:36:23 --> Global POST, GET and COOKIE data sanitized
ERROR - 2015-12-21 19:36:23 --> 404 Page Not Found: Investments/bootstrap
DEBUG - 2015-12-21 19:37:29 --> UTF-8 Support Disabled
DEBUG - 2015-12-21 19:37:29 --> Global POST, GET and COOKIE data sanitized
DEBUG - 2015-12-21 19:37:29 --> cURL Class Initialized
DEBUG - 2015-12-21 19:37:29 --> OAuth2 class already loaded. Second attempt ignored.
DEBUG - 2015-12-21 19:37:29 --> C:\xampp\htdocs\bondora\application\libraries/MY_Table.php exists, but does not declare MY_Table
DEBUG - 2015-12-21 19:37:29 --> Session class already loaded. Second attempt ignored.
DEBUG - 2015-12-21 19:37:29 --> Total execution time: 0.1320
DEBUG - 2015-12-21 19:37:29 --> UTF-8 Support Disabled
DEBUG - 2015-12-21 19:37:29 --> Global POST, GET and COOKIE data sanitized
ERROR - 2015-12-21 19:37:29 --> 404 Page Not Found: Secondary/bootstrap
DEBUG - 2015-12-21 19:37:31 --> UTF-8 Support Disabled
DEBUG - 2015-12-21 19:37:31 --> Global POST, GET and COOKIE data sanitized
DEBUG - 2015-12-21 19:37:31 --> cURL Class Initialized
DEBUG - 2015-12-21 19:37:31 --> OAuth2 class already loaded. Second attempt ignored.
DEBUG - 2015-12-21 19:37:31 --> C:\xampp\htdocs\bondora\application\libraries/MY_Table.php exists, but does not declare MY_Table
DEBUG - 2015-12-21 19:37:31 --> Session class already loaded. Second attempt ignored.
ERROR - 2015-12-21 19:37:35 --> Severity: Notice --> Trying to get property of non-object C:\xampp\htdocs\bondora\application\controllers\Secondary.php 593
ERROR - 2015-12-21 19:37:35 --> Severity: Notice --> Undefined index: all C:\xampp\htdocs\bondora\application\controllers\Secondary.php 596
DEBUG - 2015-12-21 19:37:35 --> UTF-8 Support Disabled
DEBUG - 2015-12-21 19:37:35 --> Global POST, GET and COOKIE data sanitized
DEBUG - 2015-12-21 19:37:35 --> cURL Class Initialized
DEBUG - 2015-12-21 19:37:35 --> OAuth2 class already loaded. Second attempt ignored.
DEBUG - 2015-12-21 19:37:35 --> C:\xampp\htdocs\bondora\application\libraries/MY_Table.php exists, but does not declare MY_Table
DEBUG - 2015-12-21 19:37:35 --> Session class already loaded. Second attempt ignored.
DEBUG - 2015-12-21 19:37:35 --> Total execution time: 0.0920
DEBUG - 2015-12-21 19:37:35 --> UTF-8 Support Disabled
DEBUG - 2015-12-21 19:37:35 --> Global POST, GET and COOKIE data sanitized
ERROR - 2015-12-21 19:37:35 --> 404 Page Not Found: Secondary/bootstrap
DEBUG - 2015-12-21 19:44:19 --> UTF-8 Support Disabled
DEBUG - 2015-12-21 19:44:19 --> Global POST, GET and COOKIE data sanitized
DEBUG - 2015-12-21 19:44:19 --> cURL Class Initialized
DEBUG - 2015-12-21 19:44:19 --> OAuth2 class already loaded. Second attempt ignored.
DEBUG - 2015-12-21 19:44:19 --> C:\xampp\htdocs\bondora\application\libraries/MY_Table.php exists, but does not declare MY_Table
DEBUG - 2015-12-21 19:44:19 --> Session class already loaded. Second attempt ignored.
ERROR - 2015-12-21 19:44:23 --> Severity: Notice --> Trying to get property of non-object C:\xampp\htdocs\bondora\application\controllers\Secondary.php 593
ERROR - 2015-12-21 19:44:23 --> Severity: Notice --> Undefined index: all C:\xampp\htdocs\bondora\application\controllers\Secondary.php 596
DEBUG - 2015-12-21 19:44:23 --> UTF-8 Support Disabled
DEBUG - 2015-12-21 19:44:23 --> Global POST, GET and COOKIE data sanitized
DEBUG - 2015-12-21 19:44:23 --> cURL Class Initialized
DEBUG - 2015-12-21 19:44:23 --> OAuth2 class already loaded. Second attempt ignored.
DEBUG - 2015-12-21 19:44:23 --> C:\xampp\htdocs\bondora\application\libraries/MY_Table.php exists, but does not declare MY_Table
DEBUG - 2015-12-21 19:44:23 --> Session class already loaded. Second attempt ignored.
DEBUG - 2015-12-21 19:44:23 --> Total execution time: 0.0910
DEBUG - 2015-12-21 19:44:23 --> UTF-8 Support Disabled
DEBUG - 2015-12-21 19:44:23 --> Global POST, GET and COOKIE data sanitized
ERROR - 2015-12-21 19:44:23 --> 404 Page Not Found: Secondary/bootstrap
DEBUG - 2015-12-21 19:44:28 --> UTF-8 Support Disabled
DEBUG - 2015-12-21 19:44:28 --> Global POST, GET and COOKIE data sanitized
DEBUG - 2015-12-21 19:44:28 --> cURL Class Initialized
DEBUG - 2015-12-21 19:44:28 --> OAuth2 class already loaded. Second attempt ignored.
DEBUG - 2015-12-21 19:44:28 --> C:\xampp\htdocs\bondora\application\libraries/MY_Table.php exists, but does not declare MY_Table
DEBUG - 2015-12-21 19:44:28 --> Session class already loaded. Second attempt ignored.
DEBUG - 2015-12-21 19:44:28 --> SELECT *
FROM `select` `a`.*, `b`.`listedOnDate`, `b`.`xirr`, `b`.`secondaryId`, `b`.`desiredDiscountRate from bondora`.`investment_payload a LEFT JOIN bondora`.`secondary b ON a`.`loanPartId=b`.`loanPartId and a`.`user=b`.`user where a`.`user="mehike" order by` `a`.`signedDate`, `a`.`auctionId`
DEBUG - 2015-12-21 19:44:28 --> Total execution time: 0.1010
DEBUG - 2015-12-21 19:44:28 --> UTF-8 Support Disabled
DEBUG - 2015-12-21 19:44:28 --> Global POST, GET and COOKIE data sanitized
ERROR - 2015-12-21 19:44:28 --> 404 Page Not Found: Investments/bootstrap
DEBUG - 2015-12-21 19:44:31 --> UTF-8 Support Disabled
DEBUG - 2015-12-21 19:44:31 --> Global POST, GET and COOKIE data sanitized
DEBUG - 2015-12-21 19:44:31 --> cURL Class Initialized
DEBUG - 2015-12-21 19:44:31 --> OAuth2 class already loaded. Second attempt ignored.
DEBUG - 2015-12-21 19:44:31 --> C:\xampp\htdocs\bondora\application\libraries/MY_Table.php exists, but does not declare MY_Table
DEBUG - 2015-12-21 19:44:31 --> Session class already loaded. Second attempt ignored.
DEBUG - 2015-12-21 19:44:32 --> SELECT *
FROM `select` `a`.*, `b`.`listedOnDate`, `b`.`xirr`, `b`.`secondaryId`, `b`.`desiredDiscountRate from bondora`.`investment_payload a LEFT JOIN bondora`.`secondary b ON a`.`loanPartId=b`.`loanPartId and a`.`user=b`.`user where a`.`user="mehike" order by` `a`.`signedDate`, `a`.`auctionId`
DEBUG - 2015-12-21 19:44:32 --> Total execution time: 1.4491
DEBUG - 2015-12-21 19:44:32 --> UTF-8 Support Disabled
DEBUG - 2015-12-21 19:44:32 --> Global POST, GET and COOKIE data sanitized
ERROR - 2015-12-21 19:44:32 --> 404 Page Not Found: Investments/bootstrap
DEBUG - 2015-12-21 19:45:28 --> UTF-8 Support Disabled
DEBUG - 2015-12-21 19:45:28 --> Global POST, GET and COOKIE data sanitized
DEBUG - 2015-12-21 19:45:28 --> cURL Class Initialized
DEBUG - 2015-12-21 19:45:28 --> OAuth2 class already loaded. Second attempt ignored.
DEBUG - 2015-12-21 19:45:28 --> C:\xampp\htdocs\bondora\application\libraries/MY_Table.php exists, but does not declare MY_Table
DEBUG - 2015-12-21 19:45:28 --> Session class already loaded. Second attempt ignored.
DEBUG - 2015-12-21 19:45:32 --> Total execution time: 4.0782
DEBUG - 2015-12-21 19:45:32 --> UTF-8 Support Disabled
DEBUG - 2015-12-21 19:45:32 --> Global POST, GET and COOKIE data sanitized
DEBUG - 2015-12-21 19:45:32 --> cURL Class Initialized
DEBUG - 2015-12-21 19:45:32 --> OAuth2 class already loaded. Second attempt ignored.
DEBUG - 2015-12-21 19:45:32 --> C:\xampp\htdocs\bondora\application\libraries/MY_Table.php exists, but does not declare MY_Table
DEBUG - 2015-12-21 19:45:32 --> Session class already loaded. Second attempt ignored.
DEBUG - 2015-12-21 19:45:32 --> Total execution time: 0.3530
DEBUG - 2015-12-21 19:45:40 --> UTF-8 Support Disabled
DEBUG - 2015-12-21 19:45:40 --> Global POST, GET and COOKIE data sanitized
DEBUG - 2015-12-21 19:45:40 --> cURL Class Initialized
DEBUG - 2015-12-21 19:45:40 --> OAuth2 class already loaded. Second attempt ignored.
DEBUG - 2015-12-21 19:45:40 --> C:\xampp\htdocs\bondora\application\libraries/MY_Table.php exists, but does not declare MY_Table
DEBUG - 2015-12-21 19:45:40 --> Session class already loaded. Second attempt ignored.
DEBUG - 2015-12-21 19:45:40 --> Total execution time: 0.0960
DEBUG - 2015-12-21 19:45:40 --> UTF-8 Support Disabled
DEBUG - 2015-12-21 19:45:40 --> Global POST, GET and COOKIE data sanitized
ERROR - 2015-12-21 19:45:40 --> 404 Page Not Found: Secondary/bootstrap
DEBUG - 2015-12-21 19:45:43 --> UTF-8 Support Disabled
DEBUG - 2015-12-21 19:45:43 --> Global POST, GET and COOKIE data sanitized
DEBUG - 2015-12-21 19:45:43 --> cURL Class Initialized
DEBUG - 2015-12-21 19:45:43 --> OAuth2 class already loaded. Second attempt ignored.
DEBUG - 2015-12-21 19:45:43 --> C:\xampp\htdocs\bondora\application\libraries/MY_Table.php exists, but does not declare MY_Table
DEBUG - 2015-12-21 19:45:43 --> Session class already loaded. Second attempt ignored.
ERROR - 2015-12-21 19:45:48 --> Severity: Notice --> Trying to get property of non-object C:\xampp\htdocs\bondora\application\controllers\Secondary.php 593
ERROR - 2015-12-21 19:45:48 --> Severity: Notice --> Undefined index: all C:\xampp\htdocs\bondora\application\controllers\Secondary.php 596
DEBUG - 2015-12-21 19:45:48 --> UTF-8 Support Disabled
DEBUG - 2015-12-21 19:45:48 --> Global POST, GET and COOKIE data sanitized
DEBUG - 2015-12-21 19:45:48 --> cURL Class Initialized
DEBUG - 2015-12-21 19:45:48 --> OAuth2 class already loaded. Second attempt ignored.
DEBUG - 2015-12-21 19:45:48 --> C:\xampp\htdocs\bondora\application\libraries/MY_Table.php exists, but does not declare MY_Table
DEBUG - 2015-12-21 19:45:48 --> Session class already loaded. Second attempt ignored.
DEBUG - 2015-12-21 19:45:48 --> Total execution time: 0.0970
DEBUG - 2015-12-21 19:45:48 --> UTF-8 Support Disabled
DEBUG - 2015-12-21 19:45:48 --> Global POST, GET and COOKIE data sanitized
ERROR - 2015-12-21 19:45:48 --> 404 Page Not Found: Secondary/bootstrap
DEBUG - 2015-12-21 19:45:51 --> UTF-8 Support Disabled
DEBUG - 2015-12-21 19:45:51 --> Global POST, GET and COOKIE data sanitized
DEBUG - 2015-12-21 19:45:51 --> cURL Class Initialized
DEBUG - 2015-12-21 19:45:51 --> OAuth2 class already loaded. Second attempt ignored.
DEBUG - 2015-12-21 19:45:51 --> C:\xampp\htdocs\bondora\application\libraries/MY_Table.php exists, but does not declare MY_Table
DEBUG - 2015-12-21 19:45:51 --> Session class already loaded. Second attempt ignored.
DEBUG - 2015-12-21 19:45:51 --> SELECT *
FROM `select` `a`.*, `b`.`listedOnDate`, `b`.`xirr`, `b`.`secondaryId`, `b`.`desiredDiscountRate from bondora`.`investment_payload a LEFT JOIN bondora`.`secondary b ON a`.`loanPartId=b`.`loanPartId and a`.`user=b`.`user where a`.`user="mehike" order by` `a`.`signedDate`, `a`.`auctionId`
DEBUG - 2015-12-21 19:45:51 --> Total execution time: 0.0990
DEBUG - 2015-12-21 19:45:51 --> UTF-8 Support Disabled
DEBUG - 2015-12-21 19:45:51 --> Global POST, GET and COOKIE data sanitized
ERROR - 2015-12-21 19:45:51 --> 404 Page Not Found: Investments/bootstrap
DEBUG - 2015-12-21 19:46:20 --> UTF-8 Support Disabled
DEBUG - 2015-12-21 19:46:20 --> Global POST, GET and COOKIE data sanitized
DEBUG - 2015-12-21 19:46:20 --> cURL Class Initialized
DEBUG - 2015-12-21 19:46:20 --> OAuth2 class already loaded. Second attempt ignored.
DEBUG - 2015-12-21 19:46:20 --> C:\xampp\htdocs\bondora\application\libraries/MY_Table.php exists, but does not declare MY_Table
DEBUG - 2015-12-21 19:46:20 --> Session class already loaded. Second attempt ignored.
DEBUG - 2015-12-21 19:46:24 --> Total execution time: 4.2392
DEBUG - 2015-12-21 19:46:24 --> UTF-8 Support Disabled
DEBUG - 2015-12-21 19:46:24 --> Global POST, GET and COOKIE data sanitized
DEBUG - 2015-12-21 19:46:24 --> cURL Class Initialized
DEBUG - 2015-12-21 19:46:24 --> OAuth2 class already loaded. Second attempt ignored.
DEBUG - 2015-12-21 19:46:24 --> C:\xampp\htdocs\bondora\application\libraries/MY_Table.php exists, but does not declare MY_Table
DEBUG - 2015-12-21 19:46:24 --> Session class already loaded. Second attempt ignored.
DEBUG - 2015-12-21 19:46:24 --> Total execution time: 0.3190
DEBUG - 2015-12-21 19:46:41 --> UTF-8 Support Disabled
DEBUG - 2015-12-21 19:46:41 --> Global POST, GET and COOKIE data sanitized
DEBUG - 2015-12-21 19:46:41 --> cURL Class Initialized
DEBUG - 2015-12-21 19:46:41 --> OAuth2 class already loaded. Second attempt ignored.
DEBUG - 2015-12-21 19:46:42 --> C:\xampp\htdocs\bondora\application\libraries/MY_Table.php exists, but does not declare MY_Table
DEBUG - 2015-12-21 19:46:42 --> Session class already loaded. Second attempt ignored.
DEBUG - 2015-12-21 19:46:46 --> Total execution time: 4.3833
DEBUG - 2015-12-21 19:46:46 --> UTF-8 Support Disabled
DEBUG - 2015-12-21 19:46:46 --> Global POST, GET and COOKIE data sanitized
DEBUG - 2015-12-21 19:46:46 --> cURL Class Initialized
DEBUG - 2015-12-21 19:46:46 --> OAuth2 class already loaded. Second attempt ignored.
DEBUG - 2015-12-21 19:46:46 --> C:\xampp\htdocs\bondora\application\libraries/MY_Table.php exists, but does not declare MY_Table
DEBUG - 2015-12-21 19:46:46 --> Session class already loaded. Second attempt ignored.
DEBUG - 2015-12-21 19:46:46 --> Total execution time: 0.3340
DEBUG - 2015-12-21 19:46:58 --> UTF-8 Support Disabled
DEBUG - 2015-12-21 19:46:58 --> Global POST, GET and COOKIE data sanitized
DEBUG - 2015-12-21 19:46:58 --> cURL Class Initialized
DEBUG - 2015-12-21 19:46:58 --> OAuth2 class already loaded. Second attempt ignored.
DEBUG - 2015-12-21 19:46:58 --> C:\xampp\htdocs\bondora\application\libraries/MY_Table.php exists, but does not declare MY_Table
DEBUG - 2015-12-21 19:46:58 --> Session class already loaded. Second attempt ignored.
DEBUG - 2015-12-21 19:47:02 --> Total execution time: 4.7323
DEBUG - 2015-12-21 19:47:02 --> UTF-8 Support Disabled
DEBUG - 2015-12-21 19:47:02 --> Global POST, GET and COOKIE data sanitized
DEBUG - 2015-12-21 19:47:02 --> cURL Class Initialized
DEBUG - 2015-12-21 19:47:02 --> OAuth2 class already loaded. Second attempt ignored.
DEBUG - 2015-12-21 19:47:03 --> C:\xampp\htdocs\bondora\application\libraries/MY_Table.php exists, but does not declare MY_Table
DEBUG - 2015-12-21 19:47:03 --> Session class already loaded. Second attempt ignored.
DEBUG - 2015-12-21 19:47:03 --> Total execution time: 0.3390
DEBUG - 2015-12-21 19:47:51 --> UTF-8 Support Disabled
DEBUG - 2015-12-21 19:47:52 --> Global POST, GET and COOKIE data sanitized
DEBUG - 2015-12-21 19:47:52 --> cURL Class Initialized
DEBUG - 2015-12-21 19:47:52 --> OAuth2 class already loaded. Second attempt ignored.
DEBUG - 2015-12-21 19:47:52 --> C:\xampp\htdocs\bondora\application\libraries/MY_Table.php exists, but does not declare MY_Table
DEBUG - 2015-12-21 19:47:52 --> Session class already loaded. Second attempt ignored.
DEBUG - 2015-12-21 19:47:52 --> SELECT *
FROM `select` `a`.*, `b`.`listedOnDate`, `b`.`xirr`, `b`.`secondaryId`, `b`.`desiredDiscountRate from bondora`.`investment_payload a LEFT JOIN bondora`.`secondary b ON a`.`loanPartId=b`.`loanPartId WHERE a`.`id=1026 and user="mehike" order by` `a`.`signedDate`, `a`.`auctionId`
DEBUG - 2015-12-21 19:47:56 --> Total execution time: 4.2912
DEBUG - 2015-12-21 19:47:56 --> UTF-8 Support Disabled
DEBUG - 2015-12-21 19:47:56 --> Global POST, GET and COOKIE data sanitized
ERROR - 2015-12-21 19:47:56 --> 404 Page Not Found: Investments/bootstrap
DEBUG - 2015-12-21 19:48:02 --> UTF-8 Support Disabled
DEBUG - 2015-12-21 19:48:02 --> Global POST, GET and COOKIE data sanitized
DEBUG - 2015-12-21 19:48:02 --> cURL Class Initialized
DEBUG - 2015-12-21 19:48:02 --> OAuth2 class already loaded. Second attempt ignored.
DEBUG - 2015-12-21 19:48:02 --> C:\xampp\htdocs\bondora\application\libraries/MY_Table.php exists, but does not declare MY_Table
DEBUG - 2015-12-21 19:48:02 --> Session class already loaded. Second attempt ignored.
DEBUG - 2015-12-21 19:48:02 --> SELECT *
FROM `select` `a`.*, `b`.`listedOnDate`, `b`.`xirr`, `b`.`secondaryId`, `b`.`desiredDiscountRate from bondora`.`investment_payload a LEFT JOIN bondora`.`secondary b ON a`.`loanPartId=b`.`loanPartId and a`.`user=b`.`user where a`.`user="mehike" order by` `a`.`signedDate`, `a`.`auctionId`
DEBUG - 2015-12-21 19:48:02 --> Total execution time: 0.1190
DEBUG - 2015-12-21 19:48:02 --> UTF-8 Support Disabled
DEBUG - 2015-12-21 19:48:02 --> Global POST, GET and COOKIE data sanitized
ERROR - 2015-12-21 19:48:02 --> 404 Page Not Found: Investments/bootstrap
DEBUG - 2015-12-21 19:48:06 --> UTF-8 Support Disabled
DEBUG - 2015-12-21 19:48:06 --> Global POST, GET and COOKIE data sanitized
DEBUG - 2015-12-21 19:48:06 --> cURL Class Initialized
DEBUG - 2015-12-21 19:48:06 --> OAuth2 class already loaded. Second attempt ignored.
DEBUG - 2015-12-21 19:48:06 --> C:\xampp\htdocs\bondora\application\libraries/MY_Table.php exists, but does not declare MY_Table
DEBUG - 2015-12-21 19:48:06 --> Session class already loaded. Second attempt ignored.
DEBUG - 2015-12-21 19:48:06 --> Total execution time: 0.0940
DEBUG - 2015-12-21 19:48:06 --> UTF-8 Support Disabled
DEBUG - 2015-12-21 19:48:06 --> Global POST, GET and COOKIE data sanitized
ERROR - 2015-12-21 19:48:06 --> 404 Page Not Found: Secondary/bootstrap
DEBUG - 2015-12-21 19:48:10 --> UTF-8 Support Disabled
DEBUG - 2015-12-21 19:48:10 --> Global POST, GET and COOKIE data sanitized
DEBUG - 2015-12-21 19:48:10 --> cURL Class Initialized
DEBUG - 2015-12-21 19:48:10 --> OAuth2 class already loaded. Second attempt ignored.
DEBUG - 2015-12-21 19:48:10 --> C:\xampp\htdocs\bondora\application\libraries/MY_Table.php exists, but does not declare MY_Table
DEBUG - 2015-12-21 19:48:10 --> Session class already loaded. Second attempt ignored.
ERROR - 2015-12-21 19:48:14 --> Severity: Notice --> Trying to get property of non-object C:\xampp\htdocs\bondora\application\controllers\Secondary.php 593
ERROR - 2015-12-21 19:48:14 --> Severity: Notice --> Undefined index: all C:\xampp\htdocs\bondora\application\controllers\Secondary.php 596
DEBUG - 2015-12-21 19:48:14 --> UTF-8 Support Disabled
DEBUG - 2015-12-21 19:48:14 --> Global POST, GET and COOKIE data sanitized
DEBUG - 2015-12-21 19:48:14 --> cURL Class Initialized
DEBUG - 2015-12-21 19:48:14 --> OAuth2 class already loaded. Second attempt ignored.
DEBUG - 2015-12-21 19:48:14 --> C:\xampp\htdocs\bondora\application\libraries/MY_Table.php exists, but does not declare MY_Table
DEBUG - 2015-12-21 19:48:14 --> Session class already loaded. Second attempt ignored.
DEBUG - 2015-12-21 19:48:14 --> Total execution time: 0.0950
DEBUG - 2015-12-21 19:48:14 --> UTF-8 Support Disabled
DEBUG - 2015-12-21 19:48:14 --> Global POST, GET and COOKIE data sanitized
ERROR - 2015-12-21 19:48:14 --> 404 Page Not Found: Secondary/bootstrap
DEBUG - 2015-12-21 19:48:22 --> UTF-8 Support Disabled
DEBUG - 2015-12-21 19:48:22 --> Global POST, GET and COOKIE data sanitized
DEBUG - 2015-12-21 19:48:22 --> cURL Class Initialized
DEBUG - 2015-12-21 19:48:22 --> OAuth2 class already loaded. Second attempt ignored.
DEBUG - 2015-12-21 19:48:22 --> C:\xampp\htdocs\bondora\application\libraries/MY_Table.php exists, but does not declare MY_Table
DEBUG - 2015-12-21 19:48:22 --> Session class already loaded. Second attempt ignored.
DEBUG - 2015-12-21 19:48:22 --> SELECT *
FROM `select` `a`.*, `b`.`listedOnDate`, `b`.`xirr`, `b`.`secondaryId`, `b`.`desiredDiscountRate from bondora`.`investment_payload a LEFT JOIN bondora`.`secondary b ON a`.`loanPartId=b`.`loanPartId and a`.`user=b`.`user where a`.`user="mehike" order by` `a`.`signedDate`, `a`.`auctionId`
DEBUG - 2015-12-21 19:48:22 --> Total execution time: 0.0980
DEBUG - 2015-12-21 19:48:22 --> UTF-8 Support Disabled
DEBUG - 2015-12-21 19:48:22 --> Global POST, GET and COOKIE data sanitized
ERROR - 2015-12-21 19:48:22 --> 404 Page Not Found: Investments/bootstrap
DEBUG - 2015-12-21 19:49:20 --> UTF-8 Support Disabled
DEBUG - 2015-12-21 19:49:20 --> Global POST, GET and COOKIE data sanitized
DEBUG - 2015-12-21 19:49:20 --> cURL Class Initialized
DEBUG - 2015-12-21 19:49:20 --> OAuth2 class already loaded. Second attempt ignored.
DEBUG - 2015-12-21 19:49:20 --> C:\xampp\htdocs\bondora\application\libraries/MY_Table.php exists, but does not declare MY_Table
DEBUG - 2015-12-21 19:49:20 --> Session class already loaded. Second attempt ignored.
DEBUG - 2015-12-21 19:49:20 --> SELECT *
FROM `select` `a`.*, `b`.`listedOnDate`, `b`.`xirr`, `b`.`secondaryId`, `b`.`desiredDiscountRate from bondora`.`investment_payload a LEFT JOIN bondora`.`secondary b ON a`.`loanPartId=b`.`loanPartId WHERE a`.`id=959 and user="mehike" order by` `a`.`signedDate`, `a`.`auctionId`
DEBUG - 2015-12-21 19:49:20 --> SELECT *
FROM `select` `a`.*, `b`.`listedOnDate`, `b`.`xirr`, `b`.`secondaryId`, `b`.`desiredDiscountRate from bondora`.`investment_payload a LEFT JOIN bondora`.`secondary b ON a`.`loanPartId=b`.`loanPartId WHERE a`.`id=962 and user="mehike" order by` `a`.`signedDate`, `a`.`auctionId`
DEBUG - 2015-12-21 19:49:25 --> Total execution time: 4.4673
DEBUG - 2015-12-21 19:49:25 --> UTF-8 Support Disabled
DEBUG - 2015-12-21 19:49:25 --> Global POST, GET and COOKIE data sanitized
ERROR - 2015-12-21 19:49:25 --> 404 Page Not Found: Investments/bootstrap
DEBUG - 2015-12-21 19:49:29 --> UTF-8 Support Disabled
DEBUG - 2015-12-21 19:49:29 --> Global POST, GET and COOKIE data sanitized
DEBUG - 2015-12-21 19:49:29 --> cURL Class Initialized
DEBUG - 2015-12-21 19:49:29 --> OAuth2 class already loaded. Second attempt ignored.
DEBUG - 2015-12-21 19:49:29 --> C:\xampp\htdocs\bondora\application\libraries/MY_Table.php exists, but does not declare MY_Table
DEBUG - 2015-12-21 19:49:29 --> Session class already loaded. Second attempt ignored.
DEBUG - 2015-12-21 19:49:29 --> SELECT *
FROM `select` `a`.*, `b`.`listedOnDate`, `b`.`xirr`, `b`.`secondaryId`, `b`.`desiredDiscountRate from bondora`.`investment_payload a LEFT JOIN bondora`.`secondary b ON a`.`loanPartId=b`.`loanPartId and a`.`user=b`.`user where a`.`user="mehike" order by` `a`.`signedDate`, `a`.`auctionId`
DEBUG - 2015-12-21 19:49:29 --> Total execution time: 0.1000
DEBUG - 2015-12-21 19:49:29 --> UTF-8 Support Disabled
DEBUG - 2015-12-21 19:49:29 --> Global POST, GET and COOKIE data sanitized
ERROR - 2015-12-21 19:49:29 --> 404 Page Not Found: Investments/bootstrap
DEBUG - 2015-12-21 19:49:33 --> UTF-8 Support Disabled
DEBUG - 2015-12-21 19:49:33 --> Global POST, GET and COOKIE data sanitized
DEBUG - 2015-12-21 19:49:33 --> cURL Class Initialized
DEBUG - 2015-12-21 19:49:33 --> OAuth2 class already loaded. Second attempt ignored.
DEBUG - 2015-12-21 19:49:33 --> C:\xampp\htdocs\bondora\application\libraries/MY_Table.php exists, but does not declare MY_Table
DEBUG - 2015-12-21 19:49:33 --> Session class already loaded. Second attempt ignored.
DEBUG - 2015-12-21 19:49:33 --> Total execution time: 0.0960
DEBUG - 2015-12-21 19:49:33 --> UTF-8 Support Disabled
DEBUG - 2015-12-21 19:49:33 --> Global POST, GET and COOKIE data sanitized
ERROR - 2015-12-21 19:49:33 --> 404 Page Not Found: Secondary/bootstrap
DEBUG - 2015-12-21 19:49:36 --> UTF-8 Support Disabled
DEBUG - 2015-12-21 19:49:36 --> Global POST, GET and COOKIE data sanitized
DEBUG - 2015-12-21 19:49:36 --> cURL Class Initialized
DEBUG - 2015-12-21 19:49:36 --> OAuth2 class already loaded. Second attempt ignored.
DEBUG - 2015-12-21 19:49:36 --> C:\xampp\htdocs\bondora\application\libraries/MY_Table.php exists, but does not declare MY_Table
DEBUG - 2015-12-21 19:49:36 --> Session class already loaded. Second attempt ignored.
ERROR - 2015-12-21 19:49:41 --> Severity: Notice --> Trying to get property of non-object C:\xampp\htdocs\bondora\application\controllers\Secondary.php 593
ERROR - 2015-12-21 19:49:41 --> Severity: Notice --> Undefined index: all C:\xampp\htdocs\bondora\application\controllers\Secondary.php 596
DEBUG - 2015-12-21 19:49:41 --> UTF-8 Support Disabled
DEBUG - 2015-12-21 19:49:41 --> Global POST, GET and COOKIE data sanitized
DEBUG - 2015-12-21 19:49:41 --> cURL Class Initialized
DEBUG - 2015-12-21 19:49:41 --> OAuth2 class already loaded. Second attempt ignored.
DEBUG - 2015-12-21 19:49:41 --> C:\xampp\htdocs\bondora\application\libraries/MY_Table.php exists, but does not declare MY_Table
DEBUG - 2015-12-21 19:49:41 --> Session class already loaded. Second attempt ignored.
DEBUG - 2015-12-21 19:49:41 --> Total execution time: 0.1000
DEBUG - 2015-12-21 19:49:41 --> UTF-8 Support Disabled
DEBUG - 2015-12-21 19:49:41 --> Global POST, GET and COOKIE data sanitized
ERROR - 2015-12-21 19:49:41 --> 404 Page Not Found: Secondary/bootstrap
DEBUG - 2015-12-21 19:49:45 --> UTF-8 Support Disabled
DEBUG - 2015-12-21 19:49:45 --> Global POST, GET and COOKIE data sanitized
DEBUG - 2015-12-21 19:49:45 --> cURL Class Initialized
DEBUG - 2015-12-21 19:49:45 --> OAuth2 class already loaded. Second attempt ignored.
DEBUG - 2015-12-21 19:49:45 --> C:\xampp\htdocs\bondora\application\libraries/MY_Table.php exists, but does not declare MY_Table
DEBUG - 2015-12-21 19:49:45 --> Session class already loaded. Second attempt ignored.
DEBUG - 2015-12-21 19:49:45 --> SELECT *
FROM `select` `a`.*, `b`.`listedOnDate`, `b`.`xirr`, `b`.`secondaryId`, `b`.`desiredDiscountRate from bondora`.`investment_payload a LEFT JOIN bondora`.`secondary b ON a`.`loanPartId=b`.`loanPartId and a`.`user=b`.`user where a`.`user="mehike" order by` `a`.`signedDate`, `a`.`auctionId`
DEBUG - 2015-12-21 19:49:45 --> Total execution time: 0.1060
DEBUG - 2015-12-21 19:49:45 --> UTF-8 Support Disabled
DEBUG - 2015-12-21 19:49:45 --> Global POST, GET and COOKIE data sanitized
ERROR - 2015-12-21 19:49:45 --> 404 Page Not Found: Investments/bootstrap
DEBUG - 2015-12-21 19:50:25 --> UTF-8 Support Disabled
DEBUG - 2015-12-21 19:50:25 --> Global POST, GET and COOKIE data sanitized
DEBUG - 2015-12-21 19:50:25 --> cURL Class Initialized
DEBUG - 2015-12-21 19:50:25 --> OAuth2 class already loaded. Second attempt ignored.
DEBUG - 2015-12-21 19:50:25 --> C:\xampp\htdocs\bondora\application\libraries/MY_Table.php exists, but does not declare MY_Table
DEBUG - 2015-12-21 19:50:25 --> Session class already loaded. Second attempt ignored.
DEBUG - 2015-12-21 19:50:30 --> Total execution time: 4.7363
DEBUG - 2015-12-21 19:50:30 --> UTF-8 Support Disabled
DEBUG - 2015-12-21 19:50:30 --> Global POST, GET and COOKIE data sanitized
DEBUG - 2015-12-21 19:50:30 --> cURL Class Initialized
DEBUG - 2015-12-21 19:50:30 --> OAuth2 class already loaded. Second attempt ignored.
DEBUG - 2015-12-21 19:50:30 --> C:\xampp\htdocs\bondora\application\libraries/MY_Table.php exists, but does not declare MY_Table
DEBUG - 2015-12-21 19:50:30 --> Session class already loaded. Second attempt ignored.
DEBUG - 2015-12-21 19:50:30 --> Total execution time: 0.3220
DEBUG - 2015-12-21 19:51:03 --> UTF-8 Support Disabled
DEBUG - 2015-12-21 19:51:03 --> Global POST, GET and COOKIE data sanitized
DEBUG - 2015-12-21 19:51:03 --> cURL Class Initialized
DEBUG - 2015-12-21 19:51:03 --> OAuth2 class already loaded. Second attempt ignored.
DEBUG - 2015-12-21 19:51:03 --> C:\xampp\htdocs\bondora\application\libraries/MY_Table.php exists, but does not declare MY_Table
DEBUG - 2015-12-21 19:51:03 --> Session class already loaded. Second attempt ignored.
DEBUG - 2015-12-21 19:51:07 --> Total execution time: 4.7063
DEBUG - 2015-12-21 19:51:07 --> UTF-8 Support Disabled
DEBUG - 2015-12-21 19:51:07 --> Global POST, GET and COOKIE data sanitized
DEBUG - 2015-12-21 19:51:07 --> cURL Class Initialized
DEBUG - 2015-12-21 19:51:07 --> OAuth2 class already loaded. Second attempt ignored.
DEBUG - 2015-12-21 19:51:07 --> C:\xampp\htdocs\bondora\application\libraries/MY_Table.php exists, but does not declare MY_Table
DEBUG - 2015-12-21 19:51:07 --> Session class already loaded. Second attempt ignored.
DEBUG - 2015-12-21 19:51:08 --> Total execution time: 0.3420
DEBUG - 2015-12-21 19:51:19 --> UTF-8 Support Disabled
DEBUG - 2015-12-21 19:51:19 --> Global POST, GET and COOKIE data sanitized
DEBUG - 2015-12-21 19:51:19 --> cURL Class Initialized
DEBUG - 2015-12-21 19:51:19 --> OAuth2 class already loaded. Second attempt ignored.
DEBUG - 2015-12-21 19:51:19 --> C:\xampp\htdocs\bondora\application\libraries/MY_Table.php exists, but does not declare MY_Table
DEBUG - 2015-12-21 19:51:19 --> Session class already loaded. Second attempt ignored.
DEBUG - 2015-12-21 19:51:19 --> SELECT *
FROM `select` `a`.*, `b`.`listedOnDate`, `b`.`xirr`, `b`.`secondaryId`, `b`.`desiredDiscountRate from bondora`.`investment_payload a LEFT JOIN bondora`.`secondary b ON a`.`loanPartId=b`.`loanPartId WHERE a`.`id=959 and user="mehike" order by` `a`.`signedDate`, `a`.`auctionId`
DEBUG - 2015-12-21 19:51:19 --> SELECT *
FROM `select` `a`.*, `b`.`listedOnDate`, `b`.`xirr`, `b`.`secondaryId`, `b`.`desiredDiscountRate from bondora`.`investment_payload a LEFT JOIN bondora`.`secondary b ON a`.`loanPartId=b`.`loanPartId WHERE a`.`id=962 and user="mehike" order by` `a`.`signedDate`, `a`.`auctionId`
DEBUG - 2015-12-21 19:51:23 --> Total execution time: 4.3222
DEBUG - 2015-12-21 19:51:23 --> UTF-8 Support Disabled
DEBUG - 2015-12-21 19:51:23 --> Global POST, GET and COOKIE data sanitized
ERROR - 2015-12-21 19:51:23 --> 404 Page Not Found: Investments/bootstrap
DEBUG - 2015-12-21 19:51:29 --> UTF-8 Support Disabled
DEBUG - 2015-12-21 19:51:29 --> Global POST, GET and COOKIE data sanitized
DEBUG - 2015-12-21 19:51:29 --> cURL Class Initialized
DEBUG - 2015-12-21 19:51:29 --> OAuth2 class already loaded. Second attempt ignored.
DEBUG - 2015-12-21 19:51:29 --> C:\xampp\htdocs\bondora\application\libraries/MY_Table.php exists, but does not declare MY_Table
DEBUG - 2015-12-21 19:51:29 --> Session class already loaded. Second attempt ignored.
DEBUG - 2015-12-21 19:51:29 --> SELECT *
FROM `select` `a`.*, `b`.`listedOnDate`, `b`.`xirr`, `b`.`secondaryId`, `b`.`desiredDiscountRate from bondora`.`investment_payload a LEFT JOIN bondora`.`secondary b ON a`.`loanPartId=b`.`loanPartId and a`.`user=b`.`user where a`.`user="mehike" order by` `a`.`signedDate`, `a`.`auctionId`
DEBUG - 2015-12-21 19:51:29 --> Total execution time: 0.0940
DEBUG - 2015-12-21 19:51:29 --> UTF-8 Support Disabled
DEBUG - 2015-12-21 19:51:29 --> Global POST, GET and COOKIE data sanitized
ERROR - 2015-12-21 19:51:29 --> 404 Page Not Found: Investments/bootstrap
DEBUG - 2015-12-21 19:51:33 --> UTF-8 Support Disabled
DEBUG - 2015-12-21 19:51:33 --> Global POST, GET and COOKIE data sanitized
DEBUG - 2015-12-21 19:51:33 --> cURL Class Initialized
DEBUG - 2015-12-21 19:51:33 --> OAuth2 class already loaded. Second attempt ignored.
DEBUG - 2015-12-21 19:51:33 --> C:\xampp\htdocs\bondora\application\libraries/MY_Table.php exists, but does not declare MY_Table
DEBUG - 2015-12-21 19:51:33 --> Session class already loaded. Second attempt ignored.
DEBUG - 2015-12-21 19:51:33 --> Total execution time: 0.1300
DEBUG - 2015-12-21 19:51:33 --> UTF-8 Support Disabled
DEBUG - 2015-12-21 19:51:33 --> Global POST, GET and COOKIE data sanitized
ERROR - 2015-12-21 19:51:33 --> 404 Page Not Found: Secondary/bootstrap
DEBUG - 2015-12-21 19:51:36 --> UTF-8 Support Disabled
DEBUG - 2015-12-21 19:51:36 --> Global POST, GET and COOKIE data sanitized
DEBUG - 2015-12-21 19:51:36 --> cURL Class Initialized
DEBUG - 2015-12-21 19:51:36 --> OAuth2 class already loaded. Second attempt ignored.
DEBUG - 2015-12-21 19:51:36 --> C:\xampp\htdocs\bondora\application\libraries/MY_Table.php exists, but does not declare MY_Table
DEBUG - 2015-12-21 19:51:36 --> Session class already loaded. Second attempt ignored.
ERROR - 2015-12-21 19:51:40 --> Severity: Notice --> Trying to get property of non-object C:\xampp\htdocs\bondora\application\controllers\Secondary.php 593
ERROR - 2015-12-21 19:51:40 --> Severity: Notice --> Undefined index: all C:\xampp\htdocs\bondora\application\controllers\Secondary.php 596
DEBUG - 2015-12-21 19:51:40 --> UTF-8 Support Disabled
DEBUG - 2015-12-21 19:51:40 --> Global POST, GET and COOKIE data sanitized
DEBUG - 2015-12-21 19:51:40 --> cURL Class Initialized
DEBUG - 2015-12-21 19:51:40 --> OAuth2 class already loaded. Second attempt ignored.
DEBUG - 2015-12-21 19:51:40 --> C:\xampp\htdocs\bondora\application\libraries/MY_Table.php exists, but does not declare MY_Table
DEBUG - 2015-12-21 19:51:40 --> Session class already loaded. Second attempt ignored.
DEBUG - 2015-12-21 19:51:40 --> Total execution time: 0.0910
DEBUG - 2015-12-21 19:51:40 --> UTF-8 Support Disabled
DEBUG - 2015-12-21 19:51:40 --> Global POST, GET and COOKIE data sanitized
ERROR - 2015-12-21 19:51:40 --> 404 Page Not Found: Secondary/bootstrap
DEBUG - 2015-12-21 19:51:42 --> UTF-8 Support Disabled
DEBUG - 2015-12-21 19:51:42 --> Global POST, GET and COOKIE data sanitized
DEBUG - 2015-12-21 19:51:42 --> cURL Class Initialized
DEBUG - 2015-12-21 19:51:42 --> OAuth2 class already loaded. Second attempt ignored.
DEBUG - 2015-12-21 19:51:42 --> C:\xampp\htdocs\bondora\application\libraries/MY_Table.php exists, but does not declare MY_Table
DEBUG - 2015-12-21 19:51:42 --> Session class already loaded. Second attempt ignored.
DEBUG - 2015-12-21 19:51:42 --> SELECT *
FROM `select` `a`.*, `b`.`listedOnDate`, `b`.`xirr`, `b`.`secondaryId`, `b`.`desiredDiscountRate from bondora`.`investment_payload a LEFT JOIN bondora`.`secondary b ON a`.`loanPartId=b`.`loanPartId and a`.`user=b`.`user where a`.`user="mehike" order by` `a`.`signedDate`, `a`.`auctionId`
DEBUG - 2015-12-21 19:51:42 --> Total execution time: 0.1010
DEBUG - 2015-12-21 19:51:42 --> UTF-8 Support Disabled
DEBUG - 2015-12-21 19:51:42 --> Global POST, GET and COOKIE data sanitized
ERROR - 2015-12-21 19:51:42 --> 404 Page Not Found: Investments/bootstrap
DEBUG - 2015-12-21 19:51:46 --> UTF-8 Support Disabled
DEBUG - 2015-12-21 19:51:46 --> Global POST, GET and COOKIE data sanitized
DEBUG - 2015-12-21 19:51:46 --> cURL Class Initialized
DEBUG - 2015-12-21 19:51:46 --> OAuth2 class already loaded. Second attempt ignored.
DEBUG - 2015-12-21 19:51:46 --> C:\xampp\htdocs\bondora\application\libraries/MY_Table.php exists, but does not declare MY_Table
DEBUG - 2015-12-21 19:51:46 --> Session class already loaded. Second attempt ignored.
DEBUG - 2015-12-21 19:51:47 --> SELECT *
FROM `select` `a`.*, `b`.`listedOnDate`, `b`.`xirr`, `b`.`secondaryId`, `b`.`desiredDiscountRate from bondora`.`investment_payload a LEFT JOIN bondora`.`secondary b ON a`.`loanPartId=b`.`loanPartId and a`.`user=b`.`user where a`.`user="mehike" order by` `a`.`signedDate`, `a`.`auctionId`
DEBUG - 2015-12-21 19:51:47 --> Total execution time: 1.2911
DEBUG - 2015-12-21 19:51:47 --> UTF-8 Support Disabled
DEBUG - 2015-12-21 19:51:47 --> Global POST, GET and COOKIE data sanitized
ERROR - 2015-12-21 19:51:47 --> 404 Page Not Found: Investments/bootstrap
DEBUG - 2015-12-21 19:52:42 --> UTF-8 Support Disabled
DEBUG - 2015-12-21 19:52:42 --> Global POST, GET and COOKIE data sanitized
DEBUG - 2015-12-21 19:52:42 --> cURL Class Initialized
DEBUG - 2015-12-21 19:52:42 --> OAuth2 class already loaded. Second attempt ignored.
DEBUG - 2015-12-21 19:52:42 --> C:\xampp\htdocs\bondora\application\libraries/MY_Table.php exists, but does not declare MY_Table
DEBUG - 2015-12-21 19:52:42 --> Session class already loaded. Second attempt ignored.
DEBUG - 2015-12-21 19:52:46 --> Total execution time: 4.5063
DEBUG - 2015-12-21 19:52:46 --> UTF-8 Support Disabled
DEBUG - 2015-12-21 19:52:46 --> Global POST, GET and COOKIE data sanitized
DEBUG - 2015-12-21 19:52:46 --> cURL Class Initialized
DEBUG - 2015-12-21 19:52:46 --> OAuth2 class already loaded. Second attempt ignored.
DEBUG - 2015-12-21 19:52:46 --> C:\xampp\htdocs\bondora\application\libraries/MY_Table.php exists, but does not declare MY_Table
DEBUG - 2015-12-21 19:52:46 --> Session class already loaded. Second attempt ignored.
DEBUG - 2015-12-21 19:52:47 --> Total execution time: 0.3580
DEBUG - 2015-12-21 19:53:31 --> UTF-8 Support Disabled
DEBUG - 2015-12-21 19:53:31 --> Global POST, GET and COOKIE data sanitized
DEBUG - 2015-12-21 19:53:31 --> cURL Class Initialized
DEBUG - 2015-12-21 19:53:31 --> OAuth2 class already loaded. Second attempt ignored.
DEBUG - 2015-12-21 19:53:31 --> C:\xampp\htdocs\bondora\application\libraries/MY_Table.php exists, but does not declare MY_Table
DEBUG - 2015-12-21 19:53:31 --> Session class already loaded. Second attempt ignored.
DEBUG - 2015-12-21 19:53:31 --> Total execution time: 0.1010
DEBUG - 2015-12-21 19:53:31 --> UTF-8 Support Disabled
DEBUG - 2015-12-21 19:53:31 --> Global POST, GET and COOKIE data sanitized
ERROR - 2015-12-21 19:53:31 --> 404 Page Not Found: Secondary/bootstrap
DEBUG - 2015-12-21 19:53:38 --> UTF-8 Support Disabled
DEBUG - 2015-12-21 19:53:38 --> Global POST, GET and COOKIE data sanitized
DEBUG - 2015-12-21 19:53:38 --> cURL Class Initialized
DEBUG - 2015-12-21 19:53:38 --> OAuth2 class already loaded. Second attempt ignored.
DEBUG - 2015-12-21 19:53:38 --> C:\xampp\htdocs\bondora\application\libraries/MY_Table.php exists, but does not declare MY_Table
DEBUG - 2015-12-21 19:53:38 --> Session class already loaded. Second attempt ignored.
ERROR - 2015-12-21 19:53:42 --> Severity: Notice --> Trying to get property of non-object C:\xampp\htdocs\bondora\application\controllers\Secondary.php 593
ERROR - 2015-12-21 19:53:42 --> Severity: Notice --> Undefined index: all C:\xampp\htdocs\bondora\application\controllers\Secondary.php 596
DEBUG - 2015-12-21 19:53:42 --> UTF-8 Support Disabled
DEBUG - 2015-12-21 19:53:42 --> Global POST, GET and COOKIE data sanitized
DEBUG - 2015-12-21 19:53:42 --> cURL Class Initialized
DEBUG - 2015-12-21 19:53:42 --> OAuth2 class already loaded. Second attempt ignored.
DEBUG - 2015-12-21 19:53:42 --> C:\xampp\htdocs\bondora\application\libraries/MY_Table.php exists, but does not declare MY_Table
DEBUG - 2015-12-21 19:53:42 --> Session class already loaded. Second attempt ignored.
DEBUG - 2015-12-21 19:53:42 --> Total execution time: 0.0890
DEBUG - 2015-12-21 19:53:42 --> UTF-8 Support Disabled
DEBUG - 2015-12-21 19:53:42 --> Global POST, GET and COOKIE data sanitized
ERROR - 2015-12-21 19:53:42 --> 404 Page Not Found: Secondary/bootstrap
DEBUG - 2015-12-21 19:53:45 --> UTF-8 Support Disabled
DEBUG - 2015-12-21 19:53:45 --> Global POST, GET and COOKIE data sanitized
DEBUG - 2015-12-21 19:53:45 --> cURL Class Initialized
DEBUG - 2015-12-21 19:53:45 --> OAuth2 class already loaded. Second attempt ignored.
DEBUG - 2015-12-21 19:53:45 --> C:\xampp\htdocs\bondora\application\libraries/MY_Table.php exists, but does not declare MY_Table
DEBUG - 2015-12-21 19:53:45 --> Session class already loaded. Second attempt ignored.
DEBUG - 2015-12-21 19:53:45 --> SELECT *
FROM `select` `a`.*, `b`.`listedOnDate`, `b`.`xirr`, `b`.`secondaryId`, `b`.`desiredDiscountRate from bondora`.`investment_payload a LEFT JOIN bondora`.`secondary b ON a`.`loanPartId=b`.`loanPartId and a`.`user=b`.`user where a`.`user="mehike" order by` `a`.`signedDate`, `a`.`auctionId`
DEBUG - 2015-12-21 19:53:45 --> Total execution time: 0.0930
DEBUG - 2015-12-21 19:53:45 --> UTF-8 Support Disabled
DEBUG - 2015-12-21 19:53:45 --> Global POST, GET and COOKIE data sanitized
ERROR - 2015-12-21 19:53:45 --> 404 Page Not Found: Investments/bootstrap
DEBUG - 2015-12-21 20:16:41 --> UTF-8 Support Disabled
DEBUG - 2015-12-21 20:16:41 --> Global POST, GET and COOKIE data sanitized
DEBUG - 2015-12-21 20:16:41 --> cURL Class Initialized
DEBUG - 2015-12-21 20:16:41 --> OAuth2 class already loaded. Second attempt ignored.
DEBUG - 2015-12-21 20:16:41 --> C:\xampp\htdocs\bondora\application\libraries/MY_Table.php exists, but does not declare MY_Table
DEBUG - 2015-12-21 20:16:41 --> Session class already loaded. Second attempt ignored.
DEBUG - 2015-12-21 20:16:41 --> SELECT *
FROM `select` `a`.*, `b`.`listedOnDate`, `b`.`xirr`, `b`.`secondaryId`, `b`.`desiredDiscountRate from bondora`.`investment_payload a LEFT JOIN bondora`.`secondary b ON a`.`loanPartId=b`.`loanPartId and a`.`user=b`.`user where a`.`user="mehike" order by` `a`.`signedDate`, `a`.`auctionId`
DEBUG - 2015-12-21 20:16:42 --> Total execution time: 0.1280
DEBUG - 2015-12-21 20:16:47 --> UTF-8 Support Disabled
DEBUG - 2015-12-21 20:16:47 --> Global POST, GET and COOKIE data sanitized
DEBUG - 2015-12-21 20:16:47 --> cURL Class Initialized
DEBUG - 2015-12-21 20:16:47 --> OAuth2 class already loaded. Second attempt ignored.
DEBUG - 2015-12-21 20:16:47 --> Session class already loaded. Second attempt ignored.
DEBUG - 2015-12-21 20:16:47 --> Total execution time: 0.0760
