DEBUG - 2016-07-06 07:09:06 --> UTF-8 Support Disabled
DEBUG - 2016-07-06 07:09:06 --> Global POST, GET and COOKIE data sanitized
DEBUG - 2016-07-06 07:09:06 --> cURL Class Initialized
DEBUG - 2016-07-06 07:09:06 --> OAuth2 class already loaded. Second attempt ignored.
DEBUG - 2016-07-06 07:09:06 --> C:\xampp\htdocs\bondora\application\libraries/MY_Table.php exists, but does not declare MY_Table
DEBUG - 2016-07-06 07:09:06 --> Session class already loaded. Second attempt ignored.
DEBUG - 2016-07-06 07:09:06 --> UTF-8 Support Disabled
DEBUG - 2016-07-06 07:09:06 --> Global POST, GET and COOKIE data sanitized
DEBUG - 2016-07-06 07:09:06 --> cURL Class Initialized
DEBUG - 2016-07-06 07:09:06 --> OAuth2 class already loaded. Second attempt ignored.
DEBUG - 2016-07-06 07:09:06 --> Session class already loaded. Second attempt ignored.
DEBUG - 2016-07-06 07:09:06 --> Total execution time: 0.0840
DEBUG - 2016-07-06 07:09:06 --> UTF-8 Support Disabled
DEBUG - 2016-07-06 07:09:06 --> Global POST, GET and COOKIE data sanitized
ERROR - 2016-07-06 07:09:06 --> 404 Page Not Found: User/bootstrap
DEBUG - 2016-07-06 07:09:12 --> UTF-8 Support Disabled
DEBUG - 2016-07-06 07:09:12 --> Global POST, GET and COOKIE data sanitized
DEBUG - 2016-07-06 07:09:12 --> cURL Class Initialized
DEBUG - 2016-07-06 07:09:12 --> OAuth2 class already loaded. Second attempt ignored.
DEBUG - 2016-07-06 07:09:12 --> Session class already loaded. Second attempt ignored.
DEBUG - 2016-07-06 07:09:13 --> UTF-8 Support Disabled
DEBUG - 2016-07-06 07:09:13 --> Global POST, GET and COOKIE data sanitized
DEBUG - 2016-07-06 07:09:13 --> cURL Class Initialized
DEBUG - 2016-07-06 07:09:13 --> OAuth2 class already loaded. Second attempt ignored.
DEBUG - 2016-07-06 07:09:13 --> C:\xampp\htdocs\bondora\application\libraries/MY_Table.php exists, but does not declare MY_Table
DEBUG - 2016-07-06 07:09:13 --> Session class already loaded. Second attempt ignored.
DEBUG - 2016-07-06 07:09:13 --> SELECT *
FROM `select` `a`.*, `b`.`statusCode from auction_payload a LEFT JOIN bid_payload b ON a`.`auctionId=b`.`auctionId and a`.`user=b`.`userName where` `user="mehike"`
DEBUG - 2016-07-06 07:09:13 --> Total execution time: 0.1720
DEBUG - 2016-07-06 07:09:13 --> UTF-8 Support Disabled
DEBUG - 2016-07-06 07:09:13 --> Global POST, GET and COOKIE data sanitized
ERROR - 2016-07-06 07:09:13 --> 404 Page Not Found: Auctions/bootstrap
DEBUG - 2016-07-06 07:09:15 --> UTF-8 Support Disabled
DEBUG - 2016-07-06 07:09:15 --> Global POST, GET and COOKIE data sanitized
DEBUG - 2016-07-06 07:09:15 --> cURL Class Initialized
DEBUG - 2016-07-06 07:09:15 --> OAuth2 class already loaded. Second attempt ignored.
DEBUG - 2016-07-06 07:09:15 --> C:\xampp\htdocs\bondora\application\libraries/MY_Table.php exists, but does not declare MY_Table
DEBUG - 2016-07-06 07:09:15 --> Session class already loaded. Second attempt ignored.
DEBUG - 2016-07-06 07:09:15 --> UTF-8 Support Disabled
DEBUG - 2016-07-06 07:09:15 --> Global POST, GET and COOKIE data sanitized
DEBUG - 2016-07-06 07:09:15 --> cURL Class Initialized
DEBUG - 2016-07-06 07:09:15 --> OAuth2 class already loaded. Second attempt ignored.
DEBUG - 2016-07-06 07:09:26 --> UTF-8 Support Disabled
DEBUG - 2016-07-06 07:09:26 --> Global POST, GET and COOKIE data sanitized
DEBUG - 2016-07-06 07:09:26 --> cURL Class Initialized
DEBUG - 2016-07-06 07:09:26 --> OAuth2 class already loaded. Second attempt ignored.
DEBUG - 2016-07-06 07:09:27 --> UTF-8 Support Disabled
DEBUG - 2016-07-06 07:09:27 --> Global POST, GET and COOKIE data sanitized
DEBUG - 2016-07-06 07:09:27 --> cURL Class Initialized
DEBUG - 2016-07-06 07:09:27 --> OAuth2 class already loaded. Second attempt ignored.
DEBUG - 2016-07-06 07:09:31 --> UTF-8 Support Disabled
DEBUG - 2016-07-06 07:09:31 --> Global POST, GET and COOKIE data sanitized
DEBUG - 2016-07-06 07:09:31 --> cURL Class Initialized
DEBUG - 2016-07-06 07:09:31 --> OAuth2 class already loaded. Second attempt ignored.
DEBUG - 2016-07-06 07:09:33 --> UTF-8 Support Disabled
DEBUG - 2016-07-06 07:09:33 --> Global POST, GET and COOKIE data sanitized
DEBUG - 2016-07-06 07:09:33 --> cURL Class Initialized
DEBUG - 2016-07-06 07:09:33 --> OAuth2 class already loaded. Second attempt ignored.
DEBUG - 2016-07-06 07:09:33 --> C:\xampp\htdocs\bondora\application\libraries/MY_Table.php exists, but does not declare MY_Table
DEBUG - 2016-07-06 07:09:33 --> Session class already loaded. Second attempt ignored.
DEBUG - 2016-07-06 07:09:35 --> UTF-8 Support Disabled
DEBUG - 2016-07-06 07:09:35 --> Global POST, GET and COOKIE data sanitized
DEBUG - 2016-07-06 07:09:35 --> cURL Class Initialized
DEBUG - 2016-07-06 07:09:35 --> OAuth2 class already loaded. Second attempt ignored.
DEBUG - 2016-07-06 07:09:37 --> UTF-8 Support Disabled
DEBUG - 2016-07-06 07:09:37 --> Global POST, GET and COOKIE data sanitized
DEBUG - 2016-07-06 07:09:37 --> cURL Class Initialized
DEBUG - 2016-07-06 07:09:37 --> OAuth2 class already loaded. Second attempt ignored.
DEBUG - 2016-07-06 07:09:38 --> UTF-8 Support Disabled
DEBUG - 2016-07-06 07:09:38 --> Global POST, GET and COOKIE data sanitized
DEBUG - 2016-07-06 07:09:38 --> cURL Class Initialized
DEBUG - 2016-07-06 07:09:38 --> OAuth2 class already loaded. Second attempt ignored.
DEBUG - 2016-07-06 07:09:40 --> UTF-8 Support Disabled
DEBUG - 2016-07-06 07:09:40 --> Global POST, GET and COOKIE data sanitized
DEBUG - 2016-07-06 07:09:40 --> cURL Class Initialized
DEBUG - 2016-07-06 07:09:40 --> OAuth2 class already loaded. Second attempt ignored.
DEBUG - 2016-07-06 07:09:40 --> C:\xampp\htdocs\bondora\application\libraries/MY_Table.php exists, but does not declare MY_Table
DEBUG - 2016-07-06 07:09:40 --> Session class already loaded. Second attempt ignored.
DEBUG - 2016-07-06 07:09:40 --> SELECT *
FROM `select` `a`.*, `b`.`statusCode from auction_payload a LEFT JOIN bid_payload b ON a`.`auctionId=b`.`auctionId and a`.`user=b`.`userName where` `user="mehike"`
DEBUG - 2016-07-06 07:09:40 --> Total execution time: 0.3970
DEBUG - 2016-07-06 07:09:41 --> UTF-8 Support Disabled
DEBUG - 2016-07-06 07:09:41 --> Global POST, GET and COOKIE data sanitized
ERROR - 2016-07-06 07:09:41 --> 404 Page Not Found: Auctions/bootstrap
DEBUG - 2016-07-06 07:09:47 --> UTF-8 Support Disabled
DEBUG - 2016-07-06 07:09:47 --> Global POST, GET and COOKIE data sanitized
DEBUG - 2016-07-06 07:09:47 --> cURL Class Initialized
DEBUG - 2016-07-06 07:09:47 --> OAuth2 class already loaded. Second attempt ignored.
DEBUG - 2016-07-06 07:09:47 --> C:\xampp\htdocs\bondora\application\libraries/MY_Table.php exists, but does not declare MY_Table
DEBUG - 2016-07-06 07:09:47 --> Session class already loaded. Second attempt ignored.
DEBUG - 2016-07-06 07:09:47 --> SELECT *
FROM `select` `a`.*, `b`.`listedOnDate`, `b`.`xirr`, `b`.`secondaryId`, `b`.`desiredDiscountRate from bondora`.`investment_payload a LEFT JOIN bondora`.`secondary b ON a`.`loanPartId=b`.`loanPartId and a`.`user=b`.`user where a`.`user="mehike" order by` `a`.`signedDate`, `a`.`auctionId`
ERROR - 2016-07-06 07:09:47 --> Severity: Notice --> Undefined offset: 33 C:\xampp\htdocs\bondora\application\views\investments\index.php 880
ERROR - 2016-07-06 07:09:47 --> Severity: Notice --> Undefined offset: 33 C:\xampp\htdocs\bondora\application\views\investments\index.php 880
ERROR - 2016-07-06 07:09:47 --> Severity: Notice --> Undefined offset: 33 C:\xampp\htdocs\bondora\application\views\investments\index.php 880
ERROR - 2016-07-06 07:09:47 --> Severity: Notice --> Undefined offset: 32 C:\xampp\htdocs\bondora\application\views\investments\index.php 880
ERROR - 2016-07-06 07:09:47 --> Severity: Notice --> Undefined offset: 33 C:\xampp\htdocs\bondora\application\views\investments\index.php 880
ERROR - 2016-07-06 07:09:47 --> Severity: Notice --> Undefined offset: 31 C:\xampp\htdocs\bondora\application\views\investments\index.php 880
ERROR - 2016-07-06 07:09:47 --> Severity: Notice --> Undefined offset: 33 C:\xampp\htdocs\bondora\application\views\investments\index.php 880
ERROR - 2016-07-06 07:09:47 --> Severity: Notice --> Undefined offset: 32 C:\xampp\htdocs\bondora\application\views\investments\index.php 880
ERROR - 2016-07-06 07:09:47 --> Severity: Notice --> Undefined offset: 31 C:\xampp\htdocs\bondora\application\views\investments\index.php 880
ERROR - 2016-07-06 07:09:47 --> Severity: Notice --> Undefined offset: 30 C:\xampp\htdocs\bondora\application\views\investments\index.php 880
ERROR - 2016-07-06 07:09:47 --> Severity: Notice --> Undefined offset: 31 C:\xampp\htdocs\bondora\application\views\investments\index.php 880
ERROR - 2016-07-06 07:09:47 --> Severity: Notice --> Undefined offset: 31 C:\xampp\htdocs\bondora\application\views\investments\index.php 880
ERROR - 2016-07-06 07:09:47 --> Severity: Notice --> Undefined offset: 32 C:\xampp\htdocs\bondora\application\views\investments\index.php 880
ERROR - 2016-07-06 07:09:47 --> Severity: Notice --> Undefined offset: 33 C:\xampp\htdocs\bondora\application\views\investments\index.php 880
ERROR - 2016-07-06 07:09:47 --> Severity: Notice --> Undefined offset: 32 C:\xampp\htdocs\bondora\application\views\investments\index.php 880
ERROR - 2016-07-06 07:09:47 --> Severity: Notice --> Undefined offset: 33 C:\xampp\htdocs\bondora\application\views\investments\index.php 880
ERROR - 2016-07-06 07:09:47 --> Severity: Notice --> Undefined offset: 32 C:\xampp\htdocs\bondora\application\views\investments\index.php 880
ERROR - 2016-07-06 07:09:47 --> Severity: Notice --> Undefined offset: 33 C:\xampp\htdocs\bondora\application\views\investments\index.php 880
ERROR - 2016-07-06 07:09:47 --> Severity: Notice --> Undefined offset: 41 C:\xampp\htdocs\bondora\application\views\investments\index.php 880
ERROR - 2016-07-06 07:09:47 --> Severity: Notice --> Undefined offset: 30 C:\xampp\htdocs\bondora\application\views\investments\index.php 880
ERROR - 2016-07-06 07:09:47 --> Severity: Notice --> Undefined offset: 31 C:\xampp\htdocs\bondora\application\views\investments\index.php 880
ERROR - 2016-07-06 07:09:47 --> Severity: Notice --> Undefined offset: 31 C:\xampp\htdocs\bondora\application\views\investments\index.php 880
ERROR - 2016-07-06 07:09:47 --> Severity: Notice --> Undefined offset: 33 C:\xampp\htdocs\bondora\application\views\investments\index.php 880
ERROR - 2016-07-06 07:09:47 --> Severity: Notice --> Undefined offset: 31 C:\xampp\htdocs\bondora\application\views\investments\index.php 880
DEBUG - 2016-07-06 07:09:47 --> Total execution time: 0.1190
DEBUG - 2016-07-06 07:09:47 --> UTF-8 Support Disabled
DEBUG - 2016-07-06 07:09:47 --> Global POST, GET and COOKIE data sanitized
ERROR - 2016-07-06 07:09:47 --> 404 Page Not Found: Investments/bootstrap
DEBUG - 2016-07-06 07:09:49 --> UTF-8 Support Disabled
DEBUG - 2016-07-06 07:09:49 --> Global POST, GET and COOKIE data sanitized
DEBUG - 2016-07-06 07:09:49 --> cURL Class Initialized
DEBUG - 2016-07-06 07:09:49 --> OAuth2 class already loaded. Second attempt ignored.
DEBUG - 2016-07-06 07:09:49 --> C:\xampp\htdocs\bondora\application\libraries/MY_Table.php exists, but does not declare MY_Table
DEBUG - 2016-07-06 07:09:49 --> Session class already loaded. Second attempt ignored.
DEBUG - 2016-07-06 07:09:52 --> SELECT *
FROM `select` `a`.*, `b`.`listedOnDate`, `b`.`xirr`, `b`.`secondaryId`, `b`.`desiredDiscountRate from bondora`.`investment_payload a LEFT JOIN bondora`.`secondary b ON a`.`loanPartId=b`.`loanPartId and a`.`user=b`.`user where a`.`user="mehike" order by` `a`.`signedDate`, `a`.`auctionId`
ERROR - 2016-07-06 07:09:52 --> Severity: Notice --> Undefined offset: 33 C:\xampp\htdocs\bondora\application\views\investments\index.php 880
ERROR - 2016-07-06 07:09:52 --> Severity: Notice --> Undefined offset: 33 C:\xampp\htdocs\bondora\application\views\investments\index.php 880
ERROR - 2016-07-06 07:09:52 --> Severity: Notice --> Undefined offset: 33 C:\xampp\htdocs\bondora\application\views\investments\index.php 880
ERROR - 2016-07-06 07:09:52 --> Severity: Notice --> Undefined offset: 32 C:\xampp\htdocs\bondora\application\views\investments\index.php 880
ERROR - 2016-07-06 07:09:52 --> Severity: Notice --> Undefined offset: 33 C:\xampp\htdocs\bondora\application\views\investments\index.php 880
ERROR - 2016-07-06 07:09:52 --> Severity: Notice --> Undefined offset: 31 C:\xampp\htdocs\bondora\application\views\investments\index.php 880
ERROR - 2016-07-06 07:09:52 --> Severity: Notice --> Undefined offset: 33 C:\xampp\htdocs\bondora\application\views\investments\index.php 880
ERROR - 2016-07-06 07:09:52 --> Severity: Notice --> Undefined offset: 33 C:\xampp\htdocs\bondora\application\views\investments\index.php 880
ERROR - 2016-07-06 07:09:52 --> Severity: Notice --> Undefined offset: 31 C:\xampp\htdocs\bondora\application\views\investments\index.php 880
ERROR - 2016-07-06 07:09:52 --> Severity: Notice --> Undefined offset: 31 C:\xampp\htdocs\bondora\application\views\investments\index.php 880
ERROR - 2016-07-06 07:09:52 --> Severity: Notice --> Undefined offset: 31 C:\xampp\htdocs\bondora\application\views\investments\index.php 880
ERROR - 2016-07-06 07:09:52 --> Severity: Notice --> Undefined offset: 32 C:\xampp\htdocs\bondora\application\views\investments\index.php 880
ERROR - 2016-07-06 07:09:52 --> Severity: Notice --> Undefined offset: 33 C:\xampp\htdocs\bondora\application\views\investments\index.php 880
ERROR - 2016-07-06 07:09:52 --> Severity: Notice --> Undefined offset: 33 C:\xampp\htdocs\bondora\application\views\investments\index.php 880
ERROR - 2016-07-06 07:09:52 --> Severity: Notice --> Undefined offset: 32 C:\xampp\htdocs\bondora\application\views\investments\index.php 880
ERROR - 2016-07-06 07:09:52 --> Severity: Notice --> Undefined offset: 33 C:\xampp\htdocs\bondora\application\views\investments\index.php 880
ERROR - 2016-07-06 07:09:52 --> Severity: Notice --> Undefined offset: 41 C:\xampp\htdocs\bondora\application\views\investments\index.php 880
ERROR - 2016-07-06 07:09:52 --> Severity: Notice --> Undefined offset: 31 C:\xampp\htdocs\bondora\application\views\investments\index.php 880
ERROR - 2016-07-06 07:09:52 --> Severity: Notice --> Undefined offset: 31 C:\xampp\htdocs\bondora\application\views\investments\index.php 880
ERROR - 2016-07-06 07:09:52 --> Severity: Notice --> Undefined offset: 33 C:\xampp\htdocs\bondora\application\views\investments\index.php 880
ERROR - 2016-07-06 07:09:52 --> Severity: Notice --> Undefined offset: 31 C:\xampp\htdocs\bondora\application\views\investments\index.php 880
DEBUG - 2016-07-06 07:09:52 --> Total execution time: 2.6263
DEBUG - 2016-07-06 07:09:52 --> UTF-8 Support Disabled
DEBUG - 2016-07-06 07:09:52 --> Global POST, GET and COOKIE data sanitized
ERROR - 2016-07-06 07:09:52 --> 404 Page Not Found: Investments/bootstrap
DEBUG - 2016-07-06 07:09:57 --> UTF-8 Support Disabled
DEBUG - 2016-07-06 07:09:57 --> Global POST, GET and COOKIE data sanitized
DEBUG - 2016-07-06 07:09:57 --> cURL Class Initialized
DEBUG - 2016-07-06 07:09:57 --> OAuth2 class already loaded. Second attempt ignored.
DEBUG - 2016-07-06 07:09:57 --> C:\xampp\htdocs\bondora\application\libraries/MY_Table.php exists, but does not declare MY_Table
DEBUG - 2016-07-06 07:09:57 --> Session class already loaded. Second attempt ignored.
DEBUG - 2016-07-06 07:09:57 --> Total execution time: 0.7691
DEBUG - 2016-07-06 07:09:57 --> UTF-8 Support Disabled
DEBUG - 2016-07-06 07:09:57 --> Global POST, GET and COOKIE data sanitized
DEBUG - 2016-07-06 07:09:57 --> cURL Class Initialized
DEBUG - 2016-07-06 07:09:57 --> OAuth2 class already loaded. Second attempt ignored.
DEBUG - 2016-07-06 07:09:57 --> C:\xampp\htdocs\bondora\application\libraries/MY_Table.php exists, but does not declare MY_Table
DEBUG - 2016-07-06 07:09:57 --> Session class already loaded. Second attempt ignored.
DEBUG - 2016-07-06 07:09:58 --> Total execution time: 0.3440
DEBUG - 2016-07-06 07:10:03 --> UTF-8 Support Disabled
DEBUG - 2016-07-06 07:10:03 --> Global POST, GET and COOKIE data sanitized
DEBUG - 2016-07-06 07:10:03 --> cURL Class Initialized
DEBUG - 2016-07-06 07:10:03 --> OAuth2 class already loaded. Second attempt ignored.
DEBUG - 2016-07-06 07:10:03 --> C:\xampp\htdocs\bondora\application\libraries/MY_Table.php exists, but does not declare MY_Table
DEBUG - 2016-07-06 07:10:03 --> Session class already loaded. Second attempt ignored.
DEBUG - 2016-07-06 07:10:03 --> Total execution time: 0.9061
DEBUG - 2016-07-06 07:10:04 --> UTF-8 Support Disabled
DEBUG - 2016-07-06 07:10:04 --> Global POST, GET and COOKIE data sanitized
DEBUG - 2016-07-06 07:10:04 --> cURL Class Initialized
DEBUG - 2016-07-06 07:10:04 --> OAuth2 class already loaded. Second attempt ignored.
DEBUG - 2016-07-06 07:10:04 --> C:\xampp\htdocs\bondora\application\libraries/MY_Table.php exists, but does not declare MY_Table
DEBUG - 2016-07-06 07:10:04 --> Session class already loaded. Second attempt ignored.
DEBUG - 2016-07-06 07:10:04 --> Total execution time: 0.4210
DEBUG - 2016-07-06 07:10:08 --> UTF-8 Support Disabled
DEBUG - 2016-07-06 07:10:08 --> Global POST, GET and COOKIE data sanitized
DEBUG - 2016-07-06 07:10:08 --> cURL Class Initialized
DEBUG - 2016-07-06 07:10:08 --> OAuth2 class already loaded. Second attempt ignored.
DEBUG - 2016-07-06 07:10:08 --> C:\xampp\htdocs\bondora\application\libraries/MY_Table.php exists, but does not declare MY_Table
DEBUG - 2016-07-06 07:10:08 --> Session class already loaded. Second attempt ignored.
DEBUG - 2016-07-06 07:10:08 --> Total execution time: 0.6011
DEBUG - 2016-07-06 07:10:08 --> UTF-8 Support Disabled
DEBUG - 2016-07-06 07:10:08 --> Global POST, GET and COOKIE data sanitized
DEBUG - 2016-07-06 07:10:08 --> cURL Class Initialized
DEBUG - 2016-07-06 07:10:08 --> OAuth2 class already loaded. Second attempt ignored.
DEBUG - 2016-07-06 07:10:09 --> C:\xampp\htdocs\bondora\application\libraries/MY_Table.php exists, but does not declare MY_Table
DEBUG - 2016-07-06 07:10:09 --> Session class already loaded. Second attempt ignored.
DEBUG - 2016-07-06 07:10:09 --> Total execution time: 0.3120
DEBUG - 2016-07-06 07:10:12 --> UTF-8 Support Disabled
DEBUG - 2016-07-06 07:10:12 --> Global POST, GET and COOKIE data sanitized
DEBUG - 2016-07-06 07:10:12 --> cURL Class Initialized
DEBUG - 2016-07-06 07:10:12 --> OAuth2 class already loaded. Second attempt ignored.
DEBUG - 2016-07-06 07:10:12 --> C:\xampp\htdocs\bondora\application\libraries/MY_Table.php exists, but does not declare MY_Table
DEBUG - 2016-07-06 07:10:12 --> Session class already loaded. Second attempt ignored.
DEBUG - 2016-07-06 07:10:13 --> Total execution time: 0.7661
DEBUG - 2016-07-06 07:10:13 --> UTF-8 Support Disabled
DEBUG - 2016-07-06 07:10:13 --> Global POST, GET and COOKIE data sanitized
DEBUG - 2016-07-06 07:10:13 --> cURL Class Initialized
DEBUG - 2016-07-06 07:10:13 --> OAuth2 class already loaded. Second attempt ignored.
DEBUG - 2016-07-06 07:10:13 --> C:\xampp\htdocs\bondora\application\libraries/MY_Table.php exists, but does not declare MY_Table
DEBUG - 2016-07-06 07:10:13 --> Session class already loaded. Second attempt ignored.
DEBUG - 2016-07-06 07:10:13 --> Total execution time: 0.3290
DEBUG - 2016-07-06 07:10:17 --> UTF-8 Support Disabled
DEBUG - 2016-07-06 07:10:17 --> Global POST, GET and COOKIE data sanitized
DEBUG - 2016-07-06 07:10:17 --> cURL Class Initialized
DEBUG - 2016-07-06 07:10:17 --> OAuth2 class already loaded. Second attempt ignored.
DEBUG - 2016-07-06 07:10:17 --> C:\xampp\htdocs\bondora\application\libraries/MY_Table.php exists, but does not declare MY_Table
DEBUG - 2016-07-06 07:10:17 --> Session class already loaded. Second attempt ignored.
DEBUG - 2016-07-06 07:10:18 --> Total execution time: 0.6291
DEBUG - 2016-07-06 07:10:18 --> UTF-8 Support Disabled
DEBUG - 2016-07-06 07:10:18 --> Global POST, GET and COOKIE data sanitized
DEBUG - 2016-07-06 07:10:18 --> cURL Class Initialized
DEBUG - 2016-07-06 07:10:18 --> OAuth2 class already loaded. Second attempt ignored.
DEBUG - 2016-07-06 07:10:18 --> C:\xampp\htdocs\bondora\application\libraries/MY_Table.php exists, but does not declare MY_Table
DEBUG - 2016-07-06 07:10:18 --> Session class already loaded. Second attempt ignored.
DEBUG - 2016-07-06 07:10:18 --> Total execution time: 0.3580
DEBUG - 2016-07-06 07:10:28 --> UTF-8 Support Disabled
DEBUG - 2016-07-06 07:10:28 --> Global POST, GET and COOKIE data sanitized
DEBUG - 2016-07-06 07:10:28 --> cURL Class Initialized
DEBUG - 2016-07-06 07:10:28 --> OAuth2 class already loaded. Second attempt ignored.
DEBUG - 2016-07-06 07:10:28 --> C:\xampp\htdocs\bondora\application\libraries/MY_Table.php exists, but does not declare MY_Table
DEBUG - 2016-07-06 07:10:28 --> Session class already loaded. Second attempt ignored.
DEBUG - 2016-07-06 07:10:29 --> Total execution time: 0.5961
DEBUG - 2016-07-06 07:10:29 --> UTF-8 Support Disabled
DEBUG - 2016-07-06 07:10:29 --> Global POST, GET and COOKIE data sanitized
DEBUG - 2016-07-06 07:10:29 --> cURL Class Initialized
DEBUG - 2016-07-06 07:10:29 --> OAuth2 class already loaded. Second attempt ignored.
DEBUG - 2016-07-06 07:10:29 --> C:\xampp\htdocs\bondora\application\libraries/MY_Table.php exists, but does not declare MY_Table
DEBUG - 2016-07-06 07:10:29 --> Session class already loaded. Second attempt ignored.
DEBUG - 2016-07-06 07:10:29 --> Total execution time: 0.3130
DEBUG - 2016-07-06 07:10:34 --> UTF-8 Support Disabled
DEBUG - 2016-07-06 07:10:34 --> Global POST, GET and COOKIE data sanitized
DEBUG - 2016-07-06 07:10:34 --> cURL Class Initialized
DEBUG - 2016-07-06 07:10:34 --> OAuth2 class already loaded. Second attempt ignored.
DEBUG - 2016-07-06 07:10:34 --> C:\xampp\htdocs\bondora\application\libraries/MY_Table.php exists, but does not declare MY_Table
DEBUG - 2016-07-06 07:10:34 --> Session class already loaded. Second attempt ignored.
DEBUG - 2016-07-06 07:10:34 --> Total execution time: 0.8251
DEBUG - 2016-07-06 07:10:34 --> UTF-8 Support Disabled
DEBUG - 2016-07-06 07:10:34 --> Global POST, GET and COOKIE data sanitized
DEBUG - 2016-07-06 07:10:34 --> cURL Class Initialized
DEBUG - 2016-07-06 07:10:34 --> OAuth2 class already loaded. Second attempt ignored.
DEBUG - 2016-07-06 07:10:34 --> C:\xampp\htdocs\bondora\application\libraries/MY_Table.php exists, but does not declare MY_Table
DEBUG - 2016-07-06 07:10:34 --> Session class already loaded. Second attempt ignored.
DEBUG - 2016-07-06 07:10:35 --> Total execution time: 0.4300
DEBUG - 2016-07-06 07:10:38 --> UTF-8 Support Disabled
DEBUG - 2016-07-06 07:10:38 --> Global POST, GET and COOKIE data sanitized
DEBUG - 2016-07-06 07:10:38 --> cURL Class Initialized
DEBUG - 2016-07-06 07:10:38 --> OAuth2 class already loaded. Second attempt ignored.
DEBUG - 2016-07-06 07:10:38 --> C:\xampp\htdocs\bondora\application\libraries/MY_Table.php exists, but does not declare MY_Table
DEBUG - 2016-07-06 07:10:38 --> Session class already loaded. Second attempt ignored.
DEBUG - 2016-07-06 07:10:39 --> Total execution time: 0.6041
DEBUG - 2016-07-06 07:10:39 --> UTF-8 Support Disabled
DEBUG - 2016-07-06 07:10:39 --> Global POST, GET and COOKIE data sanitized
DEBUG - 2016-07-06 07:10:39 --> cURL Class Initialized
DEBUG - 2016-07-06 07:10:39 --> OAuth2 class already loaded. Second attempt ignored.
DEBUG - 2016-07-06 07:10:39 --> C:\xampp\htdocs\bondora\application\libraries/MY_Table.php exists, but does not declare MY_Table
DEBUG - 2016-07-06 07:10:39 --> Session class already loaded. Second attempt ignored.
DEBUG - 2016-07-06 07:10:39 --> Total execution time: 0.3810
DEBUG - 2016-07-06 07:10:59 --> UTF-8 Support Disabled
DEBUG - 2016-07-06 07:11:00 --> Global POST, GET and COOKIE data sanitized
DEBUG - 2016-07-06 07:11:00 --> cURL Class Initialized
DEBUG - 2016-07-06 07:11:00 --> OAuth2 class already loaded. Second attempt ignored.
DEBUG - 2016-07-06 07:11:00 --> C:\xampp\htdocs\bondora\application\libraries/MY_Table.php exists, but does not declare MY_Table
DEBUG - 2016-07-06 07:11:00 --> Session class already loaded. Second attempt ignored.
DEBUG - 2016-07-06 07:11:00 --> SELECT *
FROM `select` `a`.*, `b`.`listedOnDate`, `b`.`xirr`, `b`.`secondaryId`, `b`.`desiredDiscountRate from bondora`.`investment_payload a LEFT JOIN bondora`.`secondary b ON a`.`loanPartId=b`.`loanPartId WHERE a`.`id=29240 and user="mehike" order by` `a`.`signedDate`, `a`.`auctionId`
DEBUG - 2016-07-06 07:11:00 --> SELECT *
FROM `select` `a`.*, `b`.`listedOnDate`, `b`.`xirr`, `b`.`secondaryId`, `b`.`desiredDiscountRate from bondora`.`investment_payload a LEFT JOIN bondora`.`secondary b ON a`.`loanPartId=b`.`loanPartId WHERE a`.`id=29224 and user="mehike" order by` `a`.`signedDate`, `a`.`auctionId`
DEBUG - 2016-07-06 07:11:00 --> SELECT *
FROM `select` `a`.*, `b`.`listedOnDate`, `b`.`xirr`, `b`.`secondaryId`, `b`.`desiredDiscountRate from bondora`.`investment_payload a LEFT JOIN bondora`.`secondary b ON a`.`loanPartId=b`.`loanPartId WHERE a`.`id=29228 and user="mehike" order by` `a`.`signedDate`, `a`.`auctionId`
DEBUG - 2016-07-06 07:11:00 --> SELECT *
FROM `select` `a`.*, `b`.`listedOnDate`, `b`.`xirr`, `b`.`secondaryId`, `b`.`desiredDiscountRate from bondora`.`investment_payload a LEFT JOIN bondora`.`secondary b ON a`.`loanPartId=b`.`loanPartId WHERE a`.`id=29230 and user="mehike" order by` `a`.`signedDate`, `a`.`auctionId`
DEBUG - 2016-07-06 07:11:00 --> SELECT *
FROM `select` `a`.*, `b`.`listedOnDate`, `b`.`xirr`, `b`.`secondaryId`, `b`.`desiredDiscountRate from bondora`.`investment_payload a LEFT JOIN bondora`.`secondary b ON a`.`loanPartId=b`.`loanPartId WHERE a`.`id=29231 and user="mehike" order by` `a`.`signedDate`, `a`.`auctionId`
DEBUG - 2016-07-06 07:11:00 --> SELECT *
FROM `select` `a`.*, `b`.`listedOnDate`, `b`.`xirr`, `b`.`secondaryId`, `b`.`desiredDiscountRate from bondora`.`investment_payload a LEFT JOIN bondora`.`secondary b ON a`.`loanPartId=b`.`loanPartId WHERE a`.`id=29247 and user="mehike" order by` `a`.`signedDate`, `a`.`auctionId`
DEBUG - 2016-07-06 07:11:00 --> SELECT *
FROM `select` `a`.*, `b`.`listedOnDate`, `b`.`xirr`, `b`.`secondaryId`, `b`.`desiredDiscountRate from bondora`.`investment_payload a LEFT JOIN bondora`.`secondary b ON a`.`loanPartId=b`.`loanPartId WHERE a`.`id=29250 and user="mehike" order by` `a`.`signedDate`, `a`.`auctionId`
DEBUG - 2016-07-06 07:11:00 --> SELECT *
FROM `select` `a`.*, `b`.`listedOnDate`, `b`.`xirr`, `b`.`secondaryId`, `b`.`desiredDiscountRate from bondora`.`investment_payload a LEFT JOIN bondora`.`secondary b ON a`.`loanPartId=b`.`loanPartId WHERE a`.`id=29252 and user="mehike" order by` `a`.`signedDate`, `a`.`auctionId`
DEBUG - 2016-07-06 07:11:00 --> Total execution time: 0.6181
DEBUG - 2016-07-06 07:11:00 --> UTF-8 Support Disabled
DEBUG - 2016-07-06 07:11:00 --> Global POST, GET and COOKIE data sanitized
ERROR - 2016-07-06 07:11:00 --> 404 Page Not Found: Investments/bootstrap
DEBUG - 2016-07-06 07:11:02 --> UTF-8 Support Disabled
DEBUG - 2016-07-06 07:11:02 --> Global POST, GET and COOKIE data sanitized
DEBUG - 2016-07-06 07:11:02 --> cURL Class Initialized
DEBUG - 2016-07-06 07:11:02 --> OAuth2 class already loaded. Second attempt ignored.
DEBUG - 2016-07-06 07:11:02 --> C:\xampp\htdocs\bondora\application\libraries/MY_Table.php exists, but does not declare MY_Table
DEBUG - 2016-07-06 07:11:02 --> Session class already loaded. Second attempt ignored.
DEBUG - 2016-07-06 07:11:02 --> SELECT *
FROM `select` `a`.*, `b`.`listedOnDate`, `b`.`xirr`, `b`.`secondaryId`, `b`.`desiredDiscountRate from bondora`.`investment_payload a LEFT JOIN bondora`.`secondary b ON a`.`loanPartId=b`.`loanPartId and a`.`user=b`.`user where a`.`user="mehike" order by` `a`.`signedDate`, `a`.`auctionId`
ERROR - 2016-07-06 07:11:02 --> Severity: Notice --> Undefined offset: 33 C:\xampp\htdocs\bondora\application\views\investments\index.php 880
ERROR - 2016-07-06 07:11:02 --> Severity: Notice --> Undefined offset: 33 C:\xampp\htdocs\bondora\application\views\investments\index.php 880
ERROR - 2016-07-06 07:11:02 --> Severity: Notice --> Undefined offset: 33 C:\xampp\htdocs\bondora\application\views\investments\index.php 880
ERROR - 2016-07-06 07:11:02 --> Severity: Notice --> Undefined offset: 32 C:\xampp\htdocs\bondora\application\views\investments\index.php 880
ERROR - 2016-07-06 07:11:02 --> Severity: Notice --> Undefined offset: 33 C:\xampp\htdocs\bondora\application\views\investments\index.php 880
ERROR - 2016-07-06 07:11:02 --> Severity: Notice --> Undefined offset: 31 C:\xampp\htdocs\bondora\application\views\investments\index.php 880
ERROR - 2016-07-06 07:11:02 --> Severity: Notice --> Undefined offset: 33 C:\xampp\htdocs\bondora\application\views\investments\index.php 880
ERROR - 2016-07-06 07:11:02 --> Severity: Notice --> Undefined offset: 33 C:\xampp\htdocs\bondora\application\views\investments\index.php 880
ERROR - 2016-07-06 07:11:02 --> Severity: Notice --> Undefined offset: 31 C:\xampp\htdocs\bondora\application\views\investments\index.php 880
ERROR - 2016-07-06 07:11:02 --> Severity: Notice --> Undefined offset: 30 C:\xampp\htdocs\bondora\application\views\investments\index.php 880
ERROR - 2016-07-06 07:11:02 --> Severity: Notice --> Undefined offset: 31 C:\xampp\htdocs\bondora\application\views\investments\index.php 880
ERROR - 2016-07-06 07:11:02 --> Severity: Notice --> Undefined offset: 31 C:\xampp\htdocs\bondora\application\views\investments\index.php 880
ERROR - 2016-07-06 07:11:02 --> Severity: Notice --> Undefined offset: 32 C:\xampp\htdocs\bondora\application\views\investments\index.php 880
ERROR - 2016-07-06 07:11:02 --> Severity: Notice --> Undefined offset: 33 C:\xampp\htdocs\bondora\application\views\investments\index.php 880
ERROR - 2016-07-06 07:11:02 --> Severity: Notice --> Undefined offset: 33 C:\xampp\htdocs\bondora\application\views\investments\index.php 880
ERROR - 2016-07-06 07:11:02 --> Severity: Notice --> Undefined offset: 32 C:\xampp\htdocs\bondora\application\views\investments\index.php 880
ERROR - 2016-07-06 07:11:02 --> Severity: Notice --> Undefined offset: 33 C:\xampp\htdocs\bondora\application\views\investments\index.php 880
ERROR - 2016-07-06 07:11:02 --> Severity: Notice --> Undefined offset: 41 C:\xampp\htdocs\bondora\application\views\investments\index.php 880
ERROR - 2016-07-06 07:11:02 --> Severity: Notice --> Undefined offset: 30 C:\xampp\htdocs\bondora\application\views\investments\index.php 880
ERROR - 2016-07-06 07:11:02 --> Severity: Notice --> Undefined offset: 31 C:\xampp\htdocs\bondora\application\views\investments\index.php 880
ERROR - 2016-07-06 07:11:02 --> Severity: Notice --> Undefined offset: 31 C:\xampp\htdocs\bondora\application\views\investments\index.php 880
ERROR - 2016-07-06 07:11:02 --> Severity: Notice --> Undefined offset: 33 C:\xampp\htdocs\bondora\application\views\investments\index.php 880
ERROR - 2016-07-06 07:11:02 --> Severity: Notice --> Undefined offset: 31 C:\xampp\htdocs\bondora\application\views\investments\index.php 880
DEBUG - 2016-07-06 07:11:02 --> Total execution time: 0.0960
DEBUG - 2016-07-06 07:11:02 --> UTF-8 Support Disabled
DEBUG - 2016-07-06 07:11:02 --> Global POST, GET and COOKIE data sanitized
ERROR - 2016-07-06 07:11:02 --> 404 Page Not Found: Investments/bootstrap
DEBUG - 2016-07-06 07:11:05 --> UTF-8 Support Disabled
DEBUG - 2016-07-06 07:11:05 --> Global POST, GET and COOKIE data sanitized
DEBUG - 2016-07-06 07:11:05 --> cURL Class Initialized
DEBUG - 2016-07-06 07:11:05 --> OAuth2 class already loaded. Second attempt ignored.
DEBUG - 2016-07-06 07:11:05 --> C:\xampp\htdocs\bondora\application\libraries/MY_Table.php exists, but does not declare MY_Table
DEBUG - 2016-07-06 07:11:05 --> Session class already loaded. Second attempt ignored.
DEBUG - 2016-07-06 07:11:06 --> SELECT *
FROM `select` `a`.*, `b`.`listedOnDate`, `b`.`xirr`, `b`.`secondaryId`, `b`.`desiredDiscountRate from bondora`.`investment_payload a LEFT JOIN bondora`.`secondary b ON a`.`loanPartId=b`.`loanPartId and a`.`user=b`.`user where a`.`user="mehike" order by` `a`.`signedDate`, `a`.`auctionId`
ERROR - 2016-07-06 07:11:06 --> Severity: Notice --> Undefined offset: 33 C:\xampp\htdocs\bondora\application\views\investments\index.php 880
ERROR - 2016-07-06 07:11:06 --> Severity: Notice --> Undefined offset: 33 C:\xampp\htdocs\bondora\application\views\investments\index.php 880
ERROR - 2016-07-06 07:11:06 --> Severity: Notice --> Undefined offset: 33 C:\xampp\htdocs\bondora\application\views\investments\index.php 880
ERROR - 2016-07-06 07:11:06 --> Severity: Notice --> Undefined offset: 32 C:\xampp\htdocs\bondora\application\views\investments\index.php 880
ERROR - 2016-07-06 07:11:06 --> Severity: Notice --> Undefined offset: 33 C:\xampp\htdocs\bondora\application\views\investments\index.php 880
ERROR - 2016-07-06 07:11:06 --> Severity: Notice --> Undefined offset: 31 C:\xampp\htdocs\bondora\application\views\investments\index.php 880
ERROR - 2016-07-06 07:11:06 --> Severity: Notice --> Undefined offset: 33 C:\xampp\htdocs\bondora\application\views\investments\index.php 880
ERROR - 2016-07-06 07:11:06 --> Severity: Notice --> Undefined offset: 33 C:\xampp\htdocs\bondora\application\views\investments\index.php 880
ERROR - 2016-07-06 07:11:06 --> Severity: Notice --> Undefined offset: 31 C:\xampp\htdocs\bondora\application\views\investments\index.php 880
ERROR - 2016-07-06 07:11:06 --> Severity: Notice --> Undefined offset: 31 C:\xampp\htdocs\bondora\application\views\investments\index.php 880
ERROR - 2016-07-06 07:11:06 --> Severity: Notice --> Undefined offset: 31 C:\xampp\htdocs\bondora\application\views\investments\index.php 880
ERROR - 2016-07-06 07:11:06 --> Severity: Notice --> Undefined offset: 32 C:\xampp\htdocs\bondora\application\views\investments\index.php 880
ERROR - 2016-07-06 07:11:06 --> Severity: Notice --> Undefined offset: 33 C:\xampp\htdocs\bondora\application\views\investments\index.php 880
ERROR - 2016-07-06 07:11:06 --> Severity: Notice --> Undefined offset: 33 C:\xampp\htdocs\bondora\application\views\investments\index.php 880
ERROR - 2016-07-06 07:11:06 --> Severity: Notice --> Undefined offset: 32 C:\xampp\htdocs\bondora\application\views\investments\index.php 880
ERROR - 2016-07-06 07:11:06 --> Severity: Notice --> Undefined offset: 33 C:\xampp\htdocs\bondora\application\views\investments\index.php 880
ERROR - 2016-07-06 07:11:06 --> Severity: Notice --> Undefined offset: 41 C:\xampp\htdocs\bondora\application\views\investments\index.php 880
ERROR - 2016-07-06 07:11:06 --> Severity: Notice --> Undefined offset: 31 C:\xampp\htdocs\bondora\application\views\investments\index.php 880
ERROR - 2016-07-06 07:11:06 --> Severity: Notice --> Undefined offset: 31 C:\xampp\htdocs\bondora\application\views\investments\index.php 880
ERROR - 2016-07-06 07:11:06 --> Severity: Notice --> Undefined offset: 33 C:\xampp\htdocs\bondora\application\views\investments\index.php 880
ERROR - 2016-07-06 07:11:06 --> Severity: Notice --> Undefined offset: 31 C:\xampp\htdocs\bondora\application\views\investments\index.php 880
DEBUG - 2016-07-06 07:11:06 --> Total execution time: 1.2341
DEBUG - 2016-07-06 07:11:06 --> UTF-8 Support Disabled
DEBUG - 2016-07-06 07:11:06 --> Global POST, GET and COOKIE data sanitized
ERROR - 2016-07-06 07:11:07 --> 404 Page Not Found: Investments/bootstrap
DEBUG - 2016-07-06 07:11:12 --> UTF-8 Support Disabled
DEBUG - 2016-07-06 07:11:12 --> Global POST, GET and COOKIE data sanitized
DEBUG - 2016-07-06 07:11:12 --> cURL Class Initialized
DEBUG - 2016-07-06 07:11:12 --> OAuth2 class already loaded. Second attempt ignored.
DEBUG - 2016-07-06 07:11:12 --> C:\xampp\htdocs\bondora\application\libraries/MY_Table.php exists, but does not declare MY_Table
DEBUG - 2016-07-06 07:11:12 --> Session class already loaded. Second attempt ignored.
DEBUG - 2016-07-06 07:11:13 --> Total execution time: 0.7551
DEBUG - 2016-07-06 07:11:13 --> UTF-8 Support Disabled
DEBUG - 2016-07-06 07:11:13 --> Global POST, GET and COOKIE data sanitized
DEBUG - 2016-07-06 07:11:13 --> cURL Class Initialized
DEBUG - 2016-07-06 07:11:13 --> OAuth2 class already loaded. Second attempt ignored.
DEBUG - 2016-07-06 07:11:13 --> C:\xampp\htdocs\bondora\application\libraries/MY_Table.php exists, but does not declare MY_Table
DEBUG - 2016-07-06 07:11:13 --> Session class already loaded. Second attempt ignored.
DEBUG - 2016-07-06 07:11:13 --> Total execution time: 0.3270
DEBUG - 2016-07-06 07:11:17 --> UTF-8 Support Disabled
DEBUG - 2016-07-06 07:11:17 --> Global POST, GET and COOKIE data sanitized
DEBUG - 2016-07-06 07:11:17 --> cURL Class Initialized
DEBUG - 2016-07-06 07:11:17 --> OAuth2 class already loaded. Second attempt ignored.
DEBUG - 2016-07-06 07:11:17 --> C:\xampp\htdocs\bondora\application\libraries/MY_Table.php exists, but does not declare MY_Table
DEBUG - 2016-07-06 07:11:17 --> Session class already loaded. Second attempt ignored.
DEBUG - 2016-07-06 07:11:17 --> Total execution time: 0.8241
DEBUG - 2016-07-06 07:11:17 --> UTF-8 Support Disabled
DEBUG - 2016-07-06 07:11:17 --> Global POST, GET and COOKIE data sanitized
DEBUG - 2016-07-06 07:11:17 --> cURL Class Initialized
DEBUG - 2016-07-06 07:11:17 --> OAuth2 class already loaded. Second attempt ignored.
DEBUG - 2016-07-06 07:11:17 --> C:\xampp\htdocs\bondora\application\libraries/MY_Table.php exists, but does not declare MY_Table
DEBUG - 2016-07-06 07:11:17 --> Session class already loaded. Second attempt ignored.
DEBUG - 2016-07-06 07:11:18 --> Total execution time: 0.3340
DEBUG - 2016-07-06 07:11:20 --> UTF-8 Support Disabled
DEBUG - 2016-07-06 07:11:20 --> Global POST, GET and COOKIE data sanitized
DEBUG - 2016-07-06 07:11:20 --> cURL Class Initialized
DEBUG - 2016-07-06 07:11:20 --> OAuth2 class already loaded. Second attempt ignored.
DEBUG - 2016-07-06 07:11:20 --> C:\xampp\htdocs\bondora\application\libraries/MY_Table.php exists, but does not declare MY_Table
DEBUG - 2016-07-06 07:11:20 --> Session class already loaded. Second attempt ignored.
DEBUG - 2016-07-06 07:11:21 --> Total execution time: 0.5861
DEBUG - 2016-07-06 07:11:21 --> UTF-8 Support Disabled
DEBUG - 2016-07-06 07:11:21 --> Global POST, GET and COOKIE data sanitized
DEBUG - 2016-07-06 07:11:21 --> cURL Class Initialized
DEBUG - 2016-07-06 07:11:21 --> OAuth2 class already loaded. Second attempt ignored.
DEBUG - 2016-07-06 07:11:21 --> C:\xampp\htdocs\bondora\application\libraries/MY_Table.php exists, but does not declare MY_Table
DEBUG - 2016-07-06 07:11:21 --> Session class already loaded. Second attempt ignored.
DEBUG - 2016-07-06 07:11:21 --> Total execution time: 0.3120
DEBUG - 2016-07-06 07:11:25 --> UTF-8 Support Disabled
DEBUG - 2016-07-06 07:11:25 --> Global POST, GET and COOKIE data sanitized
DEBUG - 2016-07-06 07:11:25 --> cURL Class Initialized
DEBUG - 2016-07-06 07:11:25 --> OAuth2 class already loaded. Second attempt ignored.
DEBUG - 2016-07-06 07:11:25 --> C:\xampp\htdocs\bondora\application\libraries/MY_Table.php exists, but does not declare MY_Table
DEBUG - 2016-07-06 07:11:25 --> Session class already loaded. Second attempt ignored.
DEBUG - 2016-07-06 07:11:25 --> Total execution time: 0.7211
DEBUG - 2016-07-06 07:11:25 --> UTF-8 Support Disabled
DEBUG - 2016-07-06 07:11:25 --> Global POST, GET and COOKIE data sanitized
DEBUG - 2016-07-06 07:11:25 --> cURL Class Initialized
DEBUG - 2016-07-06 07:11:25 --> OAuth2 class already loaded. Second attempt ignored.
DEBUG - 2016-07-06 07:11:25 --> C:\xampp\htdocs\bondora\application\libraries/MY_Table.php exists, but does not declare MY_Table
DEBUG - 2016-07-06 07:11:25 --> Session class already loaded. Second attempt ignored.
DEBUG - 2016-07-06 07:11:26 --> Total execution time: 0.4470
DEBUG - 2016-07-06 07:11:29 --> UTF-8 Support Disabled
DEBUG - 2016-07-06 07:11:29 --> Global POST, GET and COOKIE data sanitized
DEBUG - 2016-07-06 07:11:29 --> cURL Class Initialized
DEBUG - 2016-07-06 07:11:29 --> OAuth2 class already loaded. Second attempt ignored.
DEBUG - 2016-07-06 07:11:29 --> C:\xampp\htdocs\bondora\application\libraries/MY_Table.php exists, but does not declare MY_Table
DEBUG - 2016-07-06 07:11:29 --> Session class already loaded. Second attempt ignored.
DEBUG - 2016-07-06 07:11:30 --> Total execution time: 0.5771
DEBUG - 2016-07-06 07:11:30 --> UTF-8 Support Disabled
DEBUG - 2016-07-06 07:11:30 --> Global POST, GET and COOKIE data sanitized
DEBUG - 2016-07-06 07:11:30 --> cURL Class Initialized
DEBUG - 2016-07-06 07:11:30 --> OAuth2 class already loaded. Second attempt ignored.
DEBUG - 2016-07-06 07:11:30 --> C:\xampp\htdocs\bondora\application\libraries/MY_Table.php exists, but does not declare MY_Table
DEBUG - 2016-07-06 07:11:30 --> Session class already loaded. Second attempt ignored.
DEBUG - 2016-07-06 07:11:30 --> Total execution time: 0.3300
DEBUG - 2016-07-06 07:11:33 --> UTF-8 Support Disabled
DEBUG - 2016-07-06 07:11:33 --> Global POST, GET and COOKIE data sanitized
DEBUG - 2016-07-06 07:11:33 --> cURL Class Initialized
DEBUG - 2016-07-06 07:11:33 --> OAuth2 class already loaded. Second attempt ignored.
DEBUG - 2016-07-06 07:11:33 --> C:\xampp\htdocs\bondora\application\libraries/MY_Table.php exists, but does not declare MY_Table
DEBUG - 2016-07-06 07:11:33 --> Session class already loaded. Second attempt ignored.
DEBUG - 2016-07-06 07:11:33 --> Total execution time: 0.7781
DEBUG - 2016-07-06 07:11:34 --> UTF-8 Support Disabled
DEBUG - 2016-07-06 07:11:34 --> Global POST, GET and COOKIE data sanitized
DEBUG - 2016-07-06 07:11:34 --> cURL Class Initialized
DEBUG - 2016-07-06 07:11:34 --> OAuth2 class already loaded. Second attempt ignored.
DEBUG - 2016-07-06 07:11:34 --> C:\xampp\htdocs\bondora\application\libraries/MY_Table.php exists, but does not declare MY_Table
DEBUG - 2016-07-06 07:11:34 --> Session class already loaded. Second attempt ignored.
DEBUG - 2016-07-06 07:11:34 --> Total execution time: 0.4280
DEBUG - 2016-07-06 07:11:37 --> UTF-8 Support Disabled
DEBUG - 2016-07-06 07:11:37 --> Global POST, GET and COOKIE data sanitized
DEBUG - 2016-07-06 07:11:37 --> cURL Class Initialized
DEBUG - 2016-07-06 07:11:37 --> OAuth2 class already loaded. Second attempt ignored.
DEBUG - 2016-07-06 07:11:37 --> C:\xampp\htdocs\bondora\application\libraries/MY_Table.php exists, but does not declare MY_Table
DEBUG - 2016-07-06 07:11:37 --> Session class already loaded. Second attempt ignored.
DEBUG - 2016-07-06 07:11:38 --> Total execution time: 0.6171
DEBUG - 2016-07-06 07:11:38 --> UTF-8 Support Disabled
DEBUG - 2016-07-06 07:11:38 --> Global POST, GET and COOKIE data sanitized
DEBUG - 2016-07-06 07:11:38 --> cURL Class Initialized
DEBUG - 2016-07-06 07:11:38 --> OAuth2 class already loaded. Second attempt ignored.
DEBUG - 2016-07-06 07:11:38 --> C:\xampp\htdocs\bondora\application\libraries/MY_Table.php exists, but does not declare MY_Table
DEBUG - 2016-07-06 07:11:38 --> Session class already loaded. Second attempt ignored.
DEBUG - 2016-07-06 07:11:38 --> Total execution time: 0.3410
DEBUG - 2016-07-06 07:11:45 --> UTF-8 Support Disabled
DEBUG - 2016-07-06 07:11:45 --> Global POST, GET and COOKIE data sanitized
DEBUG - 2016-07-06 07:11:45 --> cURL Class Initialized
DEBUG - 2016-07-06 07:11:45 --> OAuth2 class already loaded. Second attempt ignored.
DEBUG - 2016-07-06 07:11:45 --> C:\xampp\htdocs\bondora\application\libraries/MY_Table.php exists, but does not declare MY_Table
DEBUG - 2016-07-06 07:11:45 --> Session class already loaded. Second attempt ignored.
DEBUG - 2016-07-06 07:11:45 --> Total execution time: 0.8611
DEBUG - 2016-07-06 07:11:46 --> UTF-8 Support Disabled
DEBUG - 2016-07-06 07:11:46 --> Global POST, GET and COOKIE data sanitized
DEBUG - 2016-07-06 07:11:46 --> cURL Class Initialized
DEBUG - 2016-07-06 07:11:46 --> OAuth2 class already loaded. Second attempt ignored.
DEBUG - 2016-07-06 07:11:46 --> C:\xampp\htdocs\bondora\application\libraries/MY_Table.php exists, but does not declare MY_Table
DEBUG - 2016-07-06 07:11:46 --> Session class already loaded. Second attempt ignored.
DEBUG - 2016-07-06 07:11:46 --> Total execution time: 0.4360
DEBUG - 2016-07-06 07:11:50 --> UTF-8 Support Disabled
DEBUG - 2016-07-06 07:11:50 --> Global POST, GET and COOKIE data sanitized
DEBUG - 2016-07-06 07:11:50 --> cURL Class Initialized
DEBUG - 2016-07-06 07:11:50 --> OAuth2 class already loaded. Second attempt ignored.
DEBUG - 2016-07-06 07:11:50 --> C:\xampp\htdocs\bondora\application\libraries/MY_Table.php exists, but does not declare MY_Table
DEBUG - 2016-07-06 07:11:50 --> Session class already loaded. Second attempt ignored.
DEBUG - 2016-07-06 07:11:50 --> Total execution time: 0.6411
DEBUG - 2016-07-06 07:11:50 --> UTF-8 Support Disabled
DEBUG - 2016-07-06 07:11:50 --> Global POST, GET and COOKIE data sanitized
DEBUG - 2016-07-06 07:11:51 --> cURL Class Initialized
DEBUG - 2016-07-06 07:11:51 --> OAuth2 class already loaded. Second attempt ignored.
DEBUG - 2016-07-06 07:11:51 --> C:\xampp\htdocs\bondora\application\libraries/MY_Table.php exists, but does not declare MY_Table
DEBUG - 2016-07-06 07:11:51 --> Session class already loaded. Second attempt ignored.
DEBUG - 2016-07-06 07:11:51 --> Total execution time: 0.3250
DEBUG - 2016-07-06 07:12:19 --> UTF-8 Support Disabled
DEBUG - 2016-07-06 07:12:19 --> Global POST, GET and COOKIE data sanitized
DEBUG - 2016-07-06 07:12:19 --> cURL Class Initialized
DEBUG - 2016-07-06 07:12:19 --> OAuth2 class already loaded. Second attempt ignored.
DEBUG - 2016-07-06 07:12:19 --> C:\xampp\htdocs\bondora\application\libraries/MY_Table.php exists, but does not declare MY_Table
DEBUG - 2016-07-06 07:12:19 --> Session class already loaded. Second attempt ignored.
DEBUG - 2016-07-06 07:12:19 --> SELECT *
FROM `select` `a`.*, `b`.`listedOnDate`, `b`.`xirr`, `b`.`secondaryId`, `b`.`desiredDiscountRate from bondora`.`investment_payload a LEFT JOIN bondora`.`secondary b ON a`.`loanPartId=b`.`loanPartId WHERE a`.`id=29276 and user="mehike" order by` `a`.`signedDate`, `a`.`auctionId`
DEBUG - 2016-07-06 07:12:19 --> SELECT *
FROM `select` `a`.*, `b`.`listedOnDate`, `b`.`xirr`, `b`.`secondaryId`, `b`.`desiredDiscountRate from bondora`.`investment_payload a LEFT JOIN bondora`.`secondary b ON a`.`loanPartId=b`.`loanPartId WHERE a`.`id=29270 and user="mehike" order by` `a`.`signedDate`, `a`.`auctionId`
DEBUG - 2016-07-06 07:12:19 --> SELECT *
FROM `select` `a`.*, `b`.`listedOnDate`, `b`.`xirr`, `b`.`secondaryId`, `b`.`desiredDiscountRate from bondora`.`investment_payload a LEFT JOIN bondora`.`secondary b ON a`.`loanPartId=b`.`loanPartId WHERE a`.`id=29275 and user="mehike" order by` `a`.`signedDate`, `a`.`auctionId`
DEBUG - 2016-07-06 07:12:19 --> SELECT *
FROM `select` `a`.*, `b`.`listedOnDate`, `b`.`xirr`, `b`.`secondaryId`, `b`.`desiredDiscountRate from bondora`.`investment_payload a LEFT JOIN bondora`.`secondary b ON a`.`loanPartId=b`.`loanPartId WHERE a`.`id=29257 and user="mehike" order by` `a`.`signedDate`, `a`.`auctionId`
DEBUG - 2016-07-06 07:12:19 --> SELECT *
FROM `select` `a`.*, `b`.`listedOnDate`, `b`.`xirr`, `b`.`secondaryId`, `b`.`desiredDiscountRate from bondora`.`investment_payload a LEFT JOIN bondora`.`secondary b ON a`.`loanPartId=b`.`loanPartId WHERE a`.`id=29262 and user="mehike" order by` `a`.`signedDate`, `a`.`auctionId`
DEBUG - 2016-07-06 07:12:19 --> SELECT *
FROM `select` `a`.*, `b`.`listedOnDate`, `b`.`xirr`, `b`.`secondaryId`, `b`.`desiredDiscountRate from bondora`.`investment_payload a LEFT JOIN bondora`.`secondary b ON a`.`loanPartId=b`.`loanPartId WHERE a`.`id=29264 and user="mehike" order by` `a`.`signedDate`, `a`.`auctionId`
DEBUG - 2016-07-06 07:12:19 --> SELECT *
FROM `select` `a`.*, `b`.`listedOnDate`, `b`.`xirr`, `b`.`secondaryId`, `b`.`desiredDiscountRate from bondora`.`investment_payload a LEFT JOIN bondora`.`secondary b ON a`.`loanPartId=b`.`loanPartId WHERE a`.`id=29272 and user="mehike" order by` `a`.`signedDate`, `a`.`auctionId`
DEBUG - 2016-07-06 07:12:19 --> SELECT *
FROM `select` `a`.*, `b`.`listedOnDate`, `b`.`xirr`, `b`.`secondaryId`, `b`.`desiredDiscountRate from bondora`.`investment_payload a LEFT JOIN bondora`.`secondary b ON a`.`loanPartId=b`.`loanPartId WHERE a`.`id=29274 and user="mehike" order by` `a`.`signedDate`, `a`.`auctionId`
DEBUG - 2016-07-06 07:12:19 --> SELECT *
FROM `select` `a`.*, `b`.`listedOnDate`, `b`.`xirr`, `b`.`secondaryId`, `b`.`desiredDiscountRate from bondora`.`investment_payload a LEFT JOIN bondora`.`secondary b ON a`.`loanPartId=b`.`loanPartId WHERE a`.`id=29288 and user="mehike" order by` `a`.`signedDate`, `a`.`auctionId`
DEBUG - 2016-07-06 07:12:19 --> Total execution time: 0.7201
DEBUG - 2016-07-06 07:12:19 --> UTF-8 Support Disabled
DEBUG - 2016-07-06 07:12:19 --> Global POST, GET and COOKIE data sanitized
ERROR - 2016-07-06 07:12:19 --> 404 Page Not Found: Investments/bootstrap
DEBUG - 2016-07-06 07:12:21 --> UTF-8 Support Disabled
DEBUG - 2016-07-06 07:12:21 --> Global POST, GET and COOKIE data sanitized
DEBUG - 2016-07-06 07:12:21 --> cURL Class Initialized
DEBUG - 2016-07-06 07:12:21 --> OAuth2 class already loaded. Second attempt ignored.
DEBUG - 2016-07-06 07:12:21 --> C:\xampp\htdocs\bondora\application\libraries/MY_Table.php exists, but does not declare MY_Table
DEBUG - 2016-07-06 07:12:21 --> Session class already loaded. Second attempt ignored.
DEBUG - 2016-07-06 07:12:21 --> SELECT *
FROM `select` `a`.*, `b`.`listedOnDate`, `b`.`xirr`, `b`.`secondaryId`, `b`.`desiredDiscountRate from bondora`.`investment_payload a LEFT JOIN bondora`.`secondary b ON a`.`loanPartId=b`.`loanPartId and a`.`user=b`.`user where a`.`user="mehike" order by` `a`.`signedDate`, `a`.`auctionId`
ERROR - 2016-07-06 07:12:21 --> Severity: Notice --> Undefined offset: 33 C:\xampp\htdocs\bondora\application\views\investments\index.php 880
ERROR - 2016-07-06 07:12:21 --> Severity: Notice --> Undefined offset: 33 C:\xampp\htdocs\bondora\application\views\investments\index.php 880
ERROR - 2016-07-06 07:12:21 --> Severity: Notice --> Undefined offset: 33 C:\xampp\htdocs\bondora\application\views\investments\index.php 880
ERROR - 2016-07-06 07:12:21 --> Severity: Notice --> Undefined offset: 32 C:\xampp\htdocs\bondora\application\views\investments\index.php 880
ERROR - 2016-07-06 07:12:21 --> Severity: Notice --> Undefined offset: 33 C:\xampp\htdocs\bondora\application\views\investments\index.php 880
ERROR - 2016-07-06 07:12:21 --> Severity: Notice --> Undefined offset: 31 C:\xampp\htdocs\bondora\application\views\investments\index.php 880
ERROR - 2016-07-06 07:12:21 --> Severity: Notice --> Undefined offset: 33 C:\xampp\htdocs\bondora\application\views\investments\index.php 880
ERROR - 2016-07-06 07:12:21 --> Severity: Notice --> Undefined offset: 33 C:\xampp\htdocs\bondora\application\views\investments\index.php 880
ERROR - 2016-07-06 07:12:21 --> Severity: Notice --> Undefined offset: 31 C:\xampp\htdocs\bondora\application\views\investments\index.php 880
ERROR - 2016-07-06 07:12:21 --> Severity: Notice --> Undefined offset: 30 C:\xampp\htdocs\bondora\application\views\investments\index.php 880
ERROR - 2016-07-06 07:12:21 --> Severity: Notice --> Undefined offset: 31 C:\xampp\htdocs\bondora\application\views\investments\index.php 880
ERROR - 2016-07-06 07:12:21 --> Severity: Notice --> Undefined offset: 31 C:\xampp\htdocs\bondora\application\views\investments\index.php 880
ERROR - 2016-07-06 07:12:21 --> Severity: Notice --> Undefined offset: 32 C:\xampp\htdocs\bondora\application\views\investments\index.php 880
ERROR - 2016-07-06 07:12:21 --> Severity: Notice --> Undefined offset: 33 C:\xampp\htdocs\bondora\application\views\investments\index.php 880
ERROR - 2016-07-06 07:12:21 --> Severity: Notice --> Undefined offset: 33 C:\xampp\htdocs\bondora\application\views\investments\index.php 880
ERROR - 2016-07-06 07:12:21 --> Severity: Notice --> Undefined offset: 32 C:\xampp\htdocs\bondora\application\views\investments\index.php 880
ERROR - 2016-07-06 07:12:21 --> Severity: Notice --> Undefined offset: 33 C:\xampp\htdocs\bondora\application\views\investments\index.php 880
ERROR - 2016-07-06 07:12:21 --> Severity: Notice --> Undefined offset: 41 C:\xampp\htdocs\bondora\application\views\investments\index.php 880
ERROR - 2016-07-06 07:12:21 --> Severity: Notice --> Undefined offset: 30 C:\xampp\htdocs\bondora\application\views\investments\index.php 880
ERROR - 2016-07-06 07:12:21 --> Severity: Notice --> Undefined offset: 31 C:\xampp\htdocs\bondora\application\views\investments\index.php 880
ERROR - 2016-07-06 07:12:21 --> Severity: Notice --> Undefined offset: 31 C:\xampp\htdocs\bondora\application\views\investments\index.php 880
ERROR - 2016-07-06 07:12:21 --> Severity: Notice --> Undefined offset: 33 C:\xampp\htdocs\bondora\application\views\investments\index.php 880
ERROR - 2016-07-06 07:12:21 --> Severity: Notice --> Undefined offset: 31 C:\xampp\htdocs\bondora\application\views\investments\index.php 880
DEBUG - 2016-07-06 07:12:21 --> Total execution time: 0.1000
DEBUG - 2016-07-06 07:12:21 --> UTF-8 Support Disabled
DEBUG - 2016-07-06 07:12:21 --> Global POST, GET and COOKIE data sanitized
ERROR - 2016-07-06 07:12:21 --> 404 Page Not Found: Investments/bootstrap
DEBUG - 2016-07-06 07:12:24 --> UTF-8 Support Disabled
DEBUG - 2016-07-06 07:12:24 --> Global POST, GET and COOKIE data sanitized
DEBUG - 2016-07-06 07:12:24 --> cURL Class Initialized
DEBUG - 2016-07-06 07:12:24 --> OAuth2 class already loaded. Second attempt ignored.
DEBUG - 2016-07-06 07:12:24 --> C:\xampp\htdocs\bondora\application\libraries/MY_Table.php exists, but does not declare MY_Table
DEBUG - 2016-07-06 07:12:24 --> Session class already loaded. Second attempt ignored.
DEBUG - 2016-07-06 07:12:25 --> SELECT *
FROM `select` `a`.*, `b`.`listedOnDate`, `b`.`xirr`, `b`.`secondaryId`, `b`.`desiredDiscountRate from bondora`.`investment_payload a LEFT JOIN bondora`.`secondary b ON a`.`loanPartId=b`.`loanPartId and a`.`user=b`.`user where a`.`user="mehike" order by` `a`.`signedDate`, `a`.`auctionId`
ERROR - 2016-07-06 07:12:25 --> Severity: Notice --> Undefined offset: 33 C:\xampp\htdocs\bondora\application\views\investments\index.php 880
ERROR - 2016-07-06 07:12:25 --> Severity: Notice --> Undefined offset: 33 C:\xampp\htdocs\bondora\application\views\investments\index.php 880
ERROR - 2016-07-06 07:12:25 --> Severity: Notice --> Undefined offset: 33 C:\xampp\htdocs\bondora\application\views\investments\index.php 880
ERROR - 2016-07-06 07:12:25 --> Severity: Notice --> Undefined offset: 32 C:\xampp\htdocs\bondora\application\views\investments\index.php 880
ERROR - 2016-07-06 07:12:25 --> Severity: Notice --> Undefined offset: 33 C:\xampp\htdocs\bondora\application\views\investments\index.php 880
ERROR - 2016-07-06 07:12:25 --> Severity: Notice --> Undefined offset: 31 C:\xampp\htdocs\bondora\application\views\investments\index.php 880
ERROR - 2016-07-06 07:12:25 --> Severity: Notice --> Undefined offset: 33 C:\xampp\htdocs\bondora\application\views\investments\index.php 880
ERROR - 2016-07-06 07:12:25 --> Severity: Notice --> Undefined offset: 33 C:\xampp\htdocs\bondora\application\views\investments\index.php 880
ERROR - 2016-07-06 07:12:25 --> Severity: Notice --> Undefined offset: 31 C:\xampp\htdocs\bondora\application\views\investments\index.php 880
ERROR - 2016-07-06 07:12:25 --> Severity: Notice --> Undefined offset: 31 C:\xampp\htdocs\bondora\application\views\investments\index.php 880
ERROR - 2016-07-06 07:12:25 --> Severity: Notice --> Undefined offset: 31 C:\xampp\htdocs\bondora\application\views\investments\index.php 880
ERROR - 2016-07-06 07:12:25 --> Severity: Notice --> Undefined offset: 32 C:\xampp\htdocs\bondora\application\views\investments\index.php 880
ERROR - 2016-07-06 07:12:25 --> Severity: Notice --> Undefined offset: 33 C:\xampp\htdocs\bondora\application\views\investments\index.php 880
ERROR - 2016-07-06 07:12:25 --> Severity: Notice --> Undefined offset: 33 C:\xampp\htdocs\bondora\application\views\investments\index.php 880
ERROR - 2016-07-06 07:12:25 --> Severity: Notice --> Undefined offset: 32 C:\xampp\htdocs\bondora\application\views\investments\index.php 880
ERROR - 2016-07-06 07:12:25 --> Severity: Notice --> Undefined offset: 33 C:\xampp\htdocs\bondora\application\views\investments\index.php 880
ERROR - 2016-07-06 07:12:25 --> Severity: Notice --> Undefined offset: 41 C:\xampp\htdocs\bondora\application\views\investments\index.php 880
ERROR - 2016-07-06 07:12:25 --> Severity: Notice --> Undefined offset: 31 C:\xampp\htdocs\bondora\application\views\investments\index.php 880
ERROR - 2016-07-06 07:12:25 --> Severity: Notice --> Undefined offset: 31 C:\xampp\htdocs\bondora\application\views\investments\index.php 880
ERROR - 2016-07-06 07:12:25 --> Severity: Notice --> Undefined offset: 33 C:\xampp\htdocs\bondora\application\views\investments\index.php 880
ERROR - 2016-07-06 07:12:25 --> Severity: Notice --> Undefined offset: 31 C:\xampp\htdocs\bondora\application\views\investments\index.php 880
DEBUG - 2016-07-06 07:12:25 --> Total execution time: 1.2851
DEBUG - 2016-07-06 07:12:25 --> UTF-8 Support Disabled
DEBUG - 2016-07-06 07:12:25 --> Global POST, GET and COOKIE data sanitized
ERROR - 2016-07-06 07:12:25 --> 404 Page Not Found: Investments/bootstrap
DEBUG - 2016-07-06 07:12:31 --> UTF-8 Support Disabled
DEBUG - 2016-07-06 07:12:31 --> Global POST, GET and COOKIE data sanitized
DEBUG - 2016-07-06 07:12:31 --> cURL Class Initialized
DEBUG - 2016-07-06 07:12:31 --> OAuth2 class already loaded. Second attempt ignored.
DEBUG - 2016-07-06 07:12:31 --> C:\xampp\htdocs\bondora\application\libraries/MY_Table.php exists, but does not declare MY_Table
DEBUG - 2016-07-06 07:12:31 --> Session class already loaded. Second attempt ignored.
DEBUG - 2016-07-06 07:12:31 --> Total execution time: 0.6191
DEBUG - 2016-07-06 07:12:31 --> UTF-8 Support Disabled
DEBUG - 2016-07-06 07:12:31 --> Global POST, GET and COOKIE data sanitized
DEBUG - 2016-07-06 07:12:31 --> cURL Class Initialized
DEBUG - 2016-07-06 07:12:31 --> OAuth2 class already loaded. Second attempt ignored.
DEBUG - 2016-07-06 07:12:31 --> C:\xampp\htdocs\bondora\application\libraries/MY_Table.php exists, but does not declare MY_Table
DEBUG - 2016-07-06 07:12:31 --> Session class already loaded. Second attempt ignored.
DEBUG - 2016-07-06 07:12:32 --> Total execution time: 0.3150
DEBUG - 2016-07-06 07:12:45 --> UTF-8 Support Disabled
DEBUG - 2016-07-06 07:12:45 --> Global POST, GET and COOKIE data sanitized
DEBUG - 2016-07-06 07:12:45 --> cURL Class Initialized
DEBUG - 2016-07-06 07:12:45 --> OAuth2 class already loaded. Second attempt ignored.
DEBUG - 2016-07-06 07:12:45 --> C:\xampp\htdocs\bondora\application\libraries/MY_Table.php exists, but does not declare MY_Table
DEBUG - 2016-07-06 07:12:45 --> Session class already loaded. Second attempt ignored.
DEBUG - 2016-07-06 07:12:45 --> SELECT *
FROM `select` `a`.*, `b`.`listedOnDate`, `b`.`xirr`, `b`.`secondaryId`, `b`.`desiredDiscountRate from bondora`.`investment_payload a LEFT JOIN bondora`.`secondary b ON a`.`loanPartId=b`.`loanPartId WHERE a`.`id=29306 and user="mehike" order by` `a`.`signedDate`, `a`.`auctionId`
DEBUG - 2016-07-06 07:12:45 --> Total execution time: 0.7301
DEBUG - 2016-07-06 07:12:45 --> UTF-8 Support Disabled
DEBUG - 2016-07-06 07:12:45 --> Global POST, GET and COOKIE data sanitized
ERROR - 2016-07-06 07:12:45 --> 404 Page Not Found: Investments/bootstrap
DEBUG - 2016-07-06 07:12:48 --> UTF-8 Support Disabled
DEBUG - 2016-07-06 07:12:48 --> Global POST, GET and COOKIE data sanitized
DEBUG - 2016-07-06 07:12:48 --> cURL Class Initialized
DEBUG - 2016-07-06 07:12:48 --> OAuth2 class already loaded. Second attempt ignored.
DEBUG - 2016-07-06 07:12:48 --> C:\xampp\htdocs\bondora\application\libraries/MY_Table.php exists, but does not declare MY_Table
DEBUG - 2016-07-06 07:12:48 --> Session class already loaded. Second attempt ignored.
DEBUG - 2016-07-06 07:12:48 --> SELECT *
FROM `select` `a`.*, `b`.`listedOnDate`, `b`.`xirr`, `b`.`secondaryId`, `b`.`desiredDiscountRate from bondora`.`investment_payload a LEFT JOIN bondora`.`secondary b ON a`.`loanPartId=b`.`loanPartId and a`.`user=b`.`user where a`.`user="mehike" order by` `a`.`signedDate`, `a`.`auctionId`
ERROR - 2016-07-06 07:12:48 --> Severity: Notice --> Undefined offset: 33 C:\xampp\htdocs\bondora\application\views\investments\index.php 880
ERROR - 2016-07-06 07:12:48 --> Severity: Notice --> Undefined offset: 33 C:\xampp\htdocs\bondora\application\views\investments\index.php 880
ERROR - 2016-07-06 07:12:48 --> Severity: Notice --> Undefined offset: 33 C:\xampp\htdocs\bondora\application\views\investments\index.php 880
ERROR - 2016-07-06 07:12:48 --> Severity: Notice --> Undefined offset: 32 C:\xampp\htdocs\bondora\application\views\investments\index.php 880
ERROR - 2016-07-06 07:12:48 --> Severity: Notice --> Undefined offset: 33 C:\xampp\htdocs\bondora\application\views\investments\index.php 880
ERROR - 2016-07-06 07:12:48 --> Severity: Notice --> Undefined offset: 31 C:\xampp\htdocs\bondora\application\views\investments\index.php 880
ERROR - 2016-07-06 07:12:48 --> Severity: Notice --> Undefined offset: 33 C:\xampp\htdocs\bondora\application\views\investments\index.php 880
ERROR - 2016-07-06 07:12:48 --> Severity: Notice --> Undefined offset: 33 C:\xampp\htdocs\bondora\application\views\investments\index.php 880
ERROR - 2016-07-06 07:12:48 --> Severity: Notice --> Undefined offset: 31 C:\xampp\htdocs\bondora\application\views\investments\index.php 880
ERROR - 2016-07-06 07:12:48 --> Severity: Notice --> Undefined offset: 30 C:\xampp\htdocs\bondora\application\views\investments\index.php 880
ERROR - 2016-07-06 07:12:48 --> Severity: Notice --> Undefined offset: 31 C:\xampp\htdocs\bondora\application\views\investments\index.php 880
ERROR - 2016-07-06 07:12:48 --> Severity: Notice --> Undefined offset: 31 C:\xampp\htdocs\bondora\application\views\investments\index.php 880
ERROR - 2016-07-06 07:12:48 --> Severity: Notice --> Undefined offset: 32 C:\xampp\htdocs\bondora\application\views\investments\index.php 880
ERROR - 2016-07-06 07:12:48 --> Severity: Notice --> Undefined offset: 33 C:\xampp\htdocs\bondora\application\views\investments\index.php 880
ERROR - 2016-07-06 07:12:48 --> Severity: Notice --> Undefined offset: 33 C:\xampp\htdocs\bondora\application\views\investments\index.php 880
ERROR - 2016-07-06 07:12:48 --> Severity: Notice --> Undefined offset: 32 C:\xampp\htdocs\bondora\application\views\investments\index.php 880
ERROR - 2016-07-06 07:12:48 --> Severity: Notice --> Undefined offset: 33 C:\xampp\htdocs\bondora\application\views\investments\index.php 880
ERROR - 2016-07-06 07:12:48 --> Severity: Notice --> Undefined offset: 41 C:\xampp\htdocs\bondora\application\views\investments\index.php 880
ERROR - 2016-07-06 07:12:48 --> Severity: Notice --> Undefined offset: 30 C:\xampp\htdocs\bondora\application\views\investments\index.php 880
ERROR - 2016-07-06 07:12:48 --> Severity: Notice --> Undefined offset: 31 C:\xampp\htdocs\bondora\application\views\investments\index.php 880
ERROR - 2016-07-06 07:12:48 --> Severity: Notice --> Undefined offset: 31 C:\xampp\htdocs\bondora\application\views\investments\index.php 880
ERROR - 2016-07-06 07:12:48 --> Severity: Notice --> Undefined offset: 33 C:\xampp\htdocs\bondora\application\views\investments\index.php 880
ERROR - 2016-07-06 07:12:48 --> Severity: Notice --> Undefined offset: 31 C:\xampp\htdocs\bondora\application\views\investments\index.php 880
DEBUG - 2016-07-06 07:12:48 --> Total execution time: 0.1090
DEBUG - 2016-07-06 07:12:48 --> UTF-8 Support Disabled
DEBUG - 2016-07-06 07:12:48 --> Global POST, GET and COOKIE data sanitized
ERROR - 2016-07-06 07:12:48 --> 404 Page Not Found: Investments/bootstrap
DEBUG - 2016-07-06 07:12:50 --> UTF-8 Support Disabled
DEBUG - 2016-07-06 07:12:50 --> Global POST, GET and COOKIE data sanitized
DEBUG - 2016-07-06 07:12:50 --> cURL Class Initialized
DEBUG - 2016-07-06 07:12:50 --> OAuth2 class already loaded. Second attempt ignored.
DEBUG - 2016-07-06 07:12:50 --> C:\xampp\htdocs\bondora\application\libraries/MY_Table.php exists, but does not declare MY_Table
DEBUG - 2016-07-06 07:12:50 --> Session class already loaded. Second attempt ignored.
DEBUG - 2016-07-06 07:12:51 --> SELECT *
FROM `select` `a`.*, `b`.`listedOnDate`, `b`.`xirr`, `b`.`secondaryId`, `b`.`desiredDiscountRate from bondora`.`investment_payload a LEFT JOIN bondora`.`secondary b ON a`.`loanPartId=b`.`loanPartId and a`.`user=b`.`user where a`.`user="mehike" order by` `a`.`signedDate`, `a`.`auctionId`
ERROR - 2016-07-06 07:12:51 --> Severity: Notice --> Undefined offset: 33 C:\xampp\htdocs\bondora\application\views\investments\index.php 880
ERROR - 2016-07-06 07:12:51 --> Severity: Notice --> Undefined offset: 33 C:\xampp\htdocs\bondora\application\views\investments\index.php 880
ERROR - 2016-07-06 07:12:51 --> Severity: Notice --> Undefined offset: 33 C:\xampp\htdocs\bondora\application\views\investments\index.php 880
ERROR - 2016-07-06 07:12:51 --> Severity: Notice --> Undefined offset: 32 C:\xampp\htdocs\bondora\application\views\investments\index.php 880
ERROR - 2016-07-06 07:12:51 --> Severity: Notice --> Undefined offset: 33 C:\xampp\htdocs\bondora\application\views\investments\index.php 880
ERROR - 2016-07-06 07:12:51 --> Severity: Notice --> Undefined offset: 31 C:\xampp\htdocs\bondora\application\views\investments\index.php 880
ERROR - 2016-07-06 07:12:51 --> Severity: Notice --> Undefined offset: 33 C:\xampp\htdocs\bondora\application\views\investments\index.php 880
ERROR - 2016-07-06 07:12:51 --> Severity: Notice --> Undefined offset: 33 C:\xampp\htdocs\bondora\application\views\investments\index.php 880
ERROR - 2016-07-06 07:12:51 --> Severity: Notice --> Undefined offset: 31 C:\xampp\htdocs\bondora\application\views\investments\index.php 880
ERROR - 2016-07-06 07:12:51 --> Severity: Notice --> Undefined offset: 31 C:\xampp\htdocs\bondora\application\views\investments\index.php 880
ERROR - 2016-07-06 07:12:51 --> Severity: Notice --> Undefined offset: 31 C:\xampp\htdocs\bondora\application\views\investments\index.php 880
ERROR - 2016-07-06 07:12:51 --> Severity: Notice --> Undefined offset: 32 C:\xampp\htdocs\bondora\application\views\investments\index.php 880
ERROR - 2016-07-06 07:12:51 --> Severity: Notice --> Undefined offset: 33 C:\xampp\htdocs\bondora\application\views\investments\index.php 880
ERROR - 2016-07-06 07:12:51 --> Severity: Notice --> Undefined offset: 33 C:\xampp\htdocs\bondora\application\views\investments\index.php 880
ERROR - 2016-07-06 07:12:51 --> Severity: Notice --> Undefined offset: 32 C:\xampp\htdocs\bondora\application\views\investments\index.php 880
ERROR - 2016-07-06 07:12:51 --> Severity: Notice --> Undefined offset: 33 C:\xampp\htdocs\bondora\application\views\investments\index.php 880
ERROR - 2016-07-06 07:12:51 --> Severity: Notice --> Undefined offset: 41 C:\xampp\htdocs\bondora\application\views\investments\index.php 880
ERROR - 2016-07-06 07:12:51 --> Severity: Notice --> Undefined offset: 31 C:\xampp\htdocs\bondora\application\views\investments\index.php 880
ERROR - 2016-07-06 07:12:51 --> Severity: Notice --> Undefined offset: 31 C:\xampp\htdocs\bondora\application\views\investments\index.php 880
ERROR - 2016-07-06 07:12:51 --> Severity: Notice --> Undefined offset: 33 C:\xampp\htdocs\bondora\application\views\investments\index.php 880
ERROR - 2016-07-06 07:12:51 --> Severity: Notice --> Undefined offset: 31 C:\xampp\htdocs\bondora\application\views\investments\index.php 880
DEBUG - 2016-07-06 07:12:51 --> Total execution time: 1.0711
DEBUG - 2016-07-06 07:12:51 --> UTF-8 Support Disabled
DEBUG - 2016-07-06 07:12:51 --> Global POST, GET and COOKIE data sanitized
ERROR - 2016-07-06 07:12:51 --> 404 Page Not Found: Investments/bootstrap
DEBUG - 2016-07-06 07:13:00 --> UTF-8 Support Disabled
DEBUG - 2016-07-06 07:13:00 --> Global POST, GET and COOKIE data sanitized
DEBUG - 2016-07-06 07:13:00 --> cURL Class Initialized
DEBUG - 2016-07-06 07:13:00 --> OAuth2 class already loaded. Second attempt ignored.
DEBUG - 2016-07-06 07:13:00 --> C:\xampp\htdocs\bondora\application\libraries/MY_Table.php exists, but does not declare MY_Table
DEBUG - 2016-07-06 07:13:00 --> Session class already loaded. Second attempt ignored.
DEBUG - 2016-07-06 07:13:00 --> Total execution time: 0.6161
DEBUG - 2016-07-06 07:13:00 --> UTF-8 Support Disabled
DEBUG - 2016-07-06 07:13:00 --> Global POST, GET and COOKIE data sanitized
DEBUG - 2016-07-06 07:13:00 --> cURL Class Initialized
DEBUG - 2016-07-06 07:13:00 --> OAuth2 class already loaded. Second attempt ignored.
DEBUG - 2016-07-06 07:13:00 --> C:\xampp\htdocs\bondora\application\libraries/MY_Table.php exists, but does not declare MY_Table
DEBUG - 2016-07-06 07:13:00 --> Session class already loaded. Second attempt ignored.
DEBUG - 2016-07-06 07:13:01 --> Total execution time: 0.3150
DEBUG - 2016-07-06 07:13:06 --> UTF-8 Support Disabled
DEBUG - 2016-07-06 07:13:06 --> Global POST, GET and COOKIE data sanitized
DEBUG - 2016-07-06 07:13:06 --> cURL Class Initialized
DEBUG - 2016-07-06 07:13:06 --> OAuth2 class already loaded. Second attempt ignored.
DEBUG - 2016-07-06 07:13:06 --> C:\xampp\htdocs\bondora\application\libraries/MY_Table.php exists, but does not declare MY_Table
DEBUG - 2016-07-06 07:13:06 --> Session class already loaded. Second attempt ignored.
DEBUG - 2016-07-06 07:13:07 --> Total execution time: 0.8201
DEBUG - 2016-07-06 07:13:07 --> UTF-8 Support Disabled
DEBUG - 2016-07-06 07:13:07 --> Global POST, GET and COOKIE data sanitized
DEBUG - 2016-07-06 07:13:07 --> cURL Class Initialized
DEBUG - 2016-07-06 07:13:07 --> OAuth2 class already loaded. Second attempt ignored.
DEBUG - 2016-07-06 07:13:07 --> C:\xampp\htdocs\bondora\application\libraries/MY_Table.php exists, but does not declare MY_Table
DEBUG - 2016-07-06 07:13:07 --> Session class already loaded. Second attempt ignored.
DEBUG - 2016-07-06 07:13:07 --> Total execution time: 0.4800
DEBUG - 2016-07-06 07:13:11 --> UTF-8 Support Disabled
DEBUG - 2016-07-06 07:13:11 --> Global POST, GET and COOKIE data sanitized
DEBUG - 2016-07-06 07:13:11 --> cURL Class Initialized
DEBUG - 2016-07-06 07:13:11 --> OAuth2 class already loaded. Second attempt ignored.
DEBUG - 2016-07-06 07:13:11 --> C:\xampp\htdocs\bondora\application\libraries/MY_Table.php exists, but does not declare MY_Table
DEBUG - 2016-07-06 07:13:11 --> Session class already loaded. Second attempt ignored.
DEBUG - 2016-07-06 07:13:11 --> Total execution time: 0.6051
DEBUG - 2016-07-06 07:13:11 --> UTF-8 Support Disabled
DEBUG - 2016-07-06 07:13:12 --> Global POST, GET and COOKIE data sanitized
DEBUG - 2016-07-06 07:13:12 --> cURL Class Initialized
DEBUG - 2016-07-06 07:13:12 --> OAuth2 class already loaded. Second attempt ignored.
DEBUG - 2016-07-06 07:13:12 --> C:\xampp\htdocs\bondora\application\libraries/MY_Table.php exists, but does not declare MY_Table
DEBUG - 2016-07-06 07:13:12 --> Session class already loaded. Second attempt ignored.
DEBUG - 2016-07-06 07:13:12 --> Total execution time: 0.3410
DEBUG - 2016-07-06 07:13:31 --> UTF-8 Support Disabled
DEBUG - 2016-07-06 07:13:31 --> Global POST, GET and COOKIE data sanitized
DEBUG - 2016-07-06 07:13:31 --> cURL Class Initialized
DEBUG - 2016-07-06 07:13:31 --> OAuth2 class already loaded. Second attempt ignored.
DEBUG - 2016-07-06 07:13:31 --> C:\xampp\htdocs\bondora\application\libraries/MY_Table.php exists, but does not declare MY_Table
DEBUG - 2016-07-06 07:13:31 --> Session class already loaded. Second attempt ignored.
DEBUG - 2016-07-06 07:13:31 --> SELECT *
FROM `select` `a`.*, `b`.`listedOnDate`, `b`.`xirr`, `b`.`secondaryId`, `b`.`desiredDiscountRate from bondora`.`investment_payload a LEFT JOIN bondora`.`secondary b ON a`.`loanPartId=b`.`loanPartId WHERE a`.`id=29347 and user="mehike" order by` `a`.`signedDate`, `a`.`auctionId`
DEBUG - 2016-07-06 07:13:31 --> SELECT *
FROM `select` `a`.*, `b`.`listedOnDate`, `b`.`xirr`, `b`.`secondaryId`, `b`.`desiredDiscountRate from bondora`.`investment_payload a LEFT JOIN bondora`.`secondary b ON a`.`loanPartId=b`.`loanPartId WHERE a`.`id=29354 and user="mehike" order by` `a`.`signedDate`, `a`.`auctionId`
DEBUG - 2016-07-06 07:13:31 --> SELECT *
FROM `select` `a`.*, `b`.`listedOnDate`, `b`.`xirr`, `b`.`secondaryId`, `b`.`desiredDiscountRate from bondora`.`investment_payload a LEFT JOIN bondora`.`secondary b ON a`.`loanPartId=b`.`loanPartId WHERE a`.`id=29355 and user="mehike" order by` `a`.`signedDate`, `a`.`auctionId`
DEBUG - 2016-07-06 07:13:32 --> Total execution time: 0.5671
DEBUG - 2016-07-06 07:13:32 --> UTF-8 Support Disabled
DEBUG - 2016-07-06 07:13:32 --> Global POST, GET and COOKIE data sanitized
ERROR - 2016-07-06 07:13:32 --> 404 Page Not Found: Investments/bootstrap
DEBUG - 2016-07-06 07:13:33 --> UTF-8 Support Disabled
DEBUG - 2016-07-06 07:13:33 --> Global POST, GET and COOKIE data sanitized
DEBUG - 2016-07-06 07:13:33 --> cURL Class Initialized
DEBUG - 2016-07-06 07:13:33 --> OAuth2 class already loaded. Second attempt ignored.
DEBUG - 2016-07-06 07:13:34 --> C:\xampp\htdocs\bondora\application\libraries/MY_Table.php exists, but does not declare MY_Table
DEBUG - 2016-07-06 07:13:34 --> Session class already loaded. Second attempt ignored.
DEBUG - 2016-07-06 07:13:34 --> SELECT *
FROM `select` `a`.*, `b`.`listedOnDate`, `b`.`xirr`, `b`.`secondaryId`, `b`.`desiredDiscountRate from bondora`.`investment_payload a LEFT JOIN bondora`.`secondary b ON a`.`loanPartId=b`.`loanPartId and a`.`user=b`.`user where a`.`user="mehike" order by` `a`.`signedDate`, `a`.`auctionId`
ERROR - 2016-07-06 07:13:34 --> Severity: Notice --> Undefined offset: 33 C:\xampp\htdocs\bondora\application\views\investments\index.php 880
ERROR - 2016-07-06 07:13:34 --> Severity: Notice --> Undefined offset: 33 C:\xampp\htdocs\bondora\application\views\investments\index.php 880
ERROR - 2016-07-06 07:13:34 --> Severity: Notice --> Undefined offset: 33 C:\xampp\htdocs\bondora\application\views\investments\index.php 880
ERROR - 2016-07-06 07:13:34 --> Severity: Notice --> Undefined offset: 32 C:\xampp\htdocs\bondora\application\views\investments\index.php 880
ERROR - 2016-07-06 07:13:34 --> Severity: Notice --> Undefined offset: 33 C:\xampp\htdocs\bondora\application\views\investments\index.php 880
ERROR - 2016-07-06 07:13:34 --> Severity: Notice --> Undefined offset: 31 C:\xampp\htdocs\bondora\application\views\investments\index.php 880
ERROR - 2016-07-06 07:13:34 --> Severity: Notice --> Undefined offset: 33 C:\xampp\htdocs\bondora\application\views\investments\index.php 880
ERROR - 2016-07-06 07:13:34 --> Severity: Notice --> Undefined offset: 33 C:\xampp\htdocs\bondora\application\views\investments\index.php 880
ERROR - 2016-07-06 07:13:34 --> Severity: Notice --> Undefined offset: 31 C:\xampp\htdocs\bondora\application\views\investments\index.php 880
ERROR - 2016-07-06 07:13:34 --> Severity: Notice --> Undefined offset: 30 C:\xampp\htdocs\bondora\application\views\investments\index.php 880
ERROR - 2016-07-06 07:13:34 --> Severity: Notice --> Undefined offset: 31 C:\xampp\htdocs\bondora\application\views\investments\index.php 880
ERROR - 2016-07-06 07:13:34 --> Severity: Notice --> Undefined offset: 31 C:\xampp\htdocs\bondora\application\views\investments\index.php 880
ERROR - 2016-07-06 07:13:34 --> Severity: Notice --> Undefined offset: 32 C:\xampp\htdocs\bondora\application\views\investments\index.php 880
ERROR - 2016-07-06 07:13:34 --> Severity: Notice --> Undefined offset: 33 C:\xampp\htdocs\bondora\application\views\investments\index.php 880
ERROR - 2016-07-06 07:13:34 --> Severity: Notice --> Undefined offset: 33 C:\xampp\htdocs\bondora\application\views\investments\index.php 880
ERROR - 2016-07-06 07:13:34 --> Severity: Notice --> Undefined offset: 32 C:\xampp\htdocs\bondora\application\views\investments\index.php 880
ERROR - 2016-07-06 07:13:34 --> Severity: Notice --> Undefined offset: 33 C:\xampp\htdocs\bondora\application\views\investments\index.php 880
ERROR - 2016-07-06 07:13:34 --> Severity: Notice --> Undefined offset: 41 C:\xampp\htdocs\bondora\application\views\investments\index.php 880
ERROR - 2016-07-06 07:13:34 --> Severity: Notice --> Undefined offset: 30 C:\xampp\htdocs\bondora\application\views\investments\index.php 880
ERROR - 2016-07-06 07:13:34 --> Severity: Notice --> Undefined offset: 31 C:\xampp\htdocs\bondora\application\views\investments\index.php 880
ERROR - 2016-07-06 07:13:34 --> Severity: Notice --> Undefined offset: 31 C:\xampp\htdocs\bondora\application\views\investments\index.php 880
ERROR - 2016-07-06 07:13:34 --> Severity: Notice --> Undefined offset: 33 C:\xampp\htdocs\bondora\application\views\investments\index.php 880
ERROR - 2016-07-06 07:13:34 --> Severity: Notice --> Undefined offset: 31 C:\xampp\htdocs\bondora\application\views\investments\index.php 880
DEBUG - 2016-07-06 07:13:34 --> Total execution time: 0.1120
DEBUG - 2016-07-06 07:13:34 --> UTF-8 Support Disabled
DEBUG - 2016-07-06 07:13:34 --> Global POST, GET and COOKIE data sanitized
ERROR - 2016-07-06 07:13:34 --> 404 Page Not Found: Investments/bootstrap
DEBUG - 2016-07-06 07:13:35 --> UTF-8 Support Disabled
DEBUG - 2016-07-06 07:13:35 --> Global POST, GET and COOKIE data sanitized
DEBUG - 2016-07-06 07:13:35 --> cURL Class Initialized
DEBUG - 2016-07-06 07:13:35 --> OAuth2 class already loaded. Second attempt ignored.
DEBUG - 2016-07-06 07:13:35 --> C:\xampp\htdocs\bondora\application\libraries/MY_Table.php exists, but does not declare MY_Table
DEBUG - 2016-07-06 07:13:35 --> Session class already loaded. Second attempt ignored.
DEBUG - 2016-07-06 07:13:35 --> Total execution time: 0.1150
DEBUG - 2016-07-06 07:13:36 --> UTF-8 Support Disabled
DEBUG - 2016-07-06 07:13:36 --> Global POST, GET and COOKIE data sanitized
ERROR - 2016-07-06 07:13:36 --> 404 Page Not Found: Secondary/bootstrap
DEBUG - 2016-07-06 07:13:36 --> UTF-8 Support Disabled
DEBUG - 2016-07-06 07:13:36 --> Global POST, GET and COOKIE data sanitized
DEBUG - 2016-07-06 07:13:36 --> cURL Class Initialized
DEBUG - 2016-07-06 07:13:36 --> OAuth2 class already loaded. Second attempt ignored.
DEBUG - 2016-07-06 07:13:36 --> C:\xampp\htdocs\bondora\application\libraries/MY_Table.php exists, but does not declare MY_Table
DEBUG - 2016-07-06 07:13:36 --> Session class already loaded. Second attempt ignored.
ERROR - 2016-07-06 07:13:37 --> Severity: Notice --> Trying to get property of non-object C:\xampp\htdocs\bondora\application\controllers\Secondary.php 602
ERROR - 2016-07-06 07:13:37 --> Severity: Notice --> Undefined index: all C:\xampp\htdocs\bondora\application\controllers\Secondary.php 605
DEBUG - 2016-07-06 07:13:37 --> UTF-8 Support Disabled
DEBUG - 2016-07-06 07:13:37 --> Global POST, GET and COOKIE data sanitized
DEBUG - 2016-07-06 07:13:37 --> cURL Class Initialized
DEBUG - 2016-07-06 07:13:37 --> OAuth2 class already loaded. Second attempt ignored.
DEBUG - 2016-07-06 07:13:37 --> C:\xampp\htdocs\bondora\application\libraries/MY_Table.php exists, but does not declare MY_Table
DEBUG - 2016-07-06 07:13:37 --> Session class already loaded. Second attempt ignored.
DEBUG - 2016-07-06 07:13:37 --> Total execution time: 0.0840
DEBUG - 2016-07-06 07:13:37 --> UTF-8 Support Disabled
DEBUG - 2016-07-06 07:13:37 --> Global POST, GET and COOKIE data sanitized
ERROR - 2016-07-06 07:13:37 --> 404 Page Not Found: Secondary/bootstrap
DEBUG - 2016-07-06 07:13:39 --> UTF-8 Support Disabled
DEBUG - 2016-07-06 07:13:39 --> Global POST, GET and COOKIE data sanitized
DEBUG - 2016-07-06 07:13:39 --> cURL Class Initialized
DEBUG - 2016-07-06 07:13:39 --> OAuth2 class already loaded. Second attempt ignored.
DEBUG - 2016-07-06 07:13:39 --> C:\xampp\htdocs\bondora\application\libraries/MY_Table.php exists, but does not declare MY_Table
DEBUG - 2016-07-06 07:13:39 --> Session class already loaded. Second attempt ignored.
DEBUG - 2016-07-06 07:13:39 --> SELECT *
FROM `select` `a`.*, `b`.`listedOnDate`, `b`.`xirr`, `b`.`secondaryId`, `b`.`desiredDiscountRate from bondora`.`investment_payload a LEFT JOIN bondora`.`secondary b ON a`.`loanPartId=b`.`loanPartId and a`.`user=b`.`user where a`.`user="mehike" order by` `a`.`signedDate`, `a`.`auctionId`
ERROR - 2016-07-06 07:13:39 --> Severity: Notice --> Undefined offset: 33 C:\xampp\htdocs\bondora\application\views\investments\index.php 880
ERROR - 2016-07-06 07:13:39 --> Severity: Notice --> Undefined offset: 33 C:\xampp\htdocs\bondora\application\views\investments\index.php 880
ERROR - 2016-07-06 07:13:39 --> Severity: Notice --> Undefined offset: 33 C:\xampp\htdocs\bondora\application\views\investments\index.php 880
ERROR - 2016-07-06 07:13:39 --> Severity: Notice --> Undefined offset: 32 C:\xampp\htdocs\bondora\application\views\investments\index.php 880
ERROR - 2016-07-06 07:13:39 --> Severity: Notice --> Undefined offset: 33 C:\xampp\htdocs\bondora\application\views\investments\index.php 880
ERROR - 2016-07-06 07:13:39 --> Severity: Notice --> Undefined offset: 31 C:\xampp\htdocs\bondora\application\views\investments\index.php 880
ERROR - 2016-07-06 07:13:39 --> Severity: Notice --> Undefined offset: 33 C:\xampp\htdocs\bondora\application\views\investments\index.php 880
ERROR - 2016-07-06 07:13:39 --> Severity: Notice --> Undefined offset: 33 C:\xampp\htdocs\bondora\application\views\investments\index.php 880
ERROR - 2016-07-06 07:13:39 --> Severity: Notice --> Undefined offset: 31 C:\xampp\htdocs\bondora\application\views\investments\index.php 880
ERROR - 2016-07-06 07:13:39 --> Severity: Notice --> Undefined offset: 30 C:\xampp\htdocs\bondora\application\views\investments\index.php 880
ERROR - 2016-07-06 07:13:39 --> Severity: Notice --> Undefined offset: 31 C:\xampp\htdocs\bondora\application\views\investments\index.php 880
ERROR - 2016-07-06 07:13:39 --> Severity: Notice --> Undefined offset: 31 C:\xampp\htdocs\bondora\application\views\investments\index.php 880
ERROR - 2016-07-06 07:13:39 --> Severity: Notice --> Undefined offset: 32 C:\xampp\htdocs\bondora\application\views\investments\index.php 880
ERROR - 2016-07-06 07:13:39 --> Severity: Notice --> Undefined offset: 33 C:\xampp\htdocs\bondora\application\views\investments\index.php 880
ERROR - 2016-07-06 07:13:39 --> Severity: Notice --> Undefined offset: 33 C:\xampp\htdocs\bondora\application\views\investments\index.php 880
ERROR - 2016-07-06 07:13:39 --> Severity: Notice --> Undefined offset: 32 C:\xampp\htdocs\bondora\application\views\investments\index.php 880
ERROR - 2016-07-06 07:13:39 --> Severity: Notice --> Undefined offset: 33 C:\xampp\htdocs\bondora\application\views\investments\index.php 880
ERROR - 2016-07-06 07:13:39 --> Severity: Notice --> Undefined offset: 41 C:\xampp\htdocs\bondora\application\views\investments\index.php 880
ERROR - 2016-07-06 07:13:39 --> Severity: Notice --> Undefined offset: 30 C:\xampp\htdocs\bondora\application\views\investments\index.php 880
ERROR - 2016-07-06 07:13:39 --> Severity: Notice --> Undefined offset: 31 C:\xampp\htdocs\bondora\application\views\investments\index.php 880
ERROR - 2016-07-06 07:13:39 --> Severity: Notice --> Undefined offset: 31 C:\xampp\htdocs\bondora\application\views\investments\index.php 880
ERROR - 2016-07-06 07:13:39 --> Severity: Notice --> Undefined offset: 33 C:\xampp\htdocs\bondora\application\views\investments\index.php 880
ERROR - 2016-07-06 07:13:39 --> Severity: Notice --> Undefined offset: 31 C:\xampp\htdocs\bondora\application\views\investments\index.php 880
DEBUG - 2016-07-06 07:13:39 --> Total execution time: 0.1030
DEBUG - 2016-07-06 07:13:39 --> UTF-8 Support Disabled
DEBUG - 2016-07-06 07:13:39 --> Global POST, GET and COOKIE data sanitized
ERROR - 2016-07-06 07:13:39 --> 404 Page Not Found: Investments/bootstrap
DEBUG - 2016-07-06 07:13:40 --> UTF-8 Support Disabled
DEBUG - 2016-07-06 07:13:40 --> Global POST, GET and COOKIE data sanitized
DEBUG - 2016-07-06 07:13:40 --> cURL Class Initialized
DEBUG - 2016-07-06 07:13:40 --> OAuth2 class already loaded. Second attempt ignored.
DEBUG - 2016-07-06 07:13:40 --> C:\xampp\htdocs\bondora\application\libraries/MY_Table.php exists, but does not declare MY_Table
DEBUG - 2016-07-06 07:13:40 --> Session class already loaded. Second attempt ignored.
DEBUG - 2016-07-06 07:13:41 --> SELECT *
FROM `select` `a`.*, `b`.`listedOnDate`, `b`.`xirr`, `b`.`secondaryId`, `b`.`desiredDiscountRate from bondora`.`investment_payload a LEFT JOIN bondora`.`secondary b ON a`.`loanPartId=b`.`loanPartId and a`.`user=b`.`user where a`.`user="mehike" order by` `a`.`signedDate`, `a`.`auctionId`
ERROR - 2016-07-06 07:13:41 --> Severity: Notice --> Undefined offset: 33 C:\xampp\htdocs\bondora\application\views\investments\index.php 880
ERROR - 2016-07-06 07:13:41 --> Severity: Notice --> Undefined offset: 33 C:\xampp\htdocs\bondora\application\views\investments\index.php 880
ERROR - 2016-07-06 07:13:41 --> Severity: Notice --> Undefined offset: 33 C:\xampp\htdocs\bondora\application\views\investments\index.php 880
ERROR - 2016-07-06 07:13:41 --> Severity: Notice --> Undefined offset: 32 C:\xampp\htdocs\bondora\application\views\investments\index.php 880
ERROR - 2016-07-06 07:13:41 --> Severity: Notice --> Undefined offset: 33 C:\xampp\htdocs\bondora\application\views\investments\index.php 880
ERROR - 2016-07-06 07:13:41 --> Severity: Notice --> Undefined offset: 31 C:\xampp\htdocs\bondora\application\views\investments\index.php 880
ERROR - 2016-07-06 07:13:41 --> Severity: Notice --> Undefined offset: 33 C:\xampp\htdocs\bondora\application\views\investments\index.php 880
ERROR - 2016-07-06 07:13:41 --> Severity: Notice --> Undefined offset: 33 C:\xampp\htdocs\bondora\application\views\investments\index.php 880
ERROR - 2016-07-06 07:13:41 --> Severity: Notice --> Undefined offset: 31 C:\xampp\htdocs\bondora\application\views\investments\index.php 880
ERROR - 2016-07-06 07:13:41 --> Severity: Notice --> Undefined offset: 31 C:\xampp\htdocs\bondora\application\views\investments\index.php 880
ERROR - 2016-07-06 07:13:41 --> Severity: Notice --> Undefined offset: 31 C:\xampp\htdocs\bondora\application\views\investments\index.php 880
ERROR - 2016-07-06 07:13:41 --> Severity: Notice --> Undefined offset: 32 C:\xampp\htdocs\bondora\application\views\investments\index.php 880
ERROR - 2016-07-06 07:13:41 --> Severity: Notice --> Undefined offset: 33 C:\xampp\htdocs\bondora\application\views\investments\index.php 880
ERROR - 2016-07-06 07:13:41 --> Severity: Notice --> Undefined offset: 33 C:\xampp\htdocs\bondora\application\views\investments\index.php 880
ERROR - 2016-07-06 07:13:41 --> Severity: Notice --> Undefined offset: 32 C:\xampp\htdocs\bondora\application\views\investments\index.php 880
ERROR - 2016-07-06 07:13:41 --> Severity: Notice --> Undefined offset: 33 C:\xampp\htdocs\bondora\application\views\investments\index.php 880
ERROR - 2016-07-06 07:13:41 --> Severity: Notice --> Undefined offset: 41 C:\xampp\htdocs\bondora\application\views\investments\index.php 880
ERROR - 2016-07-06 07:13:41 --> Severity: Notice --> Undefined offset: 31 C:\xampp\htdocs\bondora\application\views\investments\index.php 880
ERROR - 2016-07-06 07:13:41 --> Severity: Notice --> Undefined offset: 31 C:\xampp\htdocs\bondora\application\views\investments\index.php 880
ERROR - 2016-07-06 07:13:41 --> Severity: Notice --> Undefined offset: 33 C:\xampp\htdocs\bondora\application\views\investments\index.php 880
ERROR - 2016-07-06 07:13:41 --> Severity: Notice --> Undefined offset: 31 C:\xampp\htdocs\bondora\application\views\investments\index.php 880
DEBUG - 2016-07-06 07:13:41 --> Total execution time: 1.0031
DEBUG - 2016-07-06 07:13:41 --> UTF-8 Support Disabled
DEBUG - 2016-07-06 07:13:41 --> Global POST, GET and COOKIE data sanitized
ERROR - 2016-07-06 07:13:41 --> 404 Page Not Found: Investments/bootstrap
DEBUG - 2016-07-06 14:44:56 --> UTF-8 Support Disabled
DEBUG - 2016-07-06 14:44:56 --> Global POST, GET and COOKIE data sanitized
DEBUG - 2016-07-06 14:44:56 --> cURL Class Initialized
DEBUG - 2016-07-06 14:44:56 --> OAuth2 class already loaded. Second attempt ignored.
DEBUG - 2016-07-06 14:44:57 --> C:\xampp\htdocs\bondora\application\libraries/MY_Table.php exists, but does not declare MY_Table
DEBUG - 2016-07-06 14:44:57 --> Session class already loaded. Second attempt ignored.
DEBUG - 2016-07-06 14:44:57 --> UTF-8 Support Disabled
DEBUG - 2016-07-06 14:44:57 --> Global POST, GET and COOKIE data sanitized
DEBUG - 2016-07-06 14:44:57 --> cURL Class Initialized
DEBUG - 2016-07-06 14:44:57 --> OAuth2 class already loaded. Second attempt ignored.
DEBUG - 2016-07-06 14:44:57 --> Session class already loaded. Second attempt ignored.
DEBUG - 2016-07-06 14:44:57 --> Total execution time: 0.4980
DEBUG - 2016-07-06 14:44:57 --> UTF-8 Support Disabled
DEBUG - 2016-07-06 14:44:57 --> Global POST, GET and COOKIE data sanitized
ERROR - 2016-07-06 14:44:57 --> 404 Page Not Found: User/bootstrap
