DEBUG - 2016-09-13 10:19:45 --> UTF-8 Support Disabled
DEBUG - 2016-09-13 10:19:45 --> Global POST, GET and COOKIE data sanitized
DEBUG - 2016-09-13 10:19:45 --> cURL Class Initialized
DEBUG - 2016-09-13 10:19:45 --> OAuth2 class already loaded. Second attempt ignored.
DEBUG - 2016-09-13 10:19:45 --> C:\xampp\htdocs\bondora\application\libraries/MY_Table.php exists, but does not declare MY_Table
DEBUG - 2016-09-13 10:19:45 --> Session class already loaded. Second attempt ignored.
DEBUG - 2016-09-13 10:19:45 --> UTF-8 Support Disabled
DEBUG - 2016-09-13 10:19:45 --> Global POST, GET and COOKIE data sanitized
DEBUG - 2016-09-13 10:19:45 --> cURL Class Initialized
DEBUG - 2016-09-13 10:19:45 --> OAuth2 class already loaded. Second attempt ignored.
DEBUG - 2016-09-13 10:19:45 --> Session class already loaded. Second attempt ignored.
DEBUG - 2016-09-13 10:19:45 --> Total execution time: 0.1060
DEBUG - 2016-09-13 10:19:46 --> UTF-8 Support Disabled
DEBUG - 2016-09-13 10:19:46 --> Global POST, GET and COOKIE data sanitized
ERROR - 2016-09-13 10:19:46 --> 404 Page Not Found: User/bootstrap
DEBUG - 2016-09-13 10:19:49 --> UTF-8 Support Disabled
DEBUG - 2016-09-13 10:19:49 --> Global POST, GET and COOKIE data sanitized
DEBUG - 2016-09-13 10:19:49 --> cURL Class Initialized
DEBUG - 2016-09-13 10:19:49 --> OAuth2 class already loaded. Second attempt ignored.
DEBUG - 2016-09-13 10:19:49 --> Session class already loaded. Second attempt ignored.
DEBUG - 2016-09-13 10:19:50 --> UTF-8 Support Disabled
DEBUG - 2016-09-13 10:19:50 --> Global POST, GET and COOKIE data sanitized
DEBUG - 2016-09-13 10:19:50 --> cURL Class Initialized
DEBUG - 2016-09-13 10:19:50 --> OAuth2 class already loaded. Second attempt ignored.
DEBUG - 2016-09-13 10:19:50 --> C:\xampp\htdocs\bondora\application\libraries/MY_Table.php exists, but does not declare MY_Table
DEBUG - 2016-09-13 10:19:50 --> Session class already loaded. Second attempt ignored.
DEBUG - 2016-09-13 10:19:50 --> SELECT *
FROM `select` `a`.*, `b`.`statusCode from auction_payload a LEFT JOIN bid_payload b ON a`.`auctionId=b`.`auctionId and a`.`user=b`.`userName where` `user="mehike"`
DEBUG - 2016-09-13 10:19:50 --> Total execution time: 0.1700
DEBUG - 2016-09-13 10:19:50 --> UTF-8 Support Disabled
DEBUG - 2016-09-13 10:19:50 --> Global POST, GET and COOKIE data sanitized
ERROR - 2016-09-13 10:19:50 --> 404 Page Not Found: Auctions/bootstrap
DEBUG - 2016-09-13 10:19:54 --> UTF-8 Support Disabled
DEBUG - 2016-09-13 10:19:54 --> Global POST, GET and COOKIE data sanitized
DEBUG - 2016-09-13 10:19:54 --> cURL Class Initialized
DEBUG - 2016-09-13 10:19:54 --> OAuth2 class already loaded. Second attempt ignored.
DEBUG - 2016-09-13 10:19:54 --> C:\xampp\htdocs\bondora\application\libraries/MY_Table.php exists, but does not declare MY_Table
DEBUG - 2016-09-13 10:19:54 --> Session class already loaded. Second attempt ignored.
DEBUG - 2016-09-13 10:19:54 --> SELECT *
FROM `select` `a`.*, `b`.`listedOnDate`, `b`.`xirr`, `b`.`secondaryId`, `b`.`desiredDiscountRate from bondora`.`investment_payload a LEFT JOIN bondora`.`secondary b ON a`.`loanPartId=b`.`loanPartId and a`.`user=b`.`user where a`.`user="mehike" order by` `a`.`signedDate`, `a`.`auctionId`
ERROR - 2016-09-13 10:19:54 --> Severity: Notice --> Undefined offset: 33 C:\xampp\htdocs\bondora\application\views\investments\index.php 880
ERROR - 2016-09-13 10:19:54 --> Severity: Notice --> Undefined offset: 35 C:\xampp\htdocs\bondora\application\views\investments\index.php 880
ERROR - 2016-09-13 10:19:54 --> Severity: Notice --> Undefined offset: 35 C:\xampp\htdocs\bondora\application\views\investments\index.php 880
ERROR - 2016-09-13 10:19:54 --> Severity: Notice --> Undefined offset: 35 C:\xampp\htdocs\bondora\application\views\investments\index.php 880
ERROR - 2016-09-13 10:19:54 --> Severity: Notice --> Undefined offset: 30 C:\xampp\htdocs\bondora\application\views\investments\index.php 880
ERROR - 2016-09-13 10:19:54 --> Severity: Notice --> Undefined offset: 33 C:\xampp\htdocs\bondora\application\views\investments\index.php 880
ERROR - 2016-09-13 10:19:54 --> Severity: Notice --> Undefined offset: 35 C:\xampp\htdocs\bondora\application\views\investments\index.php 880
ERROR - 2016-09-13 10:19:54 --> Severity: Notice --> Undefined offset: 35 C:\xampp\htdocs\bondora\application\views\investments\index.php 880
ERROR - 2016-09-13 10:19:54 --> Severity: Notice --> Undefined offset: 35 C:\xampp\htdocs\bondora\application\views\investments\index.php 880
ERROR - 2016-09-13 10:19:54 --> Severity: Notice --> Undefined offset: 33 C:\xampp\htdocs\bondora\application\views\investments\index.php 880
ERROR - 2016-09-13 10:19:54 --> Severity: Notice --> Undefined offset: 33 C:\xampp\htdocs\bondora\application\views\investments\index.php 880
ERROR - 2016-09-13 10:19:54 --> Severity: Notice --> Undefined offset: 41 C:\xampp\htdocs\bondora\application\views\investments\index.php 880
ERROR - 2016-09-13 10:19:54 --> Severity: Notice --> Undefined offset: 30 C:\xampp\htdocs\bondora\application\views\investments\index.php 880
ERROR - 2016-09-13 10:19:54 --> Severity: Notice --> Undefined offset: 32 C:\xampp\htdocs\bondora\application\views\investments\index.php 880
ERROR - 2016-09-13 10:19:54 --> Severity: Notice --> Undefined offset: 33 C:\xampp\htdocs\bondora\application\views\investments\index.php 880
ERROR - 2016-09-13 10:19:54 --> Severity: Notice --> Undefined offset: 33 C:\xampp\htdocs\bondora\application\views\investments\index.php 880
ERROR - 2016-09-13 10:19:54 --> Severity: Notice --> Undefined offset: 33 C:\xampp\htdocs\bondora\application\views\investments\index.php 880
DEBUG - 2016-09-13 10:19:54 --> Total execution time: 0.1150
DEBUG - 2016-09-13 10:19:54 --> UTF-8 Support Disabled
DEBUG - 2016-09-13 10:19:54 --> Global POST, GET and COOKIE data sanitized
ERROR - 2016-09-13 10:19:54 --> 404 Page Not Found: Investments/bootstrap
DEBUG - 2016-09-13 10:19:56 --> UTF-8 Support Disabled
DEBUG - 2016-09-13 10:19:56 --> Global POST, GET and COOKIE data sanitized
DEBUG - 2016-09-13 10:19:56 --> cURL Class Initialized
DEBUG - 2016-09-13 10:19:56 --> OAuth2 class already loaded. Second attempt ignored.
DEBUG - 2016-09-13 10:19:56 --> C:\xampp\htdocs\bondora\application\libraries/MY_Table.php exists, but does not declare MY_Table
DEBUG - 2016-09-13 10:19:56 --> Session class already loaded. Second attempt ignored.
DEBUG - 2016-09-13 10:19:58 --> UTF-8 Support Disabled
DEBUG - 2016-09-13 10:19:58 --> Global POST, GET and COOKIE data sanitized
DEBUG - 2016-09-13 10:19:58 --> cURL Class Initialized
DEBUG - 2016-09-13 10:19:58 --> OAuth2 class already loaded. Second attempt ignored.
DEBUG - 2016-09-13 10:20:06 --> UTF-8 Support Disabled
DEBUG - 2016-09-13 10:20:06 --> Global POST, GET and COOKIE data sanitized
DEBUG - 2016-09-13 10:20:06 --> cURL Class Initialized
DEBUG - 2016-09-13 10:20:06 --> OAuth2 class already loaded. Second attempt ignored.
DEBUG - 2016-09-13 10:20:09 --> UTF-8 Support Disabled
DEBUG - 2016-09-13 10:20:09 --> Global POST, GET and COOKIE data sanitized
DEBUG - 2016-09-13 10:20:09 --> cURL Class Initialized
DEBUG - 2016-09-13 10:20:09 --> OAuth2 class already loaded. Second attempt ignored.
DEBUG - 2016-09-13 10:20:09 --> C:\xampp\htdocs\bondora\application\libraries/MY_Table.php exists, but does not declare MY_Table
DEBUG - 2016-09-13 10:20:09 --> Session class already loaded. Second attempt ignored.
DEBUG - 2016-09-13 10:20:09 --> SELECT *
FROM `select` `a`.*, `b`.`listedOnDate`, `b`.`xirr`, `b`.`secondaryId`, `b`.`desiredDiscountRate from bondora`.`investment_payload a LEFT JOIN bondora`.`secondary b ON a`.`loanPartId=b`.`loanPartId and a`.`user=b`.`user where a`.`user="mehike" order by` `a`.`signedDate`, `a`.`auctionId`
ERROR - 2016-09-13 10:20:09 --> Severity: Notice --> Undefined offset: 33 C:\xampp\htdocs\bondora\application\views\investments\index.php 880
ERROR - 2016-09-13 10:20:09 --> Severity: Notice --> Undefined offset: 35 C:\xampp\htdocs\bondora\application\views\investments\index.php 880
ERROR - 2016-09-13 10:20:09 --> Severity: Notice --> Undefined offset: 35 C:\xampp\htdocs\bondora\application\views\investments\index.php 880
ERROR - 2016-09-13 10:20:09 --> Severity: Notice --> Undefined offset: 35 C:\xampp\htdocs\bondora\application\views\investments\index.php 880
ERROR - 2016-09-13 10:20:09 --> Severity: Notice --> Undefined offset: 30 C:\xampp\htdocs\bondora\application\views\investments\index.php 880
ERROR - 2016-09-13 10:20:09 --> Severity: Notice --> Undefined offset: 33 C:\xampp\htdocs\bondora\application\views\investments\index.php 880
ERROR - 2016-09-13 10:20:09 --> Severity: Notice --> Undefined offset: 35 C:\xampp\htdocs\bondora\application\views\investments\index.php 880
ERROR - 2016-09-13 10:20:09 --> Severity: Notice --> Undefined offset: 35 C:\xampp\htdocs\bondora\application\views\investments\index.php 880
ERROR - 2016-09-13 10:20:09 --> Severity: Notice --> Undefined offset: 35 C:\xampp\htdocs\bondora\application\views\investments\index.php 880
ERROR - 2016-09-13 10:20:09 --> Severity: Notice --> Undefined offset: 33 C:\xampp\htdocs\bondora\application\views\investments\index.php 880
ERROR - 2016-09-13 10:20:09 --> Severity: Notice --> Undefined offset: 33 C:\xampp\htdocs\bondora\application\views\investments\index.php 880
ERROR - 2016-09-13 10:20:09 --> Severity: Notice --> Undefined offset: 41 C:\xampp\htdocs\bondora\application\views\investments\index.php 880
ERROR - 2016-09-13 10:20:09 --> Severity: Notice --> Undefined offset: 30 C:\xampp\htdocs\bondora\application\views\investments\index.php 880
ERROR - 2016-09-13 10:20:09 --> Severity: Notice --> Undefined offset: 32 C:\xampp\htdocs\bondora\application\views\investments\index.php 880
ERROR - 2016-09-13 10:20:09 --> Severity: Notice --> Undefined offset: 33 C:\xampp\htdocs\bondora\application\views\investments\index.php 880
ERROR - 2016-09-13 10:20:09 --> Severity: Notice --> Undefined offset: 33 C:\xampp\htdocs\bondora\application\views\investments\index.php 880
ERROR - 2016-09-13 10:20:09 --> Severity: Notice --> Undefined offset: 33 C:\xampp\htdocs\bondora\application\views\investments\index.php 880
DEBUG - 2016-09-13 10:20:09 --> Total execution time: 0.4580
DEBUG - 2016-09-13 10:20:09 --> UTF-8 Support Disabled
DEBUG - 2016-09-13 10:20:09 --> Global POST, GET and COOKIE data sanitized
ERROR - 2016-09-13 10:20:09 --> 404 Page Not Found: Investments/bootstrap
DEBUG - 2016-09-13 10:20:14 --> UTF-8 Support Disabled
DEBUG - 2016-09-13 10:20:14 --> Global POST, GET and COOKIE data sanitized
DEBUG - 2016-09-13 10:20:14 --> cURL Class Initialized
DEBUG - 2016-09-13 10:20:14 --> OAuth2 class already loaded. Second attempt ignored.
DEBUG - 2016-09-13 10:20:14 --> C:\xampp\htdocs\bondora\application\libraries/MY_Table.php exists, but does not declare MY_Table
DEBUG - 2016-09-13 10:20:14 --> Session class already loaded. Second attempt ignored.
DEBUG - 2016-09-13 10:20:16 --> SELECT *
FROM `select` `a`.*, `b`.`listedOnDate`, `b`.`xirr`, `b`.`secondaryId`, `b`.`desiredDiscountRate from bondora`.`investment_payload a LEFT JOIN bondora`.`secondary b ON a`.`loanPartId=b`.`loanPartId and a`.`user=b`.`user where a`.`user="mehike" order by` `a`.`signedDate`, `a`.`auctionId`
ERROR - 2016-09-13 10:20:16 --> Severity: Notice --> Undefined offset: 33 C:\xampp\htdocs\bondora\application\views\investments\index.php 880
ERROR - 2016-09-13 10:20:16 --> Severity: Notice --> Undefined offset: 35 C:\xampp\htdocs\bondora\application\views\investments\index.php 880
ERROR - 2016-09-13 10:20:16 --> Severity: Notice --> Undefined offset: 35 C:\xampp\htdocs\bondora\application\views\investments\index.php 880
ERROR - 2016-09-13 10:20:16 --> Severity: Notice --> Undefined offset: 35 C:\xampp\htdocs\bondora\application\views\investments\index.php 880
ERROR - 2016-09-13 10:20:16 --> Severity: Notice --> Undefined offset: 33 C:\xampp\htdocs\bondora\application\views\investments\index.php 880
ERROR - 2016-09-13 10:20:16 --> Severity: Notice --> Undefined offset: 35 C:\xampp\htdocs\bondora\application\views\investments\index.php 880
ERROR - 2016-09-13 10:20:16 --> Severity: Notice --> Undefined offset: 35 C:\xampp\htdocs\bondora\application\views\investments\index.php 880
ERROR - 2016-09-13 10:20:16 --> Severity: Notice --> Undefined offset: 35 C:\xampp\htdocs\bondora\application\views\investments\index.php 880
ERROR - 2016-09-13 10:20:16 --> Severity: Notice --> Undefined offset: 33 C:\xampp\htdocs\bondora\application\views\investments\index.php 880
ERROR - 2016-09-13 10:20:16 --> Severity: Notice --> Undefined offset: 33 C:\xampp\htdocs\bondora\application\views\investments\index.php 880
ERROR - 2016-09-13 10:20:16 --> Severity: Notice --> Undefined offset: 41 C:\xampp\htdocs\bondora\application\views\investments\index.php 880
ERROR - 2016-09-13 10:20:16 --> Severity: Notice --> Undefined offset: 32 C:\xampp\htdocs\bondora\application\views\investments\index.php 880
ERROR - 2016-09-13 10:20:16 --> Severity: Notice --> Undefined offset: 33 C:\xampp\htdocs\bondora\application\views\investments\index.php 880
ERROR - 2016-09-13 10:20:16 --> Severity: Notice --> Undefined offset: 33 C:\xampp\htdocs\bondora\application\views\investments\index.php 880
ERROR - 2016-09-13 10:20:16 --> Severity: Notice --> Undefined offset: 33 C:\xampp\htdocs\bondora\application\views\investments\index.php 880
DEBUG - 2016-09-13 10:20:16 --> Total execution time: 2.4983
DEBUG - 2016-09-13 10:20:16 --> UTF-8 Support Disabled
DEBUG - 2016-09-13 10:20:16 --> Global POST, GET and COOKIE data sanitized
ERROR - 2016-09-13 10:20:16 --> 404 Page Not Found: Investments/bootstrap
DEBUG - 2016-09-13 10:20:19 --> UTF-8 Support Disabled
DEBUG - 2016-09-13 10:20:19 --> Global POST, GET and COOKIE data sanitized
DEBUG - 2016-09-13 10:20:19 --> cURL Class Initialized
DEBUG - 2016-09-13 10:20:19 --> OAuth2 class already loaded. Second attempt ignored.
DEBUG - 2016-09-13 10:20:19 --> C:\xampp\htdocs\bondora\application\libraries/MY_Table.php exists, but does not declare MY_Table
DEBUG - 2016-09-13 10:20:19 --> Session class already loaded. Second attempt ignored.
DEBUG - 2016-09-13 10:20:20 --> Total execution time: 0.6211
DEBUG - 2016-09-13 10:20:20 --> UTF-8 Support Disabled
DEBUG - 2016-09-13 10:20:20 --> Global POST, GET and COOKIE data sanitized
DEBUG - 2016-09-13 10:20:20 --> cURL Class Initialized
DEBUG - 2016-09-13 10:20:20 --> OAuth2 class already loaded. Second attempt ignored.
DEBUG - 2016-09-13 10:20:20 --> C:\xampp\htdocs\bondora\application\libraries/MY_Table.php exists, but does not declare MY_Table
DEBUG - 2016-09-13 10:20:20 --> Session class already loaded. Second attempt ignored.
DEBUG - 2016-09-13 10:20:20 --> Total execution time: 0.4090
DEBUG - 2016-09-13 10:20:23 --> UTF-8 Support Disabled
DEBUG - 2016-09-13 10:20:23 --> Global POST, GET and COOKIE data sanitized
DEBUG - 2016-09-13 10:20:23 --> cURL Class Initialized
DEBUG - 2016-09-13 10:20:23 --> OAuth2 class already loaded. Second attempt ignored.
DEBUG - 2016-09-13 10:20:23 --> C:\xampp\htdocs\bondora\application\libraries/MY_Table.php exists, but does not declare MY_Table
DEBUG - 2016-09-13 10:20:23 --> Session class already loaded. Second attempt ignored.
DEBUG - 2016-09-13 10:20:23 --> Total execution time: 0.7391
DEBUG - 2016-09-13 10:20:24 --> UTF-8 Support Disabled
DEBUG - 2016-09-13 10:20:24 --> Global POST, GET and COOKIE data sanitized
DEBUG - 2016-09-13 10:20:24 --> cURL Class Initialized
DEBUG - 2016-09-13 10:20:24 --> OAuth2 class already loaded. Second attempt ignored.
DEBUG - 2016-09-13 10:20:24 --> C:\xampp\htdocs\bondora\application\libraries/MY_Table.php exists, but does not declare MY_Table
DEBUG - 2016-09-13 10:20:24 --> Session class already loaded. Second attempt ignored.
DEBUG - 2016-09-13 10:20:24 --> Total execution time: 0.3250
DEBUG - 2016-09-13 10:20:30 --> UTF-8 Support Disabled
DEBUG - 2016-09-13 10:20:30 --> Global POST, GET and COOKIE data sanitized
DEBUG - 2016-09-13 10:20:30 --> cURL Class Initialized
DEBUG - 2016-09-13 10:20:30 --> OAuth2 class already loaded. Second attempt ignored.
DEBUG - 2016-09-13 10:20:30 --> C:\xampp\htdocs\bondora\application\libraries/MY_Table.php exists, but does not declare MY_Table
DEBUG - 2016-09-13 10:20:30 --> Session class already loaded. Second attempt ignored.
DEBUG - 2016-09-13 10:20:31 --> Total execution time: 0.7771
DEBUG - 2016-09-13 10:20:31 --> UTF-8 Support Disabled
DEBUG - 2016-09-13 10:20:31 --> Global POST, GET and COOKIE data sanitized
DEBUG - 2016-09-13 10:20:31 --> cURL Class Initialized
DEBUG - 2016-09-13 10:20:31 --> OAuth2 class already loaded. Second attempt ignored.
DEBUG - 2016-09-13 10:20:31 --> C:\xampp\htdocs\bondora\application\libraries/MY_Table.php exists, but does not declare MY_Table
DEBUG - 2016-09-13 10:20:31 --> Session class already loaded. Second attempt ignored.
DEBUG - 2016-09-13 10:20:32 --> Total execution time: 0.3780
DEBUG - 2016-09-13 10:20:35 --> UTF-8 Support Disabled
DEBUG - 2016-09-13 10:20:35 --> Global POST, GET and COOKIE data sanitized
DEBUG - 2016-09-13 10:20:35 --> cURL Class Initialized
DEBUG - 2016-09-13 10:20:35 --> OAuth2 class already loaded. Second attempt ignored.
DEBUG - 2016-09-13 10:20:35 --> C:\xampp\htdocs\bondora\application\libraries/MY_Table.php exists, but does not declare MY_Table
DEBUG - 2016-09-13 10:20:35 --> Session class already loaded. Second attempt ignored.
DEBUG - 2016-09-13 10:20:35 --> Total execution time: 0.6661
DEBUG - 2016-09-13 10:20:35 --> UTF-8 Support Disabled
DEBUG - 2016-09-13 10:20:35 --> Global POST, GET and COOKIE data sanitized
DEBUG - 2016-09-13 10:20:35 --> cURL Class Initialized
DEBUG - 2016-09-13 10:20:35 --> OAuth2 class already loaded. Second attempt ignored.
DEBUG - 2016-09-13 10:20:35 --> C:\xampp\htdocs\bondora\application\libraries/MY_Table.php exists, but does not declare MY_Table
DEBUG - 2016-09-13 10:20:35 --> Session class already loaded. Second attempt ignored.
DEBUG - 2016-09-13 10:20:36 --> Total execution time: 0.3610
DEBUG - 2016-09-13 10:20:40 --> UTF-8 Support Disabled
DEBUG - 2016-09-13 10:20:40 --> Global POST, GET and COOKIE data sanitized
DEBUG - 2016-09-13 10:20:40 --> cURL Class Initialized
DEBUG - 2016-09-13 10:20:40 --> OAuth2 class already loaded. Second attempt ignored.
DEBUG - 2016-09-13 10:20:40 --> C:\xampp\htdocs\bondora\application\libraries/MY_Table.php exists, but does not declare MY_Table
DEBUG - 2016-09-13 10:20:40 --> Session class already loaded. Second attempt ignored.
DEBUG - 2016-09-13 10:20:40 --> Total execution time: 0.6461
DEBUG - 2016-09-13 10:20:40 --> UTF-8 Support Disabled
DEBUG - 2016-09-13 10:20:40 --> Global POST, GET and COOKIE data sanitized
DEBUG - 2016-09-13 10:20:40 --> cURL Class Initialized
DEBUG - 2016-09-13 10:20:40 --> OAuth2 class already loaded. Second attempt ignored.
DEBUG - 2016-09-13 10:20:41 --> C:\xampp\htdocs\bondora\application\libraries/MY_Table.php exists, but does not declare MY_Table
DEBUG - 2016-09-13 10:20:41 --> Session class already loaded. Second attempt ignored.
DEBUG - 2016-09-13 10:20:41 --> Total execution time: 0.3840
DEBUG - 2016-09-13 10:20:46 --> UTF-8 Support Disabled
DEBUG - 2016-09-13 10:20:46 --> Global POST, GET and COOKIE data sanitized
DEBUG - 2016-09-13 10:20:46 --> cURL Class Initialized
DEBUG - 2016-09-13 10:20:46 --> OAuth2 class already loaded. Second attempt ignored.
DEBUG - 2016-09-13 10:20:46 --> C:\xampp\htdocs\bondora\application\libraries/MY_Table.php exists, but does not declare MY_Table
DEBUG - 2016-09-13 10:20:46 --> Session class already loaded. Second attempt ignored.
DEBUG - 2016-09-13 10:20:47 --> Total execution time: 0.6351
DEBUG - 2016-09-13 10:20:47 --> UTF-8 Support Disabled
DEBUG - 2016-09-13 10:20:47 --> Global POST, GET and COOKIE data sanitized
DEBUG - 2016-09-13 10:20:47 --> cURL Class Initialized
DEBUG - 2016-09-13 10:20:47 --> OAuth2 class already loaded. Second attempt ignored.
DEBUG - 2016-09-13 10:20:47 --> C:\xampp\htdocs\bondora\application\libraries/MY_Table.php exists, but does not declare MY_Table
DEBUG - 2016-09-13 10:20:47 --> Session class already loaded. Second attempt ignored.
DEBUG - 2016-09-13 10:20:47 --> Total execution time: 0.4380
DEBUG - 2016-09-13 10:20:50 --> UTF-8 Support Disabled
DEBUG - 2016-09-13 10:20:50 --> Global POST, GET and COOKIE data sanitized
DEBUG - 2016-09-13 10:20:50 --> cURL Class Initialized
DEBUG - 2016-09-13 10:20:50 --> OAuth2 class already loaded. Second attempt ignored.
DEBUG - 2016-09-13 10:20:50 --> C:\xampp\htdocs\bondora\application\libraries/MY_Table.php exists, but does not declare MY_Table
DEBUG - 2016-09-13 10:20:50 --> Session class already loaded. Second attempt ignored.
DEBUG - 2016-09-13 10:20:50 --> Total execution time: 0.8081
DEBUG - 2016-09-13 10:20:51 --> UTF-8 Support Disabled
DEBUG - 2016-09-13 10:20:51 --> Global POST, GET and COOKIE data sanitized
DEBUG - 2016-09-13 10:20:51 --> cURL Class Initialized
DEBUG - 2016-09-13 10:20:51 --> OAuth2 class already loaded. Second attempt ignored.
DEBUG - 2016-09-13 10:20:51 --> C:\xampp\htdocs\bondora\application\libraries/MY_Table.php exists, but does not declare MY_Table
DEBUG - 2016-09-13 10:20:51 --> Session class already loaded. Second attempt ignored.
DEBUG - 2016-09-13 10:20:51 --> Total execution time: 0.4900
DEBUG - 2016-09-13 10:20:55 --> UTF-8 Support Disabled
DEBUG - 2016-09-13 10:20:55 --> Global POST, GET and COOKIE data sanitized
DEBUG - 2016-09-13 10:20:55 --> cURL Class Initialized
DEBUG - 2016-09-13 10:20:55 --> OAuth2 class already loaded. Second attempt ignored.
DEBUG - 2016-09-13 10:20:55 --> C:\xampp\htdocs\bondora\application\libraries/MY_Table.php exists, but does not declare MY_Table
DEBUG - 2016-09-13 10:20:55 --> Session class already loaded. Second attempt ignored.
DEBUG - 2016-09-13 10:20:55 --> Total execution time: 0.6991
DEBUG - 2016-09-13 10:20:56 --> UTF-8 Support Disabled
DEBUG - 2016-09-13 10:20:56 --> Global POST, GET and COOKIE data sanitized
DEBUG - 2016-09-13 10:20:56 --> cURL Class Initialized
DEBUG - 2016-09-13 10:20:56 --> OAuth2 class already loaded. Second attempt ignored.
DEBUG - 2016-09-13 10:20:56 --> C:\xampp\htdocs\bondora\application\libraries/MY_Table.php exists, but does not declare MY_Table
DEBUG - 2016-09-13 10:20:56 --> Session class already loaded. Second attempt ignored.
DEBUG - 2016-09-13 10:20:56 --> Total execution time: 0.3670
DEBUG - 2016-09-13 10:21:00 --> UTF-8 Support Disabled
DEBUG - 2016-09-13 10:21:00 --> Global POST, GET and COOKIE data sanitized
DEBUG - 2016-09-13 10:21:00 --> cURL Class Initialized
DEBUG - 2016-09-13 10:21:00 --> OAuth2 class already loaded. Second attempt ignored.
DEBUG - 2016-09-13 10:21:00 --> C:\xampp\htdocs\bondora\application\libraries/MY_Table.php exists, but does not declare MY_Table
DEBUG - 2016-09-13 10:21:00 --> Session class already loaded. Second attempt ignored.
DEBUG - 2016-09-13 10:21:01 --> Total execution time: 0.5961
DEBUG - 2016-09-13 10:21:01 --> UTF-8 Support Disabled
DEBUG - 2016-09-13 10:21:01 --> Global POST, GET and COOKIE data sanitized
DEBUG - 2016-09-13 10:21:01 --> cURL Class Initialized
DEBUG - 2016-09-13 10:21:01 --> OAuth2 class already loaded. Second attempt ignored.
DEBUG - 2016-09-13 10:21:01 --> C:\xampp\htdocs\bondora\application\libraries/MY_Table.php exists, but does not declare MY_Table
DEBUG - 2016-09-13 10:21:01 --> Session class already loaded. Second attempt ignored.
DEBUG - 2016-09-13 10:21:01 --> Total execution time: 0.4210
DEBUG - 2016-09-13 10:21:04 --> UTF-8 Support Disabled
DEBUG - 2016-09-13 10:21:04 --> Global POST, GET and COOKIE data sanitized
DEBUG - 2016-09-13 10:21:04 --> cURL Class Initialized
DEBUG - 2016-09-13 10:21:04 --> OAuth2 class already loaded. Second attempt ignored.
DEBUG - 2016-09-13 10:21:04 --> C:\xampp\htdocs\bondora\application\libraries/MY_Table.php exists, but does not declare MY_Table
DEBUG - 2016-09-13 10:21:04 --> Session class already loaded. Second attempt ignored.
DEBUG - 2016-09-13 10:21:04 --> Total execution time: 0.6691
DEBUG - 2016-09-13 10:21:05 --> UTF-8 Support Disabled
DEBUG - 2016-09-13 10:21:05 --> Global POST, GET and COOKIE data sanitized
DEBUG - 2016-09-13 10:21:05 --> cURL Class Initialized
DEBUG - 2016-09-13 10:21:05 --> OAuth2 class already loaded. Second attempt ignored.
DEBUG - 2016-09-13 10:21:05 --> C:\xampp\htdocs\bondora\application\libraries/MY_Table.php exists, but does not declare MY_Table
DEBUG - 2016-09-13 10:21:05 --> Session class already loaded. Second attempt ignored.
DEBUG - 2016-09-13 10:21:05 --> Total execution time: 0.3400
DEBUG - 2016-09-13 10:21:08 --> UTF-8 Support Disabled
DEBUG - 2016-09-13 10:21:08 --> Global POST, GET and COOKIE data sanitized
DEBUG - 2016-09-13 10:21:08 --> cURL Class Initialized
DEBUG - 2016-09-13 10:21:08 --> OAuth2 class already loaded. Second attempt ignored.
DEBUG - 2016-09-13 10:21:08 --> C:\xampp\htdocs\bondora\application\libraries/MY_Table.php exists, but does not declare MY_Table
DEBUG - 2016-09-13 10:21:08 --> Session class already loaded. Second attempt ignored.
DEBUG - 2016-09-13 10:21:09 --> Total execution time: 0.6321
DEBUG - 2016-09-13 10:21:09 --> UTF-8 Support Disabled
DEBUG - 2016-09-13 10:21:09 --> Global POST, GET and COOKIE data sanitized
DEBUG - 2016-09-13 10:21:09 --> cURL Class Initialized
DEBUG - 2016-09-13 10:21:09 --> OAuth2 class already loaded. Second attempt ignored.
DEBUG - 2016-09-13 10:21:09 --> C:\xampp\htdocs\bondora\application\libraries/MY_Table.php exists, but does not declare MY_Table
DEBUG - 2016-09-13 10:21:09 --> Session class already loaded. Second attempt ignored.
DEBUG - 2016-09-13 10:21:09 --> Total execution time: 0.3220
DEBUG - 2016-09-13 10:21:12 --> UTF-8 Support Disabled
DEBUG - 2016-09-13 10:21:12 --> Global POST, GET and COOKIE data sanitized
DEBUG - 2016-09-13 10:21:12 --> cURL Class Initialized
DEBUG - 2016-09-13 10:21:12 --> OAuth2 class already loaded. Second attempt ignored.
DEBUG - 2016-09-13 10:21:12 --> C:\xampp\htdocs\bondora\application\libraries/MY_Table.php exists, but does not declare MY_Table
DEBUG - 2016-09-13 10:21:12 --> Session class already loaded. Second attempt ignored.
DEBUG - 2016-09-13 10:21:13 --> Total execution time: 0.6721
DEBUG - 2016-09-13 10:21:13 --> UTF-8 Support Disabled
DEBUG - 2016-09-13 10:21:13 --> Global POST, GET and COOKIE data sanitized
DEBUG - 2016-09-13 10:21:13 --> cURL Class Initialized
DEBUG - 2016-09-13 10:21:13 --> OAuth2 class already loaded. Second attempt ignored.
DEBUG - 2016-09-13 10:21:13 --> C:\xampp\htdocs\bondora\application\libraries/MY_Table.php exists, but does not declare MY_Table
DEBUG - 2016-09-13 10:21:13 --> Session class already loaded. Second attempt ignored.
DEBUG - 2016-09-13 10:21:14 --> Total execution time: 0.3960
DEBUG - 2016-09-13 10:21:16 --> UTF-8 Support Disabled
DEBUG - 2016-09-13 10:21:16 --> Global POST, GET and COOKIE data sanitized
DEBUG - 2016-09-13 10:21:16 --> cURL Class Initialized
DEBUG - 2016-09-13 10:21:16 --> OAuth2 class already loaded. Second attempt ignored.
DEBUG - 2016-09-13 10:21:16 --> C:\xampp\htdocs\bondora\application\libraries/MY_Table.php exists, but does not declare MY_Table
DEBUG - 2016-09-13 10:21:16 --> Session class already loaded. Second attempt ignored.
DEBUG - 2016-09-13 10:21:17 --> Total execution time: 0.6191
DEBUG - 2016-09-13 10:21:17 --> UTF-8 Support Disabled
DEBUG - 2016-09-13 10:21:17 --> Global POST, GET and COOKIE data sanitized
DEBUG - 2016-09-13 10:21:17 --> cURL Class Initialized
DEBUG - 2016-09-13 10:21:17 --> OAuth2 class already loaded. Second attempt ignored.
DEBUG - 2016-09-13 10:21:17 --> C:\xampp\htdocs\bondora\application\libraries/MY_Table.php exists, but does not declare MY_Table
DEBUG - 2016-09-13 10:21:17 --> Session class already loaded. Second attempt ignored.
DEBUG - 2016-09-13 10:21:17 --> Total execution time: 0.3520
DEBUG - 2016-09-13 10:21:46 --> UTF-8 Support Disabled
DEBUG - 2016-09-13 10:21:46 --> Global POST, GET and COOKIE data sanitized
DEBUG - 2016-09-13 10:21:46 --> cURL Class Initialized
DEBUG - 2016-09-13 10:21:46 --> OAuth2 class already loaded. Second attempt ignored.
DEBUG - 2016-09-13 10:21:46 --> C:\xampp\htdocs\bondora\application\libraries/MY_Table.php exists, but does not declare MY_Table
DEBUG - 2016-09-13 10:21:46 --> Session class already loaded. Second attempt ignored.
DEBUG - 2016-09-13 10:21:46 --> SELECT *
FROM `select` `a`.*, `b`.`listedOnDate`, `b`.`xirr`, `b`.`secondaryId`, `b`.`desiredDiscountRate from bondora`.`investment_payload a LEFT JOIN bondora`.`secondary b ON a`.`loanPartId=b`.`loanPartId WHERE a`.`id=4471 and user="mehike" order by` `a`.`signedDate`, `a`.`auctionId`
DEBUG - 2016-09-13 10:21:46 --> SELECT *
FROM `select` `a`.*, `b`.`listedOnDate`, `b`.`xirr`, `b`.`secondaryId`, `b`.`desiredDiscountRate from bondora`.`investment_payload a LEFT JOIN bondora`.`secondary b ON a`.`loanPartId=b`.`loanPartId WHERE a`.`id=4443 and user="mehike" order by` `a`.`signedDate`, `a`.`auctionId`
DEBUG - 2016-09-13 10:21:46 --> SELECT *
FROM `select` `a`.*, `b`.`listedOnDate`, `b`.`xirr`, `b`.`secondaryId`, `b`.`desiredDiscountRate from bondora`.`investment_payload a LEFT JOIN bondora`.`secondary b ON a`.`loanPartId=b`.`loanPartId WHERE a`.`id=4453 and user="mehike" order by` `a`.`signedDate`, `a`.`auctionId`
DEBUG - 2016-09-13 10:21:46 --> SELECT *
FROM `select` `a`.*, `b`.`listedOnDate`, `b`.`xirr`, `b`.`secondaryId`, `b`.`desiredDiscountRate from bondora`.`investment_payload a LEFT JOIN bondora`.`secondary b ON a`.`loanPartId=b`.`loanPartId WHERE a`.`id=4449 and user="mehike" order by` `a`.`signedDate`, `a`.`auctionId`
DEBUG - 2016-09-13 10:21:46 --> SELECT *
FROM `select` `a`.*, `b`.`listedOnDate`, `b`.`xirr`, `b`.`secondaryId`, `b`.`desiredDiscountRate from bondora`.`investment_payload a LEFT JOIN bondora`.`secondary b ON a`.`loanPartId=b`.`loanPartId WHERE a`.`id=4451 and user="mehike" order by` `a`.`signedDate`, `a`.`auctionId`
DEBUG - 2016-09-13 10:21:46 --> SELECT *
FROM `select` `a`.*, `b`.`listedOnDate`, `b`.`xirr`, `b`.`secondaryId`, `b`.`desiredDiscountRate from bondora`.`investment_payload a LEFT JOIN bondora`.`secondary b ON a`.`loanPartId=b`.`loanPartId WHERE a`.`id=4455 and user="mehike" order by` `a`.`signedDate`, `a`.`auctionId`
DEBUG - 2016-09-13 10:21:46 --> SELECT *
FROM `select` `a`.*, `b`.`listedOnDate`, `b`.`xirr`, `b`.`secondaryId`, `b`.`desiredDiscountRate from bondora`.`investment_payload a LEFT JOIN bondora`.`secondary b ON a`.`loanPartId=b`.`loanPartId WHERE a`.`id=4469 and user="mehike" order by` `a`.`signedDate`, `a`.`auctionId`
DEBUG - 2016-09-13 10:21:46 --> SELECT *
FROM `select` `a`.*, `b`.`listedOnDate`, `b`.`xirr`, `b`.`secondaryId`, `b`.`desiredDiscountRate from bondora`.`investment_payload a LEFT JOIN bondora`.`secondary b ON a`.`loanPartId=b`.`loanPartId WHERE a`.`id=4470 and user="mehike" order by` `a`.`signedDate`, `a`.`auctionId`
DEBUG - 2016-09-13 10:21:46 --> SELECT *
FROM `select` `a`.*, `b`.`listedOnDate`, `b`.`xirr`, `b`.`secondaryId`, `b`.`desiredDiscountRate from bondora`.`investment_payload a LEFT JOIN bondora`.`secondary b ON a`.`loanPartId=b`.`loanPartId WHERE a`.`id=4458 and user="mehike" order by` `a`.`signedDate`, `a`.`auctionId`
DEBUG - 2016-09-13 10:21:46 --> SELECT *
FROM `select` `a`.*, `b`.`listedOnDate`, `b`.`xirr`, `b`.`secondaryId`, `b`.`desiredDiscountRate from bondora`.`investment_payload a LEFT JOIN bondora`.`secondary b ON a`.`loanPartId=b`.`loanPartId WHERE a`.`id=4462 and user="mehike" order by` `a`.`signedDate`, `a`.`auctionId`
DEBUG - 2016-09-13 10:21:46 --> SELECT *
FROM `select` `a`.*, `b`.`listedOnDate`, `b`.`xirr`, `b`.`secondaryId`, `b`.`desiredDiscountRate from bondora`.`investment_payload a LEFT JOIN bondora`.`secondary b ON a`.`loanPartId=b`.`loanPartId WHERE a`.`id=4464 and user="mehike" order by` `a`.`signedDate`, `a`.`auctionId`
DEBUG - 2016-09-13 10:21:46 --> SELECT *
FROM `select` `a`.*, `b`.`listedOnDate`, `b`.`xirr`, `b`.`secondaryId`, `b`.`desiredDiscountRate from bondora`.`investment_payload a LEFT JOIN bondora`.`secondary b ON a`.`loanPartId=b`.`loanPartId WHERE a`.`id=4468 and user="mehike" order by` `a`.`signedDate`, `a`.`auctionId`
DEBUG - 2016-09-13 10:21:46 --> SELECT *
FROM `select` `a`.*, `b`.`listedOnDate`, `b`.`xirr`, `b`.`secondaryId`, `b`.`desiredDiscountRate from bondora`.`investment_payload a LEFT JOIN bondora`.`secondary b ON a`.`loanPartId=b`.`loanPartId WHERE a`.`id=4463 and user="mehike" order by` `a`.`signedDate`, `a`.`auctionId`
DEBUG - 2016-09-13 10:21:53 --> Total execution time: 6.9367
DEBUG - 2016-09-13 10:21:53 --> UTF-8 Support Disabled
DEBUG - 2016-09-13 10:21:53 --> Global POST, GET and COOKIE data sanitized
ERROR - 2016-09-13 10:21:53 --> 404 Page Not Found: Investments/bootstrap
DEBUG - 2016-09-13 10:21:57 --> UTF-8 Support Disabled
DEBUG - 2016-09-13 10:21:57 --> Global POST, GET and COOKIE data sanitized
DEBUG - 2016-09-13 10:21:57 --> cURL Class Initialized
DEBUG - 2016-09-13 10:21:57 --> OAuth2 class already loaded. Second attempt ignored.
DEBUG - 2016-09-13 10:21:57 --> C:\xampp\htdocs\bondora\application\libraries/MY_Table.php exists, but does not declare MY_Table
DEBUG - 2016-09-13 10:21:57 --> Session class already loaded. Second attempt ignored.
DEBUG - 2016-09-13 10:21:57 --> SELECT *
FROM `select` `a`.*, `b`.`listedOnDate`, `b`.`xirr`, `b`.`secondaryId`, `b`.`desiredDiscountRate from bondora`.`investment_payload a LEFT JOIN bondora`.`secondary b ON a`.`loanPartId=b`.`loanPartId and a`.`user=b`.`user where a`.`user="mehike" order by` `a`.`signedDate`, `a`.`auctionId`
ERROR - 2016-09-13 10:21:57 --> Severity: Notice --> Undefined offset: 33 C:\xampp\htdocs\bondora\application\views\investments\index.php 880
ERROR - 2016-09-13 10:21:57 --> Severity: Notice --> Undefined offset: 35 C:\xampp\htdocs\bondora\application\views\investments\index.php 880
ERROR - 2016-09-13 10:21:57 --> Severity: Notice --> Undefined offset: 35 C:\xampp\htdocs\bondora\application\views\investments\index.php 880
ERROR - 2016-09-13 10:21:57 --> Severity: Notice --> Undefined offset: 35 C:\xampp\htdocs\bondora\application\views\investments\index.php 880
ERROR - 2016-09-13 10:21:57 --> Severity: Notice --> Undefined offset: 30 C:\xampp\htdocs\bondora\application\views\investments\index.php 880
ERROR - 2016-09-13 10:21:57 --> Severity: Notice --> Undefined offset: 33 C:\xampp\htdocs\bondora\application\views\investments\index.php 880
ERROR - 2016-09-13 10:21:57 --> Severity: Notice --> Undefined offset: 35 C:\xampp\htdocs\bondora\application\views\investments\index.php 880
ERROR - 2016-09-13 10:21:57 --> Severity: Notice --> Undefined offset: 35 C:\xampp\htdocs\bondora\application\views\investments\index.php 880
ERROR - 2016-09-13 10:21:57 --> Severity: Notice --> Undefined offset: 35 C:\xampp\htdocs\bondora\application\views\investments\index.php 880
ERROR - 2016-09-13 10:21:57 --> Severity: Notice --> Undefined offset: 33 C:\xampp\htdocs\bondora\application\views\investments\index.php 880
ERROR - 2016-09-13 10:21:57 --> Severity: Notice --> Undefined offset: 33 C:\xampp\htdocs\bondora\application\views\investments\index.php 880
ERROR - 2016-09-13 10:21:57 --> Severity: Notice --> Undefined offset: 41 C:\xampp\htdocs\bondora\application\views\investments\index.php 880
ERROR - 2016-09-13 10:21:57 --> Severity: Notice --> Undefined offset: 30 C:\xampp\htdocs\bondora\application\views\investments\index.php 880
ERROR - 2016-09-13 10:21:57 --> Severity: Notice --> Undefined offset: 32 C:\xampp\htdocs\bondora\application\views\investments\index.php 880
ERROR - 2016-09-13 10:21:57 --> Severity: Notice --> Undefined offset: 33 C:\xampp\htdocs\bondora\application\views\investments\index.php 880
ERROR - 2016-09-13 10:21:57 --> Severity: Notice --> Undefined offset: 33 C:\xampp\htdocs\bondora\application\views\investments\index.php 880
ERROR - 2016-09-13 10:21:57 --> Severity: Notice --> Undefined offset: 33 C:\xampp\htdocs\bondora\application\views\investments\index.php 880
DEBUG - 2016-09-13 10:21:57 --> Total execution time: 0.1170
DEBUG - 2016-09-13 10:21:57 --> UTF-8 Support Disabled
DEBUG - 2016-09-13 10:21:57 --> Global POST, GET and COOKIE data sanitized
ERROR - 2016-09-13 10:21:57 --> 404 Page Not Found: Investments/bootstrap
DEBUG - 2016-09-13 10:21:59 --> UTF-8 Support Disabled
DEBUG - 2016-09-13 10:21:59 --> Global POST, GET and COOKIE data sanitized
DEBUG - 2016-09-13 10:21:59 --> cURL Class Initialized
DEBUG - 2016-09-13 10:21:59 --> OAuth2 class already loaded. Second attempt ignored.
DEBUG - 2016-09-13 10:21:59 --> C:\xampp\htdocs\bondora\application\libraries/MY_Table.php exists, but does not declare MY_Table
DEBUG - 2016-09-13 10:21:59 --> Session class already loaded. Second attempt ignored.
DEBUG - 2016-09-13 10:22:00 --> SELECT *
FROM `select` `a`.*, `b`.`listedOnDate`, `b`.`xirr`, `b`.`secondaryId`, `b`.`desiredDiscountRate from bondora`.`investment_payload a LEFT JOIN bondora`.`secondary b ON a`.`loanPartId=b`.`loanPartId and a`.`user=b`.`user where a`.`user="mehike" order by` `a`.`signedDate`, `a`.`auctionId`
ERROR - 2016-09-13 10:22:00 --> Severity: Notice --> Undefined offset: 33 C:\xampp\htdocs\bondora\application\views\investments\index.php 880
ERROR - 2016-09-13 10:22:00 --> Severity: Notice --> Undefined offset: 35 C:\xampp\htdocs\bondora\application\views\investments\index.php 880
ERROR - 2016-09-13 10:22:00 --> Severity: Notice --> Undefined offset: 35 C:\xampp\htdocs\bondora\application\views\investments\index.php 880
ERROR - 2016-09-13 10:22:00 --> Severity: Notice --> Undefined offset: 35 C:\xampp\htdocs\bondora\application\views\investments\index.php 880
ERROR - 2016-09-13 10:22:00 --> Severity: Notice --> Undefined offset: 33 C:\xampp\htdocs\bondora\application\views\investments\index.php 880
ERROR - 2016-09-13 10:22:00 --> Severity: Notice --> Undefined offset: 35 C:\xampp\htdocs\bondora\application\views\investments\index.php 880
ERROR - 2016-09-13 10:22:00 --> Severity: Notice --> Undefined offset: 35 C:\xampp\htdocs\bondora\application\views\investments\index.php 880
ERROR - 2016-09-13 10:22:00 --> Severity: Notice --> Undefined offset: 35 C:\xampp\htdocs\bondora\application\views\investments\index.php 880
ERROR - 2016-09-13 10:22:00 --> Severity: Notice --> Undefined offset: 33 C:\xampp\htdocs\bondora\application\views\investments\index.php 880
ERROR - 2016-09-13 10:22:00 --> Severity: Notice --> Undefined offset: 33 C:\xampp\htdocs\bondora\application\views\investments\index.php 880
ERROR - 2016-09-13 10:22:00 --> Severity: Notice --> Undefined offset: 41 C:\xampp\htdocs\bondora\application\views\investments\index.php 880
ERROR - 2016-09-13 10:22:00 --> Severity: Notice --> Undefined offset: 32 C:\xampp\htdocs\bondora\application\views\investments\index.php 880
ERROR - 2016-09-13 10:22:00 --> Severity: Notice --> Undefined offset: 33 C:\xampp\htdocs\bondora\application\views\investments\index.php 880
ERROR - 2016-09-13 10:22:00 --> Severity: Notice --> Undefined offset: 33 C:\xampp\htdocs\bondora\application\views\investments\index.php 880
ERROR - 2016-09-13 10:22:00 --> Severity: Notice --> Undefined offset: 33 C:\xampp\htdocs\bondora\application\views\investments\index.php 880
DEBUG - 2016-09-13 10:22:01 --> Total execution time: 1.7222
DEBUG - 2016-09-13 10:22:01 --> UTF-8 Support Disabled
DEBUG - 2016-09-13 10:22:01 --> Global POST, GET and COOKIE data sanitized
ERROR - 2016-09-13 10:22:01 --> 404 Page Not Found: Investments/bootstrap
DEBUG - 2016-09-13 10:22:06 --> UTF-8 Support Disabled
DEBUG - 2016-09-13 10:22:06 --> Global POST, GET and COOKIE data sanitized
DEBUG - 2016-09-13 10:22:06 --> cURL Class Initialized
DEBUG - 2016-09-13 10:22:06 --> OAuth2 class already loaded. Second attempt ignored.
DEBUG - 2016-09-13 10:22:06 --> C:\xampp\htdocs\bondora\application\libraries/MY_Table.php exists, but does not declare MY_Table
DEBUG - 2016-09-13 10:22:06 --> Session class already loaded. Second attempt ignored.
DEBUG - 2016-09-13 10:22:07 --> Total execution time: 0.7251
DEBUG - 2016-09-13 10:22:07 --> UTF-8 Support Disabled
DEBUG - 2016-09-13 10:22:07 --> Global POST, GET and COOKIE data sanitized
DEBUG - 2016-09-13 10:22:07 --> cURL Class Initialized
DEBUG - 2016-09-13 10:22:07 --> OAuth2 class already loaded. Second attempt ignored.
DEBUG - 2016-09-13 10:22:07 --> C:\xampp\htdocs\bondora\application\libraries/MY_Table.php exists, but does not declare MY_Table
DEBUG - 2016-09-13 10:22:07 --> Session class already loaded. Second attempt ignored.
DEBUG - 2016-09-13 10:22:07 --> Total execution time: 0.3390
DEBUG - 2016-09-13 10:22:17 --> UTF-8 Support Disabled
DEBUG - 2016-09-13 10:22:17 --> Global POST, GET and COOKIE data sanitized
DEBUG - 2016-09-13 10:22:17 --> cURL Class Initialized
DEBUG - 2016-09-13 10:22:17 --> OAuth2 class already loaded. Second attempt ignored.
DEBUG - 2016-09-13 10:22:17 --> C:\xampp\htdocs\bondora\application\libraries/MY_Table.php exists, but does not declare MY_Table
DEBUG - 2016-09-13 10:22:17 --> Session class already loaded. Second attempt ignored.
DEBUG - 2016-09-13 10:22:17 --> SELECT *
FROM `select` `a`.*, `b`.`listedOnDate`, `b`.`xirr`, `b`.`secondaryId`, `b`.`desiredDiscountRate from bondora`.`investment_payload a LEFT JOIN bondora`.`secondary b ON a`.`loanPartId=b`.`loanPartId WHERE a`.`id=4480 and user="mehike" order by` `a`.`signedDate`, `a`.`auctionId`
DEBUG - 2016-09-13 10:22:19 --> Total execution time: 1.2871
DEBUG - 2016-09-13 10:22:19 --> UTF-8 Support Disabled
DEBUG - 2016-09-13 10:22:19 --> Global POST, GET and COOKIE data sanitized
ERROR - 2016-09-13 10:22:19 --> 404 Page Not Found: Investments/bootstrap
DEBUG - 2016-09-13 10:22:22 --> UTF-8 Support Disabled
DEBUG - 2016-09-13 10:22:22 --> Global POST, GET and COOKIE data sanitized
DEBUG - 2016-09-13 10:22:22 --> cURL Class Initialized
DEBUG - 2016-09-13 10:22:22 --> OAuth2 class already loaded. Second attempt ignored.
DEBUG - 2016-09-13 10:22:22 --> C:\xampp\htdocs\bondora\application\libraries/MY_Table.php exists, but does not declare MY_Table
DEBUG - 2016-09-13 10:22:22 --> Session class already loaded. Second attempt ignored.
DEBUG - 2016-09-13 10:22:22 --> SELECT *
FROM `select` `a`.*, `b`.`listedOnDate`, `b`.`xirr`, `b`.`secondaryId`, `b`.`desiredDiscountRate from bondora`.`investment_payload a LEFT JOIN bondora`.`secondary b ON a`.`loanPartId=b`.`loanPartId and a`.`user=b`.`user where a`.`user="mehike" order by` `a`.`signedDate`, `a`.`auctionId`
ERROR - 2016-09-13 10:22:22 --> Severity: Notice --> Undefined offset: 33 C:\xampp\htdocs\bondora\application\views\investments\index.php 880
ERROR - 2016-09-13 10:22:22 --> Severity: Notice --> Undefined offset: 35 C:\xampp\htdocs\bondora\application\views\investments\index.php 880
ERROR - 2016-09-13 10:22:22 --> Severity: Notice --> Undefined offset: 35 C:\xampp\htdocs\bondora\application\views\investments\index.php 880
ERROR - 2016-09-13 10:22:22 --> Severity: Notice --> Undefined offset: 35 C:\xampp\htdocs\bondora\application\views\investments\index.php 880
ERROR - 2016-09-13 10:22:22 --> Severity: Notice --> Undefined offset: 30 C:\xampp\htdocs\bondora\application\views\investments\index.php 880
ERROR - 2016-09-13 10:22:22 --> Severity: Notice --> Undefined offset: 33 C:\xampp\htdocs\bondora\application\views\investments\index.php 880
ERROR - 2016-09-13 10:22:22 --> Severity: Notice --> Undefined offset: 35 C:\xampp\htdocs\bondora\application\views\investments\index.php 880
ERROR - 2016-09-13 10:22:22 --> Severity: Notice --> Undefined offset: 35 C:\xampp\htdocs\bondora\application\views\investments\index.php 880
ERROR - 2016-09-13 10:22:22 --> Severity: Notice --> Undefined offset: 35 C:\xampp\htdocs\bondora\application\views\investments\index.php 880
ERROR - 2016-09-13 10:22:22 --> Severity: Notice --> Undefined offset: 33 C:\xampp\htdocs\bondora\application\views\investments\index.php 880
ERROR - 2016-09-13 10:22:22 --> Severity: Notice --> Undefined offset: 33 C:\xampp\htdocs\bondora\application\views\investments\index.php 880
ERROR - 2016-09-13 10:22:22 --> Severity: Notice --> Undefined offset: 41 C:\xampp\htdocs\bondora\application\views\investments\index.php 880
ERROR - 2016-09-13 10:22:22 --> Severity: Notice --> Undefined offset: 30 C:\xampp\htdocs\bondora\application\views\investments\index.php 880
ERROR - 2016-09-13 10:22:22 --> Severity: Notice --> Undefined offset: 32 C:\xampp\htdocs\bondora\application\views\investments\index.php 880
ERROR - 2016-09-13 10:22:22 --> Severity: Notice --> Undefined offset: 33 C:\xampp\htdocs\bondora\application\views\investments\index.php 880
ERROR - 2016-09-13 10:22:22 --> Severity: Notice --> Undefined offset: 33 C:\xampp\htdocs\bondora\application\views\investments\index.php 880
ERROR - 2016-09-13 10:22:22 --> Severity: Notice --> Undefined offset: 33 C:\xampp\htdocs\bondora\application\views\investments\index.php 880
DEBUG - 2016-09-13 10:22:22 --> Total execution time: 0.1190
DEBUG - 2016-09-13 10:22:22 --> UTF-8 Support Disabled
DEBUG - 2016-09-13 10:22:22 --> Global POST, GET and COOKIE data sanitized
ERROR - 2016-09-13 10:22:22 --> 404 Page Not Found: Investments/bootstrap
DEBUG - 2016-09-13 10:28:10 --> UTF-8 Support Disabled
DEBUG - 2016-09-13 10:28:10 --> Global POST, GET and COOKIE data sanitized
DEBUG - 2016-09-13 10:28:10 --> cURL Class Initialized
DEBUG - 2016-09-13 10:28:10 --> OAuth2 class already loaded. Second attempt ignored.
DEBUG - 2016-09-13 10:28:10 --> C:\xampp\htdocs\bondora\application\libraries/MY_Table.php exists, but does not declare MY_Table
DEBUG - 2016-09-13 10:28:10 --> Session class already loaded. Second attempt ignored.
DEBUG - 2016-09-13 10:28:11 --> SELECT *
FROM `select` `a`.*, `b`.`listedOnDate`, `b`.`xirr`, `b`.`secondaryId`, `b`.`desiredDiscountRate from bondora`.`investment_payload a LEFT JOIN bondora`.`secondary b ON a`.`loanPartId=b`.`loanPartId and a`.`user=b`.`user where a`.`user="mehike" order by` `a`.`signedDate`, `a`.`auctionId`
ERROR - 2016-09-13 10:28:11 --> Severity: Notice --> Undefined offset: 33 C:\xampp\htdocs\bondora\application\views\investments\index.php 880
ERROR - 2016-09-13 10:28:11 --> Severity: Notice --> Undefined offset: 35 C:\xampp\htdocs\bondora\application\views\investments\index.php 880
ERROR - 2016-09-13 10:28:11 --> Severity: Notice --> Undefined offset: 35 C:\xampp\htdocs\bondora\application\views\investments\index.php 880
ERROR - 2016-09-13 10:28:11 --> Severity: Notice --> Undefined offset: 35 C:\xampp\htdocs\bondora\application\views\investments\index.php 880
ERROR - 2016-09-13 10:28:11 --> Severity: Notice --> Undefined offset: 33 C:\xampp\htdocs\bondora\application\views\investments\index.php 880
ERROR - 2016-09-13 10:28:11 --> Severity: Notice --> Undefined offset: 35 C:\xampp\htdocs\bondora\application\views\investments\index.php 880
ERROR - 2016-09-13 10:28:11 --> Severity: Notice --> Undefined offset: 35 C:\xampp\htdocs\bondora\application\views\investments\index.php 880
ERROR - 2016-09-13 10:28:11 --> Severity: Notice --> Undefined offset: 35 C:\xampp\htdocs\bondora\application\views\investments\index.php 880
ERROR - 2016-09-13 10:28:11 --> Severity: Notice --> Undefined offset: 33 C:\xampp\htdocs\bondora\application\views\investments\index.php 880
ERROR - 2016-09-13 10:28:11 --> Severity: Notice --> Undefined offset: 33 C:\xampp\htdocs\bondora\application\views\investments\index.php 880
ERROR - 2016-09-13 10:28:11 --> Severity: Notice --> Undefined offset: 41 C:\xampp\htdocs\bondora\application\views\investments\index.php 880
ERROR - 2016-09-13 10:28:11 --> Severity: Notice --> Undefined offset: 32 C:\xampp\htdocs\bondora\application\views\investments\index.php 880
ERROR - 2016-09-13 10:28:11 --> Severity: Notice --> Undefined offset: 33 C:\xampp\htdocs\bondora\application\views\investments\index.php 880
ERROR - 2016-09-13 10:28:11 --> Severity: Notice --> Undefined offset: 33 C:\xampp\htdocs\bondora\application\views\investments\index.php 880
ERROR - 2016-09-13 10:28:11 --> Severity: Notice --> Undefined offset: 33 C:\xampp\htdocs\bondora\application\views\investments\index.php 880
DEBUG - 2016-09-13 10:28:11 --> Total execution time: 0.9621
DEBUG - 2016-09-13 10:28:11 --> UTF-8 Support Disabled
DEBUG - 2016-09-13 10:28:11 --> Global POST, GET and COOKIE data sanitized
ERROR - 2016-09-13 10:28:11 --> 404 Page Not Found: Investments/bootstrap
