DEBUG - 2016-08-25 05:55:36 --> UTF-8 Support Disabled
DEBUG - 2016-08-25 05:55:36 --> Global POST, GET and COOKIE data sanitized
DEBUG - 2016-08-25 05:55:36 --> cURL Class Initialized
DEBUG - 2016-08-25 05:55:36 --> OAuth2 class already loaded. Second attempt ignored.
DEBUG - 2016-08-25 05:55:36 --> C:\xampp\htdocs\bondora\application\libraries/MY_Table.php exists, but does not declare MY_Table
DEBUG - 2016-08-25 05:55:36 --> Session class already loaded. Second attempt ignored.
DEBUG - 2016-08-25 05:55:36 --> UTF-8 Support Disabled
DEBUG - 2016-08-25 05:55:36 --> Global POST, GET and COOKIE data sanitized
DEBUG - 2016-08-25 05:55:36 --> cURL Class Initialized
DEBUG - 2016-08-25 05:55:36 --> OAuth2 class already loaded. Second attempt ignored.
DEBUG - 2016-08-25 05:55:36 --> Session class already loaded. Second attempt ignored.
DEBUG - 2016-08-25 05:55:36 --> Total execution time: 0.0540
DEBUG - 2016-08-25 05:55:39 --> UTF-8 Support Disabled
DEBUG - 2016-08-25 05:55:39 --> Global POST, GET and COOKIE data sanitized
DEBUG - 2016-08-25 05:55:39 --> cURL Class Initialized
DEBUG - 2016-08-25 05:55:39 --> OAuth2 class already loaded. Second attempt ignored.
DEBUG - 2016-08-25 05:55:39 --> Session class already loaded. Second attempt ignored.
DEBUG - 2016-08-25 05:55:39 --> UTF-8 Support Disabled
DEBUG - 2016-08-25 05:55:39 --> Global POST, GET and COOKIE data sanitized
DEBUG - 2016-08-25 05:55:39 --> cURL Class Initialized
DEBUG - 2016-08-25 05:55:39 --> OAuth2 class already loaded. Second attempt ignored.
DEBUG - 2016-08-25 05:55:39 --> C:\xampp\htdocs\bondora\application\libraries/MY_Table.php exists, but does not declare MY_Table
DEBUG - 2016-08-25 05:55:39 --> Session class already loaded. Second attempt ignored.
DEBUG - 2016-08-25 05:55:39 --> SELECT *
FROM `select` `a`.*, `b`.`statusCode from auction_payload a LEFT JOIN bid_payload b ON a`.`auctionId=b`.`auctionId and a`.`user=b`.`userName where` `user="mehike"`
DEBUG - 2016-08-25 05:55:39 --> Total execution time: 0.1250
DEBUG - 2016-08-25 05:55:40 --> UTF-8 Support Disabled
DEBUG - 2016-08-25 05:55:40 --> Global POST, GET and COOKIE data sanitized
ERROR - 2016-08-25 05:55:40 --> 404 Page Not Found: Auctions/bootstrap
DEBUG - 2016-08-25 05:56:13 --> UTF-8 Support Disabled
DEBUG - 2016-08-25 05:56:13 --> Global POST, GET and COOKIE data sanitized
DEBUG - 2016-08-25 05:56:13 --> cURL Class Initialized
DEBUG - 2016-08-25 05:56:13 --> OAuth2 class already loaded. Second attempt ignored.
DEBUG - 2016-08-25 05:56:13 --> C:\xampp\htdocs\bondora\application\libraries/MY_Table.php exists, but does not declare MY_Table
DEBUG - 2016-08-25 05:56:13 --> Session class already loaded. Second attempt ignored.
DEBUG - 2016-08-25 05:56:13 --> SELECT *
FROM `select` `a`.*, `b`.`listedOnDate`, `b`.`xirr`, `b`.`secondaryId`, `b`.`desiredDiscountRate from bondora`.`investment_payload a LEFT JOIN bondora`.`secondary b ON a`.`loanPartId=b`.`loanPartId and a`.`user=b`.`user where a`.`user="mehike" order by` `a`.`signedDate`, `a`.`auctionId`
ERROR - 2016-08-25 05:56:13 --> Severity: Notice --> Undefined offset: 33 C:\xampp\htdocs\bondora\application\views\investments\index.php 880
ERROR - 2016-08-25 05:56:13 --> Severity: Notice --> Undefined offset: 33 C:\xampp\htdocs\bondora\application\views\investments\index.php 880
ERROR - 2016-08-25 05:56:13 --> Severity: Notice --> Undefined offset: 33 C:\xampp\htdocs\bondora\application\views\investments\index.php 880
ERROR - 2016-08-25 05:56:13 --> Severity: Notice --> Undefined offset: 31 C:\xampp\htdocs\bondora\application\views\investments\index.php 880
ERROR - 2016-08-25 05:56:13 --> Severity: Notice --> Undefined offset: 33 C:\xampp\htdocs\bondora\application\views\investments\index.php 880
ERROR - 2016-08-25 05:56:13 --> Severity: Notice --> Undefined offset: 33 C:\xampp\htdocs\bondora\application\views\investments\index.php 880
ERROR - 2016-08-25 05:56:13 --> Severity: Notice --> Undefined offset: 30 C:\xampp\htdocs\bondora\application\views\investments\index.php 880
ERROR - 2016-08-25 05:56:13 --> Severity: Notice --> Undefined offset: 33 C:\xampp\htdocs\bondora\application\views\investments\index.php 880
ERROR - 2016-08-25 05:56:13 --> Severity: Notice --> Undefined offset: 33 C:\xampp\htdocs\bondora\application\views\investments\index.php 880
ERROR - 2016-08-25 05:56:13 --> Severity: Notice --> Undefined offset: 32 C:\xampp\htdocs\bondora\application\views\investments\index.php 880
ERROR - 2016-08-25 05:56:13 --> Severity: Notice --> Undefined offset: 33 C:\xampp\htdocs\bondora\application\views\investments\index.php 880
ERROR - 2016-08-25 05:56:13 --> Severity: Notice --> Undefined offset: 33 C:\xampp\htdocs\bondora\application\views\investments\index.php 880
ERROR - 2016-08-25 05:56:13 --> Severity: Notice --> Undefined offset: 33 C:\xampp\htdocs\bondora\application\views\investments\index.php 880
ERROR - 2016-08-25 05:56:13 --> Severity: Notice --> Undefined offset: 41 C:\xampp\htdocs\bondora\application\views\investments\index.php 880
ERROR - 2016-08-25 05:56:13 --> Severity: Notice --> Undefined offset: 30 C:\xampp\htdocs\bondora\application\views\investments\index.php 880
ERROR - 2016-08-25 05:56:13 --> Severity: Notice --> Undefined offset: 31 C:\xampp\htdocs\bondora\application\views\investments\index.php 880
ERROR - 2016-08-25 05:56:13 --> Severity: Notice --> Undefined offset: 33 C:\xampp\htdocs\bondora\application\views\investments\index.php 880
ERROR - 2016-08-25 05:56:13 --> Severity: Notice --> Undefined offset: 33 C:\xampp\htdocs\bondora\application\views\investments\index.php 880
ERROR - 2016-08-25 05:56:13 --> Severity: Notice --> Undefined offset: 33 C:\xampp\htdocs\bondora\application\views\investments\index.php 880
DEBUG - 2016-08-25 05:56:13 --> Total execution time: 0.1010
DEBUG - 2016-08-25 05:56:13 --> UTF-8 Support Disabled
DEBUG - 2016-08-25 05:56:13 --> Global POST, GET and COOKIE data sanitized
ERROR - 2016-08-25 05:56:13 --> 404 Page Not Found: Investments/bootstrap
DEBUG - 2016-08-25 05:56:14 --> UTF-8 Support Disabled
DEBUG - 2016-08-25 05:56:14 --> Global POST, GET and COOKIE data sanitized
DEBUG - 2016-08-25 05:56:14 --> cURL Class Initialized
DEBUG - 2016-08-25 05:56:14 --> OAuth2 class already loaded. Second attempt ignored.
DEBUG - 2016-08-25 05:56:14 --> C:\xampp\htdocs\bondora\application\libraries/MY_Table.php exists, but does not declare MY_Table
DEBUG - 2016-08-25 05:56:14 --> Session class already loaded. Second attempt ignored.
DEBUG - 2016-08-25 05:56:16 --> UTF-8 Support Disabled
DEBUG - 2016-08-25 05:56:16 --> Global POST, GET and COOKIE data sanitized
DEBUG - 2016-08-25 05:56:16 --> cURL Class Initialized
DEBUG - 2016-08-25 05:56:16 --> OAuth2 class already loaded. Second attempt ignored.
DEBUG - 2016-08-25 05:56:21 --> UTF-8 Support Disabled
DEBUG - 2016-08-25 05:56:21 --> Global POST, GET and COOKIE data sanitized
DEBUG - 2016-08-25 05:56:21 --> cURL Class Initialized
DEBUG - 2016-08-25 05:56:21 --> OAuth2 class already loaded. Second attempt ignored.
DEBUG - 2016-08-25 05:56:23 --> UTF-8 Support Disabled
DEBUG - 2016-08-25 05:56:23 --> Global POST, GET and COOKIE data sanitized
DEBUG - 2016-08-25 05:56:24 --> cURL Class Initialized
DEBUG - 2016-08-25 05:56:24 --> OAuth2 class already loaded. Second attempt ignored.
DEBUG - 2016-08-25 05:56:24 --> C:\xampp\htdocs\bondora\application\libraries/MY_Table.php exists, but does not declare MY_Table
DEBUG - 2016-08-25 05:56:24 --> Session class already loaded. Second attempt ignored.
DEBUG - 2016-08-25 05:56:24 --> SELECT *
FROM `select` `a`.*, `b`.`listedOnDate`, `b`.`xirr`, `b`.`secondaryId`, `b`.`desiredDiscountRate from bondora`.`investment_payload a LEFT JOIN bondora`.`secondary b ON a`.`loanPartId=b`.`loanPartId and a`.`user=b`.`user where a`.`user="mehike" order by` `a`.`signedDate`, `a`.`auctionId`
ERROR - 2016-08-25 05:56:24 --> Severity: Notice --> Undefined offset: 33 C:\xampp\htdocs\bondora\application\views\investments\index.php 880
ERROR - 2016-08-25 05:56:24 --> Severity: Notice --> Undefined offset: 33 C:\xampp\htdocs\bondora\application\views\investments\index.php 880
ERROR - 2016-08-25 05:56:24 --> Severity: Notice --> Undefined offset: 33 C:\xampp\htdocs\bondora\application\views\investments\index.php 880
ERROR - 2016-08-25 05:56:24 --> Severity: Notice --> Undefined offset: 31 C:\xampp\htdocs\bondora\application\views\investments\index.php 880
ERROR - 2016-08-25 05:56:24 --> Severity: Notice --> Undefined offset: 33 C:\xampp\htdocs\bondora\application\views\investments\index.php 880
ERROR - 2016-08-25 05:56:24 --> Severity: Notice --> Undefined offset: 33 C:\xampp\htdocs\bondora\application\views\investments\index.php 880
ERROR - 2016-08-25 05:56:24 --> Severity: Notice --> Undefined offset: 30 C:\xampp\htdocs\bondora\application\views\investments\index.php 880
ERROR - 2016-08-25 05:56:24 --> Severity: Notice --> Undefined offset: 33 C:\xampp\htdocs\bondora\application\views\investments\index.php 880
ERROR - 2016-08-25 05:56:24 --> Severity: Notice --> Undefined offset: 33 C:\xampp\htdocs\bondora\application\views\investments\index.php 880
ERROR - 2016-08-25 05:56:24 --> Severity: Notice --> Undefined offset: 32 C:\xampp\htdocs\bondora\application\views\investments\index.php 880
ERROR - 2016-08-25 05:56:24 --> Severity: Notice --> Undefined offset: 33 C:\xampp\htdocs\bondora\application\views\investments\index.php 880
ERROR - 2016-08-25 05:56:24 --> Severity: Notice --> Undefined offset: 33 C:\xampp\htdocs\bondora\application\views\investments\index.php 880
ERROR - 2016-08-25 05:56:24 --> Severity: Notice --> Undefined offset: 33 C:\xampp\htdocs\bondora\application\views\investments\index.php 880
ERROR - 2016-08-25 05:56:24 --> Severity: Notice --> Undefined offset: 41 C:\xampp\htdocs\bondora\application\views\investments\index.php 880
ERROR - 2016-08-25 05:56:24 --> Severity: Notice --> Undefined offset: 30 C:\xampp\htdocs\bondora\application\views\investments\index.php 880
ERROR - 2016-08-25 05:56:24 --> Severity: Notice --> Undefined offset: 31 C:\xampp\htdocs\bondora\application\views\investments\index.php 880
ERROR - 2016-08-25 05:56:24 --> Severity: Notice --> Undefined offset: 33 C:\xampp\htdocs\bondora\application\views\investments\index.php 880
ERROR - 2016-08-25 05:56:24 --> Severity: Notice --> Undefined offset: 33 C:\xampp\htdocs\bondora\application\views\investments\index.php 880
ERROR - 2016-08-25 05:56:24 --> Severity: Notice --> Undefined offset: 33 C:\xampp\htdocs\bondora\application\views\investments\index.php 880
DEBUG - 2016-08-25 05:56:24 --> Total execution time: 0.4050
DEBUG - 2016-08-25 05:56:24 --> UTF-8 Support Disabled
DEBUG - 2016-08-25 05:56:24 --> Global POST, GET and COOKIE data sanitized
ERROR - 2016-08-25 05:56:24 --> 404 Page Not Found: Investments/bootstrap
DEBUG - 2016-08-25 05:56:26 --> UTF-8 Support Disabled
DEBUG - 2016-08-25 05:56:26 --> Global POST, GET and COOKIE data sanitized
DEBUG - 2016-08-25 05:56:26 --> cURL Class Initialized
DEBUG - 2016-08-25 05:56:26 --> OAuth2 class already loaded. Second attempt ignored.
DEBUG - 2016-08-25 05:56:26 --> C:\xampp\htdocs\bondora\application\libraries/MY_Table.php exists, but does not declare MY_Table
DEBUG - 2016-08-25 05:56:26 --> Session class already loaded. Second attempt ignored.
DEBUG - 2016-08-25 05:56:27 --> UTF-8 Support Disabled
DEBUG - 2016-08-25 05:56:27 --> Global POST, GET and COOKIE data sanitized
DEBUG - 2016-08-25 05:56:29 --> SELECT *
FROM `select` `a`.*, `b`.`listedOnDate`, `b`.`xirr`, `b`.`secondaryId`, `b`.`desiredDiscountRate from bondora`.`investment_payload a LEFT JOIN bondora`.`secondary b ON a`.`loanPartId=b`.`loanPartId and a`.`user=b`.`user where a`.`user="mehike" order by` `a`.`signedDate`, `a`.`auctionId`
ERROR - 2016-08-25 05:56:29 --> Severity: Notice --> Undefined offset: 33 C:\xampp\htdocs\bondora\application\views\investments\index.php 880
ERROR - 2016-08-25 05:56:29 --> Severity: Notice --> Undefined offset: 33 C:\xampp\htdocs\bondora\application\views\investments\index.php 880
ERROR - 2016-08-25 05:56:29 --> Severity: Notice --> Undefined offset: 35 C:\xampp\htdocs\bondora\application\views\investments\index.php 880
ERROR - 2016-08-25 05:56:29 --> Severity: Notice --> Undefined offset: 31 C:\xampp\htdocs\bondora\application\views\investments\index.php 880
ERROR - 2016-08-25 05:56:29 --> Severity: Notice --> Undefined offset: 33 C:\xampp\htdocs\bondora\application\views\investments\index.php 880
ERROR - 2016-08-25 05:56:29 --> Severity: Notice --> Undefined offset: 33 C:\xampp\htdocs\bondora\application\views\investments\index.php 880
ERROR - 2016-08-25 05:56:29 --> Severity: Notice --> Undefined offset: 33 C:\xampp\htdocs\bondora\application\views\investments\index.php 880
ERROR - 2016-08-25 05:56:29 --> Severity: Notice --> Undefined offset: 33 C:\xampp\htdocs\bondora\application\views\investments\index.php 880
ERROR - 2016-08-25 05:56:29 --> Severity: Notice --> Undefined offset: 32 C:\xampp\htdocs\bondora\application\views\investments\index.php 880
ERROR - 2016-08-25 05:56:29 --> Severity: Notice --> Undefined offset: 33 C:\xampp\htdocs\bondora\application\views\investments\index.php 880
ERROR - 2016-08-25 05:56:29 --> Severity: Notice --> Undefined offset: 33 C:\xampp\htdocs\bondora\application\views\investments\index.php 880
ERROR - 2016-08-25 05:56:29 --> Severity: Notice --> Undefined offset: 33 C:\xampp\htdocs\bondora\application\views\investments\index.php 880
ERROR - 2016-08-25 05:56:29 --> Severity: Notice --> Undefined offset: 41 C:\xampp\htdocs\bondora\application\views\investments\index.php 880
ERROR - 2016-08-25 05:56:29 --> Severity: Notice --> Undefined offset: 31 C:\xampp\htdocs\bondora\application\views\investments\index.php 880
ERROR - 2016-08-25 05:56:29 --> Severity: Notice --> Undefined offset: 33 C:\xampp\htdocs\bondora\application\views\investments\index.php 880
ERROR - 2016-08-25 05:56:29 --> Severity: Notice --> Undefined offset: 33 C:\xampp\htdocs\bondora\application\views\investments\index.php 880
ERROR - 2016-08-25 05:56:29 --> Severity: Notice --> Undefined offset: 33 C:\xampp\htdocs\bondora\application\views\investments\index.php 880
DEBUG - 2016-08-25 05:56:29 --> Total execution time: 2.1501
DEBUG - 2016-08-25 05:56:29 --> cURL Class Initialized
DEBUG - 2016-08-25 05:56:29 --> OAuth2 class already loaded. Second attempt ignored.
DEBUG - 2016-08-25 05:56:29 --> C:\xampp\htdocs\bondora\application\libraries/MY_Table.php exists, but does not declare MY_Table
DEBUG - 2016-08-25 05:56:29 --> Session class already loaded. Second attempt ignored.
DEBUG - 2016-08-25 05:56:30 --> SELECT *
FROM `select` `a`.*, `b`.`listedOnDate`, `b`.`xirr`, `b`.`secondaryId`, `b`.`desiredDiscountRate from bondora`.`investment_payload a LEFT JOIN bondora`.`secondary b ON a`.`loanPartId=b`.`loanPartId and a`.`user=b`.`user where a`.`user="mehike" order by` `a`.`signedDate`, `a`.`auctionId`
ERROR - 2016-08-25 05:56:30 --> Severity: Notice --> Undefined offset: 33 C:\xampp\htdocs\bondora\application\views\investments\index.php 880
ERROR - 2016-08-25 05:56:30 --> Severity: Notice --> Undefined offset: 33 C:\xampp\htdocs\bondora\application\views\investments\index.php 880
ERROR - 2016-08-25 05:56:30 --> Severity: Notice --> Undefined offset: 35 C:\xampp\htdocs\bondora\application\views\investments\index.php 880
ERROR - 2016-08-25 05:56:30 --> Severity: Notice --> Undefined offset: 31 C:\xampp\htdocs\bondora\application\views\investments\index.php 880
ERROR - 2016-08-25 05:56:30 --> Severity: Notice --> Undefined offset: 33 C:\xampp\htdocs\bondora\application\views\investments\index.php 880
ERROR - 2016-08-25 05:56:30 --> Severity: Notice --> Undefined offset: 33 C:\xampp\htdocs\bondora\application\views\investments\index.php 880
ERROR - 2016-08-25 05:56:30 --> Severity: Notice --> Undefined offset: 33 C:\xampp\htdocs\bondora\application\views\investments\index.php 880
ERROR - 2016-08-25 05:56:30 --> Severity: Notice --> Undefined offset: 33 C:\xampp\htdocs\bondora\application\views\investments\index.php 880
ERROR - 2016-08-25 05:56:30 --> Severity: Notice --> Undefined offset: 32 C:\xampp\htdocs\bondora\application\views\investments\index.php 880
ERROR - 2016-08-25 05:56:30 --> Severity: Notice --> Undefined offset: 33 C:\xampp\htdocs\bondora\application\views\investments\index.php 880
ERROR - 2016-08-25 05:56:30 --> Severity: Notice --> Undefined offset: 33 C:\xampp\htdocs\bondora\application\views\investments\index.php 880
ERROR - 2016-08-25 05:56:30 --> Severity: Notice --> Undefined offset: 33 C:\xampp\htdocs\bondora\application\views\investments\index.php 880
ERROR - 2016-08-25 05:56:30 --> Severity: Notice --> Undefined offset: 41 C:\xampp\htdocs\bondora\application\views\investments\index.php 880
ERROR - 2016-08-25 05:56:30 --> Severity: Notice --> Undefined offset: 31 C:\xampp\htdocs\bondora\application\views\investments\index.php 880
ERROR - 2016-08-25 05:56:30 --> Severity: Notice --> Undefined offset: 33 C:\xampp\htdocs\bondora\application\views\investments\index.php 880
ERROR - 2016-08-25 05:56:30 --> Severity: Notice --> Undefined offset: 33 C:\xampp\htdocs\bondora\application\views\investments\index.php 880
ERROR - 2016-08-25 05:56:30 --> Severity: Notice --> Undefined offset: 33 C:\xampp\htdocs\bondora\application\views\investments\index.php 880
DEBUG - 2016-08-25 05:56:30 --> Total execution time: 2.9142
DEBUG - 2016-08-25 05:56:30 --> UTF-8 Support Disabled
DEBUG - 2016-08-25 05:56:30 --> Global POST, GET and COOKIE data sanitized
ERROR - 2016-08-25 05:56:30 --> 404 Page Not Found: Investments/bootstrap
DEBUG - 2016-08-25 05:56:36 --> UTF-8 Support Disabled
DEBUG - 2016-08-25 05:56:36 --> Global POST, GET and COOKIE data sanitized
DEBUG - 2016-08-25 05:56:36 --> cURL Class Initialized
DEBUG - 2016-08-25 05:56:36 --> OAuth2 class already loaded. Second attempt ignored.
DEBUG - 2016-08-25 05:56:36 --> C:\xampp\htdocs\bondora\application\libraries/MY_Table.php exists, but does not declare MY_Table
DEBUG - 2016-08-25 05:56:36 --> Session class already loaded. Second attempt ignored.
DEBUG - 2016-08-25 05:56:37 --> Total execution time: 0.7320
DEBUG - 2016-08-25 05:56:37 --> UTF-8 Support Disabled
DEBUG - 2016-08-25 05:56:37 --> Global POST, GET and COOKIE data sanitized
DEBUG - 2016-08-25 05:56:37 --> cURL Class Initialized
DEBUG - 2016-08-25 05:56:37 --> OAuth2 class already loaded. Second attempt ignored.
DEBUG - 2016-08-25 05:56:37 --> C:\xampp\htdocs\bondora\application\libraries/MY_Table.php exists, but does not declare MY_Table
DEBUG - 2016-08-25 05:56:37 --> Session class already loaded. Second attempt ignored.
DEBUG - 2016-08-25 05:56:37 --> Total execution time: 0.3360
DEBUG - 2016-08-25 05:56:39 --> UTF-8 Support Disabled
DEBUG - 2016-08-25 05:56:39 --> Global POST, GET and COOKIE data sanitized
DEBUG - 2016-08-25 05:56:39 --> cURL Class Initialized
DEBUG - 2016-08-25 05:56:39 --> OAuth2 class already loaded. Second attempt ignored.
DEBUG - 2016-08-25 05:56:39 --> C:\xampp\htdocs\bondora\application\libraries/MY_Table.php exists, but does not declare MY_Table
DEBUG - 2016-08-25 05:56:39 --> Session class already loaded. Second attempt ignored.
DEBUG - 2016-08-25 05:56:40 --> Total execution time: 0.8370
DEBUG - 2016-08-25 05:56:40 --> UTF-8 Support Disabled
DEBUG - 2016-08-25 05:56:40 --> Global POST, GET and COOKIE data sanitized
DEBUG - 2016-08-25 05:56:40 --> cURL Class Initialized
DEBUG - 2016-08-25 05:56:40 --> OAuth2 class already loaded. Second attempt ignored.
DEBUG - 2016-08-25 05:56:40 --> C:\xampp\htdocs\bondora\application\libraries/MY_Table.php exists, but does not declare MY_Table
DEBUG - 2016-08-25 05:56:40 --> Session class already loaded. Second attempt ignored.
DEBUG - 2016-08-25 05:56:41 --> Total execution time: 0.3280
DEBUG - 2016-08-25 05:56:47 --> UTF-8 Support Disabled
DEBUG - 2016-08-25 05:56:47 --> Global POST, GET and COOKIE data sanitized
DEBUG - 2016-08-25 05:56:47 --> cURL Class Initialized
DEBUG - 2016-08-25 05:56:47 --> OAuth2 class already loaded. Second attempt ignored.
DEBUG - 2016-08-25 05:56:47 --> C:\xampp\htdocs\bondora\application\libraries/MY_Table.php exists, but does not declare MY_Table
DEBUG - 2016-08-25 05:56:47 --> Session class already loaded. Second attempt ignored.
DEBUG - 2016-08-25 05:56:48 --> Total execution time: 0.7590
DEBUG - 2016-08-25 05:56:48 --> UTF-8 Support Disabled
DEBUG - 2016-08-25 05:56:48 --> Global POST, GET and COOKIE data sanitized
DEBUG - 2016-08-25 05:56:48 --> cURL Class Initialized
DEBUG - 2016-08-25 05:56:48 --> OAuth2 class already loaded. Second attempt ignored.
DEBUG - 2016-08-25 05:56:48 --> UTF-8 Support Disabled
DEBUG - 2016-08-25 05:56:48 --> C:\xampp\htdocs\bondora\application\libraries/MY_Table.php exists, but does not declare MY_Table
DEBUG - 2016-08-25 05:56:48 --> Global POST, GET and COOKIE data sanitized
DEBUG - 2016-08-25 05:56:48 --> Session class already loaded. Second attempt ignored.
DEBUG - 2016-08-25 05:56:48 --> Total execution time: 0.3730
DEBUG - 2016-08-25 05:56:48 --> cURL Class Initialized
DEBUG - 2016-08-25 05:56:48 --> OAuth2 class already loaded. Second attempt ignored.
DEBUG - 2016-08-25 05:56:48 --> C:\xampp\htdocs\bondora\application\libraries/MY_Table.php exists, but does not declare MY_Table
DEBUG - 2016-08-25 05:56:48 --> Session class already loaded. Second attempt ignored.
DEBUG - 2016-08-25 05:56:49 --> Total execution time: 0.7690
DEBUG - 2016-08-25 05:56:49 --> UTF-8 Support Disabled
DEBUG - 2016-08-25 05:56:49 --> Global POST, GET and COOKIE data sanitized
DEBUG - 2016-08-25 05:56:49 --> cURL Class Initialized
DEBUG - 2016-08-25 05:56:49 --> OAuth2 class already loaded. Second attempt ignored.
DEBUG - 2016-08-25 05:56:49 --> C:\xampp\htdocs\bondora\application\libraries/MY_Table.php exists, but does not declare MY_Table
DEBUG - 2016-08-25 05:56:49 --> Session class already loaded. Second attempt ignored.
DEBUG - 2016-08-25 05:56:49 --> Total execution time: 0.3250
DEBUG - 2016-08-25 05:56:54 --> UTF-8 Support Disabled
DEBUG - 2016-08-25 05:56:54 --> Global POST, GET and COOKIE data sanitized
DEBUG - 2016-08-25 05:56:54 --> cURL Class Initialized
DEBUG - 2016-08-25 05:56:54 --> OAuth2 class already loaded. Second attempt ignored.
DEBUG - 2016-08-25 05:56:54 --> C:\xampp\htdocs\bondora\application\libraries/MY_Table.php exists, but does not declare MY_Table
DEBUG - 2016-08-25 05:56:54 --> Session class already loaded. Second attempt ignored.
DEBUG - 2016-08-25 05:56:55 --> Total execution time: 0.6600
DEBUG - 2016-08-25 05:56:55 --> UTF-8 Support Disabled
DEBUG - 2016-08-25 05:56:55 --> Global POST, GET and COOKIE data sanitized
DEBUG - 2016-08-25 05:56:55 --> cURL Class Initialized
DEBUG - 2016-08-25 05:56:55 --> OAuth2 class already loaded. Second attempt ignored.
DEBUG - 2016-08-25 05:56:55 --> C:\xampp\htdocs\bondora\application\libraries/MY_Table.php exists, but does not declare MY_Table
DEBUG - 2016-08-25 05:56:55 --> Session class already loaded. Second attempt ignored.
DEBUG - 2016-08-25 05:56:55 --> Total execution time: 0.3230
DEBUG - 2016-08-25 05:56:59 --> UTF-8 Support Disabled
DEBUG - 2016-08-25 05:56:59 --> Global POST, GET and COOKIE data sanitized
DEBUG - 2016-08-25 05:56:59 --> cURL Class Initialized
DEBUG - 2016-08-25 05:56:59 --> OAuth2 class already loaded. Second attempt ignored.
DEBUG - 2016-08-25 05:56:59 --> C:\xampp\htdocs\bondora\application\libraries/MY_Table.php exists, but does not declare MY_Table
DEBUG - 2016-08-25 05:56:59 --> Session class already loaded. Second attempt ignored.
DEBUG - 2016-08-25 05:57:00 --> Total execution time: 0.7640
DEBUG - 2016-08-25 05:57:00 --> UTF-8 Support Disabled
DEBUG - 2016-08-25 05:57:00 --> Global POST, GET and COOKIE data sanitized
DEBUG - 2016-08-25 05:57:00 --> cURL Class Initialized
DEBUG - 2016-08-25 05:57:00 --> OAuth2 class already loaded. Second attempt ignored.
DEBUG - 2016-08-25 05:57:00 --> C:\xampp\htdocs\bondora\application\libraries/MY_Table.php exists, but does not declare MY_Table
DEBUG - 2016-08-25 05:57:00 --> Session class already loaded. Second attempt ignored.
DEBUG - 2016-08-25 05:57:01 --> Total execution time: 0.5400
DEBUG - 2016-08-25 05:57:03 --> UTF-8 Support Disabled
DEBUG - 2016-08-25 05:57:03 --> Global POST, GET and COOKIE data sanitized
DEBUG - 2016-08-25 05:57:03 --> cURL Class Initialized
DEBUG - 2016-08-25 05:57:03 --> OAuth2 class already loaded. Second attempt ignored.
DEBUG - 2016-08-25 05:57:03 --> C:\xampp\htdocs\bondora\application\libraries/MY_Table.php exists, but does not declare MY_Table
DEBUG - 2016-08-25 05:57:03 --> Session class already loaded. Second attempt ignored.
DEBUG - 2016-08-25 05:57:03 --> Total execution time: 0.5730
DEBUG - 2016-08-25 05:57:03 --> UTF-8 Support Disabled
DEBUG - 2016-08-25 05:57:03 --> Global POST, GET and COOKIE data sanitized
DEBUG - 2016-08-25 05:57:03 --> cURL Class Initialized
DEBUG - 2016-08-25 05:57:03 --> OAuth2 class already loaded. Second attempt ignored.
DEBUG - 2016-08-25 05:57:04 --> C:\xampp\htdocs\bondora\application\libraries/MY_Table.php exists, but does not declare MY_Table
DEBUG - 2016-08-25 05:57:04 --> Session class already loaded. Second attempt ignored.
DEBUG - 2016-08-25 05:57:04 --> Total execution time: 0.3400
DEBUG - 2016-08-25 05:57:06 --> UTF-8 Support Disabled
DEBUG - 2016-08-25 05:57:06 --> Global POST, GET and COOKIE data sanitized
DEBUG - 2016-08-25 05:57:06 --> cURL Class Initialized
DEBUG - 2016-08-25 05:57:06 --> OAuth2 class already loaded. Second attempt ignored.
DEBUG - 2016-08-25 05:57:06 --> C:\xampp\htdocs\bondora\application\libraries/MY_Table.php exists, but does not declare MY_Table
DEBUG - 2016-08-25 05:57:06 --> Session class already loaded. Second attempt ignored.
DEBUG - 2016-08-25 05:57:07 --> Total execution time: 0.6320
DEBUG - 2016-08-25 05:57:07 --> UTF-8 Support Disabled
DEBUG - 2016-08-25 05:57:07 --> Global POST, GET and COOKIE data sanitized
DEBUG - 2016-08-25 05:57:07 --> cURL Class Initialized
DEBUG - 2016-08-25 05:57:07 --> OAuth2 class already loaded. Second attempt ignored.
DEBUG - 2016-08-25 05:57:07 --> C:\xampp\htdocs\bondora\application\libraries/MY_Table.php exists, but does not declare MY_Table
DEBUG - 2016-08-25 05:57:07 --> Session class already loaded. Second attempt ignored.
DEBUG - 2016-08-25 05:57:07 --> Total execution time: 0.3060
DEBUG - 2016-08-25 05:57:10 --> UTF-8 Support Disabled
DEBUG - 2016-08-25 05:57:10 --> Global POST, GET and COOKIE data sanitized
DEBUG - 2016-08-25 05:57:10 --> cURL Class Initialized
DEBUG - 2016-08-25 05:57:10 --> OAuth2 class already loaded. Second attempt ignored.
DEBUG - 2016-08-25 05:57:10 --> C:\xampp\htdocs\bondora\application\libraries/MY_Table.php exists, but does not declare MY_Table
DEBUG - 2016-08-25 05:57:10 --> Session class already loaded. Second attempt ignored.
DEBUG - 2016-08-25 05:57:10 --> Total execution time: 0.8040
DEBUG - 2016-08-25 05:57:11 --> UTF-8 Support Disabled
DEBUG - 2016-08-25 05:57:11 --> Global POST, GET and COOKIE data sanitized
DEBUG - 2016-08-25 05:57:11 --> cURL Class Initialized
DEBUG - 2016-08-25 05:57:11 --> OAuth2 class already loaded. Second attempt ignored.
DEBUG - 2016-08-25 05:57:11 --> C:\xampp\htdocs\bondora\application\libraries/MY_Table.php exists, but does not declare MY_Table
DEBUG - 2016-08-25 05:57:11 --> Session class already loaded. Second attempt ignored.
DEBUG - 2016-08-25 05:57:11 --> Total execution time: 0.4890
DEBUG - 2016-08-25 05:57:13 --> UTF-8 Support Disabled
DEBUG - 2016-08-25 05:57:13 --> Global POST, GET and COOKIE data sanitized
DEBUG - 2016-08-25 05:57:13 --> cURL Class Initialized
DEBUG - 2016-08-25 05:57:13 --> OAuth2 class already loaded. Second attempt ignored.
DEBUG - 2016-08-25 05:57:13 --> C:\xampp\htdocs\bondora\application\libraries/MY_Table.php exists, but does not declare MY_Table
DEBUG - 2016-08-25 05:57:13 --> Session class already loaded. Second attempt ignored.
DEBUG - 2016-08-25 05:57:14 --> Total execution time: 0.5580
DEBUG - 2016-08-25 05:57:14 --> UTF-8 Support Disabled
DEBUG - 2016-08-25 05:57:14 --> Global POST, GET and COOKIE data sanitized
DEBUG - 2016-08-25 05:57:14 --> cURL Class Initialized
DEBUG - 2016-08-25 05:57:14 --> OAuth2 class already loaded. Second attempt ignored.
DEBUG - 2016-08-25 05:57:14 --> C:\xampp\htdocs\bondora\application\libraries/MY_Table.php exists, but does not declare MY_Table
DEBUG - 2016-08-25 05:57:14 --> Session class already loaded. Second attempt ignored.
DEBUG - 2016-08-25 05:57:14 --> Total execution time: 0.3010
DEBUG - 2016-08-25 05:57:18 --> UTF-8 Support Disabled
DEBUG - 2016-08-25 05:57:18 --> Global POST, GET and COOKIE data sanitized
DEBUG - 2016-08-25 05:57:18 --> cURL Class Initialized
DEBUG - 2016-08-25 05:57:18 --> OAuth2 class already loaded. Second attempt ignored.
DEBUG - 2016-08-25 05:57:18 --> C:\xampp\htdocs\bondora\application\libraries/MY_Table.php exists, but does not declare MY_Table
DEBUG - 2016-08-25 05:57:18 --> Session class already loaded. Second attempt ignored.
DEBUG - 2016-08-25 05:57:18 --> Total execution time: 0.6790
DEBUG - 2016-08-25 05:57:18 --> UTF-8 Support Disabled
DEBUG - 2016-08-25 05:57:18 --> Global POST, GET and COOKIE data sanitized
DEBUG - 2016-08-25 05:57:18 --> cURL Class Initialized
DEBUG - 2016-08-25 05:57:18 --> OAuth2 class already loaded. Second attempt ignored.
DEBUG - 2016-08-25 05:57:19 --> C:\xampp\htdocs\bondora\application\libraries/MY_Table.php exists, but does not declare MY_Table
DEBUG - 2016-08-25 05:57:19 --> Session class already loaded. Second attempt ignored.
DEBUG - 2016-08-25 05:57:19 --> Total execution time: 0.3300
DEBUG - 2016-08-25 05:57:21 --> UTF-8 Support Disabled
DEBUG - 2016-08-25 05:57:21 --> Global POST, GET and COOKIE data sanitized
DEBUG - 2016-08-25 05:57:21 --> cURL Class Initialized
DEBUG - 2016-08-25 05:57:21 --> OAuth2 class already loaded. Second attempt ignored.
DEBUG - 2016-08-25 05:57:21 --> C:\xampp\htdocs\bondora\application\libraries/MY_Table.php exists, but does not declare MY_Table
DEBUG - 2016-08-25 05:57:21 --> Session class already loaded. Second attempt ignored.
DEBUG - 2016-08-25 05:57:22 --> Total execution time: 0.9861
DEBUG - 2016-08-25 05:57:22 --> UTF-8 Support Disabled
DEBUG - 2016-08-25 05:57:22 --> Global POST, GET and COOKIE data sanitized
DEBUG - 2016-08-25 05:57:22 --> cURL Class Initialized
DEBUG - 2016-08-25 05:57:22 --> OAuth2 class already loaded. Second attempt ignored.
DEBUG - 2016-08-25 05:57:22 --> C:\xampp\htdocs\bondora\application\libraries/MY_Table.php exists, but does not declare MY_Table
DEBUG - 2016-08-25 05:57:22 --> Session class already loaded. Second attempt ignored.
DEBUG - 2016-08-25 05:57:22 --> Total execution time: 0.4540
DEBUG - 2016-08-25 05:57:24 --> UTF-8 Support Disabled
DEBUG - 2016-08-25 05:57:24 --> Global POST, GET and COOKIE data sanitized
DEBUG - 2016-08-25 05:57:24 --> cURL Class Initialized
DEBUG - 2016-08-25 05:57:24 --> OAuth2 class already loaded. Second attempt ignored.
DEBUG - 2016-08-25 05:57:24 --> C:\xampp\htdocs\bondora\application\libraries/MY_Table.php exists, but does not declare MY_Table
DEBUG - 2016-08-25 05:57:24 --> Session class already loaded. Second attempt ignored.
DEBUG - 2016-08-25 05:57:25 --> Total execution time: 0.5660
DEBUG - 2016-08-25 05:57:25 --> UTF-8 Support Disabled
DEBUG - 2016-08-25 05:57:25 --> Global POST, GET and COOKIE data sanitized
DEBUG - 2016-08-25 05:57:25 --> cURL Class Initialized
DEBUG - 2016-08-25 05:57:25 --> OAuth2 class already loaded. Second attempt ignored.
DEBUG - 2016-08-25 05:57:25 --> C:\xampp\htdocs\bondora\application\libraries/MY_Table.php exists, but does not declare MY_Table
DEBUG - 2016-08-25 05:57:25 --> Session class already loaded. Second attempt ignored.
DEBUG - 2016-08-25 05:57:25 --> Total execution time: 0.3980
DEBUG - 2016-08-25 05:57:28 --> UTF-8 Support Disabled
DEBUG - 2016-08-25 05:57:28 --> Global POST, GET and COOKIE data sanitized
DEBUG - 2016-08-25 05:57:28 --> cURL Class Initialized
DEBUG - 2016-08-25 05:57:28 --> OAuth2 class already loaded. Second attempt ignored.
DEBUG - 2016-08-25 05:57:28 --> C:\xampp\htdocs\bondora\application\libraries/MY_Table.php exists, but does not declare MY_Table
DEBUG - 2016-08-25 05:57:28 --> Session class already loaded. Second attempt ignored.
DEBUG - 2016-08-25 05:57:29 --> Total execution time: 0.8130
DEBUG - 2016-08-25 05:57:29 --> UTF-8 Support Disabled
DEBUG - 2016-08-25 05:57:29 --> Global POST, GET and COOKIE data sanitized
DEBUG - 2016-08-25 05:57:29 --> cURL Class Initialized
DEBUG - 2016-08-25 05:57:29 --> OAuth2 class already loaded. Second attempt ignored.
DEBUG - 2016-08-25 05:57:29 --> C:\xampp\htdocs\bondora\application\libraries/MY_Table.php exists, but does not declare MY_Table
DEBUG - 2016-08-25 05:57:29 --> Session class already loaded. Second attempt ignored.
DEBUG - 2016-08-25 05:57:29 --> Total execution time: 0.3840
DEBUG - 2016-08-25 05:57:32 --> UTF-8 Support Disabled
DEBUG - 2016-08-25 05:57:32 --> Global POST, GET and COOKIE data sanitized
DEBUG - 2016-08-25 05:57:32 --> cURL Class Initialized
DEBUG - 2016-08-25 05:57:32 --> OAuth2 class already loaded. Second attempt ignored.
DEBUG - 2016-08-25 05:57:32 --> C:\xampp\htdocs\bondora\application\libraries/MY_Table.php exists, but does not declare MY_Table
DEBUG - 2016-08-25 05:57:32 --> Session class already loaded. Second attempt ignored.
DEBUG - 2016-08-25 05:57:33 --> Total execution time: 0.7580
DEBUG - 2016-08-25 05:57:33 --> UTF-8 Support Disabled
DEBUG - 2016-08-25 05:57:33 --> Global POST, GET and COOKIE data sanitized
DEBUG - 2016-08-25 05:57:33 --> cURL Class Initialized
DEBUG - 2016-08-25 05:57:33 --> OAuth2 class already loaded. Second attempt ignored.
DEBUG - 2016-08-25 05:57:33 --> C:\xampp\htdocs\bondora\application\libraries/MY_Table.php exists, but does not declare MY_Table
DEBUG - 2016-08-25 05:57:33 --> Session class already loaded. Second attempt ignored.
DEBUG - 2016-08-25 05:57:33 --> Total execution time: 0.3420
DEBUG - 2016-08-25 05:57:48 --> UTF-8 Support Disabled
DEBUG - 2016-08-25 05:57:48 --> Global POST, GET and COOKIE data sanitized
DEBUG - 2016-08-25 05:57:48 --> cURL Class Initialized
DEBUG - 2016-08-25 05:57:48 --> OAuth2 class already loaded. Second attempt ignored.
DEBUG - 2016-08-25 05:57:48 --> C:\xampp\htdocs\bondora\application\libraries/MY_Table.php exists, but does not declare MY_Table
DEBUG - 2016-08-25 05:57:48 --> Session class already loaded. Second attempt ignored.
DEBUG - 2016-08-25 05:57:48 --> Total execution time: 0.6990
DEBUG - 2016-08-25 05:57:48 --> UTF-8 Support Disabled
DEBUG - 2016-08-25 05:57:48 --> Global POST, GET and COOKIE data sanitized
DEBUG - 2016-08-25 05:57:48 --> cURL Class Initialized
DEBUG - 2016-08-25 05:57:48 --> OAuth2 class already loaded. Second attempt ignored.
DEBUG - 2016-08-25 05:57:48 --> C:\xampp\htdocs\bondora\application\libraries/MY_Table.php exists, but does not declare MY_Table
DEBUG - 2016-08-25 05:57:48 --> Session class already loaded. Second attempt ignored.
DEBUG - 2016-08-25 05:57:49 --> Total execution time: 0.4210
DEBUG - 2016-08-25 05:58:15 --> UTF-8 Support Disabled
DEBUG - 2016-08-25 05:58:15 --> Global POST, GET and COOKIE data sanitized
DEBUG - 2016-08-25 05:58:15 --> cURL Class Initialized
DEBUG - 2016-08-25 05:58:15 --> OAuth2 class already loaded. Second attempt ignored.
DEBUG - 2016-08-25 05:58:15 --> C:\xampp\htdocs\bondora\application\libraries/MY_Table.php exists, but does not declare MY_Table
DEBUG - 2016-08-25 05:58:15 --> Session class already loaded. Second attempt ignored.
DEBUG - 2016-08-25 05:58:15 --> SELECT *
FROM `select` `a`.*, `b`.`listedOnDate`, `b`.`xirr`, `b`.`secondaryId`, `b`.`desiredDiscountRate from bondora`.`investment_payload a LEFT JOIN bondora`.`secondary b ON a`.`loanPartId=b`.`loanPartId WHERE a`.`id=2945 and user="mehike" order by` `a`.`signedDate`, `a`.`auctionId`
DEBUG - 2016-08-25 05:58:15 --> SELECT *
FROM `select` `a`.*, `b`.`listedOnDate`, `b`.`xirr`, `b`.`secondaryId`, `b`.`desiredDiscountRate from bondora`.`investment_payload a LEFT JOIN bondora`.`secondary b ON a`.`loanPartId=b`.`loanPartId WHERE a`.`id=2950 and user="mehike" order by` `a`.`signedDate`, `a`.`auctionId`
DEBUG - 2016-08-25 05:58:15 --> SELECT *
FROM `select` `a`.*, `b`.`listedOnDate`, `b`.`xirr`, `b`.`secondaryId`, `b`.`desiredDiscountRate from bondora`.`investment_payload a LEFT JOIN bondora`.`secondary b ON a`.`loanPartId=b`.`loanPartId WHERE a`.`id=2932 and user="mehike" order by` `a`.`signedDate`, `a`.`auctionId`
DEBUG - 2016-08-25 05:58:15 --> SELECT *
FROM `select` `a`.*, `b`.`listedOnDate`, `b`.`xirr`, `b`.`secondaryId`, `b`.`desiredDiscountRate from bondora`.`investment_payload a LEFT JOIN bondora`.`secondary b ON a`.`loanPartId=b`.`loanPartId WHERE a`.`id=2936 and user="mehike" order by` `a`.`signedDate`, `a`.`auctionId`
DEBUG - 2016-08-25 05:58:15 --> SELECT *
FROM `select` `a`.*, `b`.`listedOnDate`, `b`.`xirr`, `b`.`secondaryId`, `b`.`desiredDiscountRate from bondora`.`investment_payload a LEFT JOIN bondora`.`secondary b ON a`.`loanPartId=b`.`loanPartId WHERE a`.`id=2938 and user="mehike" order by` `a`.`signedDate`, `a`.`auctionId`
DEBUG - 2016-08-25 05:58:15 --> SELECT *
FROM `select` `a`.*, `b`.`listedOnDate`, `b`.`xirr`, `b`.`secondaryId`, `b`.`desiredDiscountRate from bondora`.`investment_payload a LEFT JOIN bondora`.`secondary b ON a`.`loanPartId=b`.`loanPartId WHERE a`.`id=2940 and user="mehike" order by` `a`.`signedDate`, `a`.`auctionId`
DEBUG - 2016-08-25 05:58:15 --> SELECT *
FROM `select` `a`.*, `b`.`listedOnDate`, `b`.`xirr`, `b`.`secondaryId`, `b`.`desiredDiscountRate from bondora`.`investment_payload a LEFT JOIN bondora`.`secondary b ON a`.`loanPartId=b`.`loanPartId WHERE a`.`id=2941 and user="mehike" order by` `a`.`signedDate`, `a`.`auctionId`
DEBUG - 2016-08-25 05:58:15 --> SELECT *
FROM `select` `a`.*, `b`.`listedOnDate`, `b`.`xirr`, `b`.`secondaryId`, `b`.`desiredDiscountRate from bondora`.`investment_payload a LEFT JOIN bondora`.`secondary b ON a`.`loanPartId=b`.`loanPartId WHERE a`.`id=2942 and user="mehike" order by` `a`.`signedDate`, `a`.`auctionId`
DEBUG - 2016-08-25 05:58:15 --> SELECT *
FROM `select` `a`.*, `b`.`listedOnDate`, `b`.`xirr`, `b`.`secondaryId`, `b`.`desiredDiscountRate from bondora`.`investment_payload a LEFT JOIN bondora`.`secondary b ON a`.`loanPartId=b`.`loanPartId WHERE a`.`id=2943 and user="mehike" order by` `a`.`signedDate`, `a`.`auctionId`
DEBUG - 2016-08-25 05:58:15 --> SELECT *
FROM `select` `a`.*, `b`.`listedOnDate`, `b`.`xirr`, `b`.`secondaryId`, `b`.`desiredDiscountRate from bondora`.`investment_payload a LEFT JOIN bondora`.`secondary b ON a`.`loanPartId=b`.`loanPartId WHERE a`.`id=2944 and user="mehike" order by` `a`.`signedDate`, `a`.`auctionId`
DEBUG - 2016-08-25 05:58:15 --> SELECT *
FROM `select` `a`.*, `b`.`listedOnDate`, `b`.`xirr`, `b`.`secondaryId`, `b`.`desiredDiscountRate from bondora`.`investment_payload a LEFT JOIN bondora`.`secondary b ON a`.`loanPartId=b`.`loanPartId WHERE a`.`id=2948 and user="mehike" order by` `a`.`signedDate`, `a`.`auctionId`
DEBUG - 2016-08-25 05:58:15 --> SELECT *
FROM `select` `a`.*, `b`.`listedOnDate`, `b`.`xirr`, `b`.`secondaryId`, `b`.`desiredDiscountRate from bondora`.`investment_payload a LEFT JOIN bondora`.`secondary b ON a`.`loanPartId=b`.`loanPartId WHERE a`.`id=2949 and user="mehike" order by` `a`.`signedDate`, `a`.`auctionId`
DEBUG - 2016-08-25 05:58:15 --> SELECT *
FROM `select` `a`.*, `b`.`listedOnDate`, `b`.`xirr`, `b`.`secondaryId`, `b`.`desiredDiscountRate from bondora`.`investment_payload a LEFT JOIN bondora`.`secondary b ON a`.`loanPartId=b`.`loanPartId WHERE a`.`id=2956 and user="mehike" order by` `a`.`signedDate`, `a`.`auctionId`
DEBUG - 2016-08-25 05:58:15 --> SELECT *
FROM `select` `a`.*, `b`.`listedOnDate`, `b`.`xirr`, `b`.`secondaryId`, `b`.`desiredDiscountRate from bondora`.`investment_payload a LEFT JOIN bondora`.`secondary b ON a`.`loanPartId=b`.`loanPartId WHERE a`.`id=2957 and user="mehike" order by` `a`.`signedDate`, `a`.`auctionId`
DEBUG - 2016-08-25 05:58:15 --> SELECT *
FROM `select` `a`.*, `b`.`listedOnDate`, `b`.`xirr`, `b`.`secondaryId`, `b`.`desiredDiscountRate from bondora`.`investment_payload a LEFT JOIN bondora`.`secondary b ON a`.`loanPartId=b`.`loanPartId WHERE a`.`id=2959 and user="mehike" order by` `a`.`signedDate`, `a`.`auctionId`
DEBUG - 2016-08-25 05:58:21 --> Total execution time: 6.2514
DEBUG - 2016-08-25 05:58:21 --> UTF-8 Support Disabled
DEBUG - 2016-08-25 05:58:21 --> Global POST, GET and COOKIE data sanitized
ERROR - 2016-08-25 05:58:21 --> 404 Page Not Found: Investments/bootstrap
DEBUG - 2016-08-25 05:58:23 --> UTF-8 Support Disabled
DEBUG - 2016-08-25 05:58:23 --> Global POST, GET and COOKIE data sanitized
DEBUG - 2016-08-25 05:58:23 --> cURL Class Initialized
DEBUG - 2016-08-25 05:58:23 --> OAuth2 class already loaded. Second attempt ignored.
DEBUG - 2016-08-25 05:58:23 --> C:\xampp\htdocs\bondora\application\libraries/MY_Table.php exists, but does not declare MY_Table
DEBUG - 2016-08-25 05:58:23 --> Session class already loaded. Second attempt ignored.
DEBUG - 2016-08-25 05:58:23 --> SELECT *
FROM `select` `a`.*, `b`.`listedOnDate`, `b`.`xirr`, `b`.`secondaryId`, `b`.`desiredDiscountRate from bondora`.`investment_payload a LEFT JOIN bondora`.`secondary b ON a`.`loanPartId=b`.`loanPartId and a`.`user=b`.`user where a`.`user="mehike" order by` `a`.`signedDate`, `a`.`auctionId`
ERROR - 2016-08-25 05:58:23 --> Severity: Notice --> Undefined offset: 33 C:\xampp\htdocs\bondora\application\views\investments\index.php 880
ERROR - 2016-08-25 05:58:23 --> Severity: Notice --> Undefined offset: 33 C:\xampp\htdocs\bondora\application\views\investments\index.php 880
ERROR - 2016-08-25 05:58:23 --> Severity: Notice --> Undefined offset: 35 C:\xampp\htdocs\bondora\application\views\investments\index.php 880
ERROR - 2016-08-25 05:58:23 --> Severity: Notice --> Undefined offset: 31 C:\xampp\htdocs\bondora\application\views\investments\index.php 880
ERROR - 2016-08-25 05:58:23 --> Severity: Notice --> Undefined offset: 33 C:\xampp\htdocs\bondora\application\views\investments\index.php 880
ERROR - 2016-08-25 05:58:23 --> Severity: Notice --> Undefined offset: 33 C:\xampp\htdocs\bondora\application\views\investments\index.php 880
ERROR - 2016-08-25 05:58:23 --> Severity: Notice --> Undefined offset: 30 C:\xampp\htdocs\bondora\application\views\investments\index.php 880
ERROR - 2016-08-25 05:58:23 --> Severity: Notice --> Undefined offset: 33 C:\xampp\htdocs\bondora\application\views\investments\index.php 880
ERROR - 2016-08-25 05:58:23 --> Severity: Notice --> Undefined offset: 33 C:\xampp\htdocs\bondora\application\views\investments\index.php 880
ERROR - 2016-08-25 05:58:23 --> Severity: Notice --> Undefined offset: 32 C:\xampp\htdocs\bondora\application\views\investments\index.php 880
ERROR - 2016-08-25 05:58:23 --> Severity: Notice --> Undefined offset: 33 C:\xampp\htdocs\bondora\application\views\investments\index.php 880
ERROR - 2016-08-25 05:58:23 --> Severity: Notice --> Undefined offset: 33 C:\xampp\htdocs\bondora\application\views\investments\index.php 880
ERROR - 2016-08-25 05:58:23 --> Severity: Notice --> Undefined offset: 33 C:\xampp\htdocs\bondora\application\views\investments\index.php 880
ERROR - 2016-08-25 05:58:23 --> Severity: Notice --> Undefined offset: 41 C:\xampp\htdocs\bondora\application\views\investments\index.php 880
ERROR - 2016-08-25 05:58:23 --> Severity: Notice --> Undefined offset: 30 C:\xampp\htdocs\bondora\application\views\investments\index.php 880
ERROR - 2016-08-25 05:58:23 --> Severity: Notice --> Undefined offset: 31 C:\xampp\htdocs\bondora\application\views\investments\index.php 880
ERROR - 2016-08-25 05:58:23 --> Severity: Notice --> Undefined offset: 33 C:\xampp\htdocs\bondora\application\views\investments\index.php 880
ERROR - 2016-08-25 05:58:23 --> Severity: Notice --> Undefined offset: 33 C:\xampp\htdocs\bondora\application\views\investments\index.php 880
ERROR - 2016-08-25 05:58:23 --> Severity: Notice --> Undefined offset: 33 C:\xampp\htdocs\bondora\application\views\investments\index.php 880
DEBUG - 2016-08-25 05:58:23 --> Total execution time: 0.0740
DEBUG - 2016-08-25 05:58:23 --> UTF-8 Support Disabled
DEBUG - 2016-08-25 05:58:23 --> Global POST, GET and COOKIE data sanitized
ERROR - 2016-08-25 05:58:23 --> 404 Page Not Found: Investments/bootstrap
DEBUG - 2016-08-25 05:58:26 --> UTF-8 Support Disabled
DEBUG - 2016-08-25 05:58:26 --> Global POST, GET and COOKIE data sanitized
DEBUG - 2016-08-25 05:58:26 --> cURL Class Initialized
DEBUG - 2016-08-25 05:58:26 --> OAuth2 class already loaded. Second attempt ignored.
DEBUG - 2016-08-25 05:58:26 --> C:\xampp\htdocs\bondora\application\libraries/MY_Table.php exists, but does not declare MY_Table
DEBUG - 2016-08-25 05:58:26 --> Session class already loaded. Second attempt ignored.
DEBUG - 2016-08-25 05:58:27 --> SELECT *
FROM `select` `a`.*, `b`.`listedOnDate`, `b`.`xirr`, `b`.`secondaryId`, `b`.`desiredDiscountRate from bondora`.`investment_payload a LEFT JOIN bondora`.`secondary b ON a`.`loanPartId=b`.`loanPartId and a`.`user=b`.`user where a`.`user="mehike" order by` `a`.`signedDate`, `a`.`auctionId`
ERROR - 2016-08-25 05:58:27 --> Severity: Notice --> Undefined offset: 33 C:\xampp\htdocs\bondora\application\views\investments\index.php 880
ERROR - 2016-08-25 05:58:27 --> Severity: Notice --> Undefined offset: 33 C:\xampp\htdocs\bondora\application\views\investments\index.php 880
ERROR - 2016-08-25 05:58:27 --> Severity: Notice --> Undefined offset: 35 C:\xampp\htdocs\bondora\application\views\investments\index.php 880
ERROR - 2016-08-25 05:58:27 --> Severity: Notice --> Undefined offset: 31 C:\xampp\htdocs\bondora\application\views\investments\index.php 880
ERROR - 2016-08-25 05:58:27 --> Severity: Notice --> Undefined offset: 33 C:\xampp\htdocs\bondora\application\views\investments\index.php 880
ERROR - 2016-08-25 05:58:27 --> Severity: Notice --> Undefined offset: 33 C:\xampp\htdocs\bondora\application\views\investments\index.php 880
ERROR - 2016-08-25 05:58:27 --> Severity: Notice --> Undefined offset: 33 C:\xampp\htdocs\bondora\application\views\investments\index.php 880
ERROR - 2016-08-25 05:58:27 --> Severity: Notice --> Undefined offset: 33 C:\xampp\htdocs\bondora\application\views\investments\index.php 880
ERROR - 2016-08-25 05:58:27 --> Severity: Notice --> Undefined offset: 32 C:\xampp\htdocs\bondora\application\views\investments\index.php 880
ERROR - 2016-08-25 05:58:27 --> Severity: Notice --> Undefined offset: 33 C:\xampp\htdocs\bondora\application\views\investments\index.php 880
ERROR - 2016-08-25 05:58:27 --> Severity: Notice --> Undefined offset: 33 C:\xampp\htdocs\bondora\application\views\investments\index.php 880
ERROR - 2016-08-25 05:58:27 --> Severity: Notice --> Undefined offset: 33 C:\xampp\htdocs\bondora\application\views\investments\index.php 880
ERROR - 2016-08-25 05:58:27 --> Severity: Notice --> Undefined offset: 41 C:\xampp\htdocs\bondora\application\views\investments\index.php 880
ERROR - 2016-08-25 05:58:27 --> Severity: Notice --> Undefined offset: 31 C:\xampp\htdocs\bondora\application\views\investments\index.php 880
ERROR - 2016-08-25 05:58:27 --> Severity: Notice --> Undefined offset: 33 C:\xampp\htdocs\bondora\application\views\investments\index.php 880
ERROR - 2016-08-25 05:58:27 --> Severity: Notice --> Undefined offset: 33 C:\xampp\htdocs\bondora\application\views\investments\index.php 880
ERROR - 2016-08-25 05:58:27 --> Severity: Notice --> Undefined offset: 33 C:\xampp\htdocs\bondora\application\views\investments\index.php 880
DEBUG - 2016-08-25 05:58:27 --> Total execution time: 1.0121
DEBUG - 2016-08-25 05:58:27 --> UTF-8 Support Disabled
DEBUG - 2016-08-25 05:58:27 --> Global POST, GET and COOKIE data sanitized
ERROR - 2016-08-25 05:58:27 --> 404 Page Not Found: Investments/bootstrap
DEBUG - 2016-08-25 05:58:31 --> UTF-8 Support Disabled
DEBUG - 2016-08-25 05:58:31 --> Global POST, GET and COOKIE data sanitized
DEBUG - 2016-08-25 05:58:31 --> cURL Class Initialized
DEBUG - 2016-08-25 05:58:31 --> OAuth2 class already loaded. Second attempt ignored.
DEBUG - 2016-08-25 05:58:31 --> C:\xampp\htdocs\bondora\application\libraries/MY_Table.php exists, but does not declare MY_Table
DEBUG - 2016-08-25 05:58:31 --> Session class already loaded. Second attempt ignored.
DEBUG - 2016-08-25 05:58:32 --> Total execution time: 0.8831
DEBUG - 2016-08-25 05:58:32 --> UTF-8 Support Disabled
DEBUG - 2016-08-25 05:58:32 --> Global POST, GET and COOKIE data sanitized
DEBUG - 2016-08-25 05:58:32 --> cURL Class Initialized
DEBUG - 2016-08-25 05:58:32 --> OAuth2 class already loaded. Second attempt ignored.
DEBUG - 2016-08-25 05:58:32 --> C:\xampp\htdocs\bondora\application\libraries/MY_Table.php exists, but does not declare MY_Table
DEBUG - 2016-08-25 05:58:32 --> Session class already loaded. Second attempt ignored.
DEBUG - 2016-08-25 05:58:32 --> Total execution time: 0.4590
DEBUG - 2016-08-25 05:58:35 --> UTF-8 Support Disabled
DEBUG - 2016-08-25 05:58:35 --> Global POST, GET and COOKIE data sanitized
DEBUG - 2016-08-25 05:58:35 --> cURL Class Initialized
DEBUG - 2016-08-25 05:58:35 --> OAuth2 class already loaded. Second attempt ignored.
DEBUG - 2016-08-25 05:58:35 --> C:\xampp\htdocs\bondora\application\libraries/MY_Table.php exists, but does not declare MY_Table
DEBUG - 2016-08-25 05:58:35 --> Session class already loaded. Second attempt ignored.
DEBUG - 2016-08-25 05:58:36 --> Total execution time: 0.8650
DEBUG - 2016-08-25 05:58:36 --> UTF-8 Support Disabled
DEBUG - 2016-08-25 05:58:36 --> Global POST, GET and COOKIE data sanitized
DEBUG - 2016-08-25 05:58:36 --> cURL Class Initialized
DEBUG - 2016-08-25 05:58:36 --> OAuth2 class already loaded. Second attempt ignored.
DEBUG - 2016-08-25 05:58:36 --> C:\xampp\htdocs\bondora\application\libraries/MY_Table.php exists, but does not declare MY_Table
DEBUG - 2016-08-25 05:58:36 --> Session class already loaded. Second attempt ignored.
DEBUG - 2016-08-25 05:58:37 --> Total execution time: 0.3290
DEBUG - 2016-08-25 05:58:50 --> UTF-8 Support Disabled
DEBUG - 2016-08-25 05:58:50 --> Global POST, GET and COOKIE data sanitized
DEBUG - 2016-08-25 05:58:50 --> cURL Class Initialized
DEBUG - 2016-08-25 05:58:50 --> OAuth2 class already loaded. Second attempt ignored.
DEBUG - 2016-08-25 05:58:50 --> C:\xampp\htdocs\bondora\application\libraries/MY_Table.php exists, but does not declare MY_Table
DEBUG - 2016-08-25 05:58:50 --> Session class already loaded. Second attempt ignored.
DEBUG - 2016-08-25 05:58:50 --> SELECT *
FROM `select` `a`.*, `b`.`listedOnDate`, `b`.`xirr`, `b`.`secondaryId`, `b`.`desiredDiscountRate from bondora`.`investment_payload a LEFT JOIN bondora`.`secondary b ON a`.`loanPartId=b`.`loanPartId WHERE a`.`id=2970 and user="mehike" order by` `a`.`signedDate`, `a`.`auctionId`
DEBUG - 2016-08-25 05:58:50 --> SELECT *
FROM `select` `a`.*, `b`.`listedOnDate`, `b`.`xirr`, `b`.`secondaryId`, `b`.`desiredDiscountRate from bondora`.`investment_payload a LEFT JOIN bondora`.`secondary b ON a`.`loanPartId=b`.`loanPartId WHERE a`.`id=2989 and user="mehike" order by` `a`.`signedDate`, `a`.`auctionId`
DEBUG - 2016-08-25 05:58:51 --> Total execution time: 1.6161
DEBUG - 2016-08-25 05:58:51 --> UTF-8 Support Disabled
DEBUG - 2016-08-25 05:58:51 --> Global POST, GET and COOKIE data sanitized
ERROR - 2016-08-25 05:58:51 --> 404 Page Not Found: Investments/bootstrap
DEBUG - 2016-08-25 05:58:53 --> UTF-8 Support Disabled
DEBUG - 2016-08-25 05:58:53 --> Global POST, GET and COOKIE data sanitized
DEBUG - 2016-08-25 05:58:53 --> cURL Class Initialized
DEBUG - 2016-08-25 05:58:53 --> OAuth2 class already loaded. Second attempt ignored.
DEBUG - 2016-08-25 05:58:53 --> C:\xampp\htdocs\bondora\application\libraries/MY_Table.php exists, but does not declare MY_Table
DEBUG - 2016-08-25 05:58:53 --> Session class already loaded. Second attempt ignored.
DEBUG - 2016-08-25 05:58:53 --> SELECT *
FROM `select` `a`.*, `b`.`listedOnDate`, `b`.`xirr`, `b`.`secondaryId`, `b`.`desiredDiscountRate from bondora`.`investment_payload a LEFT JOIN bondora`.`secondary b ON a`.`loanPartId=b`.`loanPartId and a`.`user=b`.`user where a`.`user="mehike" order by` `a`.`signedDate`, `a`.`auctionId`
ERROR - 2016-08-25 05:58:53 --> Severity: Notice --> Undefined offset: 33 C:\xampp\htdocs\bondora\application\views\investments\index.php 880
ERROR - 2016-08-25 05:58:53 --> Severity: Notice --> Undefined offset: 33 C:\xampp\htdocs\bondora\application\views\investments\index.php 880
ERROR - 2016-08-25 05:58:53 --> Severity: Notice --> Undefined offset: 35 C:\xampp\htdocs\bondora\application\views\investments\index.php 880
ERROR - 2016-08-25 05:58:53 --> Severity: Notice --> Undefined offset: 31 C:\xampp\htdocs\bondora\application\views\investments\index.php 880
ERROR - 2016-08-25 05:58:53 --> Severity: Notice --> Undefined offset: 33 C:\xampp\htdocs\bondora\application\views\investments\index.php 880
ERROR - 2016-08-25 05:58:53 --> Severity: Notice --> Undefined offset: 33 C:\xampp\htdocs\bondora\application\views\investments\index.php 880
ERROR - 2016-08-25 05:58:53 --> Severity: Notice --> Undefined offset: 30 C:\xampp\htdocs\bondora\application\views\investments\index.php 880
ERROR - 2016-08-25 05:58:53 --> Severity: Notice --> Undefined offset: 33 C:\xampp\htdocs\bondora\application\views\investments\index.php 880
ERROR - 2016-08-25 05:58:53 --> Severity: Notice --> Undefined offset: 33 C:\xampp\htdocs\bondora\application\views\investments\index.php 880
ERROR - 2016-08-25 05:58:53 --> Severity: Notice --> Undefined offset: 32 C:\xampp\htdocs\bondora\application\views\investments\index.php 880
ERROR - 2016-08-25 05:58:53 --> Severity: Notice --> Undefined offset: 33 C:\xampp\htdocs\bondora\application\views\investments\index.php 880
ERROR - 2016-08-25 05:58:53 --> Severity: Notice --> Undefined offset: 33 C:\xampp\htdocs\bondora\application\views\investments\index.php 880
ERROR - 2016-08-25 05:58:53 --> Severity: Notice --> Undefined offset: 33 C:\xampp\htdocs\bondora\application\views\investments\index.php 880
ERROR - 2016-08-25 05:58:53 --> Severity: Notice --> Undefined offset: 41 C:\xampp\htdocs\bondora\application\views\investments\index.php 880
ERROR - 2016-08-25 05:58:53 --> Severity: Notice --> Undefined offset: 30 C:\xampp\htdocs\bondora\application\views\investments\index.php 880
ERROR - 2016-08-25 05:58:53 --> Severity: Notice --> Undefined offset: 31 C:\xampp\htdocs\bondora\application\views\investments\index.php 880
ERROR - 2016-08-25 05:58:53 --> Severity: Notice --> Undefined offset: 33 C:\xampp\htdocs\bondora\application\views\investments\index.php 880
ERROR - 2016-08-25 05:58:53 --> Severity: Notice --> Undefined offset: 33 C:\xampp\htdocs\bondora\application\views\investments\index.php 880
ERROR - 2016-08-25 05:58:53 --> Severity: Notice --> Undefined offset: 33 C:\xampp\htdocs\bondora\application\views\investments\index.php 880
DEBUG - 2016-08-25 05:58:53 --> Total execution time: 0.0840
DEBUG - 2016-08-25 05:58:53 --> UTF-8 Support Disabled
DEBUG - 2016-08-25 05:58:53 --> Global POST, GET and COOKIE data sanitized
ERROR - 2016-08-25 05:58:53 --> 404 Page Not Found: Investments/bootstrap
DEBUG - 2016-08-25 05:58:55 --> UTF-8 Support Disabled
DEBUG - 2016-08-25 05:58:55 --> Global POST, GET and COOKIE data sanitized
DEBUG - 2016-08-25 05:58:55 --> cURL Class Initialized
DEBUG - 2016-08-25 05:58:55 --> OAuth2 class already loaded. Second attempt ignored.
DEBUG - 2016-08-25 05:58:55 --> C:\xampp\htdocs\bondora\application\libraries/MY_Table.php exists, but does not declare MY_Table
DEBUG - 2016-08-25 05:58:55 --> Session class already loaded. Second attempt ignored.
DEBUG - 2016-08-25 05:58:56 --> SELECT *
FROM `select` `a`.*, `b`.`listedOnDate`, `b`.`xirr`, `b`.`secondaryId`, `b`.`desiredDiscountRate from bondora`.`investment_payload a LEFT JOIN bondora`.`secondary b ON a`.`loanPartId=b`.`loanPartId and a`.`user=b`.`user where a`.`user="mehike" order by` `a`.`signedDate`, `a`.`auctionId`
ERROR - 2016-08-25 05:58:56 --> Severity: Notice --> Undefined offset: 33 C:\xampp\htdocs\bondora\application\views\investments\index.php 880
ERROR - 2016-08-25 05:58:56 --> Severity: Notice --> Undefined offset: 33 C:\xampp\htdocs\bondora\application\views\investments\index.php 880
ERROR - 2016-08-25 05:58:56 --> Severity: Notice --> Undefined offset: 35 C:\xampp\htdocs\bondora\application\views\investments\index.php 880
ERROR - 2016-08-25 05:58:56 --> Severity: Notice --> Undefined offset: 31 C:\xampp\htdocs\bondora\application\views\investments\index.php 880
ERROR - 2016-08-25 05:58:56 --> Severity: Notice --> Undefined offset: 33 C:\xampp\htdocs\bondora\application\views\investments\index.php 880
ERROR - 2016-08-25 05:58:56 --> Severity: Notice --> Undefined offset: 33 C:\xampp\htdocs\bondora\application\views\investments\index.php 880
ERROR - 2016-08-25 05:58:56 --> Severity: Notice --> Undefined offset: 33 C:\xampp\htdocs\bondora\application\views\investments\index.php 880
ERROR - 2016-08-25 05:58:56 --> Severity: Notice --> Undefined offset: 33 C:\xampp\htdocs\bondora\application\views\investments\index.php 880
ERROR - 2016-08-25 05:58:56 --> Severity: Notice --> Undefined offset: 32 C:\xampp\htdocs\bondora\application\views\investments\index.php 880
ERROR - 2016-08-25 05:58:56 --> Severity: Notice --> Undefined offset: 33 C:\xampp\htdocs\bondora\application\views\investments\index.php 880
ERROR - 2016-08-25 05:58:56 --> Severity: Notice --> Undefined offset: 33 C:\xampp\htdocs\bondora\application\views\investments\index.php 880
ERROR - 2016-08-25 05:58:56 --> Severity: Notice --> Undefined offset: 33 C:\xampp\htdocs\bondora\application\views\investments\index.php 880
ERROR - 2016-08-25 05:58:56 --> Severity: Notice --> Undefined offset: 41 C:\xampp\htdocs\bondora\application\views\investments\index.php 880
ERROR - 2016-08-25 05:58:56 --> Severity: Notice --> Undefined offset: 31 C:\xampp\htdocs\bondora\application\views\investments\index.php 880
ERROR - 2016-08-25 05:58:56 --> Severity: Notice --> Undefined offset: 33 C:\xampp\htdocs\bondora\application\views\investments\index.php 880
ERROR - 2016-08-25 05:58:56 --> Severity: Notice --> Undefined offset: 33 C:\xampp\htdocs\bondora\application\views\investments\index.php 880
ERROR - 2016-08-25 05:58:56 --> Severity: Notice --> Undefined offset: 33 C:\xampp\htdocs\bondora\application\views\investments\index.php 880
DEBUG - 2016-08-25 05:58:57 --> Total execution time: 1.1931
DEBUG - 2016-08-25 05:58:57 --> UTF-8 Support Disabled
DEBUG - 2016-08-25 05:58:57 --> Global POST, GET and COOKIE data sanitized
ERROR - 2016-08-25 05:58:57 --> 404 Page Not Found: Investments/bootstrap
