DEBUG - 2016-09-02 06:27:27 --> UTF-8 Support Disabled
DEBUG - 2016-09-02 06:27:27 --> Global POST, GET and COOKIE data sanitized
DEBUG - 2016-09-02 06:27:27 --> cURL Class Initialized
DEBUG - 2016-09-02 06:27:27 --> OAuth2 class already loaded. Second attempt ignored.
DEBUG - 2016-09-02 06:27:27 --> C:\xampp\htdocs\bondora\application\libraries/MY_Table.php exists, but does not declare MY_Table
DEBUG - 2016-09-02 06:27:27 --> Session class already loaded. Second attempt ignored.
DEBUG - 2016-09-02 06:27:30 --> UTF-8 Support Disabled
DEBUG - 2016-09-02 06:27:30 --> Global POST, GET and COOKIE data sanitized
DEBUG - 2016-09-02 06:27:30 --> cURL Class Initialized
DEBUG - 2016-09-02 06:27:30 --> OAuth2 class already loaded. Second attempt ignored.
DEBUG - 2016-09-02 06:27:30 --> Session class already loaded. Second attempt ignored.
DEBUG - 2016-09-02 06:27:30 --> Total execution time: 0.0790
DEBUG - 2016-09-02 06:27:32 --> UTF-8 Support Disabled
DEBUG - 2016-09-02 06:27:32 --> Global POST, GET and COOKIE data sanitized
DEBUG - 2016-09-02 06:27:32 --> cURL Class Initialized
DEBUG - 2016-09-02 06:27:32 --> OAuth2 class already loaded. Second attempt ignored.
DEBUG - 2016-09-02 06:27:32 --> Session class already loaded. Second attempt ignored.
DEBUG - 2016-09-02 06:27:32 --> UTF-8 Support Disabled
DEBUG - 2016-09-02 06:27:32 --> Global POST, GET and COOKIE data sanitized
DEBUG - 2016-09-02 06:27:32 --> cURL Class Initialized
DEBUG - 2016-09-02 06:27:32 --> OAuth2 class already loaded. Second attempt ignored.
DEBUG - 2016-09-02 06:27:32 --> C:\xampp\htdocs\bondora\application\libraries/MY_Table.php exists, but does not declare MY_Table
DEBUG - 2016-09-02 06:27:32 --> Session class already loaded. Second attempt ignored.
DEBUG - 2016-09-02 06:27:32 --> SELECT *
FROM `select` `a`.*, `b`.`statusCode from auction_payload a LEFT JOIN bid_payload b ON a`.`auctionId=b`.`auctionId and a`.`user=b`.`userName where` `user="mehike"`
DEBUG - 2016-09-02 06:27:32 --> Total execution time: 0.1520
DEBUG - 2016-09-02 06:27:33 --> UTF-8 Support Disabled
DEBUG - 2016-09-02 06:27:33 --> Global POST, GET and COOKIE data sanitized
ERROR - 2016-09-02 06:27:33 --> 404 Page Not Found: Auctions/bootstrap
DEBUG - 2016-09-02 06:27:40 --> UTF-8 Support Disabled
DEBUG - 2016-09-02 06:27:40 --> Global POST, GET and COOKIE data sanitized
DEBUG - 2016-09-02 06:27:40 --> cURL Class Initialized
DEBUG - 2016-09-02 06:27:40 --> OAuth2 class already loaded. Second attempt ignored.
DEBUG - 2016-09-02 06:27:40 --> C:\xampp\htdocs\bondora\application\libraries/MY_Table.php exists, but does not declare MY_Table
DEBUG - 2016-09-02 06:27:40 --> Session class already loaded. Second attempt ignored.
DEBUG - 2016-09-02 06:27:40 --> SELECT *
FROM `select` `a`.*, `b`.`listedOnDate`, `b`.`xirr`, `b`.`secondaryId`, `b`.`desiredDiscountRate from bondora`.`investment_payload a LEFT JOIN bondora`.`secondary b ON a`.`loanPartId=b`.`loanPartId and a`.`user=b`.`user where a`.`user="mehike" order by` `a`.`signedDate`, `a`.`auctionId`
ERROR - 2016-09-02 06:27:40 --> Severity: Notice --> Undefined offset: 33 C:\xampp\htdocs\bondora\application\views\investments\index.php 880
ERROR - 2016-09-02 06:27:40 --> Severity: Notice --> Undefined offset: 33 C:\xampp\htdocs\bondora\application\views\investments\index.php 880
ERROR - 2016-09-02 06:27:40 --> Severity: Notice --> Undefined offset: 35 C:\xampp\htdocs\bondora\application\views\investments\index.php 880
ERROR - 2016-09-02 06:27:40 --> Severity: Notice --> Undefined offset: 32 C:\xampp\htdocs\bondora\application\views\investments\index.php 880
ERROR - 2016-09-02 06:27:40 --> Severity: Notice --> Undefined offset: 35 C:\xampp\htdocs\bondora\application\views\investments\index.php 880
ERROR - 2016-09-02 06:27:40 --> Severity: Notice --> Undefined offset: 30 C:\xampp\htdocs\bondora\application\views\investments\index.php 880
ERROR - 2016-09-02 06:27:40 --> Severity: Notice --> Undefined offset: 33 C:\xampp\htdocs\bondora\application\views\investments\index.php 880
ERROR - 2016-09-02 06:27:40 --> Severity: Notice --> Undefined offset: 35 C:\xampp\htdocs\bondora\application\views\investments\index.php 880
ERROR - 2016-09-02 06:27:40 --> Severity: Notice --> Undefined offset: 35 C:\xampp\htdocs\bondora\application\views\investments\index.php 880
ERROR - 2016-09-02 06:27:40 --> Severity: Notice --> Undefined offset: 35 C:\xampp\htdocs\bondora\application\views\investments\index.php 880
ERROR - 2016-09-02 06:27:40 --> Severity: Notice --> Undefined offset: 33 C:\xampp\htdocs\bondora\application\views\investments\index.php 880
ERROR - 2016-09-02 06:27:40 --> Severity: Notice --> Undefined offset: 33 C:\xampp\htdocs\bondora\application\views\investments\index.php 880
ERROR - 2016-09-02 06:27:40 --> Severity: Notice --> Undefined offset: 41 C:\xampp\htdocs\bondora\application\views\investments\index.php 880
ERROR - 2016-09-02 06:27:40 --> Severity: Notice --> Undefined offset: 30 C:\xampp\htdocs\bondora\application\views\investments\index.php 880
ERROR - 2016-09-02 06:27:40 --> Severity: Notice --> Undefined offset: 32 C:\xampp\htdocs\bondora\application\views\investments\index.php 880
ERROR - 2016-09-02 06:27:40 --> Severity: Notice --> Undefined offset: 33 C:\xampp\htdocs\bondora\application\views\investments\index.php 880
ERROR - 2016-09-02 06:27:40 --> Severity: Notice --> Undefined offset: 33 C:\xampp\htdocs\bondora\application\views\investments\index.php 880
ERROR - 2016-09-02 06:27:40 --> Severity: Notice --> Undefined offset: 33 C:\xampp\htdocs\bondora\application\views\investments\index.php 880
DEBUG - 2016-09-02 06:27:40 --> Total execution time: 0.1210
DEBUG - 2016-09-02 06:27:40 --> UTF-8 Support Disabled
DEBUG - 2016-09-02 06:27:41 --> Global POST, GET and COOKIE data sanitized
ERROR - 2016-09-02 06:27:41 --> 404 Page Not Found: Investments/bootstrap
DEBUG - 2016-09-02 06:27:42 --> UTF-8 Support Disabled
DEBUG - 2016-09-02 06:27:42 --> Global POST, GET and COOKIE data sanitized
DEBUG - 2016-09-02 06:27:42 --> cURL Class Initialized
DEBUG - 2016-09-02 06:27:42 --> OAuth2 class already loaded. Second attempt ignored.
DEBUG - 2016-09-02 06:27:42 --> C:\xampp\htdocs\bondora\application\libraries/MY_Table.php exists, but does not declare MY_Table
DEBUG - 2016-09-02 06:27:42 --> Session class already loaded. Second attempt ignored.
DEBUG - 2016-09-02 06:27:44 --> UTF-8 Support Disabled
DEBUG - 2016-09-02 06:27:44 --> Global POST, GET and COOKIE data sanitized
DEBUG - 2016-09-02 06:27:44 --> cURL Class Initialized
DEBUG - 2016-09-02 06:27:44 --> OAuth2 class already loaded. Second attempt ignored.
DEBUG - 2016-09-02 06:27:52 --> UTF-8 Support Disabled
DEBUG - 2016-09-02 06:27:52 --> Global POST, GET and COOKIE data sanitized
DEBUG - 2016-09-02 06:27:52 --> cURL Class Initialized
DEBUG - 2016-09-02 06:27:52 --> OAuth2 class already loaded. Second attempt ignored.
DEBUG - 2016-09-02 06:27:55 --> UTF-8 Support Disabled
DEBUG - 2016-09-02 06:27:55 --> Global POST, GET and COOKIE data sanitized
DEBUG - 2016-09-02 06:27:55 --> cURL Class Initialized
DEBUG - 2016-09-02 06:27:55 --> OAuth2 class already loaded. Second attempt ignored.
DEBUG - 2016-09-02 06:27:55 --> C:\xampp\htdocs\bondora\application\libraries/MY_Table.php exists, but does not declare MY_Table
DEBUG - 2016-09-02 06:27:55 --> Session class already loaded. Second attempt ignored.
DEBUG - 2016-09-02 06:27:55 --> SELECT *
FROM `select` `a`.*, `b`.`listedOnDate`, `b`.`xirr`, `b`.`secondaryId`, `b`.`desiredDiscountRate from bondora`.`investment_payload a LEFT JOIN bondora`.`secondary b ON a`.`loanPartId=b`.`loanPartId and a`.`user=b`.`user where a`.`user="mehike" order by` `a`.`signedDate`, `a`.`auctionId`
ERROR - 2016-09-02 06:27:55 --> Severity: Notice --> Undefined offset: 33 C:\xampp\htdocs\bondora\application\views\investments\index.php 880
ERROR - 2016-09-02 06:27:55 --> Severity: Notice --> Undefined offset: 33 C:\xampp\htdocs\bondora\application\views\investments\index.php 880
ERROR - 2016-09-02 06:27:55 --> Severity: Notice --> Undefined offset: 35 C:\xampp\htdocs\bondora\application\views\investments\index.php 880
ERROR - 2016-09-02 06:27:55 --> Severity: Notice --> Undefined offset: 32 C:\xampp\htdocs\bondora\application\views\investments\index.php 880
ERROR - 2016-09-02 06:27:55 --> Severity: Notice --> Undefined offset: 35 C:\xampp\htdocs\bondora\application\views\investments\index.php 880
ERROR - 2016-09-02 06:27:55 --> Severity: Notice --> Undefined offset: 30 C:\xampp\htdocs\bondora\application\views\investments\index.php 880
ERROR - 2016-09-02 06:27:55 --> Severity: Notice --> Undefined offset: 33 C:\xampp\htdocs\bondora\application\views\investments\index.php 880
ERROR - 2016-09-02 06:27:55 --> Severity: Notice --> Undefined offset: 35 C:\xampp\htdocs\bondora\application\views\investments\index.php 880
ERROR - 2016-09-02 06:27:55 --> Severity: Notice --> Undefined offset: 35 C:\xampp\htdocs\bondora\application\views\investments\index.php 880
ERROR - 2016-09-02 06:27:55 --> Severity: Notice --> Undefined offset: 35 C:\xampp\htdocs\bondora\application\views\investments\index.php 880
ERROR - 2016-09-02 06:27:55 --> Severity: Notice --> Undefined offset: 33 C:\xampp\htdocs\bondora\application\views\investments\index.php 880
ERROR - 2016-09-02 06:27:55 --> Severity: Notice --> Undefined offset: 33 C:\xampp\htdocs\bondora\application\views\investments\index.php 880
ERROR - 2016-09-02 06:27:55 --> Severity: Notice --> Undefined offset: 41 C:\xampp\htdocs\bondora\application\views\investments\index.php 880
ERROR - 2016-09-02 06:27:55 --> Severity: Notice --> Undefined offset: 30 C:\xampp\htdocs\bondora\application\views\investments\index.php 880
ERROR - 2016-09-02 06:27:55 --> Severity: Notice --> Undefined offset: 32 C:\xampp\htdocs\bondora\application\views\investments\index.php 880
ERROR - 2016-09-02 06:27:55 --> Severity: Notice --> Undefined offset: 33 C:\xampp\htdocs\bondora\application\views\investments\index.php 880
ERROR - 2016-09-02 06:27:55 --> Severity: Notice --> Undefined offset: 33 C:\xampp\htdocs\bondora\application\views\investments\index.php 880
ERROR - 2016-09-02 06:27:55 --> Severity: Notice --> Undefined offset: 33 C:\xampp\htdocs\bondora\application\views\investments\index.php 880
DEBUG - 2016-09-02 06:27:55 --> Total execution time: 0.4150
DEBUG - 2016-09-02 06:27:55 --> UTF-8 Support Disabled
DEBUG - 2016-09-02 06:27:55 --> Global POST, GET and COOKIE data sanitized
ERROR - 2016-09-02 06:27:55 --> 404 Page Not Found: Investments/bootstrap
DEBUG - 2016-09-02 06:28:01 --> UTF-8 Support Disabled
DEBUG - 2016-09-02 06:28:01 --> Global POST, GET and COOKIE data sanitized
DEBUG - 2016-09-02 06:28:01 --> cURL Class Initialized
DEBUG - 2016-09-02 06:28:01 --> OAuth2 class already loaded. Second attempt ignored.
DEBUG - 2016-09-02 06:28:01 --> C:\xampp\htdocs\bondora\application\libraries/MY_Table.php exists, but does not declare MY_Table
DEBUG - 2016-09-02 06:28:01 --> Session class already loaded. Second attempt ignored.
DEBUG - 2016-09-02 06:28:03 --> SELECT *
FROM `select` `a`.*, `b`.`listedOnDate`, `b`.`xirr`, `b`.`secondaryId`, `b`.`desiredDiscountRate from bondora`.`investment_payload a LEFT JOIN bondora`.`secondary b ON a`.`loanPartId=b`.`loanPartId and a`.`user=b`.`user where a`.`user="mehike" order by` `a`.`signedDate`, `a`.`auctionId`
ERROR - 2016-09-02 06:28:03 --> Severity: Notice --> Undefined offset: 33 C:\xampp\htdocs\bondora\application\views\investments\index.php 880
ERROR - 2016-09-02 06:28:03 --> Severity: Notice --> Undefined offset: 35 C:\xampp\htdocs\bondora\application\views\investments\index.php 880
ERROR - 2016-09-02 06:28:03 --> Severity: Notice --> Undefined offset: 32 C:\xampp\htdocs\bondora\application\views\investments\index.php 880
ERROR - 2016-09-02 06:28:03 --> Severity: Notice --> Undefined offset: 35 C:\xampp\htdocs\bondora\application\views\investments\index.php 880
ERROR - 2016-09-02 06:28:03 --> Severity: Notice --> Undefined offset: 33 C:\xampp\htdocs\bondora\application\views\investments\index.php 880
ERROR - 2016-09-02 06:28:03 --> Severity: Notice --> Undefined offset: 35 C:\xampp\htdocs\bondora\application\views\investments\index.php 880
ERROR - 2016-09-02 06:28:03 --> Severity: Notice --> Undefined offset: 35 C:\xampp\htdocs\bondora\application\views\investments\index.php 880
ERROR - 2016-09-02 06:28:03 --> Severity: Notice --> Undefined offset: 35 C:\xampp\htdocs\bondora\application\views\investments\index.php 880
ERROR - 2016-09-02 06:28:03 --> Severity: Notice --> Undefined offset: 33 C:\xampp\htdocs\bondora\application\views\investments\index.php 880
ERROR - 2016-09-02 06:28:03 --> Severity: Notice --> Undefined offset: 33 C:\xampp\htdocs\bondora\application\views\investments\index.php 880
ERROR - 2016-09-02 06:28:03 --> Severity: Notice --> Undefined offset: 41 C:\xampp\htdocs\bondora\application\views\investments\index.php 880
ERROR - 2016-09-02 06:28:03 --> Severity: Notice --> Undefined offset: 32 C:\xampp\htdocs\bondora\application\views\investments\index.php 880
ERROR - 2016-09-02 06:28:03 --> Severity: Notice --> Undefined offset: 33 C:\xampp\htdocs\bondora\application\views\investments\index.php 880
ERROR - 2016-09-02 06:28:03 --> Severity: Notice --> Undefined offset: 33 C:\xampp\htdocs\bondora\application\views\investments\index.php 880
ERROR - 2016-09-02 06:28:03 --> Severity: Notice --> Undefined offset: 33 C:\xampp\htdocs\bondora\application\views\investments\index.php 880
DEBUG - 2016-09-02 06:28:03 --> Total execution time: 1.9822
DEBUG - 2016-09-02 06:28:03 --> UTF-8 Support Disabled
DEBUG - 2016-09-02 06:28:03 --> Global POST, GET and COOKIE data sanitized
ERROR - 2016-09-02 06:28:03 --> 404 Page Not Found: Investments/bootstrap
DEBUG - 2016-09-02 06:28:12 --> UTF-8 Support Disabled
DEBUG - 2016-09-02 06:28:12 --> Global POST, GET and COOKIE data sanitized
DEBUG - 2016-09-02 06:28:12 --> cURL Class Initialized
DEBUG - 2016-09-02 06:28:12 --> OAuth2 class already loaded. Second attempt ignored.
DEBUG - 2016-09-02 06:28:12 --> C:\xampp\htdocs\bondora\application\libraries/MY_Table.php exists, but does not declare MY_Table
DEBUG - 2016-09-02 06:28:12 --> Session class already loaded. Second attempt ignored.
DEBUG - 2016-09-02 06:28:12 --> Total execution time: 0.7891
DEBUG - 2016-09-02 06:28:13 --> UTF-8 Support Disabled
DEBUG - 2016-09-02 06:28:13 --> Global POST, GET and COOKIE data sanitized
DEBUG - 2016-09-02 06:28:13 --> cURL Class Initialized
DEBUG - 2016-09-02 06:28:13 --> OAuth2 class already loaded. Second attempt ignored.
DEBUG - 2016-09-02 06:28:13 --> C:\xampp\htdocs\bondora\application\libraries/MY_Table.php exists, but does not declare MY_Table
DEBUG - 2016-09-02 06:28:13 --> Session class already loaded. Second attempt ignored.
DEBUG - 2016-09-02 06:28:13 --> Total execution time: 0.3680
DEBUG - 2016-09-02 06:28:16 --> UTF-8 Support Disabled
DEBUG - 2016-09-02 06:28:16 --> Global POST, GET and COOKIE data sanitized
DEBUG - 2016-09-02 06:28:16 --> cURL Class Initialized
DEBUG - 2016-09-02 06:28:16 --> OAuth2 class already loaded. Second attempt ignored.
DEBUG - 2016-09-02 06:28:16 --> C:\xampp\htdocs\bondora\application\libraries/MY_Table.php exists, but does not declare MY_Table
DEBUG - 2016-09-02 06:28:16 --> Session class already loaded. Second attempt ignored.
DEBUG - 2016-09-02 06:28:17 --> Total execution time: 0.6021
DEBUG - 2016-09-02 06:28:17 --> UTF-8 Support Disabled
DEBUG - 2016-09-02 06:28:17 --> Global POST, GET and COOKIE data sanitized
DEBUG - 2016-09-02 06:28:17 --> cURL Class Initialized
DEBUG - 2016-09-02 06:28:17 --> OAuth2 class already loaded. Second attempt ignored.
DEBUG - 2016-09-02 06:28:17 --> C:\xampp\htdocs\bondora\application\libraries/MY_Table.php exists, but does not declare MY_Table
DEBUG - 2016-09-02 06:28:17 --> Session class already loaded. Second attempt ignored.
DEBUG - 2016-09-02 06:28:17 --> Total execution time: 0.3930
DEBUG - 2016-09-02 06:28:24 --> UTF-8 Support Disabled
DEBUG - 2016-09-02 06:28:24 --> Global POST, GET and COOKIE data sanitized
DEBUG - 2016-09-02 06:28:24 --> cURL Class Initialized
DEBUG - 2016-09-02 06:28:24 --> OAuth2 class already loaded. Second attempt ignored.
DEBUG - 2016-09-02 06:28:24 --> C:\xampp\htdocs\bondora\application\libraries/MY_Table.php exists, but does not declare MY_Table
DEBUG - 2016-09-02 06:28:24 --> Session class already loaded. Second attempt ignored.
DEBUG - 2016-09-02 06:28:25 --> Total execution time: 0.6201
DEBUG - 2016-09-02 06:28:25 --> UTF-8 Support Disabled
DEBUG - 2016-09-02 06:28:25 --> Global POST, GET and COOKIE data sanitized
DEBUG - 2016-09-02 06:28:25 --> cURL Class Initialized
DEBUG - 2016-09-02 06:28:25 --> OAuth2 class already loaded. Second attempt ignored.
DEBUG - 2016-09-02 06:28:25 --> C:\xampp\htdocs\bondora\application\libraries/MY_Table.php exists, but does not declare MY_Table
DEBUG - 2016-09-02 06:28:25 --> Session class already loaded. Second attempt ignored.
DEBUG - 2016-09-02 06:28:25 --> Total execution time: 0.3140
DEBUG - 2016-09-02 06:28:31 --> UTF-8 Support Disabled
DEBUG - 2016-09-02 06:28:31 --> Global POST, GET and COOKIE data sanitized
DEBUG - 2016-09-02 06:28:31 --> cURL Class Initialized
DEBUG - 2016-09-02 06:28:31 --> OAuth2 class already loaded. Second attempt ignored.
DEBUG - 2016-09-02 06:28:31 --> C:\xampp\htdocs\bondora\application\libraries/MY_Table.php exists, but does not declare MY_Table
DEBUG - 2016-09-02 06:28:31 --> Session class already loaded. Second attempt ignored.
DEBUG - 2016-09-02 06:28:32 --> Total execution time: 0.8791
DEBUG - 2016-09-02 06:28:32 --> UTF-8 Support Disabled
DEBUG - 2016-09-02 06:28:32 --> Global POST, GET and COOKIE data sanitized
DEBUG - 2016-09-02 06:28:32 --> cURL Class Initialized
DEBUG - 2016-09-02 06:28:32 --> OAuth2 class already loaded. Second attempt ignored.
DEBUG - 2016-09-02 06:28:32 --> C:\xampp\htdocs\bondora\application\libraries/MY_Table.php exists, but does not declare MY_Table
DEBUG - 2016-09-02 06:28:32 --> Session class already loaded. Second attempt ignored.
DEBUG - 2016-09-02 06:28:33 --> Total execution time: 0.3540
DEBUG - 2016-09-02 06:28:37 --> UTF-8 Support Disabled
DEBUG - 2016-09-02 06:28:37 --> Global POST, GET and COOKIE data sanitized
DEBUG - 2016-09-02 06:28:37 --> cURL Class Initialized
DEBUG - 2016-09-02 06:28:37 --> OAuth2 class already loaded. Second attempt ignored.
DEBUG - 2016-09-02 06:28:37 --> C:\xampp\htdocs\bondora\application\libraries/MY_Table.php exists, but does not declare MY_Table
DEBUG - 2016-09-02 06:28:37 --> Session class already loaded. Second attempt ignored.
DEBUG - 2016-09-02 06:28:38 --> Total execution time: 0.7471
DEBUG - 2016-09-02 06:28:38 --> UTF-8 Support Disabled
DEBUG - 2016-09-02 06:28:38 --> Global POST, GET and COOKIE data sanitized
DEBUG - 2016-09-02 06:28:38 --> cURL Class Initialized
DEBUG - 2016-09-02 06:28:38 --> OAuth2 class already loaded. Second attempt ignored.
DEBUG - 2016-09-02 06:28:38 --> C:\xampp\htdocs\bondora\application\libraries/MY_Table.php exists, but does not declare MY_Table
DEBUG - 2016-09-02 06:28:38 --> Session class already loaded. Second attempt ignored.
DEBUG - 2016-09-02 06:28:38 --> Total execution time: 0.3940
DEBUG - 2016-09-02 06:28:44 --> UTF-8 Support Disabled
DEBUG - 2016-09-02 06:28:44 --> Global POST, GET and COOKIE data sanitized
DEBUG - 2016-09-02 06:28:44 --> cURL Class Initialized
DEBUG - 2016-09-02 06:28:44 --> OAuth2 class already loaded. Second attempt ignored.
DEBUG - 2016-09-02 06:28:44 --> C:\xampp\htdocs\bondora\application\libraries/MY_Table.php exists, but does not declare MY_Table
DEBUG - 2016-09-02 06:28:44 --> Session class already loaded. Second attempt ignored.
DEBUG - 2016-09-02 06:28:44 --> Total execution time: 0.5761
DEBUG - 2016-09-02 06:28:45 --> UTF-8 Support Disabled
DEBUG - 2016-09-02 06:28:45 --> Global POST, GET and COOKIE data sanitized
DEBUG - 2016-09-02 06:28:45 --> cURL Class Initialized
DEBUG - 2016-09-02 06:28:45 --> OAuth2 class already loaded. Second attempt ignored.
DEBUG - 2016-09-02 06:28:45 --> C:\xampp\htdocs\bondora\application\libraries/MY_Table.php exists, but does not declare MY_Table
DEBUG - 2016-09-02 06:28:45 --> Session class already loaded. Second attempt ignored.
DEBUG - 2016-09-02 06:28:45 --> Total execution time: 0.3250
DEBUG - 2016-09-02 06:28:47 --> UTF-8 Support Disabled
DEBUG - 2016-09-02 06:28:47 --> Global POST, GET and COOKIE data sanitized
DEBUG - 2016-09-02 06:28:47 --> cURL Class Initialized
DEBUG - 2016-09-02 06:28:47 --> OAuth2 class already loaded. Second attempt ignored.
DEBUG - 2016-09-02 06:28:48 --> C:\xampp\htdocs\bondora\application\libraries/MY_Table.php exists, but does not declare MY_Table
DEBUG - 2016-09-02 06:28:48 --> Session class already loaded. Second attempt ignored.
DEBUG - 2016-09-02 06:28:48 --> Total execution time: 0.7491
DEBUG - 2016-09-02 06:28:52 --> UTF-8 Support Disabled
DEBUG - 2016-09-02 06:28:52 --> Global POST, GET and COOKIE data sanitized
DEBUG - 2016-09-02 06:28:52 --> cURL Class Initialized
DEBUG - 2016-09-02 06:28:52 --> OAuth2 class already loaded. Second attempt ignored.
DEBUG - 2016-09-02 06:28:52 --> C:\xampp\htdocs\bondora\application\libraries/MY_Table.php exists, but does not declare MY_Table
DEBUG - 2016-09-02 06:28:52 --> Session class already loaded. Second attempt ignored.
DEBUG - 2016-09-02 06:28:52 --> Total execution time: 0.4470
DEBUG - 2016-09-02 06:28:55 --> UTF-8 Support Disabled
DEBUG - 2016-09-02 06:28:55 --> Global POST, GET and COOKIE data sanitized
DEBUG - 2016-09-02 06:28:55 --> cURL Class Initialized
DEBUG - 2016-09-02 06:28:55 --> OAuth2 class already loaded. Second attempt ignored.
DEBUG - 2016-09-02 06:28:55 --> C:\xampp\htdocs\bondora\application\libraries/MY_Table.php exists, but does not declare MY_Table
DEBUG - 2016-09-02 06:28:55 --> Session class already loaded. Second attempt ignored.
DEBUG - 2016-09-02 06:28:56 --> Total execution time: 0.5871
DEBUG - 2016-09-02 06:28:56 --> UTF-8 Support Disabled
DEBUG - 2016-09-02 06:28:56 --> Global POST, GET and COOKIE data sanitized
DEBUG - 2016-09-02 06:28:56 --> cURL Class Initialized
DEBUG - 2016-09-02 06:28:56 --> OAuth2 class already loaded. Second attempt ignored.
DEBUG - 2016-09-02 06:28:56 --> C:\xampp\htdocs\bondora\application\libraries/MY_Table.php exists, but does not declare MY_Table
DEBUG - 2016-09-02 06:28:56 --> Session class already loaded. Second attempt ignored.
DEBUG - 2016-09-02 06:28:56 --> Total execution time: 0.3290
DEBUG - 2016-09-02 06:29:02 --> UTF-8 Support Disabled
DEBUG - 2016-09-02 06:29:02 --> Global POST, GET and COOKIE data sanitized
DEBUG - 2016-09-02 06:29:02 --> cURL Class Initialized
DEBUG - 2016-09-02 06:29:02 --> OAuth2 class already loaded. Second attempt ignored.
DEBUG - 2016-09-02 06:29:02 --> C:\xampp\htdocs\bondora\application\libraries/MY_Table.php exists, but does not declare MY_Table
DEBUG - 2016-09-02 06:29:02 --> Session class already loaded. Second attempt ignored.
DEBUG - 2016-09-02 06:29:03 --> Total execution time: 0.7511
DEBUG - 2016-09-02 06:29:03 --> UTF-8 Support Disabled
DEBUG - 2016-09-02 06:29:03 --> Global POST, GET and COOKIE data sanitized
DEBUG - 2016-09-02 06:29:03 --> cURL Class Initialized
DEBUG - 2016-09-02 06:29:03 --> OAuth2 class already loaded. Second attempt ignored.
DEBUG - 2016-09-02 06:29:03 --> C:\xampp\htdocs\bondora\application\libraries/MY_Table.php exists, but does not declare MY_Table
DEBUG - 2016-09-02 06:29:03 --> Session class already loaded. Second attempt ignored.
DEBUG - 2016-09-02 06:29:03 --> Total execution time: 0.3460
DEBUG - 2016-09-02 06:29:08 --> UTF-8 Support Disabled
DEBUG - 2016-09-02 06:29:08 --> Global POST, GET and COOKIE data sanitized
DEBUG - 2016-09-02 06:29:08 --> cURL Class Initialized
DEBUG - 2016-09-02 06:29:08 --> OAuth2 class already loaded. Second attempt ignored.
DEBUG - 2016-09-02 06:29:08 --> C:\xampp\htdocs\bondora\application\libraries/MY_Table.php exists, but does not declare MY_Table
DEBUG - 2016-09-02 06:29:08 --> Session class already loaded. Second attempt ignored.
DEBUG - 2016-09-02 06:29:09 --> Total execution time: 0.8751
DEBUG - 2016-09-02 06:29:13 --> UTF-8 Support Disabled
DEBUG - 2016-09-02 06:29:13 --> Global POST, GET and COOKIE data sanitized
DEBUG - 2016-09-02 06:29:13 --> cURL Class Initialized
DEBUG - 2016-09-02 06:29:13 --> OAuth2 class already loaded. Second attempt ignored.
DEBUG - 2016-09-02 06:29:13 --> C:\xampp\htdocs\bondora\application\libraries/MY_Table.php exists, but does not declare MY_Table
DEBUG - 2016-09-02 06:29:13 --> Session class already loaded. Second attempt ignored.
DEBUG - 2016-09-02 06:29:13 --> Total execution time: 0.3910
DEBUG - 2016-09-02 06:29:15 --> UTF-8 Support Disabled
DEBUG - 2016-09-02 06:29:15 --> Global POST, GET and COOKIE data sanitized
DEBUG - 2016-09-02 06:29:15 --> cURL Class Initialized
DEBUG - 2016-09-02 06:29:15 --> OAuth2 class already loaded. Second attempt ignored.
DEBUG - 2016-09-02 06:29:15 --> C:\xampp\htdocs\bondora\application\libraries/MY_Table.php exists, but does not declare MY_Table
DEBUG - 2016-09-02 06:29:15 --> Session class already loaded. Second attempt ignored.
DEBUG - 2016-09-02 06:29:16 --> Total execution time: 0.6401
DEBUG - 2016-09-02 06:29:16 --> UTF-8 Support Disabled
DEBUG - 2016-09-02 06:29:16 --> Global POST, GET and COOKIE data sanitized
DEBUG - 2016-09-02 06:29:16 --> cURL Class Initialized
DEBUG - 2016-09-02 06:29:16 --> OAuth2 class already loaded. Second attempt ignored.
DEBUG - 2016-09-02 06:29:16 --> C:\xampp\htdocs\bondora\application\libraries/MY_Table.php exists, but does not declare MY_Table
DEBUG - 2016-09-02 06:29:16 --> Session class already loaded. Second attempt ignored.
DEBUG - 2016-09-02 06:29:16 --> Total execution time: 0.3260
DEBUG - 2016-09-02 06:29:23 --> UTF-8 Support Disabled
DEBUG - 2016-09-02 06:29:23 --> Global POST, GET and COOKIE data sanitized
DEBUG - 2016-09-02 06:29:23 --> cURL Class Initialized
DEBUG - 2016-09-02 06:29:23 --> OAuth2 class already loaded. Second attempt ignored.
DEBUG - 2016-09-02 06:29:23 --> C:\xampp\htdocs\bondora\application\libraries/MY_Table.php exists, but does not declare MY_Table
DEBUG - 2016-09-02 06:29:23 --> Session class already loaded. Second attempt ignored.
DEBUG - 2016-09-02 06:29:24 --> Total execution time: 0.8171
DEBUG - 2016-09-02 06:29:24 --> UTF-8 Support Disabled
DEBUG - 2016-09-02 06:29:24 --> Global POST, GET and COOKIE data sanitized
DEBUG - 2016-09-02 06:29:24 --> cURL Class Initialized
DEBUG - 2016-09-02 06:29:24 --> OAuth2 class already loaded. Second attempt ignored.
DEBUG - 2016-09-02 06:29:24 --> C:\xampp\htdocs\bondora\application\libraries/MY_Table.php exists, but does not declare MY_Table
DEBUG - 2016-09-02 06:29:24 --> Session class already loaded. Second attempt ignored.
DEBUG - 2016-09-02 06:29:24 --> Total execution time: 0.3630
DEBUG - 2016-09-02 06:29:27 --> UTF-8 Support Disabled
DEBUG - 2016-09-02 06:29:27 --> Global POST, GET and COOKIE data sanitized
DEBUG - 2016-09-02 06:29:27 --> cURL Class Initialized
DEBUG - 2016-09-02 06:29:27 --> OAuth2 class already loaded. Second attempt ignored.
DEBUG - 2016-09-02 06:29:27 --> C:\xampp\htdocs\bondora\application\libraries/MY_Table.php exists, but does not declare MY_Table
DEBUG - 2016-09-02 06:29:27 --> Session class already loaded. Second attempt ignored.
DEBUG - 2016-09-02 06:29:27 --> Total execution time: 0.6301
DEBUG - 2016-09-02 06:29:28 --> UTF-8 Support Disabled
DEBUG - 2016-09-02 06:29:28 --> Global POST, GET and COOKIE data sanitized
DEBUG - 2016-09-02 06:29:28 --> cURL Class Initialized
DEBUG - 2016-09-02 06:29:28 --> OAuth2 class already loaded. Second attempt ignored.
DEBUG - 2016-09-02 06:29:28 --> C:\xampp\htdocs\bondora\application\libraries/MY_Table.php exists, but does not declare MY_Table
DEBUG - 2016-09-02 06:29:28 --> Session class already loaded. Second attempt ignored.
DEBUG - 2016-09-02 06:29:28 --> Total execution time: 0.3420
DEBUG - 2016-09-02 06:29:55 --> UTF-8 Support Disabled
DEBUG - 2016-09-02 06:29:55 --> Global POST, GET and COOKIE data sanitized
DEBUG - 2016-09-02 06:29:56 --> cURL Class Initialized
DEBUG - 2016-09-02 06:29:56 --> OAuth2 class already loaded. Second attempt ignored.
DEBUG - 2016-09-02 06:29:56 --> C:\xampp\htdocs\bondora\application\libraries/MY_Table.php exists, but does not declare MY_Table
DEBUG - 2016-09-02 06:29:56 --> Session class already loaded. Second attempt ignored.
DEBUG - 2016-09-02 06:29:56 --> SELECT *
FROM `select` `a`.*, `b`.`listedOnDate`, `b`.`xirr`, `b`.`secondaryId`, `b`.`desiredDiscountRate from bondora`.`investment_payload a LEFT JOIN bondora`.`secondary b ON a`.`loanPartId=b`.`loanPartId WHERE a`.`id=3538 and user="mehike" order by` `a`.`signedDate`, `a`.`auctionId`
DEBUG - 2016-09-02 06:29:56 --> SELECT *
FROM `select` `a`.*, `b`.`listedOnDate`, `b`.`xirr`, `b`.`secondaryId`, `b`.`desiredDiscountRate from bondora`.`investment_payload a LEFT JOIN bondora`.`secondary b ON a`.`loanPartId=b`.`loanPartId WHERE a`.`id=3515 and user="mehike" order by` `a`.`signedDate`, `a`.`auctionId`
DEBUG - 2016-09-02 06:29:56 --> SELECT *
FROM `select` `a`.*, `b`.`listedOnDate`, `b`.`xirr`, `b`.`secondaryId`, `b`.`desiredDiscountRate from bondora`.`investment_payload a LEFT JOIN bondora`.`secondary b ON a`.`loanPartId=b`.`loanPartId WHERE a`.`id=3521 and user="mehike" order by` `a`.`signedDate`, `a`.`auctionId`
DEBUG - 2016-09-02 06:29:56 --> SELECT *
FROM `select` `a`.*, `b`.`listedOnDate`, `b`.`xirr`, `b`.`secondaryId`, `b`.`desiredDiscountRate from bondora`.`investment_payload a LEFT JOIN bondora`.`secondary b ON a`.`loanPartId=b`.`loanPartId WHERE a`.`id=3523 and user="mehike" order by` `a`.`signedDate`, `a`.`auctionId`
DEBUG - 2016-09-02 06:29:56 --> SELECT *
FROM `select` `a`.*, `b`.`listedOnDate`, `b`.`xirr`, `b`.`secondaryId`, `b`.`desiredDiscountRate from bondora`.`investment_payload a LEFT JOIN bondora`.`secondary b ON a`.`loanPartId=b`.`loanPartId WHERE a`.`id=3524 and user="mehike" order by` `a`.`signedDate`, `a`.`auctionId`
DEBUG - 2016-09-02 06:29:56 --> SELECT *
FROM `select` `a`.*, `b`.`listedOnDate`, `b`.`xirr`, `b`.`secondaryId`, `b`.`desiredDiscountRate from bondora`.`investment_payload a LEFT JOIN bondora`.`secondary b ON a`.`loanPartId=b`.`loanPartId WHERE a`.`id=3525 and user="mehike" order by` `a`.`signedDate`, `a`.`auctionId`
DEBUG - 2016-09-02 06:29:56 --> SELECT *
FROM `select` `a`.*, `b`.`listedOnDate`, `b`.`xirr`, `b`.`secondaryId`, `b`.`desiredDiscountRate from bondora`.`investment_payload a LEFT JOIN bondora`.`secondary b ON a`.`loanPartId=b`.`loanPartId WHERE a`.`id=3526 and user="mehike" order by` `a`.`signedDate`, `a`.`auctionId`
DEBUG - 2016-09-02 06:29:56 --> SELECT *
FROM `select` `a`.*, `b`.`listedOnDate`, `b`.`xirr`, `b`.`secondaryId`, `b`.`desiredDiscountRate from bondora`.`investment_payload a LEFT JOIN bondora`.`secondary b ON a`.`loanPartId=b`.`loanPartId WHERE a`.`id=3527 and user="mehike" order by` `a`.`signedDate`, `a`.`auctionId`
DEBUG - 2016-09-02 06:29:56 --> SELECT *
FROM `select` `a`.*, `b`.`listedOnDate`, `b`.`xirr`, `b`.`secondaryId`, `b`.`desiredDiscountRate from bondora`.`investment_payload a LEFT JOIN bondora`.`secondary b ON a`.`loanPartId=b`.`loanPartId WHERE a`.`id=3533 and user="mehike" order by` `a`.`signedDate`, `a`.`auctionId`
DEBUG - 2016-09-02 06:29:56 --> SELECT *
FROM `select` `a`.*, `b`.`listedOnDate`, `b`.`xirr`, `b`.`secondaryId`, `b`.`desiredDiscountRate from bondora`.`investment_payload a LEFT JOIN bondora`.`secondary b ON a`.`loanPartId=b`.`loanPartId WHERE a`.`id=3534 and user="mehike" order by` `a`.`signedDate`, `a`.`auctionId`
DEBUG - 2016-09-02 06:29:56 --> SELECT *
FROM `select` `a`.*, `b`.`listedOnDate`, `b`.`xirr`, `b`.`secondaryId`, `b`.`desiredDiscountRate from bondora`.`investment_payload a LEFT JOIN bondora`.`secondary b ON a`.`loanPartId=b`.`loanPartId WHERE a`.`id=3532 and user="mehike" order by` `a`.`signedDate`, `a`.`auctionId`
DEBUG - 2016-09-02 06:29:56 --> SELECT *
FROM `select` `a`.*, `b`.`listedOnDate`, `b`.`xirr`, `b`.`secondaryId`, `b`.`desiredDiscountRate from bondora`.`investment_payload a LEFT JOIN bondora`.`secondary b ON a`.`loanPartId=b`.`loanPartId WHERE a`.`id=3536 and user="mehike" order by` `a`.`signedDate`, `a`.`auctionId`
DEBUG - 2016-09-02 06:29:56 --> SELECT *
FROM `select` `a`.*, `b`.`listedOnDate`, `b`.`xirr`, `b`.`secondaryId`, `b`.`desiredDiscountRate from bondora`.`investment_payload a LEFT JOIN bondora`.`secondary b ON a`.`loanPartId=b`.`loanPartId WHERE a`.`id=3531 and user="mehike" order by` `a`.`signedDate`, `a`.`auctionId`
DEBUG - 2016-09-02 06:30:01 --> Total execution time: 6.0146
DEBUG - 2016-09-02 06:30:05 --> UTF-8 Support Disabled
DEBUG - 2016-09-02 06:30:05 --> Global POST, GET and COOKIE data sanitized
ERROR - 2016-09-02 06:30:05 --> 404 Page Not Found: Investments/bootstrap
DEBUG - 2016-09-02 06:30:06 --> UTF-8 Support Disabled
DEBUG - 2016-09-02 06:30:06 --> Global POST, GET and COOKIE data sanitized
DEBUG - 2016-09-02 06:30:06 --> cURL Class Initialized
DEBUG - 2016-09-02 06:30:06 --> OAuth2 class already loaded. Second attempt ignored.
DEBUG - 2016-09-02 06:30:06 --> C:\xampp\htdocs\bondora\application\libraries/MY_Table.php exists, but does not declare MY_Table
DEBUG - 2016-09-02 06:30:06 --> Session class already loaded. Second attempt ignored.
DEBUG - 2016-09-02 06:30:06 --> SELECT *
FROM `select` `a`.*, `b`.`listedOnDate`, `b`.`xirr`, `b`.`secondaryId`, `b`.`desiredDiscountRate from bondora`.`investment_payload a LEFT JOIN bondora`.`secondary b ON a`.`loanPartId=b`.`loanPartId and a`.`user=b`.`user where a`.`user="mehike" order by` `a`.`signedDate`, `a`.`auctionId`
ERROR - 2016-09-02 06:30:06 --> Severity: Notice --> Undefined offset: 33 C:\xampp\htdocs\bondora\application\views\investments\index.php 880
ERROR - 2016-09-02 06:30:06 --> Severity: Notice --> Undefined offset: 35 C:\xampp\htdocs\bondora\application\views\investments\index.php 880
ERROR - 2016-09-02 06:30:06 --> Severity: Notice --> Undefined offset: 32 C:\xampp\htdocs\bondora\application\views\investments\index.php 880
ERROR - 2016-09-02 06:30:06 --> Severity: Notice --> Undefined offset: 35 C:\xampp\htdocs\bondora\application\views\investments\index.php 880
ERROR - 2016-09-02 06:30:06 --> Severity: Notice --> Undefined offset: 30 C:\xampp\htdocs\bondora\application\views\investments\index.php 880
ERROR - 2016-09-02 06:30:06 --> Severity: Notice --> Undefined offset: 33 C:\xampp\htdocs\bondora\application\views\investments\index.php 880
ERROR - 2016-09-02 06:30:06 --> Severity: Notice --> Undefined offset: 35 C:\xampp\htdocs\bondora\application\views\investments\index.php 880
ERROR - 2016-09-02 06:30:06 --> Severity: Notice --> Undefined offset: 35 C:\xampp\htdocs\bondora\application\views\investments\index.php 880
ERROR - 2016-09-02 06:30:06 --> Severity: Notice --> Undefined offset: 35 C:\xampp\htdocs\bondora\application\views\investments\index.php 880
ERROR - 2016-09-02 06:30:06 --> Severity: Notice --> Undefined offset: 33 C:\xampp\htdocs\bondora\application\views\investments\index.php 880
ERROR - 2016-09-02 06:30:06 --> Severity: Notice --> Undefined offset: 33 C:\xampp\htdocs\bondora\application\views\investments\index.php 880
ERROR - 2016-09-02 06:30:06 --> Severity: Notice --> Undefined offset: 41 C:\xampp\htdocs\bondora\application\views\investments\index.php 880
ERROR - 2016-09-02 06:30:06 --> Severity: Notice --> Undefined offset: 30 C:\xampp\htdocs\bondora\application\views\investments\index.php 880
ERROR - 2016-09-02 06:30:06 --> Severity: Notice --> Undefined offset: 32 C:\xampp\htdocs\bondora\application\views\investments\index.php 880
ERROR - 2016-09-02 06:30:06 --> Severity: Notice --> Undefined offset: 33 C:\xampp\htdocs\bondora\application\views\investments\index.php 880
ERROR - 2016-09-02 06:30:06 --> Severity: Notice --> Undefined offset: 33 C:\xampp\htdocs\bondora\application\views\investments\index.php 880
ERROR - 2016-09-02 06:30:06 --> Severity: Notice --> Undefined offset: 33 C:\xampp\htdocs\bondora\application\views\investments\index.php 880
DEBUG - 2016-09-02 06:30:06 --> Total execution time: 0.1020
DEBUG - 2016-09-02 06:30:06 --> UTF-8 Support Disabled
DEBUG - 2016-09-02 06:30:06 --> Global POST, GET and COOKIE data sanitized
ERROR - 2016-09-02 06:30:06 --> 404 Page Not Found: Investments/bootstrap
DEBUG - 2016-09-02 06:30:17 --> UTF-8 Support Disabled
DEBUG - 2016-09-02 06:30:17 --> Global POST, GET and COOKIE data sanitized
DEBUG - 2016-09-02 06:30:17 --> cURL Class Initialized
DEBUG - 2016-09-02 06:30:17 --> OAuth2 class already loaded. Second attempt ignored.
DEBUG - 2016-09-02 06:30:17 --> C:\xampp\htdocs\bondora\application\libraries/MY_Table.php exists, but does not declare MY_Table
DEBUG - 2016-09-02 06:30:17 --> Session class already loaded. Second attempt ignored.
DEBUG - 2016-09-02 06:30:18 --> SELECT *
FROM `select` `a`.*, `b`.`listedOnDate`, `b`.`xirr`, `b`.`secondaryId`, `b`.`desiredDiscountRate from bondora`.`investment_payload a LEFT JOIN bondora`.`secondary b ON a`.`loanPartId=b`.`loanPartId and a`.`user=b`.`user where a`.`user="mehike" order by` `a`.`signedDate`, `a`.`auctionId`
ERROR - 2016-09-02 06:30:18 --> Severity: Notice --> Undefined offset: 33 C:\xampp\htdocs\bondora\application\views\investments\index.php 880
ERROR - 2016-09-02 06:30:18 --> Severity: Notice --> Undefined offset: 35 C:\xampp\htdocs\bondora\application\views\investments\index.php 880
ERROR - 2016-09-02 06:30:18 --> Severity: Notice --> Undefined offset: 32 C:\xampp\htdocs\bondora\application\views\investments\index.php 880
ERROR - 2016-09-02 06:30:18 --> Severity: Notice --> Undefined offset: 35 C:\xampp\htdocs\bondora\application\views\investments\index.php 880
ERROR - 2016-09-02 06:30:18 --> Severity: Notice --> Undefined offset: 33 C:\xampp\htdocs\bondora\application\views\investments\index.php 880
ERROR - 2016-09-02 06:30:18 --> Severity: Notice --> Undefined offset: 35 C:\xampp\htdocs\bondora\application\views\investments\index.php 880
ERROR - 2016-09-02 06:30:18 --> Severity: Notice --> Undefined offset: 35 C:\xampp\htdocs\bondora\application\views\investments\index.php 880
ERROR - 2016-09-02 06:30:18 --> Severity: Notice --> Undefined offset: 35 C:\xampp\htdocs\bondora\application\views\investments\index.php 880
ERROR - 2016-09-02 06:30:18 --> Severity: Notice --> Undefined offset: 33 C:\xampp\htdocs\bondora\application\views\investments\index.php 880
ERROR - 2016-09-02 06:30:18 --> Severity: Notice --> Undefined offset: 33 C:\xampp\htdocs\bondora\application\views\investments\index.php 880
ERROR - 2016-09-02 06:30:18 --> Severity: Notice --> Undefined offset: 41 C:\xampp\htdocs\bondora\application\views\investments\index.php 880
ERROR - 2016-09-02 06:30:18 --> Severity: Notice --> Undefined offset: 32 C:\xampp\htdocs\bondora\application\views\investments\index.php 880
ERROR - 2016-09-02 06:30:18 --> Severity: Notice --> Undefined offset: 33 C:\xampp\htdocs\bondora\application\views\investments\index.php 880
ERROR - 2016-09-02 06:30:18 --> Severity: Notice --> Undefined offset: 33 C:\xampp\htdocs\bondora\application\views\investments\index.php 880
ERROR - 2016-09-02 06:30:18 --> Severity: Notice --> Undefined offset: 33 C:\xampp\htdocs\bondora\application\views\investments\index.php 880
DEBUG - 2016-09-02 06:30:18 --> Total execution time: 1.0081
DEBUG - 2016-09-02 06:30:18 --> UTF-8 Support Disabled
DEBUG - 2016-09-02 06:30:18 --> Global POST, GET and COOKIE data sanitized
ERROR - 2016-09-02 06:30:18 --> 404 Page Not Found: Investments/bootstrap
DEBUG - 2016-09-02 06:30:24 --> UTF-8 Support Disabled
DEBUG - 2016-09-02 06:30:24 --> Global POST, GET and COOKIE data sanitized
DEBUG - 2016-09-02 06:30:24 --> cURL Class Initialized
DEBUG - 2016-09-02 06:30:24 --> OAuth2 class already loaded. Second attempt ignored.
DEBUG - 2016-09-02 06:30:24 --> C:\xampp\htdocs\bondora\application\libraries/MY_Table.php exists, but does not declare MY_Table
DEBUG - 2016-09-02 06:30:24 --> Session class already loaded. Second attempt ignored.
DEBUG - 2016-09-02 06:30:25 --> Total execution time: 0.7791
DEBUG - 2016-09-02 06:30:25 --> UTF-8 Support Disabled
DEBUG - 2016-09-02 06:30:25 --> Global POST, GET and COOKIE data sanitized
DEBUG - 2016-09-02 06:30:25 --> cURL Class Initialized
DEBUG - 2016-09-02 06:30:25 --> OAuth2 class already loaded. Second attempt ignored.
DEBUG - 2016-09-02 06:30:25 --> C:\xampp\htdocs\bondora\application\libraries/MY_Table.php exists, but does not declare MY_Table
DEBUG - 2016-09-02 06:30:25 --> Session class already loaded. Second attempt ignored.
DEBUG - 2016-09-02 06:30:25 --> Total execution time: 0.3950
DEBUG - 2016-09-02 06:30:30 --> UTF-8 Support Disabled
DEBUG - 2016-09-02 06:30:30 --> Global POST, GET and COOKIE data sanitized
DEBUG - 2016-09-02 06:30:30 --> cURL Class Initialized
DEBUG - 2016-09-02 06:30:30 --> OAuth2 class already loaded. Second attempt ignored.
DEBUG - 2016-09-02 06:30:30 --> C:\xampp\htdocs\bondora\application\libraries/MY_Table.php exists, but does not declare MY_Table
DEBUG - 2016-09-02 06:30:30 --> Session class already loaded. Second attempt ignored.
DEBUG - 2016-09-02 06:30:30 --> Total execution time: 0.7071
DEBUG - 2016-09-02 06:30:30 --> UTF-8 Support Disabled
DEBUG - 2016-09-02 06:30:30 --> Global POST, GET and COOKIE data sanitized
DEBUG - 2016-09-02 06:30:31 --> cURL Class Initialized
DEBUG - 2016-09-02 06:30:31 --> OAuth2 class already loaded. Second attempt ignored.
DEBUG - 2016-09-02 06:30:31 --> C:\xampp\htdocs\bondora\application\libraries/MY_Table.php exists, but does not declare MY_Table
DEBUG - 2016-09-02 06:30:31 --> Session class already loaded. Second attempt ignored.
DEBUG - 2016-09-02 06:30:31 --> Total execution time: 0.4930
DEBUG - 2016-09-02 06:30:48 --> UTF-8 Support Disabled
DEBUG - 2016-09-02 06:30:48 --> Global POST, GET and COOKIE data sanitized
DEBUG - 2016-09-02 06:30:48 --> cURL Class Initialized
DEBUG - 2016-09-02 06:30:48 --> OAuth2 class already loaded. Second attempt ignored.
DEBUG - 2016-09-02 06:30:48 --> C:\xampp\htdocs\bondora\application\libraries/MY_Table.php exists, but does not declare MY_Table
DEBUG - 2016-09-02 06:30:48 --> Session class already loaded. Second attempt ignored.
DEBUG - 2016-09-02 06:30:48 --> SELECT *
FROM `select` `a`.*, `b`.`listedOnDate`, `b`.`xirr`, `b`.`secondaryId`, `b`.`desiredDiscountRate from bondora`.`investment_payload a LEFT JOIN bondora`.`secondary b ON a`.`loanPartId=b`.`loanPartId WHERE a`.`id=3550 and user="mehike" order by` `a`.`signedDate`, `a`.`auctionId`
DEBUG - 2016-09-02 06:30:48 --> SELECT *
FROM `select` `a`.*, `b`.`listedOnDate`, `b`.`xirr`, `b`.`secondaryId`, `b`.`desiredDiscountRate from bondora`.`investment_payload a LEFT JOIN bondora`.`secondary b ON a`.`loanPartId=b`.`loanPartId WHERE a`.`id=3567 and user="mehike" order by` `a`.`signedDate`, `a`.`auctionId`
DEBUG - 2016-09-02 06:30:50 --> Total execution time: 1.6142
DEBUG - 2016-09-02 06:30:50 --> UTF-8 Support Disabled
DEBUG - 2016-09-02 06:30:50 --> Global POST, GET and COOKIE data sanitized
ERROR - 2016-09-02 06:30:50 --> 404 Page Not Found: Investments/bootstrap
DEBUG - 2016-09-02 06:30:54 --> UTF-8 Support Disabled
DEBUG - 2016-09-02 06:30:54 --> Global POST, GET and COOKIE data sanitized
DEBUG - 2016-09-02 06:30:54 --> cURL Class Initialized
DEBUG - 2016-09-02 06:30:54 --> OAuth2 class already loaded. Second attempt ignored.
DEBUG - 2016-09-02 06:30:54 --> C:\xampp\htdocs\bondora\application\libraries/MY_Table.php exists, but does not declare MY_Table
DEBUG - 2016-09-02 06:30:54 --> Session class already loaded. Second attempt ignored.
DEBUG - 2016-09-02 06:30:54 --> SELECT *
FROM `select` `a`.*, `b`.`listedOnDate`, `b`.`xirr`, `b`.`secondaryId`, `b`.`desiredDiscountRate from bondora`.`investment_payload a LEFT JOIN bondora`.`secondary b ON a`.`loanPartId=b`.`loanPartId and a`.`user=b`.`user where a`.`user="mehike" order by` `a`.`signedDate`, `a`.`auctionId`
ERROR - 2016-09-02 06:30:54 --> Severity: Notice --> Undefined offset: 33 C:\xampp\htdocs\bondora\application\views\investments\index.php 880
ERROR - 2016-09-02 06:30:54 --> Severity: Notice --> Undefined offset: 35 C:\xampp\htdocs\bondora\application\views\investments\index.php 880
ERROR - 2016-09-02 06:30:54 --> Severity: Notice --> Undefined offset: 32 C:\xampp\htdocs\bondora\application\views\investments\index.php 880
ERROR - 2016-09-02 06:30:54 --> Severity: Notice --> Undefined offset: 35 C:\xampp\htdocs\bondora\application\views\investments\index.php 880
ERROR - 2016-09-02 06:30:54 --> Severity: Notice --> Undefined offset: 30 C:\xampp\htdocs\bondora\application\views\investments\index.php 880
ERROR - 2016-09-02 06:30:54 --> Severity: Notice --> Undefined offset: 33 C:\xampp\htdocs\bondora\application\views\investments\index.php 880
ERROR - 2016-09-02 06:30:54 --> Severity: Notice --> Undefined offset: 35 C:\xampp\htdocs\bondora\application\views\investments\index.php 880
ERROR - 2016-09-02 06:30:54 --> Severity: Notice --> Undefined offset: 35 C:\xampp\htdocs\bondora\application\views\investments\index.php 880
ERROR - 2016-09-02 06:30:54 --> Severity: Notice --> Undefined offset: 35 C:\xampp\htdocs\bondora\application\views\investments\index.php 880
ERROR - 2016-09-02 06:30:54 --> Severity: Notice --> Undefined offset: 33 C:\xampp\htdocs\bondora\application\views\investments\index.php 880
ERROR - 2016-09-02 06:30:54 --> Severity: Notice --> Undefined offset: 33 C:\xampp\htdocs\bondora\application\views\investments\index.php 880
ERROR - 2016-09-02 06:30:54 --> Severity: Notice --> Undefined offset: 41 C:\xampp\htdocs\bondora\application\views\investments\index.php 880
ERROR - 2016-09-02 06:30:54 --> Severity: Notice --> Undefined offset: 30 C:\xampp\htdocs\bondora\application\views\investments\index.php 880
ERROR - 2016-09-02 06:30:54 --> Severity: Notice --> Undefined offset: 32 C:\xampp\htdocs\bondora\application\views\investments\index.php 880
ERROR - 2016-09-02 06:30:54 --> Severity: Notice --> Undefined offset: 33 C:\xampp\htdocs\bondora\application\views\investments\index.php 880
ERROR - 2016-09-02 06:30:54 --> Severity: Notice --> Undefined offset: 33 C:\xampp\htdocs\bondora\application\views\investments\index.php 880
ERROR - 2016-09-02 06:30:54 --> Severity: Notice --> Undefined offset: 33 C:\xampp\htdocs\bondora\application\views\investments\index.php 880
DEBUG - 2016-09-02 06:30:54 --> Total execution time: 0.1150
DEBUG - 2016-09-02 06:30:54 --> UTF-8 Support Disabled
DEBUG - 2016-09-02 06:30:54 --> Global POST, GET and COOKIE data sanitized
ERROR - 2016-09-02 06:30:54 --> 404 Page Not Found: Investments/bootstrap
DEBUG - 2016-09-02 06:30:56 --> UTF-8 Support Disabled
DEBUG - 2016-09-02 06:30:56 --> Global POST, GET and COOKIE data sanitized
DEBUG - 2016-09-02 06:30:56 --> cURL Class Initialized
DEBUG - 2016-09-02 06:30:56 --> OAuth2 class already loaded. Second attempt ignored.
DEBUG - 2016-09-02 06:30:56 --> C:\xampp\htdocs\bondora\application\libraries/MY_Table.php exists, but does not declare MY_Table
DEBUG - 2016-09-02 06:30:56 --> Session class already loaded. Second attempt ignored.
DEBUG - 2016-09-02 06:30:57 --> SELECT *
FROM `select` `a`.*, `b`.`listedOnDate`, `b`.`xirr`, `b`.`secondaryId`, `b`.`desiredDiscountRate from bondora`.`investment_payload a LEFT JOIN bondora`.`secondary b ON a`.`loanPartId=b`.`loanPartId and a`.`user=b`.`user where a`.`user="mehike" order by` `a`.`signedDate`, `a`.`auctionId`
ERROR - 2016-09-02 06:30:57 --> Severity: Notice --> Undefined offset: 33 C:\xampp\htdocs\bondora\application\views\investments\index.php 880
ERROR - 2016-09-02 06:30:57 --> Severity: Notice --> Undefined offset: 35 C:\xampp\htdocs\bondora\application\views\investments\index.php 880
ERROR - 2016-09-02 06:30:57 --> Severity: Notice --> Undefined offset: 32 C:\xampp\htdocs\bondora\application\views\investments\index.php 880
ERROR - 2016-09-02 06:30:57 --> Severity: Notice --> Undefined offset: 35 C:\xampp\htdocs\bondora\application\views\investments\index.php 880
ERROR - 2016-09-02 06:30:57 --> Severity: Notice --> Undefined offset: 33 C:\xampp\htdocs\bondora\application\views\investments\index.php 880
ERROR - 2016-09-02 06:30:57 --> Severity: Notice --> Undefined offset: 35 C:\xampp\htdocs\bondora\application\views\investments\index.php 880
ERROR - 2016-09-02 06:30:57 --> Severity: Notice --> Undefined offset: 35 C:\xampp\htdocs\bondora\application\views\investments\index.php 880
ERROR - 2016-09-02 06:30:57 --> Severity: Notice --> Undefined offset: 35 C:\xampp\htdocs\bondora\application\views\investments\index.php 880
ERROR - 2016-09-02 06:30:57 --> Severity: Notice --> Undefined offset: 33 C:\xampp\htdocs\bondora\application\views\investments\index.php 880
ERROR - 2016-09-02 06:30:57 --> Severity: Notice --> Undefined offset: 33 C:\xampp\htdocs\bondora\application\views\investments\index.php 880
ERROR - 2016-09-02 06:30:57 --> Severity: Notice --> Undefined offset: 41 C:\xampp\htdocs\bondora\application\views\investments\index.php 880
ERROR - 2016-09-02 06:30:57 --> Severity: Notice --> Undefined offset: 32 C:\xampp\htdocs\bondora\application\views\investments\index.php 880
ERROR - 2016-09-02 06:30:57 --> Severity: Notice --> Undefined offset: 33 C:\xampp\htdocs\bondora\application\views\investments\index.php 880
ERROR - 2016-09-02 06:30:57 --> Severity: Notice --> Undefined offset: 33 C:\xampp\htdocs\bondora\application\views\investments\index.php 880
ERROR - 2016-09-02 06:30:57 --> Severity: Notice --> Undefined offset: 33 C:\xampp\htdocs\bondora\application\views\investments\index.php 880
DEBUG - 2016-09-02 06:30:57 --> Total execution time: 0.9801
DEBUG - 2016-09-02 06:30:57 --> UTF-8 Support Disabled
DEBUG - 2016-09-02 06:30:57 --> Global POST, GET and COOKIE data sanitized
ERROR - 2016-09-02 06:30:57 --> 404 Page Not Found: Investments/bootstrap
DEBUG - 2016-09-02 06:31:16 --> UTF-8 Support Disabled
DEBUG - 2016-09-02 06:31:16 --> Global POST, GET and COOKIE data sanitized
DEBUG - 2016-09-02 06:31:16 --> cURL Class Initialized
DEBUG - 2016-09-02 06:31:16 --> OAuth2 class already loaded. Second attempt ignored.
DEBUG - 2016-09-02 06:31:16 --> C:\xampp\htdocs\bondora\application\libraries/MY_Table.php exists, but does not declare MY_Table
DEBUG - 2016-09-02 06:31:16 --> Session class already loaded. Second attempt ignored.
DEBUG - 2016-09-02 06:31:18 --> SELECT *
FROM `select` `a`.*, `b`.`listedOnDate`, `b`.`xirr`, `b`.`secondaryId`, `b`.`desiredDiscountRate from bondora`.`investment_payload a LEFT JOIN bondora`.`secondary b ON a`.`loanPartId=b`.`loanPartId and a`.`user=b`.`user where a`.`user="mehike" order by` `a`.`signedDate`, `a`.`auctionId`
ERROR - 2016-09-02 06:31:18 --> Severity: Notice --> Undefined offset: 33 C:\xampp\htdocs\bondora\application\views\investments\index.php 880
ERROR - 2016-09-02 06:31:18 --> Severity: Notice --> Undefined offset: 35 C:\xampp\htdocs\bondora\application\views\investments\index.php 880
ERROR - 2016-09-02 06:31:18 --> Severity: Notice --> Undefined offset: 32 C:\xampp\htdocs\bondora\application\views\investments\index.php 880
ERROR - 2016-09-02 06:31:18 --> Severity: Notice --> Undefined offset: 35 C:\xampp\htdocs\bondora\application\views\investments\index.php 880
ERROR - 2016-09-02 06:31:18 --> Severity: Notice --> Undefined offset: 33 C:\xampp\htdocs\bondora\application\views\investments\index.php 880
ERROR - 2016-09-02 06:31:18 --> Severity: Notice --> Undefined offset: 35 C:\xampp\htdocs\bondora\application\views\investments\index.php 880
ERROR - 2016-09-02 06:31:18 --> Severity: Notice --> Undefined offset: 35 C:\xampp\htdocs\bondora\application\views\investments\index.php 880
ERROR - 2016-09-02 06:31:18 --> Severity: Notice --> Undefined offset: 35 C:\xampp\htdocs\bondora\application\views\investments\index.php 880
ERROR - 2016-09-02 06:31:18 --> Severity: Notice --> Undefined offset: 33 C:\xampp\htdocs\bondora\application\views\investments\index.php 880
ERROR - 2016-09-02 06:31:18 --> Severity: Notice --> Undefined offset: 33 C:\xampp\htdocs\bondora\application\views\investments\index.php 880
ERROR - 2016-09-02 06:31:18 --> Severity: Notice --> Undefined offset: 41 C:\xampp\htdocs\bondora\application\views\investments\index.php 880
ERROR - 2016-09-02 06:31:18 --> Severity: Notice --> Undefined offset: 32 C:\xampp\htdocs\bondora\application\views\investments\index.php 880
ERROR - 2016-09-02 06:31:18 --> Severity: Notice --> Undefined offset: 33 C:\xampp\htdocs\bondora\application\views\investments\index.php 880
ERROR - 2016-09-02 06:31:18 --> Severity: Notice --> Undefined offset: 33 C:\xampp\htdocs\bondora\application\views\investments\index.php 880
ERROR - 2016-09-02 06:31:18 --> Severity: Notice --> Undefined offset: 33 C:\xampp\htdocs\bondora\application\views\investments\index.php 880
DEBUG - 2016-09-02 06:31:18 --> Total execution time: 1.2461
DEBUG - 2016-09-02 07:46:41 --> UTF-8 Support Disabled
DEBUG - 2016-09-02 07:46:41 --> Global POST, GET and COOKIE data sanitized
DEBUG - 2016-09-02 07:46:41 --> cURL Class Initialized
DEBUG - 2016-09-02 07:46:41 --> OAuth2 class already loaded. Second attempt ignored.
DEBUG - 2016-09-02 07:46:42 --> C:\xampp\htdocs\bondora\application\libraries/MY_Table.php exists, but does not declare MY_Table
DEBUG - 2016-09-02 07:46:42 --> Session class already loaded. Second attempt ignored.
DEBUG - 2016-09-02 07:46:42 --> SELECT *
FROM `select` `a`.*, `b`.`statusCode from auction_payload a LEFT JOIN bid_payload b ON a`.`auctionId=b`.`auctionId and a`.`user=b`.`userName where` `user="mehike"`
DEBUG - 2016-09-02 07:46:42 --> Total execution time: 0.4360
DEBUG - 2016-09-02 07:46:42 --> UTF-8 Support Disabled
DEBUG - 2016-09-02 07:46:42 --> Global POST, GET and COOKIE data sanitized
ERROR - 2016-09-02 07:46:42 --> 404 Page Not Found: Auctions/bootstrap
DEBUG - 2016-09-02 07:46:48 --> UTF-8 Support Disabled
DEBUG - 2016-09-02 07:46:48 --> Global POST, GET and COOKIE data sanitized
DEBUG - 2016-09-02 07:46:48 --> cURL Class Initialized
DEBUG - 2016-09-02 07:46:48 --> OAuth2 class already loaded. Second attempt ignored.
DEBUG - 2016-09-02 07:46:48 --> C:\xampp\htdocs\bondora\application\libraries/MY_Table.php exists, but does not declare MY_Table
DEBUG - 2016-09-02 07:46:48 --> Session class already loaded. Second attempt ignored.
DEBUG - 2016-09-02 07:46:48 --> UTF-8 Support Disabled
DEBUG - 2016-09-02 07:46:48 --> Global POST, GET and COOKIE data sanitized
DEBUG - 2016-09-02 07:46:48 --> cURL Class Initialized
DEBUG - 2016-09-02 07:46:48 --> OAuth2 class already loaded. Second attempt ignored.
DEBUG - 2016-09-02 07:46:48 --> Session class already loaded. Second attempt ignored.
DEBUG - 2016-09-02 07:46:48 --> Total execution time: 0.0660
DEBUG - 2016-09-02 07:46:48 --> UTF-8 Support Disabled
DEBUG - 2016-09-02 07:46:48 --> Global POST, GET and COOKIE data sanitized
ERROR - 2016-09-02 07:46:48 --> 404 Page Not Found: User/bootstrap
