DEBUG - 2016-08-10 06:13:40 --> UTF-8 Support Disabled
DEBUG - 2016-08-10 06:13:40 --> Global POST, GET and COOKIE data sanitized
DEBUG - 2016-08-10 06:13:40 --> cURL Class Initialized
DEBUG - 2016-08-10 06:13:40 --> OAuth2 class already loaded. Second attempt ignored.
DEBUG - 2016-08-10 06:13:40 --> C:\xampp\htdocs\bondora\application\libraries/MY_Table.php exists, but does not declare MY_Table
DEBUG - 2016-08-10 06:13:40 --> Session class already loaded. Second attempt ignored.
DEBUG - 2016-08-10 06:13:41 --> UTF-8 Support Disabled
DEBUG - 2016-08-10 06:13:41 --> Global POST, GET and COOKIE data sanitized
DEBUG - 2016-08-10 06:13:41 --> cURL Class Initialized
DEBUG - 2016-08-10 06:13:41 --> OAuth2 class already loaded. Second attempt ignored.
DEBUG - 2016-08-10 06:13:41 --> Session class already loaded. Second attempt ignored.
DEBUG - 2016-08-10 06:13:41 --> Total execution time: 0.0730
DEBUG - 2016-08-10 06:13:41 --> UTF-8 Support Disabled
DEBUG - 2016-08-10 06:13:41 --> Global POST, GET and COOKIE data sanitized
ERROR - 2016-08-10 06:13:41 --> 404 Page Not Found: User/bootstrap
DEBUG - 2016-08-10 06:13:49 --> UTF-8 Support Disabled
DEBUG - 2016-08-10 06:13:49 --> Global POST, GET and COOKIE data sanitized
DEBUG - 2016-08-10 06:13:49 --> cURL Class Initialized
DEBUG - 2016-08-10 06:13:49 --> OAuth2 class already loaded. Second attempt ignored.
DEBUG - 2016-08-10 06:13:49 --> Session class already loaded. Second attempt ignored.
DEBUG - 2016-08-10 06:13:49 --> UTF-8 Support Disabled
DEBUG - 2016-08-10 06:13:49 --> Global POST, GET and COOKIE data sanitized
DEBUG - 2016-08-10 06:13:49 --> cURL Class Initialized
DEBUG - 2016-08-10 06:13:49 --> OAuth2 class already loaded. Second attempt ignored.
DEBUG - 2016-08-10 06:13:49 --> C:\xampp\htdocs\bondora\application\libraries/MY_Table.php exists, but does not declare MY_Table
DEBUG - 2016-08-10 06:13:49 --> Session class already loaded. Second attempt ignored.
DEBUG - 2016-08-10 06:13:49 --> SELECT *
FROM `select` `a`.*, `b`.`statusCode from auction_payload a LEFT JOIN bid_payload b ON a`.`auctionId=b`.`auctionId and a`.`user=b`.`userName where` `user="mehike"`
DEBUG - 2016-08-10 06:13:49 --> Total execution time: 0.1510
DEBUG - 2016-08-10 06:13:50 --> UTF-8 Support Disabled
DEBUG - 2016-08-10 06:13:50 --> Global POST, GET and COOKIE data sanitized
ERROR - 2016-08-10 06:13:50 --> 404 Page Not Found: Auctions/bootstrap
DEBUG - 2016-08-10 06:13:53 --> UTF-8 Support Disabled
DEBUG - 2016-08-10 06:13:53 --> Global POST, GET and COOKIE data sanitized
DEBUG - 2016-08-10 06:13:53 --> cURL Class Initialized
DEBUG - 2016-08-10 06:13:53 --> OAuth2 class already loaded. Second attempt ignored.
DEBUG - 2016-08-10 06:13:53 --> C:\xampp\htdocs\bondora\application\libraries/MY_Table.php exists, but does not declare MY_Table
DEBUG - 2016-08-10 06:13:53 --> Session class already loaded. Second attempt ignored.
DEBUG - 2016-08-10 06:13:53 --> SELECT *
FROM `select` `a`.*, `b`.`listedOnDate`, `b`.`xirr`, `b`.`secondaryId`, `b`.`desiredDiscountRate from bondora`.`investment_payload a LEFT JOIN bondora`.`secondary b ON a`.`loanPartId=b`.`loanPartId and a`.`user=b`.`user where a`.`user="mehike" order by` `a`.`signedDate`, `a`.`auctionId`
ERROR - 2016-08-10 06:13:53 --> Severity: Notice --> Undefined offset: 33 C:\xampp\htdocs\bondora\application\views\investments\index.php 880
ERROR - 2016-08-10 06:13:53 --> Severity: Notice --> Undefined offset: 33 C:\xampp\htdocs\bondora\application\views\investments\index.php 880
ERROR - 2016-08-10 06:13:53 --> Severity: Notice --> Undefined offset: 33 C:\xampp\htdocs\bondora\application\views\investments\index.php 880
ERROR - 2016-08-10 06:13:53 --> Severity: Notice --> Undefined offset: 33 C:\xampp\htdocs\bondora\application\views\investments\index.php 880
ERROR - 2016-08-10 06:13:53 --> Severity: Notice --> Undefined offset: 31 C:\xampp\htdocs\bondora\application\views\investments\index.php 880
ERROR - 2016-08-10 06:13:53 --> Severity: Notice --> Undefined offset: 33 C:\xampp\htdocs\bondora\application\views\investments\index.php 880
ERROR - 2016-08-10 06:13:53 --> Severity: Notice --> Undefined offset: 33 C:\xampp\htdocs\bondora\application\views\investments\index.php 880
ERROR - 2016-08-10 06:13:53 --> Severity: Notice --> Undefined offset: 30 C:\xampp\htdocs\bondora\application\views\investments\index.php 880
ERROR - 2016-08-10 06:13:53 --> Severity: Notice --> Undefined offset: 32 C:\xampp\htdocs\bondora\application\views\investments\index.php 880
ERROR - 2016-08-10 06:13:53 --> Severity: Notice --> Undefined offset: 32 C:\xampp\htdocs\bondora\application\views\investments\index.php 880
ERROR - 2016-08-10 06:13:53 --> Severity: Notice --> Undefined offset: 32 C:\xampp\htdocs\bondora\application\views\investments\index.php 880
ERROR - 2016-08-10 06:13:53 --> Severity: Notice --> Undefined offset: 33 C:\xampp\htdocs\bondora\application\views\investments\index.php 880
ERROR - 2016-08-10 06:13:53 --> Severity: Notice --> Undefined offset: 33 C:\xampp\htdocs\bondora\application\views\investments\index.php 880
ERROR - 2016-08-10 06:13:53 --> Severity: Notice --> Undefined offset: 33 C:\xampp\htdocs\bondora\application\views\investments\index.php 880
ERROR - 2016-08-10 06:13:53 --> Severity: Notice --> Undefined offset: 33 C:\xampp\htdocs\bondora\application\views\investments\index.php 880
ERROR - 2016-08-10 06:13:53 --> Severity: Notice --> Undefined offset: 41 C:\xampp\htdocs\bondora\application\views\investments\index.php 880
ERROR - 2016-08-10 06:13:53 --> Severity: Notice --> Undefined offset: 30 C:\xampp\htdocs\bondora\application\views\investments\index.php 880
ERROR - 2016-08-10 06:13:53 --> Severity: Notice --> Undefined offset: 31 C:\xampp\htdocs\bondora\application\views\investments\index.php 880
ERROR - 2016-08-10 06:13:53 --> Severity: Notice --> Undefined offset: 33 C:\xampp\htdocs\bondora\application\views\investments\index.php 880
ERROR - 2016-08-10 06:13:53 --> Severity: Notice --> Undefined offset: 33 C:\xampp\htdocs\bondora\application\views\investments\index.php 880
ERROR - 2016-08-10 06:13:53 --> Severity: Notice --> Undefined offset: 32 C:\xampp\htdocs\bondora\application\views\investments\index.php 880
DEBUG - 2016-08-10 06:13:53 --> Total execution time: 0.0880
DEBUG - 2016-08-10 06:13:53 --> UTF-8 Support Disabled
DEBUG - 2016-08-10 06:13:53 --> Global POST, GET and COOKIE data sanitized
ERROR - 2016-08-10 06:13:53 --> 404 Page Not Found: Investments/bootstrap
DEBUG - 2016-08-10 06:13:54 --> UTF-8 Support Disabled
DEBUG - 2016-08-10 06:13:54 --> Global POST, GET and COOKIE data sanitized
DEBUG - 2016-08-10 06:13:54 --> cURL Class Initialized
DEBUG - 2016-08-10 06:13:54 --> OAuth2 class already loaded. Second attempt ignored.
DEBUG - 2016-08-10 06:13:54 --> C:\xampp\htdocs\bondora\application\libraries/MY_Table.php exists, but does not declare MY_Table
DEBUG - 2016-08-10 06:13:54 --> Session class already loaded. Second attempt ignored.
DEBUG - 2016-08-10 06:13:56 --> UTF-8 Support Disabled
DEBUG - 2016-08-10 06:13:56 --> Global POST, GET and COOKIE data sanitized
DEBUG - 2016-08-10 06:13:56 --> cURL Class Initialized
DEBUG - 2016-08-10 06:13:56 --> OAuth2 class already loaded. Second attempt ignored.
DEBUG - 2016-08-10 06:14:03 --> UTF-8 Support Disabled
DEBUG - 2016-08-10 06:14:03 --> Global POST, GET and COOKIE data sanitized
DEBUG - 2016-08-10 06:14:03 --> cURL Class Initialized
DEBUG - 2016-08-10 06:14:03 --> OAuth2 class already loaded. Second attempt ignored.
DEBUG - 2016-08-10 06:14:06 --> UTF-8 Support Disabled
DEBUG - 2016-08-10 06:14:06 --> Global POST, GET and COOKIE data sanitized
DEBUG - 2016-08-10 06:14:06 --> cURL Class Initialized
DEBUG - 2016-08-10 06:14:06 --> OAuth2 class already loaded. Second attempt ignored.
DEBUG - 2016-08-10 06:14:06 --> C:\xampp\htdocs\bondora\application\libraries/MY_Table.php exists, but does not declare MY_Table
DEBUG - 2016-08-10 06:14:06 --> Session class already loaded. Second attempt ignored.
DEBUG - 2016-08-10 06:14:06 --> SELECT *
FROM `select` `a`.*, `b`.`listedOnDate`, `b`.`xirr`, `b`.`secondaryId`, `b`.`desiredDiscountRate from bondora`.`investment_payload a LEFT JOIN bondora`.`secondary b ON a`.`loanPartId=b`.`loanPartId and a`.`user=b`.`user where a`.`user="mehike" order by` `a`.`signedDate`, `a`.`auctionId`
ERROR - 2016-08-10 06:14:06 --> Severity: Notice --> Undefined offset: 33 C:\xampp\htdocs\bondora\application\views\investments\index.php 880
ERROR - 2016-08-10 06:14:06 --> Severity: Notice --> Undefined offset: 33 C:\xampp\htdocs\bondora\application\views\investments\index.php 880
ERROR - 2016-08-10 06:14:06 --> Severity: Notice --> Undefined offset: 33 C:\xampp\htdocs\bondora\application\views\investments\index.php 880
ERROR - 2016-08-10 06:14:06 --> Severity: Notice --> Undefined offset: 33 C:\xampp\htdocs\bondora\application\views\investments\index.php 880
ERROR - 2016-08-10 06:14:06 --> Severity: Notice --> Undefined offset: 31 C:\xampp\htdocs\bondora\application\views\investments\index.php 880
ERROR - 2016-08-10 06:14:06 --> Severity: Notice --> Undefined offset: 33 C:\xampp\htdocs\bondora\application\views\investments\index.php 880
ERROR - 2016-08-10 06:14:06 --> Severity: Notice --> Undefined offset: 33 C:\xampp\htdocs\bondora\application\views\investments\index.php 880
ERROR - 2016-08-10 06:14:06 --> Severity: Notice --> Undefined offset: 30 C:\xampp\htdocs\bondora\application\views\investments\index.php 880
ERROR - 2016-08-10 06:14:06 --> Severity: Notice --> Undefined offset: 32 C:\xampp\htdocs\bondora\application\views\investments\index.php 880
ERROR - 2016-08-10 06:14:06 --> Severity: Notice --> Undefined offset: 32 C:\xampp\htdocs\bondora\application\views\investments\index.php 880
ERROR - 2016-08-10 06:14:06 --> Severity: Notice --> Undefined offset: 32 C:\xampp\htdocs\bondora\application\views\investments\index.php 880
ERROR - 2016-08-10 06:14:06 --> Severity: Notice --> Undefined offset: 33 C:\xampp\htdocs\bondora\application\views\investments\index.php 880
ERROR - 2016-08-10 06:14:06 --> Severity: Notice --> Undefined offset: 33 C:\xampp\htdocs\bondora\application\views\investments\index.php 880
ERROR - 2016-08-10 06:14:06 --> Severity: Notice --> Undefined offset: 33 C:\xampp\htdocs\bondora\application\views\investments\index.php 880
ERROR - 2016-08-10 06:14:06 --> Severity: Notice --> Undefined offset: 33 C:\xampp\htdocs\bondora\application\views\investments\index.php 880
ERROR - 2016-08-10 06:14:06 --> Severity: Notice --> Undefined offset: 41 C:\xampp\htdocs\bondora\application\views\investments\index.php 880
ERROR - 2016-08-10 06:14:06 --> Severity: Notice --> Undefined offset: 30 C:\xampp\htdocs\bondora\application\views\investments\index.php 880
ERROR - 2016-08-10 06:14:06 --> Severity: Notice --> Undefined offset: 31 C:\xampp\htdocs\bondora\application\views\investments\index.php 880
ERROR - 2016-08-10 06:14:06 --> Severity: Notice --> Undefined offset: 33 C:\xampp\htdocs\bondora\application\views\investments\index.php 880
ERROR - 2016-08-10 06:14:06 --> Severity: Notice --> Undefined offset: 33 C:\xampp\htdocs\bondora\application\views\investments\index.php 880
ERROR - 2016-08-10 06:14:06 --> Severity: Notice --> Undefined offset: 32 C:\xampp\htdocs\bondora\application\views\investments\index.php 880
DEBUG - 2016-08-10 06:14:06 --> Total execution time: 0.3630
DEBUG - 2016-08-10 06:14:06 --> UTF-8 Support Disabled
DEBUG - 2016-08-10 06:14:06 --> Global POST, GET and COOKIE data sanitized
ERROR - 2016-08-10 06:14:06 --> 404 Page Not Found: Investments/bootstrap
DEBUG - 2016-08-10 06:14:09 --> UTF-8 Support Disabled
DEBUG - 2016-08-10 06:14:09 --> Global POST, GET and COOKIE data sanitized
DEBUG - 2016-08-10 06:14:09 --> cURL Class Initialized
DEBUG - 2016-08-10 06:14:09 --> OAuth2 class already loaded. Second attempt ignored.
DEBUG - 2016-08-10 06:14:09 --> C:\xampp\htdocs\bondora\application\libraries/MY_Table.php exists, but does not declare MY_Table
DEBUG - 2016-08-10 06:14:09 --> Session class already loaded. Second attempt ignored.
DEBUG - 2016-08-10 06:14:12 --> SELECT *
FROM `select` `a`.*, `b`.`listedOnDate`, `b`.`xirr`, `b`.`secondaryId`, `b`.`desiredDiscountRate from bondora`.`investment_payload a LEFT JOIN bondora`.`secondary b ON a`.`loanPartId=b`.`loanPartId and a`.`user=b`.`user where a`.`user="mehike" order by` `a`.`signedDate`, `a`.`auctionId`
ERROR - 2016-08-10 06:14:12 --> Severity: Notice --> Undefined offset: 33 C:\xampp\htdocs\bondora\application\views\investments\index.php 880
ERROR - 2016-08-10 06:14:12 --> Severity: Notice --> Undefined offset: 33 C:\xampp\htdocs\bondora\application\views\investments\index.php 880
ERROR - 2016-08-10 06:14:12 --> Severity: Notice --> Undefined offset: 33 C:\xampp\htdocs\bondora\application\views\investments\index.php 880
ERROR - 2016-08-10 06:14:12 --> Severity: Notice --> Undefined offset: 33 C:\xampp\htdocs\bondora\application\views\investments\index.php 880
ERROR - 2016-08-10 06:14:12 --> Severity: Notice --> Undefined offset: 31 C:\xampp\htdocs\bondora\application\views\investments\index.php 880
ERROR - 2016-08-10 06:14:12 --> Severity: Notice --> Undefined offset: 33 C:\xampp\htdocs\bondora\application\views\investments\index.php 880
ERROR - 2016-08-10 06:14:12 --> Severity: Notice --> Undefined offset: 33 C:\xampp\htdocs\bondora\application\views\investments\index.php 880
ERROR - 2016-08-10 06:14:12 --> Severity: Notice --> Undefined offset: 32 C:\xampp\htdocs\bondora\application\views\investments\index.php 880
ERROR - 2016-08-10 06:14:12 --> Severity: Notice --> Undefined offset: 32 C:\xampp\htdocs\bondora\application\views\investments\index.php 880
ERROR - 2016-08-10 06:14:12 --> Severity: Notice --> Undefined offset: 32 C:\xampp\htdocs\bondora\application\views\investments\index.php 880
ERROR - 2016-08-10 06:14:12 --> Severity: Notice --> Undefined offset: 33 C:\xampp\htdocs\bondora\application\views\investments\index.php 880
ERROR - 2016-08-10 06:14:12 --> Severity: Notice --> Undefined offset: 33 C:\xampp\htdocs\bondora\application\views\investments\index.php 880
ERROR - 2016-08-10 06:14:12 --> Severity: Notice --> Undefined offset: 33 C:\xampp\htdocs\bondora\application\views\investments\index.php 880
ERROR - 2016-08-10 06:14:12 --> Severity: Notice --> Undefined offset: 33 C:\xampp\htdocs\bondora\application\views\investments\index.php 880
ERROR - 2016-08-10 06:14:12 --> Severity: Notice --> Undefined offset: 41 C:\xampp\htdocs\bondora\application\views\investments\index.php 880
ERROR - 2016-08-10 06:14:12 --> Severity: Notice --> Undefined offset: 31 C:\xampp\htdocs\bondora\application\views\investments\index.php 880
ERROR - 2016-08-10 06:14:12 --> Severity: Notice --> Undefined offset: 33 C:\xampp\htdocs\bondora\application\views\investments\index.php 880
ERROR - 2016-08-10 06:14:12 --> Severity: Notice --> Undefined offset: 33 C:\xampp\htdocs\bondora\application\views\investments\index.php 880
ERROR - 2016-08-10 06:14:12 --> Severity: Notice --> Undefined offset: 32 C:\xampp\htdocs\bondora\application\views\investments\index.php 880
DEBUG - 2016-08-10 06:14:12 --> Total execution time: 3.0182
DEBUG - 2016-08-10 06:14:12 --> UTF-8 Support Disabled
DEBUG - 2016-08-10 06:14:12 --> Global POST, GET and COOKIE data sanitized
ERROR - 2016-08-10 06:14:12 --> 404 Page Not Found: Investments/bootstrap
DEBUG - 2016-08-10 06:14:14 --> UTF-8 Support Disabled
DEBUG - 2016-08-10 06:14:14 --> Global POST, GET and COOKIE data sanitized
DEBUG - 2016-08-10 06:14:14 --> cURL Class Initialized
DEBUG - 2016-08-10 06:14:14 --> OAuth2 class already loaded. Second attempt ignored.
DEBUG - 2016-08-10 06:14:14 --> C:\xampp\htdocs\bondora\application\libraries/MY_Table.php exists, but does not declare MY_Table
DEBUG - 2016-08-10 06:14:14 --> Session class already loaded. Second attempt ignored.
DEBUG - 2016-08-10 06:14:15 --> SELECT *
FROM `select` `a`.*, `b`.`listedOnDate`, `b`.`xirr`, `b`.`secondaryId`, `b`.`desiredDiscountRate from bondora`.`investment_payload a LEFT JOIN bondora`.`secondary b ON a`.`loanPartId=b`.`loanPartId and a`.`user=b`.`user where a`.`user="mehike" order by` `a`.`signedDate`, `a`.`auctionId`
ERROR - 2016-08-10 06:14:15 --> Severity: Notice --> Undefined offset: 33 C:\xampp\htdocs\bondora\application\views\investments\index.php 880
ERROR - 2016-08-10 06:14:15 --> Severity: Notice --> Undefined offset: 33 C:\xampp\htdocs\bondora\application\views\investments\index.php 880
ERROR - 2016-08-10 06:14:15 --> Severity: Notice --> Undefined offset: 33 C:\xampp\htdocs\bondora\application\views\investments\index.php 880
ERROR - 2016-08-10 06:14:15 --> Severity: Notice --> Undefined offset: 33 C:\xampp\htdocs\bondora\application\views\investments\index.php 880
ERROR - 2016-08-10 06:14:15 --> Severity: Notice --> Undefined offset: 31 C:\xampp\htdocs\bondora\application\views\investments\index.php 880
ERROR - 2016-08-10 06:14:15 --> Severity: Notice --> Undefined offset: 33 C:\xampp\htdocs\bondora\application\views\investments\index.php 880
ERROR - 2016-08-10 06:14:15 --> Severity: Notice --> Undefined offset: 33 C:\xampp\htdocs\bondora\application\views\investments\index.php 880
ERROR - 2016-08-10 06:14:15 --> Severity: Notice --> Undefined offset: 32 C:\xampp\htdocs\bondora\application\views\investments\index.php 880
ERROR - 2016-08-10 06:14:15 --> Severity: Notice --> Undefined offset: 32 C:\xampp\htdocs\bondora\application\views\investments\index.php 880
ERROR - 2016-08-10 06:14:15 --> Severity: Notice --> Undefined offset: 32 C:\xampp\htdocs\bondora\application\views\investments\index.php 880
ERROR - 2016-08-10 06:14:15 --> Severity: Notice --> Undefined offset: 33 C:\xampp\htdocs\bondora\application\views\investments\index.php 880
ERROR - 2016-08-10 06:14:15 --> Severity: Notice --> Undefined offset: 33 C:\xampp\htdocs\bondora\application\views\investments\index.php 880
ERROR - 2016-08-10 06:14:15 --> Severity: Notice --> Undefined offset: 33 C:\xampp\htdocs\bondora\application\views\investments\index.php 880
ERROR - 2016-08-10 06:14:15 --> Severity: Notice --> Undefined offset: 33 C:\xampp\htdocs\bondora\application\views\investments\index.php 880
ERROR - 2016-08-10 06:14:15 --> Severity: Notice --> Undefined offset: 41 C:\xampp\htdocs\bondora\application\views\investments\index.php 880
ERROR - 2016-08-10 06:14:15 --> Severity: Notice --> Undefined offset: 31 C:\xampp\htdocs\bondora\application\views\investments\index.php 880
ERROR - 2016-08-10 06:14:15 --> Severity: Notice --> Undefined offset: 33 C:\xampp\htdocs\bondora\application\views\investments\index.php 880
ERROR - 2016-08-10 06:14:15 --> Severity: Notice --> Undefined offset: 33 C:\xampp\htdocs\bondora\application\views\investments\index.php 880
ERROR - 2016-08-10 06:14:15 --> Severity: Notice --> Undefined offset: 32 C:\xampp\htdocs\bondora\application\views\investments\index.php 880
DEBUG - 2016-08-10 06:14:15 --> Total execution time: 0.9841
DEBUG - 2016-08-10 06:14:15 --> UTF-8 Support Disabled
DEBUG - 2016-08-10 06:14:15 --> Global POST, GET and COOKIE data sanitized
ERROR - 2016-08-10 06:14:15 --> 404 Page Not Found: Investments/bootstrap
DEBUG - 2016-08-10 06:14:21 --> UTF-8 Support Disabled
DEBUG - 2016-08-10 06:14:21 --> Global POST, GET and COOKIE data sanitized
DEBUG - 2016-08-10 06:14:21 --> cURL Class Initialized
DEBUG - 2016-08-10 06:14:21 --> OAuth2 class already loaded. Second attempt ignored.
DEBUG - 2016-08-10 06:14:21 --> C:\xampp\htdocs\bondora\application\libraries/MY_Table.php exists, but does not declare MY_Table
DEBUG - 2016-08-10 06:14:21 --> Session class already loaded. Second attempt ignored.
DEBUG - 2016-08-10 06:14:22 --> Total execution time: 0.8420
DEBUG - 2016-08-10 06:14:22 --> UTF-8 Support Disabled
DEBUG - 2016-08-10 06:14:22 --> Global POST, GET and COOKIE data sanitized
DEBUG - 2016-08-10 06:14:22 --> cURL Class Initialized
DEBUG - 2016-08-10 06:14:22 --> OAuth2 class already loaded. Second attempt ignored.
DEBUG - 2016-08-10 06:14:22 --> C:\xampp\htdocs\bondora\application\libraries/MY_Table.php exists, but does not declare MY_Table
DEBUG - 2016-08-10 06:14:22 --> Session class already loaded. Second attempt ignored.
DEBUG - 2016-08-10 06:14:23 --> Total execution time: 0.4440
DEBUG - 2016-08-10 06:14:25 --> UTF-8 Support Disabled
DEBUG - 2016-08-10 06:14:25 --> Global POST, GET and COOKIE data sanitized
DEBUG - 2016-08-10 06:14:25 --> cURL Class Initialized
DEBUG - 2016-08-10 06:14:25 --> OAuth2 class already loaded. Second attempt ignored.
DEBUG - 2016-08-10 06:14:25 --> C:\xampp\htdocs\bondora\application\libraries/MY_Table.php exists, but does not declare MY_Table
DEBUG - 2016-08-10 06:14:25 --> Session class already loaded. Second attempt ignored.
DEBUG - 2016-08-10 06:14:26 --> Total execution time: 0.6090
DEBUG - 2016-08-10 06:14:26 --> UTF-8 Support Disabled
DEBUG - 2016-08-10 06:14:26 --> Global POST, GET and COOKIE data sanitized
DEBUG - 2016-08-10 06:14:26 --> cURL Class Initialized
DEBUG - 2016-08-10 06:14:26 --> OAuth2 class already loaded. Second attempt ignored.
DEBUG - 2016-08-10 06:14:26 --> C:\xampp\htdocs\bondora\application\libraries/MY_Table.php exists, but does not declare MY_Table
DEBUG - 2016-08-10 06:14:26 --> Session class already loaded. Second attempt ignored.
DEBUG - 2016-08-10 06:14:26 --> Total execution time: 0.3360
DEBUG - 2016-08-10 06:14:29 --> UTF-8 Support Disabled
DEBUG - 2016-08-10 06:14:29 --> Global POST, GET and COOKIE data sanitized
DEBUG - 2016-08-10 06:14:29 --> cURL Class Initialized
DEBUG - 2016-08-10 06:14:29 --> OAuth2 class already loaded. Second attempt ignored.
DEBUG - 2016-08-10 06:14:29 --> C:\xampp\htdocs\bondora\application\libraries/MY_Table.php exists, but does not declare MY_Table
DEBUG - 2016-08-10 06:14:29 --> Session class already loaded. Second attempt ignored.
DEBUG - 2016-08-10 06:14:30 --> Total execution time: 0.6850
DEBUG - 2016-08-10 06:14:30 --> UTF-8 Support Disabled
DEBUG - 2016-08-10 06:14:30 --> Global POST, GET and COOKIE data sanitized
DEBUG - 2016-08-10 06:14:30 --> cURL Class Initialized
DEBUG - 2016-08-10 06:14:30 --> OAuth2 class already loaded. Second attempt ignored.
DEBUG - 2016-08-10 06:14:30 --> C:\xampp\htdocs\bondora\application\libraries/MY_Table.php exists, but does not declare MY_Table
DEBUG - 2016-08-10 06:14:30 --> Session class already loaded. Second attempt ignored.
DEBUG - 2016-08-10 06:14:30 --> Total execution time: 0.3840
DEBUG - 2016-08-10 06:14:34 --> UTF-8 Support Disabled
DEBUG - 2016-08-10 06:14:34 --> Global POST, GET and COOKIE data sanitized
DEBUG - 2016-08-10 06:14:34 --> cURL Class Initialized
DEBUG - 2016-08-10 06:14:34 --> OAuth2 class already loaded. Second attempt ignored.
DEBUG - 2016-08-10 06:14:34 --> C:\xampp\htdocs\bondora\application\libraries/MY_Table.php exists, but does not declare MY_Table
DEBUG - 2016-08-10 06:14:34 --> Session class already loaded. Second attempt ignored.
DEBUG - 2016-08-10 06:14:35 --> Total execution time: 0.8540
DEBUG - 2016-08-10 06:14:35 --> UTF-8 Support Disabled
DEBUG - 2016-08-10 06:14:35 --> Global POST, GET and COOKIE data sanitized
DEBUG - 2016-08-10 06:14:35 --> cURL Class Initialized
DEBUG - 2016-08-10 06:14:35 --> OAuth2 class already loaded. Second attempt ignored.
DEBUG - 2016-08-10 06:14:35 --> C:\xampp\htdocs\bondora\application\libraries/MY_Table.php exists, but does not declare MY_Table
DEBUG - 2016-08-10 06:14:35 --> Session class already loaded. Second attempt ignored.
DEBUG - 2016-08-10 06:14:35 --> Total execution time: 0.3360
DEBUG - 2016-08-10 06:14:37 --> UTF-8 Support Disabled
DEBUG - 2016-08-10 06:14:37 --> Global POST, GET and COOKIE data sanitized
DEBUG - 2016-08-10 06:14:37 --> cURL Class Initialized
DEBUG - 2016-08-10 06:14:37 --> OAuth2 class already loaded. Second attempt ignored.
DEBUG - 2016-08-10 06:14:38 --> C:\xampp\htdocs\bondora\application\libraries/MY_Table.php exists, but does not declare MY_Table
DEBUG - 2016-08-10 06:14:38 --> Session class already loaded. Second attempt ignored.
DEBUG - 2016-08-10 06:14:38 --> Total execution time: 0.6390
DEBUG - 2016-08-10 06:14:38 --> UTF-8 Support Disabled
DEBUG - 2016-08-10 06:14:38 --> Global POST, GET and COOKIE data sanitized
DEBUG - 2016-08-10 06:14:38 --> cURL Class Initialized
DEBUG - 2016-08-10 06:14:38 --> OAuth2 class already loaded. Second attempt ignored.
DEBUG - 2016-08-10 06:14:38 --> C:\xampp\htdocs\bondora\application\libraries/MY_Table.php exists, but does not declare MY_Table
DEBUG - 2016-08-10 06:14:38 --> Session class already loaded. Second attempt ignored.
DEBUG - 2016-08-10 06:14:38 --> Total execution time: 0.3090
DEBUG - 2016-08-10 06:14:41 --> UTF-8 Support Disabled
DEBUG - 2016-08-10 06:14:41 --> Global POST, GET and COOKIE data sanitized
DEBUG - 2016-08-10 06:14:41 --> cURL Class Initialized
DEBUG - 2016-08-10 06:14:41 --> OAuth2 class already loaded. Second attempt ignored.
DEBUG - 2016-08-10 06:14:41 --> C:\xampp\htdocs\bondora\application\libraries/MY_Table.php exists, but does not declare MY_Table
DEBUG - 2016-08-10 06:14:41 --> Session class already loaded. Second attempt ignored.
DEBUG - 2016-08-10 06:14:42 --> Total execution time: 0.7500
DEBUG - 2016-08-10 06:14:42 --> UTF-8 Support Disabled
DEBUG - 2016-08-10 06:14:42 --> Global POST, GET and COOKIE data sanitized
DEBUG - 2016-08-10 06:14:42 --> cURL Class Initialized
DEBUG - 2016-08-10 06:14:42 --> OAuth2 class already loaded. Second attempt ignored.
DEBUG - 2016-08-10 06:14:42 --> C:\xampp\htdocs\bondora\application\libraries/MY_Table.php exists, but does not declare MY_Table
DEBUG - 2016-08-10 06:14:42 --> Session class already loaded. Second attempt ignored.
DEBUG - 2016-08-10 06:14:42 --> Total execution time: 0.3850
DEBUG - 2016-08-10 06:14:44 --> UTF-8 Support Disabled
DEBUG - 2016-08-10 06:14:44 --> Global POST, GET and COOKIE data sanitized
DEBUG - 2016-08-10 06:14:44 --> cURL Class Initialized
DEBUG - 2016-08-10 06:14:44 --> OAuth2 class already loaded. Second attempt ignored.
DEBUG - 2016-08-10 06:14:44 --> C:\xampp\htdocs\bondora\application\libraries/MY_Table.php exists, but does not declare MY_Table
DEBUG - 2016-08-10 06:14:44 --> Session class already loaded. Second attempt ignored.
DEBUG - 2016-08-10 06:14:45 --> Total execution time: 0.7630
DEBUG - 2016-08-10 06:14:45 --> UTF-8 Support Disabled
DEBUG - 2016-08-10 06:14:45 --> Global POST, GET and COOKIE data sanitized
DEBUG - 2016-08-10 06:14:45 --> cURL Class Initialized
DEBUG - 2016-08-10 06:14:45 --> OAuth2 class already loaded. Second attempt ignored.
DEBUG - 2016-08-10 06:14:45 --> C:\xampp\htdocs\bondora\application\libraries/MY_Table.php exists, but does not declare MY_Table
DEBUG - 2016-08-10 06:14:45 --> Session class already loaded. Second attempt ignored.
DEBUG - 2016-08-10 06:14:45 --> Total execution time: 0.3110
DEBUG - 2016-08-10 06:14:48 --> UTF-8 Support Disabled
DEBUG - 2016-08-10 06:14:48 --> Global POST, GET and COOKIE data sanitized
DEBUG - 2016-08-10 06:14:48 --> cURL Class Initialized
DEBUG - 2016-08-10 06:14:48 --> OAuth2 class already loaded. Second attempt ignored.
DEBUG - 2016-08-10 06:14:48 --> C:\xampp\htdocs\bondora\application\libraries/MY_Table.php exists, but does not declare MY_Table
DEBUG - 2016-08-10 06:14:48 --> Session class already loaded. Second attempt ignored.
DEBUG - 2016-08-10 06:14:48 --> Total execution time: 0.5630
DEBUG - 2016-08-10 06:14:48 --> UTF-8 Support Disabled
DEBUG - 2016-08-10 06:14:48 --> Global POST, GET and COOKIE data sanitized
DEBUG - 2016-08-10 06:14:48 --> cURL Class Initialized
DEBUG - 2016-08-10 06:14:48 --> OAuth2 class already loaded. Second attempt ignored.
DEBUG - 2016-08-10 06:14:48 --> C:\xampp\htdocs\bondora\application\libraries/MY_Table.php exists, but does not declare MY_Table
DEBUG - 2016-08-10 06:14:48 --> Session class already loaded. Second attempt ignored.
DEBUG - 2016-08-10 06:14:49 --> Total execution time: 0.3000
DEBUG - 2016-08-10 06:14:53 --> UTF-8 Support Disabled
DEBUG - 2016-08-10 06:14:53 --> Global POST, GET and COOKIE data sanitized
DEBUG - 2016-08-10 06:14:53 --> cURL Class Initialized
DEBUG - 2016-08-10 06:14:53 --> OAuth2 class already loaded. Second attempt ignored.
DEBUG - 2016-08-10 06:14:53 --> C:\xampp\htdocs\bondora\application\libraries/MY_Table.php exists, but does not declare MY_Table
DEBUG - 2016-08-10 06:14:53 --> Session class already loaded. Second attempt ignored.
DEBUG - 2016-08-10 06:14:54 --> Total execution time: 0.8390
DEBUG - 2016-08-10 06:14:54 --> UTF-8 Support Disabled
DEBUG - 2016-08-10 06:14:54 --> Global POST, GET and COOKIE data sanitized
DEBUG - 2016-08-10 06:14:54 --> cURL Class Initialized
DEBUG - 2016-08-10 06:14:54 --> OAuth2 class already loaded. Second attempt ignored.
DEBUG - 2016-08-10 06:14:54 --> C:\xampp\htdocs\bondora\application\libraries/MY_Table.php exists, but does not declare MY_Table
DEBUG - 2016-08-10 06:14:54 --> Session class already loaded. Second attempt ignored.
DEBUG - 2016-08-10 06:14:55 --> Total execution time: 0.3800
DEBUG - 2016-08-10 06:14:57 --> UTF-8 Support Disabled
DEBUG - 2016-08-10 06:14:57 --> Global POST, GET and COOKIE data sanitized
DEBUG - 2016-08-10 06:14:57 --> cURL Class Initialized
DEBUG - 2016-08-10 06:14:57 --> OAuth2 class already loaded. Second attempt ignored.
DEBUG - 2016-08-10 06:14:57 --> C:\xampp\htdocs\bondora\application\libraries/MY_Table.php exists, but does not declare MY_Table
DEBUG - 2016-08-10 06:14:57 --> Session class already loaded. Second attempt ignored.
DEBUG - 2016-08-10 06:14:57 --> Total execution time: 0.5910
DEBUG - 2016-08-10 06:14:57 --> UTF-8 Support Disabled
DEBUG - 2016-08-10 06:14:57 --> Global POST, GET and COOKIE data sanitized
DEBUG - 2016-08-10 06:14:57 --> cURL Class Initialized
DEBUG - 2016-08-10 06:14:57 --> OAuth2 class already loaded. Second attempt ignored.
DEBUG - 2016-08-10 06:14:57 --> C:\xampp\htdocs\bondora\application\libraries/MY_Table.php exists, but does not declare MY_Table
DEBUG - 2016-08-10 06:14:57 --> Session class already loaded. Second attempt ignored.
DEBUG - 2016-08-10 06:14:58 --> Total execution time: 0.3100
DEBUG - 2016-08-10 06:15:00 --> UTF-8 Support Disabled
DEBUG - 2016-08-10 06:15:00 --> Global POST, GET and COOKIE data sanitized
DEBUG - 2016-08-10 06:15:00 --> cURL Class Initialized
DEBUG - 2016-08-10 06:15:00 --> OAuth2 class already loaded. Second attempt ignored.
DEBUG - 2016-08-10 06:15:00 --> C:\xampp\htdocs\bondora\application\libraries/MY_Table.php exists, but does not declare MY_Table
DEBUG - 2016-08-10 06:15:00 --> Session class already loaded. Second attempt ignored.
DEBUG - 2016-08-10 06:15:01 --> Total execution time: 0.7670
DEBUG - 2016-08-10 06:15:01 --> UTF-8 Support Disabled
DEBUG - 2016-08-10 06:15:01 --> Global POST, GET and COOKIE data sanitized
DEBUG - 2016-08-10 06:15:01 --> cURL Class Initialized
DEBUG - 2016-08-10 06:15:01 --> OAuth2 class already loaded. Second attempt ignored.
DEBUG - 2016-08-10 06:15:01 --> C:\xampp\htdocs\bondora\application\libraries/MY_Table.php exists, but does not declare MY_Table
DEBUG - 2016-08-10 06:15:01 --> Session class already loaded. Second attempt ignored.
DEBUG - 2016-08-10 06:15:01 --> Total execution time: 0.3790
DEBUG - 2016-08-10 06:15:04 --> UTF-8 Support Disabled
DEBUG - 2016-08-10 06:15:04 --> Global POST, GET and COOKIE data sanitized
DEBUG - 2016-08-10 06:15:04 --> cURL Class Initialized
DEBUG - 2016-08-10 06:15:04 --> OAuth2 class already loaded. Second attempt ignored.
DEBUG - 2016-08-10 06:15:04 --> C:\xampp\htdocs\bondora\application\libraries/MY_Table.php exists, but does not declare MY_Table
DEBUG - 2016-08-10 06:15:04 --> Session class already loaded. Second attempt ignored.
DEBUG - 2016-08-10 06:15:04 --> Total execution time: 0.5940
DEBUG - 2016-08-10 06:15:05 --> UTF-8 Support Disabled
DEBUG - 2016-08-10 06:15:05 --> Global POST, GET and COOKIE data sanitized
DEBUG - 2016-08-10 06:15:05 --> cURL Class Initialized
DEBUG - 2016-08-10 06:15:05 --> OAuth2 class already loaded. Second attempt ignored.
DEBUG - 2016-08-10 06:15:05 --> C:\xampp\htdocs\bondora\application\libraries/MY_Table.php exists, but does not declare MY_Table
DEBUG - 2016-08-10 06:15:05 --> Session class already loaded. Second attempt ignored.
DEBUG - 2016-08-10 06:15:05 --> Total execution time: 0.4170
DEBUG - 2016-08-10 06:15:07 --> UTF-8 Support Disabled
DEBUG - 2016-08-10 06:15:07 --> Global POST, GET and COOKIE data sanitized
DEBUG - 2016-08-10 06:15:07 --> cURL Class Initialized
DEBUG - 2016-08-10 06:15:07 --> OAuth2 class already loaded. Second attempt ignored.
DEBUG - 2016-08-10 06:15:07 --> C:\xampp\htdocs\bondora\application\libraries/MY_Table.php exists, but does not declare MY_Table
DEBUG - 2016-08-10 06:15:07 --> Session class already loaded. Second attempt ignored.
DEBUG - 2016-08-10 06:15:08 --> Total execution time: 0.6060
DEBUG - 2016-08-10 06:15:08 --> UTF-8 Support Disabled
DEBUG - 2016-08-10 06:15:08 --> Global POST, GET and COOKIE data sanitized
DEBUG - 2016-08-10 06:15:08 --> cURL Class Initialized
DEBUG - 2016-08-10 06:15:08 --> OAuth2 class already loaded. Second attempt ignored.
DEBUG - 2016-08-10 06:15:08 --> C:\xampp\htdocs\bondora\application\libraries/MY_Table.php exists, but does not declare MY_Table
DEBUG - 2016-08-10 06:15:08 --> Session class already loaded. Second attempt ignored.
DEBUG - 2016-08-10 06:15:08 --> Total execution time: 0.3300
DEBUG - 2016-08-10 06:15:11 --> UTF-8 Support Disabled
DEBUG - 2016-08-10 06:15:11 --> Global POST, GET and COOKIE data sanitized
DEBUG - 2016-08-10 06:15:11 --> cURL Class Initialized
DEBUG - 2016-08-10 06:15:11 --> OAuth2 class already loaded. Second attempt ignored.
DEBUG - 2016-08-10 06:15:11 --> C:\xampp\htdocs\bondora\application\libraries/MY_Table.php exists, but does not declare MY_Table
DEBUG - 2016-08-10 06:15:11 --> Session class already loaded. Second attempt ignored.
DEBUG - 2016-08-10 06:15:12 --> Total execution time: 0.8140
DEBUG - 2016-08-10 06:15:12 --> UTF-8 Support Disabled
DEBUG - 2016-08-10 06:15:12 --> Global POST, GET and COOKIE data sanitized
DEBUG - 2016-08-10 06:15:12 --> cURL Class Initialized
DEBUG - 2016-08-10 06:15:12 --> OAuth2 class already loaded. Second attempt ignored.
DEBUG - 2016-08-10 06:15:12 --> C:\xampp\htdocs\bondora\application\libraries/MY_Table.php exists, but does not declare MY_Table
DEBUG - 2016-08-10 06:15:12 --> Session class already loaded. Second attempt ignored.
DEBUG - 2016-08-10 06:15:12 --> Total execution time: 0.4850
DEBUG - 2016-08-10 06:15:38 --> UTF-8 Support Disabled
DEBUG - 2016-08-10 06:15:38 --> Global POST, GET and COOKIE data sanitized
DEBUG - 2016-08-10 06:15:38 --> cURL Class Initialized
DEBUG - 2016-08-10 06:15:38 --> OAuth2 class already loaded. Second attempt ignored.
DEBUG - 2016-08-10 06:15:38 --> C:\xampp\htdocs\bondora\application\libraries/MY_Table.php exists, but does not declare MY_Table
DEBUG - 2016-08-10 06:15:38 --> Session class already loaded. Second attempt ignored.
DEBUG - 2016-08-10 06:15:38 --> SELECT *
FROM `select` `a`.*, `b`.`listedOnDate`, `b`.`xirr`, `b`.`secondaryId`, `b`.`desiredDiscountRate from bondora`.`investment_payload a LEFT JOIN bondora`.`secondary b ON a`.`loanPartId=b`.`loanPartId WHERE a`.`id=1702 and user="mehike" order by` `a`.`signedDate`, `a`.`auctionId`
DEBUG - 2016-08-10 06:15:38 --> SELECT *
FROM `select` `a`.*, `b`.`listedOnDate`, `b`.`xirr`, `b`.`secondaryId`, `b`.`desiredDiscountRate from bondora`.`investment_payload a LEFT JOIN bondora`.`secondary b ON a`.`loanPartId=b`.`loanPartId WHERE a`.`id=1701 and user="mehike" order by` `a`.`signedDate`, `a`.`auctionId`
DEBUG - 2016-08-10 06:15:38 --> SELECT *
FROM `select` `a`.*, `b`.`listedOnDate`, `b`.`xirr`, `b`.`secondaryId`, `b`.`desiredDiscountRate from bondora`.`investment_payload a LEFT JOIN bondora`.`secondary b ON a`.`loanPartId=b`.`loanPartId WHERE a`.`id=1703 and user="mehike" order by` `a`.`signedDate`, `a`.`auctionId`
DEBUG - 2016-08-10 06:15:38 --> SELECT *
FROM `select` `a`.*, `b`.`listedOnDate`, `b`.`xirr`, `b`.`secondaryId`, `b`.`desiredDiscountRate from bondora`.`investment_payload a LEFT JOIN bondora`.`secondary b ON a`.`loanPartId=b`.`loanPartId WHERE a`.`id=1685 and user="mehike" order by` `a`.`signedDate`, `a`.`auctionId`
DEBUG - 2016-08-10 06:15:38 --> SELECT *
FROM `select` `a`.*, `b`.`listedOnDate`, `b`.`xirr`, `b`.`secondaryId`, `b`.`desiredDiscountRate from bondora`.`investment_payload a LEFT JOIN bondora`.`secondary b ON a`.`loanPartId=b`.`loanPartId WHERE a`.`id=1690 and user="mehike" order by` `a`.`signedDate`, `a`.`auctionId`
DEBUG - 2016-08-10 06:15:38 --> SELECT *
FROM `select` `a`.*, `b`.`listedOnDate`, `b`.`xirr`, `b`.`secondaryId`, `b`.`desiredDiscountRate from bondora`.`investment_payload a LEFT JOIN bondora`.`secondary b ON a`.`loanPartId=b`.`loanPartId WHERE a`.`id=1692 and user="mehike" order by` `a`.`signedDate`, `a`.`auctionId`
DEBUG - 2016-08-10 06:15:38 --> SELECT *
FROM `select` `a`.*, `b`.`listedOnDate`, `b`.`xirr`, `b`.`secondaryId`, `b`.`desiredDiscountRate from bondora`.`investment_payload a LEFT JOIN bondora`.`secondary b ON a`.`loanPartId=b`.`loanPartId WHERE a`.`id=1696 and user="mehike" order by` `a`.`signedDate`, `a`.`auctionId`
DEBUG - 2016-08-10 06:15:38 --> SELECT *
FROM `select` `a`.*, `b`.`listedOnDate`, `b`.`xirr`, `b`.`secondaryId`, `b`.`desiredDiscountRate from bondora`.`investment_payload a LEFT JOIN bondora`.`secondary b ON a`.`loanPartId=b`.`loanPartId WHERE a`.`id=1698 and user="mehike" order by` `a`.`signedDate`, `a`.`auctionId`
DEBUG - 2016-08-10 06:15:38 --> SELECT *
FROM `select` `a`.*, `b`.`listedOnDate`, `b`.`xirr`, `b`.`secondaryId`, `b`.`desiredDiscountRate from bondora`.`investment_payload a LEFT JOIN bondora`.`secondary b ON a`.`loanPartId=b`.`loanPartId WHERE a`.`id=1699 and user="mehike" order by` `a`.`signedDate`, `a`.`auctionId`
DEBUG - 2016-08-10 06:15:38 --> SELECT *
FROM `select` `a`.*, `b`.`listedOnDate`, `b`.`xirr`, `b`.`secondaryId`, `b`.`desiredDiscountRate from bondora`.`investment_payload a LEFT JOIN bondora`.`secondary b ON a`.`loanPartId=b`.`loanPartId WHERE a`.`id=1700 and user="mehike" order by` `a`.`signedDate`, `a`.`auctionId`
DEBUG - 2016-08-10 06:15:38 --> SELECT *
FROM `select` `a`.*, `b`.`listedOnDate`, `b`.`xirr`, `b`.`secondaryId`, `b`.`desiredDiscountRate from bondora`.`investment_payload a LEFT JOIN bondora`.`secondary b ON a`.`loanPartId=b`.`loanPartId WHERE a`.`id=1706 and user="mehike" order by` `a`.`signedDate`, `a`.`auctionId`
DEBUG - 2016-08-10 06:15:38 --> SELECT *
FROM `select` `a`.*, `b`.`listedOnDate`, `b`.`xirr`, `b`.`secondaryId`, `b`.`desiredDiscountRate from bondora`.`investment_payload a LEFT JOIN bondora`.`secondary b ON a`.`loanPartId=b`.`loanPartId WHERE a`.`id=1707 and user="mehike" order by` `a`.`signedDate`, `a`.`auctionId`
DEBUG - 2016-08-10 06:15:38 --> SELECT *
FROM `select` `a`.*, `b`.`listedOnDate`, `b`.`xirr`, `b`.`secondaryId`, `b`.`desiredDiscountRate from bondora`.`investment_payload a LEFT JOIN bondora`.`secondary b ON a`.`loanPartId=b`.`loanPartId WHERE a`.`id=1713 and user="mehike" order by` `a`.`signedDate`, `a`.`auctionId`
DEBUG - 2016-08-10 06:15:38 --> SELECT *
FROM `select` `a`.*, `b`.`listedOnDate`, `b`.`xirr`, `b`.`secondaryId`, `b`.`desiredDiscountRate from bondora`.`investment_payload a LEFT JOIN bondora`.`secondary b ON a`.`loanPartId=b`.`loanPartId WHERE a`.`id=1714 and user="mehike" order by` `a`.`signedDate`, `a`.`auctionId`
DEBUG - 2016-08-10 06:15:46 --> Total execution time: 8.4035
DEBUG - 2016-08-10 06:15:46 --> UTF-8 Support Disabled
DEBUG - 2016-08-10 06:15:46 --> Global POST, GET and COOKIE data sanitized
ERROR - 2016-08-10 06:15:46 --> 404 Page Not Found: Investments/bootstrap
DEBUG - 2016-08-10 06:15:50 --> UTF-8 Support Disabled
DEBUG - 2016-08-10 06:15:50 --> Global POST, GET and COOKIE data sanitized
DEBUG - 2016-08-10 06:15:50 --> cURL Class Initialized
DEBUG - 2016-08-10 06:15:50 --> OAuth2 class already loaded. Second attempt ignored.
DEBUG - 2016-08-10 06:15:50 --> C:\xampp\htdocs\bondora\application\libraries/MY_Table.php exists, but does not declare MY_Table
DEBUG - 2016-08-10 06:15:50 --> Session class already loaded. Second attempt ignored.
DEBUG - 2016-08-10 06:15:50 --> SELECT *
FROM `select` `a`.*, `b`.`listedOnDate`, `b`.`xirr`, `b`.`secondaryId`, `b`.`desiredDiscountRate from bondora`.`investment_payload a LEFT JOIN bondora`.`secondary b ON a`.`loanPartId=b`.`loanPartId and a`.`user=b`.`user where a`.`user="mehike" order by` `a`.`signedDate`, `a`.`auctionId`
ERROR - 2016-08-10 06:15:50 --> Severity: Notice --> Undefined offset: 33 C:\xampp\htdocs\bondora\application\views\investments\index.php 880
ERROR - 2016-08-10 06:15:50 --> Severity: Notice --> Undefined offset: 33 C:\xampp\htdocs\bondora\application\views\investments\index.php 880
ERROR - 2016-08-10 06:15:50 --> Severity: Notice --> Undefined offset: 33 C:\xampp\htdocs\bondora\application\views\investments\index.php 880
ERROR - 2016-08-10 06:15:50 --> Severity: Notice --> Undefined offset: 33 C:\xampp\htdocs\bondora\application\views\investments\index.php 880
ERROR - 2016-08-10 06:15:50 --> Severity: Notice --> Undefined offset: 31 C:\xampp\htdocs\bondora\application\views\investments\index.php 880
ERROR - 2016-08-10 06:15:50 --> Severity: Notice --> Undefined offset: 33 C:\xampp\htdocs\bondora\application\views\investments\index.php 880
ERROR - 2016-08-10 06:15:50 --> Severity: Notice --> Undefined offset: 33 C:\xampp\htdocs\bondora\application\views\investments\index.php 880
ERROR - 2016-08-10 06:15:50 --> Severity: Notice --> Undefined offset: 30 C:\xampp\htdocs\bondora\application\views\investments\index.php 880
ERROR - 2016-08-10 06:15:50 --> Severity: Notice --> Undefined offset: 32 C:\xampp\htdocs\bondora\application\views\investments\index.php 880
ERROR - 2016-08-10 06:15:50 --> Severity: Notice --> Undefined offset: 32 C:\xampp\htdocs\bondora\application\views\investments\index.php 880
ERROR - 2016-08-10 06:15:50 --> Severity: Notice --> Undefined offset: 32 C:\xampp\htdocs\bondora\application\views\investments\index.php 880
ERROR - 2016-08-10 06:15:50 --> Severity: Notice --> Undefined offset: 33 C:\xampp\htdocs\bondora\application\views\investments\index.php 880
ERROR - 2016-08-10 06:15:50 --> Severity: Notice --> Undefined offset: 33 C:\xampp\htdocs\bondora\application\views\investments\index.php 880
ERROR - 2016-08-10 06:15:50 --> Severity: Notice --> Undefined offset: 33 C:\xampp\htdocs\bondora\application\views\investments\index.php 880
ERROR - 2016-08-10 06:15:50 --> Severity: Notice --> Undefined offset: 33 C:\xampp\htdocs\bondora\application\views\investments\index.php 880
ERROR - 2016-08-10 06:15:50 --> Severity: Notice --> Undefined offset: 41 C:\xampp\htdocs\bondora\application\views\investments\index.php 880
ERROR - 2016-08-10 06:15:50 --> Severity: Notice --> Undefined offset: 30 C:\xampp\htdocs\bondora\application\views\investments\index.php 880
ERROR - 2016-08-10 06:15:50 --> Severity: Notice --> Undefined offset: 31 C:\xampp\htdocs\bondora\application\views\investments\index.php 880
ERROR - 2016-08-10 06:15:50 --> Severity: Notice --> Undefined offset: 33 C:\xampp\htdocs\bondora\application\views\investments\index.php 880
ERROR - 2016-08-10 06:15:50 --> Severity: Notice --> Undefined offset: 33 C:\xampp\htdocs\bondora\application\views\investments\index.php 880
ERROR - 2016-08-10 06:15:50 --> Severity: Notice --> Undefined offset: 32 C:\xampp\htdocs\bondora\application\views\investments\index.php 880
DEBUG - 2016-08-10 06:15:50 --> Total execution time: 0.0780
DEBUG - 2016-08-10 06:15:50 --> UTF-8 Support Disabled
DEBUG - 2016-08-10 06:15:50 --> Global POST, GET and COOKIE data sanitized
ERROR - 2016-08-10 06:15:50 --> 404 Page Not Found: Investments/bootstrap
DEBUG - 2016-08-10 06:15:58 --> UTF-8 Support Disabled
DEBUG - 2016-08-10 06:15:58 --> Global POST, GET and COOKIE data sanitized
DEBUG - 2016-08-10 06:15:58 --> cURL Class Initialized
DEBUG - 2016-08-10 06:15:58 --> OAuth2 class already loaded. Second attempt ignored.
DEBUG - 2016-08-10 06:15:58 --> C:\xampp\htdocs\bondora\application\libraries/MY_Table.php exists, but does not declare MY_Table
DEBUG - 2016-08-10 06:15:58 --> Session class already loaded. Second attempt ignored.
DEBUG - 2016-08-10 06:15:59 --> SELECT *
FROM `select` `a`.*, `b`.`listedOnDate`, `b`.`xirr`, `b`.`secondaryId`, `b`.`desiredDiscountRate from bondora`.`investment_payload a LEFT JOIN bondora`.`secondary b ON a`.`loanPartId=b`.`loanPartId and a`.`user=b`.`user where a`.`user="mehike" order by` `a`.`signedDate`, `a`.`auctionId`
ERROR - 2016-08-10 06:15:59 --> Severity: Notice --> Undefined offset: 33 C:\xampp\htdocs\bondora\application\views\investments\index.php 880
ERROR - 2016-08-10 06:15:59 --> Severity: Notice --> Undefined offset: 33 C:\xampp\htdocs\bondora\application\views\investments\index.php 880
ERROR - 2016-08-10 06:15:59 --> Severity: Notice --> Undefined offset: 33 C:\xampp\htdocs\bondora\application\views\investments\index.php 880
ERROR - 2016-08-10 06:15:59 --> Severity: Notice --> Undefined offset: 33 C:\xampp\htdocs\bondora\application\views\investments\index.php 880
ERROR - 2016-08-10 06:15:59 --> Severity: Notice --> Undefined offset: 31 C:\xampp\htdocs\bondora\application\views\investments\index.php 880
ERROR - 2016-08-10 06:15:59 --> Severity: Notice --> Undefined offset: 33 C:\xampp\htdocs\bondora\application\views\investments\index.php 880
ERROR - 2016-08-10 06:15:59 --> Severity: Notice --> Undefined offset: 33 C:\xampp\htdocs\bondora\application\views\investments\index.php 880
ERROR - 2016-08-10 06:15:59 --> Severity: Notice --> Undefined offset: 32 C:\xampp\htdocs\bondora\application\views\investments\index.php 880
ERROR - 2016-08-10 06:15:59 --> Severity: Notice --> Undefined offset: 32 C:\xampp\htdocs\bondora\application\views\investments\index.php 880
ERROR - 2016-08-10 06:15:59 --> Severity: Notice --> Undefined offset: 32 C:\xampp\htdocs\bondora\application\views\investments\index.php 880
ERROR - 2016-08-10 06:15:59 --> Severity: Notice --> Undefined offset: 33 C:\xampp\htdocs\bondora\application\views\investments\index.php 880
ERROR - 2016-08-10 06:15:59 --> Severity: Notice --> Undefined offset: 33 C:\xampp\htdocs\bondora\application\views\investments\index.php 880
ERROR - 2016-08-10 06:15:59 --> Severity: Notice --> Undefined offset: 33 C:\xampp\htdocs\bondora\application\views\investments\index.php 880
ERROR - 2016-08-10 06:15:59 --> Severity: Notice --> Undefined offset: 33 C:\xampp\htdocs\bondora\application\views\investments\index.php 880
ERROR - 2016-08-10 06:15:59 --> Severity: Notice --> Undefined offset: 41 C:\xampp\htdocs\bondora\application\views\investments\index.php 880
ERROR - 2016-08-10 06:15:59 --> Severity: Notice --> Undefined offset: 31 C:\xampp\htdocs\bondora\application\views\investments\index.php 880
ERROR - 2016-08-10 06:15:59 --> Severity: Notice --> Undefined offset: 33 C:\xampp\htdocs\bondora\application\views\investments\index.php 880
ERROR - 2016-08-10 06:15:59 --> Severity: Notice --> Undefined offset: 33 C:\xampp\htdocs\bondora\application\views\investments\index.php 880
ERROR - 2016-08-10 06:15:59 --> Severity: Notice --> Undefined offset: 32 C:\xampp\htdocs\bondora\application\views\investments\index.php 880
DEBUG - 2016-08-10 06:15:59 --> Total execution time: 1.0351
DEBUG - 2016-08-10 06:15:59 --> UTF-8 Support Disabled
DEBUG - 2016-08-10 06:15:59 --> Global POST, GET and COOKIE data sanitized
ERROR - 2016-08-10 06:15:59 --> 404 Page Not Found: Investments/bootstrap
DEBUG - 2016-08-10 06:16:07 --> UTF-8 Support Disabled
DEBUG - 2016-08-10 06:16:07 --> Global POST, GET and COOKIE data sanitized
DEBUG - 2016-08-10 06:16:07 --> cURL Class Initialized
DEBUG - 2016-08-10 06:16:07 --> OAuth2 class already loaded. Second attempt ignored.
DEBUG - 2016-08-10 06:16:07 --> C:\xampp\htdocs\bondora\application\libraries/MY_Table.php exists, but does not declare MY_Table
DEBUG - 2016-08-10 06:16:07 --> Session class already loaded. Second attempt ignored.
DEBUG - 2016-08-10 06:16:07 --> Total execution time: 0.5890
DEBUG - 2016-08-10 06:16:07 --> UTF-8 Support Disabled
DEBUG - 2016-08-10 06:16:07 --> Global POST, GET and COOKIE data sanitized
DEBUG - 2016-08-10 06:16:07 --> cURL Class Initialized
DEBUG - 2016-08-10 06:16:07 --> OAuth2 class already loaded. Second attempt ignored.
DEBUG - 2016-08-10 06:16:07 --> C:\xampp\htdocs\bondora\application\libraries/MY_Table.php exists, but does not declare MY_Table
DEBUG - 2016-08-10 06:16:07 --> Session class already loaded. Second attempt ignored.
DEBUG - 2016-08-10 06:16:08 --> Total execution time: 0.3350
DEBUG - 2016-08-10 06:16:10 --> UTF-8 Support Disabled
DEBUG - 2016-08-10 06:16:10 --> Global POST, GET and COOKIE data sanitized
DEBUG - 2016-08-10 06:16:10 --> cURL Class Initialized
DEBUG - 2016-08-10 06:16:10 --> OAuth2 class already loaded. Second attempt ignored.
DEBUG - 2016-08-10 06:16:10 --> C:\xampp\htdocs\bondora\application\libraries/MY_Table.php exists, but does not declare MY_Table
DEBUG - 2016-08-10 06:16:10 --> Session class already loaded. Second attempt ignored.
DEBUG - 2016-08-10 06:16:11 --> Total execution time: 0.9241
DEBUG - 2016-08-10 06:16:11 --> UTF-8 Support Disabled
DEBUG - 2016-08-10 06:16:11 --> Global POST, GET and COOKIE data sanitized
DEBUG - 2016-08-10 06:16:11 --> cURL Class Initialized
DEBUG - 2016-08-10 06:16:11 --> OAuth2 class already loaded. Second attempt ignored.
DEBUG - 2016-08-10 06:16:11 --> C:\xampp\htdocs\bondora\application\libraries/MY_Table.php exists, but does not declare MY_Table
DEBUG - 2016-08-10 06:16:11 --> Session class already loaded. Second attempt ignored.
DEBUG - 2016-08-10 06:16:12 --> Total execution time: 0.4370
DEBUG - 2016-08-10 06:16:14 --> UTF-8 Support Disabled
DEBUG - 2016-08-10 06:16:14 --> Global POST, GET and COOKIE data sanitized
DEBUG - 2016-08-10 06:16:14 --> cURL Class Initialized
DEBUG - 2016-08-10 06:16:14 --> OAuth2 class already loaded. Second attempt ignored.
DEBUG - 2016-08-10 06:16:14 --> C:\xampp\htdocs\bondora\application\libraries/MY_Table.php exists, but does not declare MY_Table
DEBUG - 2016-08-10 06:16:14 --> Session class already loaded. Second attempt ignored.
DEBUG - 2016-08-10 06:16:15 --> Total execution time: 0.9401
DEBUG - 2016-08-10 06:16:15 --> UTF-8 Support Disabled
DEBUG - 2016-08-10 06:16:15 --> Global POST, GET and COOKIE data sanitized
DEBUG - 2016-08-10 06:16:15 --> cURL Class Initialized
DEBUG - 2016-08-10 06:16:15 --> OAuth2 class already loaded. Second attempt ignored.
DEBUG - 2016-08-10 06:16:15 --> C:\xampp\htdocs\bondora\application\libraries/MY_Table.php exists, but does not declare MY_Table
DEBUG - 2016-08-10 06:16:15 --> Session class already loaded. Second attempt ignored.
DEBUG - 2016-08-10 06:16:15 --> Total execution time: 0.3130
DEBUG - 2016-08-10 06:16:21 --> UTF-8 Support Disabled
DEBUG - 2016-08-10 06:16:21 --> Global POST, GET and COOKIE data sanitized
DEBUG - 2016-08-10 06:16:21 --> cURL Class Initialized
DEBUG - 2016-08-10 06:16:21 --> OAuth2 class already loaded. Second attempt ignored.
DEBUG - 2016-08-10 06:16:21 --> C:\xampp\htdocs\bondora\application\libraries/MY_Table.php exists, but does not declare MY_Table
DEBUG - 2016-08-10 06:16:21 --> Session class already loaded. Second attempt ignored.
DEBUG - 2016-08-10 06:16:22 --> Total execution time: 0.7950
DEBUG - 2016-08-10 06:16:22 --> UTF-8 Support Disabled
DEBUG - 2016-08-10 06:16:22 --> Global POST, GET and COOKIE data sanitized
DEBUG - 2016-08-10 06:16:22 --> cURL Class Initialized
DEBUG - 2016-08-10 06:16:22 --> OAuth2 class already loaded. Second attempt ignored.
DEBUG - 2016-08-10 06:16:22 --> C:\xampp\htdocs\bondora\application\libraries/MY_Table.php exists, but does not declare MY_Table
DEBUG - 2016-08-10 06:16:22 --> UTF-8 Support Disabled
DEBUG - 2016-08-10 06:16:22 --> Session class already loaded. Second attempt ignored.
DEBUG - 2016-08-10 06:16:22 --> Global POST, GET and COOKIE data sanitized
DEBUG - 2016-08-10 06:16:23 --> Total execution time: 0.5560
DEBUG - 2016-08-10 06:16:23 --> cURL Class Initialized
DEBUG - 2016-08-10 06:16:23 --> OAuth2 class already loaded. Second attempt ignored.
DEBUG - 2016-08-10 06:16:23 --> C:\xampp\htdocs\bondora\application\libraries/MY_Table.php exists, but does not declare MY_Table
DEBUG - 2016-08-10 06:16:23 --> Session class already loaded. Second attempt ignored.
DEBUG - 2016-08-10 06:16:23 --> Total execution time: 0.9861
DEBUG - 2016-08-10 06:16:23 --> UTF-8 Support Disabled
DEBUG - 2016-08-10 06:16:23 --> Global POST, GET and COOKIE data sanitized
DEBUG - 2016-08-10 06:16:23 --> cURL Class Initialized
DEBUG - 2016-08-10 06:16:23 --> OAuth2 class already loaded. Second attempt ignored.
DEBUG - 2016-08-10 06:16:23 --> C:\xampp\htdocs\bondora\application\libraries/MY_Table.php exists, but does not declare MY_Table
DEBUG - 2016-08-10 06:16:23 --> Session class already loaded. Second attempt ignored.
DEBUG - 2016-08-10 06:16:23 --> Total execution time: 0.3410
DEBUG - 2016-08-10 06:16:29 --> UTF-8 Support Disabled
DEBUG - 2016-08-10 06:16:29 --> Global POST, GET and COOKIE data sanitized
DEBUG - 2016-08-10 06:16:29 --> cURL Class Initialized
DEBUG - 2016-08-10 06:16:29 --> OAuth2 class already loaded. Second attempt ignored.
DEBUG - 2016-08-10 06:16:29 --> C:\xampp\htdocs\bondora\application\libraries/MY_Table.php exists, but does not declare MY_Table
DEBUG - 2016-08-10 06:16:29 --> Session class already loaded. Second attempt ignored.
DEBUG - 2016-08-10 06:16:29 --> Total execution time: 0.5960
DEBUG - 2016-08-10 06:16:29 --> UTF-8 Support Disabled
DEBUG - 2016-08-10 06:16:29 --> Global POST, GET and COOKIE data sanitized
DEBUG - 2016-08-10 06:16:29 --> cURL Class Initialized
DEBUG - 2016-08-10 06:16:29 --> OAuth2 class already loaded. Second attempt ignored.
DEBUG - 2016-08-10 06:16:29 --> C:\xampp\htdocs\bondora\application\libraries/MY_Table.php exists, but does not declare MY_Table
DEBUG - 2016-08-10 06:16:29 --> Session class already loaded. Second attempt ignored.
DEBUG - 2016-08-10 06:16:30 --> Total execution time: 0.3780
DEBUG - 2016-08-10 06:16:44 --> UTF-8 Support Disabled
DEBUG - 2016-08-10 06:16:44 --> Global POST, GET and COOKIE data sanitized
DEBUG - 2016-08-10 06:16:44 --> cURL Class Initialized
DEBUG - 2016-08-10 06:16:44 --> OAuth2 class already loaded. Second attempt ignored.
DEBUG - 2016-08-10 06:16:44 --> C:\xampp\htdocs\bondora\application\libraries/MY_Table.php exists, but does not declare MY_Table
DEBUG - 2016-08-10 06:16:44 --> Session class already loaded. Second attempt ignored.
DEBUG - 2016-08-10 06:16:44 --> SELECT *
FROM `select` `a`.*, `b`.`listedOnDate`, `b`.`xirr`, `b`.`secondaryId`, `b`.`desiredDiscountRate from bondora`.`investment_payload a LEFT JOIN bondora`.`secondary b ON a`.`loanPartId=b`.`loanPartId WHERE a`.`id=1724 and user="mehike" order by` `a`.`signedDate`, `a`.`auctionId`
DEBUG - 2016-08-10 06:16:44 --> SELECT *
FROM `select` `a`.*, `b`.`listedOnDate`, `b`.`xirr`, `b`.`secondaryId`, `b`.`desiredDiscountRate from bondora`.`investment_payload a LEFT JOIN bondora`.`secondary b ON a`.`loanPartId=b`.`loanPartId WHERE a`.`id=1729 and user="mehike" order by` `a`.`signedDate`, `a`.`auctionId`
DEBUG - 2016-08-10 06:16:44 --> SELECT *
FROM `select` `a`.*, `b`.`listedOnDate`, `b`.`xirr`, `b`.`secondaryId`, `b`.`desiredDiscountRate from bondora`.`investment_payload a LEFT JOIN bondora`.`secondary b ON a`.`loanPartId=b`.`loanPartId WHERE a`.`id=1730 and user="mehike" order by` `a`.`signedDate`, `a`.`auctionId`
DEBUG - 2016-08-10 06:16:44 --> SELECT *
FROM `select` `a`.*, `b`.`listedOnDate`, `b`.`xirr`, `b`.`secondaryId`, `b`.`desiredDiscountRate from bondora`.`investment_payload a LEFT JOIN bondora`.`secondary b ON a`.`loanPartId=b`.`loanPartId WHERE a`.`id=1745 and user="mehike" order by` `a`.`signedDate`, `a`.`auctionId`
DEBUG - 2016-08-10 06:16:44 --> SELECT *
FROM `select` `a`.*, `b`.`listedOnDate`, `b`.`xirr`, `b`.`secondaryId`, `b`.`desiredDiscountRate from bondora`.`investment_payload a LEFT JOIN bondora`.`secondary b ON a`.`loanPartId=b`.`loanPartId WHERE a`.`id=1750 and user="mehike" order by` `a`.`signedDate`, `a`.`auctionId`
DEBUG - 2016-08-10 06:16:48 --> Total execution time: 3.9422
DEBUG - 2016-08-10 06:16:48 --> UTF-8 Support Disabled
DEBUG - 2016-08-10 06:16:48 --> Global POST, GET and COOKIE data sanitized
ERROR - 2016-08-10 06:16:48 --> 404 Page Not Found: Investments/bootstrap
DEBUG - 2016-08-10 06:16:50 --> UTF-8 Support Disabled
DEBUG - 2016-08-10 06:16:50 --> Global POST, GET and COOKIE data sanitized
DEBUG - 2016-08-10 06:16:50 --> cURL Class Initialized
DEBUG - 2016-08-10 06:16:50 --> OAuth2 class already loaded. Second attempt ignored.
DEBUG - 2016-08-10 06:16:50 --> C:\xampp\htdocs\bondora\application\libraries/MY_Table.php exists, but does not declare MY_Table
DEBUG - 2016-08-10 06:16:50 --> Session class already loaded. Second attempt ignored.
DEBUG - 2016-08-10 06:16:50 --> SELECT *
FROM `select` `a`.*, `b`.`listedOnDate`, `b`.`xirr`, `b`.`secondaryId`, `b`.`desiredDiscountRate from bondora`.`investment_payload a LEFT JOIN bondora`.`secondary b ON a`.`loanPartId=b`.`loanPartId and a`.`user=b`.`user where a`.`user="mehike" order by` `a`.`signedDate`, `a`.`auctionId`
ERROR - 2016-08-10 06:16:50 --> Severity: Notice --> Undefined offset: 33 C:\xampp\htdocs\bondora\application\views\investments\index.php 880
ERROR - 2016-08-10 06:16:50 --> Severity: Notice --> Undefined offset: 33 C:\xampp\htdocs\bondora\application\views\investments\index.php 880
ERROR - 2016-08-10 06:16:50 --> Severity: Notice --> Undefined offset: 33 C:\xampp\htdocs\bondora\application\views\investments\index.php 880
ERROR - 2016-08-10 06:16:50 --> Severity: Notice --> Undefined offset: 33 C:\xampp\htdocs\bondora\application\views\investments\index.php 880
ERROR - 2016-08-10 06:16:50 --> Severity: Notice --> Undefined offset: 31 C:\xampp\htdocs\bondora\application\views\investments\index.php 880
ERROR - 2016-08-10 06:16:50 --> Severity: Notice --> Undefined offset: 33 C:\xampp\htdocs\bondora\application\views\investments\index.php 880
ERROR - 2016-08-10 06:16:50 --> Severity: Notice --> Undefined offset: 33 C:\xampp\htdocs\bondora\application\views\investments\index.php 880
ERROR - 2016-08-10 06:16:50 --> Severity: Notice --> Undefined offset: 30 C:\xampp\htdocs\bondora\application\views\investments\index.php 880
ERROR - 2016-08-10 06:16:50 --> Severity: Notice --> Undefined offset: 32 C:\xampp\htdocs\bondora\application\views\investments\index.php 880
ERROR - 2016-08-10 06:16:50 --> Severity: Notice --> Undefined offset: 32 C:\xampp\htdocs\bondora\application\views\investments\index.php 880
ERROR - 2016-08-10 06:16:50 --> Severity: Notice --> Undefined offset: 32 C:\xampp\htdocs\bondora\application\views\investments\index.php 880
ERROR - 2016-08-10 06:16:50 --> Severity: Notice --> Undefined offset: 33 C:\xampp\htdocs\bondora\application\views\investments\index.php 880
ERROR - 2016-08-10 06:16:50 --> Severity: Notice --> Undefined offset: 33 C:\xampp\htdocs\bondora\application\views\investments\index.php 880
ERROR - 2016-08-10 06:16:50 --> Severity: Notice --> Undefined offset: 33 C:\xampp\htdocs\bondora\application\views\investments\index.php 880
ERROR - 2016-08-10 06:16:50 --> Severity: Notice --> Undefined offset: 33 C:\xampp\htdocs\bondora\application\views\investments\index.php 880
ERROR - 2016-08-10 06:16:50 --> Severity: Notice --> Undefined offset: 41 C:\xampp\htdocs\bondora\application\views\investments\index.php 880
ERROR - 2016-08-10 06:16:50 --> Severity: Notice --> Undefined offset: 30 C:\xampp\htdocs\bondora\application\views\investments\index.php 880
ERROR - 2016-08-10 06:16:50 --> Severity: Notice --> Undefined offset: 31 C:\xampp\htdocs\bondora\application\views\investments\index.php 880
ERROR - 2016-08-10 06:16:50 --> Severity: Notice --> Undefined offset: 33 C:\xampp\htdocs\bondora\application\views\investments\index.php 880
ERROR - 2016-08-10 06:16:50 --> Severity: Notice --> Undefined offset: 33 C:\xampp\htdocs\bondora\application\views\investments\index.php 880
ERROR - 2016-08-10 06:16:50 --> Severity: Notice --> Undefined offset: 32 C:\xampp\htdocs\bondora\application\views\investments\index.php 880
DEBUG - 2016-08-10 06:16:50 --> Total execution time: 0.0860
DEBUG - 2016-08-10 06:16:50 --> UTF-8 Support Disabled
DEBUG - 2016-08-10 06:16:50 --> Global POST, GET and COOKIE data sanitized
ERROR - 2016-08-10 06:16:50 --> 404 Page Not Found: Investments/bootstrap
DEBUG - 2016-08-10 06:16:53 --> UTF-8 Support Disabled
DEBUG - 2016-08-10 06:16:53 --> Global POST, GET and COOKIE data sanitized
DEBUG - 2016-08-10 06:16:53 --> cURL Class Initialized
DEBUG - 2016-08-10 06:16:53 --> OAuth2 class already loaded. Second attempt ignored.
DEBUG - 2016-08-10 06:16:53 --> C:\xampp\htdocs\bondora\application\libraries/MY_Table.php exists, but does not declare MY_Table
DEBUG - 2016-08-10 06:16:53 --> Session class already loaded. Second attempt ignored.
DEBUG - 2016-08-10 06:16:55 --> SELECT *
FROM `select` `a`.*, `b`.`listedOnDate`, `b`.`xirr`, `b`.`secondaryId`, `b`.`desiredDiscountRate from bondora`.`investment_payload a LEFT JOIN bondora`.`secondary b ON a`.`loanPartId=b`.`loanPartId and a`.`user=b`.`user where a`.`user="mehike" order by` `a`.`signedDate`, `a`.`auctionId`
ERROR - 2016-08-10 06:16:55 --> Severity: Notice --> Undefined offset: 33 C:\xampp\htdocs\bondora\application\views\investments\index.php 880
ERROR - 2016-08-10 06:16:55 --> Severity: Notice --> Undefined offset: 33 C:\xampp\htdocs\bondora\application\views\investments\index.php 880
ERROR - 2016-08-10 06:16:55 --> Severity: Notice --> Undefined offset: 33 C:\xampp\htdocs\bondora\application\views\investments\index.php 880
ERROR - 2016-08-10 06:16:55 --> Severity: Notice --> Undefined offset: 33 C:\xampp\htdocs\bondora\application\views\investments\index.php 880
ERROR - 2016-08-10 06:16:55 --> Severity: Notice --> Undefined offset: 31 C:\xampp\htdocs\bondora\application\views\investments\index.php 880
ERROR - 2016-08-10 06:16:55 --> Severity: Notice --> Undefined offset: 33 C:\xampp\htdocs\bondora\application\views\investments\index.php 880
ERROR - 2016-08-10 06:16:55 --> Severity: Notice --> Undefined offset: 33 C:\xampp\htdocs\bondora\application\views\investments\index.php 880
ERROR - 2016-08-10 06:16:55 --> Severity: Notice --> Undefined offset: 32 C:\xampp\htdocs\bondora\application\views\investments\index.php 880
ERROR - 2016-08-10 06:16:55 --> Severity: Notice --> Undefined offset: 32 C:\xampp\htdocs\bondora\application\views\investments\index.php 880
ERROR - 2016-08-10 06:16:55 --> Severity: Notice --> Undefined offset: 32 C:\xampp\htdocs\bondora\application\views\investments\index.php 880
ERROR - 2016-08-10 06:16:55 --> Severity: Notice --> Undefined offset: 33 C:\xampp\htdocs\bondora\application\views\investments\index.php 880
ERROR - 2016-08-10 06:16:55 --> Severity: Notice --> Undefined offset: 33 C:\xampp\htdocs\bondora\application\views\investments\index.php 880
ERROR - 2016-08-10 06:16:55 --> Severity: Notice --> Undefined offset: 33 C:\xampp\htdocs\bondora\application\views\investments\index.php 880
ERROR - 2016-08-10 06:16:55 --> Severity: Notice --> Undefined offset: 33 C:\xampp\htdocs\bondora\application\views\investments\index.php 880
ERROR - 2016-08-10 06:16:55 --> Severity: Notice --> Undefined offset: 41 C:\xampp\htdocs\bondora\application\views\investments\index.php 880
ERROR - 2016-08-10 06:16:55 --> Severity: Notice --> Undefined offset: 31 C:\xampp\htdocs\bondora\application\views\investments\index.php 880
ERROR - 2016-08-10 06:16:55 --> Severity: Notice --> Undefined offset: 33 C:\xampp\htdocs\bondora\application\views\investments\index.php 880
ERROR - 2016-08-10 06:16:55 --> Severity: Notice --> Undefined offset: 33 C:\xampp\htdocs\bondora\application\views\investments\index.php 880
ERROR - 2016-08-10 06:16:55 --> Severity: Notice --> Undefined offset: 32 C:\xampp\htdocs\bondora\application\views\investments\index.php 880
DEBUG - 2016-08-10 06:16:55 --> Total execution time: 1.2141
DEBUG - 2016-08-10 06:16:55 --> UTF-8 Support Disabled
DEBUG - 2016-08-10 06:16:55 --> Global POST, GET and COOKIE data sanitized
ERROR - 2016-08-10 06:16:55 --> 404 Page Not Found: Investments/bootstrap
