DEBUG - 2016-08-22 06:05:24 --> UTF-8 Support Disabled
DEBUG - 2016-08-22 06:05:24 --> Global POST, GET and COOKIE data sanitized
DEBUG - 2016-08-22 06:05:24 --> cURL Class Initialized
DEBUG - 2016-08-22 06:05:24 --> OAuth2 class already loaded. Second attempt ignored.
DEBUG - 2016-08-22 06:05:24 --> C:\xampp\htdocs\bondora\application\libraries/MY_Table.php exists, but does not declare MY_Table
DEBUG - 2016-08-22 06:05:24 --> Session class already loaded. Second attempt ignored.
DEBUG - 2016-08-22 06:05:24 --> UTF-8 Support Disabled
DEBUG - 2016-08-22 06:05:24 --> Global POST, GET and COOKIE data sanitized
DEBUG - 2016-08-22 06:05:24 --> cURL Class Initialized
DEBUG - 2016-08-22 06:05:24 --> OAuth2 class already loaded. Second attempt ignored.
DEBUG - 2016-08-22 06:05:24 --> Session class already loaded. Second attempt ignored.
DEBUG - 2016-08-22 06:05:24 --> Total execution time: 0.0810
DEBUG - 2016-08-22 06:05:26 --> UTF-8 Support Disabled
DEBUG - 2016-08-22 06:05:27 --> Global POST, GET and COOKIE data sanitized
DEBUG - 2016-08-22 06:05:27 --> cURL Class Initialized
DEBUG - 2016-08-22 06:05:27 --> OAuth2 class already loaded. Second attempt ignored.
DEBUG - 2016-08-22 06:05:27 --> Session class already loaded. Second attempt ignored.
DEBUG - 2016-08-22 06:05:27 --> UTF-8 Support Disabled
DEBUG - 2016-08-22 06:05:27 --> Global POST, GET and COOKIE data sanitized
DEBUG - 2016-08-22 06:05:27 --> cURL Class Initialized
DEBUG - 2016-08-22 06:05:27 --> OAuth2 class already loaded. Second attempt ignored.
DEBUG - 2016-08-22 06:05:27 --> C:\xampp\htdocs\bondora\application\libraries/MY_Table.php exists, but does not declare MY_Table
DEBUG - 2016-08-22 06:05:27 --> Session class already loaded. Second attempt ignored.
DEBUG - 2016-08-22 06:05:27 --> SELECT *
FROM `select` `a`.*, `b`.`statusCode from auction_payload a LEFT JOIN bid_payload b ON a`.`auctionId=b`.`auctionId and a`.`user=b`.`userName where` `user="mehike"`
DEBUG - 2016-08-22 06:05:27 --> Total execution time: 0.1730
DEBUG - 2016-08-22 06:05:27 --> UTF-8 Support Disabled
DEBUG - 2016-08-22 06:05:27 --> Global POST, GET and COOKIE data sanitized
ERROR - 2016-08-22 06:05:27 --> 404 Page Not Found: Auctions/bootstrap
DEBUG - 2016-08-22 06:05:30 --> UTF-8 Support Disabled
DEBUG - 2016-08-22 06:05:30 --> Global POST, GET and COOKIE data sanitized
DEBUG - 2016-08-22 06:05:30 --> cURL Class Initialized
DEBUG - 2016-08-22 06:05:30 --> OAuth2 class already loaded. Second attempt ignored.
DEBUG - 2016-08-22 06:05:30 --> C:\xampp\htdocs\bondora\application\libraries/MY_Table.php exists, but does not declare MY_Table
DEBUG - 2016-08-22 06:05:30 --> Session class already loaded. Second attempt ignored.
DEBUG - 2016-08-22 06:05:30 --> SELECT *
FROM `select` `a`.*, `b`.`listedOnDate`, `b`.`xirr`, `b`.`secondaryId`, `b`.`desiredDiscountRate from bondora`.`investment_payload a LEFT JOIN bondora`.`secondary b ON a`.`loanPartId=b`.`loanPartId and a`.`user=b`.`user where a`.`user="mehike" order by` `a`.`signedDate`, `a`.`auctionId`
ERROR - 2016-08-22 06:05:30 --> Severity: Notice --> Undefined offset: 33 C:\xampp\htdocs\bondora\application\views\investments\index.php 880
ERROR - 2016-08-22 06:05:30 --> Severity: Notice --> Undefined offset: 33 C:\xampp\htdocs\bondora\application\views\investments\index.php 880
ERROR - 2016-08-22 06:05:30 --> Severity: Notice --> Undefined offset: 33 C:\xampp\htdocs\bondora\application\views\investments\index.php 880
ERROR - 2016-08-22 06:05:30 --> Severity: Notice --> Undefined offset: 31 C:\xampp\htdocs\bondora\application\views\investments\index.php 880
ERROR - 2016-08-22 06:05:30 --> Severity: Notice --> Undefined offset: 33 C:\xampp\htdocs\bondora\application\views\investments\index.php 880
ERROR - 2016-08-22 06:05:30 --> Severity: Notice --> Undefined offset: 33 C:\xampp\htdocs\bondora\application\views\investments\index.php 880
ERROR - 2016-08-22 06:05:30 --> Severity: Notice --> Undefined offset: 30 C:\xampp\htdocs\bondora\application\views\investments\index.php 880
ERROR - 2016-08-22 06:05:30 --> Severity: Notice --> Undefined offset: 33 C:\xampp\htdocs\bondora\application\views\investments\index.php 880
ERROR - 2016-08-22 06:05:30 --> Severity: Notice --> Undefined offset: 33 C:\xampp\htdocs\bondora\application\views\investments\index.php 880
ERROR - 2016-08-22 06:05:30 --> Severity: Notice --> Undefined offset: 32 C:\xampp\htdocs\bondora\application\views\investments\index.php 880
ERROR - 2016-08-22 06:05:30 --> Severity: Notice --> Undefined offset: 33 C:\xampp\htdocs\bondora\application\views\investments\index.php 880
ERROR - 2016-08-22 06:05:30 --> Severity: Notice --> Undefined offset: 33 C:\xampp\htdocs\bondora\application\views\investments\index.php 880
ERROR - 2016-08-22 06:05:30 --> Severity: Notice --> Undefined offset: 33 C:\xampp\htdocs\bondora\application\views\investments\index.php 880
ERROR - 2016-08-22 06:05:30 --> Severity: Notice --> Undefined offset: 41 C:\xampp\htdocs\bondora\application\views\investments\index.php 880
ERROR - 2016-08-22 06:05:30 --> Severity: Notice --> Undefined offset: 30 C:\xampp\htdocs\bondora\application\views\investments\index.php 880
ERROR - 2016-08-22 06:05:30 --> Severity: Notice --> Undefined offset: 31 C:\xampp\htdocs\bondora\application\views\investments\index.php 880
ERROR - 2016-08-22 06:05:30 --> Severity: Notice --> Undefined offset: 33 C:\xampp\htdocs\bondora\application\views\investments\index.php 880
ERROR - 2016-08-22 06:05:30 --> Severity: Notice --> Undefined offset: 33 C:\xampp\htdocs\bondora\application\views\investments\index.php 880
ERROR - 2016-08-22 06:05:30 --> Severity: Notice --> Undefined offset: 33 C:\xampp\htdocs\bondora\application\views\investments\index.php 880
DEBUG - 2016-08-22 06:05:30 --> Total execution time: 0.1360
DEBUG - 2016-08-22 06:05:30 --> UTF-8 Support Disabled
DEBUG - 2016-08-22 06:05:30 --> Global POST, GET and COOKIE data sanitized
ERROR - 2016-08-22 06:05:30 --> 404 Page Not Found: Investments/bootstrap
DEBUG - 2016-08-22 06:05:32 --> UTF-8 Support Disabled
DEBUG - 2016-08-22 06:05:32 --> Global POST, GET and COOKIE data sanitized
DEBUG - 2016-08-22 06:05:32 --> cURL Class Initialized
DEBUG - 2016-08-22 06:05:32 --> OAuth2 class already loaded. Second attempt ignored.
DEBUG - 2016-08-22 06:05:32 --> C:\xampp\htdocs\bondora\application\libraries/MY_Table.php exists, but does not declare MY_Table
DEBUG - 2016-08-22 06:05:32 --> Session class already loaded. Second attempt ignored.
DEBUG - 2016-08-22 06:05:34 --> UTF-8 Support Disabled
DEBUG - 2016-08-22 06:05:34 --> Global POST, GET and COOKIE data sanitized
DEBUG - 2016-08-22 06:05:34 --> cURL Class Initialized
DEBUG - 2016-08-22 06:05:34 --> OAuth2 class already loaded. Second attempt ignored.
DEBUG - 2016-08-22 06:06:13 --> UTF-8 Support Disabled
DEBUG - 2016-08-22 06:06:13 --> Global POST, GET and COOKIE data sanitized
DEBUG - 2016-08-22 06:06:14 --> cURL Class Initialized
DEBUG - 2016-08-22 06:06:14 --> OAuth2 class already loaded. Second attempt ignored.
DEBUG - 2016-08-22 06:06:16 --> UTF-8 Support Disabled
DEBUG - 2016-08-22 06:06:16 --> Global POST, GET and COOKIE data sanitized
DEBUG - 2016-08-22 06:06:16 --> cURL Class Initialized
DEBUG - 2016-08-22 06:06:16 --> OAuth2 class already loaded. Second attempt ignored.
DEBUG - 2016-08-22 06:06:16 --> C:\xampp\htdocs\bondora\application\libraries/MY_Table.php exists, but does not declare MY_Table
DEBUG - 2016-08-22 06:06:16 --> Session class already loaded. Second attempt ignored.
DEBUG - 2016-08-22 06:06:16 --> SELECT *
FROM `select` `a`.*, `b`.`listedOnDate`, `b`.`xirr`, `b`.`secondaryId`, `b`.`desiredDiscountRate from bondora`.`investment_payload a LEFT JOIN bondora`.`secondary b ON a`.`loanPartId=b`.`loanPartId and a`.`user=b`.`user where a`.`user="mehike" order by` `a`.`signedDate`, `a`.`auctionId`
ERROR - 2016-08-22 06:06:16 --> Severity: Notice --> Undefined offset: 33 C:\xampp\htdocs\bondora\application\views\investments\index.php 880
ERROR - 2016-08-22 06:06:16 --> Severity: Notice --> Undefined offset: 33 C:\xampp\htdocs\bondora\application\views\investments\index.php 880
ERROR - 2016-08-22 06:06:16 --> Severity: Notice --> Undefined offset: 33 C:\xampp\htdocs\bondora\application\views\investments\index.php 880
ERROR - 2016-08-22 06:06:16 --> Severity: Notice --> Undefined offset: 31 C:\xampp\htdocs\bondora\application\views\investments\index.php 880
ERROR - 2016-08-22 06:06:16 --> Severity: Notice --> Undefined offset: 33 C:\xampp\htdocs\bondora\application\views\investments\index.php 880
ERROR - 2016-08-22 06:06:16 --> Severity: Notice --> Undefined offset: 33 C:\xampp\htdocs\bondora\application\views\investments\index.php 880
ERROR - 2016-08-22 06:06:16 --> Severity: Notice --> Undefined offset: 30 C:\xampp\htdocs\bondora\application\views\investments\index.php 880
ERROR - 2016-08-22 06:06:16 --> Severity: Notice --> Undefined offset: 33 C:\xampp\htdocs\bondora\application\views\investments\index.php 880
ERROR - 2016-08-22 06:06:16 --> Severity: Notice --> Undefined offset: 33 C:\xampp\htdocs\bondora\application\views\investments\index.php 880
ERROR - 2016-08-22 06:06:16 --> Severity: Notice --> Undefined offset: 32 C:\xampp\htdocs\bondora\application\views\investments\index.php 880
ERROR - 2016-08-22 06:06:16 --> Severity: Notice --> Undefined offset: 33 C:\xampp\htdocs\bondora\application\views\investments\index.php 880
ERROR - 2016-08-22 06:06:16 --> Severity: Notice --> Undefined offset: 33 C:\xampp\htdocs\bondora\application\views\investments\index.php 880
ERROR - 2016-08-22 06:06:16 --> Severity: Notice --> Undefined offset: 33 C:\xampp\htdocs\bondora\application\views\investments\index.php 880
ERROR - 2016-08-22 06:06:16 --> Severity: Notice --> Undefined offset: 41 C:\xampp\htdocs\bondora\application\views\investments\index.php 880
ERROR - 2016-08-22 06:06:16 --> Severity: Notice --> Undefined offset: 30 C:\xampp\htdocs\bondora\application\views\investments\index.php 880
ERROR - 2016-08-22 06:06:16 --> Severity: Notice --> Undefined offset: 31 C:\xampp\htdocs\bondora\application\views\investments\index.php 880
ERROR - 2016-08-22 06:06:16 --> Severity: Notice --> Undefined offset: 33 C:\xampp\htdocs\bondora\application\views\investments\index.php 880
ERROR - 2016-08-22 06:06:16 --> Severity: Notice --> Undefined offset: 33 C:\xampp\htdocs\bondora\application\views\investments\index.php 880
ERROR - 2016-08-22 06:06:16 --> Severity: Notice --> Undefined offset: 33 C:\xampp\htdocs\bondora\application\views\investments\index.php 880
DEBUG - 2016-08-22 06:06:16 --> Total execution time: 0.4160
DEBUG - 2016-08-22 06:06:16 --> UTF-8 Support Disabled
DEBUG - 2016-08-22 06:06:16 --> Global POST, GET and COOKIE data sanitized
ERROR - 2016-08-22 06:06:16 --> 404 Page Not Found: Investments/bootstrap
DEBUG - 2016-08-22 06:06:19 --> UTF-8 Support Disabled
DEBUG - 2016-08-22 06:06:19 --> Global POST, GET and COOKIE data sanitized
DEBUG - 2016-08-22 06:06:20 --> cURL Class Initialized
DEBUG - 2016-08-22 06:06:20 --> OAuth2 class already loaded. Second attempt ignored.
DEBUG - 2016-08-22 06:06:20 --> C:\xampp\htdocs\bondora\application\libraries/MY_Table.php exists, but does not declare MY_Table
DEBUG - 2016-08-22 06:06:20 --> Session class already loaded. Second attempt ignored.
DEBUG - 2016-08-22 06:06:23 --> SELECT *
FROM `select` `a`.*, `b`.`listedOnDate`, `b`.`xirr`, `b`.`secondaryId`, `b`.`desiredDiscountRate from bondora`.`investment_payload a LEFT JOIN bondora`.`secondary b ON a`.`loanPartId=b`.`loanPartId and a`.`user=b`.`user where a`.`user="mehike" order by` `a`.`signedDate`, `a`.`auctionId`
ERROR - 2016-08-22 06:06:23 --> Severity: Notice --> Undefined offset: 33 C:\xampp\htdocs\bondora\application\views\investments\index.php 880
ERROR - 2016-08-22 06:06:23 --> Severity: Notice --> Undefined offset: 33 C:\xampp\htdocs\bondora\application\views\investments\index.php 880
ERROR - 2016-08-22 06:06:23 --> Severity: Notice --> Undefined offset: 33 C:\xampp\htdocs\bondora\application\views\investments\index.php 880
ERROR - 2016-08-22 06:06:23 --> Severity: Notice --> Undefined offset: 31 C:\xampp\htdocs\bondora\application\views\investments\index.php 880
ERROR - 2016-08-22 06:06:23 --> Severity: Notice --> Undefined offset: 33 C:\xampp\htdocs\bondora\application\views\investments\index.php 880
ERROR - 2016-08-22 06:06:23 --> Severity: Notice --> Undefined offset: 33 C:\xampp\htdocs\bondora\application\views\investments\index.php 880
ERROR - 2016-08-22 06:06:23 --> Severity: Notice --> Undefined offset: 33 C:\xampp\htdocs\bondora\application\views\investments\index.php 880
ERROR - 2016-08-22 06:06:23 --> Severity: Notice --> Undefined offset: 33 C:\xampp\htdocs\bondora\application\views\investments\index.php 880
ERROR - 2016-08-22 06:06:23 --> Severity: Notice --> Undefined offset: 32 C:\xampp\htdocs\bondora\application\views\investments\index.php 880
ERROR - 2016-08-22 06:06:23 --> Severity: Notice --> Undefined offset: 33 C:\xampp\htdocs\bondora\application\views\investments\index.php 880
ERROR - 2016-08-22 06:06:23 --> Severity: Notice --> Undefined offset: 33 C:\xampp\htdocs\bondora\application\views\investments\index.php 880
ERROR - 2016-08-22 06:06:23 --> Severity: Notice --> Undefined offset: 33 C:\xampp\htdocs\bondora\application\views\investments\index.php 880
ERROR - 2016-08-22 06:06:23 --> Severity: Notice --> Undefined offset: 41 C:\xampp\htdocs\bondora\application\views\investments\index.php 880
ERROR - 2016-08-22 06:06:23 --> Severity: Notice --> Undefined offset: 31 C:\xampp\htdocs\bondora\application\views\investments\index.php 880
ERROR - 2016-08-22 06:06:23 --> Severity: Notice --> Undefined offset: 33 C:\xampp\htdocs\bondora\application\views\investments\index.php 880
ERROR - 2016-08-22 06:06:23 --> Severity: Notice --> Undefined offset: 33 C:\xampp\htdocs\bondora\application\views\investments\index.php 880
ERROR - 2016-08-22 06:06:23 --> Severity: Notice --> Undefined offset: 33 C:\xampp\htdocs\bondora\application\views\investments\index.php 880
DEBUG - 2016-08-22 06:06:23 --> Total execution time: 3.3450
DEBUG - 2016-08-22 06:06:23 --> UTF-8 Support Disabled
DEBUG - 2016-08-22 06:06:23 --> Global POST, GET and COOKIE data sanitized
ERROR - 2016-08-22 06:06:23 --> 404 Page Not Found: Investments/bootstrap
DEBUG - 2016-08-22 06:06:28 --> UTF-8 Support Disabled
DEBUG - 2016-08-22 06:06:28 --> Global POST, GET and COOKIE data sanitized
DEBUG - 2016-08-22 06:06:28 --> cURL Class Initialized
DEBUG - 2016-08-22 06:06:28 --> OAuth2 class already loaded. Second attempt ignored.
DEBUG - 2016-08-22 06:06:28 --> C:\xampp\htdocs\bondora\application\libraries/MY_Table.php exists, but does not declare MY_Table
DEBUG - 2016-08-22 06:06:28 --> Session class already loaded. Second attempt ignored.
DEBUG - 2016-08-22 06:06:28 --> Total execution time: 0.6370
DEBUG - 2016-08-22 06:06:28 --> UTF-8 Support Disabled
DEBUG - 2016-08-22 06:06:28 --> Global POST, GET and COOKIE data sanitized
DEBUG - 2016-08-22 06:06:28 --> cURL Class Initialized
DEBUG - 2016-08-22 06:06:28 --> OAuth2 class already loaded. Second attempt ignored.
DEBUG - 2016-08-22 06:06:28 --> C:\xampp\htdocs\bondora\application\libraries/MY_Table.php exists, but does not declare MY_Table
DEBUG - 2016-08-22 06:06:28 --> Session class already loaded. Second attempt ignored.
DEBUG - 2016-08-22 06:06:29 --> Total execution time: 0.4950
DEBUG - 2016-08-22 06:06:31 --> UTF-8 Support Disabled
DEBUG - 2016-08-22 06:06:31 --> Global POST, GET and COOKIE data sanitized
DEBUG - 2016-08-22 06:06:31 --> cURL Class Initialized
DEBUG - 2016-08-22 06:06:31 --> OAuth2 class already loaded. Second attempt ignored.
DEBUG - 2016-08-22 06:06:31 --> C:\xampp\htdocs\bondora\application\libraries/MY_Table.php exists, but does not declare MY_Table
DEBUG - 2016-08-22 06:06:31 --> Session class already loaded. Second attempt ignored.
DEBUG - 2016-08-22 06:06:32 --> Total execution time: 0.8550
DEBUG - 2016-08-22 06:06:32 --> UTF-8 Support Disabled
DEBUG - 2016-08-22 06:06:32 --> Global POST, GET and COOKIE data sanitized
DEBUG - 2016-08-22 06:06:32 --> cURL Class Initialized
DEBUG - 2016-08-22 06:06:32 --> OAuth2 class already loaded. Second attempt ignored.
DEBUG - 2016-08-22 06:06:32 --> C:\xampp\htdocs\bondora\application\libraries/MY_Table.php exists, but does not declare MY_Table
DEBUG - 2016-08-22 06:06:32 --> Session class already loaded. Second attempt ignored.
DEBUG - 2016-08-22 06:06:33 --> Total execution time: 0.5040
DEBUG - 2016-08-22 06:06:35 --> UTF-8 Support Disabled
DEBUG - 2016-08-22 06:06:35 --> Global POST, GET and COOKIE data sanitized
DEBUG - 2016-08-22 06:06:35 --> cURL Class Initialized
DEBUG - 2016-08-22 06:06:35 --> OAuth2 class already loaded. Second attempt ignored.
DEBUG - 2016-08-22 06:06:35 --> C:\xampp\htdocs\bondora\application\libraries/MY_Table.php exists, but does not declare MY_Table
DEBUG - 2016-08-22 06:06:35 --> Session class already loaded. Second attempt ignored.
DEBUG - 2016-08-22 06:06:36 --> Total execution time: 0.5990
DEBUG - 2016-08-22 06:06:36 --> UTF-8 Support Disabled
DEBUG - 2016-08-22 06:06:36 --> Global POST, GET and COOKIE data sanitized
DEBUG - 2016-08-22 06:06:36 --> cURL Class Initialized
DEBUG - 2016-08-22 06:06:36 --> OAuth2 class already loaded. Second attempt ignored.
DEBUG - 2016-08-22 06:06:36 --> C:\xampp\htdocs\bondora\application\libraries/MY_Table.php exists, but does not declare MY_Table
DEBUG - 2016-08-22 06:06:36 --> Session class already loaded. Second attempt ignored.
DEBUG - 2016-08-22 06:06:36 --> Total execution time: 0.3830
DEBUG - 2016-08-22 06:06:41 --> UTF-8 Support Disabled
DEBUG - 2016-08-22 06:06:41 --> Global POST, GET and COOKIE data sanitized
DEBUG - 2016-08-22 06:06:41 --> cURL Class Initialized
DEBUG - 2016-08-22 06:06:41 --> OAuth2 class already loaded. Second attempt ignored.
DEBUG - 2016-08-22 06:06:41 --> C:\xampp\htdocs\bondora\application\libraries/MY_Table.php exists, but does not declare MY_Table
DEBUG - 2016-08-22 06:06:41 --> Session class already loaded. Second attempt ignored.
DEBUG - 2016-08-22 06:06:42 --> Total execution time: 0.8150
DEBUG - 2016-08-22 06:06:42 --> UTF-8 Support Disabled
DEBUG - 2016-08-22 06:06:42 --> Global POST, GET and COOKIE data sanitized
DEBUG - 2016-08-22 06:06:42 --> cURL Class Initialized
DEBUG - 2016-08-22 06:06:42 --> OAuth2 class already loaded. Second attempt ignored.
DEBUG - 2016-08-22 06:06:42 --> C:\xampp\htdocs\bondora\application\libraries/MY_Table.php exists, but does not declare MY_Table
DEBUG - 2016-08-22 06:06:42 --> Session class already loaded. Second attempt ignored.
DEBUG - 2016-08-22 06:06:42 --> Total execution time: 0.4720
DEBUG - 2016-08-22 06:06:44 --> UTF-8 Support Disabled
DEBUG - 2016-08-22 06:06:44 --> Global POST, GET and COOKIE data sanitized
DEBUG - 2016-08-22 06:06:45 --> cURL Class Initialized
DEBUG - 2016-08-22 06:06:45 --> OAuth2 class already loaded. Second attempt ignored.
DEBUG - 2016-08-22 06:06:45 --> C:\xampp\htdocs\bondora\application\libraries/MY_Table.php exists, but does not declare MY_Table
DEBUG - 2016-08-22 06:06:45 --> Session class already loaded. Second attempt ignored.
DEBUG - 2016-08-22 06:06:45 --> Total execution time: 0.6870
DEBUG - 2016-08-22 06:06:45 --> UTF-8 Support Disabled
DEBUG - 2016-08-22 06:06:45 --> Global POST, GET and COOKIE data sanitized
DEBUG - 2016-08-22 06:06:45 --> cURL Class Initialized
DEBUG - 2016-08-22 06:06:45 --> OAuth2 class already loaded. Second attempt ignored.
DEBUG - 2016-08-22 06:06:45 --> C:\xampp\htdocs\bondora\application\libraries/MY_Table.php exists, but does not declare MY_Table
DEBUG - 2016-08-22 06:06:45 --> Session class already loaded. Second attempt ignored.
DEBUG - 2016-08-22 06:06:46 --> Total execution time: 0.3400
DEBUG - 2016-08-22 06:06:48 --> UTF-8 Support Disabled
DEBUG - 2016-08-22 06:06:48 --> Global POST, GET and COOKIE data sanitized
DEBUG - 2016-08-22 06:06:48 --> cURL Class Initialized
DEBUG - 2016-08-22 06:06:48 --> OAuth2 class already loaded. Second attempt ignored.
DEBUG - 2016-08-22 06:06:48 --> C:\xampp\htdocs\bondora\application\libraries/MY_Table.php exists, but does not declare MY_Table
DEBUG - 2016-08-22 06:06:48 --> Session class already loaded. Second attempt ignored.
DEBUG - 2016-08-22 06:06:49 --> Total execution time: 0.6450
DEBUG - 2016-08-22 06:06:49 --> UTF-8 Support Disabled
DEBUG - 2016-08-22 06:06:49 --> Global POST, GET and COOKIE data sanitized
DEBUG - 2016-08-22 06:06:49 --> cURL Class Initialized
DEBUG - 2016-08-22 06:06:49 --> OAuth2 class already loaded. Second attempt ignored.
DEBUG - 2016-08-22 06:06:49 --> C:\xampp\htdocs\bondora\application\libraries/MY_Table.php exists, but does not declare MY_Table
DEBUG - 2016-08-22 06:06:49 --> Session class already loaded. Second attempt ignored.
DEBUG - 2016-08-22 06:06:49 --> Total execution time: 0.4490
DEBUG - 2016-08-22 06:06:52 --> UTF-8 Support Disabled
DEBUG - 2016-08-22 06:06:52 --> Global POST, GET and COOKIE data sanitized
DEBUG - 2016-08-22 06:06:52 --> cURL Class Initialized
DEBUG - 2016-08-22 06:06:52 --> OAuth2 class already loaded. Second attempt ignored.
DEBUG - 2016-08-22 06:06:52 --> C:\xampp\htdocs\bondora\application\libraries/MY_Table.php exists, but does not declare MY_Table
DEBUG - 2016-08-22 06:06:52 --> Session class already loaded. Second attempt ignored.
DEBUG - 2016-08-22 06:06:52 --> Total execution time: 0.8500
DEBUG - 2016-08-22 06:06:52 --> UTF-8 Support Disabled
DEBUG - 2016-08-22 06:06:53 --> Global POST, GET and COOKIE data sanitized
DEBUG - 2016-08-22 06:06:53 --> cURL Class Initialized
DEBUG - 2016-08-22 06:06:53 --> OAuth2 class already loaded. Second attempt ignored.
DEBUG - 2016-08-22 06:06:53 --> C:\xampp\htdocs\bondora\application\libraries/MY_Table.php exists, but does not declare MY_Table
DEBUG - 2016-08-22 06:06:53 --> Session class already loaded. Second attempt ignored.
DEBUG - 2016-08-22 06:06:53 --> Total execution time: 0.4870
DEBUG - 2016-08-22 06:06:55 --> UTF-8 Support Disabled
DEBUG - 2016-08-22 06:06:55 --> Global POST, GET and COOKIE data sanitized
DEBUG - 2016-08-22 06:06:55 --> cURL Class Initialized
DEBUG - 2016-08-22 06:06:55 --> OAuth2 class already loaded. Second attempt ignored.
DEBUG - 2016-08-22 06:06:55 --> C:\xampp\htdocs\bondora\application\libraries/MY_Table.php exists, but does not declare MY_Table
DEBUG - 2016-08-22 06:06:55 --> Session class already loaded. Second attempt ignored.
DEBUG - 2016-08-22 06:06:56 --> Total execution time: 0.6220
DEBUG - 2016-08-22 06:06:56 --> UTF-8 Support Disabled
DEBUG - 2016-08-22 06:06:56 --> Global POST, GET and COOKIE data sanitized
DEBUG - 2016-08-22 06:06:56 --> cURL Class Initialized
DEBUG - 2016-08-22 06:06:56 --> OAuth2 class already loaded. Second attempt ignored.
DEBUG - 2016-08-22 06:06:56 --> C:\xampp\htdocs\bondora\application\libraries/MY_Table.php exists, but does not declare MY_Table
DEBUG - 2016-08-22 06:06:56 --> Session class already loaded. Second attempt ignored.
DEBUG - 2016-08-22 06:06:56 --> Total execution time: 0.3460
DEBUG - 2016-08-22 06:07:00 --> UTF-8 Support Disabled
DEBUG - 2016-08-22 06:07:00 --> Global POST, GET and COOKIE data sanitized
DEBUG - 2016-08-22 06:07:00 --> cURL Class Initialized
DEBUG - 2016-08-22 06:07:00 --> OAuth2 class already loaded. Second attempt ignored.
DEBUG - 2016-08-22 06:07:00 --> C:\xampp\htdocs\bondora\application\libraries/MY_Table.php exists, but does not declare MY_Table
DEBUG - 2016-08-22 06:07:00 --> Session class already loaded. Second attempt ignored.
DEBUG - 2016-08-22 06:07:01 --> Total execution time: 0.7890
DEBUG - 2016-08-22 06:07:01 --> UTF-8 Support Disabled
DEBUG - 2016-08-22 06:07:01 --> Global POST, GET and COOKIE data sanitized
DEBUG - 2016-08-22 06:07:01 --> cURL Class Initialized
DEBUG - 2016-08-22 06:07:01 --> OAuth2 class already loaded. Second attempt ignored.
DEBUG - 2016-08-22 06:07:01 --> C:\xampp\htdocs\bondora\application\libraries/MY_Table.php exists, but does not declare MY_Table
DEBUG - 2016-08-22 06:07:01 --> Session class already loaded. Second attempt ignored.
DEBUG - 2016-08-22 06:07:02 --> Total execution time: 0.5310
DEBUG - 2016-08-22 06:07:06 --> UTF-8 Support Disabled
DEBUG - 2016-08-22 06:07:06 --> Global POST, GET and COOKIE data sanitized
DEBUG - 2016-08-22 06:07:06 --> cURL Class Initialized
DEBUG - 2016-08-22 06:07:06 --> OAuth2 class already loaded. Second attempt ignored.
DEBUG - 2016-08-22 06:07:06 --> C:\xampp\htdocs\bondora\application\libraries/MY_Table.php exists, but does not declare MY_Table
DEBUG - 2016-08-22 06:07:06 --> Session class already loaded. Second attempt ignored.
DEBUG - 2016-08-22 06:07:06 --> Total execution time: 0.6530
DEBUG - 2016-08-22 06:07:06 --> UTF-8 Support Disabled
DEBUG - 2016-08-22 06:07:06 --> Global POST, GET and COOKIE data sanitized
DEBUG - 2016-08-22 06:07:06 --> cURL Class Initialized
DEBUG - 2016-08-22 06:07:06 --> OAuth2 class already loaded. Second attempt ignored.
DEBUG - 2016-08-22 06:07:06 --> C:\xampp\htdocs\bondora\application\libraries/MY_Table.php exists, but does not declare MY_Table
DEBUG - 2016-08-22 06:07:06 --> Session class already loaded. Second attempt ignored.
DEBUG - 2016-08-22 06:07:07 --> Total execution time: 0.3120
DEBUG - 2016-08-22 06:07:10 --> UTF-8 Support Disabled
DEBUG - 2016-08-22 06:07:10 --> Global POST, GET and COOKIE data sanitized
DEBUG - 2016-08-22 06:07:10 --> cURL Class Initialized
DEBUG - 2016-08-22 06:07:10 --> OAuth2 class already loaded. Second attempt ignored.
DEBUG - 2016-08-22 06:07:10 --> C:\xampp\htdocs\bondora\application\libraries/MY_Table.php exists, but does not declare MY_Table
DEBUG - 2016-08-22 06:07:10 --> Session class already loaded. Second attempt ignored.
DEBUG - 2016-08-22 06:07:11 --> Total execution time: 0.9530
DEBUG - 2016-08-22 06:07:11 --> UTF-8 Support Disabled
DEBUG - 2016-08-22 06:07:11 --> Global POST, GET and COOKIE data sanitized
DEBUG - 2016-08-22 06:07:11 --> cURL Class Initialized
DEBUG - 2016-08-22 06:07:11 --> OAuth2 class already loaded. Second attempt ignored.
DEBUG - 2016-08-22 06:07:11 --> C:\xampp\htdocs\bondora\application\libraries/MY_Table.php exists, but does not declare MY_Table
DEBUG - 2016-08-22 06:07:11 --> Session class already loaded. Second attempt ignored.
DEBUG - 2016-08-22 06:07:12 --> Total execution time: 0.5460
DEBUG - 2016-08-22 06:07:14 --> UTF-8 Support Disabled
DEBUG - 2016-08-22 06:07:14 --> Global POST, GET and COOKIE data sanitized
DEBUG - 2016-08-22 06:07:14 --> cURL Class Initialized
DEBUG - 2016-08-22 06:07:14 --> OAuth2 class already loaded. Second attempt ignored.
DEBUG - 2016-08-22 06:07:14 --> C:\xampp\htdocs\bondora\application\libraries/MY_Table.php exists, but does not declare MY_Table
DEBUG - 2016-08-22 06:07:14 --> Session class already loaded. Second attempt ignored.
DEBUG - 2016-08-22 06:07:15 --> Total execution time: 0.6540
DEBUG - 2016-08-22 06:07:15 --> UTF-8 Support Disabled
DEBUG - 2016-08-22 06:07:15 --> Global POST, GET and COOKIE data sanitized
DEBUG - 2016-08-22 06:07:15 --> cURL Class Initialized
DEBUG - 2016-08-22 06:07:15 --> OAuth2 class already loaded. Second attempt ignored.
DEBUG - 2016-08-22 06:07:15 --> C:\xampp\htdocs\bondora\application\libraries/MY_Table.php exists, but does not declare MY_Table
DEBUG - 2016-08-22 06:07:15 --> Session class already loaded. Second attempt ignored.
DEBUG - 2016-08-22 06:07:15 --> Total execution time: 0.3260
DEBUG - 2016-08-22 06:07:18 --> UTF-8 Support Disabled
DEBUG - 2016-08-22 06:07:18 --> Global POST, GET and COOKIE data sanitized
DEBUG - 2016-08-22 06:07:18 --> cURL Class Initialized
DEBUG - 2016-08-22 06:07:18 --> OAuth2 class already loaded. Second attempt ignored.
DEBUG - 2016-08-22 06:07:18 --> C:\xampp\htdocs\bondora\application\libraries/MY_Table.php exists, but does not declare MY_Table
DEBUG - 2016-08-22 06:07:18 --> Session class already loaded. Second attempt ignored.
DEBUG - 2016-08-22 06:07:18 --> Total execution time: 0.6200
DEBUG - 2016-08-22 06:07:18 --> UTF-8 Support Disabled
DEBUG - 2016-08-22 06:07:18 --> Global POST, GET and COOKIE data sanitized
DEBUG - 2016-08-22 06:07:18 --> cURL Class Initialized
DEBUG - 2016-08-22 06:07:18 --> OAuth2 class already loaded. Second attempt ignored.
DEBUG - 2016-08-22 06:07:18 --> C:\xampp\htdocs\bondora\application\libraries/MY_Table.php exists, but does not declare MY_Table
DEBUG - 2016-08-22 06:07:18 --> Session class already loaded. Second attempt ignored.
DEBUG - 2016-08-22 06:07:19 --> Total execution time: 0.4070
DEBUG - 2016-08-22 06:07:22 --> UTF-8 Support Disabled
DEBUG - 2016-08-22 06:07:22 --> Global POST, GET and COOKIE data sanitized
DEBUG - 2016-08-22 06:07:22 --> cURL Class Initialized
DEBUG - 2016-08-22 06:07:22 --> OAuth2 class already loaded. Second attempt ignored.
DEBUG - 2016-08-22 06:07:22 --> C:\xampp\htdocs\bondora\application\libraries/MY_Table.php exists, but does not declare MY_Table
DEBUG - 2016-08-22 06:07:22 --> Session class already loaded. Second attempt ignored.
DEBUG - 2016-08-22 06:07:23 --> Total execution time: 0.9280
DEBUG - 2016-08-22 06:07:23 --> UTF-8 Support Disabled
DEBUG - 2016-08-22 06:07:23 --> Global POST, GET and COOKIE data sanitized
DEBUG - 2016-08-22 06:07:23 --> cURL Class Initialized
DEBUG - 2016-08-22 06:07:23 --> OAuth2 class already loaded. Second attempt ignored.
DEBUG - 2016-08-22 06:07:23 --> C:\xampp\htdocs\bondora\application\libraries/MY_Table.php exists, but does not declare MY_Table
DEBUG - 2016-08-22 06:07:23 --> Session class already loaded. Second attempt ignored.
DEBUG - 2016-08-22 06:07:23 --> Total execution time: 0.4550
DEBUG - 2016-08-22 06:07:26 --> UTF-8 Support Disabled
DEBUG - 2016-08-22 06:07:26 --> Global POST, GET and COOKIE data sanitized
DEBUG - 2016-08-22 06:07:26 --> cURL Class Initialized
DEBUG - 2016-08-22 06:07:26 --> OAuth2 class already loaded. Second attempt ignored.
DEBUG - 2016-08-22 06:07:26 --> C:\xampp\htdocs\bondora\application\libraries/MY_Table.php exists, but does not declare MY_Table
DEBUG - 2016-08-22 06:07:26 --> Session class already loaded. Second attempt ignored.
DEBUG - 2016-08-22 06:07:27 --> Total execution time: 0.6540
DEBUG - 2016-08-22 06:07:27 --> UTF-8 Support Disabled
DEBUG - 2016-08-22 06:07:27 --> Global POST, GET and COOKIE data sanitized
DEBUG - 2016-08-22 06:07:27 --> cURL Class Initialized
DEBUG - 2016-08-22 06:07:27 --> OAuth2 class already loaded. Second attempt ignored.
DEBUG - 2016-08-22 06:07:27 --> C:\xampp\htdocs\bondora\application\libraries/MY_Table.php exists, but does not declare MY_Table
DEBUG - 2016-08-22 06:07:27 --> Session class already loaded. Second attempt ignored.
DEBUG - 2016-08-22 06:07:27 --> Total execution time: 0.4430
DEBUG - 2016-08-22 06:07:57 --> UTF-8 Support Disabled
DEBUG - 2016-08-22 06:07:57 --> Global POST, GET and COOKIE data sanitized
DEBUG - 2016-08-22 06:07:57 --> cURL Class Initialized
DEBUG - 2016-08-22 06:07:57 --> OAuth2 class already loaded. Second attempt ignored.
DEBUG - 2016-08-22 06:07:57 --> C:\xampp\htdocs\bondora\application\libraries/MY_Table.php exists, but does not declare MY_Table
DEBUG - 2016-08-22 06:07:57 --> Session class already loaded. Second attempt ignored.
DEBUG - 2016-08-22 06:07:57 --> SELECT *
FROM `select` `a`.*, `b`.`listedOnDate`, `b`.`xirr`, `b`.`secondaryId`, `b`.`desiredDiscountRate from bondora`.`investment_payload a LEFT JOIN bondora`.`secondary b ON a`.`loanPartId=b`.`loanPartId WHERE a`.`id=2617 and user="mehike" order by` `a`.`signedDate`, `a`.`auctionId`
DEBUG - 2016-08-22 06:07:57 --> SELECT *
FROM `select` `a`.*, `b`.`listedOnDate`, `b`.`xirr`, `b`.`secondaryId`, `b`.`desiredDiscountRate from bondora`.`investment_payload a LEFT JOIN bondora`.`secondary b ON a`.`loanPartId=b`.`loanPartId WHERE a`.`id=2629 and user="mehike" order by` `a`.`signedDate`, `a`.`auctionId`
DEBUG - 2016-08-22 06:07:57 --> SELECT *
FROM `select` `a`.*, `b`.`listedOnDate`, `b`.`xirr`, `b`.`secondaryId`, `b`.`desiredDiscountRate from bondora`.`investment_payload a LEFT JOIN bondora`.`secondary b ON a`.`loanPartId=b`.`loanPartId WHERE a`.`id=2603 and user="mehike" order by` `a`.`signedDate`, `a`.`auctionId`
DEBUG - 2016-08-22 06:07:57 --> SELECT *
FROM `select` `a`.*, `b`.`listedOnDate`, `b`.`xirr`, `b`.`secondaryId`, `b`.`desiredDiscountRate from bondora`.`investment_payload a LEFT JOIN bondora`.`secondary b ON a`.`loanPartId=b`.`loanPartId WHERE a`.`id=2608 and user="mehike" order by` `a`.`signedDate`, `a`.`auctionId`
DEBUG - 2016-08-22 06:07:57 --> SELECT *
FROM `select` `a`.*, `b`.`listedOnDate`, `b`.`xirr`, `b`.`secondaryId`, `b`.`desiredDiscountRate from bondora`.`investment_payload a LEFT JOIN bondora`.`secondary b ON a`.`loanPartId=b`.`loanPartId WHERE a`.`id=2610 and user="mehike" order by` `a`.`signedDate`, `a`.`auctionId`
DEBUG - 2016-08-22 06:07:57 --> SELECT *
FROM `select` `a`.*, `b`.`listedOnDate`, `b`.`xirr`, `b`.`secondaryId`, `b`.`desiredDiscountRate from bondora`.`investment_payload a LEFT JOIN bondora`.`secondary b ON a`.`loanPartId=b`.`loanPartId WHERE a`.`id=2612 and user="mehike" order by` `a`.`signedDate`, `a`.`auctionId`
DEBUG - 2016-08-22 06:07:57 --> SELECT *
FROM `select` `a`.*, `b`.`listedOnDate`, `b`.`xirr`, `b`.`secondaryId`, `b`.`desiredDiscountRate from bondora`.`investment_payload a LEFT JOIN bondora`.`secondary b ON a`.`loanPartId=b`.`loanPartId WHERE a`.`id=2613 and user="mehike" order by` `a`.`signedDate`, `a`.`auctionId`
DEBUG - 2016-08-22 06:07:57 --> SELECT *
FROM `select` `a`.*, `b`.`listedOnDate`, `b`.`xirr`, `b`.`secondaryId`, `b`.`desiredDiscountRate from bondora`.`investment_payload a LEFT JOIN bondora`.`secondary b ON a`.`loanPartId=b`.`loanPartId WHERE a`.`id=2614 and user="mehike" order by` `a`.`signedDate`, `a`.`auctionId`
DEBUG - 2016-08-22 06:07:57 --> SELECT *
FROM `select` `a`.*, `b`.`listedOnDate`, `b`.`xirr`, `b`.`secondaryId`, `b`.`desiredDiscountRate from bondora`.`investment_payload a LEFT JOIN bondora`.`secondary b ON a`.`loanPartId=b`.`loanPartId WHERE a`.`id=2615 and user="mehike" order by` `a`.`signedDate`, `a`.`auctionId`
DEBUG - 2016-08-22 06:07:57 --> SELECT *
FROM `select` `a`.*, `b`.`listedOnDate`, `b`.`xirr`, `b`.`secondaryId`, `b`.`desiredDiscountRate from bondora`.`investment_payload a LEFT JOIN bondora`.`secondary b ON a`.`loanPartId=b`.`loanPartId WHERE a`.`id=2616 and user="mehike" order by` `a`.`signedDate`, `a`.`auctionId`
DEBUG - 2016-08-22 06:07:57 --> SELECT *
FROM `select` `a`.*, `b`.`listedOnDate`, `b`.`xirr`, `b`.`secondaryId`, `b`.`desiredDiscountRate from bondora`.`investment_payload a LEFT JOIN bondora`.`secondary b ON a`.`loanPartId=b`.`loanPartId WHERE a`.`id=2620 and user="mehike" order by` `a`.`signedDate`, `a`.`auctionId`
DEBUG - 2016-08-22 06:07:57 --> SELECT *
FROM `select` `a`.*, `b`.`listedOnDate`, `b`.`xirr`, `b`.`secondaryId`, `b`.`desiredDiscountRate from bondora`.`investment_payload a LEFT JOIN bondora`.`secondary b ON a`.`loanPartId=b`.`loanPartId WHERE a`.`id=2621 and user="mehike" order by` `a`.`signedDate`, `a`.`auctionId`
DEBUG - 2016-08-22 06:07:57 --> SELECT *
FROM `select` `a`.*, `b`.`listedOnDate`, `b`.`xirr`, `b`.`secondaryId`, `b`.`desiredDiscountRate from bondora`.`investment_payload a LEFT JOIN bondora`.`secondary b ON a`.`loanPartId=b`.`loanPartId WHERE a`.`id=2628 and user="mehike" order by` `a`.`signedDate`, `a`.`auctionId`
DEBUG - 2016-08-22 06:07:57 --> SELECT *
FROM `select` `a`.*, `b`.`listedOnDate`, `b`.`xirr`, `b`.`secondaryId`, `b`.`desiredDiscountRate from bondora`.`investment_payload a LEFT JOIN bondora`.`secondary b ON a`.`loanPartId=b`.`loanPartId WHERE a`.`id=2624 and user="mehike" order by` `a`.`signedDate`, `a`.`auctionId`
DEBUG - 2016-08-22 06:07:57 --> SELECT *
FROM `select` `a`.*, `b`.`listedOnDate`, `b`.`xirr`, `b`.`secondaryId`, `b`.`desiredDiscountRate from bondora`.`investment_payload a LEFT JOIN bondora`.`secondary b ON a`.`loanPartId=b`.`loanPartId WHERE a`.`id=2627 and user="mehike" order by` `a`.`signedDate`, `a`.`auctionId`
DEBUG - 2016-08-22 06:08:03 --> Total execution time: 5.9340
DEBUG - 2016-08-22 06:08:03 --> UTF-8 Support Disabled
DEBUG - 2016-08-22 06:08:03 --> Global POST, GET and COOKIE data sanitized
ERROR - 2016-08-22 06:08:03 --> 404 Page Not Found: Investments/bootstrap
DEBUG - 2016-08-22 06:08:05 --> UTF-8 Support Disabled
DEBUG - 2016-08-22 06:08:05 --> Global POST, GET and COOKIE data sanitized
DEBUG - 2016-08-22 06:08:05 --> cURL Class Initialized
DEBUG - 2016-08-22 06:08:05 --> OAuth2 class already loaded. Second attempt ignored.
DEBUG - 2016-08-22 06:08:05 --> C:\xampp\htdocs\bondora\application\libraries/MY_Table.php exists, but does not declare MY_Table
DEBUG - 2016-08-22 06:08:05 --> Session class already loaded. Second attempt ignored.
DEBUG - 2016-08-22 06:08:05 --> SELECT *
FROM `select` `a`.*, `b`.`listedOnDate`, `b`.`xirr`, `b`.`secondaryId`, `b`.`desiredDiscountRate from bondora`.`investment_payload a LEFT JOIN bondora`.`secondary b ON a`.`loanPartId=b`.`loanPartId and a`.`user=b`.`user where a`.`user="mehike" order by` `a`.`signedDate`, `a`.`auctionId`
ERROR - 2016-08-22 06:08:05 --> Severity: Notice --> Undefined offset: 33 C:\xampp\htdocs\bondora\application\views\investments\index.php 880
ERROR - 2016-08-22 06:08:05 --> Severity: Notice --> Undefined offset: 33 C:\xampp\htdocs\bondora\application\views\investments\index.php 880
ERROR - 2016-08-22 06:08:05 --> Severity: Notice --> Undefined offset: 33 C:\xampp\htdocs\bondora\application\views\investments\index.php 880
ERROR - 2016-08-22 06:08:05 --> Severity: Notice --> Undefined offset: 31 C:\xampp\htdocs\bondora\application\views\investments\index.php 880
ERROR - 2016-08-22 06:08:05 --> Severity: Notice --> Undefined offset: 33 C:\xampp\htdocs\bondora\application\views\investments\index.php 880
ERROR - 2016-08-22 06:08:05 --> Severity: Notice --> Undefined offset: 33 C:\xampp\htdocs\bondora\application\views\investments\index.php 880
ERROR - 2016-08-22 06:08:05 --> Severity: Notice --> Undefined offset: 30 C:\xampp\htdocs\bondora\application\views\investments\index.php 880
ERROR - 2016-08-22 06:08:05 --> Severity: Notice --> Undefined offset: 33 C:\xampp\htdocs\bondora\application\views\investments\index.php 880
ERROR - 2016-08-22 06:08:05 --> Severity: Notice --> Undefined offset: 33 C:\xampp\htdocs\bondora\application\views\investments\index.php 880
ERROR - 2016-08-22 06:08:05 --> Severity: Notice --> Undefined offset: 32 C:\xampp\htdocs\bondora\application\views\investments\index.php 880
ERROR - 2016-08-22 06:08:05 --> Severity: Notice --> Undefined offset: 33 C:\xampp\htdocs\bondora\application\views\investments\index.php 880
ERROR - 2016-08-22 06:08:05 --> Severity: Notice --> Undefined offset: 33 C:\xampp\htdocs\bondora\application\views\investments\index.php 880
ERROR - 2016-08-22 06:08:05 --> Severity: Notice --> Undefined offset: 33 C:\xampp\htdocs\bondora\application\views\investments\index.php 880
ERROR - 2016-08-22 06:08:05 --> Severity: Notice --> Undefined offset: 41 C:\xampp\htdocs\bondora\application\views\investments\index.php 880
ERROR - 2016-08-22 06:08:05 --> Severity: Notice --> Undefined offset: 30 C:\xampp\htdocs\bondora\application\views\investments\index.php 880
ERROR - 2016-08-22 06:08:05 --> Severity: Notice --> Undefined offset: 31 C:\xampp\htdocs\bondora\application\views\investments\index.php 880
ERROR - 2016-08-22 06:08:05 --> Severity: Notice --> Undefined offset: 33 C:\xampp\htdocs\bondora\application\views\investments\index.php 880
ERROR - 2016-08-22 06:08:05 --> Severity: Notice --> Undefined offset: 33 C:\xampp\htdocs\bondora\application\views\investments\index.php 880
ERROR - 2016-08-22 06:08:05 --> Severity: Notice --> Undefined offset: 33 C:\xampp\htdocs\bondora\application\views\investments\index.php 880
DEBUG - 2016-08-22 06:08:05 --> Total execution time: 0.0990
DEBUG - 2016-08-22 06:08:05 --> UTF-8 Support Disabled
DEBUG - 2016-08-22 06:08:05 --> Global POST, GET and COOKIE data sanitized
ERROR - 2016-08-22 06:08:05 --> 404 Page Not Found: Investments/bootstrap
DEBUG - 2016-08-22 06:08:09 --> UTF-8 Support Disabled
DEBUG - 2016-08-22 06:08:09 --> Global POST, GET and COOKIE data sanitized
DEBUG - 2016-08-22 06:08:09 --> cURL Class Initialized
DEBUG - 2016-08-22 06:08:09 --> OAuth2 class already loaded. Second attempt ignored.
DEBUG - 2016-08-22 06:08:09 --> C:\xampp\htdocs\bondora\application\libraries/MY_Table.php exists, but does not declare MY_Table
DEBUG - 2016-08-22 06:08:09 --> Session class already loaded. Second attempt ignored.
DEBUG - 2016-08-22 06:08:10 --> SELECT *
FROM `select` `a`.*, `b`.`listedOnDate`, `b`.`xirr`, `b`.`secondaryId`, `b`.`desiredDiscountRate from bondora`.`investment_payload a LEFT JOIN bondora`.`secondary b ON a`.`loanPartId=b`.`loanPartId and a`.`user=b`.`user where a`.`user="mehike" order by` `a`.`signedDate`, `a`.`auctionId`
ERROR - 2016-08-22 06:08:10 --> Severity: Notice --> Undefined offset: 33 C:\xampp\htdocs\bondora\application\views\investments\index.php 880
ERROR - 2016-08-22 06:08:10 --> Severity: Notice --> Undefined offset: 33 C:\xampp\htdocs\bondora\application\views\investments\index.php 880
ERROR - 2016-08-22 06:08:10 --> Severity: Notice --> Undefined offset: 33 C:\xampp\htdocs\bondora\application\views\investments\index.php 880
ERROR - 2016-08-22 06:08:10 --> Severity: Notice --> Undefined offset: 31 C:\xampp\htdocs\bondora\application\views\investments\index.php 880
ERROR - 2016-08-22 06:08:10 --> Severity: Notice --> Undefined offset: 33 C:\xampp\htdocs\bondora\application\views\investments\index.php 880
ERROR - 2016-08-22 06:08:10 --> Severity: Notice --> Undefined offset: 33 C:\xampp\htdocs\bondora\application\views\investments\index.php 880
ERROR - 2016-08-22 06:08:10 --> Severity: Notice --> Undefined offset: 33 C:\xampp\htdocs\bondora\application\views\investments\index.php 880
ERROR - 2016-08-22 06:08:10 --> Severity: Notice --> Undefined offset: 33 C:\xampp\htdocs\bondora\application\views\investments\index.php 880
ERROR - 2016-08-22 06:08:10 --> Severity: Notice --> Undefined offset: 32 C:\xampp\htdocs\bondora\application\views\investments\index.php 880
ERROR - 2016-08-22 06:08:10 --> Severity: Notice --> Undefined offset: 33 C:\xampp\htdocs\bondora\application\views\investments\index.php 880
ERROR - 2016-08-22 06:08:10 --> Severity: Notice --> Undefined offset: 33 C:\xampp\htdocs\bondora\application\views\investments\index.php 880
ERROR - 2016-08-22 06:08:10 --> Severity: Notice --> Undefined offset: 33 C:\xampp\htdocs\bondora\application\views\investments\index.php 880
ERROR - 2016-08-22 06:08:10 --> Severity: Notice --> Undefined offset: 41 C:\xampp\htdocs\bondora\application\views\investments\index.php 880
ERROR - 2016-08-22 06:08:10 --> Severity: Notice --> Undefined offset: 31 C:\xampp\htdocs\bondora\application\views\investments\index.php 880
ERROR - 2016-08-22 06:08:10 --> Severity: Notice --> Undefined offset: 33 C:\xampp\htdocs\bondora\application\views\investments\index.php 880
ERROR - 2016-08-22 06:08:10 --> Severity: Notice --> Undefined offset: 33 C:\xampp\htdocs\bondora\application\views\investments\index.php 880
ERROR - 2016-08-22 06:08:10 --> Severity: Notice --> Undefined offset: 33 C:\xampp\htdocs\bondora\application\views\investments\index.php 880
DEBUG - 2016-08-22 06:08:10 --> Total execution time: 1.1860
DEBUG - 2016-08-22 06:08:10 --> UTF-8 Support Disabled
DEBUG - 2016-08-22 06:08:10 --> Global POST, GET and COOKIE data sanitized
ERROR - 2016-08-22 06:08:10 --> 404 Page Not Found: Investments/bootstrap
DEBUG - 2016-08-22 06:08:15 --> UTF-8 Support Disabled
DEBUG - 2016-08-22 06:08:15 --> Global POST, GET and COOKIE data sanitized
DEBUG - 2016-08-22 06:08:15 --> cURL Class Initialized
DEBUG - 2016-08-22 06:08:15 --> OAuth2 class already loaded. Second attempt ignored.
DEBUG - 2016-08-22 06:08:15 --> C:\xampp\htdocs\bondora\application\libraries/MY_Table.php exists, but does not declare MY_Table
DEBUG - 2016-08-22 06:08:15 --> Session class already loaded. Second attempt ignored.
DEBUG - 2016-08-22 06:08:15 --> Total execution time: 0.6180
DEBUG - 2016-08-22 06:08:18 --> UTF-8 Support Disabled
DEBUG - 2016-08-22 06:08:18 --> Global POST, GET and COOKIE data sanitized
DEBUG - 2016-08-22 06:08:18 --> cURL Class Initialized
DEBUG - 2016-08-22 06:08:18 --> OAuth2 class already loaded. Second attempt ignored.
DEBUG - 2016-08-22 06:08:18 --> C:\xampp\htdocs\bondora\application\libraries/MY_Table.php exists, but does not declare MY_Table
DEBUG - 2016-08-22 06:08:18 --> Session class already loaded. Second attempt ignored.
DEBUG - 2016-08-22 06:08:18 --> Total execution time: 0.3480
DEBUG - 2016-08-22 06:08:22 --> UTF-8 Support Disabled
DEBUG - 2016-08-22 06:08:22 --> Global POST, GET and COOKIE data sanitized
DEBUG - 2016-08-22 06:08:22 --> cURL Class Initialized
DEBUG - 2016-08-22 06:08:22 --> OAuth2 class already loaded. Second attempt ignored.
DEBUG - 2016-08-22 06:08:22 --> C:\xampp\htdocs\bondora\application\libraries/MY_Table.php exists, but does not declare MY_Table
DEBUG - 2016-08-22 06:08:22 --> Session class already loaded. Second attempt ignored.
DEBUG - 2016-08-22 06:08:23 --> Total execution time: 0.7040
DEBUG - 2016-08-22 06:08:23 --> UTF-8 Support Disabled
DEBUG - 2016-08-22 06:08:23 --> Global POST, GET and COOKIE data sanitized
DEBUG - 2016-08-22 06:08:23 --> cURL Class Initialized
DEBUG - 2016-08-22 06:08:23 --> OAuth2 class already loaded. Second attempt ignored.
DEBUG - 2016-08-22 06:08:23 --> C:\xampp\htdocs\bondora\application\libraries/MY_Table.php exists, but does not declare MY_Table
DEBUG - 2016-08-22 06:08:23 --> Session class already loaded. Second attempt ignored.
DEBUG - 2016-08-22 06:08:24 --> Total execution time: 0.4340
DEBUG - 2016-08-22 06:08:36 --> UTF-8 Support Disabled
DEBUG - 2016-08-22 06:08:36 --> Global POST, GET and COOKIE data sanitized
DEBUG - 2016-08-22 06:08:36 --> cURL Class Initialized
DEBUG - 2016-08-22 06:08:36 --> OAuth2 class already loaded. Second attempt ignored.
DEBUG - 2016-08-22 06:08:36 --> C:\xampp\htdocs\bondora\application\libraries/MY_Table.php exists, but does not declare MY_Table
DEBUG - 2016-08-22 06:08:36 --> Session class already loaded. Second attempt ignored.
DEBUG - 2016-08-22 06:08:36 --> SELECT *
FROM `select` `a`.*, `b`.`listedOnDate`, `b`.`xirr`, `b`.`secondaryId`, `b`.`desiredDiscountRate from bondora`.`investment_payload a LEFT JOIN bondora`.`secondary b ON a`.`loanPartId=b`.`loanPartId WHERE a`.`id=2640 and user="mehike" order by` `a`.`signedDate`, `a`.`auctionId`
DEBUG - 2016-08-22 06:08:36 --> SELECT *
FROM `select` `a`.*, `b`.`listedOnDate`, `b`.`xirr`, `b`.`secondaryId`, `b`.`desiredDiscountRate from bondora`.`investment_payload a LEFT JOIN bondora`.`secondary b ON a`.`loanPartId=b`.`loanPartId WHERE a`.`id=2658 and user="mehike" order by` `a`.`signedDate`, `a`.`auctionId`
DEBUG - 2016-08-22 06:08:37 --> Total execution time: 1.3030
DEBUG - 2016-08-22 06:08:38 --> UTF-8 Support Disabled
DEBUG - 2016-08-22 06:08:38 --> Global POST, GET and COOKIE data sanitized
ERROR - 2016-08-22 06:08:38 --> 404 Page Not Found: Investments/bootstrap
DEBUG - 2016-08-22 06:08:52 --> UTF-8 Support Disabled
DEBUG - 2016-08-22 06:08:52 --> Global POST, GET and COOKIE data sanitized
DEBUG - 2016-08-22 06:08:52 --> cURL Class Initialized
DEBUG - 2016-08-22 06:08:52 --> OAuth2 class already loaded. Second attempt ignored.
DEBUG - 2016-08-22 06:08:52 --> C:\xampp\htdocs\bondora\application\libraries/MY_Table.php exists, but does not declare MY_Table
DEBUG - 2016-08-22 06:08:52 --> Session class already loaded. Second attempt ignored.
DEBUG - 2016-08-22 06:08:52 --> SELECT *
FROM `select` `a`.*, `b`.`listedOnDate`, `b`.`xirr`, `b`.`secondaryId`, `b`.`desiredDiscountRate from bondora`.`investment_payload a LEFT JOIN bondora`.`secondary b ON a`.`loanPartId=b`.`loanPartId and a`.`user=b`.`user where a`.`user="mehike" order by` `a`.`signedDate`, `a`.`auctionId`
ERROR - 2016-08-22 06:08:52 --> Severity: Notice --> Undefined offset: 33 C:\xampp\htdocs\bondora\application\views\investments\index.php 880
ERROR - 2016-08-22 06:08:52 --> Severity: Notice --> Undefined offset: 33 C:\xampp\htdocs\bondora\application\views\investments\index.php 880
ERROR - 2016-08-22 06:08:52 --> Severity: Notice --> Undefined offset: 33 C:\xampp\htdocs\bondora\application\views\investments\index.php 880
ERROR - 2016-08-22 06:08:52 --> Severity: Notice --> Undefined offset: 31 C:\xampp\htdocs\bondora\application\views\investments\index.php 880
ERROR - 2016-08-22 06:08:52 --> Severity: Notice --> Undefined offset: 33 C:\xampp\htdocs\bondora\application\views\investments\index.php 880
ERROR - 2016-08-22 06:08:52 --> Severity: Notice --> Undefined offset: 33 C:\xampp\htdocs\bondora\application\views\investments\index.php 880
ERROR - 2016-08-22 06:08:52 --> Severity: Notice --> Undefined offset: 30 C:\xampp\htdocs\bondora\application\views\investments\index.php 880
ERROR - 2016-08-22 06:08:52 --> Severity: Notice --> Undefined offset: 33 C:\xampp\htdocs\bondora\application\views\investments\index.php 880
ERROR - 2016-08-22 06:08:52 --> Severity: Notice --> Undefined offset: 33 C:\xampp\htdocs\bondora\application\views\investments\index.php 880
ERROR - 2016-08-22 06:08:52 --> Severity: Notice --> Undefined offset: 32 C:\xampp\htdocs\bondora\application\views\investments\index.php 880
ERROR - 2016-08-22 06:08:52 --> Severity: Notice --> Undefined offset: 33 C:\xampp\htdocs\bondora\application\views\investments\index.php 880
ERROR - 2016-08-22 06:08:52 --> Severity: Notice --> Undefined offset: 33 C:\xampp\htdocs\bondora\application\views\investments\index.php 880
ERROR - 2016-08-22 06:08:52 --> Severity: Notice --> Undefined offset: 33 C:\xampp\htdocs\bondora\application\views\investments\index.php 880
ERROR - 2016-08-22 06:08:52 --> Severity: Notice --> Undefined offset: 41 C:\xampp\htdocs\bondora\application\views\investments\index.php 880
ERROR - 2016-08-22 06:08:52 --> Severity: Notice --> Undefined offset: 30 C:\xampp\htdocs\bondora\application\views\investments\index.php 880
ERROR - 2016-08-22 06:08:52 --> Severity: Notice --> Undefined offset: 31 C:\xampp\htdocs\bondora\application\views\investments\index.php 880
ERROR - 2016-08-22 06:08:52 --> Severity: Notice --> Undefined offset: 33 C:\xampp\htdocs\bondora\application\views\investments\index.php 880
ERROR - 2016-08-22 06:08:52 --> Severity: Notice --> Undefined offset: 33 C:\xampp\htdocs\bondora\application\views\investments\index.php 880
ERROR - 2016-08-22 06:08:52 --> Severity: Notice --> Undefined offset: 33 C:\xampp\htdocs\bondora\application\views\investments\index.php 880
DEBUG - 2016-08-22 06:08:52 --> Total execution time: 0.1050
DEBUG - 2016-08-22 06:08:52 --> UTF-8 Support Disabled
DEBUG - 2016-08-22 06:08:52 --> Global POST, GET and COOKIE data sanitized
ERROR - 2016-08-22 06:08:52 --> 404 Page Not Found: Investments/bootstrap
DEBUG - 2016-08-22 06:08:56 --> UTF-8 Support Disabled
DEBUG - 2016-08-22 06:08:56 --> Global POST, GET and COOKIE data sanitized
DEBUG - 2016-08-22 06:08:56 --> cURL Class Initialized
DEBUG - 2016-08-22 06:08:56 --> OAuth2 class already loaded. Second attempt ignored.
DEBUG - 2016-08-22 06:08:56 --> C:\xampp\htdocs\bondora\application\libraries/MY_Table.php exists, but does not declare MY_Table
DEBUG - 2016-08-22 06:08:56 --> Session class already loaded. Second attempt ignored.
DEBUG - 2016-08-22 06:08:57 --> SELECT *
FROM `select` `a`.*, `b`.`listedOnDate`, `b`.`xirr`, `b`.`secondaryId`, `b`.`desiredDiscountRate from bondora`.`investment_payload a LEFT JOIN bondora`.`secondary b ON a`.`loanPartId=b`.`loanPartId and a`.`user=b`.`user where a`.`user="mehike" order by` `a`.`signedDate`, `a`.`auctionId`
ERROR - 2016-08-22 06:08:57 --> Severity: Notice --> Undefined offset: 33 C:\xampp\htdocs\bondora\application\views\investments\index.php 880
ERROR - 2016-08-22 06:08:57 --> Severity: Notice --> Undefined offset: 33 C:\xampp\htdocs\bondora\application\views\investments\index.php 880
ERROR - 2016-08-22 06:08:57 --> Severity: Notice --> Undefined offset: 33 C:\xampp\htdocs\bondora\application\views\investments\index.php 880
ERROR - 2016-08-22 06:08:57 --> Severity: Notice --> Undefined offset: 31 C:\xampp\htdocs\bondora\application\views\investments\index.php 880
ERROR - 2016-08-22 06:08:57 --> Severity: Notice --> Undefined offset: 33 C:\xampp\htdocs\bondora\application\views\investments\index.php 880
ERROR - 2016-08-22 06:08:57 --> Severity: Notice --> Undefined offset: 33 C:\xampp\htdocs\bondora\application\views\investments\index.php 880
ERROR - 2016-08-22 06:08:57 --> Severity: Notice --> Undefined offset: 33 C:\xampp\htdocs\bondora\application\views\investments\index.php 880
ERROR - 2016-08-22 06:08:57 --> Severity: Notice --> Undefined offset: 33 C:\xampp\htdocs\bondora\application\views\investments\index.php 880
ERROR - 2016-08-22 06:08:57 --> Severity: Notice --> Undefined offset: 32 C:\xampp\htdocs\bondora\application\views\investments\index.php 880
ERROR - 2016-08-22 06:08:57 --> Severity: Notice --> Undefined offset: 33 C:\xampp\htdocs\bondora\application\views\investments\index.php 880
ERROR - 2016-08-22 06:08:57 --> Severity: Notice --> Undefined offset: 33 C:\xampp\htdocs\bondora\application\views\investments\index.php 880
ERROR - 2016-08-22 06:08:57 --> Severity: Notice --> Undefined offset: 33 C:\xampp\htdocs\bondora\application\views\investments\index.php 880
ERROR - 2016-08-22 06:08:57 --> Severity: Notice --> Undefined offset: 41 C:\xampp\htdocs\bondora\application\views\investments\index.php 880
ERROR - 2016-08-22 06:08:57 --> Severity: Notice --> Undefined offset: 31 C:\xampp\htdocs\bondora\application\views\investments\index.php 880
ERROR - 2016-08-22 06:08:57 --> Severity: Notice --> Undefined offset: 33 C:\xampp\htdocs\bondora\application\views\investments\index.php 880
ERROR - 2016-08-22 06:08:57 --> Severity: Notice --> Undefined offset: 33 C:\xampp\htdocs\bondora\application\views\investments\index.php 880
ERROR - 2016-08-22 06:08:57 --> Severity: Notice --> Undefined offset: 33 C:\xampp\htdocs\bondora\application\views\investments\index.php 880
DEBUG - 2016-08-22 06:08:57 --> Total execution time: 0.9790
DEBUG - 2016-08-22 06:08:57 --> UTF-8 Support Disabled
DEBUG - 2016-08-22 06:08:57 --> Global POST, GET and COOKIE data sanitized
ERROR - 2016-08-22 06:08:57 --> 404 Page Not Found: Investments/bootstrap
