INFO - 2015-12-03 17:24:39 --> Config Class Initialized
INFO - 2015-12-03 17:24:39 --> Hooks Class Initialized
DEBUG - 2015-12-03 17:24:39 --> UTF-8 Support Disabled
INFO - 2015-12-03 17:24:39 --> Utf8 Class Initialized
INFO - 2015-12-03 17:24:39 --> URI Class Initialized
INFO - 2015-12-03 17:24:39 --> Router Class Initialized
INFO - 2015-12-03 17:24:39 --> Output Class Initialized
INFO - 2015-12-03 17:24:39 --> Security Class Initialized
DEBUG - 2015-12-03 17:24:39 --> Global POST, GET and COOKIE data sanitized
INFO - 2015-12-03 17:24:39 --> Input Class Initialized
INFO - 2015-12-03 17:24:39 --> Language Class Initialized
INFO - 2015-12-03 17:24:39 --> Loader Class Initialized
INFO - 2015-12-03 17:24:39 --> Helper loaded: url_helper
INFO - 2015-12-03 17:24:39 --> Session: Class initialized using 'files' driver.
DEBUG - 2015-12-03 17:24:39 --> cURL Class Initialized
DEBUG - 2015-12-03 17:24:39 --> OAuth2 class already loaded. Second attempt ignored.
INFO - 2015-12-03 17:24:39 --> Controller Class Initialized
INFO - 2015-12-03 17:24:39 --> Model Class Initialized
INFO - 2015-12-03 17:24:39 --> Database Driver Class Initialized
DEBUG - 2015-12-03 17:24:39 --> C:\xampp\htdocs\bondora\application\libraries/MY_Table.php exists, but does not declare MY_Table
INFO - 2015-12-03 17:24:39 --> Table Class Initialized
DEBUG - 2015-12-03 17:24:39 --> Session class already loaded. Second attempt ignored.
INFO - 2015-12-03 17:24:39 --> Helper loaded: form_helper
INFO - 2015-12-03 17:24:39 --> Form Validation Class Initialized
INFO - 2015-12-03 17:24:40 --> Config Class Initialized
INFO - 2015-12-03 17:24:40 --> Hooks Class Initialized
DEBUG - 2015-12-03 17:24:40 --> UTF-8 Support Disabled
INFO - 2015-12-03 17:24:40 --> Utf8 Class Initialized
INFO - 2015-12-03 17:24:40 --> URI Class Initialized
INFO - 2015-12-03 17:24:40 --> Router Class Initialized
INFO - 2015-12-03 17:24:40 --> Output Class Initialized
INFO - 2015-12-03 17:24:40 --> Security Class Initialized
DEBUG - 2015-12-03 17:24:40 --> Global POST, GET and COOKIE data sanitized
INFO - 2015-12-03 17:24:40 --> Input Class Initialized
INFO - 2015-12-03 17:24:40 --> Language Class Initialized
INFO - 2015-12-03 17:24:40 --> Loader Class Initialized
INFO - 2015-12-03 17:24:40 --> Helper loaded: url_helper
INFO - 2015-12-03 17:24:40 --> Session: Class initialized using 'files' driver.
DEBUG - 2015-12-03 17:24:40 --> cURL Class Initialized
DEBUG - 2015-12-03 17:24:40 --> OAuth2 class already loaded. Second attempt ignored.
INFO - 2015-12-03 17:24:40 --> Controller Class Initialized
ERROR - 2015-12-03 17:24:40 --> Severity: Notice --> Undefined index: redirect_uri C:\xampp\htdocs\bondora\sparks\oauth2\0.4.0\libraries\Provider.php 121
INFO - 2015-12-03 17:24:45 --> Config Class Initialized
INFO - 2015-12-03 17:24:45 --> Hooks Class Initialized
DEBUG - 2015-12-03 17:24:45 --> UTF-8 Support Disabled
INFO - 2015-12-03 17:24:45 --> Utf8 Class Initialized
INFO - 2015-12-03 17:24:45 --> URI Class Initialized
INFO - 2015-12-03 17:24:45 --> Router Class Initialized
INFO - 2015-12-03 17:24:45 --> Output Class Initialized
INFO - 2015-12-03 17:24:45 --> Security Class Initialized
DEBUG - 2015-12-03 17:24:45 --> Global POST, GET and COOKIE data sanitized
INFO - 2015-12-03 17:24:45 --> Input Class Initialized
INFO - 2015-12-03 17:24:45 --> Language Class Initialized
INFO - 2015-12-03 17:24:45 --> Loader Class Initialized
INFO - 2015-12-03 17:24:45 --> Helper loaded: url_helper
INFO - 2015-12-03 17:24:45 --> Session: Class initialized using 'files' driver.
DEBUG - 2015-12-03 17:24:45 --> cURL Class Initialized
DEBUG - 2015-12-03 17:24:45 --> OAuth2 class already loaded. Second attempt ignored.
INFO - 2015-12-03 17:24:45 --> Controller Class Initialized
INFO - 2015-12-03 17:24:45 --> Config Class Initialized
INFO - 2015-12-03 17:24:45 --> Hooks Class Initialized
DEBUG - 2015-12-03 17:24:45 --> UTF-8 Support Disabled
INFO - 2015-12-03 17:24:45 --> Utf8 Class Initialized
INFO - 2015-12-03 17:24:45 --> URI Class Initialized
INFO - 2015-12-03 17:24:45 --> Router Class Initialized
INFO - 2015-12-03 17:24:45 --> Output Class Initialized
INFO - 2015-12-03 17:24:45 --> Security Class Initialized
DEBUG - 2015-12-03 17:24:45 --> Global POST, GET and COOKIE data sanitized
INFO - 2015-12-03 17:24:45 --> Input Class Initialized
INFO - 2015-12-03 17:24:45 --> Language Class Initialized
INFO - 2015-12-03 17:24:45 --> Loader Class Initialized
INFO - 2015-12-03 17:24:45 --> Helper loaded: url_helper
INFO - 2015-12-03 17:24:45 --> Session: Class initialized using 'files' driver.
DEBUG - 2015-12-03 17:24:45 --> cURL Class Initialized
DEBUG - 2015-12-03 17:24:45 --> OAuth2 class already loaded. Second attempt ignored.
INFO - 2015-12-03 17:24:45 --> Controller Class Initialized
ERROR - 2015-12-03 17:24:45 --> Severity: Notice --> Undefined index: redirect_uri C:\xampp\htdocs\bondora\sparks\oauth2\0.4.0\libraries\Provider.php 121
INFO - 2015-12-03 17:24:47 --> Config Class Initialized
INFO - 2015-12-03 17:24:47 --> Hooks Class Initialized
DEBUG - 2015-12-03 17:24:47 --> UTF-8 Support Disabled
INFO - 2015-12-03 17:24:47 --> Utf8 Class Initialized
INFO - 2015-12-03 17:24:47 --> URI Class Initialized
INFO - 2015-12-03 17:24:47 --> Router Class Initialized
INFO - 2015-12-03 17:24:47 --> Output Class Initialized
INFO - 2015-12-03 17:24:47 --> Security Class Initialized
DEBUG - 2015-12-03 17:24:47 --> Global POST, GET and COOKIE data sanitized
INFO - 2015-12-03 17:24:47 --> Input Class Initialized
INFO - 2015-12-03 17:24:47 --> Language Class Initialized
INFO - 2015-12-03 17:24:47 --> Loader Class Initialized
INFO - 2015-12-03 17:24:47 --> Helper loaded: url_helper
INFO - 2015-12-03 17:24:47 --> Session: Class initialized using 'files' driver.
DEBUG - 2015-12-03 17:24:47 --> cURL Class Initialized
DEBUG - 2015-12-03 17:24:47 --> OAuth2 class already loaded. Second attempt ignored.
INFO - 2015-12-03 17:24:47 --> Controller Class Initialized
INFO - 2015-12-03 17:24:48 --> Config Class Initialized
INFO - 2015-12-03 17:24:48 --> Hooks Class Initialized
DEBUG - 2015-12-03 17:24:48 --> UTF-8 Support Disabled
INFO - 2015-12-03 17:24:48 --> Utf8 Class Initialized
INFO - 2015-12-03 17:24:48 --> URI Class Initialized
INFO - 2015-12-03 17:24:48 --> Router Class Initialized
INFO - 2015-12-03 17:24:48 --> Output Class Initialized
INFO - 2015-12-03 17:24:48 --> Security Class Initialized
DEBUG - 2015-12-03 17:24:48 --> Global POST, GET and COOKIE data sanitized
INFO - 2015-12-03 17:24:48 --> Input Class Initialized
INFO - 2015-12-03 17:24:48 --> Language Class Initialized
INFO - 2015-12-03 17:24:48 --> Loader Class Initialized
INFO - 2015-12-03 17:24:48 --> Helper loaded: url_helper
INFO - 2015-12-03 17:24:48 --> Session: Class initialized using 'files' driver.
DEBUG - 2015-12-03 17:24:48 --> cURL Class Initialized
DEBUG - 2015-12-03 17:24:48 --> OAuth2 class already loaded. Second attempt ignored.
INFO - 2015-12-03 17:24:48 --> Controller Class Initialized
INFO - 2015-12-03 17:24:48 --> Model Class Initialized
INFO - 2015-12-03 17:24:48 --> Database Driver Class Initialized
DEBUG - 2015-12-03 17:24:48 --> C:\xampp\htdocs\bondora\application\libraries/MY_Table.php exists, but does not declare MY_Table
INFO - 2015-12-03 17:24:48 --> Table Class Initialized
DEBUG - 2015-12-03 17:24:48 --> Session class already loaded. Second attempt ignored.
INFO - 2015-12-03 17:24:48 --> Helper loaded: form_helper
INFO - 2015-12-03 17:24:48 --> Form Validation Class Initialized
INFO - 2015-12-03 17:24:49 --> File loaded: C:\xampp\htdocs\bondora\application\views\templates/header.php
INFO - 2015-12-03 17:24:49 --> File loaded: C:\xampp\htdocs\bondora\application\views\filters/index.php
INFO - 2015-12-03 17:24:49 --> File loaded: C:\xampp\htdocs\bondora\application\views\templates/footer.php
INFO - 2015-12-03 17:24:49 --> Final output sent to browser
DEBUG - 2015-12-03 17:24:49 --> Total execution time: 0.5420
