DEBUG - 2016-07-31 05:15:47 --> UTF-8 Support Disabled
DEBUG - 2016-07-31 05:15:47 --> Global POST, GET and COOKIE data sanitized
DEBUG - 2016-07-31 05:15:47 --> cURL Class Initialized
DEBUG - 2016-07-31 05:15:47 --> OAuth2 class already loaded. Second attempt ignored.
DEBUG - 2016-07-31 05:15:47 --> C:\xampp\htdocs\bondora\application\libraries/MY_Table.php exists, but does not declare MY_Table
DEBUG - 2016-07-31 05:15:47 --> Session class already loaded. Second attempt ignored.
DEBUG - 2016-07-31 05:15:47 --> UTF-8 Support Disabled
DEBUG - 2016-07-31 05:15:47 --> Global POST, GET and COOKIE data sanitized
DEBUG - 2016-07-31 05:15:47 --> cURL Class Initialized
DEBUG - 2016-07-31 05:15:47 --> OAuth2 class already loaded. Second attempt ignored.
DEBUG - 2016-07-31 05:15:47 --> Session class already loaded. Second attempt ignored.
DEBUG - 2016-07-31 05:15:47 --> Total execution time: 0.0730
DEBUG - 2016-07-31 05:15:47 --> UTF-8 Support Disabled
DEBUG - 2016-07-31 05:15:47 --> Global POST, GET and COOKIE data sanitized
ERROR - 2016-07-31 05:15:47 --> 404 Page Not Found: User/bootstrap
DEBUG - 2016-07-31 05:15:50 --> UTF-8 Support Disabled
DEBUG - 2016-07-31 05:15:50 --> Global POST, GET and COOKIE data sanitized
DEBUG - 2016-07-31 05:15:50 --> cURL Class Initialized
DEBUG - 2016-07-31 05:15:50 --> OAuth2 class already loaded. Second attempt ignored.
DEBUG - 2016-07-31 05:15:50 --> Session class already loaded. Second attempt ignored.
DEBUG - 2016-07-31 05:15:50 --> UTF-8 Support Disabled
DEBUG - 2016-07-31 05:15:50 --> Global POST, GET and COOKIE data sanitized
DEBUG - 2016-07-31 05:15:50 --> cURL Class Initialized
DEBUG - 2016-07-31 05:15:50 --> OAuth2 class already loaded. Second attempt ignored.
DEBUG - 2016-07-31 05:15:50 --> C:\xampp\htdocs\bondora\application\libraries/MY_Table.php exists, but does not declare MY_Table
DEBUG - 2016-07-31 05:15:50 --> Session class already loaded. Second attempt ignored.
DEBUG - 2016-07-31 05:15:50 --> SELECT *
FROM `select` `a`.*, `b`.`statusCode from auction_payload a LEFT JOIN bid_payload b ON a`.`auctionId=b`.`auctionId and a`.`user=b`.`userName where` `user="mehike"`
DEBUG - 2016-07-31 05:15:50 --> Total execution time: 0.1170
DEBUG - 2016-07-31 05:15:51 --> UTF-8 Support Disabled
DEBUG - 2016-07-31 05:15:51 --> Global POST, GET and COOKIE data sanitized
ERROR - 2016-07-31 05:15:51 --> 404 Page Not Found: Auctions/bootstrap
DEBUG - 2016-07-31 05:15:53 --> UTF-8 Support Disabled
DEBUG - 2016-07-31 05:15:53 --> Global POST, GET and COOKIE data sanitized
DEBUG - 2016-07-31 05:15:53 --> cURL Class Initialized
DEBUG - 2016-07-31 05:15:53 --> OAuth2 class already loaded. Second attempt ignored.
DEBUG - 2016-07-31 05:15:53 --> C:\xampp\htdocs\bondora\application\libraries/MY_Table.php exists, but does not declare MY_Table
DEBUG - 2016-07-31 05:15:53 --> Session class already loaded. Second attempt ignored.
DEBUG - 2016-07-31 05:15:53 --> SELECT *
FROM `select` `a`.*, `b`.`listedOnDate`, `b`.`xirr`, `b`.`secondaryId`, `b`.`desiredDiscountRate from bondora`.`investment_payload a LEFT JOIN bondora`.`secondary b ON a`.`loanPartId=b`.`loanPartId and a`.`user=b`.`user where a`.`user="mehike" order by` `a`.`signedDate`, `a`.`auctionId`
ERROR - 2016-07-31 05:15:53 --> Severity: Notice --> Undefined offset: 33 C:\xampp\htdocs\bondora\application\views\investments\index.php 880
ERROR - 2016-07-31 05:15:53 --> Severity: Notice --> Undefined offset: 33 C:\xampp\htdocs\bondora\application\views\investments\index.php 880
ERROR - 2016-07-31 05:15:53 --> Severity: Notice --> Undefined offset: 33 C:\xampp\htdocs\bondora\application\views\investments\index.php 880
ERROR - 2016-07-31 05:15:53 --> Severity: Notice --> Undefined offset: 33 C:\xampp\htdocs\bondora\application\views\investments\index.php 880
ERROR - 2016-07-31 05:15:53 --> Severity: Notice --> Undefined offset: 31 C:\xampp\htdocs\bondora\application\views\investments\index.php 880
ERROR - 2016-07-31 05:15:53 --> Severity: Notice --> Undefined offset: 33 C:\xampp\htdocs\bondora\application\views\investments\index.php 880
ERROR - 2016-07-31 05:15:53 --> Severity: Notice --> Undefined offset: 33 C:\xampp\htdocs\bondora\application\views\investments\index.php 880
ERROR - 2016-07-31 05:15:53 --> Severity: Notice --> Undefined offset: 30 C:\xampp\htdocs\bondora\application\views\investments\index.php 880
ERROR - 2016-07-31 05:15:53 --> Severity: Notice --> Undefined offset: 32 C:\xampp\htdocs\bondora\application\views\investments\index.php 880
ERROR - 2016-07-31 05:15:53 --> Severity: Notice --> Undefined offset: 32 C:\xampp\htdocs\bondora\application\views\investments\index.php 880
ERROR - 2016-07-31 05:15:53 --> Severity: Notice --> Undefined offset: 32 C:\xampp\htdocs\bondora\application\views\investments\index.php 880
ERROR - 2016-07-31 05:15:53 --> Severity: Notice --> Undefined offset: 33 C:\xampp\htdocs\bondora\application\views\investments\index.php 880
ERROR - 2016-07-31 05:15:53 --> Severity: Notice --> Undefined offset: 33 C:\xampp\htdocs\bondora\application\views\investments\index.php 880
ERROR - 2016-07-31 05:15:53 --> Severity: Notice --> Undefined offset: 33 C:\xampp\htdocs\bondora\application\views\investments\index.php 880
ERROR - 2016-07-31 05:15:53 --> Severity: Notice --> Undefined offset: 33 C:\xampp\htdocs\bondora\application\views\investments\index.php 880
ERROR - 2016-07-31 05:15:53 --> Severity: Notice --> Undefined offset: 41 C:\xampp\htdocs\bondora\application\views\investments\index.php 880
ERROR - 2016-07-31 05:15:53 --> Severity: Notice --> Undefined offset: 30 C:\xampp\htdocs\bondora\application\views\investments\index.php 880
ERROR - 2016-07-31 05:15:53 --> Severity: Notice --> Undefined offset: 31 C:\xampp\htdocs\bondora\application\views\investments\index.php 880
ERROR - 2016-07-31 05:15:53 --> Severity: Notice --> Undefined offset: 33 C:\xampp\htdocs\bondora\application\views\investments\index.php 880
ERROR - 2016-07-31 05:15:53 --> Severity: Notice --> Undefined offset: 33 C:\xampp\htdocs\bondora\application\views\investments\index.php 880
ERROR - 2016-07-31 05:15:53 --> Severity: Notice --> Undefined offset: 32 C:\xampp\htdocs\bondora\application\views\investments\index.php 880
DEBUG - 2016-07-31 05:15:53 --> Total execution time: 0.1220
DEBUG - 2016-07-31 05:15:53 --> UTF-8 Support Disabled
DEBUG - 2016-07-31 05:15:53 --> Global POST, GET and COOKIE data sanitized
ERROR - 2016-07-31 05:15:53 --> 404 Page Not Found: Investments/bootstrap
DEBUG - 2016-07-31 05:15:55 --> UTF-8 Support Disabled
DEBUG - 2016-07-31 05:15:55 --> Global POST, GET and COOKIE data sanitized
DEBUG - 2016-07-31 05:15:55 --> cURL Class Initialized
DEBUG - 2016-07-31 05:15:55 --> OAuth2 class already loaded. Second attempt ignored.
DEBUG - 2016-07-31 05:15:55 --> C:\xampp\htdocs\bondora\application\libraries/MY_Table.php exists, but does not declare MY_Table
DEBUG - 2016-07-31 05:15:55 --> Session class already loaded. Second attempt ignored.
DEBUG - 2016-07-31 05:15:57 --> UTF-8 Support Disabled
DEBUG - 2016-07-31 05:15:57 --> Global POST, GET and COOKIE data sanitized
DEBUG - 2016-07-31 05:15:57 --> cURL Class Initialized
DEBUG - 2016-07-31 05:15:57 --> OAuth2 class already loaded. Second attempt ignored.
DEBUG - 2016-07-31 05:16:03 --> UTF-8 Support Disabled
DEBUG - 2016-07-31 05:16:03 --> Global POST, GET and COOKIE data sanitized
DEBUG - 2016-07-31 05:16:03 --> cURL Class Initialized
DEBUG - 2016-07-31 05:16:03 --> OAuth2 class already loaded. Second attempt ignored.
DEBUG - 2016-07-31 05:16:05 --> UTF-8 Support Disabled
DEBUG - 2016-07-31 05:16:05 --> Global POST, GET and COOKIE data sanitized
DEBUG - 2016-07-31 05:16:05 --> cURL Class Initialized
DEBUG - 2016-07-31 05:16:05 --> OAuth2 class already loaded. Second attempt ignored.
DEBUG - 2016-07-31 05:16:05 --> C:\xampp\htdocs\bondora\application\libraries/MY_Table.php exists, but does not declare MY_Table
DEBUG - 2016-07-31 05:16:05 --> Session class already loaded. Second attempt ignored.
DEBUG - 2016-07-31 05:16:05 --> SELECT *
FROM `select` `a`.*, `b`.`listedOnDate`, `b`.`xirr`, `b`.`secondaryId`, `b`.`desiredDiscountRate from bondora`.`investment_payload a LEFT JOIN bondora`.`secondary b ON a`.`loanPartId=b`.`loanPartId and a`.`user=b`.`user where a`.`user="mehike" order by` `a`.`signedDate`, `a`.`auctionId`
ERROR - 2016-07-31 05:16:06 --> Severity: Notice --> Undefined offset: 33 C:\xampp\htdocs\bondora\application\views\investments\index.php 880
ERROR - 2016-07-31 05:16:06 --> Severity: Notice --> Undefined offset: 33 C:\xampp\htdocs\bondora\application\views\investments\index.php 880
ERROR - 2016-07-31 05:16:06 --> Severity: Notice --> Undefined offset: 33 C:\xampp\htdocs\bondora\application\views\investments\index.php 880
ERROR - 2016-07-31 05:16:06 --> Severity: Notice --> Undefined offset: 33 C:\xampp\htdocs\bondora\application\views\investments\index.php 880
ERROR - 2016-07-31 05:16:06 --> Severity: Notice --> Undefined offset: 31 C:\xampp\htdocs\bondora\application\views\investments\index.php 880
ERROR - 2016-07-31 05:16:06 --> Severity: Notice --> Undefined offset: 33 C:\xampp\htdocs\bondora\application\views\investments\index.php 880
ERROR - 2016-07-31 05:16:06 --> Severity: Notice --> Undefined offset: 33 C:\xampp\htdocs\bondora\application\views\investments\index.php 880
ERROR - 2016-07-31 05:16:06 --> Severity: Notice --> Undefined offset: 30 C:\xampp\htdocs\bondora\application\views\investments\index.php 880
ERROR - 2016-07-31 05:16:06 --> Severity: Notice --> Undefined offset: 32 C:\xampp\htdocs\bondora\application\views\investments\index.php 880
ERROR - 2016-07-31 05:16:06 --> Severity: Notice --> Undefined offset: 32 C:\xampp\htdocs\bondora\application\views\investments\index.php 880
ERROR - 2016-07-31 05:16:06 --> Severity: Notice --> Undefined offset: 32 C:\xampp\htdocs\bondora\application\views\investments\index.php 880
ERROR - 2016-07-31 05:16:06 --> Severity: Notice --> Undefined offset: 33 C:\xampp\htdocs\bondora\application\views\investments\index.php 880
ERROR - 2016-07-31 05:16:06 --> Severity: Notice --> Undefined offset: 33 C:\xampp\htdocs\bondora\application\views\investments\index.php 880
ERROR - 2016-07-31 05:16:06 --> Severity: Notice --> Undefined offset: 33 C:\xampp\htdocs\bondora\application\views\investments\index.php 880
ERROR - 2016-07-31 05:16:06 --> Severity: Notice --> Undefined offset: 33 C:\xampp\htdocs\bondora\application\views\investments\index.php 880
ERROR - 2016-07-31 05:16:06 --> Severity: Notice --> Undefined offset: 41 C:\xampp\htdocs\bondora\application\views\investments\index.php 880
ERROR - 2016-07-31 05:16:06 --> Severity: Notice --> Undefined offset: 30 C:\xampp\htdocs\bondora\application\views\investments\index.php 880
ERROR - 2016-07-31 05:16:06 --> Severity: Notice --> Undefined offset: 31 C:\xampp\htdocs\bondora\application\views\investments\index.php 880
ERROR - 2016-07-31 05:16:06 --> Severity: Notice --> Undefined offset: 33 C:\xampp\htdocs\bondora\application\views\investments\index.php 880
ERROR - 2016-07-31 05:16:06 --> Severity: Notice --> Undefined offset: 33 C:\xampp\htdocs\bondora\application\views\investments\index.php 880
ERROR - 2016-07-31 05:16:06 --> Severity: Notice --> Undefined offset: 32 C:\xampp\htdocs\bondora\application\views\investments\index.php 880
DEBUG - 2016-07-31 05:16:06 --> Total execution time: 0.5841
DEBUG - 2016-07-31 05:16:06 --> UTF-8 Support Disabled
DEBUG - 2016-07-31 05:16:06 --> Global POST, GET and COOKIE data sanitized
ERROR - 2016-07-31 05:16:06 --> 404 Page Not Found: Investments/bootstrap
