DEBUG - 2016-07-27 06:59:35 --> UTF-8 Support Disabled
DEBUG - 2016-07-27 06:59:35 --> Global POST, GET and COOKIE data sanitized
DEBUG - 2016-07-27 06:59:35 --> cURL Class Initialized
DEBUG - 2016-07-27 06:59:35 --> OAuth2 class already loaded. Second attempt ignored.
DEBUG - 2016-07-27 06:59:35 --> C:\xampp\htdocs\bondora\application\libraries/MY_Table.php exists, but does not declare MY_Table
DEBUG - 2016-07-27 06:59:35 --> Session class already loaded. Second attempt ignored.
DEBUG - 2016-07-27 06:59:35 --> UTF-8 Support Disabled
DEBUG - 2016-07-27 06:59:35 --> Global POST, GET and COOKIE data sanitized
DEBUG - 2016-07-27 06:59:35 --> cURL Class Initialized
DEBUG - 2016-07-27 06:59:35 --> OAuth2 class already loaded. Second attempt ignored.
DEBUG - 2016-07-27 06:59:35 --> Session class already loaded. Second attempt ignored.
DEBUG - 2016-07-27 06:59:35 --> Total execution time: 0.0850
DEBUG - 2016-07-27 06:59:36 --> UTF-8 Support Disabled
DEBUG - 2016-07-27 06:59:36 --> Global POST, GET and COOKIE data sanitized
ERROR - 2016-07-27 06:59:36 --> 404 Page Not Found: User/bootstrap
DEBUG - 2016-07-27 06:59:38 --> UTF-8 Support Disabled
DEBUG - 2016-07-27 06:59:38 --> Global POST, GET and COOKIE data sanitized
DEBUG - 2016-07-27 06:59:38 --> cURL Class Initialized
DEBUG - 2016-07-27 06:59:38 --> OAuth2 class already loaded. Second attempt ignored.
DEBUG - 2016-07-27 06:59:38 --> Session class already loaded. Second attempt ignored.
DEBUG - 2016-07-27 06:59:38 --> UTF-8 Support Disabled
DEBUG - 2016-07-27 06:59:38 --> Global POST, GET and COOKIE data sanitized
DEBUG - 2016-07-27 06:59:38 --> cURL Class Initialized
DEBUG - 2016-07-27 06:59:38 --> OAuth2 class already loaded. Second attempt ignored.
DEBUG - 2016-07-27 06:59:38 --> C:\xampp\htdocs\bondora\application\libraries/MY_Table.php exists, but does not declare MY_Table
DEBUG - 2016-07-27 06:59:38 --> Session class already loaded. Second attempt ignored.
DEBUG - 2016-07-27 06:59:38 --> SELECT *
FROM `select` `a`.*, `b`.`statusCode from auction_payload a LEFT JOIN bid_payload b ON a`.`auctionId=b`.`auctionId and a`.`user=b`.`userName where` `user="mehike"`
DEBUG - 2016-07-27 06:59:38 --> Total execution time: 0.1430
DEBUG - 2016-07-27 06:59:38 --> UTF-8 Support Disabled
DEBUG - 2016-07-27 06:59:38 --> Global POST, GET and COOKIE data sanitized
ERROR - 2016-07-27 06:59:38 --> 404 Page Not Found: Auctions/bootstrap
DEBUG - 2016-07-27 07:00:02 --> UTF-8 Support Disabled
DEBUG - 2016-07-27 07:00:02 --> Global POST, GET and COOKIE data sanitized
DEBUG - 2016-07-27 07:00:02 --> cURL Class Initialized
DEBUG - 2016-07-27 07:00:02 --> OAuth2 class already loaded. Second attempt ignored.
DEBUG - 2016-07-27 07:00:02 --> C:\xampp\htdocs\bondora\application\libraries/MY_Table.php exists, but does not declare MY_Table
DEBUG - 2016-07-27 07:00:02 --> Session class already loaded. Second attempt ignored.
DEBUG - 2016-07-27 07:00:02 --> SELECT *
FROM `select` `a`.*, `b`.`listedOnDate`, `b`.`xirr`, `b`.`secondaryId`, `b`.`desiredDiscountRate from bondora`.`investment_payload a LEFT JOIN bondora`.`secondary b ON a`.`loanPartId=b`.`loanPartId and a`.`user=b`.`user where a`.`user="mehike" order by` `a`.`signedDate`, `a`.`auctionId`
ERROR - 2016-07-27 07:00:02 --> Severity: Notice --> Undefined offset: 33 C:\xampp\htdocs\bondora\application\views\investments\index.php 880
ERROR - 2016-07-27 07:00:02 --> Severity: Notice --> Undefined offset: 33 C:\xampp\htdocs\bondora\application\views\investments\index.php 880
ERROR - 2016-07-27 07:00:02 --> Severity: Notice --> Undefined offset: 33 C:\xampp\htdocs\bondora\application\views\investments\index.php 880
ERROR - 2016-07-27 07:00:02 --> Severity: Notice --> Undefined offset: 33 C:\xampp\htdocs\bondora\application\views\investments\index.php 880
ERROR - 2016-07-27 07:00:02 --> Severity: Notice --> Undefined offset: 31 C:\xampp\htdocs\bondora\application\views\investments\index.php 880
ERROR - 2016-07-27 07:00:02 --> Severity: Notice --> Undefined offset: 33 C:\xampp\htdocs\bondora\application\views\investments\index.php 880
ERROR - 2016-07-27 07:00:02 --> Severity: Notice --> Undefined offset: 33 C:\xampp\htdocs\bondora\application\views\investments\index.php 880
ERROR - 2016-07-27 07:00:02 --> Severity: Notice --> Undefined offset: 30 C:\xampp\htdocs\bondora\application\views\investments\index.php 880
ERROR - 2016-07-27 07:00:02 --> Severity: Notice --> Undefined offset: 31 C:\xampp\htdocs\bondora\application\views\investments\index.php 880
ERROR - 2016-07-27 07:00:02 --> Severity: Notice --> Undefined offset: 31 C:\xampp\htdocs\bondora\application\views\investments\index.php 880
ERROR - 2016-07-27 07:00:02 --> Severity: Notice --> Undefined offset: 32 C:\xampp\htdocs\bondora\application\views\investments\index.php 880
ERROR - 2016-07-27 07:00:02 --> Severity: Notice --> Undefined offset: 33 C:\xampp\htdocs\bondora\application\views\investments\index.php 880
ERROR - 2016-07-27 07:00:02 --> Severity: Notice --> Undefined offset: 33 C:\xampp\htdocs\bondora\application\views\investments\index.php 880
ERROR - 2016-07-27 07:00:02 --> Severity: Notice --> Undefined offset: 33 C:\xampp\htdocs\bondora\application\views\investments\index.php 880
ERROR - 2016-07-27 07:00:02 --> Severity: Notice --> Undefined offset: 33 C:\xampp\htdocs\bondora\application\views\investments\index.php 880
ERROR - 2016-07-27 07:00:02 --> Severity: Notice --> Undefined offset: 41 C:\xampp\htdocs\bondora\application\views\investments\index.php 880
ERROR - 2016-07-27 07:00:02 --> Severity: Notice --> Undefined offset: 30 C:\xampp\htdocs\bondora\application\views\investments\index.php 880
ERROR - 2016-07-27 07:00:02 --> Severity: Notice --> Undefined offset: 31 C:\xampp\htdocs\bondora\application\views\investments\index.php 880
ERROR - 2016-07-27 07:00:02 --> Severity: Notice --> Undefined offset: 32 C:\xampp\htdocs\bondora\application\views\investments\index.php 880
ERROR - 2016-07-27 07:00:02 --> Severity: Notice --> Undefined offset: 33 C:\xampp\htdocs\bondora\application\views\investments\index.php 880
ERROR - 2016-07-27 07:00:02 --> Severity: Notice --> Undefined offset: 31 C:\xampp\htdocs\bondora\application\views\investments\index.php 880
DEBUG - 2016-07-27 07:00:02 --> Total execution time: 0.1390
DEBUG - 2016-07-27 07:00:02 --> UTF-8 Support Disabled
DEBUG - 2016-07-27 07:00:02 --> Global POST, GET and COOKIE data sanitized
ERROR - 2016-07-27 07:00:02 --> 404 Page Not Found: Investments/bootstrap
DEBUG - 2016-07-27 07:00:04 --> UTF-8 Support Disabled
DEBUG - 2016-07-27 07:00:04 --> Global POST, GET and COOKIE data sanitized
DEBUG - 2016-07-27 07:00:04 --> cURL Class Initialized
DEBUG - 2016-07-27 07:00:04 --> OAuth2 class already loaded. Second attempt ignored.
DEBUG - 2016-07-27 07:00:04 --> C:\xampp\htdocs\bondora\application\libraries/MY_Table.php exists, but does not declare MY_Table
DEBUG - 2016-07-27 07:00:04 --> Session class already loaded. Second attempt ignored.
DEBUG - 2016-07-27 07:00:06 --> UTF-8 Support Disabled
DEBUG - 2016-07-27 07:00:06 --> Global POST, GET and COOKIE data sanitized
DEBUG - 2016-07-27 07:00:06 --> cURL Class Initialized
DEBUG - 2016-07-27 07:00:06 --> OAuth2 class already loaded. Second attempt ignored.
DEBUG - 2016-07-27 07:00:31 --> UTF-8 Support Disabled
DEBUG - 2016-07-27 07:00:31 --> Global POST, GET and COOKIE data sanitized
DEBUG - 2016-07-27 07:00:31 --> cURL Class Initialized
DEBUG - 2016-07-27 07:00:31 --> OAuth2 class already loaded. Second attempt ignored.
DEBUG - 2016-07-27 07:00:34 --> UTF-8 Support Disabled
DEBUG - 2016-07-27 07:00:34 --> Global POST, GET and COOKIE data sanitized
DEBUG - 2016-07-27 07:00:34 --> cURL Class Initialized
DEBUG - 2016-07-27 07:00:34 --> OAuth2 class already loaded. Second attempt ignored.
DEBUG - 2016-07-27 07:00:34 --> C:\xampp\htdocs\bondora\application\libraries/MY_Table.php exists, but does not declare MY_Table
DEBUG - 2016-07-27 07:00:34 --> Session class already loaded. Second attempt ignored.
DEBUG - 2016-07-27 07:00:34 --> SELECT *
FROM `select` `a`.*, `b`.`listedOnDate`, `b`.`xirr`, `b`.`secondaryId`, `b`.`desiredDiscountRate from bondora`.`investment_payload a LEFT JOIN bondora`.`secondary b ON a`.`loanPartId=b`.`loanPartId and a`.`user=b`.`user where a`.`user="mehike" order by` `a`.`signedDate`, `a`.`auctionId`
ERROR - 2016-07-27 07:00:34 --> Severity: Notice --> Undefined offset: 33 C:\xampp\htdocs\bondora\application\views\investments\index.php 880
ERROR - 2016-07-27 07:00:34 --> Severity: Notice --> Undefined offset: 33 C:\xampp\htdocs\bondora\application\views\investments\index.php 880
ERROR - 2016-07-27 07:00:34 --> Severity: Notice --> Undefined offset: 33 C:\xampp\htdocs\bondora\application\views\investments\index.php 880
ERROR - 2016-07-27 07:00:34 --> Severity: Notice --> Undefined offset: 33 C:\xampp\htdocs\bondora\application\views\investments\index.php 880
ERROR - 2016-07-27 07:00:34 --> Severity: Notice --> Undefined offset: 31 C:\xampp\htdocs\bondora\application\views\investments\index.php 880
ERROR - 2016-07-27 07:00:34 --> Severity: Notice --> Undefined offset: 33 C:\xampp\htdocs\bondora\application\views\investments\index.php 880
ERROR - 2016-07-27 07:00:34 --> Severity: Notice --> Undefined offset: 33 C:\xampp\htdocs\bondora\application\views\investments\index.php 880
ERROR - 2016-07-27 07:00:34 --> Severity: Notice --> Undefined offset: 30 C:\xampp\htdocs\bondora\application\views\investments\index.php 880
ERROR - 2016-07-27 07:00:34 --> Severity: Notice --> Undefined offset: 31 C:\xampp\htdocs\bondora\application\views\investments\index.php 880
ERROR - 2016-07-27 07:00:34 --> Severity: Notice --> Undefined offset: 31 C:\xampp\htdocs\bondora\application\views\investments\index.php 880
ERROR - 2016-07-27 07:00:34 --> Severity: Notice --> Undefined offset: 32 C:\xampp\htdocs\bondora\application\views\investments\index.php 880
ERROR - 2016-07-27 07:00:34 --> Severity: Notice --> Undefined offset: 33 C:\xampp\htdocs\bondora\application\views\investments\index.php 880
ERROR - 2016-07-27 07:00:34 --> Severity: Notice --> Undefined offset: 33 C:\xampp\htdocs\bondora\application\views\investments\index.php 880
ERROR - 2016-07-27 07:00:34 --> Severity: Notice --> Undefined offset: 33 C:\xampp\htdocs\bondora\application\views\investments\index.php 880
ERROR - 2016-07-27 07:00:34 --> Severity: Notice --> Undefined offset: 33 C:\xampp\htdocs\bondora\application\views\investments\index.php 880
ERROR - 2016-07-27 07:00:34 --> Severity: Notice --> Undefined offset: 41 C:\xampp\htdocs\bondora\application\views\investments\index.php 880
ERROR - 2016-07-27 07:00:34 --> Severity: Notice --> Undefined offset: 30 C:\xampp\htdocs\bondora\application\views\investments\index.php 880
ERROR - 2016-07-27 07:00:34 --> Severity: Notice --> Undefined offset: 31 C:\xampp\htdocs\bondora\application\views\investments\index.php 880
ERROR - 2016-07-27 07:00:34 --> Severity: Notice --> Undefined offset: 32 C:\xampp\htdocs\bondora\application\views\investments\index.php 880
ERROR - 2016-07-27 07:00:34 --> Severity: Notice --> Undefined offset: 33 C:\xampp\htdocs\bondora\application\views\investments\index.php 880
ERROR - 2016-07-27 07:00:34 --> Severity: Notice --> Undefined offset: 31 C:\xampp\htdocs\bondora\application\views\investments\index.php 880
DEBUG - 2016-07-27 07:00:34 --> Total execution time: 0.4800
DEBUG - 2016-07-27 07:00:34 --> UTF-8 Support Disabled
DEBUG - 2016-07-27 07:00:34 --> Global POST, GET and COOKIE data sanitized
ERROR - 2016-07-27 07:00:34 --> 404 Page Not Found: Investments/bootstrap
DEBUG - 2016-07-27 07:00:37 --> UTF-8 Support Disabled
DEBUG - 2016-07-27 07:00:37 --> Global POST, GET and COOKIE data sanitized
DEBUG - 2016-07-27 07:00:37 --> cURL Class Initialized
DEBUG - 2016-07-27 07:00:37 --> OAuth2 class already loaded. Second attempt ignored.
DEBUG - 2016-07-27 07:00:37 --> C:\xampp\htdocs\bondora\application\libraries/MY_Table.php exists, but does not declare MY_Table
DEBUG - 2016-07-27 07:00:37 --> Session class already loaded. Second attempt ignored.
DEBUG - 2016-07-27 07:00:47 --> SELECT *
FROM `select` `a`.*, `b`.`listedOnDate`, `b`.`xirr`, `b`.`secondaryId`, `b`.`desiredDiscountRate from bondora`.`investment_payload a LEFT JOIN bondora`.`secondary b ON a`.`loanPartId=b`.`loanPartId and a`.`user=b`.`user where a`.`user="mehike" order by` `a`.`signedDate`, `a`.`auctionId`
ERROR - 2016-07-27 07:00:47 --> Severity: Notice --> Undefined offset: 33 C:\xampp\htdocs\bondora\application\views\investments\index.php 880
ERROR - 2016-07-27 07:00:47 --> Severity: Notice --> Undefined offset: 33 C:\xampp\htdocs\bondora\application\views\investments\index.php 880
ERROR - 2016-07-27 07:00:47 --> Severity: Notice --> Undefined offset: 33 C:\xampp\htdocs\bondora\application\views\investments\index.php 880
ERROR - 2016-07-27 07:00:47 --> Severity: Notice --> Undefined offset: 33 C:\xampp\htdocs\bondora\application\views\investments\index.php 880
ERROR - 2016-07-27 07:00:47 --> Severity: Notice --> Undefined offset: 31 C:\xampp\htdocs\bondora\application\views\investments\index.php 880
ERROR - 2016-07-27 07:00:47 --> Severity: Notice --> Undefined offset: 33 C:\xampp\htdocs\bondora\application\views\investments\index.php 880
ERROR - 2016-07-27 07:00:47 --> Severity: Notice --> Undefined offset: 33 C:\xampp\htdocs\bondora\application\views\investments\index.php 880
ERROR - 2016-07-27 07:00:47 --> Severity: Notice --> Undefined offset: 32 C:\xampp\htdocs\bondora\application\views\investments\index.php 880
ERROR - 2016-07-27 07:00:47 --> Severity: Notice --> Undefined offset: 32 C:\xampp\htdocs\bondora\application\views\investments\index.php 880
ERROR - 2016-07-27 07:00:47 --> Severity: Notice --> Undefined offset: 32 C:\xampp\htdocs\bondora\application\views\investments\index.php 880
ERROR - 2016-07-27 07:00:47 --> Severity: Notice --> Undefined offset: 33 C:\xampp\htdocs\bondora\application\views\investments\index.php 880
ERROR - 2016-07-27 07:00:47 --> Severity: Notice --> Undefined offset: 33 C:\xampp\htdocs\bondora\application\views\investments\index.php 880
ERROR - 2016-07-27 07:00:47 --> Severity: Notice --> Undefined offset: 33 C:\xampp\htdocs\bondora\application\views\investments\index.php 880
ERROR - 2016-07-27 07:00:47 --> Severity: Notice --> Undefined offset: 33 C:\xampp\htdocs\bondora\application\views\investments\index.php 880
ERROR - 2016-07-27 07:00:47 --> Severity: Notice --> Undefined offset: 41 C:\xampp\htdocs\bondora\application\views\investments\index.php 880
ERROR - 2016-07-27 07:00:47 --> Severity: Notice --> Undefined offset: 31 C:\xampp\htdocs\bondora\application\views\investments\index.php 880
ERROR - 2016-07-27 07:00:47 --> Severity: Notice --> Undefined offset: 32 C:\xampp\htdocs\bondora\application\views\investments\index.php 880
ERROR - 2016-07-27 07:00:47 --> Severity: Notice --> Undefined offset: 33 C:\xampp\htdocs\bondora\application\views\investments\index.php 880
ERROR - 2016-07-27 07:00:47 --> Severity: Notice --> Undefined offset: 32 C:\xampp\htdocs\bondora\application\views\investments\index.php 880
DEBUG - 2016-07-27 07:00:47 --> Total execution time: 9.2495
DEBUG - 2016-07-27 07:00:47 --> UTF-8 Support Disabled
DEBUG - 2016-07-27 07:00:47 --> Global POST, GET and COOKIE data sanitized
ERROR - 2016-07-27 07:00:47 --> 404 Page Not Found: Investments/bootstrap
DEBUG - 2016-07-27 07:00:57 --> UTF-8 Support Disabled
DEBUG - 2016-07-27 07:00:57 --> Global POST, GET and COOKIE data sanitized
DEBUG - 2016-07-27 07:00:57 --> cURL Class Initialized
DEBUG - 2016-07-27 07:00:57 --> OAuth2 class already loaded. Second attempt ignored.
DEBUG - 2016-07-27 07:00:57 --> C:\xampp\htdocs\bondora\application\libraries/MY_Table.php exists, but does not declare MY_Table
DEBUG - 2016-07-27 07:00:57 --> Session class already loaded. Second attempt ignored.
DEBUG - 2016-07-27 07:00:58 --> Total execution time: 0.8070
DEBUG - 2016-07-27 07:00:58 --> UTF-8 Support Disabled
DEBUG - 2016-07-27 07:00:58 --> Global POST, GET and COOKIE data sanitized
DEBUG - 2016-07-27 07:00:58 --> cURL Class Initialized
DEBUG - 2016-07-27 07:00:58 --> OAuth2 class already loaded. Second attempt ignored.
DEBUG - 2016-07-27 07:00:58 --> C:\xampp\htdocs\bondora\application\libraries/MY_Table.php exists, but does not declare MY_Table
DEBUG - 2016-07-27 07:00:58 --> Session class already loaded. Second attempt ignored.
DEBUG - 2016-07-27 07:00:58 --> Total execution time: 0.3780
DEBUG - 2016-07-27 07:01:02 --> UTF-8 Support Disabled
DEBUG - 2016-07-27 07:01:02 --> Global POST, GET and COOKIE data sanitized
DEBUG - 2016-07-27 07:01:02 --> cURL Class Initialized
DEBUG - 2016-07-27 07:01:02 --> OAuth2 class already loaded. Second attempt ignored.
DEBUG - 2016-07-27 07:01:02 --> C:\xampp\htdocs\bondora\application\libraries/MY_Table.php exists, but does not declare MY_Table
DEBUG - 2016-07-27 07:01:02 --> Session class already loaded. Second attempt ignored.
DEBUG - 2016-07-27 07:01:03 --> Total execution time: 1.0561
DEBUG - 2016-07-27 07:01:03 --> UTF-8 Support Disabled
DEBUG - 2016-07-27 07:01:03 --> Global POST, GET and COOKIE data sanitized
DEBUG - 2016-07-27 07:01:03 --> cURL Class Initialized
DEBUG - 2016-07-27 07:01:03 --> OAuth2 class already loaded. Second attempt ignored.
DEBUG - 2016-07-27 07:01:03 --> C:\xampp\htdocs\bondora\application\libraries/MY_Table.php exists, but does not declare MY_Table
DEBUG - 2016-07-27 07:01:03 --> Session class already loaded. Second attempt ignored.
DEBUG - 2016-07-27 07:01:03 --> Total execution time: 0.4550
DEBUG - 2016-07-27 07:01:08 --> UTF-8 Support Disabled
DEBUG - 2016-07-27 07:01:08 --> Global POST, GET and COOKIE data sanitized
DEBUG - 2016-07-27 07:01:08 --> cURL Class Initialized
DEBUG - 2016-07-27 07:01:08 --> OAuth2 class already loaded. Second attempt ignored.
DEBUG - 2016-07-27 07:01:08 --> C:\xampp\htdocs\bondora\application\libraries/MY_Table.php exists, but does not declare MY_Table
DEBUG - 2016-07-27 07:01:08 --> Session class already loaded. Second attempt ignored.
DEBUG - 2016-07-27 07:01:09 --> Total execution time: 0.8630
DEBUG - 2016-07-27 07:01:09 --> UTF-8 Support Disabled
DEBUG - 2016-07-27 07:01:09 --> Global POST, GET and COOKIE data sanitized
DEBUG - 2016-07-27 07:01:09 --> cURL Class Initialized
DEBUG - 2016-07-27 07:01:09 --> OAuth2 class already loaded. Second attempt ignored.
DEBUG - 2016-07-27 07:01:09 --> C:\xampp\htdocs\bondora\application\libraries/MY_Table.php exists, but does not declare MY_Table
DEBUG - 2016-07-27 07:01:09 --> Session class already loaded. Second attempt ignored.
DEBUG - 2016-07-27 07:01:10 --> Total execution time: 0.4130
DEBUG - 2016-07-27 07:01:51 --> UTF-8 Support Disabled
DEBUG - 2016-07-27 07:01:51 --> Global POST, GET and COOKIE data sanitized
DEBUG - 2016-07-27 07:01:51 --> cURL Class Initialized
DEBUG - 2016-07-27 07:01:51 --> OAuth2 class already loaded. Second attempt ignored.
DEBUG - 2016-07-27 07:01:51 --> C:\xampp\htdocs\bondora\application\libraries/MY_Table.php exists, but does not declare MY_Table
DEBUG - 2016-07-27 07:01:51 --> Session class already loaded. Second attempt ignored.
DEBUG - 2016-07-27 07:01:52 --> Total execution time: 1.0171
DEBUG - 2016-07-27 07:01:52 --> UTF-8 Support Disabled
DEBUG - 2016-07-27 07:01:52 --> Global POST, GET and COOKIE data sanitized
DEBUG - 2016-07-27 07:01:52 --> cURL Class Initialized
DEBUG - 2016-07-27 07:01:52 --> OAuth2 class already loaded. Second attempt ignored.
DEBUG - 2016-07-27 07:01:52 --> C:\xampp\htdocs\bondora\application\libraries/MY_Table.php exists, but does not declare MY_Table
DEBUG - 2016-07-27 07:01:52 --> Session class already loaded. Second attempt ignored.
DEBUG - 2016-07-27 07:01:52 --> Total execution time: 0.3820
DEBUG - 2016-07-27 07:01:55 --> UTF-8 Support Disabled
DEBUG - 2016-07-27 07:01:55 --> Global POST, GET and COOKIE data sanitized
DEBUG - 2016-07-27 07:01:55 --> cURL Class Initialized
DEBUG - 2016-07-27 07:01:55 --> OAuth2 class already loaded. Second attempt ignored.
DEBUG - 2016-07-27 07:01:55 --> C:\xampp\htdocs\bondora\application\libraries/MY_Table.php exists, but does not declare MY_Table
DEBUG - 2016-07-27 07:01:55 --> Session class already loaded. Second attempt ignored.
DEBUG - 2016-07-27 07:01:55 --> Total execution time: 0.6390
DEBUG - 2016-07-27 07:01:55 --> UTF-8 Support Disabled
DEBUG - 2016-07-27 07:01:55 --> Global POST, GET and COOKIE data sanitized
DEBUG - 2016-07-27 07:01:55 --> cURL Class Initialized
DEBUG - 2016-07-27 07:01:55 --> OAuth2 class already loaded. Second attempt ignored.
DEBUG - 2016-07-27 07:01:55 --> C:\xampp\htdocs\bondora\application\libraries/MY_Table.php exists, but does not declare MY_Table
DEBUG - 2016-07-27 07:01:55 --> Session class already loaded. Second attempt ignored.
DEBUG - 2016-07-27 07:01:56 --> Total execution time: 0.3270
DEBUG - 2016-07-27 07:01:58 --> UTF-8 Support Disabled
DEBUG - 2016-07-27 07:01:58 --> Global POST, GET and COOKIE data sanitized
DEBUG - 2016-07-27 07:01:58 --> cURL Class Initialized
DEBUG - 2016-07-27 07:01:58 --> OAuth2 class already loaded. Second attempt ignored.
DEBUG - 2016-07-27 07:01:58 --> C:\xampp\htdocs\bondora\application\libraries/MY_Table.php exists, but does not declare MY_Table
DEBUG - 2016-07-27 07:01:58 --> Session class already loaded. Second attempt ignored.
DEBUG - 2016-07-27 07:01:59 --> Total execution time: 0.7570
DEBUG - 2016-07-27 07:01:59 --> UTF-8 Support Disabled
DEBUG - 2016-07-27 07:01:59 --> Global POST, GET and COOKIE data sanitized
DEBUG - 2016-07-27 07:01:59 --> cURL Class Initialized
DEBUG - 2016-07-27 07:01:59 --> OAuth2 class already loaded. Second attempt ignored.
DEBUG - 2016-07-27 07:01:59 --> C:\xampp\htdocs\bondora\application\libraries/MY_Table.php exists, but does not declare MY_Table
DEBUG - 2016-07-27 07:01:59 --> Session class already loaded. Second attempt ignored.
DEBUG - 2016-07-27 07:02:00 --> Total execution time: 0.3900
DEBUG - 2016-07-27 07:02:03 --> UTF-8 Support Disabled
DEBUG - 2016-07-27 07:02:03 --> Global POST, GET and COOKIE data sanitized
DEBUG - 2016-07-27 07:02:03 --> cURL Class Initialized
DEBUG - 2016-07-27 07:02:03 --> OAuth2 class already loaded. Second attempt ignored.
DEBUG - 2016-07-27 07:02:03 --> C:\xampp\htdocs\bondora\application\libraries/MY_Table.php exists, but does not declare MY_Table
DEBUG - 2016-07-27 07:02:03 --> Session class already loaded. Second attempt ignored.
DEBUG - 2016-07-27 07:02:04 --> Total execution time: 0.8090
DEBUG - 2016-07-27 07:02:04 --> UTF-8 Support Disabled
DEBUG - 2016-07-27 07:02:04 --> Global POST, GET and COOKIE data sanitized
DEBUG - 2016-07-27 07:02:04 --> cURL Class Initialized
DEBUG - 2016-07-27 07:02:04 --> OAuth2 class already loaded. Second attempt ignored.
DEBUG - 2016-07-27 07:02:04 --> C:\xampp\htdocs\bondora\application\libraries/MY_Table.php exists, but does not declare MY_Table
DEBUG - 2016-07-27 07:02:04 --> Session class already loaded. Second attempt ignored.
DEBUG - 2016-07-27 07:02:04 --> Total execution time: 0.3370
DEBUG - 2016-07-27 07:02:07 --> UTF-8 Support Disabled
DEBUG - 2016-07-27 07:02:07 --> Global POST, GET and COOKIE data sanitized
DEBUG - 2016-07-27 07:02:07 --> cURL Class Initialized
DEBUG - 2016-07-27 07:02:07 --> OAuth2 class already loaded. Second attempt ignored.
DEBUG - 2016-07-27 07:02:07 --> C:\xampp\htdocs\bondora\application\libraries/MY_Table.php exists, but does not declare MY_Table
DEBUG - 2016-07-27 07:02:07 --> Session class already loaded. Second attempt ignored.
DEBUG - 2016-07-27 07:02:07 --> Total execution time: 0.6400
DEBUG - 2016-07-27 07:02:08 --> UTF-8 Support Disabled
DEBUG - 2016-07-27 07:02:08 --> Global POST, GET and COOKIE data sanitized
DEBUG - 2016-07-27 07:02:08 --> cURL Class Initialized
DEBUG - 2016-07-27 07:02:08 --> OAuth2 class already loaded. Second attempt ignored.
DEBUG - 2016-07-27 07:02:08 --> C:\xampp\htdocs\bondora\application\libraries/MY_Table.php exists, but does not declare MY_Table
DEBUG - 2016-07-27 07:02:08 --> Session class already loaded. Second attempt ignored.
DEBUG - 2016-07-27 07:02:08 --> Total execution time: 0.3900
DEBUG - 2016-07-27 07:02:13 --> UTF-8 Support Disabled
DEBUG - 2016-07-27 07:02:13 --> Global POST, GET and COOKIE data sanitized
DEBUG - 2016-07-27 07:02:13 --> cURL Class Initialized
DEBUG - 2016-07-27 07:02:13 --> OAuth2 class already loaded. Second attempt ignored.
DEBUG - 2016-07-27 07:02:13 --> C:\xampp\htdocs\bondora\application\libraries/MY_Table.php exists, but does not declare MY_Table
DEBUG - 2016-07-27 07:02:13 --> Session class already loaded. Second attempt ignored.
DEBUG - 2016-07-27 07:02:14 --> Total execution time: 0.8861
DEBUG - 2016-07-27 07:02:14 --> UTF-8 Support Disabled
DEBUG - 2016-07-27 07:02:14 --> Global POST, GET and COOKIE data sanitized
DEBUG - 2016-07-27 07:02:14 --> cURL Class Initialized
DEBUG - 2016-07-27 07:02:14 --> OAuth2 class already loaded. Second attempt ignored.
DEBUG - 2016-07-27 07:02:14 --> C:\xampp\htdocs\bondora\application\libraries/MY_Table.php exists, but does not declare MY_Table
DEBUG - 2016-07-27 07:02:14 --> Session class already loaded. Second attempt ignored.
DEBUG - 2016-07-27 07:02:14 --> Total execution time: 0.4630
DEBUG - 2016-07-27 07:02:17 --> UTF-8 Support Disabled
DEBUG - 2016-07-27 07:02:17 --> Global POST, GET and COOKIE data sanitized
DEBUG - 2016-07-27 07:02:17 --> cURL Class Initialized
DEBUG - 2016-07-27 07:02:17 --> OAuth2 class already loaded. Second attempt ignored.
DEBUG - 2016-07-27 07:02:17 --> C:\xampp\htdocs\bondora\application\libraries/MY_Table.php exists, but does not declare MY_Table
DEBUG - 2016-07-27 07:02:17 --> Session class already loaded. Second attempt ignored.
DEBUG - 2016-07-27 07:02:18 --> Total execution time: 0.6310
DEBUG - 2016-07-27 07:02:18 --> UTF-8 Support Disabled
DEBUG - 2016-07-27 07:02:18 --> Global POST, GET and COOKIE data sanitized
DEBUG - 2016-07-27 07:02:18 --> cURL Class Initialized
DEBUG - 2016-07-27 07:02:18 --> OAuth2 class already loaded. Second attempt ignored.
DEBUG - 2016-07-27 07:02:18 --> C:\xampp\htdocs\bondora\application\libraries/MY_Table.php exists, but does not declare MY_Table
DEBUG - 2016-07-27 07:02:18 --> Session class already loaded. Second attempt ignored.
DEBUG - 2016-07-27 07:02:18 --> Total execution time: 0.3230
DEBUG - 2016-07-27 07:02:20 --> UTF-8 Support Disabled
DEBUG - 2016-07-27 07:02:21 --> Global POST, GET and COOKIE data sanitized
DEBUG - 2016-07-27 07:02:21 --> cURL Class Initialized
DEBUG - 2016-07-27 07:02:21 --> OAuth2 class already loaded. Second attempt ignored.
DEBUG - 2016-07-27 07:02:21 --> C:\xampp\htdocs\bondora\application\libraries/MY_Table.php exists, but does not declare MY_Table
DEBUG - 2016-07-27 07:02:21 --> Session class already loaded. Second attempt ignored.
DEBUG - 2016-07-27 07:02:21 --> Total execution time: 0.8210
DEBUG - 2016-07-27 07:02:21 --> UTF-8 Support Disabled
DEBUG - 2016-07-27 07:02:21 --> Global POST, GET and COOKIE data sanitized
DEBUG - 2016-07-27 07:02:21 --> cURL Class Initialized
DEBUG - 2016-07-27 07:02:21 --> OAuth2 class already loaded. Second attempt ignored.
DEBUG - 2016-07-27 07:02:21 --> C:\xampp\htdocs\bondora\application\libraries/MY_Table.php exists, but does not declare MY_Table
DEBUG - 2016-07-27 07:02:21 --> Session class already loaded. Second attempt ignored.
DEBUG - 2016-07-27 07:02:22 --> Total execution time: 0.3620
DEBUG - 2016-07-27 07:02:24 --> UTF-8 Support Disabled
DEBUG - 2016-07-27 07:02:24 --> Global POST, GET and COOKIE data sanitized
DEBUG - 2016-07-27 07:02:24 --> cURL Class Initialized
DEBUG - 2016-07-27 07:02:24 --> OAuth2 class already loaded. Second attempt ignored.
DEBUG - 2016-07-27 07:02:24 --> C:\xampp\htdocs\bondora\application\libraries/MY_Table.php exists, but does not declare MY_Table
DEBUG - 2016-07-27 07:02:24 --> Session class already loaded. Second attempt ignored.
DEBUG - 2016-07-27 07:02:25 --> Total execution time: 0.6620
DEBUG - 2016-07-27 07:02:25 --> UTF-8 Support Disabled
DEBUG - 2016-07-27 07:02:25 --> Global POST, GET and COOKIE data sanitized
DEBUG - 2016-07-27 07:02:25 --> cURL Class Initialized
DEBUG - 2016-07-27 07:02:25 --> OAuth2 class already loaded. Second attempt ignored.
DEBUG - 2016-07-27 07:02:25 --> C:\xampp\htdocs\bondora\application\libraries/MY_Table.php exists, but does not declare MY_Table
DEBUG - 2016-07-27 07:02:25 --> Session class already loaded. Second attempt ignored.
DEBUG - 2016-07-27 07:02:25 --> Total execution time: 0.3970
DEBUG - 2016-07-27 07:02:28 --> UTF-8 Support Disabled
DEBUG - 2016-07-27 07:02:28 --> Global POST, GET and COOKIE data sanitized
DEBUG - 2016-07-27 07:02:28 --> cURL Class Initialized
DEBUG - 2016-07-27 07:02:28 --> OAuth2 class already loaded. Second attempt ignored.
DEBUG - 2016-07-27 07:02:28 --> C:\xampp\htdocs\bondora\application\libraries/MY_Table.php exists, but does not declare MY_Table
DEBUG - 2016-07-27 07:02:28 --> Session class already loaded. Second attempt ignored.
DEBUG - 2016-07-27 07:02:28 --> Total execution time: 0.5700
DEBUG - 2016-07-27 07:02:28 --> UTF-8 Support Disabled
DEBUG - 2016-07-27 07:02:28 --> Global POST, GET and COOKIE data sanitized
DEBUG - 2016-07-27 07:02:28 --> cURL Class Initialized
DEBUG - 2016-07-27 07:02:28 --> OAuth2 class already loaded. Second attempt ignored.
DEBUG - 2016-07-27 07:02:28 --> C:\xampp\htdocs\bondora\application\libraries/MY_Table.php exists, but does not declare MY_Table
DEBUG - 2016-07-27 07:02:28 --> Session class already loaded. Second attempt ignored.
DEBUG - 2016-07-27 07:02:29 --> Total execution time: 0.4170
DEBUG - 2016-07-27 07:03:00 --> UTF-8 Support Disabled
DEBUG - 2016-07-27 07:03:00 --> Global POST, GET and COOKIE data sanitized
DEBUG - 2016-07-27 07:03:00 --> cURL Class Initialized
DEBUG - 2016-07-27 07:03:00 --> OAuth2 class already loaded. Second attempt ignored.
DEBUG - 2016-07-27 07:03:00 --> C:\xampp\htdocs\bondora\application\libraries/MY_Table.php exists, but does not declare MY_Table
DEBUG - 2016-07-27 07:03:00 --> Session class already loaded. Second attempt ignored.
DEBUG - 2016-07-27 07:03:00 --> SELECT *
FROM `select` `a`.*, `b`.`listedOnDate`, `b`.`xirr`, `b`.`secondaryId`, `b`.`desiredDiscountRate from bondora`.`investment_payload a LEFT JOIN bondora`.`secondary b ON a`.`loanPartId=b`.`loanPartId WHERE a`.`id=757 and user="mehike" order by` `a`.`signedDate`, `a`.`auctionId`
DEBUG - 2016-07-27 07:03:00 --> SELECT *
FROM `select` `a`.*, `b`.`listedOnDate`, `b`.`xirr`, `b`.`secondaryId`, `b`.`desiredDiscountRate from bondora`.`investment_payload a LEFT JOIN bondora`.`secondary b ON a`.`loanPartId=b`.`loanPartId WHERE a`.`id=756 and user="mehike" order by` `a`.`signedDate`, `a`.`auctionId`
DEBUG - 2016-07-27 07:03:00 --> SELECT *
FROM `select` `a`.*, `b`.`listedOnDate`, `b`.`xirr`, `b`.`secondaryId`, `b`.`desiredDiscountRate from bondora`.`investment_payload a LEFT JOIN bondora`.`secondary b ON a`.`loanPartId=b`.`loanPartId WHERE a`.`id=758 and user="mehike" order by` `a`.`signedDate`, `a`.`auctionId`
DEBUG - 2016-07-27 07:03:00 --> SELECT *
FROM `select` `a`.*, `b`.`listedOnDate`, `b`.`xirr`, `b`.`secondaryId`, `b`.`desiredDiscountRate from bondora`.`investment_payload a LEFT JOIN bondora`.`secondary b ON a`.`loanPartId=b`.`loanPartId WHERE a`.`id=740 and user="mehike" order by` `a`.`signedDate`, `a`.`auctionId`
DEBUG - 2016-07-27 07:03:00 --> SELECT *
FROM `select` `a`.*, `b`.`listedOnDate`, `b`.`xirr`, `b`.`secondaryId`, `b`.`desiredDiscountRate from bondora`.`investment_payload a LEFT JOIN bondora`.`secondary b ON a`.`loanPartId=b`.`loanPartId WHERE a`.`id=745 and user="mehike" order by` `a`.`signedDate`, `a`.`auctionId`
DEBUG - 2016-07-27 07:03:00 --> SELECT *
FROM `select` `a`.*, `b`.`listedOnDate`, `b`.`xirr`, `b`.`secondaryId`, `b`.`desiredDiscountRate from bondora`.`investment_payload a LEFT JOIN bondora`.`secondary b ON a`.`loanPartId=b`.`loanPartId WHERE a`.`id=747 and user="mehike" order by` `a`.`signedDate`, `a`.`auctionId`
DEBUG - 2016-07-27 07:03:00 --> SELECT *
FROM `select` `a`.*, `b`.`listedOnDate`, `b`.`xirr`, `b`.`secondaryId`, `b`.`desiredDiscountRate from bondora`.`investment_payload a LEFT JOIN bondora`.`secondary b ON a`.`loanPartId=b`.`loanPartId WHERE a`.`id=751 and user="mehike" order by` `a`.`signedDate`, `a`.`auctionId`
DEBUG - 2016-07-27 07:03:00 --> SELECT *
FROM `select` `a`.*, `b`.`listedOnDate`, `b`.`xirr`, `b`.`secondaryId`, `b`.`desiredDiscountRate from bondora`.`investment_payload a LEFT JOIN bondora`.`secondary b ON a`.`loanPartId=b`.`loanPartId WHERE a`.`id=753 and user="mehike" order by` `a`.`signedDate`, `a`.`auctionId`
DEBUG - 2016-07-27 07:03:00 --> SELECT *
FROM `select` `a`.*, `b`.`listedOnDate`, `b`.`xirr`, `b`.`secondaryId`, `b`.`desiredDiscountRate from bondora`.`investment_payload a LEFT JOIN bondora`.`secondary b ON a`.`loanPartId=b`.`loanPartId WHERE a`.`id=754 and user="mehike" order by` `a`.`signedDate`, `a`.`auctionId`
DEBUG - 2016-07-27 07:03:00 --> SELECT *
FROM `select` `a`.*, `b`.`listedOnDate`, `b`.`xirr`, `b`.`secondaryId`, `b`.`desiredDiscountRate from bondora`.`investment_payload a LEFT JOIN bondora`.`secondary b ON a`.`loanPartId=b`.`loanPartId WHERE a`.`id=755 and user="mehike" order by` `a`.`signedDate`, `a`.`auctionId`
DEBUG - 2016-07-27 07:03:00 --> SELECT *
FROM `select` `a`.*, `b`.`listedOnDate`, `b`.`xirr`, `b`.`secondaryId`, `b`.`desiredDiscountRate from bondora`.`investment_payload a LEFT JOIN bondora`.`secondary b ON a`.`loanPartId=b`.`loanPartId WHERE a`.`id=761 and user="mehike" order by` `a`.`signedDate`, `a`.`auctionId`
DEBUG - 2016-07-27 07:03:00 --> SELECT *
FROM `select` `a`.*, `b`.`listedOnDate`, `b`.`xirr`, `b`.`secondaryId`, `b`.`desiredDiscountRate from bondora`.`investment_payload a LEFT JOIN bondora`.`secondary b ON a`.`loanPartId=b`.`loanPartId WHERE a`.`id=762 and user="mehike" order by` `a`.`signedDate`, `a`.`auctionId`
DEBUG - 2016-07-27 07:03:00 --> SELECT *
FROM `select` `a`.*, `b`.`listedOnDate`, `b`.`xirr`, `b`.`secondaryId`, `b`.`desiredDiscountRate from bondora`.`investment_payload a LEFT JOIN bondora`.`secondary b ON a`.`loanPartId=b`.`loanPartId WHERE a`.`id=768 and user="mehike" order by` `a`.`signedDate`, `a`.`auctionId`
DEBUG - 2016-07-27 07:03:00 --> SELECT *
FROM `select` `a`.*, `b`.`listedOnDate`, `b`.`xirr`, `b`.`secondaryId`, `b`.`desiredDiscountRate from bondora`.`investment_payload a LEFT JOIN bondora`.`secondary b ON a`.`loanPartId=b`.`loanPartId WHERE a`.`id=769 and user="mehike" order by` `a`.`signedDate`, `a`.`auctionId`
DEBUG - 2016-07-27 07:03:01 --> Total execution time: 0.5630
DEBUG - 2016-07-27 07:03:01 --> UTF-8 Support Disabled
DEBUG - 2016-07-27 07:03:01 --> Global POST, GET and COOKIE data sanitized
ERROR - 2016-07-27 07:03:01 --> 404 Page Not Found: Investments/bootstrap
DEBUG - 2016-07-27 07:03:06 --> UTF-8 Support Disabled
DEBUG - 2016-07-27 07:03:06 --> Global POST, GET and COOKIE data sanitized
DEBUG - 2016-07-27 07:03:06 --> cURL Class Initialized
DEBUG - 2016-07-27 07:03:06 --> OAuth2 class already loaded. Second attempt ignored.
DEBUG - 2016-07-27 07:03:06 --> C:\xampp\htdocs\bondora\application\libraries/MY_Table.php exists, but does not declare MY_Table
DEBUG - 2016-07-27 07:03:06 --> Session class already loaded. Second attempt ignored.
DEBUG - 2016-07-27 07:03:08 --> SELECT *
FROM `select` `a`.*, `b`.`listedOnDate`, `b`.`xirr`, `b`.`secondaryId`, `b`.`desiredDiscountRate from bondora`.`investment_payload a LEFT JOIN bondora`.`secondary b ON a`.`loanPartId=b`.`loanPartId and a`.`user=b`.`user where a`.`user="mehike" order by` `a`.`signedDate`, `a`.`auctionId`
ERROR - 2016-07-27 07:03:08 --> Severity: Notice --> Undefined offset: 33 C:\xampp\htdocs\bondora\application\views\investments\index.php 880
ERROR - 2016-07-27 07:03:08 --> Severity: Notice --> Undefined offset: 33 C:\xampp\htdocs\bondora\application\views\investments\index.php 880
ERROR - 2016-07-27 07:03:08 --> Severity: Notice --> Undefined offset: 33 C:\xampp\htdocs\bondora\application\views\investments\index.php 880
ERROR - 2016-07-27 07:03:08 --> Severity: Notice --> Undefined offset: 33 C:\xampp\htdocs\bondora\application\views\investments\index.php 880
ERROR - 2016-07-27 07:03:08 --> Severity: Notice --> Undefined offset: 31 C:\xampp\htdocs\bondora\application\views\investments\index.php 880
ERROR - 2016-07-27 07:03:08 --> Severity: Notice --> Undefined offset: 33 C:\xampp\htdocs\bondora\application\views\investments\index.php 880
ERROR - 2016-07-27 07:03:08 --> Severity: Notice --> Undefined offset: 33 C:\xampp\htdocs\bondora\application\views\investments\index.php 880
ERROR - 2016-07-27 07:03:08 --> Severity: Notice --> Undefined offset: 32 C:\xampp\htdocs\bondora\application\views\investments\index.php 880
ERROR - 2016-07-27 07:03:08 --> Severity: Notice --> Undefined offset: 32 C:\xampp\htdocs\bondora\application\views\investments\index.php 880
ERROR - 2016-07-27 07:03:08 --> Severity: Notice --> Undefined offset: 32 C:\xampp\htdocs\bondora\application\views\investments\index.php 880
ERROR - 2016-07-27 07:03:08 --> Severity: Notice --> Undefined offset: 33 C:\xampp\htdocs\bondora\application\views\investments\index.php 880
ERROR - 2016-07-27 07:03:08 --> Severity: Notice --> Undefined offset: 33 C:\xampp\htdocs\bondora\application\views\investments\index.php 880
ERROR - 2016-07-27 07:03:08 --> Severity: Notice --> Undefined offset: 33 C:\xampp\htdocs\bondora\application\views\investments\index.php 880
ERROR - 2016-07-27 07:03:08 --> Severity: Notice --> Undefined offset: 33 C:\xampp\htdocs\bondora\application\views\investments\index.php 880
ERROR - 2016-07-27 07:03:08 --> Severity: Notice --> Undefined offset: 41 C:\xampp\htdocs\bondora\application\views\investments\index.php 880
ERROR - 2016-07-27 07:03:08 --> Severity: Notice --> Undefined offset: 31 C:\xampp\htdocs\bondora\application\views\investments\index.php 880
ERROR - 2016-07-27 07:03:08 --> Severity: Notice --> Undefined offset: 32 C:\xampp\htdocs\bondora\application\views\investments\index.php 880
ERROR - 2016-07-27 07:03:08 --> Severity: Notice --> Undefined offset: 33 C:\xampp\htdocs\bondora\application\views\investments\index.php 880
ERROR - 2016-07-27 07:03:08 --> Severity: Notice --> Undefined offset: 32 C:\xampp\htdocs\bondora\application\views\investments\index.php 880
DEBUG - 2016-07-27 07:03:09 --> Total execution time: 2.1471
DEBUG - 2016-07-27 07:03:09 --> UTF-8 Support Disabled
DEBUG - 2016-07-27 07:03:09 --> Global POST, GET and COOKIE data sanitized
ERROR - 2016-07-27 07:03:09 --> 404 Page Not Found: Investments/bootstrap
DEBUG - 2016-07-27 07:03:18 --> UTF-8 Support Disabled
DEBUG - 2016-07-27 07:03:18 --> Global POST, GET and COOKIE data sanitized
DEBUG - 2016-07-27 07:03:18 --> cURL Class Initialized
DEBUG - 2016-07-27 07:03:18 --> OAuth2 class already loaded. Second attempt ignored.
DEBUG - 2016-07-27 07:03:18 --> C:\xampp\htdocs\bondora\application\libraries/MY_Table.php exists, but does not declare MY_Table
DEBUG - 2016-07-27 07:03:18 --> Session class already loaded. Second attempt ignored.
DEBUG - 2016-07-27 07:03:18 --> Total execution time: 0.6180
DEBUG - 2016-07-27 07:03:19 --> UTF-8 Support Disabled
DEBUG - 2016-07-27 07:03:19 --> Global POST, GET and COOKIE data sanitized
DEBUG - 2016-07-27 07:03:19 --> cURL Class Initialized
DEBUG - 2016-07-27 07:03:19 --> OAuth2 class already loaded. Second attempt ignored.
DEBUG - 2016-07-27 07:03:19 --> C:\xampp\htdocs\bondora\application\libraries/MY_Table.php exists, but does not declare MY_Table
DEBUG - 2016-07-27 07:03:19 --> Session class already loaded. Second attempt ignored.
DEBUG - 2016-07-27 07:03:19 --> Total execution time: 0.5620
DEBUG - 2016-07-27 07:03:42 --> UTF-8 Support Disabled
DEBUG - 2016-07-27 07:03:42 --> Global POST, GET and COOKIE data sanitized
DEBUG - 2016-07-27 07:03:42 --> cURL Class Initialized
DEBUG - 2016-07-27 07:03:42 --> OAuth2 class already loaded. Second attempt ignored.
DEBUG - 2016-07-27 07:03:42 --> C:\xampp\htdocs\bondora\application\libraries/MY_Table.php exists, but does not declare MY_Table
DEBUG - 2016-07-27 07:03:42 --> Session class already loaded. Second attempt ignored.
DEBUG - 2016-07-27 07:03:42 --> SELECT *
FROM `select` `a`.*, `b`.`listedOnDate`, `b`.`xirr`, `b`.`secondaryId`, `b`.`desiredDiscountRate from bondora`.`investment_payload a LEFT JOIN bondora`.`secondary b ON a`.`loanPartId=b`.`loanPartId WHERE a`.`id=792 and user="mehike" order by` `a`.`signedDate`, `a`.`auctionId`
DEBUG - 2016-07-27 07:03:42 --> SELECT *
FROM `select` `a`.*, `b`.`listedOnDate`, `b`.`xirr`, `b`.`secondaryId`, `b`.`desiredDiscountRate from bondora`.`investment_payload a LEFT JOIN bondora`.`secondary b ON a`.`loanPartId=b`.`loanPartId WHERE a`.`id=791 and user="mehike" order by` `a`.`signedDate`, `a`.`auctionId`
DEBUG - 2016-07-27 07:03:42 --> SELECT *
FROM `select` `a`.*, `b`.`listedOnDate`, `b`.`xirr`, `b`.`secondaryId`, `b`.`desiredDiscountRate from bondora`.`investment_payload a LEFT JOIN bondora`.`secondary b ON a`.`loanPartId=b`.`loanPartId WHERE a`.`id=793 and user="mehike" order by` `a`.`signedDate`, `a`.`auctionId`
DEBUG - 2016-07-27 07:03:42 --> SELECT *
FROM `select` `a`.*, `b`.`listedOnDate`, `b`.`xirr`, `b`.`secondaryId`, `b`.`desiredDiscountRate from bondora`.`investment_payload a LEFT JOIN bondora`.`secondary b ON a`.`loanPartId=b`.`loanPartId WHERE a`.`id=775 and user="mehike" order by` `a`.`signedDate`, `a`.`auctionId`
DEBUG - 2016-07-27 07:03:42 --> SELECT *
FROM `select` `a`.*, `b`.`listedOnDate`, `b`.`xirr`, `b`.`secondaryId`, `b`.`desiredDiscountRate from bondora`.`investment_payload a LEFT JOIN bondora`.`secondary b ON a`.`loanPartId=b`.`loanPartId WHERE a`.`id=780 and user="mehike" order by` `a`.`signedDate`, `a`.`auctionId`
DEBUG - 2016-07-27 07:03:42 --> SELECT *
FROM `select` `a`.*, `b`.`listedOnDate`, `b`.`xirr`, `b`.`secondaryId`, `b`.`desiredDiscountRate from bondora`.`investment_payload a LEFT JOIN bondora`.`secondary b ON a`.`loanPartId=b`.`loanPartId WHERE a`.`id=782 and user="mehike" order by` `a`.`signedDate`, `a`.`auctionId`
DEBUG - 2016-07-27 07:03:42 --> SELECT *
FROM `select` `a`.*, `b`.`listedOnDate`, `b`.`xirr`, `b`.`secondaryId`, `b`.`desiredDiscountRate from bondora`.`investment_payload a LEFT JOIN bondora`.`secondary b ON a`.`loanPartId=b`.`loanPartId WHERE a`.`id=786 and user="mehike" order by` `a`.`signedDate`, `a`.`auctionId`
DEBUG - 2016-07-27 07:03:42 --> SELECT *
FROM `select` `a`.*, `b`.`listedOnDate`, `b`.`xirr`, `b`.`secondaryId`, `b`.`desiredDiscountRate from bondora`.`investment_payload a LEFT JOIN bondora`.`secondary b ON a`.`loanPartId=b`.`loanPartId WHERE a`.`id=788 and user="mehike" order by` `a`.`signedDate`, `a`.`auctionId`
DEBUG - 2016-07-27 07:03:42 --> SELECT *
FROM `select` `a`.*, `b`.`listedOnDate`, `b`.`xirr`, `b`.`secondaryId`, `b`.`desiredDiscountRate from bondora`.`investment_payload a LEFT JOIN bondora`.`secondary b ON a`.`loanPartId=b`.`loanPartId WHERE a`.`id=789 and user="mehike" order by` `a`.`signedDate`, `a`.`auctionId`
DEBUG - 2016-07-27 07:03:42 --> SELECT *
FROM `select` `a`.*, `b`.`listedOnDate`, `b`.`xirr`, `b`.`secondaryId`, `b`.`desiredDiscountRate from bondora`.`investment_payload a LEFT JOIN bondora`.`secondary b ON a`.`loanPartId=b`.`loanPartId WHERE a`.`id=790 and user="mehike" order by` `a`.`signedDate`, `a`.`auctionId`
DEBUG - 2016-07-27 07:03:42 --> SELECT *
FROM `select` `a`.*, `b`.`listedOnDate`, `b`.`xirr`, `b`.`secondaryId`, `b`.`desiredDiscountRate from bondora`.`investment_payload a LEFT JOIN bondora`.`secondary b ON a`.`loanPartId=b`.`loanPartId WHERE a`.`id=796 and user="mehike" order by` `a`.`signedDate`, `a`.`auctionId`
DEBUG - 2016-07-27 07:03:42 --> SELECT *
FROM `select` `a`.*, `b`.`listedOnDate`, `b`.`xirr`, `b`.`secondaryId`, `b`.`desiredDiscountRate from bondora`.`investment_payload a LEFT JOIN bondora`.`secondary b ON a`.`loanPartId=b`.`loanPartId WHERE a`.`id=797 and user="mehike" order by` `a`.`signedDate`, `a`.`auctionId`
DEBUG - 2016-07-27 07:03:42 --> SELECT *
FROM `select` `a`.*, `b`.`listedOnDate`, `b`.`xirr`, `b`.`secondaryId`, `b`.`desiredDiscountRate from bondora`.`investment_payload a LEFT JOIN bondora`.`secondary b ON a`.`loanPartId=b`.`loanPartId WHERE a`.`id=803 and user="mehike" order by` `a`.`signedDate`, `a`.`auctionId`
DEBUG - 2016-07-27 07:03:42 --> SELECT *
FROM `select` `a`.*, `b`.`listedOnDate`, `b`.`xirr`, `b`.`secondaryId`, `b`.`desiredDiscountRate from bondora`.`investment_payload a LEFT JOIN bondora`.`secondary b ON a`.`loanPartId=b`.`loanPartId WHERE a`.`id=804 and user="mehike" order by` `a`.`signedDate`, `a`.`auctionId`
DEBUG - 2016-07-27 07:03:43 --> Total execution time: 0.8899
DEBUG - 2016-07-27 07:03:43 --> UTF-8 Support Disabled
DEBUG - 2016-07-27 07:03:43 --> Global POST, GET and COOKIE data sanitized
ERROR - 2016-07-27 07:03:43 --> 404 Page Not Found: Investments/bootstrap
DEBUG - 2016-07-27 07:03:45 --> UTF-8 Support Disabled
DEBUG - 2016-07-27 07:03:45 --> Global POST, GET and COOKIE data sanitized
DEBUG - 2016-07-27 07:03:45 --> cURL Class Initialized
DEBUG - 2016-07-27 07:03:45 --> OAuth2 class already loaded. Second attempt ignored.
DEBUG - 2016-07-27 07:03:45 --> C:\xampp\htdocs\bondora\application\libraries/MY_Table.php exists, but does not declare MY_Table
DEBUG - 2016-07-27 07:03:45 --> Session class already loaded. Second attempt ignored.
DEBUG - 2016-07-27 07:03:45 --> SELECT *
FROM `select` `a`.*, `b`.`listedOnDate`, `b`.`xirr`, `b`.`secondaryId`, `b`.`desiredDiscountRate from bondora`.`investment_payload a LEFT JOIN bondora`.`secondary b ON a`.`loanPartId=b`.`loanPartId and a`.`user=b`.`user where a`.`user="mehike" order by` `a`.`signedDate`, `a`.`auctionId`
ERROR - 2016-07-27 07:03:45 --> Severity: Notice --> Undefined offset: 33 C:\xampp\htdocs\bondora\application\views\investments\index.php 880
ERROR - 2016-07-27 07:03:45 --> Severity: Notice --> Undefined offset: 33 C:\xampp\htdocs\bondora\application\views\investments\index.php 880
ERROR - 2016-07-27 07:03:45 --> Severity: Notice --> Undefined offset: 33 C:\xampp\htdocs\bondora\application\views\investments\index.php 880
ERROR - 2016-07-27 07:03:45 --> Severity: Notice --> Undefined offset: 33 C:\xampp\htdocs\bondora\application\views\investments\index.php 880
ERROR - 2016-07-27 07:03:45 --> Severity: Notice --> Undefined offset: 31 C:\xampp\htdocs\bondora\application\views\investments\index.php 880
ERROR - 2016-07-27 07:03:45 --> Severity: Notice --> Undefined offset: 33 C:\xampp\htdocs\bondora\application\views\investments\index.php 880
ERROR - 2016-07-27 07:03:45 --> Severity: Notice --> Undefined offset: 33 C:\xampp\htdocs\bondora\application\views\investments\index.php 880
ERROR - 2016-07-27 07:03:45 --> Severity: Notice --> Undefined offset: 30 C:\xampp\htdocs\bondora\application\views\investments\index.php 880
ERROR - 2016-07-27 07:03:45 --> Severity: Notice --> Undefined offset: 32 C:\xampp\htdocs\bondora\application\views\investments\index.php 880
ERROR - 2016-07-27 07:03:45 --> Severity: Notice --> Undefined offset: 32 C:\xampp\htdocs\bondora\application\views\investments\index.php 880
ERROR - 2016-07-27 07:03:45 --> Severity: Notice --> Undefined offset: 32 C:\xampp\htdocs\bondora\application\views\investments\index.php 880
ERROR - 2016-07-27 07:03:45 --> Severity: Notice --> Undefined offset: 33 C:\xampp\htdocs\bondora\application\views\investments\index.php 880
ERROR - 2016-07-27 07:03:45 --> Severity: Notice --> Undefined offset: 33 C:\xampp\htdocs\bondora\application\views\investments\index.php 880
ERROR - 2016-07-27 07:03:45 --> Severity: Notice --> Undefined offset: 33 C:\xampp\htdocs\bondora\application\views\investments\index.php 880
ERROR - 2016-07-27 07:03:45 --> Severity: Notice --> Undefined offset: 33 C:\xampp\htdocs\bondora\application\views\investments\index.php 880
ERROR - 2016-07-27 07:03:45 --> Severity: Notice --> Undefined offset: 41 C:\xampp\htdocs\bondora\application\views\investments\index.php 880
ERROR - 2016-07-27 07:03:45 --> Severity: Notice --> Undefined offset: 30 C:\xampp\htdocs\bondora\application\views\investments\index.php 880
ERROR - 2016-07-27 07:03:45 --> Severity: Notice --> Undefined offset: 31 C:\xampp\htdocs\bondora\application\views\investments\index.php 880
ERROR - 2016-07-27 07:03:45 --> Severity: Notice --> Undefined offset: 32 C:\xampp\htdocs\bondora\application\views\investments\index.php 880
ERROR - 2016-07-27 07:03:45 --> Severity: Notice --> Undefined offset: 33 C:\xampp\htdocs\bondora\application\views\investments\index.php 880
ERROR - 2016-07-27 07:03:45 --> Severity: Notice --> Undefined offset: 32 C:\xampp\htdocs\bondora\application\views\investments\index.php 880
DEBUG - 2016-07-27 07:03:45 --> Total execution time: 0.2462
DEBUG - 2016-07-27 07:03:45 --> UTF-8 Support Disabled
DEBUG - 2016-07-27 07:03:45 --> Global POST, GET and COOKIE data sanitized
ERROR - 2016-07-27 07:03:45 --> 404 Page Not Found: Investments/bootstrap
DEBUG - 2016-07-27 07:03:48 --> UTF-8 Support Disabled
DEBUG - 2016-07-27 07:03:48 --> Global POST, GET and COOKIE data sanitized
DEBUG - 2016-07-27 07:03:48 --> cURL Class Initialized
DEBUG - 2016-07-27 07:03:48 --> OAuth2 class already loaded. Second attempt ignored.
DEBUG - 2016-07-27 07:03:48 --> C:\xampp\htdocs\bondora\application\libraries/MY_Table.php exists, but does not declare MY_Table
DEBUG - 2016-07-27 07:03:48 --> Session class already loaded. Second attempt ignored.
DEBUG - 2016-07-27 07:03:50 --> SELECT *
FROM `select` `a`.*, `b`.`listedOnDate`, `b`.`xirr`, `b`.`secondaryId`, `b`.`desiredDiscountRate from bondora`.`investment_payload a LEFT JOIN bondora`.`secondary b ON a`.`loanPartId=b`.`loanPartId and a`.`user=b`.`user where a`.`user="mehike" order by` `a`.`signedDate`, `a`.`auctionId`
ERROR - 2016-07-27 07:03:50 --> Severity: Notice --> Undefined offset: 33 C:\xampp\htdocs\bondora\application\views\investments\index.php 880
ERROR - 2016-07-27 07:03:50 --> Severity: Notice --> Undefined offset: 33 C:\xampp\htdocs\bondora\application\views\investments\index.php 880
ERROR - 2016-07-27 07:03:50 --> Severity: Notice --> Undefined offset: 33 C:\xampp\htdocs\bondora\application\views\investments\index.php 880
ERROR - 2016-07-27 07:03:50 --> Severity: Notice --> Undefined offset: 33 C:\xampp\htdocs\bondora\application\views\investments\index.php 880
ERROR - 2016-07-27 07:03:50 --> Severity: Notice --> Undefined offset: 31 C:\xampp\htdocs\bondora\application\views\investments\index.php 880
ERROR - 2016-07-27 07:03:50 --> Severity: Notice --> Undefined offset: 33 C:\xampp\htdocs\bondora\application\views\investments\index.php 880
ERROR - 2016-07-27 07:03:50 --> Severity: Notice --> Undefined offset: 33 C:\xampp\htdocs\bondora\application\views\investments\index.php 880
ERROR - 2016-07-27 07:03:50 --> Severity: Notice --> Undefined offset: 32 C:\xampp\htdocs\bondora\application\views\investments\index.php 880
ERROR - 2016-07-27 07:03:50 --> Severity: Notice --> Undefined offset: 32 C:\xampp\htdocs\bondora\application\views\investments\index.php 880
ERROR - 2016-07-27 07:03:50 --> Severity: Notice --> Undefined offset: 32 C:\xampp\htdocs\bondora\application\views\investments\index.php 880
ERROR - 2016-07-27 07:03:50 --> Severity: Notice --> Undefined offset: 33 C:\xampp\htdocs\bondora\application\views\investments\index.php 880
ERROR - 2016-07-27 07:03:50 --> Severity: Notice --> Undefined offset: 33 C:\xampp\htdocs\bondora\application\views\investments\index.php 880
ERROR - 2016-07-27 07:03:50 --> Severity: Notice --> Undefined offset: 33 C:\xampp\htdocs\bondora\application\views\investments\index.php 880
ERROR - 2016-07-27 07:03:50 --> Severity: Notice --> Undefined offset: 33 C:\xampp\htdocs\bondora\application\views\investments\index.php 880
ERROR - 2016-07-27 07:03:50 --> Severity: Notice --> Undefined offset: 41 C:\xampp\htdocs\bondora\application\views\investments\index.php 880
ERROR - 2016-07-27 07:03:50 --> Severity: Notice --> Undefined offset: 31 C:\xampp\htdocs\bondora\application\views\investments\index.php 880
ERROR - 2016-07-27 07:03:50 --> Severity: Notice --> Undefined offset: 32 C:\xampp\htdocs\bondora\application\views\investments\index.php 880
ERROR - 2016-07-27 07:03:50 --> Severity: Notice --> Undefined offset: 33 C:\xampp\htdocs\bondora\application\views\investments\index.php 880
ERROR - 2016-07-27 07:03:50 --> Severity: Notice --> Undefined offset: 32 C:\xampp\htdocs\bondora\application\views\investments\index.php 880
DEBUG - 2016-07-27 07:03:50 --> Total execution time: 1.5626
DEBUG - 2016-07-27 07:03:50 --> UTF-8 Support Disabled
DEBUG - 2016-07-27 07:03:50 --> Global POST, GET and COOKIE data sanitized
ERROR - 2016-07-27 07:03:50 --> 404 Page Not Found: Investments/bootstrap
DEBUG - 2016-07-27 07:03:54 --> UTF-8 Support Disabled
DEBUG - 2016-07-27 07:03:54 --> Global POST, GET and COOKIE data sanitized
DEBUG - 2016-07-27 07:03:54 --> cURL Class Initialized
DEBUG - 2016-07-27 07:03:54 --> OAuth2 class already loaded. Second attempt ignored.
DEBUG - 2016-07-27 07:03:54 --> C:\xampp\htdocs\bondora\application\libraries/MY_Table.php exists, but does not declare MY_Table
DEBUG - 2016-07-27 07:03:54 --> Session class already loaded. Second attempt ignored.
DEBUG - 2016-07-27 07:03:55 --> Total execution time: 0.9269
DEBUG - 2016-07-27 07:03:59 --> UTF-8 Support Disabled
DEBUG - 2016-07-27 07:03:59 --> Global POST, GET and COOKIE data sanitized
DEBUG - 2016-07-27 07:03:59 --> cURL Class Initialized
DEBUG - 2016-07-27 07:03:59 --> OAuth2 class already loaded. Second attempt ignored.
DEBUG - 2016-07-27 07:03:59 --> C:\xampp\htdocs\bondora\application\libraries/MY_Table.php exists, but does not declare MY_Table
DEBUG - 2016-07-27 07:03:59 --> Session class already loaded. Second attempt ignored.
DEBUG - 2016-07-27 07:04:00 --> Total execution time: 0.6697
DEBUG - 2016-07-27 07:04:14 --> UTF-8 Support Disabled
DEBUG - 2016-07-27 07:04:14 --> Global POST, GET and COOKIE data sanitized
DEBUG - 2016-07-27 07:04:15 --> cURL Class Initialized
DEBUG - 2016-07-27 07:04:15 --> OAuth2 class already loaded. Second attempt ignored.
DEBUG - 2016-07-27 07:04:15 --> C:\xampp\htdocs\bondora\application\libraries/MY_Table.php exists, but does not declare MY_Table
DEBUG - 2016-07-27 07:04:15 --> Session class already loaded. Second attempt ignored.
ERROR - 2016-07-27 07:04:36 --> Severity: Warning --> file_get_contents(https://api.bondora.com/api/v1/secondarymarket/0454a7c9-c3ce-4368-84d2-a64f007e3782/cancel): failed to open stream: A connection attempt failed because the connected party did not properly respond after a period of time, or established connection failed because connected host has failed to respond.
 C:\xampp\htdocs\bondora\sparks\oauth2\0.4.0\libraries\Provider\Bondoora.php 555
ERROR - 2016-07-27 07:04:36 --> Severity: Notice --> Trying to get property of non-object C:\xampp\htdocs\bondora\sparks\oauth2\0.4.0\libraries\Provider\Bondoora.php 565
ERROR - 2016-07-27 07:04:36 --> Severity: Notice --> Trying to get property of non-object C:\xampp\htdocs\bondora\sparks\oauth2\0.4.0\libraries\Provider\Bondoora.php 566
ERROR - 2016-07-27 07:04:36 --> Severity: Warning --> Invalid argument supplied for foreach() C:\xampp\htdocs\bondora\application\controllers\Investments.php 98
DEBUG - 2016-07-27 07:04:36 --> Total execution time: 21.2652
DEBUG - 2016-07-27 07:04:36 --> UTF-8 Support Disabled
DEBUG - 2016-07-27 07:04:36 --> Global POST, GET and COOKIE data sanitized
DEBUG - 2016-07-27 07:04:36 --> cURL Class Initialized
DEBUG - 2016-07-27 07:04:36 --> OAuth2 class already loaded. Second attempt ignored.
DEBUG - 2016-07-27 07:04:36 --> C:\xampp\htdocs\bondora\application\libraries/MY_Table.php exists, but does not declare MY_Table
DEBUG - 2016-07-27 07:04:36 --> Session class already loaded. Second attempt ignored.
DEBUG - 2016-07-27 07:04:37 --> Total execution time: 0.8298
DEBUG - 2016-07-27 07:04:37 --> UTF-8 Support Disabled
DEBUG - 2016-07-27 07:04:37 --> Global POST, GET and COOKIE data sanitized
DEBUG - 2016-07-27 07:04:37 --> cURL Class Initialized
DEBUG - 2016-07-27 07:04:37 --> OAuth2 class already loaded. Second attempt ignored.
DEBUG - 2016-07-27 07:04:37 --> C:\xampp\htdocs\bondora\application\libraries/MY_Table.php exists, but does not declare MY_Table
DEBUG - 2016-07-27 07:04:37 --> Session class already loaded. Second attempt ignored.
DEBUG - 2016-07-27 07:04:37 --> Total execution time: 0.4424
DEBUG - 2016-07-27 07:04:44 --> UTF-8 Support Disabled
DEBUG - 2016-07-27 07:04:44 --> Global POST, GET and COOKIE data sanitized
DEBUG - 2016-07-27 07:04:44 --> cURL Class Initialized
DEBUG - 2016-07-27 07:04:44 --> OAuth2 class already loaded. Second attempt ignored.
DEBUG - 2016-07-27 07:04:44 --> C:\xampp\htdocs\bondora\application\libraries/MY_Table.php exists, but does not declare MY_Table
DEBUG - 2016-07-27 07:04:44 --> Session class already loaded. Second attempt ignored.
DEBUG - 2016-07-27 07:04:44 --> Total execution time: 0.4605
DEBUG - 2016-07-27 07:04:44 --> UTF-8 Support Disabled
DEBUG - 2016-07-27 07:04:44 --> Global POST, GET and COOKIE data sanitized
DEBUG - 2016-07-27 07:04:44 --> cURL Class Initialized
DEBUG - 2016-07-27 07:04:44 --> OAuth2 class already loaded. Second attempt ignored.
DEBUG - 2016-07-27 07:04:44 --> C:\xampp\htdocs\bondora\application\libraries/MY_Table.php exists, but does not declare MY_Table
DEBUG - 2016-07-27 07:04:44 --> Session class already loaded. Second attempt ignored.
DEBUG - 2016-07-27 07:04:45 --> Total execution time: 0.4134
DEBUG - 2016-07-27 07:04:48 --> UTF-8 Support Disabled
DEBUG - 2016-07-27 07:04:48 --> Global POST, GET and COOKIE data sanitized
DEBUG - 2016-07-27 07:04:48 --> cURL Class Initialized
DEBUG - 2016-07-27 07:04:48 --> OAuth2 class already loaded. Second attempt ignored.
DEBUG - 2016-07-27 07:04:48 --> C:\xampp\htdocs\bondora\application\libraries/MY_Table.php exists, but does not declare MY_Table
DEBUG - 2016-07-27 07:04:48 --> Session class already loaded. Second attempt ignored.
DEBUG - 2016-07-27 07:04:48 --> Total execution time: 0.6076
DEBUG - 2016-07-27 07:04:48 --> UTF-8 Support Disabled
DEBUG - 2016-07-27 07:04:48 --> Global POST, GET and COOKIE data sanitized
DEBUG - 2016-07-27 07:04:49 --> cURL Class Initialized
DEBUG - 2016-07-27 07:04:49 --> OAuth2 class already loaded. Second attempt ignored.
DEBUG - 2016-07-27 07:04:49 --> C:\xampp\htdocs\bondora\application\libraries/MY_Table.php exists, but does not declare MY_Table
DEBUG - 2016-07-27 07:04:49 --> Session class already loaded. Second attempt ignored.
DEBUG - 2016-07-27 07:04:49 --> Total execution time: 0.3644
DEBUG - 2016-07-27 07:04:53 --> UTF-8 Support Disabled
DEBUG - 2016-07-27 07:04:53 --> Global POST, GET and COOKIE data sanitized
DEBUG - 2016-07-27 07:04:53 --> cURL Class Initialized
DEBUG - 2016-07-27 07:04:53 --> OAuth2 class already loaded. Second attempt ignored.
DEBUG - 2016-07-27 07:04:53 --> C:\xampp\htdocs\bondora\application\libraries/MY_Table.php exists, but does not declare MY_Table
DEBUG - 2016-07-27 07:04:53 --> Session class already loaded. Second attempt ignored.
DEBUG - 2016-07-27 07:04:54 --> Total execution time: 0.9810
DEBUG - 2016-07-27 07:04:54 --> UTF-8 Support Disabled
DEBUG - 2016-07-27 07:04:54 --> Global POST, GET and COOKIE data sanitized
DEBUG - 2016-07-27 07:04:54 --> cURL Class Initialized
DEBUG - 2016-07-27 07:04:54 --> OAuth2 class already loaded. Second attempt ignored.
DEBUG - 2016-07-27 07:04:54 --> C:\xampp\htdocs\bondora\application\libraries/MY_Table.php exists, but does not declare MY_Table
DEBUG - 2016-07-27 07:04:54 --> Session class already loaded. Second attempt ignored.
DEBUG - 2016-07-27 07:04:55 --> Total execution time: 0.4224
DEBUG - 2016-07-27 07:04:59 --> UTF-8 Support Disabled
DEBUG - 2016-07-27 07:04:59 --> Global POST, GET and COOKIE data sanitized
DEBUG - 2016-07-27 07:04:59 --> cURL Class Initialized
DEBUG - 2016-07-27 07:04:59 --> OAuth2 class already loaded. Second attempt ignored.
DEBUG - 2016-07-27 07:04:59 --> C:\xampp\htdocs\bondora\application\libraries/MY_Table.php exists, but does not declare MY_Table
DEBUG - 2016-07-27 07:04:59 --> Session class already loaded. Second attempt ignored.
DEBUG - 2016-07-27 07:04:59 --> Total execution time: 0.6396
DEBUG - 2016-07-27 07:04:59 --> UTF-8 Support Disabled
DEBUG - 2016-07-27 07:04:59 --> Global POST, GET and COOKIE data sanitized
DEBUG - 2016-07-27 07:04:59 --> cURL Class Initialized
DEBUG - 2016-07-27 07:04:59 --> OAuth2 class already loaded. Second attempt ignored.
DEBUG - 2016-07-27 07:04:59 --> C:\xampp\htdocs\bondora\application\libraries/MY_Table.php exists, but does not declare MY_Table
DEBUG - 2016-07-27 07:04:59 --> Session class already loaded. Second attempt ignored.
DEBUG - 2016-07-27 07:05:00 --> Total execution time: 0.3423
DEBUG - 2016-07-27 07:05:15 --> UTF-8 Support Disabled
DEBUG - 2016-07-27 07:05:15 --> Global POST, GET and COOKIE data sanitized
DEBUG - 2016-07-27 07:05:15 --> cURL Class Initialized
DEBUG - 2016-07-27 07:05:15 --> OAuth2 class already loaded. Second attempt ignored.
DEBUG - 2016-07-27 07:05:15 --> C:\xampp\htdocs\bondora\application\libraries/MY_Table.php exists, but does not declare MY_Table
DEBUG - 2016-07-27 07:05:15 --> Session class already loaded. Second attempt ignored.
DEBUG - 2016-07-27 07:05:15 --> SELECT *
FROM `select` `a`.*, `b`.`listedOnDate`, `b`.`xirr`, `b`.`secondaryId`, `b`.`desiredDiscountRate from bondora`.`investment_payload a LEFT JOIN bondora`.`secondary b ON a`.`loanPartId=b`.`loanPartId WHERE a`.`id=814 and user="mehike" order by` `a`.`signedDate`, `a`.`auctionId`
DEBUG - 2016-07-27 07:05:15 --> SELECT *
FROM `select` `a`.*, `b`.`listedOnDate`, `b`.`xirr`, `b`.`secondaryId`, `b`.`desiredDiscountRate from bondora`.`investment_payload a LEFT JOIN bondora`.`secondary b ON a`.`loanPartId=b`.`loanPartId WHERE a`.`id=819 and user="mehike" order by` `a`.`signedDate`, `a`.`auctionId`
DEBUG - 2016-07-27 07:05:15 --> SELECT *
FROM `select` `a`.*, `b`.`listedOnDate`, `b`.`xirr`, `b`.`secondaryId`, `b`.`desiredDiscountRate from bondora`.`investment_payload a LEFT JOIN bondora`.`secondary b ON a`.`loanPartId=b`.`loanPartId WHERE a`.`id=820 and user="mehike" order by` `a`.`signedDate`, `a`.`auctionId`
DEBUG - 2016-07-27 07:05:15 --> SELECT *
FROM `select` `a`.*, `b`.`listedOnDate`, `b`.`xirr`, `b`.`secondaryId`, `b`.`desiredDiscountRate from bondora`.`investment_payload a LEFT JOIN bondora`.`secondary b ON a`.`loanPartId=b`.`loanPartId WHERE a`.`id=835 and user="mehike" order by` `a`.`signedDate`, `a`.`auctionId`
DEBUG - 2016-07-27 07:05:15 --> SELECT *
FROM `select` `a`.*, `b`.`listedOnDate`, `b`.`xirr`, `b`.`secondaryId`, `b`.`desiredDiscountRate from bondora`.`investment_payload a LEFT JOIN bondora`.`secondary b ON a`.`loanPartId=b`.`loanPartId WHERE a`.`id=840 and user="mehike" order by` `a`.`signedDate`, `a`.`auctionId`
DEBUG - 2016-07-27 07:05:15 --> Total execution time: 0.9349
DEBUG - 2016-07-27 07:05:16 --> UTF-8 Support Disabled
DEBUG - 2016-07-27 07:05:16 --> Global POST, GET and COOKIE data sanitized
ERROR - 2016-07-27 07:05:16 --> 404 Page Not Found: Investments/bootstrap
DEBUG - 2016-07-27 07:05:18 --> UTF-8 Support Disabled
DEBUG - 2016-07-27 07:05:18 --> Global POST, GET and COOKIE data sanitized
DEBUG - 2016-07-27 07:05:18 --> cURL Class Initialized
DEBUG - 2016-07-27 07:05:18 --> OAuth2 class already loaded. Second attempt ignored.
DEBUG - 2016-07-27 07:05:18 --> C:\xampp\htdocs\bondora\application\libraries/MY_Table.php exists, but does not declare MY_Table
DEBUG - 2016-07-27 07:05:18 --> Session class already loaded. Second attempt ignored.
DEBUG - 2016-07-27 07:05:18 --> SELECT *
FROM `select` `a`.*, `b`.`listedOnDate`, `b`.`xirr`, `b`.`secondaryId`, `b`.`desiredDiscountRate from bondora`.`investment_payload a LEFT JOIN bondora`.`secondary b ON a`.`loanPartId=b`.`loanPartId and a`.`user=b`.`user where a`.`user="mehike" order by` `a`.`signedDate`, `a`.`auctionId`
ERROR - 2016-07-27 07:05:18 --> Severity: Notice --> Undefined offset: 33 C:\xampp\htdocs\bondora\application\views\investments\index.php 880
ERROR - 2016-07-27 07:05:18 --> Severity: Notice --> Undefined offset: 33 C:\xampp\htdocs\bondora\application\views\investments\index.php 880
ERROR - 2016-07-27 07:05:18 --> Severity: Notice --> Undefined offset: 33 C:\xampp\htdocs\bondora\application\views\investments\index.php 880
ERROR - 2016-07-27 07:05:18 --> Severity: Notice --> Undefined offset: 33 C:\xampp\htdocs\bondora\application\views\investments\index.php 880
ERROR - 2016-07-27 07:05:18 --> Severity: Notice --> Undefined offset: 31 C:\xampp\htdocs\bondora\application\views\investments\index.php 880
ERROR - 2016-07-27 07:05:18 --> Severity: Notice --> Undefined offset: 33 C:\xampp\htdocs\bondora\application\views\investments\index.php 880
ERROR - 2016-07-27 07:05:18 --> Severity: Notice --> Undefined offset: 33 C:\xampp\htdocs\bondora\application\views\investments\index.php 880
ERROR - 2016-07-27 07:05:18 --> Severity: Notice --> Undefined offset: 30 C:\xampp\htdocs\bondora\application\views\investments\index.php 880
ERROR - 2016-07-27 07:05:18 --> Severity: Notice --> Undefined offset: 32 C:\xampp\htdocs\bondora\application\views\investments\index.php 880
ERROR - 2016-07-27 07:05:18 --> Severity: Notice --> Undefined offset: 32 C:\xampp\htdocs\bondora\application\views\investments\index.php 880
ERROR - 2016-07-27 07:05:18 --> Severity: Notice --> Undefined offset: 32 C:\xampp\htdocs\bondora\application\views\investments\index.php 880
ERROR - 2016-07-27 07:05:18 --> Severity: Notice --> Undefined offset: 33 C:\xampp\htdocs\bondora\application\views\investments\index.php 880
ERROR - 2016-07-27 07:05:18 --> Severity: Notice --> Undefined offset: 33 C:\xampp\htdocs\bondora\application\views\investments\index.php 880
ERROR - 2016-07-27 07:05:18 --> Severity: Notice --> Undefined offset: 33 C:\xampp\htdocs\bondora\application\views\investments\index.php 880
ERROR - 2016-07-27 07:05:18 --> Severity: Notice --> Undefined offset: 33 C:\xampp\htdocs\bondora\application\views\investments\index.php 880
ERROR - 2016-07-27 07:05:18 --> Severity: Notice --> Undefined offset: 41 C:\xampp\htdocs\bondora\application\views\investments\index.php 880
ERROR - 2016-07-27 07:05:18 --> Severity: Notice --> Undefined offset: 30 C:\xampp\htdocs\bondora\application\views\investments\index.php 880
ERROR - 2016-07-27 07:05:18 --> Severity: Notice --> Undefined offset: 31 C:\xampp\htdocs\bondora\application\views\investments\index.php 880
ERROR - 2016-07-27 07:05:18 --> Severity: Notice --> Undefined offset: 32 C:\xampp\htdocs\bondora\application\views\investments\index.php 880
ERROR - 2016-07-27 07:05:18 --> Severity: Notice --> Undefined offset: 33 C:\xampp\htdocs\bondora\application\views\investments\index.php 880
ERROR - 2016-07-27 07:05:18 --> Severity: Notice --> Undefined offset: 32 C:\xampp\htdocs\bondora\application\views\investments\index.php 880
DEBUG - 2016-07-27 07:05:18 --> Total execution time: 0.1041
DEBUG - 2016-07-27 07:05:18 --> UTF-8 Support Disabled
DEBUG - 2016-07-27 07:05:18 --> Global POST, GET and COOKIE data sanitized
ERROR - 2016-07-27 07:05:18 --> 404 Page Not Found: Investments/bootstrap
DEBUG - 2016-07-27 07:05:20 --> UTF-8 Support Disabled
DEBUG - 2016-07-27 07:05:20 --> Global POST, GET and COOKIE data sanitized
DEBUG - 2016-07-27 07:05:20 --> cURL Class Initialized
DEBUG - 2016-07-27 07:05:20 --> OAuth2 class already loaded. Second attempt ignored.
DEBUG - 2016-07-27 07:05:20 --> C:\xampp\htdocs\bondora\application\libraries/MY_Table.php exists, but does not declare MY_Table
DEBUG - 2016-07-27 07:05:20 --> Session class already loaded. Second attempt ignored.
DEBUG - 2016-07-27 07:05:21 --> SELECT *
FROM `select` `a`.*, `b`.`listedOnDate`, `b`.`xirr`, `b`.`secondaryId`, `b`.`desiredDiscountRate from bondora`.`investment_payload a LEFT JOIN bondora`.`secondary b ON a`.`loanPartId=b`.`loanPartId and a`.`user=b`.`user where a`.`user="mehike" order by` `a`.`signedDate`, `a`.`auctionId`
ERROR - 2016-07-27 07:05:21 --> Severity: Notice --> Undefined offset: 33 C:\xampp\htdocs\bondora\application\views\investments\index.php 880
ERROR - 2016-07-27 07:05:21 --> Severity: Notice --> Undefined offset: 33 C:\xampp\htdocs\bondora\application\views\investments\index.php 880
ERROR - 2016-07-27 07:05:21 --> Severity: Notice --> Undefined offset: 33 C:\xampp\htdocs\bondora\application\views\investments\index.php 880
ERROR - 2016-07-27 07:05:21 --> Severity: Notice --> Undefined offset: 33 C:\xampp\htdocs\bondora\application\views\investments\index.php 880
ERROR - 2016-07-27 07:05:21 --> Severity: Notice --> Undefined offset: 31 C:\xampp\htdocs\bondora\application\views\investments\index.php 880
ERROR - 2016-07-27 07:05:21 --> Severity: Notice --> Undefined offset: 33 C:\xampp\htdocs\bondora\application\views\investments\index.php 880
ERROR - 2016-07-27 07:05:21 --> Severity: Notice --> Undefined offset: 33 C:\xampp\htdocs\bondora\application\views\investments\index.php 880
ERROR - 2016-07-27 07:05:21 --> Severity: Notice --> Undefined offset: 32 C:\xampp\htdocs\bondora\application\views\investments\index.php 880
ERROR - 2016-07-27 07:05:21 --> Severity: Notice --> Undefined offset: 32 C:\xampp\htdocs\bondora\application\views\investments\index.php 880
ERROR - 2016-07-27 07:05:21 --> Severity: Notice --> Undefined offset: 32 C:\xampp\htdocs\bondora\application\views\investments\index.php 880
ERROR - 2016-07-27 07:05:21 --> Severity: Notice --> Undefined offset: 33 C:\xampp\htdocs\bondora\application\views\investments\index.php 880
ERROR - 2016-07-27 07:05:21 --> Severity: Notice --> Undefined offset: 33 C:\xampp\htdocs\bondora\application\views\investments\index.php 880
ERROR - 2016-07-27 07:05:21 --> Severity: Notice --> Undefined offset: 33 C:\xampp\htdocs\bondora\application\views\investments\index.php 880
ERROR - 2016-07-27 07:05:21 --> Severity: Notice --> Undefined offset: 33 C:\xampp\htdocs\bondora\application\views\investments\index.php 880
ERROR - 2016-07-27 07:05:21 --> Severity: Notice --> Undefined offset: 41 C:\xampp\htdocs\bondora\application\views\investments\index.php 880
ERROR - 2016-07-27 07:05:21 --> Severity: Notice --> Undefined offset: 31 C:\xampp\htdocs\bondora\application\views\investments\index.php 880
ERROR - 2016-07-27 07:05:21 --> Severity: Notice --> Undefined offset: 32 C:\xampp\htdocs\bondora\application\views\investments\index.php 880
ERROR - 2016-07-27 07:05:21 --> Severity: Notice --> Undefined offset: 33 C:\xampp\htdocs\bondora\application\views\investments\index.php 880
ERROR - 2016-07-27 07:05:21 --> Severity: Notice --> Undefined offset: 32 C:\xampp\htdocs\bondora\application\views\investments\index.php 880
DEBUG - 2016-07-27 07:05:21 --> Total execution time: 1.1511
DEBUG - 2016-07-27 07:05:21 --> UTF-8 Support Disabled
DEBUG - 2016-07-27 07:05:21 --> Global POST, GET and COOKIE data sanitized
ERROR - 2016-07-27 07:05:21 --> 404 Page Not Found: Investments/bootstrap
