INFO - 2015-12-08 11:25:42 --> Config Class Initialized
INFO - 2015-12-08 11:25:42 --> Hooks Class Initialized
DEBUG - 2015-12-08 11:25:42 --> UTF-8 Support Disabled
INFO - 2015-12-08 11:25:42 --> Utf8 Class Initialized
INFO - 2015-12-08 11:25:42 --> URI Class Initialized
INFO - 2015-12-08 11:25:42 --> Router Class Initialized
INFO - 2015-12-08 11:25:42 --> Output Class Initialized
INFO - 2015-12-08 11:25:42 --> Security Class Initialized
DEBUG - 2015-12-08 11:25:42 --> Global POST, GET and COOKIE data sanitized
INFO - 2015-12-08 11:25:42 --> Input Class Initialized
INFO - 2015-12-08 11:25:42 --> Language Class Initialized
INFO - 2015-12-08 11:25:42 --> Loader Class Initialized
INFO - 2015-12-08 11:25:42 --> Helper loaded: url_helper
INFO - 2015-12-08 11:25:42 --> Session: Class initialized using 'files' driver.
DEBUG - 2015-12-08 11:25:42 --> cURL Class Initialized
DEBUG - 2015-12-08 11:25:42 --> OAuth2 class already loaded. Second attempt ignored.
INFO - 2015-12-08 11:25:42 --> Controller Class Initialized
INFO - 2015-12-08 11:25:42 --> Model Class Initialized
INFO - 2015-12-08 11:25:42 --> Database Driver Class Initialized
DEBUG - 2015-12-08 11:25:42 --> C:\xampp\htdocs\bondora\application\libraries/MY_Table.php exists, but does not declare MY_Table
INFO - 2015-12-08 11:25:42 --> Table Class Initialized
DEBUG - 2015-12-08 11:25:42 --> Session class already loaded. Second attempt ignored.
INFO - 2015-12-08 11:25:42 --> Helper loaded: form_helper
INFO - 2015-12-08 11:25:43 --> Form Validation Class Initialized
ERROR - 2015-12-08 11:25:45 --> Severity: Warning --> file_get_contents(): php_network_getaddresses: getaddrinfo failed: No such host is known.  C:\xampp\htdocs\bondora\sparks\oauth2\0.4.0\libraries\Provider\Bondoora.php 50
ERROR - 2015-12-08 11:25:45 --> Severity: Warning --> file_get_contents(https://api.bondora.com/api/v1/account/balance): failed to open stream: php_network_getaddresses: getaddrinfo failed: No such host is known.  C:\xampp\htdocs\bondora\sparks\oauth2\0.4.0\libraries\Provider\Bondoora.php 50
ERROR - 2015-12-08 11:25:45 --> Severity: Notice --> Trying to get property of non-object C:\xampp\htdocs\bondora\sparks\oauth2\0.4.0\libraries\Provider\Bondoora.php 53
INFO - 2015-12-08 11:25:45 --> Config Class Initialized
INFO - 2015-12-08 11:25:45 --> Hooks Class Initialized
DEBUG - 2015-12-08 11:25:45 --> UTF-8 Support Disabled
INFO - 2015-12-08 11:25:45 --> Utf8 Class Initialized
INFO - 2015-12-08 11:25:45 --> URI Class Initialized
INFO - 2015-12-08 11:25:45 --> Router Class Initialized
INFO - 2015-12-08 11:25:45 --> Output Class Initialized
INFO - 2015-12-08 11:25:45 --> Security Class Initialized
DEBUG - 2015-12-08 11:25:45 --> Global POST, GET and COOKIE data sanitized
INFO - 2015-12-08 11:25:45 --> Input Class Initialized
INFO - 2015-12-08 11:25:45 --> Language Class Initialized
INFO - 2015-12-08 11:25:45 --> Loader Class Initialized
INFO - 2015-12-08 11:25:45 --> Helper loaded: url_helper
INFO - 2015-12-08 11:25:45 --> Session: Class initialized using 'files' driver.
DEBUG - 2015-12-08 11:25:45 --> cURL Class Initialized
DEBUG - 2015-12-08 11:25:45 --> OAuth2 class already loaded. Second attempt ignored.
INFO - 2015-12-08 11:25:45 --> Controller Class Initialized
INFO - 2015-12-08 11:26:19 --> Config Class Initialized
INFO - 2015-12-08 11:26:19 --> Hooks Class Initialized
DEBUG - 2015-12-08 11:26:19 --> UTF-8 Support Disabled
INFO - 2015-12-08 11:26:19 --> Utf8 Class Initialized
INFO - 2015-12-08 11:26:19 --> URI Class Initialized
INFO - 2015-12-08 11:26:19 --> Router Class Initialized
INFO - 2015-12-08 11:26:19 --> Output Class Initialized
INFO - 2015-12-08 11:26:19 --> Security Class Initialized
DEBUG - 2015-12-08 11:26:19 --> Global POST, GET and COOKIE data sanitized
INFO - 2015-12-08 11:26:19 --> Input Class Initialized
INFO - 2015-12-08 11:26:19 --> Language Class Initialized
INFO - 2015-12-08 11:26:19 --> Loader Class Initialized
INFO - 2015-12-08 11:26:19 --> Helper loaded: url_helper
INFO - 2015-12-08 11:26:19 --> Session: Class initialized using 'files' driver.
DEBUG - 2015-12-08 11:26:19 --> cURL Class Initialized
DEBUG - 2015-12-08 11:26:19 --> OAuth2 class already loaded. Second attempt ignored.
INFO - 2015-12-08 11:26:19 --> Controller Class Initialized
INFO - 2015-12-08 11:26:19 --> Model Class Initialized
INFO - 2015-12-08 11:26:19 --> Database Driver Class Initialized
DEBUG - 2015-12-08 11:26:19 --> C:\xampp\htdocs\bondora\application\libraries/MY_Table.php exists, but does not declare MY_Table
INFO - 2015-12-08 11:26:19 --> Table Class Initialized
DEBUG - 2015-12-08 11:26:19 --> Session class already loaded. Second attempt ignored.
INFO - 2015-12-08 11:26:19 --> Helper loaded: form_helper
INFO - 2015-12-08 11:26:19 --> Form Validation Class Initialized
ERROR - 2015-12-08 11:26:21 --> Severity: Warning --> file_get_contents(): php_network_getaddresses: getaddrinfo failed: No such host is known.  C:\xampp\htdocs\bondora\sparks\oauth2\0.4.0\libraries\Provider\Bondoora.php 50
ERROR - 2015-12-08 11:26:21 --> Severity: Warning --> file_get_contents(https://api.bondora.com/api/v1/account/balance): failed to open stream: php_network_getaddresses: getaddrinfo failed: No such host is known.  C:\xampp\htdocs\bondora\sparks\oauth2\0.4.0\libraries\Provider\Bondoora.php 50
ERROR - 2015-12-08 11:26:21 --> Severity: Notice --> Trying to get property of non-object C:\xampp\htdocs\bondora\sparks\oauth2\0.4.0\libraries\Provider\Bondoora.php 53
INFO - 2015-12-08 11:26:26 --> Config Class Initialized
INFO - 2015-12-08 11:26:26 --> Hooks Class Initialized
DEBUG - 2015-12-08 11:26:26 --> UTF-8 Support Disabled
INFO - 2015-12-08 11:26:26 --> Utf8 Class Initialized
INFO - 2015-12-08 11:26:26 --> URI Class Initialized
INFO - 2015-12-08 11:26:26 --> Router Class Initialized
INFO - 2015-12-08 11:26:26 --> Output Class Initialized
INFO - 2015-12-08 11:26:26 --> Security Class Initialized
DEBUG - 2015-12-08 11:26:26 --> Global POST, GET and COOKIE data sanitized
INFO - 2015-12-08 11:26:26 --> Input Class Initialized
INFO - 2015-12-08 11:26:26 --> Language Class Initialized
INFO - 2015-12-08 11:26:26 --> Loader Class Initialized
INFO - 2015-12-08 11:26:26 --> Helper loaded: url_helper
INFO - 2015-12-08 11:26:27 --> Session: Class initialized using 'files' driver.
DEBUG - 2015-12-08 11:26:27 --> cURL Class Initialized
DEBUG - 2015-12-08 11:26:27 --> OAuth2 class already loaded. Second attempt ignored.
INFO - 2015-12-08 11:26:27 --> Controller Class Initialized
INFO - 2015-12-08 11:26:27 --> Model Class Initialized
INFO - 2015-12-08 11:26:27 --> Database Driver Class Initialized
DEBUG - 2015-12-08 11:26:27 --> C:\xampp\htdocs\bondora\application\libraries/MY_Table.php exists, but does not declare MY_Table
INFO - 2015-12-08 11:26:27 --> Table Class Initialized
DEBUG - 2015-12-08 11:26:27 --> Session class already loaded. Second attempt ignored.
INFO - 2015-12-08 11:26:27 --> Helper loaded: form_helper
INFO - 2015-12-08 11:26:27 --> Form Validation Class Initialized
ERROR - 2015-12-08 11:26:29 --> Severity: Warning --> file_get_contents(): php_network_getaddresses: getaddrinfo failed: No such host is known.  C:\xampp\htdocs\bondora\sparks\oauth2\0.4.0\libraries\Provider\Bondoora.php 50
ERROR - 2015-12-08 11:26:29 --> Severity: Warning --> file_get_contents(https://api.bondora.com/api/v1/account/balance): failed to open stream: php_network_getaddresses: getaddrinfo failed: No such host is known.  C:\xampp\htdocs\bondora\sparks\oauth2\0.4.0\libraries\Provider\Bondoora.php 50
ERROR - 2015-12-08 11:26:29 --> Severity: Notice --> Trying to get property of non-object C:\xampp\htdocs\bondora\sparks\oauth2\0.4.0\libraries\Provider\Bondoora.php 53
INFO - 2015-12-08 11:26:29 --> Config Class Initialized
INFO - 2015-12-08 11:26:29 --> Hooks Class Initialized
DEBUG - 2015-12-08 11:26:29 --> UTF-8 Support Disabled
INFO - 2015-12-08 11:26:29 --> Utf8 Class Initialized
INFO - 2015-12-08 11:26:29 --> URI Class Initialized
INFO - 2015-12-08 11:26:29 --> Router Class Initialized
INFO - 2015-12-08 11:26:29 --> Output Class Initialized
INFO - 2015-12-08 11:26:29 --> Security Class Initialized
DEBUG - 2015-12-08 11:26:29 --> Global POST, GET and COOKIE data sanitized
INFO - 2015-12-08 11:26:29 --> Input Class Initialized
INFO - 2015-12-08 11:26:29 --> Language Class Initialized
INFO - 2015-12-08 11:26:29 --> Loader Class Initialized
INFO - 2015-12-08 11:26:29 --> Helper loaded: url_helper
INFO - 2015-12-08 11:26:29 --> Session: Class initialized using 'files' driver.
DEBUG - 2015-12-08 11:26:29 --> cURL Class Initialized
DEBUG - 2015-12-08 11:26:29 --> OAuth2 class already loaded. Second attempt ignored.
INFO - 2015-12-08 11:26:29 --> Controller Class Initialized
INFO - 2015-12-08 11:27:05 --> Config Class Initialized
INFO - 2015-12-08 11:27:05 --> Hooks Class Initialized
DEBUG - 2015-12-08 11:27:05 --> UTF-8 Support Disabled
INFO - 2015-12-08 11:27:05 --> Utf8 Class Initialized
INFO - 2015-12-08 11:27:05 --> URI Class Initialized
INFO - 2015-12-08 11:27:05 --> Router Class Initialized
INFO - 2015-12-08 11:27:05 --> Output Class Initialized
INFO - 2015-12-08 11:27:05 --> Security Class Initialized
DEBUG - 2015-12-08 11:27:05 --> Global POST, GET and COOKIE data sanitized
INFO - 2015-12-08 11:27:05 --> Input Class Initialized
INFO - 2015-12-08 11:27:05 --> Language Class Initialized
INFO - 2015-12-08 11:27:05 --> Loader Class Initialized
INFO - 2015-12-08 11:27:05 --> Helper loaded: url_helper
INFO - 2015-12-08 11:27:05 --> Session: Class initialized using 'files' driver.
DEBUG - 2015-12-08 11:27:05 --> cURL Class Initialized
DEBUG - 2015-12-08 11:27:05 --> OAuth2 class already loaded. Second attempt ignored.
INFO - 2015-12-08 11:27:05 --> Controller Class Initialized
INFO - 2015-12-08 11:27:05 --> Model Class Initialized
INFO - 2015-12-08 11:27:05 --> Database Driver Class Initialized
DEBUG - 2015-12-08 11:27:05 --> C:\xampp\htdocs\bondora\application\libraries/MY_Table.php exists, but does not declare MY_Table
INFO - 2015-12-08 11:27:05 --> Table Class Initialized
DEBUG - 2015-12-08 11:27:05 --> Session class already loaded. Second attempt ignored.
INFO - 2015-12-08 11:27:05 --> Helper loaded: form_helper
INFO - 2015-12-08 11:27:05 --> Form Validation Class Initialized
INFO - 2015-12-08 11:27:06 --> Config Class Initialized
INFO - 2015-12-08 11:27:06 --> Hooks Class Initialized
DEBUG - 2015-12-08 11:27:06 --> UTF-8 Support Disabled
INFO - 2015-12-08 11:27:06 --> Utf8 Class Initialized
INFO - 2015-12-08 11:27:06 --> URI Class Initialized
INFO - 2015-12-08 11:27:06 --> Router Class Initialized
INFO - 2015-12-08 11:27:06 --> Output Class Initialized
INFO - 2015-12-08 11:27:06 --> Security Class Initialized
DEBUG - 2015-12-08 11:27:06 --> Global POST, GET and COOKIE data sanitized
INFO - 2015-12-08 11:27:06 --> Input Class Initialized
INFO - 2015-12-08 11:27:06 --> Language Class Initialized
INFO - 2015-12-08 11:27:06 --> Loader Class Initialized
INFO - 2015-12-08 11:27:06 --> Helper loaded: url_helper
INFO - 2015-12-08 11:27:06 --> Session: Class initialized using 'files' driver.
DEBUG - 2015-12-08 11:27:06 --> cURL Class Initialized
DEBUG - 2015-12-08 11:27:06 --> OAuth2 class already loaded. Second attempt ignored.
INFO - 2015-12-08 11:27:06 --> Controller Class Initialized
INFO - 2015-12-08 11:27:16 --> Config Class Initialized
INFO - 2015-12-08 11:27:16 --> Hooks Class Initialized
DEBUG - 2015-12-08 11:27:16 --> UTF-8 Support Disabled
INFO - 2015-12-08 11:27:16 --> Utf8 Class Initialized
INFO - 2015-12-08 11:27:16 --> URI Class Initialized
INFO - 2015-12-08 11:27:16 --> Router Class Initialized
INFO - 2015-12-08 11:27:16 --> Output Class Initialized
INFO - 2015-12-08 11:27:16 --> Security Class Initialized
DEBUG - 2015-12-08 11:27:16 --> Global POST, GET and COOKIE data sanitized
INFO - 2015-12-08 11:27:16 --> Input Class Initialized
INFO - 2015-12-08 11:27:16 --> Language Class Initialized
INFO - 2015-12-08 11:27:16 --> Loader Class Initialized
INFO - 2015-12-08 11:27:16 --> Helper loaded: url_helper
INFO - 2015-12-08 11:27:16 --> Session: Class initialized using 'files' driver.
DEBUG - 2015-12-08 11:27:16 --> cURL Class Initialized
DEBUG - 2015-12-08 11:27:16 --> OAuth2 class already loaded. Second attempt ignored.
INFO - 2015-12-08 11:27:16 --> Controller Class Initialized
INFO - 2015-12-08 11:27:18 --> Config Class Initialized
INFO - 2015-12-08 11:27:18 --> Hooks Class Initialized
DEBUG - 2015-12-08 11:27:18 --> UTF-8 Support Disabled
INFO - 2015-12-08 11:27:18 --> Utf8 Class Initialized
INFO - 2015-12-08 11:27:18 --> URI Class Initialized
INFO - 2015-12-08 11:27:18 --> Router Class Initialized
INFO - 2015-12-08 11:27:18 --> Output Class Initialized
INFO - 2015-12-08 11:27:18 --> Security Class Initialized
DEBUG - 2015-12-08 11:27:18 --> Global POST, GET and COOKIE data sanitized
INFO - 2015-12-08 11:27:18 --> Input Class Initialized
INFO - 2015-12-08 11:27:18 --> Language Class Initialized
INFO - 2015-12-08 11:27:18 --> Loader Class Initialized
INFO - 2015-12-08 11:27:18 --> Helper loaded: url_helper
INFO - 2015-12-08 11:27:18 --> Session: Class initialized using 'files' driver.
DEBUG - 2015-12-08 11:27:18 --> cURL Class Initialized
DEBUG - 2015-12-08 11:27:18 --> OAuth2 class already loaded. Second attempt ignored.
INFO - 2015-12-08 11:27:18 --> Controller Class Initialized
INFO - 2015-12-08 11:27:20 --> Config Class Initialized
INFO - 2015-12-08 11:27:20 --> Hooks Class Initialized
DEBUG - 2015-12-08 11:27:20 --> UTF-8 Support Disabled
INFO - 2015-12-08 11:27:20 --> Utf8 Class Initialized
INFO - 2015-12-08 11:27:20 --> URI Class Initialized
INFO - 2015-12-08 11:27:20 --> Router Class Initialized
INFO - 2015-12-08 11:27:20 --> Output Class Initialized
INFO - 2015-12-08 11:27:20 --> Security Class Initialized
DEBUG - 2015-12-08 11:27:20 --> Global POST, GET and COOKIE data sanitized
INFO - 2015-12-08 11:27:20 --> Input Class Initialized
INFO - 2015-12-08 11:27:20 --> Language Class Initialized
INFO - 2015-12-08 11:27:20 --> Loader Class Initialized
INFO - 2015-12-08 11:27:20 --> Helper loaded: url_helper
INFO - 2015-12-08 11:27:20 --> Session: Class initialized using 'files' driver.
DEBUG - 2015-12-08 11:27:20 --> cURL Class Initialized
DEBUG - 2015-12-08 11:27:20 --> OAuth2 class already loaded. Second attempt ignored.
INFO - 2015-12-08 11:27:20 --> Controller Class Initialized
INFO - 2015-12-08 11:27:23 --> Config Class Initialized
INFO - 2015-12-08 11:27:23 --> Hooks Class Initialized
DEBUG - 2015-12-08 11:27:23 --> UTF-8 Support Disabled
INFO - 2015-12-08 11:27:23 --> Utf8 Class Initialized
INFO - 2015-12-08 11:27:23 --> URI Class Initialized
INFO - 2015-12-08 11:27:23 --> Router Class Initialized
INFO - 2015-12-08 11:27:23 --> Output Class Initialized
INFO - 2015-12-08 11:27:23 --> Security Class Initialized
DEBUG - 2015-12-08 11:27:23 --> Global POST, GET and COOKIE data sanitized
INFO - 2015-12-08 11:27:23 --> Input Class Initialized
INFO - 2015-12-08 11:27:23 --> Language Class Initialized
INFO - 2015-12-08 11:27:23 --> Loader Class Initialized
INFO - 2015-12-08 11:27:23 --> Helper loaded: url_helper
INFO - 2015-12-08 11:27:23 --> Session: Class initialized using 'files' driver.
DEBUG - 2015-12-08 11:27:23 --> cURL Class Initialized
DEBUG - 2015-12-08 11:27:23 --> OAuth2 class already loaded. Second attempt ignored.
INFO - 2015-12-08 11:27:23 --> Controller Class Initialized
INFO - 2015-12-08 11:27:23 --> Model Class Initialized
INFO - 2015-12-08 11:27:23 --> Database Driver Class Initialized
DEBUG - 2015-12-08 11:27:23 --> C:\xampp\htdocs\bondora\application\libraries/MY_Table.php exists, but does not declare MY_Table
INFO - 2015-12-08 11:27:23 --> Table Class Initialized
DEBUG - 2015-12-08 11:27:23 --> Session class already loaded. Second attempt ignored.
INFO - 2015-12-08 11:27:23 --> Helper loaded: form_helper
INFO - 2015-12-08 11:27:23 --> Form Validation Class Initialized
INFO - 2015-12-08 11:27:24 --> File loaded: C:\xampp\htdocs\bondora\application\views\templates/header.php
INFO - 2015-12-08 11:27:24 --> File loaded: C:\xampp\htdocs\bondora\application\views\secondary/index.php
INFO - 2015-12-08 11:27:24 --> File loaded: C:\xampp\htdocs\bondora\application\views\templates/footer.php
INFO - 2015-12-08 11:27:24 --> Language file loaded: language/english/profiler_lang.php
INFO - 2015-12-08 11:27:24 --> Profiler Class Initialized
INFO - 2015-12-08 11:27:24 --> Helper loaded: text_helper
INFO - 2015-12-08 11:27:24 --> Final output sent to browser
DEBUG - 2015-12-08 11:27:24 --> Total execution time: 1.6444
INFO - 2015-12-08 11:27:31 --> Config Class Initialized
INFO - 2015-12-08 11:27:31 --> Hooks Class Initialized
DEBUG - 2015-12-08 11:27:31 --> UTF-8 Support Disabled
INFO - 2015-12-08 11:27:31 --> Utf8 Class Initialized
INFO - 2015-12-08 11:27:31 --> URI Class Initialized
INFO - 2015-12-08 11:27:31 --> Router Class Initialized
INFO - 2015-12-08 11:27:31 --> Output Class Initialized
INFO - 2015-12-08 11:27:31 --> Security Class Initialized
DEBUG - 2015-12-08 11:27:31 --> Global POST, GET and COOKIE data sanitized
INFO - 2015-12-08 11:27:31 --> Input Class Initialized
INFO - 2015-12-08 11:27:31 --> Language Class Initialized
INFO - 2015-12-08 11:27:31 --> Loader Class Initialized
INFO - 2015-12-08 11:27:31 --> Helper loaded: url_helper
INFO - 2015-12-08 11:27:31 --> Session: Class initialized using 'files' driver.
DEBUG - 2015-12-08 11:27:31 --> cURL Class Initialized
DEBUG - 2015-12-08 11:27:31 --> OAuth2 class already loaded. Second attempt ignored.
INFO - 2015-12-08 11:27:31 --> Controller Class Initialized
INFO - 2015-12-08 11:27:31 --> Model Class Initialized
INFO - 2015-12-08 11:27:31 --> Database Driver Class Initialized
DEBUG - 2015-12-08 11:27:32 --> C:\xampp\htdocs\bondora\application\libraries/MY_Table.php exists, but does not declare MY_Table
INFO - 2015-12-08 11:27:32 --> Table Class Initialized
DEBUG - 2015-12-08 11:27:32 --> Session class already loaded. Second attempt ignored.
INFO - 2015-12-08 11:27:32 --> Helper loaded: form_helper
INFO - 2015-12-08 11:27:32 --> Form Validation Class Initialized
INFO - 2015-12-08 11:27:43 --> File loaded: C:\xampp\htdocs\bondora\application\views\templates/header.php
INFO - 2015-12-08 11:27:43 --> File loaded: C:\xampp\htdocs\bondora\application\views\secondary/index.php
INFO - 2015-12-08 11:27:43 --> File loaded: C:\xampp\htdocs\bondora\application\views\templates/footer.php
INFO - 2015-12-08 11:27:43 --> Language file loaded: language/english/profiler_lang.php
INFO - 2015-12-08 11:27:43 --> Profiler Class Initialized
INFO - 2015-12-08 11:27:43 --> Helper loaded: text_helper
INFO - 2015-12-08 11:27:44 --> Final output sent to browser
DEBUG - 2015-12-08 11:27:44 --> Total execution time: 11.7003
INFO - 2015-12-08 19:30:18 --> Config Class Initialized
INFO - 2015-12-08 19:30:18 --> Hooks Class Initialized
DEBUG - 2015-12-08 19:30:18 --> UTF-8 Support Disabled
INFO - 2015-12-08 19:30:18 --> Utf8 Class Initialized
INFO - 2015-12-08 19:30:18 --> URI Class Initialized
INFO - 2015-12-08 19:30:18 --> Router Class Initialized
INFO - 2015-12-08 19:30:18 --> Output Class Initialized
INFO - 2015-12-08 19:30:18 --> Security Class Initialized
DEBUG - 2015-12-08 19:30:18 --> Global POST, GET and COOKIE data sanitized
INFO - 2015-12-08 19:30:18 --> Input Class Initialized
INFO - 2015-12-08 19:30:18 --> Language Class Initialized
INFO - 2015-12-08 19:30:18 --> Loader Class Initialized
INFO - 2015-12-08 19:30:19 --> Helper loaded: url_helper
INFO - 2015-12-08 19:30:19 --> Session: Class initialized using 'files' driver.
DEBUG - 2015-12-08 19:30:19 --> cURL Class Initialized
DEBUG - 2015-12-08 19:30:19 --> OAuth2 class already loaded. Second attempt ignored.
INFO - 2015-12-08 19:30:19 --> Controller Class Initialized
INFO - 2015-12-08 19:30:19 --> Model Class Initialized
INFO - 2015-12-08 19:30:19 --> Database Driver Class Initialized
DEBUG - 2015-12-08 19:30:19 --> C:\xampp\htdocs\bondora\application\libraries/MY_Table.php exists, but does not declare MY_Table
INFO - 2015-12-08 19:30:19 --> Table Class Initialized
DEBUG - 2015-12-08 19:30:19 --> Session class already loaded. Second attempt ignored.
INFO - 2015-12-08 19:30:19 --> Helper loaded: form_helper
INFO - 2015-12-08 19:30:19 --> Form Validation Class Initialized
INFO - 2015-12-08 19:30:19 --> Config Class Initialized
INFO - 2015-12-08 19:30:19 --> Hooks Class Initialized
DEBUG - 2015-12-08 19:30:19 --> UTF-8 Support Disabled
INFO - 2015-12-08 19:30:19 --> Utf8 Class Initialized
INFO - 2015-12-08 19:30:19 --> URI Class Initialized
INFO - 2015-12-08 19:30:19 --> Router Class Initialized
INFO - 2015-12-08 19:30:19 --> Output Class Initialized
INFO - 2015-12-08 19:30:19 --> Security Class Initialized
DEBUG - 2015-12-08 19:30:19 --> Global POST, GET and COOKIE data sanitized
INFO - 2015-12-08 19:30:19 --> Input Class Initialized
INFO - 2015-12-08 19:30:19 --> Language Class Initialized
INFO - 2015-12-08 19:30:19 --> Loader Class Initialized
INFO - 2015-12-08 19:30:19 --> Helper loaded: url_helper
INFO - 2015-12-08 19:30:19 --> Session: Class initialized using 'files' driver.
DEBUG - 2015-12-08 19:30:19 --> cURL Class Initialized
DEBUG - 2015-12-08 19:30:19 --> OAuth2 class already loaded. Second attempt ignored.
INFO - 2015-12-08 19:30:19 --> Controller Class Initialized
INFO - 2015-12-08 19:30:25 --> Config Class Initialized
INFO - 2015-12-08 19:30:25 --> Hooks Class Initialized
DEBUG - 2015-12-08 19:30:25 --> UTF-8 Support Disabled
INFO - 2015-12-08 19:30:25 --> Utf8 Class Initialized
INFO - 2015-12-08 19:30:25 --> URI Class Initialized
INFO - 2015-12-08 19:30:25 --> Router Class Initialized
INFO - 2015-12-08 19:30:25 --> Output Class Initialized
INFO - 2015-12-08 19:30:25 --> Security Class Initialized
DEBUG - 2015-12-08 19:30:25 --> Global POST, GET and COOKIE data sanitized
INFO - 2015-12-08 19:30:25 --> Input Class Initialized
INFO - 2015-12-08 19:30:25 --> Language Class Initialized
INFO - 2015-12-08 19:30:25 --> Loader Class Initialized
INFO - 2015-12-08 19:30:25 --> Helper loaded: url_helper
INFO - 2015-12-08 19:30:25 --> Session: Class initialized using 'files' driver.
DEBUG - 2015-12-08 19:30:25 --> cURL Class Initialized
DEBUG - 2015-12-08 19:30:25 --> OAuth2 class already loaded. Second attempt ignored.
INFO - 2015-12-08 19:30:25 --> Controller Class Initialized
INFO - 2015-12-08 19:30:26 --> Config Class Initialized
INFO - 2015-12-08 19:30:26 --> Hooks Class Initialized
DEBUG - 2015-12-08 19:30:26 --> UTF-8 Support Disabled
INFO - 2015-12-08 19:30:26 --> Utf8 Class Initialized
INFO - 2015-12-08 19:30:26 --> URI Class Initialized
INFO - 2015-12-08 19:30:26 --> Router Class Initialized
INFO - 2015-12-08 19:30:26 --> Output Class Initialized
INFO - 2015-12-08 19:30:26 --> Security Class Initialized
DEBUG - 2015-12-08 19:30:26 --> Global POST, GET and COOKIE data sanitized
INFO - 2015-12-08 19:30:26 --> Input Class Initialized
INFO - 2015-12-08 19:30:26 --> Language Class Initialized
INFO - 2015-12-08 19:30:27 --> Loader Class Initialized
INFO - 2015-12-08 19:30:27 --> Helper loaded: url_helper
INFO - 2015-12-08 19:30:27 --> Session: Class initialized using 'files' driver.
DEBUG - 2015-12-08 19:30:27 --> cURL Class Initialized
DEBUG - 2015-12-08 19:30:27 --> OAuth2 class already loaded. Second attempt ignored.
INFO - 2015-12-08 19:30:27 --> Controller Class Initialized
INFO - 2015-12-08 19:30:28 --> Config Class Initialized
INFO - 2015-12-08 19:30:28 --> Hooks Class Initialized
DEBUG - 2015-12-08 19:30:28 --> UTF-8 Support Disabled
INFO - 2015-12-08 19:30:28 --> Utf8 Class Initialized
INFO - 2015-12-08 19:30:28 --> URI Class Initialized
INFO - 2015-12-08 19:30:28 --> Router Class Initialized
INFO - 2015-12-08 19:30:28 --> Output Class Initialized
INFO - 2015-12-08 19:30:28 --> Security Class Initialized
DEBUG - 2015-12-08 19:30:28 --> Global POST, GET and COOKIE data sanitized
INFO - 2015-12-08 19:30:28 --> Input Class Initialized
INFO - 2015-12-08 19:30:28 --> Language Class Initialized
INFO - 2015-12-08 19:30:28 --> Loader Class Initialized
INFO - 2015-12-08 19:30:28 --> Helper loaded: url_helper
INFO - 2015-12-08 19:30:28 --> Session: Class initialized using 'files' driver.
DEBUG - 2015-12-08 19:30:28 --> cURL Class Initialized
DEBUG - 2015-12-08 19:30:28 --> OAuth2 class already loaded. Second attempt ignored.
INFO - 2015-12-08 19:30:28 --> Controller Class Initialized
INFO - 2015-12-08 19:30:30 --> Config Class Initialized
INFO - 2015-12-08 19:30:30 --> Hooks Class Initialized
DEBUG - 2015-12-08 19:30:30 --> UTF-8 Support Disabled
INFO - 2015-12-08 19:30:30 --> Utf8 Class Initialized
INFO - 2015-12-08 19:30:30 --> URI Class Initialized
INFO - 2015-12-08 19:30:30 --> Router Class Initialized
INFO - 2015-12-08 19:30:30 --> Output Class Initialized
INFO - 2015-12-08 19:30:30 --> Security Class Initialized
DEBUG - 2015-12-08 19:30:30 --> Global POST, GET and COOKIE data sanitized
INFO - 2015-12-08 19:30:30 --> Input Class Initialized
INFO - 2015-12-08 19:30:30 --> Language Class Initialized
INFO - 2015-12-08 19:30:30 --> Loader Class Initialized
INFO - 2015-12-08 19:30:30 --> Helper loaded: url_helper
INFO - 2015-12-08 19:30:30 --> Session: Class initialized using 'files' driver.
DEBUG - 2015-12-08 19:30:30 --> cURL Class Initialized
DEBUG - 2015-12-08 19:30:30 --> OAuth2 class already loaded. Second attempt ignored.
INFO - 2015-12-08 19:30:30 --> Controller Class Initialized
INFO - 2015-12-08 19:30:30 --> Model Class Initialized
INFO - 2015-12-08 19:30:30 --> Database Driver Class Initialized
DEBUG - 2015-12-08 19:30:30 --> C:\xampp\htdocs\bondora\application\libraries/MY_Table.php exists, but does not declare MY_Table
INFO - 2015-12-08 19:30:30 --> Table Class Initialized
DEBUG - 2015-12-08 19:30:30 --> Session class already loaded. Second attempt ignored.
INFO - 2015-12-08 19:30:30 --> Helper loaded: form_helper
INFO - 2015-12-08 19:30:30 --> Form Validation Class Initialized
INFO - 2015-12-08 19:30:37 --> File loaded: C:\xampp\htdocs\bondora\application\views\templates/header.php
INFO - 2015-12-08 19:30:37 --> File loaded: C:\xampp\htdocs\bondora\application\views\secondary/index.php
INFO - 2015-12-08 19:30:37 --> File loaded: C:\xampp\htdocs\bondora\application\views\templates/footer.php
INFO - 2015-12-08 19:30:37 --> Language file loaded: language/english/profiler_lang.php
INFO - 2015-12-08 19:30:37 --> Profiler Class Initialized
INFO - 2015-12-08 19:30:37 --> Helper loaded: text_helper
INFO - 2015-12-08 19:30:37 --> Final output sent to browser
DEBUG - 2015-12-08 19:30:37 --> Total execution time: 6.7734
INFO - 2015-12-08 19:33:46 --> Config Class Initialized
INFO - 2015-12-08 19:33:46 --> Hooks Class Initialized
DEBUG - 2015-12-08 19:33:46 --> UTF-8 Support Disabled
INFO - 2015-12-08 19:33:46 --> Utf8 Class Initialized
INFO - 2015-12-08 19:33:46 --> URI Class Initialized
INFO - 2015-12-08 19:33:46 --> Router Class Initialized
INFO - 2015-12-08 19:33:46 --> Output Class Initialized
INFO - 2015-12-08 19:33:46 --> Security Class Initialized
DEBUG - 2015-12-08 19:33:46 --> Global POST, GET and COOKIE data sanitized
INFO - 2015-12-08 19:33:46 --> Input Class Initialized
INFO - 2015-12-08 19:33:46 --> Language Class Initialized
INFO - 2015-12-08 19:33:46 --> Loader Class Initialized
INFO - 2015-12-08 19:33:46 --> Helper loaded: url_helper
INFO - 2015-12-08 19:33:46 --> Session: Class initialized using 'files' driver.
DEBUG - 2015-12-08 19:33:46 --> cURL Class Initialized
DEBUG - 2015-12-08 19:33:46 --> OAuth2 class already loaded. Second attempt ignored.
INFO - 2015-12-08 19:33:46 --> Controller Class Initialized
INFO - 2015-12-08 19:33:46 --> Model Class Initialized
INFO - 2015-12-08 19:33:46 --> Database Driver Class Initialized
DEBUG - 2015-12-08 19:33:46 --> C:\xampp\htdocs\bondora\application\libraries/MY_Table.php exists, but does not declare MY_Table
INFO - 2015-12-08 19:33:46 --> Table Class Initialized
DEBUG - 2015-12-08 19:33:46 --> Session class already loaded. Second attempt ignored.
INFO - 2015-12-08 19:33:46 --> Helper loaded: form_helper
INFO - 2015-12-08 19:33:46 --> Form Validation Class Initialized
INFO - 2015-12-08 19:33:46 --> Language file loaded: language/english/profiler_lang.php
INFO - 2015-12-08 19:33:46 --> Profiler Class Initialized
INFO - 2015-12-08 19:33:46 --> Helper loaded: text_helper
INFO - 2015-12-08 19:33:46 --> Final output sent to browser
DEBUG - 2015-12-08 19:33:46 --> Total execution time: 0.1240
INFO - 2015-12-08 19:33:54 --> Config Class Initialized
INFO - 2015-12-08 19:33:54 --> Hooks Class Initialized
DEBUG - 2015-12-08 19:33:54 --> UTF-8 Support Disabled
INFO - 2015-12-08 19:33:54 --> Utf8 Class Initialized
INFO - 2015-12-08 19:33:54 --> URI Class Initialized
INFO - 2015-12-08 19:33:54 --> Router Class Initialized
INFO - 2015-12-08 19:33:54 --> Output Class Initialized
INFO - 2015-12-08 19:33:54 --> Security Class Initialized
DEBUG - 2015-12-08 19:33:54 --> Global POST, GET and COOKIE data sanitized
INFO - 2015-12-08 19:33:54 --> Input Class Initialized
INFO - 2015-12-08 19:33:54 --> Language Class Initialized
INFO - 2015-12-08 19:33:54 --> Loader Class Initialized
INFO - 2015-12-08 19:33:54 --> Helper loaded: url_helper
INFO - 2015-12-08 19:33:54 --> Session: Class initialized using 'files' driver.
DEBUG - 2015-12-08 19:33:54 --> cURL Class Initialized
DEBUG - 2015-12-08 19:33:54 --> OAuth2 class already loaded. Second attempt ignored.
INFO - 2015-12-08 19:33:54 --> Controller Class Initialized
INFO - 2015-12-08 19:33:54 --> Model Class Initialized
INFO - 2015-12-08 19:33:54 --> Database Driver Class Initialized
DEBUG - 2015-12-08 19:33:54 --> C:\xampp\htdocs\bondora\application\libraries/MY_Table.php exists, but does not declare MY_Table
INFO - 2015-12-08 19:33:54 --> Table Class Initialized
DEBUG - 2015-12-08 19:33:54 --> Session class already loaded. Second attempt ignored.
INFO - 2015-12-08 19:33:54 --> Helper loaded: form_helper
INFO - 2015-12-08 19:33:54 --> Form Validation Class Initialized
INFO - 2015-12-08 19:33:54 --> Language file loaded: language/english/profiler_lang.php
INFO - 2015-12-08 19:33:54 --> Profiler Class Initialized
INFO - 2015-12-08 19:33:54 --> Helper loaded: text_helper
INFO - 2015-12-08 19:33:54 --> Final output sent to browser
DEBUG - 2015-12-08 19:33:54 --> Total execution time: 0.0640
INFO - 2015-12-08 19:33:57 --> Config Class Initialized
INFO - 2015-12-08 19:33:57 --> Hooks Class Initialized
DEBUG - 2015-12-08 19:33:57 --> UTF-8 Support Disabled
INFO - 2015-12-08 19:33:57 --> Utf8 Class Initialized
INFO - 2015-12-08 19:33:57 --> URI Class Initialized
INFO - 2015-12-08 19:33:57 --> Router Class Initialized
INFO - 2015-12-08 19:33:57 --> Output Class Initialized
INFO - 2015-12-08 19:33:57 --> Security Class Initialized
DEBUG - 2015-12-08 19:33:57 --> Global POST, GET and COOKIE data sanitized
INFO - 2015-12-08 19:33:57 --> Input Class Initialized
INFO - 2015-12-08 19:33:57 --> Language Class Initialized
INFO - 2015-12-08 19:33:57 --> Loader Class Initialized
INFO - 2015-12-08 19:33:57 --> Helper loaded: url_helper
INFO - 2015-12-08 19:33:57 --> Session: Class initialized using 'files' driver.
DEBUG - 2015-12-08 19:33:57 --> cURL Class Initialized
DEBUG - 2015-12-08 19:33:57 --> OAuth2 class already loaded. Second attempt ignored.
INFO - 2015-12-08 19:33:57 --> Controller Class Initialized
INFO - 2015-12-08 19:33:57 --> Model Class Initialized
INFO - 2015-12-08 19:33:57 --> Database Driver Class Initialized
DEBUG - 2015-12-08 19:33:57 --> C:\xampp\htdocs\bondora\application\libraries/MY_Table.php exists, but does not declare MY_Table
INFO - 2015-12-08 19:33:57 --> Table Class Initialized
DEBUG - 2015-12-08 19:33:57 --> Session class already loaded. Second attempt ignored.
INFO - 2015-12-08 19:33:57 --> Helper loaded: form_helper
INFO - 2015-12-08 19:33:57 --> Form Validation Class Initialized
INFO - 2015-12-08 19:34:03 --> File loaded: C:\xampp\htdocs\bondora\application\views\templates/header.php
INFO - 2015-12-08 19:34:03 --> File loaded: C:\xampp\htdocs\bondora\application\views\secondary/index.php
INFO - 2015-12-08 19:34:03 --> File loaded: C:\xampp\htdocs\bondora\application\views\templates/footer.php
INFO - 2015-12-08 19:34:03 --> Language file loaded: language/english/profiler_lang.php
INFO - 2015-12-08 19:34:03 --> Profiler Class Initialized
INFO - 2015-12-08 19:34:03 --> Helper loaded: text_helper
INFO - 2015-12-08 19:34:04 --> Final output sent to browser
DEBUG - 2015-12-08 19:34:04 --> Total execution time: 6.6214
INFO - 2015-12-08 19:34:19 --> Config Class Initialized
INFO - 2015-12-08 19:34:19 --> Hooks Class Initialized
DEBUG - 2015-12-08 19:34:19 --> UTF-8 Support Disabled
INFO - 2015-12-08 19:34:19 --> Utf8 Class Initialized
INFO - 2015-12-08 19:34:19 --> URI Class Initialized
INFO - 2015-12-08 19:34:19 --> Router Class Initialized
INFO - 2015-12-08 19:34:19 --> Output Class Initialized
INFO - 2015-12-08 19:34:19 --> Security Class Initialized
DEBUG - 2015-12-08 19:34:19 --> Global POST, GET and COOKIE data sanitized
INFO - 2015-12-08 19:34:19 --> Input Class Initialized
INFO - 2015-12-08 19:34:19 --> Language Class Initialized
INFO - 2015-12-08 19:34:19 --> Loader Class Initialized
INFO - 2015-12-08 19:34:19 --> Helper loaded: url_helper
INFO - 2015-12-08 19:34:19 --> Session: Class initialized using 'files' driver.
DEBUG - 2015-12-08 19:34:19 --> cURL Class Initialized
DEBUG - 2015-12-08 19:34:19 --> OAuth2 class already loaded. Second attempt ignored.
INFO - 2015-12-08 19:34:19 --> Controller Class Initialized
INFO - 2015-12-08 19:34:19 --> Model Class Initialized
INFO - 2015-12-08 19:34:19 --> Database Driver Class Initialized
DEBUG - 2015-12-08 19:34:19 --> C:\xampp\htdocs\bondora\application\libraries/MY_Table.php exists, but does not declare MY_Table
INFO - 2015-12-08 19:34:19 --> Table Class Initialized
DEBUG - 2015-12-08 19:34:19 --> Session class already loaded. Second attempt ignored.
INFO - 2015-12-08 19:34:19 --> Helper loaded: form_helper
INFO - 2015-12-08 19:34:19 --> Form Validation Class Initialized
INFO - 2015-12-08 19:34:19 --> File loaded: C:\xampp\htdocs\bondora\application\views\templates/header.php
INFO - 2015-12-08 19:34:19 --> File loaded: C:\xampp\htdocs\bondora\application\views\secondary/index.php
INFO - 2015-12-08 19:34:19 --> File loaded: C:\xampp\htdocs\bondora\application\views\templates/footer.php
INFO - 2015-12-08 19:34:19 --> Language file loaded: language/english/profiler_lang.php
INFO - 2015-12-08 19:34:19 --> Profiler Class Initialized
INFO - 2015-12-08 19:34:19 --> Helper loaded: text_helper
INFO - 2015-12-08 19:34:19 --> Final output sent to browser
DEBUG - 2015-12-08 19:34:19 --> Total execution time: 0.3950
INFO - 2015-12-08 19:34:42 --> Config Class Initialized
INFO - 2015-12-08 19:34:42 --> Hooks Class Initialized
DEBUG - 2015-12-08 19:34:42 --> UTF-8 Support Disabled
INFO - 2015-12-08 19:34:42 --> Utf8 Class Initialized
INFO - 2015-12-08 19:34:42 --> URI Class Initialized
INFO - 2015-12-08 19:34:42 --> Router Class Initialized
INFO - 2015-12-08 19:34:42 --> Output Class Initialized
INFO - 2015-12-08 19:34:42 --> Security Class Initialized
DEBUG - 2015-12-08 19:34:42 --> Global POST, GET and COOKIE data sanitized
INFO - 2015-12-08 19:34:42 --> Input Class Initialized
INFO - 2015-12-08 19:34:43 --> Language Class Initialized
INFO - 2015-12-08 19:34:43 --> Loader Class Initialized
INFO - 2015-12-08 19:34:43 --> Helper loaded: url_helper
INFO - 2015-12-08 19:34:43 --> Session: Class initialized using 'files' driver.
DEBUG - 2015-12-08 19:34:43 --> cURL Class Initialized
DEBUG - 2015-12-08 19:34:43 --> OAuth2 class already loaded. Second attempt ignored.
INFO - 2015-12-08 19:34:43 --> Controller Class Initialized
INFO - 2015-12-08 19:34:43 --> Model Class Initialized
INFO - 2015-12-08 19:34:43 --> Database Driver Class Initialized
DEBUG - 2015-12-08 19:34:43 --> C:\xampp\htdocs\bondora\application\libraries/MY_Table.php exists, but does not declare MY_Table
INFO - 2015-12-08 19:34:43 --> Table Class Initialized
DEBUG - 2015-12-08 19:34:43 --> Session class already loaded. Second attempt ignored.
INFO - 2015-12-08 19:34:43 --> Helper loaded: form_helper
INFO - 2015-12-08 19:34:43 --> Form Validation Class Initialized
INFO - 2015-12-08 19:34:43 --> Language file loaded: language/english/profiler_lang.php
INFO - 2015-12-08 19:34:43 --> Profiler Class Initialized
INFO - 2015-12-08 19:34:43 --> Helper loaded: text_helper
INFO - 2015-12-08 19:34:43 --> Final output sent to browser
DEBUG - 2015-12-08 19:34:43 --> Total execution time: 0.0860
INFO - 2015-12-08 19:34:52 --> Config Class Initialized
INFO - 2015-12-08 19:34:52 --> Hooks Class Initialized
DEBUG - 2015-12-08 19:34:52 --> UTF-8 Support Disabled
INFO - 2015-12-08 19:34:52 --> Utf8 Class Initialized
INFO - 2015-12-08 19:34:52 --> URI Class Initialized
INFO - 2015-12-08 19:34:52 --> Router Class Initialized
INFO - 2015-12-08 19:34:52 --> Output Class Initialized
INFO - 2015-12-08 19:34:52 --> Security Class Initialized
DEBUG - 2015-12-08 19:34:52 --> Global POST, GET and COOKIE data sanitized
INFO - 2015-12-08 19:34:52 --> Input Class Initialized
INFO - 2015-12-08 19:34:52 --> Language Class Initialized
INFO - 2015-12-08 19:34:52 --> Loader Class Initialized
INFO - 2015-12-08 19:34:52 --> Helper loaded: url_helper
INFO - 2015-12-08 19:34:52 --> Session: Class initialized using 'files' driver.
DEBUG - 2015-12-08 19:34:52 --> cURL Class Initialized
DEBUG - 2015-12-08 19:34:52 --> OAuth2 class already loaded. Second attempt ignored.
INFO - 2015-12-08 19:34:52 --> Controller Class Initialized
INFO - 2015-12-08 19:34:52 --> Model Class Initialized
INFO - 2015-12-08 19:34:52 --> Database Driver Class Initialized
DEBUG - 2015-12-08 19:34:52 --> C:\xampp\htdocs\bondora\application\libraries/MY_Table.php exists, but does not declare MY_Table
INFO - 2015-12-08 19:34:52 --> Table Class Initialized
DEBUG - 2015-12-08 19:34:52 --> Session class already loaded. Second attempt ignored.
INFO - 2015-12-08 19:34:52 --> Helper loaded: form_helper
INFO - 2015-12-08 19:34:52 --> Form Validation Class Initialized
INFO - 2015-12-08 19:34:52 --> File loaded: C:\xampp\htdocs\bondora\application\views\templates/header.php
INFO - 2015-12-08 19:34:52 --> File loaded: C:\xampp\htdocs\bondora\application\views\secondary/index.php
INFO - 2015-12-08 19:34:52 --> File loaded: C:\xampp\htdocs\bondora\application\views\templates/footer.php
INFO - 2015-12-08 19:34:52 --> Language file loaded: language/english/profiler_lang.php
INFO - 2015-12-08 19:34:52 --> Profiler Class Initialized
INFO - 2015-12-08 19:34:52 --> Helper loaded: text_helper
INFO - 2015-12-08 19:34:52 --> Final output sent to browser
DEBUG - 2015-12-08 19:34:52 --> Total execution time: 0.4150
INFO - 2015-12-08 19:35:11 --> Config Class Initialized
INFO - 2015-12-08 19:35:11 --> Hooks Class Initialized
DEBUG - 2015-12-08 19:35:11 --> UTF-8 Support Disabled
INFO - 2015-12-08 19:35:11 --> Utf8 Class Initialized
INFO - 2015-12-08 19:35:11 --> URI Class Initialized
INFO - 2015-12-08 19:35:11 --> Router Class Initialized
INFO - 2015-12-08 19:35:11 --> Output Class Initialized
INFO - 2015-12-08 19:35:11 --> Security Class Initialized
DEBUG - 2015-12-08 19:35:11 --> Global POST, GET and COOKIE data sanitized
INFO - 2015-12-08 19:35:11 --> Input Class Initialized
INFO - 2015-12-08 19:35:11 --> Language Class Initialized
INFO - 2015-12-08 19:35:11 --> Loader Class Initialized
INFO - 2015-12-08 19:35:11 --> Helper loaded: url_helper
INFO - 2015-12-08 19:35:11 --> Session: Class initialized using 'files' driver.
DEBUG - 2015-12-08 19:35:11 --> cURL Class Initialized
DEBUG - 2015-12-08 19:35:11 --> OAuth2 class already loaded. Second attempt ignored.
INFO - 2015-12-08 19:35:11 --> Controller Class Initialized
INFO - 2015-12-08 19:35:11 --> Model Class Initialized
INFO - 2015-12-08 19:35:11 --> Database Driver Class Initialized
DEBUG - 2015-12-08 19:35:11 --> C:\xampp\htdocs\bondora\application\libraries/MY_Table.php exists, but does not declare MY_Table
INFO - 2015-12-08 19:35:11 --> Table Class Initialized
DEBUG - 2015-12-08 19:35:11 --> Session class already loaded. Second attempt ignored.
INFO - 2015-12-08 19:35:11 --> Helper loaded: form_helper
INFO - 2015-12-08 19:35:11 --> Form Validation Class Initialized
INFO - 2015-12-08 19:35:11 --> File loaded: C:\xampp\htdocs\bondora\application\views\templates/header.php
INFO - 2015-12-08 19:35:11 --> File loaded: C:\xampp\htdocs\bondora\application\views\investments/index.php
INFO - 2015-12-08 19:35:11 --> File loaded: C:\xampp\htdocs\bondora\application\views\templates/footer.php
INFO - 2015-12-08 19:35:11 --> Language file loaded: language/english/profiler_lang.php
INFO - 2015-12-08 19:35:11 --> Profiler Class Initialized
INFO - 2015-12-08 19:35:11 --> Helper loaded: text_helper
INFO - 2015-12-08 19:35:11 --> Final output sent to browser
DEBUG - 2015-12-08 19:35:11 --> Total execution time: 0.4650
INFO - 2015-12-08 19:35:11 --> Config Class Initialized
INFO - 2015-12-08 19:35:11 --> Hooks Class Initialized
DEBUG - 2015-12-08 19:35:11 --> UTF-8 Support Disabled
INFO - 2015-12-08 19:35:11 --> Utf8 Class Initialized
INFO - 2015-12-08 19:35:11 --> URI Class Initialized
INFO - 2015-12-08 19:35:11 --> Router Class Initialized
INFO - 2015-12-08 19:35:11 --> Output Class Initialized
INFO - 2015-12-08 19:35:11 --> Security Class Initialized
DEBUG - 2015-12-08 19:35:11 --> Global POST, GET and COOKIE data sanitized
INFO - 2015-12-08 19:35:11 --> Input Class Initialized
INFO - 2015-12-08 19:35:11 --> Language Class Initialized
ERROR - 2015-12-08 19:35:11 --> 404 Page Not Found: Investments/green
INFO - 2015-12-08 19:35:17 --> Config Class Initialized
INFO - 2015-12-08 19:35:17 --> Hooks Class Initialized
DEBUG - 2015-12-08 19:35:17 --> UTF-8 Support Disabled
INFO - 2015-12-08 19:35:17 --> Utf8 Class Initialized
INFO - 2015-12-08 19:35:17 --> URI Class Initialized
INFO - 2015-12-08 19:35:17 --> Router Class Initialized
INFO - 2015-12-08 19:35:17 --> Output Class Initialized
INFO - 2015-12-08 19:35:17 --> Security Class Initialized
DEBUG - 2015-12-08 19:35:17 --> Global POST, GET and COOKIE data sanitized
INFO - 2015-12-08 19:35:17 --> Input Class Initialized
INFO - 2015-12-08 19:35:17 --> Language Class Initialized
INFO - 2015-12-08 19:35:17 --> Loader Class Initialized
INFO - 2015-12-08 19:35:17 --> Helper loaded: url_helper
INFO - 2015-12-08 19:35:17 --> Session: Class initialized using 'files' driver.
DEBUG - 2015-12-08 19:35:17 --> cURL Class Initialized
DEBUG - 2015-12-08 19:35:17 --> OAuth2 class already loaded. Second attempt ignored.
INFO - 2015-12-08 19:35:17 --> Controller Class Initialized
INFO - 2015-12-08 19:35:17 --> Model Class Initialized
INFO - 2015-12-08 19:35:17 --> Database Driver Class Initialized
DEBUG - 2015-12-08 19:35:17 --> C:\xampp\htdocs\bondora\application\libraries/MY_Table.php exists, but does not declare MY_Table
INFO - 2015-12-08 19:35:17 --> Table Class Initialized
DEBUG - 2015-12-08 19:35:17 --> Session class already loaded. Second attempt ignored.
INFO - 2015-12-08 19:35:17 --> Helper loaded: form_helper
INFO - 2015-12-08 19:35:17 --> Form Validation Class Initialized
INFO - 2015-12-08 19:35:20 --> File loaded: C:\xampp\htdocs\bondora\application\views\templates/header.php
INFO - 2015-12-08 19:35:20 --> File loaded: C:\xampp\htdocs\bondora\application\views\investments/index.php
INFO - 2015-12-08 19:35:20 --> File loaded: C:\xampp\htdocs\bondora\application\views\templates/footer.php
INFO - 2015-12-08 19:35:20 --> Language file loaded: language/english/profiler_lang.php
INFO - 2015-12-08 19:35:20 --> Profiler Class Initialized
INFO - 2015-12-08 19:35:20 --> Helper loaded: text_helper
INFO - 2015-12-08 19:35:20 --> Final output sent to browser
DEBUG - 2015-12-08 19:35:20 --> Total execution time: 2.1961
INFO - 2015-12-08 19:35:20 --> Config Class Initialized
INFO - 2015-12-08 19:35:20 --> Hooks Class Initialized
DEBUG - 2015-12-08 19:35:20 --> UTF-8 Support Disabled
INFO - 2015-12-08 19:35:20 --> Utf8 Class Initialized
INFO - 2015-12-08 19:35:20 --> URI Class Initialized
INFO - 2015-12-08 19:35:20 --> Router Class Initialized
INFO - 2015-12-08 19:35:20 --> Output Class Initialized
INFO - 2015-12-08 19:35:20 --> Security Class Initialized
DEBUG - 2015-12-08 19:35:20 --> Global POST, GET and COOKIE data sanitized
INFO - 2015-12-08 19:35:20 --> Input Class Initialized
INFO - 2015-12-08 19:35:20 --> Language Class Initialized
ERROR - 2015-12-08 19:35:20 --> 404 Page Not Found: Investments/green
INFO - 2015-12-08 19:39:11 --> Config Class Initialized
INFO - 2015-12-08 19:39:11 --> Hooks Class Initialized
DEBUG - 2015-12-08 19:39:11 --> UTF-8 Support Disabled
INFO - 2015-12-08 19:39:11 --> Utf8 Class Initialized
INFO - 2015-12-08 19:39:11 --> URI Class Initialized
INFO - 2015-12-08 19:39:11 --> Router Class Initialized
INFO - 2015-12-08 19:39:11 --> Output Class Initialized
INFO - 2015-12-08 19:39:11 --> Security Class Initialized
DEBUG - 2015-12-08 19:39:11 --> Global POST, GET and COOKIE data sanitized
INFO - 2015-12-08 19:39:11 --> Input Class Initialized
INFO - 2015-12-08 19:39:11 --> Language Class Initialized
INFO - 2015-12-08 19:39:11 --> Loader Class Initialized
INFO - 2015-12-08 19:39:11 --> Helper loaded: url_helper
INFO - 2015-12-08 19:39:11 --> Session: Class initialized using 'files' driver.
DEBUG - 2015-12-08 19:39:11 --> cURL Class Initialized
DEBUG - 2015-12-08 19:39:11 --> OAuth2 class already loaded. Second attempt ignored.
INFO - 2015-12-08 19:39:11 --> Controller Class Initialized
INFO - 2015-12-08 19:39:11 --> Model Class Initialized
INFO - 2015-12-08 19:39:11 --> Database Driver Class Initialized
DEBUG - 2015-12-08 19:39:11 --> C:\xampp\htdocs\bondora\application\libraries/MY_Table.php exists, but does not declare MY_Table
INFO - 2015-12-08 19:39:11 --> Table Class Initialized
DEBUG - 2015-12-08 19:39:11 --> Session class already loaded. Second attempt ignored.
INFO - 2015-12-08 19:39:11 --> Helper loaded: form_helper
INFO - 2015-12-08 19:39:11 --> Form Validation Class Initialized
INFO - 2015-12-08 19:39:11 --> File loaded: C:\xampp\htdocs\bondora\application\views\templates/header.php
INFO - 2015-12-08 19:39:11 --> File loaded: C:\xampp\htdocs\bondora\application\views\investments/notsuccess.php
INFO - 2015-12-08 19:39:11 --> File loaded: C:\xampp\htdocs\bondora\application\views\templates/footer.php
INFO - 2015-12-08 19:39:11 --> Language file loaded: language/english/profiler_lang.php
INFO - 2015-12-08 19:39:11 --> Profiler Class Initialized
INFO - 2015-12-08 19:39:11 --> Helper loaded: text_helper
INFO - 2015-12-08 19:39:11 --> Final output sent to browser
DEBUG - 2015-12-08 19:39:11 --> Total execution time: 0.3880
INFO - 2015-12-08 19:39:23 --> Config Class Initialized
INFO - 2015-12-08 19:39:23 --> Hooks Class Initialized
DEBUG - 2015-12-08 19:39:23 --> UTF-8 Support Disabled
INFO - 2015-12-08 19:39:23 --> Utf8 Class Initialized
INFO - 2015-12-08 19:39:23 --> URI Class Initialized
INFO - 2015-12-08 19:39:23 --> Router Class Initialized
INFO - 2015-12-08 19:39:23 --> Output Class Initialized
INFO - 2015-12-08 19:39:23 --> Security Class Initialized
DEBUG - 2015-12-08 19:39:23 --> Global POST, GET and COOKIE data sanitized
INFO - 2015-12-08 19:39:23 --> Input Class Initialized
INFO - 2015-12-08 19:39:23 --> Language Class Initialized
INFO - 2015-12-08 19:39:23 --> Loader Class Initialized
INFO - 2015-12-08 19:39:23 --> Helper loaded: url_helper
INFO - 2015-12-08 19:39:23 --> Session: Class initialized using 'files' driver.
DEBUG - 2015-12-08 19:39:23 --> cURL Class Initialized
DEBUG - 2015-12-08 19:39:23 --> OAuth2 class already loaded. Second attempt ignored.
INFO - 2015-12-08 19:39:23 --> Controller Class Initialized
INFO - 2015-12-08 19:39:23 --> Model Class Initialized
INFO - 2015-12-08 19:39:23 --> Database Driver Class Initialized
DEBUG - 2015-12-08 19:39:23 --> C:\xampp\htdocs\bondora\application\libraries/MY_Table.php exists, but does not declare MY_Table
INFO - 2015-12-08 19:39:23 --> Table Class Initialized
DEBUG - 2015-12-08 19:39:23 --> Session class already loaded. Second attempt ignored.
INFO - 2015-12-08 19:39:23 --> Helper loaded: form_helper
INFO - 2015-12-08 19:39:23 --> Form Validation Class Initialized
INFO - 2015-12-08 19:39:24 --> File loaded: C:\xampp\htdocs\bondora\application\views\templates/header.php
INFO - 2015-12-08 19:39:24 --> File loaded: C:\xampp\htdocs\bondora\application\views\investments/index.php
INFO - 2015-12-08 19:39:24 --> File loaded: C:\xampp\htdocs\bondora\application\views\templates/footer.php
INFO - 2015-12-08 19:39:24 --> Language file loaded: language/english/profiler_lang.php
INFO - 2015-12-08 19:39:24 --> Profiler Class Initialized
INFO - 2015-12-08 19:39:24 --> Helper loaded: text_helper
INFO - 2015-12-08 19:39:24 --> Final output sent to browser
DEBUG - 2015-12-08 19:39:24 --> Total execution time: 0.4080
INFO - 2015-12-08 19:39:24 --> Config Class Initialized
INFO - 2015-12-08 19:39:24 --> Hooks Class Initialized
DEBUG - 2015-12-08 19:39:24 --> UTF-8 Support Disabled
INFO - 2015-12-08 19:39:24 --> Utf8 Class Initialized
INFO - 2015-12-08 19:39:24 --> URI Class Initialized
INFO - 2015-12-08 19:39:24 --> Router Class Initialized
INFO - 2015-12-08 19:39:24 --> Output Class Initialized
INFO - 2015-12-08 19:39:24 --> Security Class Initialized
DEBUG - 2015-12-08 19:39:24 --> Global POST, GET and COOKIE data sanitized
INFO - 2015-12-08 19:39:24 --> Input Class Initialized
INFO - 2015-12-08 19:39:24 --> Language Class Initialized
ERROR - 2015-12-08 19:39:24 --> 404 Page Not Found: Investments/green
INFO - 2015-12-08 19:39:38 --> Config Class Initialized
INFO - 2015-12-08 19:39:38 --> Hooks Class Initialized
DEBUG - 2015-12-08 19:39:38 --> UTF-8 Support Disabled
INFO - 2015-12-08 19:39:38 --> Utf8 Class Initialized
INFO - 2015-12-08 19:39:38 --> URI Class Initialized
INFO - 2015-12-08 19:39:38 --> Router Class Initialized
INFO - 2015-12-08 19:39:38 --> Output Class Initialized
INFO - 2015-12-08 19:39:38 --> Security Class Initialized
DEBUG - 2015-12-08 19:39:38 --> Global POST, GET and COOKIE data sanitized
INFO - 2015-12-08 19:39:38 --> Input Class Initialized
INFO - 2015-12-08 19:39:38 --> Language Class Initialized
INFO - 2015-12-08 19:39:38 --> Loader Class Initialized
INFO - 2015-12-08 19:39:38 --> Helper loaded: url_helper
INFO - 2015-12-08 19:39:38 --> Session: Class initialized using 'files' driver.
DEBUG - 2015-12-08 19:39:38 --> cURL Class Initialized
DEBUG - 2015-12-08 19:39:38 --> OAuth2 class already loaded. Second attempt ignored.
INFO - 2015-12-08 19:39:38 --> Controller Class Initialized
INFO - 2015-12-08 19:39:38 --> Model Class Initialized
INFO - 2015-12-08 19:39:38 --> Database Driver Class Initialized
DEBUG - 2015-12-08 19:39:38 --> C:\xampp\htdocs\bondora\application\libraries/MY_Table.php exists, but does not declare MY_Table
INFO - 2015-12-08 19:39:38 --> Table Class Initialized
DEBUG - 2015-12-08 19:39:38 --> Session class already loaded. Second attempt ignored.
INFO - 2015-12-08 19:39:38 --> Helper loaded: form_helper
INFO - 2015-12-08 19:39:38 --> Form Validation Class Initialized
INFO - 2015-12-08 19:39:39 --> File loaded: C:\xampp\htdocs\bondora\application\views\templates/header.php
INFO - 2015-12-08 19:39:39 --> File loaded: C:\xampp\htdocs\bondora\application\views\bids/index.php
INFO - 2015-12-08 19:39:39 --> File loaded: C:\xampp\htdocs\bondora\application\views\templates/footer.php
INFO - 2015-12-08 19:39:39 --> Language file loaded: language/english/profiler_lang.php
INFO - 2015-12-08 19:39:39 --> Profiler Class Initialized
INFO - 2015-12-08 19:39:39 --> Helper loaded: text_helper
INFO - 2015-12-08 19:39:39 --> Final output sent to browser
DEBUG - 2015-12-08 19:39:39 --> Total execution time: 0.4260
INFO - 2015-12-08 19:41:53 --> Config Class Initialized
INFO - 2015-12-08 19:41:53 --> Hooks Class Initialized
DEBUG - 2015-12-08 19:41:53 --> UTF-8 Support Disabled
INFO - 2015-12-08 19:41:53 --> Utf8 Class Initialized
INFO - 2015-12-08 19:41:53 --> URI Class Initialized
INFO - 2015-12-08 19:41:53 --> Router Class Initialized
INFO - 2015-12-08 19:41:53 --> Output Class Initialized
INFO - 2015-12-08 19:41:53 --> Security Class Initialized
DEBUG - 2015-12-08 19:41:53 --> Global POST, GET and COOKIE data sanitized
INFO - 2015-12-08 19:41:53 --> Input Class Initialized
INFO - 2015-12-08 19:41:53 --> Language Class Initialized
INFO - 2015-12-08 19:41:53 --> Loader Class Initialized
INFO - 2015-12-08 19:41:53 --> Helper loaded: url_helper
INFO - 2015-12-08 19:41:53 --> Session: Class initialized using 'files' driver.
DEBUG - 2015-12-08 19:41:53 --> cURL Class Initialized
DEBUG - 2015-12-08 19:41:53 --> OAuth2 class already loaded. Second attempt ignored.
INFO - 2015-12-08 19:41:53 --> Controller Class Initialized
INFO - 2015-12-08 19:41:53 --> Model Class Initialized
INFO - 2015-12-08 19:41:53 --> Database Driver Class Initialized
DEBUG - 2015-12-08 19:41:53 --> C:\xampp\htdocs\bondora\application\libraries/MY_Table.php exists, but does not declare MY_Table
INFO - 2015-12-08 19:41:53 --> Table Class Initialized
DEBUG - 2015-12-08 19:41:53 --> Session class already loaded. Second attempt ignored.
INFO - 2015-12-08 19:41:53 --> Helper loaded: form_helper
INFO - 2015-12-08 19:41:53 --> Form Validation Class Initialized
INFO - 2015-12-08 19:41:54 --> File loaded: C:\xampp\htdocs\bondora\application\views\templates/header.php
INFO - 2015-12-08 19:41:54 --> File loaded: C:\xampp\htdocs\bondora\application\views\investments/index.php
INFO - 2015-12-08 19:41:54 --> File loaded: C:\xampp\htdocs\bondora\application\views\templates/footer.php
INFO - 2015-12-08 19:41:54 --> Language file loaded: language/english/profiler_lang.php
INFO - 2015-12-08 19:41:54 --> Profiler Class Initialized
INFO - 2015-12-08 19:41:54 --> Helper loaded: text_helper
INFO - 2015-12-08 19:41:54 --> Final output sent to browser
DEBUG - 2015-12-08 19:41:54 --> Total execution time: 0.4240
INFO - 2015-12-08 19:41:54 --> Config Class Initialized
INFO - 2015-12-08 19:41:54 --> Hooks Class Initialized
DEBUG - 2015-12-08 19:41:54 --> UTF-8 Support Disabled
INFO - 2015-12-08 19:41:54 --> Utf8 Class Initialized
INFO - 2015-12-08 19:41:54 --> URI Class Initialized
INFO - 2015-12-08 19:41:54 --> Router Class Initialized
INFO - 2015-12-08 19:41:54 --> Output Class Initialized
INFO - 2015-12-08 19:41:54 --> Security Class Initialized
DEBUG - 2015-12-08 19:41:54 --> Global POST, GET and COOKIE data sanitized
INFO - 2015-12-08 19:41:54 --> Input Class Initialized
INFO - 2015-12-08 19:41:54 --> Language Class Initialized
ERROR - 2015-12-08 19:41:54 --> 404 Page Not Found: Investments/green
INFO - 2015-12-08 19:44:05 --> Config Class Initialized
INFO - 2015-12-08 19:44:05 --> Hooks Class Initialized
DEBUG - 2015-12-08 19:44:05 --> UTF-8 Support Disabled
INFO - 2015-12-08 19:44:05 --> Utf8 Class Initialized
INFO - 2015-12-08 19:44:05 --> URI Class Initialized
INFO - 2015-12-08 19:44:05 --> Router Class Initialized
INFO - 2015-12-08 19:44:05 --> Output Class Initialized
INFO - 2015-12-08 19:44:05 --> Security Class Initialized
DEBUG - 2015-12-08 19:44:05 --> Global POST, GET and COOKIE data sanitized
INFO - 2015-12-08 19:44:05 --> Input Class Initialized
INFO - 2015-12-08 19:44:05 --> Language Class Initialized
INFO - 2015-12-08 19:44:05 --> Loader Class Initialized
INFO - 2015-12-08 19:44:05 --> Helper loaded: url_helper
INFO - 2015-12-08 19:44:05 --> Session: Class initialized using 'files' driver.
DEBUG - 2015-12-08 19:44:05 --> cURL Class Initialized
DEBUG - 2015-12-08 19:44:05 --> OAuth2 class already loaded. Second attempt ignored.
INFO - 2015-12-08 19:44:05 --> Controller Class Initialized
INFO - 2015-12-08 19:44:05 --> Model Class Initialized
INFO - 2015-12-08 19:44:05 --> Database Driver Class Initialized
DEBUG - 2015-12-08 19:44:05 --> C:\xampp\htdocs\bondora\application\libraries/MY_Table.php exists, but does not declare MY_Table
INFO - 2015-12-08 19:44:05 --> Table Class Initialized
DEBUG - 2015-12-08 19:44:05 --> Session class already loaded. Second attempt ignored.
INFO - 2015-12-08 19:44:05 --> Helper loaded: form_helper
INFO - 2015-12-08 19:44:05 --> Form Validation Class Initialized
INFO - 2015-12-08 19:44:06 --> File loaded: C:\xampp\htdocs\bondora\application\views\templates/header.php
INFO - 2015-12-08 19:44:06 --> File loaded: C:\xampp\htdocs\bondora\application\views\investments/index.php
INFO - 2015-12-08 19:44:06 --> File loaded: C:\xampp\htdocs\bondora\application\views\templates/footer.php
INFO - 2015-12-08 19:44:06 --> Language file loaded: language/english/profiler_lang.php
INFO - 2015-12-08 19:44:06 --> Profiler Class Initialized
INFO - 2015-12-08 19:44:06 --> Helper loaded: text_helper
INFO - 2015-12-08 19:44:06 --> Final output sent to browser
DEBUG - 2015-12-08 19:44:06 --> Total execution time: 0.4120
INFO - 2015-12-08 19:44:06 --> Config Class Initialized
INFO - 2015-12-08 19:44:06 --> Hooks Class Initialized
DEBUG - 2015-12-08 19:44:06 --> UTF-8 Support Disabled
INFO - 2015-12-08 19:44:06 --> Utf8 Class Initialized
INFO - 2015-12-08 19:44:06 --> URI Class Initialized
INFO - 2015-12-08 19:44:06 --> Router Class Initialized
INFO - 2015-12-08 19:44:06 --> Output Class Initialized
INFO - 2015-12-08 19:44:06 --> Security Class Initialized
DEBUG - 2015-12-08 19:44:06 --> Global POST, GET and COOKIE data sanitized
INFO - 2015-12-08 19:44:06 --> Input Class Initialized
INFO - 2015-12-08 19:44:06 --> Language Class Initialized
ERROR - 2015-12-08 19:44:06 --> 404 Page Not Found: Investments/green
INFO - 2015-12-08 19:45:35 --> Config Class Initialized
INFO - 2015-12-08 19:45:35 --> Hooks Class Initialized
DEBUG - 2015-12-08 19:45:35 --> UTF-8 Support Disabled
INFO - 2015-12-08 19:45:35 --> Utf8 Class Initialized
INFO - 2015-12-08 19:45:35 --> URI Class Initialized
INFO - 2015-12-08 19:45:35 --> Router Class Initialized
INFO - 2015-12-08 19:45:35 --> Output Class Initialized
INFO - 2015-12-08 19:45:35 --> Security Class Initialized
DEBUG - 2015-12-08 19:45:35 --> Global POST, GET and COOKIE data sanitized
INFO - 2015-12-08 19:45:35 --> Input Class Initialized
INFO - 2015-12-08 19:45:35 --> Language Class Initialized
INFO - 2015-12-08 19:45:35 --> Loader Class Initialized
INFO - 2015-12-08 19:45:35 --> Helper loaded: url_helper
INFO - 2015-12-08 19:45:35 --> Session: Class initialized using 'files' driver.
DEBUG - 2015-12-08 19:45:35 --> cURL Class Initialized
DEBUG - 2015-12-08 19:45:35 --> OAuth2 class already loaded. Second attempt ignored.
INFO - 2015-12-08 19:45:35 --> Controller Class Initialized
INFO - 2015-12-08 19:45:35 --> Model Class Initialized
INFO - 2015-12-08 19:45:35 --> Database Driver Class Initialized
DEBUG - 2015-12-08 19:45:35 --> C:\xampp\htdocs\bondora\application\libraries/MY_Table.php exists, but does not declare MY_Table
INFO - 2015-12-08 19:45:35 --> Table Class Initialized
DEBUG - 2015-12-08 19:45:35 --> Session class already loaded. Second attempt ignored.
INFO - 2015-12-08 19:45:35 --> Helper loaded: form_helper
INFO - 2015-12-08 19:45:35 --> Form Validation Class Initialized
INFO - 2015-12-08 19:45:35 --> File loaded: C:\xampp\htdocs\bondora\application\views\templates/header.php
INFO - 2015-12-08 19:45:35 --> File loaded: C:\xampp\htdocs\bondora\application\views\investments/index.php
INFO - 2015-12-08 19:45:35 --> File loaded: C:\xampp\htdocs\bondora\application\views\templates/footer.php
INFO - 2015-12-08 19:45:35 --> Language file loaded: language/english/profiler_lang.php
INFO - 2015-12-08 19:45:35 --> Profiler Class Initialized
INFO - 2015-12-08 19:45:35 --> Helper loaded: text_helper
INFO - 2015-12-08 19:45:35 --> Final output sent to browser
DEBUG - 2015-12-08 19:45:35 --> Total execution time: 0.3850
INFO - 2015-12-08 19:45:35 --> Config Class Initialized
INFO - 2015-12-08 19:45:35 --> Hooks Class Initialized
DEBUG - 2015-12-08 19:45:35 --> UTF-8 Support Disabled
INFO - 2015-12-08 19:45:35 --> Utf8 Class Initialized
INFO - 2015-12-08 19:45:35 --> URI Class Initialized
INFO - 2015-12-08 19:45:35 --> Router Class Initialized
INFO - 2015-12-08 19:45:35 --> Output Class Initialized
INFO - 2015-12-08 19:45:35 --> Security Class Initialized
DEBUG - 2015-12-08 19:45:35 --> Global POST, GET and COOKIE data sanitized
INFO - 2015-12-08 19:45:35 --> Input Class Initialized
INFO - 2015-12-08 19:45:35 --> Language Class Initialized
ERROR - 2015-12-08 19:45:35 --> 404 Page Not Found: Investments/green
INFO - 2015-12-08 19:47:04 --> Config Class Initialized
INFO - 2015-12-08 19:47:04 --> Hooks Class Initialized
DEBUG - 2015-12-08 19:47:04 --> UTF-8 Support Disabled
INFO - 2015-12-08 19:47:04 --> Utf8 Class Initialized
INFO - 2015-12-08 19:47:04 --> URI Class Initialized
INFO - 2015-12-08 19:47:04 --> Router Class Initialized
INFO - 2015-12-08 19:47:04 --> Output Class Initialized
INFO - 2015-12-08 19:47:04 --> Security Class Initialized
DEBUG - 2015-12-08 19:47:04 --> Global POST, GET and COOKIE data sanitized
INFO - 2015-12-08 19:47:04 --> Input Class Initialized
INFO - 2015-12-08 19:47:04 --> Language Class Initialized
INFO - 2015-12-08 19:47:04 --> Loader Class Initialized
INFO - 2015-12-08 19:47:04 --> Helper loaded: url_helper
INFO - 2015-12-08 19:47:04 --> Session: Class initialized using 'files' driver.
DEBUG - 2015-12-08 19:47:04 --> cURL Class Initialized
DEBUG - 2015-12-08 19:47:04 --> OAuth2 class already loaded. Second attempt ignored.
INFO - 2015-12-08 19:47:04 --> Controller Class Initialized
INFO - 2015-12-08 19:47:04 --> Model Class Initialized
INFO - 2015-12-08 19:47:04 --> Database Driver Class Initialized
DEBUG - 2015-12-08 19:47:04 --> C:\xampp\htdocs\bondora\application\libraries/MY_Table.php exists, but does not declare MY_Table
INFO - 2015-12-08 19:47:04 --> Table Class Initialized
DEBUG - 2015-12-08 19:47:04 --> Session class already loaded. Second attempt ignored.
INFO - 2015-12-08 19:47:04 --> Helper loaded: form_helper
INFO - 2015-12-08 19:47:04 --> Form Validation Class Initialized
INFO - 2015-12-08 19:47:04 --> File loaded: C:\xampp\htdocs\bondora\application\views\templates/header.php
INFO - 2015-12-08 19:47:04 --> File loaded: C:\xampp\htdocs\bondora\application\views\investments/success.php
INFO - 2015-12-08 19:47:04 --> File loaded: C:\xampp\htdocs\bondora\application\views\templates/footer.php
INFO - 2015-12-08 19:47:04 --> Language file loaded: language/english/profiler_lang.php
INFO - 2015-12-08 19:47:04 --> Profiler Class Initialized
INFO - 2015-12-08 19:47:04 --> Helper loaded: text_helper
INFO - 2015-12-08 19:47:04 --> Final output sent to browser
DEBUG - 2015-12-08 19:47:04 --> Total execution time: 0.3780
INFO - 2015-12-08 19:47:12 --> Config Class Initialized
INFO - 2015-12-08 19:47:12 --> Hooks Class Initialized
DEBUG - 2015-12-08 19:47:12 --> UTF-8 Support Disabled
INFO - 2015-12-08 19:47:12 --> Utf8 Class Initialized
INFO - 2015-12-08 19:47:12 --> URI Class Initialized
INFO - 2015-12-08 19:47:12 --> Router Class Initialized
INFO - 2015-12-08 19:47:12 --> Output Class Initialized
INFO - 2015-12-08 19:47:12 --> Security Class Initialized
DEBUG - 2015-12-08 19:47:12 --> Global POST, GET and COOKIE data sanitized
INFO - 2015-12-08 19:47:12 --> Input Class Initialized
INFO - 2015-12-08 19:47:12 --> Language Class Initialized
INFO - 2015-12-08 19:47:12 --> Loader Class Initialized
INFO - 2015-12-08 19:47:12 --> Helper loaded: url_helper
INFO - 2015-12-08 19:47:12 --> Session: Class initialized using 'files' driver.
DEBUG - 2015-12-08 19:47:12 --> cURL Class Initialized
DEBUG - 2015-12-08 19:47:12 --> OAuth2 class already loaded. Second attempt ignored.
INFO - 2015-12-08 19:47:12 --> Controller Class Initialized
INFO - 2015-12-08 19:47:12 --> Model Class Initialized
INFO - 2015-12-08 19:47:12 --> Database Driver Class Initialized
DEBUG - 2015-12-08 19:47:12 --> C:\xampp\htdocs\bondora\application\libraries/MY_Table.php exists, but does not declare MY_Table
INFO - 2015-12-08 19:47:12 --> Table Class Initialized
DEBUG - 2015-12-08 19:47:12 --> Session class already loaded. Second attempt ignored.
INFO - 2015-12-08 19:47:12 --> Helper loaded: form_helper
INFO - 2015-12-08 19:47:12 --> Form Validation Class Initialized
INFO - 2015-12-08 19:47:12 --> File loaded: C:\xampp\htdocs\bondora\application\views\templates/header.php
INFO - 2015-12-08 19:47:12 --> File loaded: C:\xampp\htdocs\bondora\application\views\investments/index.php
INFO - 2015-12-08 19:47:12 --> File loaded: C:\xampp\htdocs\bondora\application\views\templates/footer.php
INFO - 2015-12-08 19:47:12 --> Language file loaded: language/english/profiler_lang.php
INFO - 2015-12-08 19:47:12 --> Profiler Class Initialized
INFO - 2015-12-08 19:47:12 --> Helper loaded: text_helper
INFO - 2015-12-08 19:47:12 --> Final output sent to browser
DEBUG - 2015-12-08 19:47:12 --> Total execution time: 0.4470
INFO - 2015-12-08 19:47:13 --> Config Class Initialized
INFO - 2015-12-08 19:47:13 --> Hooks Class Initialized
DEBUG - 2015-12-08 19:47:13 --> UTF-8 Support Disabled
INFO - 2015-12-08 19:47:13 --> Utf8 Class Initialized
INFO - 2015-12-08 19:47:13 --> URI Class Initialized
INFO - 2015-12-08 19:47:13 --> Router Class Initialized
INFO - 2015-12-08 19:47:13 --> Output Class Initialized
INFO - 2015-12-08 19:47:13 --> Security Class Initialized
DEBUG - 2015-12-08 19:47:13 --> Global POST, GET and COOKIE data sanitized
INFO - 2015-12-08 19:47:13 --> Input Class Initialized
INFO - 2015-12-08 19:47:13 --> Language Class Initialized
ERROR - 2015-12-08 19:47:13 --> 404 Page Not Found: Investments/green
INFO - 2015-12-08 19:47:23 --> Config Class Initialized
INFO - 2015-12-08 19:47:23 --> Hooks Class Initialized
DEBUG - 2015-12-08 19:47:23 --> UTF-8 Support Disabled
INFO - 2015-12-08 19:47:23 --> Utf8 Class Initialized
INFO - 2015-12-08 19:47:23 --> URI Class Initialized
INFO - 2015-12-08 19:47:23 --> Router Class Initialized
INFO - 2015-12-08 19:47:23 --> Output Class Initialized
INFO - 2015-12-08 19:47:23 --> Security Class Initialized
DEBUG - 2015-12-08 19:47:23 --> Global POST, GET and COOKIE data sanitized
INFO - 2015-12-08 19:47:23 --> Input Class Initialized
INFO - 2015-12-08 19:47:23 --> Language Class Initialized
INFO - 2015-12-08 19:47:23 --> Loader Class Initialized
INFO - 2015-12-08 19:47:23 --> Helper loaded: url_helper
INFO - 2015-12-08 19:47:23 --> Session: Class initialized using 'files' driver.
DEBUG - 2015-12-08 19:47:23 --> cURL Class Initialized
DEBUG - 2015-12-08 19:47:23 --> OAuth2 class already loaded. Second attempt ignored.
INFO - 2015-12-08 19:47:23 --> Controller Class Initialized
INFO - 2015-12-08 19:47:23 --> Model Class Initialized
INFO - 2015-12-08 19:47:23 --> Database Driver Class Initialized
DEBUG - 2015-12-08 19:47:23 --> C:\xampp\htdocs\bondora\application\libraries/MY_Table.php exists, but does not declare MY_Table
INFO - 2015-12-08 19:47:23 --> Table Class Initialized
DEBUG - 2015-12-08 19:47:23 --> Session class already loaded. Second attempt ignored.
INFO - 2015-12-08 19:47:23 --> Helper loaded: form_helper
INFO - 2015-12-08 19:47:23 --> Form Validation Class Initialized
INFO - 2015-12-08 19:47:25 --> File loaded: C:\xampp\htdocs\bondora\application\views\templates/header.php
INFO - 2015-12-08 19:47:25 --> File loaded: C:\xampp\htdocs\bondora\application\views\investments/index.php
INFO - 2015-12-08 19:47:25 --> File loaded: C:\xampp\htdocs\bondora\application\views\templates/footer.php
INFO - 2015-12-08 19:47:25 --> Language file loaded: language/english/profiler_lang.php
INFO - 2015-12-08 19:47:25 --> Profiler Class Initialized
INFO - 2015-12-08 19:47:25 --> Helper loaded: text_helper
INFO - 2015-12-08 19:47:25 --> Final output sent to browser
DEBUG - 2015-12-08 19:47:25 --> Total execution time: 1.9561
INFO - 2015-12-08 19:47:26 --> Config Class Initialized
INFO - 2015-12-08 19:47:26 --> Hooks Class Initialized
DEBUG - 2015-12-08 19:47:26 --> UTF-8 Support Disabled
INFO - 2015-12-08 19:47:26 --> Utf8 Class Initialized
INFO - 2015-12-08 19:47:26 --> URI Class Initialized
INFO - 2015-12-08 19:47:26 --> Router Class Initialized
INFO - 2015-12-08 19:47:26 --> Output Class Initialized
INFO - 2015-12-08 19:47:26 --> Security Class Initialized
DEBUG - 2015-12-08 19:47:26 --> Global POST, GET and COOKIE data sanitized
INFO - 2015-12-08 19:47:26 --> Input Class Initialized
INFO - 2015-12-08 19:47:26 --> Language Class Initialized
ERROR - 2015-12-08 19:47:26 --> 404 Page Not Found: Investments/green
