DEBUG - 2016-07-11 12:35:43 --> UTF-8 Support Disabled
DEBUG - 2016-07-11 12:35:43 --> Global POST, GET and COOKIE data sanitized
DEBUG - 2016-07-11 12:35:43 --> cURL Class Initialized
DEBUG - 2016-07-11 12:35:43 --> OAuth2 class already loaded. Second attempt ignored.
DEBUG - 2016-07-11 12:35:44 --> C:\xampp\htdocs\bondora\application\libraries/MY_Table.php exists, but does not declare MY_Table
DEBUG - 2016-07-11 12:35:44 --> Session class already loaded. Second attempt ignored.
DEBUG - 2016-07-11 12:35:44 --> UTF-8 Support Disabled
DEBUG - 2016-07-11 12:35:44 --> Global POST, GET and COOKIE data sanitized
DEBUG - 2016-07-11 12:35:44 --> cURL Class Initialized
DEBUG - 2016-07-11 12:35:44 --> OAuth2 class already loaded. Second attempt ignored.
DEBUG - 2016-07-11 12:35:44 --> Session class already loaded. Second attempt ignored.
DEBUG - 2016-07-11 12:35:44 --> Total execution time: 0.0760
DEBUG - 2016-07-11 12:35:44 --> UTF-8 Support Disabled
DEBUG - 2016-07-11 12:35:44 --> Global POST, GET and COOKIE data sanitized
ERROR - 2016-07-11 12:35:44 --> 404 Page Not Found: User/bootstrap
DEBUG - 2016-07-11 12:35:49 --> UTF-8 Support Disabled
DEBUG - 2016-07-11 12:35:49 --> Global POST, GET and COOKIE data sanitized
DEBUG - 2016-07-11 12:35:50 --> cURL Class Initialized
DEBUG - 2016-07-11 12:35:50 --> OAuth2 class already loaded. Second attempt ignored.
DEBUG - 2016-07-11 12:35:50 --> Session class already loaded. Second attempt ignored.
DEBUG - 2016-07-11 12:35:50 --> UTF-8 Support Disabled
DEBUG - 2016-07-11 12:35:50 --> Global POST, GET and COOKIE data sanitized
DEBUG - 2016-07-11 12:35:50 --> cURL Class Initialized
DEBUG - 2016-07-11 12:35:50 --> OAuth2 class already loaded. Second attempt ignored.
DEBUG - 2016-07-11 12:35:50 --> C:\xampp\htdocs\bondora\application\libraries/MY_Table.php exists, but does not declare MY_Table
DEBUG - 2016-07-11 12:35:50 --> Session class already loaded. Second attempt ignored.
DEBUG - 2016-07-11 12:35:50 --> SELECT *
FROM `select` `a`.*, `b`.`statusCode from auction_payload a LEFT JOIN bid_payload b ON a`.`auctionId=b`.`auctionId and a`.`user=b`.`userName where` `user="mehike"`
DEBUG - 2016-07-11 12:35:50 --> Total execution time: 0.1640
DEBUG - 2016-07-11 12:35:50 --> UTF-8 Support Disabled
DEBUG - 2016-07-11 12:35:50 --> Global POST, GET and COOKIE data sanitized
ERROR - 2016-07-11 12:35:50 --> 404 Page Not Found: Auctions/bootstrap
DEBUG - 2016-07-11 12:35:53 --> UTF-8 Support Disabled
DEBUG - 2016-07-11 12:35:53 --> Global POST, GET and COOKIE data sanitized
DEBUG - 2016-07-11 12:35:53 --> cURL Class Initialized
DEBUG - 2016-07-11 12:35:53 --> OAuth2 class already loaded. Second attempt ignored.
DEBUG - 2016-07-11 12:35:53 --> C:\xampp\htdocs\bondora\application\libraries/MY_Table.php exists, but does not declare MY_Table
DEBUG - 2016-07-11 12:35:53 --> Session class already loaded. Second attempt ignored.
DEBUG - 2016-07-11 12:35:53 --> UTF-8 Support Disabled
DEBUG - 2016-07-11 12:35:53 --> Global POST, GET and COOKIE data sanitized
DEBUG - 2016-07-11 12:35:53 --> cURL Class Initialized
DEBUG - 2016-07-11 12:35:53 --> OAuth2 class already loaded. Second attempt ignored.
DEBUG - 2016-07-11 12:36:04 --> UTF-8 Support Disabled
DEBUG - 2016-07-11 12:36:04 --> Global POST, GET and COOKIE data sanitized
DEBUG - 2016-07-11 12:36:04 --> cURL Class Initialized
DEBUG - 2016-07-11 12:36:04 --> OAuth2 class already loaded. Second attempt ignored.
DEBUG - 2016-07-11 12:36:06 --> UTF-8 Support Disabled
DEBUG - 2016-07-11 12:36:06 --> Global POST, GET and COOKIE data sanitized
DEBUG - 2016-07-11 12:36:06 --> cURL Class Initialized
DEBUG - 2016-07-11 12:36:06 --> OAuth2 class already loaded. Second attempt ignored.
DEBUG - 2016-07-11 12:36:09 --> UTF-8 Support Disabled
DEBUG - 2016-07-11 12:36:09 --> Global POST, GET and COOKIE data sanitized
DEBUG - 2016-07-11 12:36:09 --> cURL Class Initialized
DEBUG - 2016-07-11 12:36:09 --> OAuth2 class already loaded. Second attempt ignored.
DEBUG - 2016-07-11 12:36:11 --> UTF-8 Support Disabled
DEBUG - 2016-07-11 12:36:11 --> Global POST, GET and COOKIE data sanitized
DEBUG - 2016-07-11 12:36:11 --> cURL Class Initialized
DEBUG - 2016-07-11 12:36:11 --> OAuth2 class already loaded. Second attempt ignored.
DEBUG - 2016-07-11 12:36:11 --> C:\xampp\htdocs\bondora\application\libraries/MY_Table.php exists, but does not declare MY_Table
DEBUG - 2016-07-11 12:36:11 --> Session class already loaded. Second attempt ignored.
DEBUG - 2016-07-11 12:36:13 --> UTF-8 Support Disabled
DEBUG - 2016-07-11 12:36:13 --> Global POST, GET and COOKIE data sanitized
DEBUG - 2016-07-11 12:36:13 --> cURL Class Initialized
DEBUG - 2016-07-11 12:36:13 --> OAuth2 class already loaded. Second attempt ignored.
DEBUG - 2016-07-11 12:36:16 --> UTF-8 Support Disabled
DEBUG - 2016-07-11 12:36:16 --> Global POST, GET and COOKIE data sanitized
DEBUG - 2016-07-11 12:36:16 --> cURL Class Initialized
DEBUG - 2016-07-11 12:36:16 --> OAuth2 class already loaded. Second attempt ignored.
DEBUG - 2016-07-11 12:36:17 --> UTF-8 Support Disabled
DEBUG - 2016-07-11 12:36:17 --> Global POST, GET and COOKIE data sanitized
DEBUG - 2016-07-11 12:36:17 --> cURL Class Initialized
DEBUG - 2016-07-11 12:36:17 --> OAuth2 class already loaded. Second attempt ignored.
DEBUG - 2016-07-11 12:36:18 --> UTF-8 Support Disabled
DEBUG - 2016-07-11 12:36:19 --> Global POST, GET and COOKIE data sanitized
DEBUG - 2016-07-11 12:36:19 --> cURL Class Initialized
DEBUG - 2016-07-11 12:36:19 --> OAuth2 class already loaded. Second attempt ignored.
DEBUG - 2016-07-11 12:36:19 --> C:\xampp\htdocs\bondora\application\libraries/MY_Table.php exists, but does not declare MY_Table
DEBUG - 2016-07-11 12:36:19 --> Session class already loaded. Second attempt ignored.
DEBUG - 2016-07-11 12:36:19 --> SELECT *
FROM `select` `a`.*, `b`.`statusCode from auction_payload a LEFT JOIN bid_payload b ON a`.`auctionId=b`.`auctionId and a`.`user=b`.`userName where` `user="mehike"`
DEBUG - 2016-07-11 12:36:19 --> Total execution time: 0.6931
DEBUG - 2016-07-11 12:36:20 --> UTF-8 Support Disabled
DEBUG - 2016-07-11 12:36:20 --> Global POST, GET and COOKIE data sanitized
ERROR - 2016-07-11 12:36:20 --> 404 Page Not Found: Auctions/bootstrap
DEBUG - 2016-07-11 12:36:26 --> UTF-8 Support Disabled
DEBUG - 2016-07-11 12:36:26 --> Global POST, GET and COOKIE data sanitized
DEBUG - 2016-07-11 12:36:26 --> cURL Class Initialized
DEBUG - 2016-07-11 12:36:26 --> OAuth2 class already loaded. Second attempt ignored.
DEBUG - 2016-07-11 12:36:26 --> C:\xampp\htdocs\bondora\application\libraries/MY_Table.php exists, but does not declare MY_Table
DEBUG - 2016-07-11 12:36:26 --> Session class already loaded. Second attempt ignored.
DEBUG - 2016-07-11 12:36:26 --> SELECT *
FROM `select` `a`.*, `b`.`listedOnDate`, `b`.`xirr`, `b`.`secondaryId`, `b`.`desiredDiscountRate from bondora`.`investment_payload a LEFT JOIN bondora`.`secondary b ON a`.`loanPartId=b`.`loanPartId and a`.`user=b`.`user where a`.`user="mehike" order by` `a`.`signedDate`, `a`.`auctionId`
ERROR - 2016-07-11 12:36:26 --> Severity: Notice --> Undefined offset: 33 C:\xampp\htdocs\bondora\application\views\investments\index.php 880
ERROR - 2016-07-11 12:36:26 --> Severity: Notice --> Undefined offset: 33 C:\xampp\htdocs\bondora\application\views\investments\index.php 880
ERROR - 2016-07-11 12:36:26 --> Severity: Notice --> Undefined offset: 33 C:\xampp\htdocs\bondora\application\views\investments\index.php 880
ERROR - 2016-07-11 12:36:26 --> Severity: Notice --> Undefined offset: 32 C:\xampp\htdocs\bondora\application\views\investments\index.php 880
ERROR - 2016-07-11 12:36:26 --> Severity: Notice --> Undefined offset: 33 C:\xampp\htdocs\bondora\application\views\investments\index.php 880
ERROR - 2016-07-11 12:36:26 --> Severity: Notice --> Undefined offset: 31 C:\xampp\htdocs\bondora\application\views\investments\index.php 880
ERROR - 2016-07-11 12:36:26 --> Severity: Notice --> Undefined offset: 33 C:\xampp\htdocs\bondora\application\views\investments\index.php 880
ERROR - 2016-07-11 12:36:26 --> Severity: Notice --> Undefined offset: 33 C:\xampp\htdocs\bondora\application\views\investments\index.php 880
ERROR - 2016-07-11 12:36:26 --> Severity: Notice --> Undefined offset: 31 C:\xampp\htdocs\bondora\application\views\investments\index.php 880
ERROR - 2016-07-11 12:36:26 --> Severity: Notice --> Undefined offset: 30 C:\xampp\htdocs\bondora\application\views\investments\index.php 880
ERROR - 2016-07-11 12:36:26 --> Severity: Notice --> Undefined offset: 31 C:\xampp\htdocs\bondora\application\views\investments\index.php 880
ERROR - 2016-07-11 12:36:26 --> Severity: Notice --> Undefined offset: 31 C:\xampp\htdocs\bondora\application\views\investments\index.php 880
ERROR - 2016-07-11 12:36:26 --> Severity: Notice --> Undefined offset: 32 C:\xampp\htdocs\bondora\application\views\investments\index.php 880
ERROR - 2016-07-11 12:36:26 --> Severity: Notice --> Undefined offset: 33 C:\xampp\htdocs\bondora\application\views\investments\index.php 880
ERROR - 2016-07-11 12:36:26 --> Severity: Notice --> Undefined offset: 33 C:\xampp\htdocs\bondora\application\views\investments\index.php 880
ERROR - 2016-07-11 12:36:26 --> Severity: Notice --> Undefined offset: 33 C:\xampp\htdocs\bondora\application\views\investments\index.php 880
ERROR - 2016-07-11 12:36:26 --> Severity: Notice --> Undefined offset: 33 C:\xampp\htdocs\bondora\application\views\investments\index.php 880
ERROR - 2016-07-11 12:36:26 --> Severity: Notice --> Undefined offset: 41 C:\xampp\htdocs\bondora\application\views\investments\index.php 880
ERROR - 2016-07-11 12:36:26 --> Severity: Notice --> Undefined offset: 30 C:\xampp\htdocs\bondora\application\views\investments\index.php 880
ERROR - 2016-07-11 12:36:26 --> Severity: Notice --> Undefined offset: 31 C:\xampp\htdocs\bondora\application\views\investments\index.php 880
ERROR - 2016-07-11 12:36:26 --> Severity: Notice --> Undefined offset: 31 C:\xampp\htdocs\bondora\application\views\investments\index.php 880
ERROR - 2016-07-11 12:36:26 --> Severity: Notice --> Undefined offset: 33 C:\xampp\htdocs\bondora\application\views\investments\index.php 880
ERROR - 2016-07-11 12:36:26 --> Severity: Notice --> Undefined offset: 31 C:\xampp\htdocs\bondora\application\views\investments\index.php 880
DEBUG - 2016-07-11 12:36:26 --> Total execution time: 0.1640
DEBUG - 2016-07-11 12:36:26 --> UTF-8 Support Disabled
DEBUG - 2016-07-11 12:36:26 --> Global POST, GET and COOKIE data sanitized
ERROR - 2016-07-11 12:36:26 --> 404 Page Not Found: Investments/bootstrap
DEBUG - 2016-07-11 12:36:28 --> UTF-8 Support Disabled
DEBUG - 2016-07-11 12:36:28 --> Global POST, GET and COOKIE data sanitized
DEBUG - 2016-07-11 12:36:28 --> cURL Class Initialized
DEBUG - 2016-07-11 12:36:28 --> OAuth2 class already loaded. Second attempt ignored.
DEBUG - 2016-07-11 12:36:28 --> C:\xampp\htdocs\bondora\application\libraries/MY_Table.php exists, but does not declare MY_Table
DEBUG - 2016-07-11 12:36:28 --> Session class already loaded. Second attempt ignored.
DEBUG - 2016-07-11 12:36:28 --> Total execution time: 0.1280
DEBUG - 2016-07-11 12:36:28 --> UTF-8 Support Disabled
DEBUG - 2016-07-11 12:36:28 --> Global POST, GET and COOKIE data sanitized
ERROR - 2016-07-11 12:36:28 --> 404 Page Not Found: Secondary/bootstrap
DEBUG - 2016-07-11 12:36:30 --> UTF-8 Support Disabled
DEBUG - 2016-07-11 12:36:30 --> Global POST, GET and COOKIE data sanitized
DEBUG - 2016-07-11 12:36:30 --> cURL Class Initialized
DEBUG - 2016-07-11 12:36:30 --> OAuth2 class already loaded. Second attempt ignored.
DEBUG - 2016-07-11 12:36:30 --> C:\xampp\htdocs\bondora\application\libraries/MY_Table.php exists, but does not declare MY_Table
DEBUG - 2016-07-11 12:36:30 --> Session class already loaded. Second attempt ignored.
DEBUG - 2016-07-11 12:36:30 --> SELECT *
FROM `select` `a`.*, `b`.`listedOnDate`, `b`.`xirr`, `b`.`secondaryId`, `b`.`desiredDiscountRate from bondora`.`investment_payload a LEFT JOIN bondora`.`secondary b ON a`.`loanPartId=b`.`loanPartId and a`.`user=b`.`user where a`.`user="mehike" order by` `a`.`signedDate`, `a`.`auctionId`
ERROR - 2016-07-11 12:36:30 --> Severity: Notice --> Undefined offset: 33 C:\xampp\htdocs\bondora\application\views\investments\index.php 880
ERROR - 2016-07-11 12:36:30 --> Severity: Notice --> Undefined offset: 33 C:\xampp\htdocs\bondora\application\views\investments\index.php 880
ERROR - 2016-07-11 12:36:30 --> Severity: Notice --> Undefined offset: 33 C:\xampp\htdocs\bondora\application\views\investments\index.php 880
ERROR - 2016-07-11 12:36:30 --> Severity: Notice --> Undefined offset: 32 C:\xampp\htdocs\bondora\application\views\investments\index.php 880
ERROR - 2016-07-11 12:36:30 --> Severity: Notice --> Undefined offset: 33 C:\xampp\htdocs\bondora\application\views\investments\index.php 880
ERROR - 2016-07-11 12:36:30 --> Severity: Notice --> Undefined offset: 31 C:\xampp\htdocs\bondora\application\views\investments\index.php 880
ERROR - 2016-07-11 12:36:30 --> Severity: Notice --> Undefined offset: 33 C:\xampp\htdocs\bondora\application\views\investments\index.php 880
ERROR - 2016-07-11 12:36:30 --> Severity: Notice --> Undefined offset: 33 C:\xampp\htdocs\bondora\application\views\investments\index.php 880
ERROR - 2016-07-11 12:36:30 --> Severity: Notice --> Undefined offset: 31 C:\xampp\htdocs\bondora\application\views\investments\index.php 880
ERROR - 2016-07-11 12:36:30 --> Severity: Notice --> Undefined offset: 30 C:\xampp\htdocs\bondora\application\views\investments\index.php 880
ERROR - 2016-07-11 12:36:30 --> Severity: Notice --> Undefined offset: 31 C:\xampp\htdocs\bondora\application\views\investments\index.php 880
ERROR - 2016-07-11 12:36:30 --> Severity: Notice --> Undefined offset: 31 C:\xampp\htdocs\bondora\application\views\investments\index.php 880
ERROR - 2016-07-11 12:36:30 --> Severity: Notice --> Undefined offset: 32 C:\xampp\htdocs\bondora\application\views\investments\index.php 880
ERROR - 2016-07-11 12:36:30 --> Severity: Notice --> Undefined offset: 33 C:\xampp\htdocs\bondora\application\views\investments\index.php 880
ERROR - 2016-07-11 12:36:30 --> Severity: Notice --> Undefined offset: 33 C:\xampp\htdocs\bondora\application\views\investments\index.php 880
ERROR - 2016-07-11 12:36:30 --> Severity: Notice --> Undefined offset: 33 C:\xampp\htdocs\bondora\application\views\investments\index.php 880
ERROR - 2016-07-11 12:36:30 --> Severity: Notice --> Undefined offset: 33 C:\xampp\htdocs\bondora\application\views\investments\index.php 880
ERROR - 2016-07-11 12:36:30 --> Severity: Notice --> Undefined offset: 41 C:\xampp\htdocs\bondora\application\views\investments\index.php 880
ERROR - 2016-07-11 12:36:30 --> Severity: Notice --> Undefined offset: 30 C:\xampp\htdocs\bondora\application\views\investments\index.php 880
ERROR - 2016-07-11 12:36:30 --> Severity: Notice --> Undefined offset: 31 C:\xampp\htdocs\bondora\application\views\investments\index.php 880
ERROR - 2016-07-11 12:36:30 --> Severity: Notice --> Undefined offset: 31 C:\xampp\htdocs\bondora\application\views\investments\index.php 880
ERROR - 2016-07-11 12:36:30 --> Severity: Notice --> Undefined offset: 33 C:\xampp\htdocs\bondora\application\views\investments\index.php 880
ERROR - 2016-07-11 12:36:30 --> Severity: Notice --> Undefined offset: 31 C:\xampp\htdocs\bondora\application\views\investments\index.php 880
DEBUG - 2016-07-11 12:36:30 --> Total execution time: 0.1250
DEBUG - 2016-07-11 12:36:30 --> UTF-8 Support Disabled
DEBUG - 2016-07-11 12:36:30 --> Global POST, GET and COOKIE data sanitized
ERROR - 2016-07-11 12:36:30 --> 404 Page Not Found: Investments/bootstrap
DEBUG - 2016-07-11 12:36:31 --> UTF-8 Support Disabled
DEBUG - 2016-07-11 12:36:31 --> Global POST, GET and COOKIE data sanitized
DEBUG - 2016-07-11 12:36:31 --> cURL Class Initialized
DEBUG - 2016-07-11 12:36:31 --> OAuth2 class already loaded. Second attempt ignored.
DEBUG - 2016-07-11 12:36:31 --> C:\xampp\htdocs\bondora\application\libraries/MY_Table.php exists, but does not declare MY_Table
DEBUG - 2016-07-11 12:36:31 --> Session class already loaded. Second attempt ignored.
DEBUG - 2016-07-11 12:36:33 --> SELECT *
FROM `select` `a`.*, `b`.`listedOnDate`, `b`.`xirr`, `b`.`secondaryId`, `b`.`desiredDiscountRate from bondora`.`investment_payload a LEFT JOIN bondora`.`secondary b ON a`.`loanPartId=b`.`loanPartId and a`.`user=b`.`user where a`.`user="mehike" order by` `a`.`signedDate`, `a`.`auctionId`
ERROR - 2016-07-11 12:36:33 --> Severity: Notice --> Undefined offset: 33 C:\xampp\htdocs\bondora\application\views\investments\index.php 880
ERROR - 2016-07-11 12:36:33 --> Severity: Notice --> Undefined offset: 33 C:\xampp\htdocs\bondora\application\views\investments\index.php 880
ERROR - 2016-07-11 12:36:33 --> Severity: Notice --> Undefined offset: 33 C:\xampp\htdocs\bondora\application\views\investments\index.php 880
ERROR - 2016-07-11 12:36:33 --> Severity: Notice --> Undefined offset: 32 C:\xampp\htdocs\bondora\application\views\investments\index.php 880
ERROR - 2016-07-11 12:36:33 --> Severity: Notice --> Undefined offset: 33 C:\xampp\htdocs\bondora\application\views\investments\index.php 880
ERROR - 2016-07-11 12:36:34 --> Severity: Notice --> Undefined offset: 31 C:\xampp\htdocs\bondora\application\views\investments\index.php 880
ERROR - 2016-07-11 12:36:34 --> Severity: Notice --> Undefined offset: 33 C:\xampp\htdocs\bondora\application\views\investments\index.php 880
ERROR - 2016-07-11 12:36:34 --> Severity: Notice --> Undefined offset: 33 C:\xampp\htdocs\bondora\application\views\investments\index.php 880
ERROR - 2016-07-11 12:36:34 --> Severity: Notice --> Undefined offset: 31 C:\xampp\htdocs\bondora\application\views\investments\index.php 880
ERROR - 2016-07-11 12:36:34 --> Severity: Notice --> Undefined offset: 31 C:\xampp\htdocs\bondora\application\views\investments\index.php 880
ERROR - 2016-07-11 12:36:34 --> Severity: Notice --> Undefined offset: 31 C:\xampp\htdocs\bondora\application\views\investments\index.php 880
ERROR - 2016-07-11 12:36:34 --> Severity: Notice --> Undefined offset: 32 C:\xampp\htdocs\bondora\application\views\investments\index.php 880
ERROR - 2016-07-11 12:36:34 --> Severity: Notice --> Undefined offset: 33 C:\xampp\htdocs\bondora\application\views\investments\index.php 880
ERROR - 2016-07-11 12:36:34 --> Severity: Notice --> Undefined offset: 33 C:\xampp\htdocs\bondora\application\views\investments\index.php 880
ERROR - 2016-07-11 12:36:34 --> Severity: Notice --> Undefined offset: 33 C:\xampp\htdocs\bondora\application\views\investments\index.php 880
ERROR - 2016-07-11 12:36:34 --> Severity: Notice --> Undefined offset: 33 C:\xampp\htdocs\bondora\application\views\investments\index.php 880
ERROR - 2016-07-11 12:36:34 --> Severity: Notice --> Undefined offset: 41 C:\xampp\htdocs\bondora\application\views\investments\index.php 880
ERROR - 2016-07-11 12:36:34 --> Severity: Notice --> Undefined offset: 31 C:\xampp\htdocs\bondora\application\views\investments\index.php 880
ERROR - 2016-07-11 12:36:34 --> Severity: Notice --> Undefined offset: 31 C:\xampp\htdocs\bondora\application\views\investments\index.php 880
ERROR - 2016-07-11 12:36:34 --> Severity: Notice --> Undefined offset: 33 C:\xampp\htdocs\bondora\application\views\investments\index.php 880
ERROR - 2016-07-11 12:36:34 --> Severity: Notice --> Undefined offset: 31 C:\xampp\htdocs\bondora\application\views\investments\index.php 880
DEBUG - 2016-07-11 12:36:34 --> Total execution time: 2.5753
DEBUG - 2016-07-11 12:36:34 --> UTF-8 Support Disabled
DEBUG - 2016-07-11 12:36:34 --> Global POST, GET and COOKIE data sanitized
ERROR - 2016-07-11 12:36:34 --> 404 Page Not Found: Investments/bootstrap
DEBUG - 2016-07-11 12:36:37 --> UTF-8 Support Disabled
DEBUG - 2016-07-11 12:36:37 --> Global POST, GET and COOKIE data sanitized
DEBUG - 2016-07-11 12:36:37 --> cURL Class Initialized
DEBUG - 2016-07-11 12:36:37 --> OAuth2 class already loaded. Second attempt ignored.
DEBUG - 2016-07-11 12:36:37 --> C:\xampp\htdocs\bondora\application\libraries/MY_Table.php exists, but does not declare MY_Table
DEBUG - 2016-07-11 12:36:37 --> Session class already loaded. Second attempt ignored.
DEBUG - 2016-07-11 12:36:38 --> SELECT *
FROM `select` `a`.*, `b`.`listedOnDate`, `b`.`xirr`, `b`.`secondaryId`, `b`.`desiredDiscountRate from bondora`.`investment_payload a LEFT JOIN bondora`.`secondary b ON a`.`loanPartId=b`.`loanPartId and a`.`user=b`.`user where a`.`user="mehike" order by` `a`.`signedDate`, `a`.`auctionId`
ERROR - 2016-07-11 12:36:38 --> Severity: Notice --> Undefined offset: 33 C:\xampp\htdocs\bondora\application\views\investments\index.php 880
ERROR - 2016-07-11 12:36:38 --> Severity: Notice --> Undefined offset: 33 C:\xampp\htdocs\bondora\application\views\investments\index.php 880
ERROR - 2016-07-11 12:36:38 --> Severity: Notice --> Undefined offset: 33 C:\xampp\htdocs\bondora\application\views\investments\index.php 880
ERROR - 2016-07-11 12:36:38 --> Severity: Notice --> Undefined offset: 32 C:\xampp\htdocs\bondora\application\views\investments\index.php 880
ERROR - 2016-07-11 12:36:38 --> Severity: Notice --> Undefined offset: 33 C:\xampp\htdocs\bondora\application\views\investments\index.php 880
ERROR - 2016-07-11 12:36:38 --> Severity: Notice --> Undefined offset: 31 C:\xampp\htdocs\bondora\application\views\investments\index.php 880
ERROR - 2016-07-11 12:36:38 --> Severity: Notice --> Undefined offset: 33 C:\xampp\htdocs\bondora\application\views\investments\index.php 880
ERROR - 2016-07-11 12:36:38 --> Severity: Notice --> Undefined offset: 33 C:\xampp\htdocs\bondora\application\views\investments\index.php 880
ERROR - 2016-07-11 12:36:38 --> Severity: Notice --> Undefined offset: 31 C:\xampp\htdocs\bondora\application\views\investments\index.php 880
ERROR - 2016-07-11 12:36:38 --> Severity: Notice --> Undefined offset: 31 C:\xampp\htdocs\bondora\application\views\investments\index.php 880
ERROR - 2016-07-11 12:36:38 --> Severity: Notice --> Undefined offset: 31 C:\xampp\htdocs\bondora\application\views\investments\index.php 880
ERROR - 2016-07-11 12:36:38 --> Severity: Notice --> Undefined offset: 32 C:\xampp\htdocs\bondora\application\views\investments\index.php 880
ERROR - 2016-07-11 12:36:38 --> Severity: Notice --> Undefined offset: 33 C:\xampp\htdocs\bondora\application\views\investments\index.php 880
ERROR - 2016-07-11 12:36:38 --> Severity: Notice --> Undefined offset: 33 C:\xampp\htdocs\bondora\application\views\investments\index.php 880
ERROR - 2016-07-11 12:36:38 --> Severity: Notice --> Undefined offset: 33 C:\xampp\htdocs\bondora\application\views\investments\index.php 880
ERROR - 2016-07-11 12:36:38 --> Severity: Notice --> Undefined offset: 33 C:\xampp\htdocs\bondora\application\views\investments\index.php 880
ERROR - 2016-07-11 12:36:38 --> Severity: Notice --> Undefined offset: 41 C:\xampp\htdocs\bondora\application\views\investments\index.php 880
ERROR - 2016-07-11 12:36:38 --> Severity: Notice --> Undefined offset: 31 C:\xampp\htdocs\bondora\application\views\investments\index.php 880
ERROR - 2016-07-11 12:36:38 --> Severity: Notice --> Undefined offset: 31 C:\xampp\htdocs\bondora\application\views\investments\index.php 880
ERROR - 2016-07-11 12:36:38 --> Severity: Notice --> Undefined offset: 33 C:\xampp\htdocs\bondora\application\views\investments\index.php 880
ERROR - 2016-07-11 12:36:38 --> Severity: Notice --> Undefined offset: 31 C:\xampp\htdocs\bondora\application\views\investments\index.php 880
DEBUG - 2016-07-11 12:36:38 --> Total execution time: 0.6511
DEBUG - 2016-07-11 12:36:38 --> UTF-8 Support Disabled
DEBUG - 2016-07-11 12:36:38 --> Global POST, GET and COOKIE data sanitized
ERROR - 2016-07-11 12:36:38 --> 404 Page Not Found: Investments/bootstrap
DEBUG - 2016-07-11 12:36:40 --> UTF-8 Support Disabled
DEBUG - 2016-07-11 12:36:40 --> Global POST, GET and COOKIE data sanitized
DEBUG - 2016-07-11 12:36:40 --> cURL Class Initialized
DEBUG - 2016-07-11 12:36:40 --> OAuth2 class already loaded. Second attempt ignored.
DEBUG - 2016-07-11 12:36:40 --> C:\xampp\htdocs\bondora\application\libraries/MY_Table.php exists, but does not declare MY_Table
DEBUG - 2016-07-11 12:36:40 --> Session class already loaded. Second attempt ignored.
DEBUG - 2016-07-11 12:36:40 --> Total execution time: 0.0850
DEBUG - 2016-07-11 12:36:40 --> UTF-8 Support Disabled
DEBUG - 2016-07-11 12:36:40 --> Global POST, GET and COOKIE data sanitized
ERROR - 2016-07-11 12:36:40 --> 404 Page Not Found: Secondary/bootstrap
DEBUG - 2016-07-11 12:36:42 --> UTF-8 Support Disabled
DEBUG - 2016-07-11 12:36:42 --> Global POST, GET and COOKIE data sanitized
DEBUG - 2016-07-11 12:36:42 --> cURL Class Initialized
DEBUG - 2016-07-11 12:36:42 --> OAuth2 class already loaded. Second attempt ignored.
DEBUG - 2016-07-11 12:36:42 --> C:\xampp\htdocs\bondora\application\libraries/MY_Table.php exists, but does not declare MY_Table
DEBUG - 2016-07-11 12:36:42 --> Session class already loaded. Second attempt ignored.
ERROR - 2016-07-11 12:36:43 --> Severity: Notice --> Trying to get property of non-object C:\xampp\htdocs\bondora\application\controllers\Secondary.php 602
ERROR - 2016-07-11 12:36:43 --> Severity: Notice --> Undefined index: all C:\xampp\htdocs\bondora\application\controllers\Secondary.php 605
DEBUG - 2016-07-11 12:36:43 --> UTF-8 Support Disabled
DEBUG - 2016-07-11 12:36:43 --> Global POST, GET and COOKIE data sanitized
DEBUG - 2016-07-11 12:36:43 --> cURL Class Initialized
DEBUG - 2016-07-11 12:36:43 --> OAuth2 class already loaded. Second attempt ignored.
DEBUG - 2016-07-11 12:36:43 --> C:\xampp\htdocs\bondora\application\libraries/MY_Table.php exists, but does not declare MY_Table
DEBUG - 2016-07-11 12:36:43 --> Session class already loaded. Second attempt ignored.
DEBUG - 2016-07-11 12:36:43 --> Total execution time: 0.0820
DEBUG - 2016-07-11 12:36:43 --> UTF-8 Support Disabled
DEBUG - 2016-07-11 12:36:43 --> Global POST, GET and COOKIE data sanitized
ERROR - 2016-07-11 12:36:43 --> 404 Page Not Found: Secondary/bootstrap
DEBUG - 2016-07-11 12:36:45 --> UTF-8 Support Disabled
DEBUG - 2016-07-11 12:36:45 --> Global POST, GET and COOKIE data sanitized
DEBUG - 2016-07-11 12:36:45 --> cURL Class Initialized
DEBUG - 2016-07-11 12:36:45 --> OAuth2 class already loaded. Second attempt ignored.
DEBUG - 2016-07-11 12:36:45 --> C:\xampp\htdocs\bondora\application\libraries/MY_Table.php exists, but does not declare MY_Table
DEBUG - 2016-07-11 12:36:45 --> Session class already loaded. Second attempt ignored.
DEBUG - 2016-07-11 12:36:45 --> SELECT *
FROM `select` `a`.*, `b`.`listedOnDate`, `b`.`xirr`, `b`.`secondaryId`, `b`.`desiredDiscountRate from bondora`.`investment_payload a LEFT JOIN bondora`.`secondary b ON a`.`loanPartId=b`.`loanPartId and a`.`user=b`.`user where a`.`user="mehike" order by` `a`.`signedDate`, `a`.`auctionId`
ERROR - 2016-07-11 12:36:45 --> Severity: Notice --> Undefined offset: 33 C:\xampp\htdocs\bondora\application\views\investments\index.php 880
ERROR - 2016-07-11 12:36:45 --> Severity: Notice --> Undefined offset: 33 C:\xampp\htdocs\bondora\application\views\investments\index.php 880
ERROR - 2016-07-11 12:36:45 --> Severity: Notice --> Undefined offset: 33 C:\xampp\htdocs\bondora\application\views\investments\index.php 880
ERROR - 2016-07-11 12:36:45 --> Severity: Notice --> Undefined offset: 32 C:\xampp\htdocs\bondora\application\views\investments\index.php 880
ERROR - 2016-07-11 12:36:45 --> Severity: Notice --> Undefined offset: 33 C:\xampp\htdocs\bondora\application\views\investments\index.php 880
ERROR - 2016-07-11 12:36:45 --> Severity: Notice --> Undefined offset: 31 C:\xampp\htdocs\bondora\application\views\investments\index.php 880
ERROR - 2016-07-11 12:36:45 --> Severity: Notice --> Undefined offset: 33 C:\xampp\htdocs\bondora\application\views\investments\index.php 880
ERROR - 2016-07-11 12:36:45 --> Severity: Notice --> Undefined offset: 33 C:\xampp\htdocs\bondora\application\views\investments\index.php 880
ERROR - 2016-07-11 12:36:45 --> Severity: Notice --> Undefined offset: 31 C:\xampp\htdocs\bondora\application\views\investments\index.php 880
ERROR - 2016-07-11 12:36:45 --> Severity: Notice --> Undefined offset: 30 C:\xampp\htdocs\bondora\application\views\investments\index.php 880
ERROR - 2016-07-11 12:36:45 --> Severity: Notice --> Undefined offset: 31 C:\xampp\htdocs\bondora\application\views\investments\index.php 880
ERROR - 2016-07-11 12:36:45 --> Severity: Notice --> Undefined offset: 31 C:\xampp\htdocs\bondora\application\views\investments\index.php 880
ERROR - 2016-07-11 12:36:45 --> Severity: Notice --> Undefined offset: 32 C:\xampp\htdocs\bondora\application\views\investments\index.php 880
ERROR - 2016-07-11 12:36:45 --> Severity: Notice --> Undefined offset: 33 C:\xampp\htdocs\bondora\application\views\investments\index.php 880
ERROR - 2016-07-11 12:36:45 --> Severity: Notice --> Undefined offset: 33 C:\xampp\htdocs\bondora\application\views\investments\index.php 880
ERROR - 2016-07-11 12:36:45 --> Severity: Notice --> Undefined offset: 33 C:\xampp\htdocs\bondora\application\views\investments\index.php 880
ERROR - 2016-07-11 12:36:45 --> Severity: Notice --> Undefined offset: 33 C:\xampp\htdocs\bondora\application\views\investments\index.php 880
ERROR - 2016-07-11 12:36:45 --> Severity: Notice --> Undefined offset: 41 C:\xampp\htdocs\bondora\application\views\investments\index.php 880
ERROR - 2016-07-11 12:36:45 --> Severity: Notice --> Undefined offset: 30 C:\xampp\htdocs\bondora\application\views\investments\index.php 880
ERROR - 2016-07-11 12:36:45 --> Severity: Notice --> Undefined offset: 31 C:\xampp\htdocs\bondora\application\views\investments\index.php 880
ERROR - 2016-07-11 12:36:45 --> Severity: Notice --> Undefined offset: 31 C:\xampp\htdocs\bondora\application\views\investments\index.php 880
ERROR - 2016-07-11 12:36:45 --> Severity: Notice --> Undefined offset: 33 C:\xampp\htdocs\bondora\application\views\investments\index.php 880
ERROR - 2016-07-11 12:36:45 --> Severity: Notice --> Undefined offset: 31 C:\xampp\htdocs\bondora\application\views\investments\index.php 880
DEBUG - 2016-07-11 12:36:45 --> Total execution time: 0.1480
DEBUG - 2016-07-11 12:36:45 --> UTF-8 Support Disabled
DEBUG - 2016-07-11 12:36:45 --> Global POST, GET and COOKIE data sanitized
ERROR - 2016-07-11 12:36:45 --> 404 Page Not Found: Investments/bootstrap
DEBUG - 2016-07-11 12:36:46 --> UTF-8 Support Disabled
DEBUG - 2016-07-11 12:36:46 --> Global POST, GET and COOKIE data sanitized
DEBUG - 2016-07-11 12:36:46 --> cURL Class Initialized
DEBUG - 2016-07-11 12:36:46 --> OAuth2 class already loaded. Second attempt ignored.
DEBUG - 2016-07-11 12:36:46 --> C:\xampp\htdocs\bondora\application\libraries/MY_Table.php exists, but does not declare MY_Table
DEBUG - 2016-07-11 12:36:46 --> Session class already loaded. Second attempt ignored.
DEBUG - 2016-07-11 12:36:47 --> SELECT *
FROM `select` `a`.*, `b`.`listedOnDate`, `b`.`xirr`, `b`.`secondaryId`, `b`.`desiredDiscountRate from bondora`.`investment_payload a LEFT JOIN bondora`.`secondary b ON a`.`loanPartId=b`.`loanPartId and a`.`user=b`.`user where a`.`user="mehike" order by` `a`.`signedDate`, `a`.`auctionId`
ERROR - 2016-07-11 12:36:47 --> Severity: Notice --> Undefined offset: 33 C:\xampp\htdocs\bondora\application\views\investments\index.php 880
ERROR - 2016-07-11 12:36:47 --> Severity: Notice --> Undefined offset: 33 C:\xampp\htdocs\bondora\application\views\investments\index.php 880
ERROR - 2016-07-11 12:36:47 --> Severity: Notice --> Undefined offset: 33 C:\xampp\htdocs\bondora\application\views\investments\index.php 880
ERROR - 2016-07-11 12:36:47 --> Severity: Notice --> Undefined offset: 32 C:\xampp\htdocs\bondora\application\views\investments\index.php 880
ERROR - 2016-07-11 12:36:47 --> Severity: Notice --> Undefined offset: 33 C:\xampp\htdocs\bondora\application\views\investments\index.php 880
ERROR - 2016-07-11 12:36:47 --> Severity: Notice --> Undefined offset: 31 C:\xampp\htdocs\bondora\application\views\investments\index.php 880
ERROR - 2016-07-11 12:36:47 --> Severity: Notice --> Undefined offset: 33 C:\xampp\htdocs\bondora\application\views\investments\index.php 880
ERROR - 2016-07-11 12:36:47 --> Severity: Notice --> Undefined offset: 33 C:\xampp\htdocs\bondora\application\views\investments\index.php 880
ERROR - 2016-07-11 12:36:47 --> Severity: Notice --> Undefined offset: 31 C:\xampp\htdocs\bondora\application\views\investments\index.php 880
ERROR - 2016-07-11 12:36:47 --> Severity: Notice --> Undefined offset: 31 C:\xampp\htdocs\bondora\application\views\investments\index.php 880
ERROR - 2016-07-11 12:36:47 --> Severity: Notice --> Undefined offset: 31 C:\xampp\htdocs\bondora\application\views\investments\index.php 880
ERROR - 2016-07-11 12:36:47 --> Severity: Notice --> Undefined offset: 32 C:\xampp\htdocs\bondora\application\views\investments\index.php 880
ERROR - 2016-07-11 12:36:47 --> Severity: Notice --> Undefined offset: 33 C:\xampp\htdocs\bondora\application\views\investments\index.php 880
ERROR - 2016-07-11 12:36:47 --> Severity: Notice --> Undefined offset: 33 C:\xampp\htdocs\bondora\application\views\investments\index.php 880
ERROR - 2016-07-11 12:36:47 --> Severity: Notice --> Undefined offset: 33 C:\xampp\htdocs\bondora\application\views\investments\index.php 880
ERROR - 2016-07-11 12:36:47 --> Severity: Notice --> Undefined offset: 33 C:\xampp\htdocs\bondora\application\views\investments\index.php 880
ERROR - 2016-07-11 12:36:47 --> Severity: Notice --> Undefined offset: 41 C:\xampp\htdocs\bondora\application\views\investments\index.php 880
ERROR - 2016-07-11 12:36:47 --> Severity: Notice --> Undefined offset: 31 C:\xampp\htdocs\bondora\application\views\investments\index.php 880
ERROR - 2016-07-11 12:36:47 --> Severity: Notice --> Undefined offset: 31 C:\xampp\htdocs\bondora\application\views\investments\index.php 880
ERROR - 2016-07-11 12:36:47 --> Severity: Notice --> Undefined offset: 33 C:\xampp\htdocs\bondora\application\views\investments\index.php 880
ERROR - 2016-07-11 12:36:47 --> Severity: Notice --> Undefined offset: 31 C:\xampp\htdocs\bondora\application\views\investments\index.php 880
DEBUG - 2016-07-11 12:36:47 --> Total execution time: 0.5991
DEBUG - 2016-07-11 12:36:47 --> UTF-8 Support Disabled
DEBUG - 2016-07-11 12:36:47 --> Global POST, GET and COOKIE data sanitized
ERROR - 2016-07-11 12:36:47 --> 404 Page Not Found: Investments/bootstrap
DEBUG - 2016-07-11 12:37:22 --> UTF-8 Support Disabled
DEBUG - 2016-07-11 12:37:22 --> Global POST, GET and COOKIE data sanitized
DEBUG - 2016-07-11 12:37:22 --> cURL Class Initialized
DEBUG - 2016-07-11 12:37:22 --> OAuth2 class already loaded. Second attempt ignored.
DEBUG - 2016-07-11 12:37:22 --> C:\xampp\htdocs\bondora\application\libraries/MY_Table.php exists, but does not declare MY_Table
DEBUG - 2016-07-11 12:37:22 --> Session class already loaded. Second attempt ignored.
DEBUG - 2016-07-11 12:37:22 --> Total execution time: 0.5981
DEBUG - 2016-07-11 12:37:22 --> UTF-8 Support Disabled
DEBUG - 2016-07-11 12:37:22 --> Global POST, GET and COOKIE data sanitized
DEBUG - 2016-07-11 12:37:22 --> cURL Class Initialized
DEBUG - 2016-07-11 12:37:22 --> OAuth2 class already loaded. Second attempt ignored.
DEBUG - 2016-07-11 12:37:22 --> C:\xampp\htdocs\bondora\application\libraries/MY_Table.php exists, but does not declare MY_Table
DEBUG - 2016-07-11 12:37:22 --> Session class already loaded. Second attempt ignored.
DEBUG - 2016-07-11 12:37:23 --> Total execution time: 0.3640
DEBUG - 2016-07-11 12:37:28 --> UTF-8 Support Disabled
DEBUG - 2016-07-11 12:37:28 --> Global POST, GET and COOKIE data sanitized
DEBUG - 2016-07-11 12:37:28 --> cURL Class Initialized
DEBUG - 2016-07-11 12:37:28 --> OAuth2 class already loaded. Second attempt ignored.
DEBUG - 2016-07-11 12:37:28 --> C:\xampp\htdocs\bondora\application\libraries/MY_Table.php exists, but does not declare MY_Table
DEBUG - 2016-07-11 12:37:28 --> Session class already loaded. Second attempt ignored.
DEBUG - 2016-07-11 12:37:29 --> Total execution time: 0.7141
DEBUG - 2016-07-11 12:37:29 --> UTF-8 Support Disabled
DEBUG - 2016-07-11 12:37:29 --> Global POST, GET and COOKIE data sanitized
DEBUG - 2016-07-11 12:37:29 --> cURL Class Initialized
DEBUG - 2016-07-11 12:37:29 --> OAuth2 class already loaded. Second attempt ignored.
DEBUG - 2016-07-11 12:37:29 --> C:\xampp\htdocs\bondora\application\libraries/MY_Table.php exists, but does not declare MY_Table
DEBUG - 2016-07-11 12:37:29 --> Session class already loaded. Second attempt ignored.
DEBUG - 2016-07-11 12:37:29 --> Total execution time: 0.3130
DEBUG - 2016-07-11 12:37:32 --> UTF-8 Support Disabled
DEBUG - 2016-07-11 12:37:32 --> Global POST, GET and COOKIE data sanitized
DEBUG - 2016-07-11 12:37:32 --> cURL Class Initialized
DEBUG - 2016-07-11 12:37:32 --> OAuth2 class already loaded. Second attempt ignored.
DEBUG - 2016-07-11 12:37:32 --> C:\xampp\htdocs\bondora\application\libraries/MY_Table.php exists, but does not declare MY_Table
DEBUG - 2016-07-11 12:37:32 --> Session class already loaded. Second attempt ignored.
DEBUG - 2016-07-11 12:37:33 --> Total execution time: 0.6091
DEBUG - 2016-07-11 12:37:33 --> UTF-8 Support Disabled
DEBUG - 2016-07-11 12:37:33 --> Global POST, GET and COOKIE data sanitized
DEBUG - 2016-07-11 12:37:33 --> cURL Class Initialized
DEBUG - 2016-07-11 12:37:33 --> OAuth2 class already loaded. Second attempt ignored.
DEBUG - 2016-07-11 12:37:33 --> C:\xampp\htdocs\bondora\application\libraries/MY_Table.php exists, but does not declare MY_Table
DEBUG - 2016-07-11 12:37:33 --> Session class already loaded. Second attempt ignored.
DEBUG - 2016-07-11 12:37:33 --> Total execution time: 0.3260
DEBUG - 2016-07-11 12:37:37 --> UTF-8 Support Disabled
DEBUG - 2016-07-11 12:37:37 --> Global POST, GET and COOKIE data sanitized
DEBUG - 2016-07-11 12:37:37 --> cURL Class Initialized
DEBUG - 2016-07-11 12:37:37 --> OAuth2 class already loaded. Second attempt ignored.
DEBUG - 2016-07-11 12:37:37 --> C:\xampp\htdocs\bondora\application\libraries/MY_Table.php exists, but does not declare MY_Table
DEBUG - 2016-07-11 12:37:37 --> Session class already loaded. Second attempt ignored.
DEBUG - 2016-07-11 12:37:38 --> Total execution time: 0.6581
DEBUG - 2016-07-11 12:37:38 --> UTF-8 Support Disabled
DEBUG - 2016-07-11 12:37:38 --> Global POST, GET and COOKIE data sanitized
DEBUG - 2016-07-11 12:37:38 --> cURL Class Initialized
DEBUG - 2016-07-11 12:37:38 --> OAuth2 class already loaded. Second attempt ignored.
DEBUG - 2016-07-11 12:37:38 --> C:\xampp\htdocs\bondora\application\libraries/MY_Table.php exists, but does not declare MY_Table
DEBUG - 2016-07-11 12:37:38 --> Session class already loaded. Second attempt ignored.
DEBUG - 2016-07-11 12:37:38 --> Total execution time: 0.3540
DEBUG - 2016-07-11 12:37:42 --> UTF-8 Support Disabled
DEBUG - 2016-07-11 12:37:42 --> Global POST, GET and COOKIE data sanitized
DEBUG - 2016-07-11 12:37:42 --> cURL Class Initialized
DEBUG - 2016-07-11 12:37:42 --> OAuth2 class already loaded. Second attempt ignored.
DEBUG - 2016-07-11 12:37:42 --> C:\xampp\htdocs\bondora\application\libraries/MY_Table.php exists, but does not declare MY_Table
DEBUG - 2016-07-11 12:37:42 --> Session class already loaded. Second attempt ignored.
DEBUG - 2016-07-11 12:37:42 --> Total execution time: 0.5761
DEBUG - 2016-07-11 12:37:42 --> UTF-8 Support Disabled
DEBUG - 2016-07-11 12:37:42 --> Global POST, GET and COOKIE data sanitized
DEBUG - 2016-07-11 12:37:42 --> cURL Class Initialized
DEBUG - 2016-07-11 12:37:42 --> OAuth2 class already loaded. Second attempt ignored.
DEBUG - 2016-07-11 12:37:42 --> C:\xampp\htdocs\bondora\application\libraries/MY_Table.php exists, but does not declare MY_Table
DEBUG - 2016-07-11 12:37:42 --> Session class already loaded. Second attempt ignored.
DEBUG - 2016-07-11 12:37:43 --> Total execution time: 0.3490
DEBUG - 2016-07-11 12:37:46 --> UTF-8 Support Disabled
DEBUG - 2016-07-11 12:37:46 --> Global POST, GET and COOKIE data sanitized
DEBUG - 2016-07-11 12:37:46 --> cURL Class Initialized
DEBUG - 2016-07-11 12:37:46 --> OAuth2 class already loaded. Second attempt ignored.
DEBUG - 2016-07-11 12:37:46 --> C:\xampp\htdocs\bondora\application\libraries/MY_Table.php exists, but does not declare MY_Table
DEBUG - 2016-07-11 12:37:46 --> Session class already loaded. Second attempt ignored.
DEBUG - 2016-07-11 12:37:46 --> Total execution time: 0.5801
DEBUG - 2016-07-11 12:37:46 --> UTF-8 Support Disabled
DEBUG - 2016-07-11 12:37:46 --> Global POST, GET and COOKIE data sanitized
DEBUG - 2016-07-11 12:37:46 --> cURL Class Initialized
DEBUG - 2016-07-11 12:37:46 --> OAuth2 class already loaded. Second attempt ignored.
DEBUG - 2016-07-11 12:37:46 --> C:\xampp\htdocs\bondora\application\libraries/MY_Table.php exists, but does not declare MY_Table
DEBUG - 2016-07-11 12:37:46 --> Session class already loaded. Second attempt ignored.
DEBUG - 2016-07-11 12:37:46 --> Total execution time: 0.3040
DEBUG - 2016-07-11 12:37:49 --> UTF-8 Support Disabled
DEBUG - 2016-07-11 12:37:49 --> Global POST, GET and COOKIE data sanitized
DEBUG - 2016-07-11 12:37:49 --> cURL Class Initialized
DEBUG - 2016-07-11 12:37:49 --> OAuth2 class already loaded. Second attempt ignored.
DEBUG - 2016-07-11 12:37:49 --> C:\xampp\htdocs\bondora\application\libraries/MY_Table.php exists, but does not declare MY_Table
DEBUG - 2016-07-11 12:37:49 --> Session class already loaded. Second attempt ignored.
DEBUG - 2016-07-11 12:37:50 --> Total execution time: 0.6781
DEBUG - 2016-07-11 12:37:50 --> UTF-8 Support Disabled
DEBUG - 2016-07-11 12:37:50 --> Global POST, GET and COOKIE data sanitized
DEBUG - 2016-07-11 12:37:50 --> cURL Class Initialized
DEBUG - 2016-07-11 12:37:50 --> OAuth2 class already loaded. Second attempt ignored.
DEBUG - 2016-07-11 12:37:50 --> C:\xampp\htdocs\bondora\application\libraries/MY_Table.php exists, but does not declare MY_Table
DEBUG - 2016-07-11 12:37:50 --> Session class already loaded. Second attempt ignored.
DEBUG - 2016-07-11 12:37:50 --> Total execution time: 0.2990
DEBUG - 2016-07-11 12:37:54 --> UTF-8 Support Disabled
DEBUG - 2016-07-11 12:37:54 --> Global POST, GET and COOKIE data sanitized
DEBUG - 2016-07-11 12:37:54 --> cURL Class Initialized
DEBUG - 2016-07-11 12:37:54 --> OAuth2 class already loaded. Second attempt ignored.
DEBUG - 2016-07-11 12:37:54 --> C:\xampp\htdocs\bondora\application\libraries/MY_Table.php exists, but does not declare MY_Table
DEBUG - 2016-07-11 12:37:54 --> Session class already loaded. Second attempt ignored.
DEBUG - 2016-07-11 12:37:54 --> Total execution time: 0.5621
DEBUG - 2016-07-11 12:37:54 --> UTF-8 Support Disabled
DEBUG - 2016-07-11 12:37:54 --> Global POST, GET and COOKIE data sanitized
DEBUG - 2016-07-11 12:37:54 --> cURL Class Initialized
DEBUG - 2016-07-11 12:37:54 --> OAuth2 class already loaded. Second attempt ignored.
DEBUG - 2016-07-11 12:37:54 --> C:\xampp\htdocs\bondora\application\libraries/MY_Table.php exists, but does not declare MY_Table
DEBUG - 2016-07-11 12:37:54 --> Session class already loaded. Second attempt ignored.
DEBUG - 2016-07-11 12:37:55 --> Total execution time: 0.3570
DEBUG - 2016-07-11 12:37:57 --> UTF-8 Support Disabled
DEBUG - 2016-07-11 12:37:57 --> Global POST, GET and COOKIE data sanitized
DEBUG - 2016-07-11 12:37:57 --> cURL Class Initialized
DEBUG - 2016-07-11 12:37:57 --> OAuth2 class already loaded. Second attempt ignored.
DEBUG - 2016-07-11 12:37:57 --> C:\xampp\htdocs\bondora\application\libraries/MY_Table.php exists, but does not declare MY_Table
DEBUG - 2016-07-11 12:37:57 --> Session class already loaded. Second attempt ignored.
DEBUG - 2016-07-11 12:37:58 --> Total execution time: 0.6501
DEBUG - 2016-07-11 12:37:58 --> UTF-8 Support Disabled
DEBUG - 2016-07-11 12:37:58 --> Global POST, GET and COOKIE data sanitized
DEBUG - 2016-07-11 12:37:58 --> cURL Class Initialized
DEBUG - 2016-07-11 12:37:58 --> OAuth2 class already loaded. Second attempt ignored.
DEBUG - 2016-07-11 12:37:58 --> C:\xampp\htdocs\bondora\application\libraries/MY_Table.php exists, but does not declare MY_Table
DEBUG - 2016-07-11 12:37:58 --> Session class already loaded. Second attempt ignored.
DEBUG - 2016-07-11 12:37:58 --> Total execution time: 0.3120
DEBUG - 2016-07-11 12:38:19 --> UTF-8 Support Disabled
DEBUG - 2016-07-11 12:38:19 --> Global POST, GET and COOKIE data sanitized
DEBUG - 2016-07-11 12:38:19 --> cURL Class Initialized
DEBUG - 2016-07-11 12:38:19 --> OAuth2 class already loaded. Second attempt ignored.
DEBUG - 2016-07-11 12:38:19 --> C:\xampp\htdocs\bondora\application\libraries/MY_Table.php exists, but does not declare MY_Table
DEBUG - 2016-07-11 12:38:19 --> Session class already loaded. Second attempt ignored.
DEBUG - 2016-07-11 12:38:19 --> SELECT *
FROM `select` `a`.*, `b`.`listedOnDate`, `b`.`xirr`, `b`.`secondaryId`, `b`.`desiredDiscountRate from bondora`.`investment_payload a LEFT JOIN bondora`.`secondary b ON a`.`loanPartId=b`.`loanPartId WHERE a`.`id=30164 and user="mehike" order by` `a`.`signedDate`, `a`.`auctionId`
DEBUG - 2016-07-11 12:38:19 --> SELECT *
FROM `select` `a`.*, `b`.`listedOnDate`, `b`.`xirr`, `b`.`secondaryId`, `b`.`desiredDiscountRate from bondora`.`investment_payload a LEFT JOIN bondora`.`secondary b ON a`.`loanPartId=b`.`loanPartId WHERE a`.`id=30158 and user="mehike" order by` `a`.`signedDate`, `a`.`auctionId`
DEBUG - 2016-07-11 12:38:19 --> SELECT *
FROM `select` `a`.*, `b`.`listedOnDate`, `b`.`xirr`, `b`.`secondaryId`, `b`.`desiredDiscountRate from bondora`.`investment_payload a LEFT JOIN bondora`.`secondary b ON a`.`loanPartId=b`.`loanPartId WHERE a`.`id=30163 and user="mehike" order by` `a`.`signedDate`, `a`.`auctionId`
DEBUG - 2016-07-11 12:38:19 --> SELECT *
FROM `select` `a`.*, `b`.`listedOnDate`, `b`.`xirr`, `b`.`secondaryId`, `b`.`desiredDiscountRate from bondora`.`investment_payload a LEFT JOIN bondora`.`secondary b ON a`.`loanPartId=b`.`loanPartId WHERE a`.`id=30145 and user="mehike" order by` `a`.`signedDate`, `a`.`auctionId`
DEBUG - 2016-07-11 12:38:19 --> SELECT *
FROM `select` `a`.*, `b`.`listedOnDate`, `b`.`xirr`, `b`.`secondaryId`, `b`.`desiredDiscountRate from bondora`.`investment_payload a LEFT JOIN bondora`.`secondary b ON a`.`loanPartId=b`.`loanPartId WHERE a`.`id=30150 and user="mehike" order by` `a`.`signedDate`, `a`.`auctionId`
DEBUG - 2016-07-11 12:38:19 --> SELECT *
FROM `select` `a`.*, `b`.`listedOnDate`, `b`.`xirr`, `b`.`secondaryId`, `b`.`desiredDiscountRate from bondora`.`investment_payload a LEFT JOIN bondora`.`secondary b ON a`.`loanPartId=b`.`loanPartId WHERE a`.`id=30152 and user="mehike" order by` `a`.`signedDate`, `a`.`auctionId`
DEBUG - 2016-07-11 12:38:19 --> SELECT *
FROM `select` `a`.*, `b`.`listedOnDate`, `b`.`xirr`, `b`.`secondaryId`, `b`.`desiredDiscountRate from bondora`.`investment_payload a LEFT JOIN bondora`.`secondary b ON a`.`loanPartId=b`.`loanPartId WHERE a`.`id=30157 and user="mehike" order by` `a`.`signedDate`, `a`.`auctionId`
DEBUG - 2016-07-11 12:38:19 --> SELECT *
FROM `select` `a`.*, `b`.`listedOnDate`, `b`.`xirr`, `b`.`secondaryId`, `b`.`desiredDiscountRate from bondora`.`investment_payload a LEFT JOIN bondora`.`secondary b ON a`.`loanPartId=b`.`loanPartId WHERE a`.`id=30160 and user="mehike" order by` `a`.`signedDate`, `a`.`auctionId`
DEBUG - 2016-07-11 12:38:19 --> SELECT *
FROM `select` `a`.*, `b`.`listedOnDate`, `b`.`xirr`, `b`.`secondaryId`, `b`.`desiredDiscountRate from bondora`.`investment_payload a LEFT JOIN bondora`.`secondary b ON a`.`loanPartId=b`.`loanPartId WHERE a`.`id=30161 and user="mehike" order by` `a`.`signedDate`, `a`.`auctionId`
DEBUG - 2016-07-11 12:38:19 --> SELECT *
FROM `select` `a`.*, `b`.`listedOnDate`, `b`.`xirr`, `b`.`secondaryId`, `b`.`desiredDiscountRate from bondora`.`investment_payload a LEFT JOIN bondora`.`secondary b ON a`.`loanPartId=b`.`loanPartId WHERE a`.`id=30162 and user="mehike" order by` `a`.`signedDate`, `a`.`auctionId`
DEBUG - 2016-07-11 12:38:19 --> SELECT *
FROM `select` `a`.*, `b`.`listedOnDate`, `b`.`xirr`, `b`.`secondaryId`, `b`.`desiredDiscountRate from bondora`.`investment_payload a LEFT JOIN bondora`.`secondary b ON a`.`loanPartId=b`.`loanPartId WHERE a`.`id=30168 and user="mehike" order by` `a`.`signedDate`, `a`.`auctionId`
DEBUG - 2016-07-11 12:38:19 --> SELECT *
FROM `select` `a`.*, `b`.`listedOnDate`, `b`.`xirr`, `b`.`secondaryId`, `b`.`desiredDiscountRate from bondora`.`investment_payload a LEFT JOIN bondora`.`secondary b ON a`.`loanPartId=b`.`loanPartId WHERE a`.`id=30169 and user="mehike" order by` `a`.`signedDate`, `a`.`auctionId`
DEBUG - 2016-07-11 12:38:19 --> SELECT *
FROM `select` `a`.*, `b`.`listedOnDate`, `b`.`xirr`, `b`.`secondaryId`, `b`.`desiredDiscountRate from bondora`.`investment_payload a LEFT JOIN bondora`.`secondary b ON a`.`loanPartId=b`.`loanPartId WHERE a`.`id=30176 and user="mehike" order by` `a`.`signedDate`, `a`.`auctionId`
DEBUG - 2016-07-11 12:38:19 --> Total execution time: 0.5801
DEBUG - 2016-07-11 12:38:19 --> UTF-8 Support Disabled
DEBUG - 2016-07-11 12:38:19 --> Global POST, GET and COOKIE data sanitized
ERROR - 2016-07-11 12:38:19 --> 404 Page Not Found: Investments/bootstrap
DEBUG - 2016-07-11 12:38:22 --> UTF-8 Support Disabled
DEBUG - 2016-07-11 12:38:22 --> Global POST, GET and COOKIE data sanitized
DEBUG - 2016-07-11 12:38:22 --> cURL Class Initialized
DEBUG - 2016-07-11 12:38:22 --> OAuth2 class already loaded. Second attempt ignored.
DEBUG - 2016-07-11 12:38:22 --> C:\xampp\htdocs\bondora\application\libraries/MY_Table.php exists, but does not declare MY_Table
DEBUG - 2016-07-11 12:38:22 --> Session class already loaded. Second attempt ignored.
DEBUG - 2016-07-11 12:38:22 --> SELECT *
FROM `select` `a`.*, `b`.`listedOnDate`, `b`.`xirr`, `b`.`secondaryId`, `b`.`desiredDiscountRate from bondora`.`investment_payload a LEFT JOIN bondora`.`secondary b ON a`.`loanPartId=b`.`loanPartId and a`.`user=b`.`user where a`.`user="mehike" order by` `a`.`signedDate`, `a`.`auctionId`
ERROR - 2016-07-11 12:38:22 --> Severity: Notice --> Undefined offset: 33 C:\xampp\htdocs\bondora\application\views\investments\index.php 880
ERROR - 2016-07-11 12:38:22 --> Severity: Notice --> Undefined offset: 33 C:\xampp\htdocs\bondora\application\views\investments\index.php 880
ERROR - 2016-07-11 12:38:22 --> Severity: Notice --> Undefined offset: 33 C:\xampp\htdocs\bondora\application\views\investments\index.php 880
ERROR - 2016-07-11 12:38:22 --> Severity: Notice --> Undefined offset: 32 C:\xampp\htdocs\bondora\application\views\investments\index.php 880
ERROR - 2016-07-11 12:38:22 --> Severity: Notice --> Undefined offset: 33 C:\xampp\htdocs\bondora\application\views\investments\index.php 880
ERROR - 2016-07-11 12:38:22 --> Severity: Notice --> Undefined offset: 31 C:\xampp\htdocs\bondora\application\views\investments\index.php 880
ERROR - 2016-07-11 12:38:22 --> Severity: Notice --> Undefined offset: 33 C:\xampp\htdocs\bondora\application\views\investments\index.php 880
ERROR - 2016-07-11 12:38:22 --> Severity: Notice --> Undefined offset: 33 C:\xampp\htdocs\bondora\application\views\investments\index.php 880
ERROR - 2016-07-11 12:38:22 --> Severity: Notice --> Undefined offset: 31 C:\xampp\htdocs\bondora\application\views\investments\index.php 880
ERROR - 2016-07-11 12:38:22 --> Severity: Notice --> Undefined offset: 30 C:\xampp\htdocs\bondora\application\views\investments\index.php 880
ERROR - 2016-07-11 12:38:22 --> Severity: Notice --> Undefined offset: 31 C:\xampp\htdocs\bondora\application\views\investments\index.php 880
ERROR - 2016-07-11 12:38:22 --> Severity: Notice --> Undefined offset: 31 C:\xampp\htdocs\bondora\application\views\investments\index.php 880
ERROR - 2016-07-11 12:38:22 --> Severity: Notice --> Undefined offset: 32 C:\xampp\htdocs\bondora\application\views\investments\index.php 880
ERROR - 2016-07-11 12:38:22 --> Severity: Notice --> Undefined offset: 33 C:\xampp\htdocs\bondora\application\views\investments\index.php 880
ERROR - 2016-07-11 12:38:22 --> Severity: Notice --> Undefined offset: 33 C:\xampp\htdocs\bondora\application\views\investments\index.php 880
ERROR - 2016-07-11 12:38:22 --> Severity: Notice --> Undefined offset: 33 C:\xampp\htdocs\bondora\application\views\investments\index.php 880
ERROR - 2016-07-11 12:38:22 --> Severity: Notice --> Undefined offset: 33 C:\xampp\htdocs\bondora\application\views\investments\index.php 880
ERROR - 2016-07-11 12:38:22 --> Severity: Notice --> Undefined offset: 41 C:\xampp\htdocs\bondora\application\views\investments\index.php 880
ERROR - 2016-07-11 12:38:22 --> Severity: Notice --> Undefined offset: 30 C:\xampp\htdocs\bondora\application\views\investments\index.php 880
ERROR - 2016-07-11 12:38:22 --> Severity: Notice --> Undefined offset: 31 C:\xampp\htdocs\bondora\application\views\investments\index.php 880
ERROR - 2016-07-11 12:38:22 --> Severity: Notice --> Undefined offset: 31 C:\xampp\htdocs\bondora\application\views\investments\index.php 880
ERROR - 2016-07-11 12:38:22 --> Severity: Notice --> Undefined offset: 33 C:\xampp\htdocs\bondora\application\views\investments\index.php 880
ERROR - 2016-07-11 12:38:22 --> Severity: Notice --> Undefined offset: 31 C:\xampp\htdocs\bondora\application\views\investments\index.php 880
DEBUG - 2016-07-11 12:38:22 --> Total execution time: 0.1210
DEBUG - 2016-07-11 12:38:22 --> UTF-8 Support Disabled
DEBUG - 2016-07-11 12:38:22 --> Global POST, GET and COOKIE data sanitized
ERROR - 2016-07-11 12:38:22 --> 404 Page Not Found: Investments/bootstrap
DEBUG - 2016-07-11 12:38:25 --> UTF-8 Support Disabled
DEBUG - 2016-07-11 12:38:25 --> Global POST, GET and COOKIE data sanitized
DEBUG - 2016-07-11 12:38:25 --> cURL Class Initialized
DEBUG - 2016-07-11 12:38:25 --> OAuth2 class already loaded. Second attempt ignored.
DEBUG - 2016-07-11 12:38:25 --> C:\xampp\htdocs\bondora\application\libraries/MY_Table.php exists, but does not declare MY_Table
DEBUG - 2016-07-11 12:38:25 --> Session class already loaded. Second attempt ignored.
DEBUG - 2016-07-11 12:38:26 --> SELECT *
FROM `select` `a`.*, `b`.`listedOnDate`, `b`.`xirr`, `b`.`secondaryId`, `b`.`desiredDiscountRate from bondora`.`investment_payload a LEFT JOIN bondora`.`secondary b ON a`.`loanPartId=b`.`loanPartId and a`.`user=b`.`user where a`.`user="mehike" order by` `a`.`signedDate`, `a`.`auctionId`
ERROR - 2016-07-11 12:38:26 --> Severity: Notice --> Undefined offset: 33 C:\xampp\htdocs\bondora\application\views\investments\index.php 880
ERROR - 2016-07-11 12:38:26 --> Severity: Notice --> Undefined offset: 33 C:\xampp\htdocs\bondora\application\views\investments\index.php 880
ERROR - 2016-07-11 12:38:26 --> Severity: Notice --> Undefined offset: 33 C:\xampp\htdocs\bondora\application\views\investments\index.php 880
ERROR - 2016-07-11 12:38:26 --> Severity: Notice --> Undefined offset: 32 C:\xampp\htdocs\bondora\application\views\investments\index.php 880
ERROR - 2016-07-11 12:38:26 --> Severity: Notice --> Undefined offset: 33 C:\xampp\htdocs\bondora\application\views\investments\index.php 880
ERROR - 2016-07-11 12:38:26 --> Severity: Notice --> Undefined offset: 31 C:\xampp\htdocs\bondora\application\views\investments\index.php 880
ERROR - 2016-07-11 12:38:26 --> Severity: Notice --> Undefined offset: 33 C:\xampp\htdocs\bondora\application\views\investments\index.php 880
ERROR - 2016-07-11 12:38:26 --> Severity: Notice --> Undefined offset: 33 C:\xampp\htdocs\bondora\application\views\investments\index.php 880
ERROR - 2016-07-11 12:38:26 --> Severity: Notice --> Undefined offset: 31 C:\xampp\htdocs\bondora\application\views\investments\index.php 880
ERROR - 2016-07-11 12:38:26 --> Severity: Notice --> Undefined offset: 31 C:\xampp\htdocs\bondora\application\views\investments\index.php 880
ERROR - 2016-07-11 12:38:26 --> Severity: Notice --> Undefined offset: 31 C:\xampp\htdocs\bondora\application\views\investments\index.php 880
ERROR - 2016-07-11 12:38:26 --> Severity: Notice --> Undefined offset: 32 C:\xampp\htdocs\bondora\application\views\investments\index.php 880
ERROR - 2016-07-11 12:38:26 --> Severity: Notice --> Undefined offset: 33 C:\xampp\htdocs\bondora\application\views\investments\index.php 880
ERROR - 2016-07-11 12:38:26 --> Severity: Notice --> Undefined offset: 33 C:\xampp\htdocs\bondora\application\views\investments\index.php 880
ERROR - 2016-07-11 12:38:26 --> Severity: Notice --> Undefined offset: 33 C:\xampp\htdocs\bondora\application\views\investments\index.php 880
ERROR - 2016-07-11 12:38:26 --> Severity: Notice --> Undefined offset: 33 C:\xampp\htdocs\bondora\application\views\investments\index.php 880
ERROR - 2016-07-11 12:38:26 --> Severity: Notice --> Undefined offset: 41 C:\xampp\htdocs\bondora\application\views\investments\index.php 880
ERROR - 2016-07-11 12:38:26 --> Severity: Notice --> Undefined offset: 31 C:\xampp\htdocs\bondora\application\views\investments\index.php 880
ERROR - 2016-07-11 12:38:26 --> Severity: Notice --> Undefined offset: 31 C:\xampp\htdocs\bondora\application\views\investments\index.php 880
ERROR - 2016-07-11 12:38:26 --> Severity: Notice --> Undefined offset: 33 C:\xampp\htdocs\bondora\application\views\investments\index.php 880
ERROR - 2016-07-11 12:38:26 --> Severity: Notice --> Undefined offset: 31 C:\xampp\htdocs\bondora\application\views\investments\index.php 880
DEBUG - 2016-07-11 12:38:26 --> Total execution time: 1.0201
DEBUG - 2016-07-11 12:38:26 --> UTF-8 Support Disabled
DEBUG - 2016-07-11 12:38:26 --> Global POST, GET and COOKIE data sanitized
ERROR - 2016-07-11 12:38:26 --> 404 Page Not Found: Investments/bootstrap
DEBUG - 2016-07-11 12:38:35 --> UTF-8 Support Disabled
DEBUG - 2016-07-11 12:38:35 --> Global POST, GET and COOKIE data sanitized
DEBUG - 2016-07-11 12:38:35 --> cURL Class Initialized
DEBUG - 2016-07-11 12:38:35 --> OAuth2 class already loaded. Second attempt ignored.
DEBUG - 2016-07-11 12:38:35 --> C:\xampp\htdocs\bondora\application\libraries/MY_Table.php exists, but does not declare MY_Table
DEBUG - 2016-07-11 12:38:35 --> Session class already loaded. Second attempt ignored.
DEBUG - 2016-07-11 12:38:36 --> Total execution time: 0.7351
DEBUG - 2016-07-11 12:38:36 --> UTF-8 Support Disabled
DEBUG - 2016-07-11 12:38:36 --> Global POST, GET and COOKIE data sanitized
DEBUG - 2016-07-11 12:38:36 --> cURL Class Initialized
DEBUG - 2016-07-11 12:38:36 --> OAuth2 class already loaded. Second attempt ignored.
DEBUG - 2016-07-11 12:38:36 --> C:\xampp\htdocs\bondora\application\libraries/MY_Table.php exists, but does not declare MY_Table
DEBUG - 2016-07-11 12:38:36 --> Session class already loaded. Second attempt ignored.
DEBUG - 2016-07-11 12:38:36 --> Total execution time: 0.3110
DEBUG - 2016-07-11 12:38:39 --> UTF-8 Support Disabled
DEBUG - 2016-07-11 12:38:39 --> Global POST, GET and COOKIE data sanitized
DEBUG - 2016-07-11 12:38:39 --> cURL Class Initialized
DEBUG - 2016-07-11 12:38:39 --> OAuth2 class already loaded. Second attempt ignored.
DEBUG - 2016-07-11 12:38:39 --> C:\xampp\htdocs\bondora\application\libraries/MY_Table.php exists, but does not declare MY_Table
DEBUG - 2016-07-11 12:38:39 --> Session class already loaded. Second attempt ignored.
DEBUG - 2016-07-11 12:38:40 --> Total execution time: 0.5791
DEBUG - 2016-07-11 12:38:40 --> UTF-8 Support Disabled
DEBUG - 2016-07-11 12:38:40 --> Global POST, GET and COOKIE data sanitized
DEBUG - 2016-07-11 12:38:40 --> cURL Class Initialized
DEBUG - 2016-07-11 12:38:40 --> OAuth2 class already loaded. Second attempt ignored.
DEBUG - 2016-07-11 12:38:40 --> C:\xampp\htdocs\bondora\application\libraries/MY_Table.php exists, but does not declare MY_Table
DEBUG - 2016-07-11 12:38:40 --> Session class already loaded. Second attempt ignored.
DEBUG - 2016-07-11 12:38:40 --> Total execution time: 0.3150
DEBUG - 2016-07-11 12:38:43 --> UTF-8 Support Disabled
DEBUG - 2016-07-11 12:38:43 --> Global POST, GET and COOKIE data sanitized
DEBUG - 2016-07-11 12:38:43 --> cURL Class Initialized
DEBUG - 2016-07-11 12:38:43 --> OAuth2 class already loaded. Second attempt ignored.
DEBUG - 2016-07-11 12:38:43 --> C:\xampp\htdocs\bondora\application\libraries/MY_Table.php exists, but does not declare MY_Table
DEBUG - 2016-07-11 12:38:43 --> Session class already loaded. Second attempt ignored.
DEBUG - 2016-07-11 12:38:44 --> Total execution time: 0.6021
DEBUG - 2016-07-11 12:38:44 --> UTF-8 Support Disabled
DEBUG - 2016-07-11 12:38:44 --> Global POST, GET and COOKIE data sanitized
DEBUG - 2016-07-11 12:38:44 --> cURL Class Initialized
DEBUG - 2016-07-11 12:38:44 --> OAuth2 class already loaded. Second attempt ignored.
DEBUG - 2016-07-11 12:38:44 --> C:\xampp\htdocs\bondora\application\libraries/MY_Table.php exists, but does not declare MY_Table
DEBUG - 2016-07-11 12:38:44 --> Session class already loaded. Second attempt ignored.
DEBUG - 2016-07-11 12:38:44 --> Total execution time: 0.3170
DEBUG - 2016-07-11 12:38:47 --> UTF-8 Support Disabled
DEBUG - 2016-07-11 12:38:47 --> Global POST, GET and COOKIE data sanitized
DEBUG - 2016-07-11 12:38:47 --> cURL Class Initialized
DEBUG - 2016-07-11 12:38:47 --> OAuth2 class already loaded. Second attempt ignored.
DEBUG - 2016-07-11 12:38:47 --> C:\xampp\htdocs\bondora\application\libraries/MY_Table.php exists, but does not declare MY_Table
DEBUG - 2016-07-11 12:38:47 --> Session class already loaded. Second attempt ignored.
DEBUG - 2016-07-11 12:38:48 --> Total execution time: 0.6181
DEBUG - 2016-07-11 12:38:48 --> UTF-8 Support Disabled
DEBUG - 2016-07-11 12:38:48 --> Global POST, GET and COOKIE data sanitized
DEBUG - 2016-07-11 12:38:48 --> cURL Class Initialized
DEBUG - 2016-07-11 12:38:48 --> OAuth2 class already loaded. Second attempt ignored.
DEBUG - 2016-07-11 12:38:48 --> C:\xampp\htdocs\bondora\application\libraries/MY_Table.php exists, but does not declare MY_Table
DEBUG - 2016-07-11 12:38:48 --> Session class already loaded. Second attempt ignored.
DEBUG - 2016-07-11 12:38:48 --> Total execution time: 0.3720
DEBUG - 2016-07-11 12:38:51 --> UTF-8 Support Disabled
DEBUG - 2016-07-11 12:38:51 --> Global POST, GET and COOKIE data sanitized
DEBUG - 2016-07-11 12:38:52 --> cURL Class Initialized
DEBUG - 2016-07-11 12:38:52 --> OAuth2 class already loaded. Second attempt ignored.
DEBUG - 2016-07-11 12:38:52 --> C:\xampp\htdocs\bondora\application\libraries/MY_Table.php exists, but does not declare MY_Table
DEBUG - 2016-07-11 12:38:52 --> Session class already loaded. Second attempt ignored.
DEBUG - 2016-07-11 12:38:52 --> Total execution time: 0.6241
DEBUG - 2016-07-11 12:38:52 --> UTF-8 Support Disabled
DEBUG - 2016-07-11 12:38:52 --> Global POST, GET and COOKIE data sanitized
DEBUG - 2016-07-11 12:38:52 --> cURL Class Initialized
DEBUG - 2016-07-11 12:38:52 --> OAuth2 class already loaded. Second attempt ignored.
DEBUG - 2016-07-11 12:38:52 --> C:\xampp\htdocs\bondora\application\libraries/MY_Table.php exists, but does not declare MY_Table
DEBUG - 2016-07-11 12:38:52 --> Session class already loaded. Second attempt ignored.
DEBUG - 2016-07-11 12:38:52 --> Total execution time: 0.3060
DEBUG - 2016-07-11 12:38:57 --> UTF-8 Support Disabled
DEBUG - 2016-07-11 12:38:57 --> Global POST, GET and COOKIE data sanitized
DEBUG - 2016-07-11 12:38:57 --> cURL Class Initialized
DEBUG - 2016-07-11 12:38:57 --> OAuth2 class already loaded. Second attempt ignored.
DEBUG - 2016-07-11 12:38:57 --> C:\xampp\htdocs\bondora\application\libraries/MY_Table.php exists, but does not declare MY_Table
DEBUG - 2016-07-11 12:38:57 --> Session class already loaded. Second attempt ignored.
DEBUG - 2016-07-11 12:38:57 --> Total execution time: 0.7121
DEBUG - 2016-07-11 12:38:57 --> UTF-8 Support Disabled
DEBUG - 2016-07-11 12:38:57 --> Global POST, GET and COOKIE data sanitized
DEBUG - 2016-07-11 12:38:57 --> cURL Class Initialized
DEBUG - 2016-07-11 12:38:57 --> OAuth2 class already loaded. Second attempt ignored.
DEBUG - 2016-07-11 12:38:57 --> C:\xampp\htdocs\bondora\application\libraries/MY_Table.php exists, but does not declare MY_Table
DEBUG - 2016-07-11 12:38:57 --> Session class already loaded. Second attempt ignored.
DEBUG - 2016-07-11 12:38:58 --> Total execution time: 0.3180
DEBUG - 2016-07-11 12:39:03 --> UTF-8 Support Disabled
DEBUG - 2016-07-11 12:39:03 --> Global POST, GET and COOKIE data sanitized
DEBUG - 2016-07-11 12:39:03 --> cURL Class Initialized
DEBUG - 2016-07-11 12:39:03 --> OAuth2 class already loaded. Second attempt ignored.
DEBUG - 2016-07-11 12:39:03 --> C:\xampp\htdocs\bondora\application\libraries/MY_Table.php exists, but does not declare MY_Table
DEBUG - 2016-07-11 12:39:03 --> Session class already loaded. Second attempt ignored.
DEBUG - 2016-07-11 12:39:03 --> Total execution time: 0.5891
DEBUG - 2016-07-11 12:39:03 --> UTF-8 Support Disabled
DEBUG - 2016-07-11 12:39:03 --> Global POST, GET and COOKIE data sanitized
DEBUG - 2016-07-11 12:39:03 --> cURL Class Initialized
DEBUG - 2016-07-11 12:39:03 --> OAuth2 class already loaded. Second attempt ignored.
DEBUG - 2016-07-11 12:39:03 --> C:\xampp\htdocs\bondora\application\libraries/MY_Table.php exists, but does not declare MY_Table
DEBUG - 2016-07-11 12:39:03 --> Session class already loaded. Second attempt ignored.
DEBUG - 2016-07-11 12:39:04 --> Total execution time: 0.3320
DEBUG - 2016-07-11 12:39:07 --> UTF-8 Support Disabled
DEBUG - 2016-07-11 12:39:07 --> Global POST, GET and COOKIE data sanitized
DEBUG - 2016-07-11 12:39:07 --> cURL Class Initialized
DEBUG - 2016-07-11 12:39:07 --> OAuth2 class already loaded. Second attempt ignored.
DEBUG - 2016-07-11 12:39:08 --> C:\xampp\htdocs\bondora\application\libraries/MY_Table.php exists, but does not declare MY_Table
DEBUG - 2016-07-11 12:39:08 --> Session class already loaded. Second attempt ignored.
DEBUG - 2016-07-11 12:39:08 --> Total execution time: 0.6321
DEBUG - 2016-07-11 12:39:08 --> UTF-8 Support Disabled
DEBUG - 2016-07-11 12:39:08 --> Global POST, GET and COOKIE data sanitized
DEBUG - 2016-07-11 12:39:08 --> cURL Class Initialized
DEBUG - 2016-07-11 12:39:08 --> OAuth2 class already loaded. Second attempt ignored.
DEBUG - 2016-07-11 12:39:08 --> C:\xampp\htdocs\bondora\application\libraries/MY_Table.php exists, but does not declare MY_Table
DEBUG - 2016-07-11 12:39:08 --> Session class already loaded. Second attempt ignored.
DEBUG - 2016-07-11 12:39:08 --> Total execution time: 0.3470
DEBUG - 2016-07-11 12:39:27 --> UTF-8 Support Disabled
DEBUG - 2016-07-11 12:39:27 --> Global POST, GET and COOKIE data sanitized
DEBUG - 2016-07-11 12:39:27 --> cURL Class Initialized
DEBUG - 2016-07-11 12:39:27 --> OAuth2 class already loaded. Second attempt ignored.
DEBUG - 2016-07-11 12:39:27 --> C:\xampp\htdocs\bondora\application\libraries/MY_Table.php exists, but does not declare MY_Table
DEBUG - 2016-07-11 12:39:27 --> Session class already loaded. Second attempt ignored.
DEBUG - 2016-07-11 12:39:27 --> SELECT *
FROM `select` `a`.*, `b`.`listedOnDate`, `b`.`xirr`, `b`.`secondaryId`, `b`.`desiredDiscountRate from bondora`.`investment_payload a LEFT JOIN bondora`.`secondary b ON a`.`loanPartId=b`.`loanPartId WHERE a`.`id=30202 and user="mehike" order by` `a`.`signedDate`, `a`.`auctionId`
DEBUG - 2016-07-11 12:39:27 --> SELECT *
FROM `select` `a`.*, `b`.`listedOnDate`, `b`.`xirr`, `b`.`secondaryId`, `b`.`desiredDiscountRate from bondora`.`investment_payload a LEFT JOIN bondora`.`secondary b ON a`.`loanPartId=b`.`loanPartId WHERE a`.`id=30186 and user="mehike" order by` `a`.`signedDate`, `a`.`auctionId`
DEBUG - 2016-07-11 12:39:27 --> SELECT *
FROM `select` `a`.*, `b`.`listedOnDate`, `b`.`xirr`, `b`.`secondaryId`, `b`.`desiredDiscountRate from bondora`.`investment_payload a LEFT JOIN bondora`.`secondary b ON a`.`loanPartId=b`.`loanPartId WHERE a`.`id=30190 and user="mehike" order by` `a`.`signedDate`, `a`.`auctionId`
DEBUG - 2016-07-11 12:39:27 --> SELECT *
FROM `select` `a`.*, `b`.`listedOnDate`, `b`.`xirr`, `b`.`secondaryId`, `b`.`desiredDiscountRate from bondora`.`investment_payload a LEFT JOIN bondora`.`secondary b ON a`.`loanPartId=b`.`loanPartId WHERE a`.`id=30192 and user="mehike" order by` `a`.`signedDate`, `a`.`auctionId`
DEBUG - 2016-07-11 12:39:27 --> SELECT *
FROM `select` `a`.*, `b`.`listedOnDate`, `b`.`xirr`, `b`.`secondaryId`, `b`.`desiredDiscountRate from bondora`.`investment_payload a LEFT JOIN bondora`.`secondary b ON a`.`loanPartId=b`.`loanPartId WHERE a`.`id=30193 and user="mehike" order by` `a`.`signedDate`, `a`.`auctionId`
DEBUG - 2016-07-11 12:39:27 --> SELECT *
FROM `select` `a`.*, `b`.`listedOnDate`, `b`.`xirr`, `b`.`secondaryId`, `b`.`desiredDiscountRate from bondora`.`investment_payload a LEFT JOIN bondora`.`secondary b ON a`.`loanPartId=b`.`loanPartId WHERE a`.`id=30209 and user="mehike" order by` `a`.`signedDate`, `a`.`auctionId`
DEBUG - 2016-07-11 12:39:27 --> SELECT *
FROM `select` `a`.*, `b`.`listedOnDate`, `b`.`xirr`, `b`.`secondaryId`, `b`.`desiredDiscountRate from bondora`.`investment_payload a LEFT JOIN bondora`.`secondary b ON a`.`loanPartId=b`.`loanPartId WHERE a`.`id=30212 and user="mehike" order by` `a`.`signedDate`, `a`.`auctionId`
DEBUG - 2016-07-11 12:39:27 --> SELECT *
FROM `select` `a`.*, `b`.`listedOnDate`, `b`.`xirr`, `b`.`secondaryId`, `b`.`desiredDiscountRate from bondora`.`investment_payload a LEFT JOIN bondora`.`secondary b ON a`.`loanPartId=b`.`loanPartId WHERE a`.`id=30214 and user="mehike" order by` `a`.`signedDate`, `a`.`auctionId`
DEBUG - 2016-07-11 12:39:28 --> Total execution time: 0.6771
DEBUG - 2016-07-11 12:39:28 --> UTF-8 Support Disabled
DEBUG - 2016-07-11 12:39:28 --> Global POST, GET and COOKIE data sanitized
ERROR - 2016-07-11 12:39:28 --> 404 Page Not Found: Investments/bootstrap
DEBUG - 2016-07-11 12:39:30 --> UTF-8 Support Disabled
DEBUG - 2016-07-11 12:39:30 --> Global POST, GET and COOKIE data sanitized
DEBUG - 2016-07-11 12:39:30 --> cURL Class Initialized
DEBUG - 2016-07-11 12:39:30 --> OAuth2 class already loaded. Second attempt ignored.
DEBUG - 2016-07-11 12:39:30 --> C:\xampp\htdocs\bondora\application\libraries/MY_Table.php exists, but does not declare MY_Table
DEBUG - 2016-07-11 12:39:30 --> Session class already loaded. Second attempt ignored.
DEBUG - 2016-07-11 12:39:30 --> SELECT *
FROM `select` `a`.*, `b`.`listedOnDate`, `b`.`xirr`, `b`.`secondaryId`, `b`.`desiredDiscountRate from bondora`.`investment_payload a LEFT JOIN bondora`.`secondary b ON a`.`loanPartId=b`.`loanPartId and a`.`user=b`.`user where a`.`user="mehike" order by` `a`.`signedDate`, `a`.`auctionId`
ERROR - 2016-07-11 12:39:30 --> Severity: Notice --> Undefined offset: 33 C:\xampp\htdocs\bondora\application\views\investments\index.php 880
ERROR - 2016-07-11 12:39:30 --> Severity: Notice --> Undefined offset: 33 C:\xampp\htdocs\bondora\application\views\investments\index.php 880
ERROR - 2016-07-11 12:39:30 --> Severity: Notice --> Undefined offset: 33 C:\xampp\htdocs\bondora\application\views\investments\index.php 880
ERROR - 2016-07-11 12:39:30 --> Severity: Notice --> Undefined offset: 32 C:\xampp\htdocs\bondora\application\views\investments\index.php 880
ERROR - 2016-07-11 12:39:30 --> Severity: Notice --> Undefined offset: 33 C:\xampp\htdocs\bondora\application\views\investments\index.php 880
ERROR - 2016-07-11 12:39:30 --> Severity: Notice --> Undefined offset: 31 C:\xampp\htdocs\bondora\application\views\investments\index.php 880
ERROR - 2016-07-11 12:39:30 --> Severity: Notice --> Undefined offset: 33 C:\xampp\htdocs\bondora\application\views\investments\index.php 880
ERROR - 2016-07-11 12:39:30 --> Severity: Notice --> Undefined offset: 33 C:\xampp\htdocs\bondora\application\views\investments\index.php 880
ERROR - 2016-07-11 12:39:30 --> Severity: Notice --> Undefined offset: 31 C:\xampp\htdocs\bondora\application\views\investments\index.php 880
ERROR - 2016-07-11 12:39:30 --> Severity: Notice --> Undefined offset: 30 C:\xampp\htdocs\bondora\application\views\investments\index.php 880
ERROR - 2016-07-11 12:39:30 --> Severity: Notice --> Undefined offset: 31 C:\xampp\htdocs\bondora\application\views\investments\index.php 880
ERROR - 2016-07-11 12:39:30 --> Severity: Notice --> Undefined offset: 31 C:\xampp\htdocs\bondora\application\views\investments\index.php 880
ERROR - 2016-07-11 12:39:30 --> Severity: Notice --> Undefined offset: 32 C:\xampp\htdocs\bondora\application\views\investments\index.php 880
ERROR - 2016-07-11 12:39:30 --> Severity: Notice --> Undefined offset: 33 C:\xampp\htdocs\bondora\application\views\investments\index.php 880
ERROR - 2016-07-11 12:39:30 --> Severity: Notice --> Undefined offset: 33 C:\xampp\htdocs\bondora\application\views\investments\index.php 880
ERROR - 2016-07-11 12:39:30 --> Severity: Notice --> Undefined offset: 33 C:\xampp\htdocs\bondora\application\views\investments\index.php 880
ERROR - 2016-07-11 12:39:30 --> Severity: Notice --> Undefined offset: 33 C:\xampp\htdocs\bondora\application\views\investments\index.php 880
ERROR - 2016-07-11 12:39:30 --> Severity: Notice --> Undefined offset: 41 C:\xampp\htdocs\bondora\application\views\investments\index.php 880
ERROR - 2016-07-11 12:39:30 --> Severity: Notice --> Undefined offset: 30 C:\xampp\htdocs\bondora\application\views\investments\index.php 880
ERROR - 2016-07-11 12:39:30 --> Severity: Notice --> Undefined offset: 31 C:\xampp\htdocs\bondora\application\views\investments\index.php 880
ERROR - 2016-07-11 12:39:30 --> Severity: Notice --> Undefined offset: 31 C:\xampp\htdocs\bondora\application\views\investments\index.php 880
ERROR - 2016-07-11 12:39:30 --> Severity: Notice --> Undefined offset: 33 C:\xampp\htdocs\bondora\application\views\investments\index.php 880
ERROR - 2016-07-11 12:39:30 --> Severity: Notice --> Undefined offset: 31 C:\xampp\htdocs\bondora\application\views\investments\index.php 880
DEBUG - 2016-07-11 12:39:30 --> Total execution time: 0.1160
DEBUG - 2016-07-11 12:39:31 --> UTF-8 Support Disabled
DEBUG - 2016-07-11 12:39:31 --> Global POST, GET and COOKIE data sanitized
ERROR - 2016-07-11 12:39:31 --> 404 Page Not Found: Investments/bootstrap
DEBUG - 2016-07-11 12:39:32 --> UTF-8 Support Disabled
DEBUG - 2016-07-11 12:39:32 --> Global POST, GET and COOKIE data sanitized
DEBUG - 2016-07-11 12:39:32 --> cURL Class Initialized
DEBUG - 2016-07-11 12:39:32 --> OAuth2 class already loaded. Second attempt ignored.
DEBUG - 2016-07-11 12:39:32 --> C:\xampp\htdocs\bondora\application\libraries/MY_Table.php exists, but does not declare MY_Table
DEBUG - 2016-07-11 12:39:32 --> Session class already loaded. Second attempt ignored.
DEBUG - 2016-07-11 12:39:32 --> Total execution time: 0.0950
DEBUG - 2016-07-11 12:39:32 --> UTF-8 Support Disabled
DEBUG - 2016-07-11 12:39:32 --> Global POST, GET and COOKIE data sanitized
ERROR - 2016-07-11 12:39:32 --> 404 Page Not Found: Secondary/bootstrap
DEBUG - 2016-07-11 12:39:33 --> UTF-8 Support Disabled
DEBUG - 2016-07-11 12:39:33 --> Global POST, GET and COOKIE data sanitized
DEBUG - 2016-07-11 12:39:33 --> cURL Class Initialized
DEBUG - 2016-07-11 12:39:33 --> OAuth2 class already loaded. Second attempt ignored.
DEBUG - 2016-07-11 12:39:33 --> C:\xampp\htdocs\bondora\application\libraries/MY_Table.php exists, but does not declare MY_Table
DEBUG - 2016-07-11 12:39:33 --> Session class already loaded. Second attempt ignored.
ERROR - 2016-07-11 12:39:34 --> Severity: Notice --> Trying to get property of non-object C:\xampp\htdocs\bondora\application\controllers\Secondary.php 602
ERROR - 2016-07-11 12:39:34 --> Severity: Notice --> Undefined index: all C:\xampp\htdocs\bondora\application\controllers\Secondary.php 605
DEBUG - 2016-07-11 12:39:34 --> UTF-8 Support Disabled
DEBUG - 2016-07-11 12:39:34 --> Global POST, GET and COOKIE data sanitized
DEBUG - 2016-07-11 12:39:34 --> cURL Class Initialized
DEBUG - 2016-07-11 12:39:34 --> OAuth2 class already loaded. Second attempt ignored.
DEBUG - 2016-07-11 12:39:34 --> C:\xampp\htdocs\bondora\application\libraries/MY_Table.php exists, but does not declare MY_Table
DEBUG - 2016-07-11 12:39:34 --> Session class already loaded. Second attempt ignored.
DEBUG - 2016-07-11 12:39:34 --> Total execution time: 0.0900
DEBUG - 2016-07-11 12:39:34 --> UTF-8 Support Disabled
DEBUG - 2016-07-11 12:39:34 --> Global POST, GET and COOKIE data sanitized
ERROR - 2016-07-11 12:39:34 --> 404 Page Not Found: Secondary/bootstrap
DEBUG - 2016-07-11 12:39:35 --> UTF-8 Support Disabled
DEBUG - 2016-07-11 12:39:35 --> Global POST, GET and COOKIE data sanitized
DEBUG - 2016-07-11 12:39:35 --> cURL Class Initialized
DEBUG - 2016-07-11 12:39:35 --> OAuth2 class already loaded. Second attempt ignored.
DEBUG - 2016-07-11 12:39:35 --> C:\xampp\htdocs\bondora\application\libraries/MY_Table.php exists, but does not declare MY_Table
DEBUG - 2016-07-11 12:39:35 --> Session class already loaded. Second attempt ignored.
DEBUG - 2016-07-11 12:39:35 --> SELECT *
FROM `select` `a`.*, `b`.`listedOnDate`, `b`.`xirr`, `b`.`secondaryId`, `b`.`desiredDiscountRate from bondora`.`investment_payload a LEFT JOIN bondora`.`secondary b ON a`.`loanPartId=b`.`loanPartId and a`.`user=b`.`user where a`.`user="mehike" order by` `a`.`signedDate`, `a`.`auctionId`
ERROR - 2016-07-11 12:39:35 --> Severity: Notice --> Undefined offset: 33 C:\xampp\htdocs\bondora\application\views\investments\index.php 880
ERROR - 2016-07-11 12:39:35 --> Severity: Notice --> Undefined offset: 33 C:\xampp\htdocs\bondora\application\views\investments\index.php 880
ERROR - 2016-07-11 12:39:35 --> Severity: Notice --> Undefined offset: 33 C:\xampp\htdocs\bondora\application\views\investments\index.php 880
ERROR - 2016-07-11 12:39:35 --> Severity: Notice --> Undefined offset: 32 C:\xampp\htdocs\bondora\application\views\investments\index.php 880
ERROR - 2016-07-11 12:39:35 --> Severity: Notice --> Undefined offset: 33 C:\xampp\htdocs\bondora\application\views\investments\index.php 880
ERROR - 2016-07-11 12:39:35 --> Severity: Notice --> Undefined offset: 31 C:\xampp\htdocs\bondora\application\views\investments\index.php 880
ERROR - 2016-07-11 12:39:35 --> Severity: Notice --> Undefined offset: 33 C:\xampp\htdocs\bondora\application\views\investments\index.php 880
ERROR - 2016-07-11 12:39:35 --> Severity: Notice --> Undefined offset: 33 C:\xampp\htdocs\bondora\application\views\investments\index.php 880
ERROR - 2016-07-11 12:39:35 --> Severity: Notice --> Undefined offset: 31 C:\xampp\htdocs\bondora\application\views\investments\index.php 880
ERROR - 2016-07-11 12:39:35 --> Severity: Notice --> Undefined offset: 30 C:\xampp\htdocs\bondora\application\views\investments\index.php 880
ERROR - 2016-07-11 12:39:35 --> Severity: Notice --> Undefined offset: 31 C:\xampp\htdocs\bondora\application\views\investments\index.php 880
ERROR - 2016-07-11 12:39:35 --> Severity: Notice --> Undefined offset: 31 C:\xampp\htdocs\bondora\application\views\investments\index.php 880
ERROR - 2016-07-11 12:39:35 --> Severity: Notice --> Undefined offset: 32 C:\xampp\htdocs\bondora\application\views\investments\index.php 880
ERROR - 2016-07-11 12:39:35 --> Severity: Notice --> Undefined offset: 33 C:\xampp\htdocs\bondora\application\views\investments\index.php 880
ERROR - 2016-07-11 12:39:35 --> Severity: Notice --> Undefined offset: 33 C:\xampp\htdocs\bondora\application\views\investments\index.php 880
ERROR - 2016-07-11 12:39:35 --> Severity: Notice --> Undefined offset: 33 C:\xampp\htdocs\bondora\application\views\investments\index.php 880
ERROR - 2016-07-11 12:39:35 --> Severity: Notice --> Undefined offset: 33 C:\xampp\htdocs\bondora\application\views\investments\index.php 880
ERROR - 2016-07-11 12:39:35 --> Severity: Notice --> Undefined offset: 41 C:\xampp\htdocs\bondora\application\views\investments\index.php 880
ERROR - 2016-07-11 12:39:35 --> Severity: Notice --> Undefined offset: 30 C:\xampp\htdocs\bondora\application\views\investments\index.php 880
ERROR - 2016-07-11 12:39:35 --> Severity: Notice --> Undefined offset: 31 C:\xampp\htdocs\bondora\application\views\investments\index.php 880
ERROR - 2016-07-11 12:39:35 --> Severity: Notice --> Undefined offset: 31 C:\xampp\htdocs\bondora\application\views\investments\index.php 880
ERROR - 2016-07-11 12:39:35 --> Severity: Notice --> Undefined offset: 33 C:\xampp\htdocs\bondora\application\views\investments\index.php 880
ERROR - 2016-07-11 12:39:35 --> Severity: Notice --> Undefined offset: 31 C:\xampp\htdocs\bondora\application\views\investments\index.php 880
DEBUG - 2016-07-11 12:39:35 --> Total execution time: 0.1180
DEBUG - 2016-07-11 12:39:35 --> UTF-8 Support Disabled
DEBUG - 2016-07-11 12:39:35 --> Global POST, GET and COOKIE data sanitized
ERROR - 2016-07-11 12:39:35 --> 404 Page Not Found: Investments/bootstrap
DEBUG - 2016-07-11 12:39:36 --> UTF-8 Support Disabled
DEBUG - 2016-07-11 12:39:36 --> Global POST, GET and COOKIE data sanitized
DEBUG - 2016-07-11 12:39:36 --> cURL Class Initialized
DEBUG - 2016-07-11 12:39:36 --> OAuth2 class already loaded. Second attempt ignored.
DEBUG - 2016-07-11 12:39:37 --> C:\xampp\htdocs\bondora\application\libraries/MY_Table.php exists, but does not declare MY_Table
DEBUG - 2016-07-11 12:39:37 --> Session class already loaded. Second attempt ignored.
DEBUG - 2016-07-11 12:39:38 --> SELECT *
FROM `select` `a`.*, `b`.`listedOnDate`, `b`.`xirr`, `b`.`secondaryId`, `b`.`desiredDiscountRate from bondora`.`investment_payload a LEFT JOIN bondora`.`secondary b ON a`.`loanPartId=b`.`loanPartId and a`.`user=b`.`user where a`.`user="mehike" order by` `a`.`signedDate`, `a`.`auctionId`
ERROR - 2016-07-11 12:39:38 --> Severity: Notice --> Undefined offset: 33 C:\xampp\htdocs\bondora\application\views\investments\index.php 880
ERROR - 2016-07-11 12:39:38 --> Severity: Notice --> Undefined offset: 33 C:\xampp\htdocs\bondora\application\views\investments\index.php 880
ERROR - 2016-07-11 12:39:38 --> Severity: Notice --> Undefined offset: 33 C:\xampp\htdocs\bondora\application\views\investments\index.php 880
ERROR - 2016-07-11 12:39:38 --> Severity: Notice --> Undefined offset: 32 C:\xampp\htdocs\bondora\application\views\investments\index.php 880
ERROR - 2016-07-11 12:39:38 --> Severity: Notice --> Undefined offset: 33 C:\xampp\htdocs\bondora\application\views\investments\index.php 880
ERROR - 2016-07-11 12:39:38 --> Severity: Notice --> Undefined offset: 31 C:\xampp\htdocs\bondora\application\views\investments\index.php 880
ERROR - 2016-07-11 12:39:38 --> Severity: Notice --> Undefined offset: 33 C:\xampp\htdocs\bondora\application\views\investments\index.php 880
ERROR - 2016-07-11 12:39:38 --> Severity: Notice --> Undefined offset: 33 C:\xampp\htdocs\bondora\application\views\investments\index.php 880
ERROR - 2016-07-11 12:39:38 --> Severity: Notice --> Undefined offset: 31 C:\xampp\htdocs\bondora\application\views\investments\index.php 880
ERROR - 2016-07-11 12:39:38 --> Severity: Notice --> Undefined offset: 31 C:\xampp\htdocs\bondora\application\views\investments\index.php 880
ERROR - 2016-07-11 12:39:38 --> Severity: Notice --> Undefined offset: 31 C:\xampp\htdocs\bondora\application\views\investments\index.php 880
ERROR - 2016-07-11 12:39:38 --> Severity: Notice --> Undefined offset: 32 C:\xampp\htdocs\bondora\application\views\investments\index.php 880
ERROR - 2016-07-11 12:39:38 --> Severity: Notice --> Undefined offset: 33 C:\xampp\htdocs\bondora\application\views\investments\index.php 880
ERROR - 2016-07-11 12:39:38 --> Severity: Notice --> Undefined offset: 33 C:\xampp\htdocs\bondora\application\views\investments\index.php 880
ERROR - 2016-07-11 12:39:38 --> Severity: Notice --> Undefined offset: 33 C:\xampp\htdocs\bondora\application\views\investments\index.php 880
ERROR - 2016-07-11 12:39:38 --> Severity: Notice --> Undefined offset: 33 C:\xampp\htdocs\bondora\application\views\investments\index.php 880
ERROR - 2016-07-11 12:39:38 --> Severity: Notice --> Undefined offset: 41 C:\xampp\htdocs\bondora\application\views\investments\index.php 880
ERROR - 2016-07-11 12:39:38 --> Severity: Notice --> Undefined offset: 31 C:\xampp\htdocs\bondora\application\views\investments\index.php 880
ERROR - 2016-07-11 12:39:38 --> Severity: Notice --> Undefined offset: 31 C:\xampp\htdocs\bondora\application\views\investments\index.php 880
ERROR - 2016-07-11 12:39:38 --> Severity: Notice --> Undefined offset: 33 C:\xampp\htdocs\bondora\application\views\investments\index.php 880
ERROR - 2016-07-11 12:39:38 --> Severity: Notice --> Undefined offset: 31 C:\xampp\htdocs\bondora\application\views\investments\index.php 880
DEBUG - 2016-07-11 12:39:38 --> Total execution time: 1.2751
DEBUG - 2016-07-11 12:39:38 --> UTF-8 Support Disabled
DEBUG - 2016-07-11 12:39:38 --> Global POST, GET and COOKIE data sanitized
ERROR - 2016-07-11 12:39:38 --> 404 Page Not Found: Investments/bootstrap
