DEBUG - 2016-08-09 06:18:11 --> UTF-8 Support Disabled
DEBUG - 2016-08-09 06:18:11 --> Global POST, GET and COOKIE data sanitized
DEBUG - 2016-08-09 06:18:11 --> cURL Class Initialized
DEBUG - 2016-08-09 06:18:11 --> OAuth2 class already loaded. Second attempt ignored.
DEBUG - 2016-08-09 06:18:11 --> C:\xampp\htdocs\bondora\application\libraries/MY_Table.php exists, but does not declare MY_Table
DEBUG - 2016-08-09 06:18:11 --> Session class already loaded. Second attempt ignored.
DEBUG - 2016-08-09 06:18:11 --> UTF-8 Support Disabled
DEBUG - 2016-08-09 06:18:11 --> Global POST, GET and COOKIE data sanitized
DEBUG - 2016-08-09 06:18:11 --> cURL Class Initialized
DEBUG - 2016-08-09 06:18:11 --> OAuth2 class already loaded. Second attempt ignored.
DEBUG - 2016-08-09 06:18:11 --> Session class already loaded. Second attempt ignored.
DEBUG - 2016-08-09 06:18:11 --> Total execution time: 0.0640
DEBUG - 2016-08-09 06:18:11 --> UTF-8 Support Disabled
DEBUG - 2016-08-09 06:18:11 --> Global POST, GET and COOKIE data sanitized
ERROR - 2016-08-09 06:18:11 --> 404 Page Not Found: User/bootstrap
DEBUG - 2016-08-09 06:18:14 --> UTF-8 Support Disabled
DEBUG - 2016-08-09 06:18:14 --> Global POST, GET and COOKIE data sanitized
DEBUG - 2016-08-09 06:18:14 --> cURL Class Initialized
DEBUG - 2016-08-09 06:18:14 --> OAuth2 class already loaded. Second attempt ignored.
DEBUG - 2016-08-09 06:18:14 --> Session class already loaded. Second attempt ignored.
DEBUG - 2016-08-09 06:18:14 --> UTF-8 Support Disabled
DEBUG - 2016-08-09 06:18:14 --> Global POST, GET and COOKIE data sanitized
DEBUG - 2016-08-09 06:18:14 --> cURL Class Initialized
DEBUG - 2016-08-09 06:18:14 --> OAuth2 class already loaded. Second attempt ignored.
DEBUG - 2016-08-09 06:18:14 --> C:\xampp\htdocs\bondora\application\libraries/MY_Table.php exists, but does not declare MY_Table
DEBUG - 2016-08-09 06:18:14 --> Session class already loaded. Second attempt ignored.
DEBUG - 2016-08-09 06:18:14 --> SELECT *
FROM `select` `a`.*, `b`.`statusCode from auction_payload a LEFT JOIN bid_payload b ON a`.`auctionId=b`.`auctionId and a`.`user=b`.`userName where` `user="mehike"`
DEBUG - 2016-08-09 06:18:14 --> Total execution time: 0.1220
DEBUG - 2016-08-09 06:18:14 --> UTF-8 Support Disabled
DEBUG - 2016-08-09 06:18:14 --> Global POST, GET and COOKIE data sanitized
ERROR - 2016-08-09 06:18:14 --> 404 Page Not Found: Auctions/bootstrap
DEBUG - 2016-08-09 06:18:20 --> UTF-8 Support Disabled
DEBUG - 2016-08-09 06:18:20 --> Global POST, GET and COOKIE data sanitized
DEBUG - 2016-08-09 06:18:20 --> cURL Class Initialized
DEBUG - 2016-08-09 06:18:20 --> OAuth2 class already loaded. Second attempt ignored.
DEBUG - 2016-08-09 06:18:20 --> C:\xampp\htdocs\bondora\application\libraries/MY_Table.php exists, but does not declare MY_Table
DEBUG - 2016-08-09 06:18:20 --> Session class already loaded. Second attempt ignored.
DEBUG - 2016-08-09 06:18:20 --> SELECT *
FROM `select` `a`.*, `b`.`listedOnDate`, `b`.`xirr`, `b`.`secondaryId`, `b`.`desiredDiscountRate from bondora`.`investment_payload a LEFT JOIN bondora`.`secondary b ON a`.`loanPartId=b`.`loanPartId and a`.`user=b`.`user where a`.`user="mehike" order by` `a`.`signedDate`, `a`.`auctionId`
ERROR - 2016-08-09 06:18:20 --> Severity: Notice --> Undefined offset: 33 C:\xampp\htdocs\bondora\application\views\investments\index.php 880
ERROR - 2016-08-09 06:18:20 --> Severity: Notice --> Undefined offset: 33 C:\xampp\htdocs\bondora\application\views\investments\index.php 880
ERROR - 2016-08-09 06:18:20 --> Severity: Notice --> Undefined offset: 33 C:\xampp\htdocs\bondora\application\views\investments\index.php 880
ERROR - 2016-08-09 06:18:20 --> Severity: Notice --> Undefined offset: 33 C:\xampp\htdocs\bondora\application\views\investments\index.php 880
ERROR - 2016-08-09 06:18:20 --> Severity: Notice --> Undefined offset: 31 C:\xampp\htdocs\bondora\application\views\investments\index.php 880
ERROR - 2016-08-09 06:18:20 --> Severity: Notice --> Undefined offset: 33 C:\xampp\htdocs\bondora\application\views\investments\index.php 880
ERROR - 2016-08-09 06:18:20 --> Severity: Notice --> Undefined offset: 33 C:\xampp\htdocs\bondora\application\views\investments\index.php 880
ERROR - 2016-08-09 06:18:20 --> Severity: Notice --> Undefined offset: 30 C:\xampp\htdocs\bondora\application\views\investments\index.php 880
ERROR - 2016-08-09 06:18:20 --> Severity: Notice --> Undefined offset: 32 C:\xampp\htdocs\bondora\application\views\investments\index.php 880
ERROR - 2016-08-09 06:18:20 --> Severity: Notice --> Undefined offset: 32 C:\xampp\htdocs\bondora\application\views\investments\index.php 880
ERROR - 2016-08-09 06:18:20 --> Severity: Notice --> Undefined offset: 32 C:\xampp\htdocs\bondora\application\views\investments\index.php 880
ERROR - 2016-08-09 06:18:20 --> Severity: Notice --> Undefined offset: 33 C:\xampp\htdocs\bondora\application\views\investments\index.php 880
ERROR - 2016-08-09 06:18:20 --> Severity: Notice --> Undefined offset: 33 C:\xampp\htdocs\bondora\application\views\investments\index.php 880
ERROR - 2016-08-09 06:18:20 --> Severity: Notice --> Undefined offset: 33 C:\xampp\htdocs\bondora\application\views\investments\index.php 880
ERROR - 2016-08-09 06:18:20 --> Severity: Notice --> Undefined offset: 33 C:\xampp\htdocs\bondora\application\views\investments\index.php 880
ERROR - 2016-08-09 06:18:20 --> Severity: Notice --> Undefined offset: 41 C:\xampp\htdocs\bondora\application\views\investments\index.php 880
ERROR - 2016-08-09 06:18:20 --> Severity: Notice --> Undefined offset: 30 C:\xampp\htdocs\bondora\application\views\investments\index.php 880
ERROR - 2016-08-09 06:18:20 --> Severity: Notice --> Undefined offset: 31 C:\xampp\htdocs\bondora\application\views\investments\index.php 880
ERROR - 2016-08-09 06:18:20 --> Severity: Notice --> Undefined offset: 33 C:\xampp\htdocs\bondora\application\views\investments\index.php 880
ERROR - 2016-08-09 06:18:20 --> Severity: Notice --> Undefined offset: 33 C:\xampp\htdocs\bondora\application\views\investments\index.php 880
ERROR - 2016-08-09 06:18:20 --> Severity: Notice --> Undefined offset: 32 C:\xampp\htdocs\bondora\application\views\investments\index.php 880
DEBUG - 2016-08-09 06:18:20 --> Total execution time: 0.0980
DEBUG - 2016-08-09 06:18:20 --> UTF-8 Support Disabled
DEBUG - 2016-08-09 06:18:20 --> Global POST, GET and COOKIE data sanitized
ERROR - 2016-08-09 06:18:20 --> 404 Page Not Found: Investments/bootstrap
DEBUG - 2016-08-09 06:18:26 --> UTF-8 Support Disabled
DEBUG - 2016-08-09 06:18:26 --> Global POST, GET and COOKIE data sanitized
DEBUG - 2016-08-09 06:18:26 --> cURL Class Initialized
DEBUG - 2016-08-09 06:18:26 --> OAuth2 class already loaded. Second attempt ignored.
DEBUG - 2016-08-09 06:18:26 --> C:\xampp\htdocs\bondora\application\libraries/MY_Table.php exists, but does not declare MY_Table
DEBUG - 2016-08-09 06:18:26 --> Session class already loaded. Second attempt ignored.
DEBUG - 2016-08-09 06:18:27 --> UTF-8 Support Disabled
DEBUG - 2016-08-09 06:18:27 --> Global POST, GET and COOKIE data sanitized
DEBUG - 2016-08-09 06:18:27 --> cURL Class Initialized
DEBUG - 2016-08-09 06:18:27 --> OAuth2 class already loaded. Second attempt ignored.
DEBUG - 2016-08-09 06:18:33 --> UTF-8 Support Disabled
DEBUG - 2016-08-09 06:18:33 --> Global POST, GET and COOKIE data sanitized
DEBUG - 2016-08-09 06:18:33 --> cURL Class Initialized
DEBUG - 2016-08-09 06:18:33 --> OAuth2 class already loaded. Second attempt ignored.
DEBUG - 2016-08-09 06:18:36 --> UTF-8 Support Disabled
DEBUG - 2016-08-09 06:18:36 --> Global POST, GET and COOKIE data sanitized
DEBUG - 2016-08-09 06:18:36 --> cURL Class Initialized
DEBUG - 2016-08-09 06:18:36 --> OAuth2 class already loaded. Second attempt ignored.
DEBUG - 2016-08-09 06:18:36 --> C:\xampp\htdocs\bondora\application\libraries/MY_Table.php exists, but does not declare MY_Table
DEBUG - 2016-08-09 06:18:36 --> Session class already loaded. Second attempt ignored.
DEBUG - 2016-08-09 06:18:36 --> SELECT *
FROM `select` `a`.*, `b`.`listedOnDate`, `b`.`xirr`, `b`.`secondaryId`, `b`.`desiredDiscountRate from bondora`.`investment_payload a LEFT JOIN bondora`.`secondary b ON a`.`loanPartId=b`.`loanPartId and a`.`user=b`.`user where a`.`user="mehike" order by` `a`.`signedDate`, `a`.`auctionId`
ERROR - 2016-08-09 06:18:36 --> Severity: Notice --> Undefined offset: 33 C:\xampp\htdocs\bondora\application\views\investments\index.php 880
ERROR - 2016-08-09 06:18:36 --> Severity: Notice --> Undefined offset: 33 C:\xampp\htdocs\bondora\application\views\investments\index.php 880
ERROR - 2016-08-09 06:18:36 --> Severity: Notice --> Undefined offset: 33 C:\xampp\htdocs\bondora\application\views\investments\index.php 880
ERROR - 2016-08-09 06:18:36 --> Severity: Notice --> Undefined offset: 33 C:\xampp\htdocs\bondora\application\views\investments\index.php 880
ERROR - 2016-08-09 06:18:36 --> Severity: Notice --> Undefined offset: 31 C:\xampp\htdocs\bondora\application\views\investments\index.php 880
ERROR - 2016-08-09 06:18:36 --> Severity: Notice --> Undefined offset: 33 C:\xampp\htdocs\bondora\application\views\investments\index.php 880
ERROR - 2016-08-09 06:18:36 --> Severity: Notice --> Undefined offset: 33 C:\xampp\htdocs\bondora\application\views\investments\index.php 880
ERROR - 2016-08-09 06:18:36 --> Severity: Notice --> Undefined offset: 30 C:\xampp\htdocs\bondora\application\views\investments\index.php 880
ERROR - 2016-08-09 06:18:36 --> Severity: Notice --> Undefined offset: 32 C:\xampp\htdocs\bondora\application\views\investments\index.php 880
ERROR - 2016-08-09 06:18:36 --> Severity: Notice --> Undefined offset: 32 C:\xampp\htdocs\bondora\application\views\investments\index.php 880
ERROR - 2016-08-09 06:18:36 --> Severity: Notice --> Undefined offset: 32 C:\xampp\htdocs\bondora\application\views\investments\index.php 880
ERROR - 2016-08-09 06:18:36 --> Severity: Notice --> Undefined offset: 33 C:\xampp\htdocs\bondora\application\views\investments\index.php 880
ERROR - 2016-08-09 06:18:36 --> Severity: Notice --> Undefined offset: 33 C:\xampp\htdocs\bondora\application\views\investments\index.php 880
ERROR - 2016-08-09 06:18:36 --> Severity: Notice --> Undefined offset: 33 C:\xampp\htdocs\bondora\application\views\investments\index.php 880
ERROR - 2016-08-09 06:18:36 --> Severity: Notice --> Undefined offset: 33 C:\xampp\htdocs\bondora\application\views\investments\index.php 880
ERROR - 2016-08-09 06:18:36 --> Severity: Notice --> Undefined offset: 41 C:\xampp\htdocs\bondora\application\views\investments\index.php 880
ERROR - 2016-08-09 06:18:36 --> Severity: Notice --> Undefined offset: 30 C:\xampp\htdocs\bondora\application\views\investments\index.php 880
ERROR - 2016-08-09 06:18:36 --> Severity: Notice --> Undefined offset: 31 C:\xampp\htdocs\bondora\application\views\investments\index.php 880
ERROR - 2016-08-09 06:18:36 --> Severity: Notice --> Undefined offset: 33 C:\xampp\htdocs\bondora\application\views\investments\index.php 880
ERROR - 2016-08-09 06:18:36 --> Severity: Notice --> Undefined offset: 33 C:\xampp\htdocs\bondora\application\views\investments\index.php 880
ERROR - 2016-08-09 06:18:36 --> Severity: Notice --> Undefined offset: 32 C:\xampp\htdocs\bondora\application\views\investments\index.php 880
DEBUG - 2016-08-09 06:18:36 --> Total execution time: 0.4460
DEBUG - 2016-08-09 06:18:36 --> UTF-8 Support Disabled
DEBUG - 2016-08-09 06:18:36 --> Global POST, GET and COOKIE data sanitized
ERROR - 2016-08-09 06:18:36 --> 404 Page Not Found: Investments/bootstrap
DEBUG - 2016-08-09 06:18:39 --> UTF-8 Support Disabled
DEBUG - 2016-08-09 06:18:39 --> Global POST, GET and COOKIE data sanitized
DEBUG - 2016-08-09 06:18:39 --> cURL Class Initialized
DEBUG - 2016-08-09 06:18:39 --> OAuth2 class already loaded. Second attempt ignored.
DEBUG - 2016-08-09 06:18:39 --> C:\xampp\htdocs\bondora\application\libraries/MY_Table.php exists, but does not declare MY_Table
DEBUG - 2016-08-09 06:18:39 --> Session class already loaded. Second attempt ignored.
DEBUG - 2016-08-09 06:18:42 --> SELECT *
FROM `select` `a`.*, `b`.`listedOnDate`, `b`.`xirr`, `b`.`secondaryId`, `b`.`desiredDiscountRate from bondora`.`investment_payload a LEFT JOIN bondora`.`secondary b ON a`.`loanPartId=b`.`loanPartId and a`.`user=b`.`user where a`.`user="mehike" order by` `a`.`signedDate`, `a`.`auctionId`
ERROR - 2016-08-09 06:18:42 --> Severity: Notice --> Undefined offset: 33 C:\xampp\htdocs\bondora\application\views\investments\index.php 880
ERROR - 2016-08-09 06:18:42 --> Severity: Notice --> Undefined offset: 33 C:\xampp\htdocs\bondora\application\views\investments\index.php 880
ERROR - 2016-08-09 06:18:42 --> Severity: Notice --> Undefined offset: 33 C:\xampp\htdocs\bondora\application\views\investments\index.php 880
ERROR - 2016-08-09 06:18:42 --> Severity: Notice --> Undefined offset: 33 C:\xampp\htdocs\bondora\application\views\investments\index.php 880
ERROR - 2016-08-09 06:18:42 --> Severity: Notice --> Undefined offset: 31 C:\xampp\htdocs\bondora\application\views\investments\index.php 880
ERROR - 2016-08-09 06:18:42 --> Severity: Notice --> Undefined offset: 33 C:\xampp\htdocs\bondora\application\views\investments\index.php 880
ERROR - 2016-08-09 06:18:42 --> Severity: Notice --> Undefined offset: 33 C:\xampp\htdocs\bondora\application\views\investments\index.php 880
ERROR - 2016-08-09 06:18:42 --> Severity: Notice --> Undefined offset: 32 C:\xampp\htdocs\bondora\application\views\investments\index.php 880
ERROR - 2016-08-09 06:18:42 --> Severity: Notice --> Undefined offset: 32 C:\xampp\htdocs\bondora\application\views\investments\index.php 880
ERROR - 2016-08-09 06:18:42 --> Severity: Notice --> Undefined offset: 32 C:\xampp\htdocs\bondora\application\views\investments\index.php 880
ERROR - 2016-08-09 06:18:42 --> Severity: Notice --> Undefined offset: 33 C:\xampp\htdocs\bondora\application\views\investments\index.php 880
ERROR - 2016-08-09 06:18:42 --> Severity: Notice --> Undefined offset: 33 C:\xampp\htdocs\bondora\application\views\investments\index.php 880
ERROR - 2016-08-09 06:18:42 --> Severity: Notice --> Undefined offset: 33 C:\xampp\htdocs\bondora\application\views\investments\index.php 880
ERROR - 2016-08-09 06:18:42 --> Severity: Notice --> Undefined offset: 33 C:\xampp\htdocs\bondora\application\views\investments\index.php 880
ERROR - 2016-08-09 06:18:42 --> Severity: Notice --> Undefined offset: 41 C:\xampp\htdocs\bondora\application\views\investments\index.php 880
ERROR - 2016-08-09 06:18:42 --> Severity: Notice --> Undefined offset: 31 C:\xampp\htdocs\bondora\application\views\investments\index.php 880
ERROR - 2016-08-09 06:18:42 --> Severity: Notice --> Undefined offset: 33 C:\xampp\htdocs\bondora\application\views\investments\index.php 880
ERROR - 2016-08-09 06:18:42 --> Severity: Notice --> Undefined offset: 33 C:\xampp\htdocs\bondora\application\views\investments\index.php 880
ERROR - 2016-08-09 06:18:42 --> Severity: Notice --> Undefined offset: 32 C:\xampp\htdocs\bondora\application\views\investments\index.php 880
DEBUG - 2016-08-09 06:18:42 --> Total execution time: 2.9932
DEBUG - 2016-08-09 06:18:42 --> UTF-8 Support Disabled
DEBUG - 2016-08-09 06:18:42 --> Global POST, GET and COOKIE data sanitized
ERROR - 2016-08-09 06:18:42 --> 404 Page Not Found: Investments/bootstrap
DEBUG - 2016-08-09 06:18:46 --> UTF-8 Support Disabled
DEBUG - 2016-08-09 06:18:46 --> Global POST, GET and COOKIE data sanitized
DEBUG - 2016-08-09 06:18:46 --> cURL Class Initialized
DEBUG - 2016-08-09 06:18:46 --> OAuth2 class already loaded. Second attempt ignored.
DEBUG - 2016-08-09 06:18:46 --> C:\xampp\htdocs\bondora\application\libraries/MY_Table.php exists, but does not declare MY_Table
DEBUG - 2016-08-09 06:18:46 --> Session class already loaded. Second attempt ignored.
DEBUG - 2016-08-09 06:18:47 --> Total execution time: 0.5950
DEBUG - 2016-08-09 06:18:47 --> UTF-8 Support Disabled
DEBUG - 2016-08-09 06:18:47 --> Global POST, GET and COOKIE data sanitized
DEBUG - 2016-08-09 06:18:47 --> cURL Class Initialized
DEBUG - 2016-08-09 06:18:47 --> OAuth2 class already loaded. Second attempt ignored.
DEBUG - 2016-08-09 06:18:47 --> C:\xampp\htdocs\bondora\application\libraries/MY_Table.php exists, but does not declare MY_Table
DEBUG - 2016-08-09 06:18:47 --> Session class already loaded. Second attempt ignored.
DEBUG - 2016-08-09 06:18:47 --> Total execution time: 0.3950
DEBUG - 2016-08-09 06:18:51 --> UTF-8 Support Disabled
DEBUG - 2016-08-09 06:18:51 --> Global POST, GET and COOKIE data sanitized
DEBUG - 2016-08-09 06:18:51 --> cURL Class Initialized
DEBUG - 2016-08-09 06:18:51 --> OAuth2 class already loaded. Second attempt ignored.
DEBUG - 2016-08-09 06:18:51 --> C:\xampp\htdocs\bondora\application\libraries/MY_Table.php exists, but does not declare MY_Table
DEBUG - 2016-08-09 06:18:51 --> Session class already loaded. Second attempt ignored.
DEBUG - 2016-08-09 06:18:51 --> Total execution time: 0.9581
DEBUG - 2016-08-09 06:18:52 --> UTF-8 Support Disabled
DEBUG - 2016-08-09 06:18:52 --> Global POST, GET and COOKIE data sanitized
DEBUG - 2016-08-09 06:18:52 --> cURL Class Initialized
DEBUG - 2016-08-09 06:18:52 --> OAuth2 class already loaded. Second attempt ignored.
DEBUG - 2016-08-09 06:18:52 --> C:\xampp\htdocs\bondora\application\libraries/MY_Table.php exists, but does not declare MY_Table
DEBUG - 2016-08-09 06:18:52 --> Session class already loaded. Second attempt ignored.
DEBUG - 2016-08-09 06:18:53 --> Total execution time: 0.3890
DEBUG - 2016-08-09 06:18:55 --> UTF-8 Support Disabled
DEBUG - 2016-08-09 06:18:55 --> Global POST, GET and COOKIE data sanitized
DEBUG - 2016-08-09 06:18:55 --> cURL Class Initialized
DEBUG - 2016-08-09 06:18:55 --> OAuth2 class already loaded. Second attempt ignored.
DEBUG - 2016-08-09 06:18:55 --> C:\xampp\htdocs\bondora\application\libraries/MY_Table.php exists, but does not declare MY_Table
DEBUG - 2016-08-09 06:18:55 --> Session class already loaded. Second attempt ignored.
DEBUG - 2016-08-09 06:18:56 --> Total execution time: 0.6270
DEBUG - 2016-08-09 06:18:56 --> UTF-8 Support Disabled
DEBUG - 2016-08-09 06:18:56 --> Global POST, GET and COOKIE data sanitized
DEBUG - 2016-08-09 06:18:56 --> cURL Class Initialized
DEBUG - 2016-08-09 06:18:56 --> OAuth2 class already loaded. Second attempt ignored.
DEBUG - 2016-08-09 06:18:56 --> C:\xampp\htdocs\bondora\application\libraries/MY_Table.php exists, but does not declare MY_Table
DEBUG - 2016-08-09 06:18:56 --> Session class already loaded. Second attempt ignored.
DEBUG - 2016-08-09 06:18:56 --> Total execution time: 0.3260
DEBUG - 2016-08-09 06:19:00 --> UTF-8 Support Disabled
DEBUG - 2016-08-09 06:19:00 --> Global POST, GET and COOKIE data sanitized
DEBUG - 2016-08-09 06:19:00 --> cURL Class Initialized
DEBUG - 2016-08-09 06:19:00 --> OAuth2 class already loaded. Second attempt ignored.
DEBUG - 2016-08-09 06:19:00 --> C:\xampp\htdocs\bondora\application\libraries/MY_Table.php exists, but does not declare MY_Table
DEBUG - 2016-08-09 06:19:00 --> Session class already loaded. Second attempt ignored.
DEBUG - 2016-08-09 06:19:01 --> Total execution time: 0.7470
DEBUG - 2016-08-09 06:19:01 --> UTF-8 Support Disabled
DEBUG - 2016-08-09 06:19:01 --> Global POST, GET and COOKIE data sanitized
DEBUG - 2016-08-09 06:19:01 --> cURL Class Initialized
DEBUG - 2016-08-09 06:19:01 --> OAuth2 class already loaded. Second attempt ignored.
DEBUG - 2016-08-09 06:19:01 --> C:\xampp\htdocs\bondora\application\libraries/MY_Table.php exists, but does not declare MY_Table
DEBUG - 2016-08-09 06:19:01 --> Session class already loaded. Second attempt ignored.
DEBUG - 2016-08-09 06:19:01 --> Total execution time: 0.3800
DEBUG - 2016-08-09 06:19:04 --> UTF-8 Support Disabled
DEBUG - 2016-08-09 06:19:04 --> Global POST, GET and COOKIE data sanitized
DEBUG - 2016-08-09 06:19:04 --> cURL Class Initialized
DEBUG - 2016-08-09 06:19:04 --> OAuth2 class already loaded. Second attempt ignored.
DEBUG - 2016-08-09 06:19:04 --> C:\xampp\htdocs\bondora\application\libraries/MY_Table.php exists, but does not declare MY_Table
DEBUG - 2016-08-09 06:19:04 --> Session class already loaded. Second attempt ignored.
DEBUG - 2016-08-09 06:19:04 --> Total execution time: 0.7340
DEBUG - 2016-08-09 06:19:04 --> UTF-8 Support Disabled
DEBUG - 2016-08-09 06:19:04 --> Global POST, GET and COOKIE data sanitized
DEBUG - 2016-08-09 06:19:04 --> cURL Class Initialized
DEBUG - 2016-08-09 06:19:04 --> OAuth2 class already loaded. Second attempt ignored.
DEBUG - 2016-08-09 06:19:04 --> C:\xampp\htdocs\bondora\application\libraries/MY_Table.php exists, but does not declare MY_Table
DEBUG - 2016-08-09 06:19:04 --> Session class already loaded. Second attempt ignored.
DEBUG - 2016-08-09 06:19:05 --> Total execution time: 0.3050
DEBUG - 2016-08-09 06:19:07 --> UTF-8 Support Disabled
DEBUG - 2016-08-09 06:19:07 --> Global POST, GET and COOKIE data sanitized
DEBUG - 2016-08-09 06:19:07 --> cURL Class Initialized
DEBUG - 2016-08-09 06:19:07 --> OAuth2 class already loaded. Second attempt ignored.
DEBUG - 2016-08-09 06:19:07 --> C:\xampp\htdocs\bondora\application\libraries/MY_Table.php exists, but does not declare MY_Table
DEBUG - 2016-08-09 06:19:07 --> Session class already loaded. Second attempt ignored.
DEBUG - 2016-08-09 06:19:08 --> Total execution time: 0.6280
DEBUG - 2016-08-09 06:19:08 --> UTF-8 Support Disabled
DEBUG - 2016-08-09 06:19:08 --> Global POST, GET and COOKIE data sanitized
DEBUG - 2016-08-09 06:19:08 --> cURL Class Initialized
DEBUG - 2016-08-09 06:19:08 --> OAuth2 class already loaded. Second attempt ignored.
DEBUG - 2016-08-09 06:19:08 --> C:\xampp\htdocs\bondora\application\libraries/MY_Table.php exists, but does not declare MY_Table
DEBUG - 2016-08-09 06:19:08 --> Session class already loaded. Second attempt ignored.
DEBUG - 2016-08-09 06:19:08 --> Total execution time: 0.3500
DEBUG - 2016-08-09 06:19:11 --> UTF-8 Support Disabled
DEBUG - 2016-08-09 06:19:11 --> Global POST, GET and COOKIE data sanitized
DEBUG - 2016-08-09 06:19:11 --> cURL Class Initialized
DEBUG - 2016-08-09 06:19:11 --> OAuth2 class already loaded. Second attempt ignored.
DEBUG - 2016-08-09 06:19:11 --> C:\xampp\htdocs\bondora\application\libraries/MY_Table.php exists, but does not declare MY_Table
DEBUG - 2016-08-09 06:19:11 --> Session class already loaded. Second attempt ignored.
DEBUG - 2016-08-09 06:19:12 --> Total execution time: 1.0091
DEBUG - 2016-08-09 06:19:12 --> UTF-8 Support Disabled
DEBUG - 2016-08-09 06:19:12 --> Global POST, GET and COOKIE data sanitized
DEBUG - 2016-08-09 06:19:12 --> cURL Class Initialized
DEBUG - 2016-08-09 06:19:12 --> OAuth2 class already loaded. Second attempt ignored.
DEBUG - 2016-08-09 06:19:12 --> C:\xampp\htdocs\bondora\application\libraries/MY_Table.php exists, but does not declare MY_Table
DEBUG - 2016-08-09 06:19:12 --> Session class already loaded. Second attempt ignored.
DEBUG - 2016-08-09 06:19:12 --> Total execution time: 0.4970
DEBUG - 2016-08-09 06:19:15 --> UTF-8 Support Disabled
DEBUG - 2016-08-09 06:19:15 --> Global POST, GET and COOKIE data sanitized
DEBUG - 2016-08-09 06:19:15 --> cURL Class Initialized
DEBUG - 2016-08-09 06:19:15 --> OAuth2 class already loaded. Second attempt ignored.
DEBUG - 2016-08-09 06:19:15 --> C:\xampp\htdocs\bondora\application\libraries/MY_Table.php exists, but does not declare MY_Table
DEBUG - 2016-08-09 06:19:15 --> Session class already loaded. Second attempt ignored.
DEBUG - 2016-08-09 06:19:16 --> Total execution time: 0.6060
DEBUG - 2016-08-09 06:19:16 --> UTF-8 Support Disabled
DEBUG - 2016-08-09 06:19:16 --> Global POST, GET and COOKIE data sanitized
DEBUG - 2016-08-09 06:19:16 --> cURL Class Initialized
DEBUG - 2016-08-09 06:19:16 --> OAuth2 class already loaded. Second attempt ignored.
DEBUG - 2016-08-09 06:19:16 --> C:\xampp\htdocs\bondora\application\libraries/MY_Table.php exists, but does not declare MY_Table
DEBUG - 2016-08-09 06:19:16 --> Session class already loaded. Second attempt ignored.
DEBUG - 2016-08-09 06:19:16 --> Total execution time: 0.3320
DEBUG - 2016-08-09 06:19:20 --> UTF-8 Support Disabled
DEBUG - 2016-08-09 06:19:20 --> Global POST, GET and COOKIE data sanitized
DEBUG - 2016-08-09 06:19:20 --> cURL Class Initialized
DEBUG - 2016-08-09 06:19:20 --> OAuth2 class already loaded. Second attempt ignored.
DEBUG - 2016-08-09 06:19:20 --> C:\xampp\htdocs\bondora\application\libraries/MY_Table.php exists, but does not declare MY_Table
DEBUG - 2016-08-09 06:19:20 --> Session class already loaded. Second attempt ignored.
DEBUG - 2016-08-09 06:19:21 --> Total execution time: 0.9431
DEBUG - 2016-08-09 06:19:21 --> UTF-8 Support Disabled
DEBUG - 2016-08-09 06:19:21 --> Global POST, GET and COOKIE data sanitized
DEBUG - 2016-08-09 06:19:21 --> cURL Class Initialized
DEBUG - 2016-08-09 06:19:21 --> OAuth2 class already loaded. Second attempt ignored.
DEBUG - 2016-08-09 06:19:21 --> C:\xampp\htdocs\bondora\application\libraries/MY_Table.php exists, but does not declare MY_Table
DEBUG - 2016-08-09 06:19:21 --> Session class already loaded. Second attempt ignored.
DEBUG - 2016-08-09 06:19:22 --> Total execution time: 0.5140
DEBUG - 2016-08-09 06:19:26 --> UTF-8 Support Disabled
DEBUG - 2016-08-09 06:19:26 --> Global POST, GET and COOKIE data sanitized
DEBUG - 2016-08-09 06:19:26 --> cURL Class Initialized
DEBUG - 2016-08-09 06:19:26 --> OAuth2 class already loaded. Second attempt ignored.
DEBUG - 2016-08-09 06:19:26 --> C:\xampp\htdocs\bondora\application\libraries/MY_Table.php exists, but does not declare MY_Table
DEBUG - 2016-08-09 06:19:26 --> Session class already loaded. Second attempt ignored.
DEBUG - 2016-08-09 06:19:26 --> Total execution time: 0.6820
DEBUG - 2016-08-09 06:19:26 --> UTF-8 Support Disabled
DEBUG - 2016-08-09 06:19:26 --> Global POST, GET and COOKIE data sanitized
DEBUG - 2016-08-09 06:19:26 --> cURL Class Initialized
DEBUG - 2016-08-09 06:19:26 --> OAuth2 class already loaded. Second attempt ignored.
DEBUG - 2016-08-09 06:19:26 --> C:\xampp\htdocs\bondora\application\libraries/MY_Table.php exists, but does not declare MY_Table
DEBUG - 2016-08-09 06:19:26 --> Session class already loaded. Second attempt ignored.
DEBUG - 2016-08-09 06:19:27 --> Total execution time: 0.3110
DEBUG - 2016-08-09 06:19:29 --> UTF-8 Support Disabled
DEBUG - 2016-08-09 06:19:29 --> Global POST, GET and COOKIE data sanitized
DEBUG - 2016-08-09 06:19:29 --> cURL Class Initialized
DEBUG - 2016-08-09 06:19:29 --> OAuth2 class already loaded. Second attempt ignored.
DEBUG - 2016-08-09 06:19:29 --> C:\xampp\htdocs\bondora\application\libraries/MY_Table.php exists, but does not declare MY_Table
DEBUG - 2016-08-09 06:19:29 --> Session class already loaded. Second attempt ignored.
DEBUG - 2016-08-09 06:19:30 --> Total execution time: 0.9081
DEBUG - 2016-08-09 06:19:30 --> UTF-8 Support Disabled
DEBUG - 2016-08-09 06:19:30 --> Global POST, GET and COOKIE data sanitized
DEBUG - 2016-08-09 06:19:30 --> cURL Class Initialized
DEBUG - 2016-08-09 06:19:30 --> OAuth2 class already loaded. Second attempt ignored.
DEBUG - 2016-08-09 06:19:30 --> C:\xampp\htdocs\bondora\application\libraries/MY_Table.php exists, but does not declare MY_Table
DEBUG - 2016-08-09 06:19:30 --> Session class already loaded. Second attempt ignored.
DEBUG - 2016-08-09 06:19:31 --> Total execution time: 0.4540
DEBUG - 2016-08-09 06:19:33 --> UTF-8 Support Disabled
DEBUG - 2016-08-09 06:19:33 --> Global POST, GET and COOKIE data sanitized
DEBUG - 2016-08-09 06:19:33 --> cURL Class Initialized
DEBUG - 2016-08-09 06:19:33 --> OAuth2 class already loaded. Second attempt ignored.
DEBUG - 2016-08-09 06:19:33 --> C:\xampp\htdocs\bondora\application\libraries/MY_Table.php exists, but does not declare MY_Table
DEBUG - 2016-08-09 06:19:33 --> Session class already loaded. Second attempt ignored.
DEBUG - 2016-08-09 06:19:34 --> Total execution time: 0.7630
DEBUG - 2016-08-09 06:19:34 --> UTF-8 Support Disabled
DEBUG - 2016-08-09 06:19:34 --> Global POST, GET and COOKIE data sanitized
DEBUG - 2016-08-09 06:19:34 --> cURL Class Initialized
DEBUG - 2016-08-09 06:19:34 --> OAuth2 class already loaded. Second attempt ignored.
DEBUG - 2016-08-09 06:19:34 --> C:\xampp\htdocs\bondora\application\libraries/MY_Table.php exists, but does not declare MY_Table
DEBUG - 2016-08-09 06:19:34 --> Session class already loaded. Second attempt ignored.
DEBUG - 2016-08-09 06:19:34 --> Total execution time: 0.3440
DEBUG - 2016-08-09 06:19:36 --> UTF-8 Support Disabled
DEBUG - 2016-08-09 06:19:37 --> Global POST, GET and COOKIE data sanitized
DEBUG - 2016-08-09 06:19:37 --> cURL Class Initialized
DEBUG - 2016-08-09 06:19:37 --> OAuth2 class already loaded. Second attempt ignored.
DEBUG - 2016-08-09 06:19:37 --> C:\xampp\htdocs\bondora\application\libraries/MY_Table.php exists, but does not declare MY_Table
DEBUG - 2016-08-09 06:19:37 --> Session class already loaded. Second attempt ignored.
DEBUG - 2016-08-09 06:19:37 --> Total execution time: 0.6690
DEBUG - 2016-08-09 06:19:37 --> UTF-8 Support Disabled
DEBUG - 2016-08-09 06:19:37 --> Global POST, GET and COOKIE data sanitized
DEBUG - 2016-08-09 06:19:37 --> cURL Class Initialized
DEBUG - 2016-08-09 06:19:37 --> OAuth2 class already loaded. Second attempt ignored.
DEBUG - 2016-08-09 06:19:37 --> C:\xampp\htdocs\bondora\application\libraries/MY_Table.php exists, but does not declare MY_Table
DEBUG - 2016-08-09 06:19:37 --> Session class already loaded. Second attempt ignored.
DEBUG - 2016-08-09 06:19:38 --> Total execution time: 0.3450
DEBUG - 2016-08-09 06:19:40 --> UTF-8 Support Disabled
DEBUG - 2016-08-09 06:19:40 --> Global POST, GET and COOKIE data sanitized
DEBUG - 2016-08-09 06:19:40 --> cURL Class Initialized
DEBUG - 2016-08-09 06:19:40 --> OAuth2 class already loaded. Second attempt ignored.
DEBUG - 2016-08-09 06:19:40 --> C:\xampp\htdocs\bondora\application\libraries/MY_Table.php exists, but does not declare MY_Table
DEBUG - 2016-08-09 06:19:40 --> Session class already loaded. Second attempt ignored.
DEBUG - 2016-08-09 06:19:41 --> Total execution time: 0.8190
DEBUG - 2016-08-09 06:19:41 --> UTF-8 Support Disabled
DEBUG - 2016-08-09 06:19:41 --> Global POST, GET and COOKIE data sanitized
DEBUG - 2016-08-09 06:19:41 --> cURL Class Initialized
DEBUG - 2016-08-09 06:19:41 --> OAuth2 class already loaded. Second attempt ignored.
DEBUG - 2016-08-09 06:19:41 --> C:\xampp\htdocs\bondora\application\libraries/MY_Table.php exists, but does not declare MY_Table
DEBUG - 2016-08-09 06:19:41 --> Session class already loaded. Second attempt ignored.
DEBUG - 2016-08-09 06:19:41 --> Total execution time: 0.3140
DEBUG - 2016-08-09 06:20:10 --> UTF-8 Support Disabled
DEBUG - 2016-08-09 06:20:10 --> Global POST, GET and COOKIE data sanitized
DEBUG - 2016-08-09 06:20:10 --> cURL Class Initialized
DEBUG - 2016-08-09 06:20:10 --> OAuth2 class already loaded. Second attempt ignored.
DEBUG - 2016-08-09 06:20:10 --> C:\xampp\htdocs\bondora\application\libraries/MY_Table.php exists, but does not declare MY_Table
DEBUG - 2016-08-09 06:20:10 --> Session class already loaded. Second attempt ignored.
DEBUG - 2016-08-09 06:20:10 --> SELECT *
FROM `select` `a`.*, `b`.`listedOnDate`, `b`.`xirr`, `b`.`secondaryId`, `b`.`desiredDiscountRate from bondora`.`investment_payload a LEFT JOIN bondora`.`secondary b ON a`.`loanPartId=b`.`loanPartId WHERE a`.`id=1562 and user="mehike" order by` `a`.`signedDate`, `a`.`auctionId`
DEBUG - 2016-08-09 06:20:10 --> SELECT *
FROM `select` `a`.*, `b`.`listedOnDate`, `b`.`xirr`, `b`.`secondaryId`, `b`.`desiredDiscountRate from bondora`.`investment_payload a LEFT JOIN bondora`.`secondary b ON a`.`loanPartId=b`.`loanPartId WHERE a`.`id=1561 and user="mehike" order by` `a`.`signedDate`, `a`.`auctionId`
DEBUG - 2016-08-09 06:20:10 --> SELECT *
FROM `select` `a`.*, `b`.`listedOnDate`, `b`.`xirr`, `b`.`secondaryId`, `b`.`desiredDiscountRate from bondora`.`investment_payload a LEFT JOIN bondora`.`secondary b ON a`.`loanPartId=b`.`loanPartId WHERE a`.`id=1563 and user="mehike" order by` `a`.`signedDate`, `a`.`auctionId`
DEBUG - 2016-08-09 06:20:10 --> SELECT *
FROM `select` `a`.*, `b`.`listedOnDate`, `b`.`xirr`, `b`.`secondaryId`, `b`.`desiredDiscountRate from bondora`.`investment_payload a LEFT JOIN bondora`.`secondary b ON a`.`loanPartId=b`.`loanPartId WHERE a`.`id=1545 and user="mehike" order by` `a`.`signedDate`, `a`.`auctionId`
DEBUG - 2016-08-09 06:20:10 --> SELECT *
FROM `select` `a`.*, `b`.`listedOnDate`, `b`.`xirr`, `b`.`secondaryId`, `b`.`desiredDiscountRate from bondora`.`investment_payload a LEFT JOIN bondora`.`secondary b ON a`.`loanPartId=b`.`loanPartId WHERE a`.`id=1550 and user="mehike" order by` `a`.`signedDate`, `a`.`auctionId`
DEBUG - 2016-08-09 06:20:10 --> SELECT *
FROM `select` `a`.*, `b`.`listedOnDate`, `b`.`xirr`, `b`.`secondaryId`, `b`.`desiredDiscountRate from bondora`.`investment_payload a LEFT JOIN bondora`.`secondary b ON a`.`loanPartId=b`.`loanPartId WHERE a`.`id=1552 and user="mehike" order by` `a`.`signedDate`, `a`.`auctionId`
DEBUG - 2016-08-09 06:20:10 --> SELECT *
FROM `select` `a`.*, `b`.`listedOnDate`, `b`.`xirr`, `b`.`secondaryId`, `b`.`desiredDiscountRate from bondora`.`investment_payload a LEFT JOIN bondora`.`secondary b ON a`.`loanPartId=b`.`loanPartId WHERE a`.`id=1556 and user="mehike" order by` `a`.`signedDate`, `a`.`auctionId`
DEBUG - 2016-08-09 06:20:10 --> SELECT *
FROM `select` `a`.*, `b`.`listedOnDate`, `b`.`xirr`, `b`.`secondaryId`, `b`.`desiredDiscountRate from bondora`.`investment_payload a LEFT JOIN bondora`.`secondary b ON a`.`loanPartId=b`.`loanPartId WHERE a`.`id=1558 and user="mehike" order by` `a`.`signedDate`, `a`.`auctionId`
DEBUG - 2016-08-09 06:20:10 --> SELECT *
FROM `select` `a`.*, `b`.`listedOnDate`, `b`.`xirr`, `b`.`secondaryId`, `b`.`desiredDiscountRate from bondora`.`investment_payload a LEFT JOIN bondora`.`secondary b ON a`.`loanPartId=b`.`loanPartId WHERE a`.`id=1559 and user="mehike" order by` `a`.`signedDate`, `a`.`auctionId`
DEBUG - 2016-08-09 06:20:10 --> SELECT *
FROM `select` `a`.*, `b`.`listedOnDate`, `b`.`xirr`, `b`.`secondaryId`, `b`.`desiredDiscountRate from bondora`.`investment_payload a LEFT JOIN bondora`.`secondary b ON a`.`loanPartId=b`.`loanPartId WHERE a`.`id=1560 and user="mehike" order by` `a`.`signedDate`, `a`.`auctionId`
DEBUG - 2016-08-09 06:20:10 --> SELECT *
FROM `select` `a`.*, `b`.`listedOnDate`, `b`.`xirr`, `b`.`secondaryId`, `b`.`desiredDiscountRate from bondora`.`investment_payload a LEFT JOIN bondora`.`secondary b ON a`.`loanPartId=b`.`loanPartId WHERE a`.`id=1566 and user="mehike" order by` `a`.`signedDate`, `a`.`auctionId`
DEBUG - 2016-08-09 06:20:10 --> SELECT *
FROM `select` `a`.*, `b`.`listedOnDate`, `b`.`xirr`, `b`.`secondaryId`, `b`.`desiredDiscountRate from bondora`.`investment_payload a LEFT JOIN bondora`.`secondary b ON a`.`loanPartId=b`.`loanPartId WHERE a`.`id=1567 and user="mehike" order by` `a`.`signedDate`, `a`.`auctionId`
DEBUG - 2016-08-09 06:20:10 --> SELECT *
FROM `select` `a`.*, `b`.`listedOnDate`, `b`.`xirr`, `b`.`secondaryId`, `b`.`desiredDiscountRate from bondora`.`investment_payload a LEFT JOIN bondora`.`secondary b ON a`.`loanPartId=b`.`loanPartId WHERE a`.`id=1573 and user="mehike" order by` `a`.`signedDate`, `a`.`auctionId`
DEBUG - 2016-08-09 06:20:10 --> SELECT *
FROM `select` `a`.*, `b`.`listedOnDate`, `b`.`xirr`, `b`.`secondaryId`, `b`.`desiredDiscountRate from bondora`.`investment_payload a LEFT JOIN bondora`.`secondary b ON a`.`loanPartId=b`.`loanPartId WHERE a`.`id=1574 and user="mehike" order by` `a`.`signedDate`, `a`.`auctionId`
DEBUG - 2016-08-09 06:20:16 --> Total execution time: 5.8883
DEBUG - 2016-08-09 06:20:16 --> UTF-8 Support Disabled
DEBUG - 2016-08-09 06:20:16 --> Global POST, GET and COOKIE data sanitized
ERROR - 2016-08-09 06:20:16 --> 404 Page Not Found: Investments/bootstrap
DEBUG - 2016-08-09 06:20:18 --> UTF-8 Support Disabled
DEBUG - 2016-08-09 06:20:18 --> Global POST, GET and COOKIE data sanitized
DEBUG - 2016-08-09 06:20:18 --> cURL Class Initialized
DEBUG - 2016-08-09 06:20:18 --> OAuth2 class already loaded. Second attempt ignored.
DEBUG - 2016-08-09 06:20:18 --> C:\xampp\htdocs\bondora\application\libraries/MY_Table.php exists, but does not declare MY_Table
DEBUG - 2016-08-09 06:20:18 --> Session class already loaded. Second attempt ignored.
DEBUG - 2016-08-09 06:20:18 --> SELECT *
FROM `select` `a`.*, `b`.`listedOnDate`, `b`.`xirr`, `b`.`secondaryId`, `b`.`desiredDiscountRate from bondora`.`investment_payload a LEFT JOIN bondora`.`secondary b ON a`.`loanPartId=b`.`loanPartId and a`.`user=b`.`user where a`.`user="mehike" order by` `a`.`signedDate`, `a`.`auctionId`
ERROR - 2016-08-09 06:20:18 --> Severity: Notice --> Undefined offset: 33 C:\xampp\htdocs\bondora\application\views\investments\index.php 880
ERROR - 2016-08-09 06:20:18 --> Severity: Notice --> Undefined offset: 33 C:\xampp\htdocs\bondora\application\views\investments\index.php 880
ERROR - 2016-08-09 06:20:18 --> Severity: Notice --> Undefined offset: 33 C:\xampp\htdocs\bondora\application\views\investments\index.php 880
ERROR - 2016-08-09 06:20:18 --> Severity: Notice --> Undefined offset: 33 C:\xampp\htdocs\bondora\application\views\investments\index.php 880
ERROR - 2016-08-09 06:20:18 --> Severity: Notice --> Undefined offset: 31 C:\xampp\htdocs\bondora\application\views\investments\index.php 880
ERROR - 2016-08-09 06:20:18 --> Severity: Notice --> Undefined offset: 33 C:\xampp\htdocs\bondora\application\views\investments\index.php 880
ERROR - 2016-08-09 06:20:18 --> Severity: Notice --> Undefined offset: 33 C:\xampp\htdocs\bondora\application\views\investments\index.php 880
ERROR - 2016-08-09 06:20:18 --> Severity: Notice --> Undefined offset: 30 C:\xampp\htdocs\bondora\application\views\investments\index.php 880
ERROR - 2016-08-09 06:20:18 --> Severity: Notice --> Undefined offset: 32 C:\xampp\htdocs\bondora\application\views\investments\index.php 880
ERROR - 2016-08-09 06:20:18 --> Severity: Notice --> Undefined offset: 32 C:\xampp\htdocs\bondora\application\views\investments\index.php 880
ERROR - 2016-08-09 06:20:18 --> Severity: Notice --> Undefined offset: 32 C:\xampp\htdocs\bondora\application\views\investments\index.php 880
ERROR - 2016-08-09 06:20:18 --> Severity: Notice --> Undefined offset: 33 C:\xampp\htdocs\bondora\application\views\investments\index.php 880
ERROR - 2016-08-09 06:20:18 --> Severity: Notice --> Undefined offset: 33 C:\xampp\htdocs\bondora\application\views\investments\index.php 880
ERROR - 2016-08-09 06:20:18 --> Severity: Notice --> Undefined offset: 33 C:\xampp\htdocs\bondora\application\views\investments\index.php 880
ERROR - 2016-08-09 06:20:18 --> Severity: Notice --> Undefined offset: 33 C:\xampp\htdocs\bondora\application\views\investments\index.php 880
ERROR - 2016-08-09 06:20:18 --> Severity: Notice --> Undefined offset: 41 C:\xampp\htdocs\bondora\application\views\investments\index.php 880
ERROR - 2016-08-09 06:20:18 --> Severity: Notice --> Undefined offset: 30 C:\xampp\htdocs\bondora\application\views\investments\index.php 880
ERROR - 2016-08-09 06:20:18 --> Severity: Notice --> Undefined offset: 31 C:\xampp\htdocs\bondora\application\views\investments\index.php 880
ERROR - 2016-08-09 06:20:18 --> Severity: Notice --> Undefined offset: 33 C:\xampp\htdocs\bondora\application\views\investments\index.php 880
ERROR - 2016-08-09 06:20:18 --> Severity: Notice --> Undefined offset: 33 C:\xampp\htdocs\bondora\application\views\investments\index.php 880
ERROR - 2016-08-09 06:20:18 --> Severity: Notice --> Undefined offset: 32 C:\xampp\htdocs\bondora\application\views\investments\index.php 880
DEBUG - 2016-08-09 06:20:18 --> Total execution time: 0.0900
DEBUG - 2016-08-09 06:20:18 --> UTF-8 Support Disabled
DEBUG - 2016-08-09 06:20:18 --> Global POST, GET and COOKIE data sanitized
ERROR - 2016-08-09 06:20:18 --> 404 Page Not Found: Investments/bootstrap
DEBUG - 2016-08-09 06:20:23 --> UTF-8 Support Disabled
DEBUG - 2016-08-09 06:20:23 --> Global POST, GET and COOKIE data sanitized
DEBUG - 2016-08-09 06:20:23 --> cURL Class Initialized
DEBUG - 2016-08-09 06:20:23 --> OAuth2 class already loaded. Second attempt ignored.
DEBUG - 2016-08-09 06:20:23 --> C:\xampp\htdocs\bondora\application\libraries/MY_Table.php exists, but does not declare MY_Table
DEBUG - 2016-08-09 06:20:23 --> Session class already loaded. Second attempt ignored.
DEBUG - 2016-08-09 06:20:24 --> SELECT *
FROM `select` `a`.*, `b`.`listedOnDate`, `b`.`xirr`, `b`.`secondaryId`, `b`.`desiredDiscountRate from bondora`.`investment_payload a LEFT JOIN bondora`.`secondary b ON a`.`loanPartId=b`.`loanPartId and a`.`user=b`.`user where a`.`user="mehike" order by` `a`.`signedDate`, `a`.`auctionId`
ERROR - 2016-08-09 06:20:24 --> Severity: Notice --> Undefined offset: 33 C:\xampp\htdocs\bondora\application\views\investments\index.php 880
ERROR - 2016-08-09 06:20:24 --> Severity: Notice --> Undefined offset: 33 C:\xampp\htdocs\bondora\application\views\investments\index.php 880
ERROR - 2016-08-09 06:20:24 --> Severity: Notice --> Undefined offset: 33 C:\xampp\htdocs\bondora\application\views\investments\index.php 880
ERROR - 2016-08-09 06:20:24 --> Severity: Notice --> Undefined offset: 33 C:\xampp\htdocs\bondora\application\views\investments\index.php 880
ERROR - 2016-08-09 06:20:24 --> Severity: Notice --> Undefined offset: 31 C:\xampp\htdocs\bondora\application\views\investments\index.php 880
ERROR - 2016-08-09 06:20:24 --> Severity: Notice --> Undefined offset: 33 C:\xampp\htdocs\bondora\application\views\investments\index.php 880
ERROR - 2016-08-09 06:20:24 --> Severity: Notice --> Undefined offset: 33 C:\xampp\htdocs\bondora\application\views\investments\index.php 880
ERROR - 2016-08-09 06:20:24 --> Severity: Notice --> Undefined offset: 32 C:\xampp\htdocs\bondora\application\views\investments\index.php 880
ERROR - 2016-08-09 06:20:24 --> Severity: Notice --> Undefined offset: 32 C:\xampp\htdocs\bondora\application\views\investments\index.php 880
ERROR - 2016-08-09 06:20:24 --> Severity: Notice --> Undefined offset: 32 C:\xampp\htdocs\bondora\application\views\investments\index.php 880
ERROR - 2016-08-09 06:20:24 --> Severity: Notice --> Undefined offset: 33 C:\xampp\htdocs\bondora\application\views\investments\index.php 880
ERROR - 2016-08-09 06:20:24 --> Severity: Notice --> Undefined offset: 33 C:\xampp\htdocs\bondora\application\views\investments\index.php 880
ERROR - 2016-08-09 06:20:24 --> Severity: Notice --> Undefined offset: 33 C:\xampp\htdocs\bondora\application\views\investments\index.php 880
ERROR - 2016-08-09 06:20:24 --> Severity: Notice --> Undefined offset: 33 C:\xampp\htdocs\bondora\application\views\investments\index.php 880
ERROR - 2016-08-09 06:20:24 --> Severity: Notice --> Undefined offset: 41 C:\xampp\htdocs\bondora\application\views\investments\index.php 880
ERROR - 2016-08-09 06:20:24 --> Severity: Notice --> Undefined offset: 31 C:\xampp\htdocs\bondora\application\views\investments\index.php 880
ERROR - 2016-08-09 06:20:24 --> Severity: Notice --> Undefined offset: 33 C:\xampp\htdocs\bondora\application\views\investments\index.php 880
ERROR - 2016-08-09 06:20:24 --> Severity: Notice --> Undefined offset: 33 C:\xampp\htdocs\bondora\application\views\investments\index.php 880
ERROR - 2016-08-09 06:20:24 --> Severity: Notice --> Undefined offset: 32 C:\xampp\htdocs\bondora\application\views\investments\index.php 880
DEBUG - 2016-08-09 06:20:24 --> Total execution time: 1.1131
DEBUG - 2016-08-09 06:20:25 --> UTF-8 Support Disabled
DEBUG - 2016-08-09 06:20:25 --> Global POST, GET and COOKIE data sanitized
ERROR - 2016-08-09 06:20:25 --> 404 Page Not Found: Investments/bootstrap
DEBUG - 2016-08-09 06:20:32 --> UTF-8 Support Disabled
DEBUG - 2016-08-09 06:20:32 --> Global POST, GET and COOKIE data sanitized
DEBUG - 2016-08-09 06:20:32 --> cURL Class Initialized
DEBUG - 2016-08-09 06:20:32 --> OAuth2 class already loaded. Second attempt ignored.
DEBUG - 2016-08-09 06:20:32 --> C:\xampp\htdocs\bondora\application\libraries/MY_Table.php exists, but does not declare MY_Table
DEBUG - 2016-08-09 06:20:32 --> Session class already loaded. Second attempt ignored.
DEBUG - 2016-08-09 06:20:33 --> Total execution time: 0.8120
DEBUG - 2016-08-09 06:20:33 --> UTF-8 Support Disabled
DEBUG - 2016-08-09 06:20:33 --> Global POST, GET and COOKIE data sanitized
DEBUG - 2016-08-09 06:20:33 --> cURL Class Initialized
DEBUG - 2016-08-09 06:20:33 --> OAuth2 class already loaded. Second attempt ignored.
DEBUG - 2016-08-09 06:20:33 --> C:\xampp\htdocs\bondora\application\libraries/MY_Table.php exists, but does not declare MY_Table
DEBUG - 2016-08-09 06:20:33 --> Session class already loaded. Second attempt ignored.
DEBUG - 2016-08-09 06:20:34 --> Total execution time: 0.3660
DEBUG - 2016-08-09 06:20:36 --> UTF-8 Support Disabled
DEBUG - 2016-08-09 06:20:36 --> Global POST, GET and COOKIE data sanitized
DEBUG - 2016-08-09 06:20:36 --> cURL Class Initialized
DEBUG - 2016-08-09 06:20:36 --> OAuth2 class already loaded. Second attempt ignored.
DEBUG - 2016-08-09 06:20:36 --> C:\xampp\htdocs\bondora\application\libraries/MY_Table.php exists, but does not declare MY_Table
DEBUG - 2016-08-09 06:20:36 --> Session class already loaded. Second attempt ignored.
DEBUG - 2016-08-09 06:20:37 --> Total execution time: 0.6780
DEBUG - 2016-08-09 06:20:37 --> UTF-8 Support Disabled
DEBUG - 2016-08-09 06:20:37 --> Global POST, GET and COOKIE data sanitized
DEBUG - 2016-08-09 06:20:37 --> cURL Class Initialized
DEBUG - 2016-08-09 06:20:37 --> OAuth2 class already loaded. Second attempt ignored.
DEBUG - 2016-08-09 06:20:37 --> C:\xampp\htdocs\bondora\application\libraries/MY_Table.php exists, but does not declare MY_Table
DEBUG - 2016-08-09 06:20:37 --> Session class already loaded. Second attempt ignored.
DEBUG - 2016-08-09 06:20:37 --> Total execution time: 0.3390
DEBUG - 2016-08-09 06:20:39 --> UTF-8 Support Disabled
DEBUG - 2016-08-09 06:20:39 --> Global POST, GET and COOKIE data sanitized
DEBUG - 2016-08-09 06:20:39 --> cURL Class Initialized
DEBUG - 2016-08-09 06:20:39 --> OAuth2 class already loaded. Second attempt ignored.
DEBUG - 2016-08-09 06:20:39 --> C:\xampp\htdocs\bondora\application\libraries/MY_Table.php exists, but does not declare MY_Table
DEBUG - 2016-08-09 06:20:39 --> Session class already loaded. Second attempt ignored.
DEBUG - 2016-08-09 06:20:40 --> Total execution time: 0.8120
DEBUG - 2016-08-09 06:20:40 --> UTF-8 Support Disabled
DEBUG - 2016-08-09 06:20:40 --> Global POST, GET and COOKIE data sanitized
DEBUG - 2016-08-09 06:20:40 --> cURL Class Initialized
DEBUG - 2016-08-09 06:20:40 --> OAuth2 class already loaded. Second attempt ignored.
DEBUG - 2016-08-09 06:20:40 --> C:\xampp\htdocs\bondora\application\libraries/MY_Table.php exists, but does not declare MY_Table
DEBUG - 2016-08-09 06:20:40 --> Session class already loaded. Second attempt ignored.
DEBUG - 2016-08-09 06:20:41 --> Total execution time: 0.4690
DEBUG - 2016-08-09 06:20:44 --> UTF-8 Support Disabled
DEBUG - 2016-08-09 06:20:44 --> Global POST, GET and COOKIE data sanitized
DEBUG - 2016-08-09 06:20:44 --> cURL Class Initialized
DEBUG - 2016-08-09 06:20:44 --> OAuth2 class already loaded. Second attempt ignored.
DEBUG - 2016-08-09 06:20:44 --> C:\xampp\htdocs\bondora\application\libraries/MY_Table.php exists, but does not declare MY_Table
DEBUG - 2016-08-09 06:20:44 --> Session class already loaded. Second attempt ignored.
DEBUG - 2016-08-09 06:20:45 --> Total execution time: 0.6970
DEBUG - 2016-08-09 06:20:45 --> UTF-8 Support Disabled
DEBUG - 2016-08-09 06:20:45 --> Global POST, GET and COOKIE data sanitized
DEBUG - 2016-08-09 06:20:45 --> cURL Class Initialized
DEBUG - 2016-08-09 06:20:45 --> OAuth2 class already loaded. Second attempt ignored.
DEBUG - 2016-08-09 06:20:45 --> C:\xampp\htdocs\bondora\application\libraries/MY_Table.php exists, but does not declare MY_Table
DEBUG - 2016-08-09 06:20:45 --> Session class already loaded. Second attempt ignored.
DEBUG - 2016-08-09 06:20:45 --> Total execution time: 0.3160
DEBUG - 2016-08-09 06:20:49 --> UTF-8 Support Disabled
DEBUG - 2016-08-09 06:20:49 --> Global POST, GET and COOKIE data sanitized
DEBUG - 2016-08-09 06:20:49 --> cURL Class Initialized
DEBUG - 2016-08-09 06:20:49 --> OAuth2 class already loaded. Second attempt ignored.
DEBUG - 2016-08-09 06:20:49 --> C:\xampp\htdocs\bondora\application\libraries/MY_Table.php exists, but does not declare MY_Table
DEBUG - 2016-08-09 06:20:49 --> Session class already loaded. Second attempt ignored.
DEBUG - 2016-08-09 06:20:49 --> Total execution time: 0.9551
DEBUG - 2016-08-09 06:20:50 --> UTF-8 Support Disabled
DEBUG - 2016-08-09 06:20:50 --> Global POST, GET and COOKIE data sanitized
DEBUG - 2016-08-09 06:20:50 --> cURL Class Initialized
DEBUG - 2016-08-09 06:20:50 --> OAuth2 class already loaded. Second attempt ignored.
DEBUG - 2016-08-09 06:20:50 --> C:\xampp\htdocs\bondora\application\libraries/MY_Table.php exists, but does not declare MY_Table
DEBUG - 2016-08-09 06:20:50 --> Session class already loaded. Second attempt ignored.
DEBUG - 2016-08-09 06:20:50 --> Total execution time: 0.3860
DEBUG - 2016-08-09 06:21:04 --> UTF-8 Support Disabled
DEBUG - 2016-08-09 06:21:04 --> Global POST, GET and COOKIE data sanitized
DEBUG - 2016-08-09 06:21:04 --> cURL Class Initialized
DEBUG - 2016-08-09 06:21:04 --> OAuth2 class already loaded. Second attempt ignored.
DEBUG - 2016-08-09 06:21:04 --> C:\xampp\htdocs\bondora\application\libraries/MY_Table.php exists, but does not declare MY_Table
DEBUG - 2016-08-09 06:21:04 --> Session class already loaded. Second attempt ignored.
DEBUG - 2016-08-09 06:21:04 --> SELECT *
FROM `select` `a`.*, `b`.`listedOnDate`, `b`.`xirr`, `b`.`secondaryId`, `b`.`desiredDiscountRate from bondora`.`investment_payload a LEFT JOIN bondora`.`secondary b ON a`.`loanPartId=b`.`loanPartId WHERE a`.`id=1584 and user="mehike" order by` `a`.`signedDate`, `a`.`auctionId`
DEBUG - 2016-08-09 06:21:04 --> SELECT *
FROM `select` `a`.*, `b`.`listedOnDate`, `b`.`xirr`, `b`.`secondaryId`, `b`.`desiredDiscountRate from bondora`.`investment_payload a LEFT JOIN bondora`.`secondary b ON a`.`loanPartId=b`.`loanPartId WHERE a`.`id=1589 and user="mehike" order by` `a`.`signedDate`, `a`.`auctionId`
DEBUG - 2016-08-09 06:21:04 --> SELECT *
FROM `select` `a`.*, `b`.`listedOnDate`, `b`.`xirr`, `b`.`secondaryId`, `b`.`desiredDiscountRate from bondora`.`investment_payload a LEFT JOIN bondora`.`secondary b ON a`.`loanPartId=b`.`loanPartId WHERE a`.`id=1590 and user="mehike" order by` `a`.`signedDate`, `a`.`auctionId`
DEBUG - 2016-08-09 06:21:04 --> SELECT *
FROM `select` `a`.*, `b`.`listedOnDate`, `b`.`xirr`, `b`.`secondaryId`, `b`.`desiredDiscountRate from bondora`.`investment_payload a LEFT JOIN bondora`.`secondary b ON a`.`loanPartId=b`.`loanPartId WHERE a`.`id=1605 and user="mehike" order by` `a`.`signedDate`, `a`.`auctionId`
DEBUG - 2016-08-09 06:21:04 --> SELECT *
FROM `select` `a`.*, `b`.`listedOnDate`, `b`.`xirr`, `b`.`secondaryId`, `b`.`desiredDiscountRate from bondora`.`investment_payload a LEFT JOIN bondora`.`secondary b ON a`.`loanPartId=b`.`loanPartId WHERE a`.`id=1610 and user="mehike" order by` `a`.`signedDate`, `a`.`auctionId`
DEBUG - 2016-08-09 06:21:06 --> Total execution time: 2.2071
DEBUG - 2016-08-09 06:21:06 --> UTF-8 Support Disabled
DEBUG - 2016-08-09 06:21:06 --> Global POST, GET and COOKIE data sanitized
ERROR - 2016-08-09 06:21:06 --> 404 Page Not Found: Investments/bootstrap
DEBUG - 2016-08-09 06:21:08 --> UTF-8 Support Disabled
DEBUG - 2016-08-09 06:21:08 --> Global POST, GET and COOKIE data sanitized
DEBUG - 2016-08-09 06:21:08 --> cURL Class Initialized
DEBUG - 2016-08-09 06:21:08 --> OAuth2 class already loaded. Second attempt ignored.
DEBUG - 2016-08-09 06:21:08 --> C:\xampp\htdocs\bondora\application\libraries/MY_Table.php exists, but does not declare MY_Table
DEBUG - 2016-08-09 06:21:08 --> Session class already loaded. Second attempt ignored.
DEBUG - 2016-08-09 06:21:08 --> SELECT *
FROM `select` `a`.*, `b`.`listedOnDate`, `b`.`xirr`, `b`.`secondaryId`, `b`.`desiredDiscountRate from bondora`.`investment_payload a LEFT JOIN bondora`.`secondary b ON a`.`loanPartId=b`.`loanPartId and a`.`user=b`.`user where a`.`user="mehike" order by` `a`.`signedDate`, `a`.`auctionId`
ERROR - 2016-08-09 06:21:08 --> Severity: Notice --> Undefined offset: 33 C:\xampp\htdocs\bondora\application\views\investments\index.php 880
ERROR - 2016-08-09 06:21:08 --> Severity: Notice --> Undefined offset: 33 C:\xampp\htdocs\bondora\application\views\investments\index.php 880
ERROR - 2016-08-09 06:21:08 --> Severity: Notice --> Undefined offset: 33 C:\xampp\htdocs\bondora\application\views\investments\index.php 880
ERROR - 2016-08-09 06:21:08 --> Severity: Notice --> Undefined offset: 33 C:\xampp\htdocs\bondora\application\views\investments\index.php 880
ERROR - 2016-08-09 06:21:08 --> Severity: Notice --> Undefined offset: 31 C:\xampp\htdocs\bondora\application\views\investments\index.php 880
ERROR - 2016-08-09 06:21:08 --> Severity: Notice --> Undefined offset: 33 C:\xampp\htdocs\bondora\application\views\investments\index.php 880
ERROR - 2016-08-09 06:21:08 --> Severity: Notice --> Undefined offset: 33 C:\xampp\htdocs\bondora\application\views\investments\index.php 880
ERROR - 2016-08-09 06:21:08 --> Severity: Notice --> Undefined offset: 30 C:\xampp\htdocs\bondora\application\views\investments\index.php 880
ERROR - 2016-08-09 06:21:08 --> Severity: Notice --> Undefined offset: 32 C:\xampp\htdocs\bondora\application\views\investments\index.php 880
ERROR - 2016-08-09 06:21:08 --> Severity: Notice --> Undefined offset: 32 C:\xampp\htdocs\bondora\application\views\investments\index.php 880
ERROR - 2016-08-09 06:21:08 --> Severity: Notice --> Undefined offset: 32 C:\xampp\htdocs\bondora\application\views\investments\index.php 880
ERROR - 2016-08-09 06:21:08 --> Severity: Notice --> Undefined offset: 33 C:\xampp\htdocs\bondora\application\views\investments\index.php 880
ERROR - 2016-08-09 06:21:08 --> Severity: Notice --> Undefined offset: 33 C:\xampp\htdocs\bondora\application\views\investments\index.php 880
ERROR - 2016-08-09 06:21:08 --> Severity: Notice --> Undefined offset: 33 C:\xampp\htdocs\bondora\application\views\investments\index.php 880
ERROR - 2016-08-09 06:21:08 --> Severity: Notice --> Undefined offset: 33 C:\xampp\htdocs\bondora\application\views\investments\index.php 880
ERROR - 2016-08-09 06:21:08 --> Severity: Notice --> Undefined offset: 41 C:\xampp\htdocs\bondora\application\views\investments\index.php 880
ERROR - 2016-08-09 06:21:08 --> Severity: Notice --> Undefined offset: 30 C:\xampp\htdocs\bondora\application\views\investments\index.php 880
ERROR - 2016-08-09 06:21:08 --> Severity: Notice --> Undefined offset: 31 C:\xampp\htdocs\bondora\application\views\investments\index.php 880
ERROR - 2016-08-09 06:21:08 --> Severity: Notice --> Undefined offset: 33 C:\xampp\htdocs\bondora\application\views\investments\index.php 880
ERROR - 2016-08-09 06:21:08 --> Severity: Notice --> Undefined offset: 33 C:\xampp\htdocs\bondora\application\views\investments\index.php 880
ERROR - 2016-08-09 06:21:08 --> Severity: Notice --> Undefined offset: 32 C:\xampp\htdocs\bondora\application\views\investments\index.php 880
DEBUG - 2016-08-09 06:21:08 --> Total execution time: 0.0720
DEBUG - 2016-08-09 06:21:08 --> UTF-8 Support Disabled
DEBUG - 2016-08-09 06:21:08 --> Global POST, GET and COOKIE data sanitized
ERROR - 2016-08-09 06:21:08 --> 404 Page Not Found: Investments/bootstrap
DEBUG - 2016-08-09 06:21:11 --> UTF-8 Support Disabled
DEBUG - 2016-08-09 06:21:11 --> Global POST, GET and COOKIE data sanitized
DEBUG - 2016-08-09 06:21:11 --> cURL Class Initialized
DEBUG - 2016-08-09 06:21:11 --> OAuth2 class already loaded. Second attempt ignored.
DEBUG - 2016-08-09 06:21:11 --> C:\xampp\htdocs\bondora\application\libraries/MY_Table.php exists, but does not declare MY_Table
DEBUG - 2016-08-09 06:21:11 --> Session class already loaded. Second attempt ignored.
DEBUG - 2016-08-09 06:21:12 --> SELECT *
FROM `select` `a`.*, `b`.`listedOnDate`, `b`.`xirr`, `b`.`secondaryId`, `b`.`desiredDiscountRate from bondora`.`investment_payload a LEFT JOIN bondora`.`secondary b ON a`.`loanPartId=b`.`loanPartId and a`.`user=b`.`user where a`.`user="mehike" order by` `a`.`signedDate`, `a`.`auctionId`
ERROR - 2016-08-09 06:21:12 --> Severity: Notice --> Undefined offset: 33 C:\xampp\htdocs\bondora\application\views\investments\index.php 880
ERROR - 2016-08-09 06:21:12 --> Severity: Notice --> Undefined offset: 33 C:\xampp\htdocs\bondora\application\views\investments\index.php 880
ERROR - 2016-08-09 06:21:12 --> Severity: Notice --> Undefined offset: 33 C:\xampp\htdocs\bondora\application\views\investments\index.php 880
ERROR - 2016-08-09 06:21:12 --> Severity: Notice --> Undefined offset: 33 C:\xampp\htdocs\bondora\application\views\investments\index.php 880
ERROR - 2016-08-09 06:21:12 --> Severity: Notice --> Undefined offset: 31 C:\xampp\htdocs\bondora\application\views\investments\index.php 880
ERROR - 2016-08-09 06:21:12 --> Severity: Notice --> Undefined offset: 33 C:\xampp\htdocs\bondora\application\views\investments\index.php 880
ERROR - 2016-08-09 06:21:12 --> Severity: Notice --> Undefined offset: 33 C:\xampp\htdocs\bondora\application\views\investments\index.php 880
ERROR - 2016-08-09 06:21:12 --> Severity: Notice --> Undefined offset: 32 C:\xampp\htdocs\bondora\application\views\investments\index.php 880
ERROR - 2016-08-09 06:21:12 --> Severity: Notice --> Undefined offset: 32 C:\xampp\htdocs\bondora\application\views\investments\index.php 880
ERROR - 2016-08-09 06:21:12 --> Severity: Notice --> Undefined offset: 32 C:\xampp\htdocs\bondora\application\views\investments\index.php 880
ERROR - 2016-08-09 06:21:12 --> Severity: Notice --> Undefined offset: 33 C:\xampp\htdocs\bondora\application\views\investments\index.php 880
ERROR - 2016-08-09 06:21:12 --> Severity: Notice --> Undefined offset: 33 C:\xampp\htdocs\bondora\application\views\investments\index.php 880
ERROR - 2016-08-09 06:21:12 --> Severity: Notice --> Undefined offset: 33 C:\xampp\htdocs\bondora\application\views\investments\index.php 880
ERROR - 2016-08-09 06:21:12 --> Severity: Notice --> Undefined offset: 33 C:\xampp\htdocs\bondora\application\views\investments\index.php 880
ERROR - 2016-08-09 06:21:12 --> Severity: Notice --> Undefined offset: 41 C:\xampp\htdocs\bondora\application\views\investments\index.php 880
ERROR - 2016-08-09 06:21:12 --> Severity: Notice --> Undefined offset: 31 C:\xampp\htdocs\bondora\application\views\investments\index.php 880
ERROR - 2016-08-09 06:21:12 --> Severity: Notice --> Undefined offset: 33 C:\xampp\htdocs\bondora\application\views\investments\index.php 880
ERROR - 2016-08-09 06:21:12 --> Severity: Notice --> Undefined offset: 33 C:\xampp\htdocs\bondora\application\views\investments\index.php 880
ERROR - 2016-08-09 06:21:12 --> Severity: Notice --> Undefined offset: 32 C:\xampp\htdocs\bondora\application\views\investments\index.php 880
DEBUG - 2016-08-09 06:21:12 --> Total execution time: 1.4001
DEBUG - 2016-08-09 06:21:12 --> UTF-8 Support Disabled
DEBUG - 2016-08-09 06:21:12 --> Global POST, GET and COOKIE data sanitized
ERROR - 2016-08-09 06:21:12 --> 404 Page Not Found: Investments/bootstrap
