DEBUG - 2016-09-19 06:37:15 --> UTF-8 Support Disabled
DEBUG - 2016-09-19 06:37:15 --> Global POST, GET and COOKIE data sanitized
DEBUG - 2016-09-19 06:37:15 --> cURL Class Initialized
DEBUG - 2016-09-19 06:37:15 --> OAuth2 class already loaded. Second attempt ignored.
DEBUG - 2016-09-19 06:37:15 --> C:\xampp\htdocs\bondora\application\libraries/MY_Table.php exists, but does not declare MY_Table
DEBUG - 2016-09-19 06:37:15 --> Session class already loaded. Second attempt ignored.
DEBUG - 2016-09-19 06:37:15 --> UTF-8 Support Disabled
DEBUG - 2016-09-19 06:37:15 --> Global POST, GET and COOKIE data sanitized
DEBUG - 2016-09-19 06:37:15 --> cURL Class Initialized
DEBUG - 2016-09-19 06:37:15 --> OAuth2 class already loaded. Second attempt ignored.
DEBUG - 2016-09-19 06:37:15 --> Session class already loaded. Second attempt ignored.
DEBUG - 2016-09-19 06:37:15 --> Total execution time: 0.0800
DEBUG - 2016-09-19 06:37:18 --> UTF-8 Support Disabled
DEBUG - 2016-09-19 06:37:18 --> Global POST, GET and COOKIE data sanitized
DEBUG - 2016-09-19 06:37:18 --> cURL Class Initialized
DEBUG - 2016-09-19 06:37:18 --> OAuth2 class already loaded. Second attempt ignored.
DEBUG - 2016-09-19 06:37:18 --> Session class already loaded. Second attempt ignored.
DEBUG - 2016-09-19 06:37:18 --> UTF-8 Support Disabled
DEBUG - 2016-09-19 06:37:18 --> Global POST, GET and COOKIE data sanitized
DEBUG - 2016-09-19 06:37:18 --> cURL Class Initialized
DEBUG - 2016-09-19 06:37:18 --> OAuth2 class already loaded. Second attempt ignored.
DEBUG - 2016-09-19 06:37:18 --> C:\xampp\htdocs\bondora\application\libraries/MY_Table.php exists, but does not declare MY_Table
DEBUG - 2016-09-19 06:37:18 --> Session class already loaded. Second attempt ignored.
DEBUG - 2016-09-19 06:37:18 --> SELECT *
FROM `select` `a`.*, `b`.`statusCode from auction_payload a LEFT JOIN bid_payload b ON a`.`auctionId=b`.`auctionId and a`.`user=b`.`userName where` `user="mehike"`
DEBUG - 2016-09-19 06:37:18 --> Total execution time: 0.1590
DEBUG - 2016-09-19 06:37:18 --> UTF-8 Support Disabled
DEBUG - 2016-09-19 06:37:18 --> Global POST, GET and COOKIE data sanitized
ERROR - 2016-09-19 06:37:18 --> 404 Page Not Found: Auctions/bootstrap
DEBUG - 2016-09-19 06:37:23 --> UTF-8 Support Disabled
DEBUG - 2016-09-19 06:37:23 --> Global POST, GET and COOKIE data sanitized
DEBUG - 2016-09-19 06:37:23 --> cURL Class Initialized
DEBUG - 2016-09-19 06:37:23 --> OAuth2 class already loaded. Second attempt ignored.
DEBUG - 2016-09-19 06:37:23 --> C:\xampp\htdocs\bondora\application\libraries/MY_Table.php exists, but does not declare MY_Table
DEBUG - 2016-09-19 06:37:23 --> Session class already loaded. Second attempt ignored.
DEBUG - 2016-09-19 06:37:23 --> SELECT *
FROM `select` `a`.*, `b`.`listedOnDate`, `b`.`xirr`, `b`.`secondaryId`, `b`.`desiredDiscountRate from bondora`.`investment_payload a LEFT JOIN bondora`.`secondary b ON a`.`loanPartId=b`.`loanPartId and a`.`user=b`.`user where a`.`user="mehike" order by` `a`.`signedDate`, `a`.`auctionId`
ERROR - 2016-09-19 06:37:23 --> Severity: Notice --> Undefined offset: 33 C:\xampp\htdocs\bondora\application\views\investments\index.php 880
ERROR - 2016-09-19 06:37:23 --> Severity: Notice --> Undefined offset: 35 C:\xampp\htdocs\bondora\application\views\investments\index.php 880
ERROR - 2016-09-19 06:37:23 --> Severity: Notice --> Undefined offset: 35 C:\xampp\htdocs\bondora\application\views\investments\index.php 880
ERROR - 2016-09-19 06:37:23 --> Severity: Notice --> Undefined offset: 35 C:\xampp\htdocs\bondora\application\views\investments\index.php 880
ERROR - 2016-09-19 06:37:23 --> Severity: Notice --> Undefined offset: 30 C:\xampp\htdocs\bondora\application\views\investments\index.php 880
ERROR - 2016-09-19 06:37:23 --> Severity: Notice --> Undefined offset: 33 C:\xampp\htdocs\bondora\application\views\investments\index.php 880
ERROR - 2016-09-19 06:37:23 --> Severity: Notice --> Undefined offset: 35 C:\xampp\htdocs\bondora\application\views\investments\index.php 880
ERROR - 2016-09-19 06:37:23 --> Severity: Notice --> Undefined offset: 35 C:\xampp\htdocs\bondora\application\views\investments\index.php 880
ERROR - 2016-09-19 06:37:23 --> Severity: Notice --> Undefined offset: 35 C:\xampp\htdocs\bondora\application\views\investments\index.php 880
ERROR - 2016-09-19 06:37:23 --> Severity: Notice --> Undefined offset: 33 C:\xampp\htdocs\bondora\application\views\investments\index.php 880
ERROR - 2016-09-19 06:37:23 --> Severity: Notice --> Undefined offset: 41 C:\xampp\htdocs\bondora\application\views\investments\index.php 880
ERROR - 2016-09-19 06:37:23 --> Severity: Notice --> Undefined offset: 30 C:\xampp\htdocs\bondora\application\views\investments\index.php 880
ERROR - 2016-09-19 06:37:23 --> Severity: Notice --> Undefined offset: 33 C:\xampp\htdocs\bondora\application\views\investments\index.php 880
ERROR - 2016-09-19 06:37:23 --> Severity: Notice --> Undefined offset: 33 C:\xampp\htdocs\bondora\application\views\investments\index.php 880
ERROR - 2016-09-19 06:37:23 --> Severity: Notice --> Undefined offset: 33 C:\xampp\htdocs\bondora\application\views\investments\index.php 880
DEBUG - 2016-09-19 06:37:23 --> Total execution time: 0.1240
DEBUG - 2016-09-19 06:37:23 --> UTF-8 Support Disabled
DEBUG - 2016-09-19 06:37:23 --> Global POST, GET and COOKIE data sanitized
ERROR - 2016-09-19 06:37:23 --> 404 Page Not Found: Investments/bootstrap
DEBUG - 2016-09-19 06:37:25 --> UTF-8 Support Disabled
DEBUG - 2016-09-19 06:37:25 --> Global POST, GET and COOKIE data sanitized
DEBUG - 2016-09-19 06:37:25 --> cURL Class Initialized
DEBUG - 2016-09-19 06:37:25 --> OAuth2 class already loaded. Second attempt ignored.
DEBUG - 2016-09-19 06:37:25 --> C:\xampp\htdocs\bondora\application\libraries/MY_Table.php exists, but does not declare MY_Table
DEBUG - 2016-09-19 06:37:25 --> Session class already loaded. Second attempt ignored.
DEBUG - 2016-09-19 06:37:26 --> UTF-8 Support Disabled
DEBUG - 2016-09-19 06:37:26 --> Global POST, GET and COOKIE data sanitized
DEBUG - 2016-09-19 06:37:26 --> cURL Class Initialized
DEBUG - 2016-09-19 06:37:26 --> OAuth2 class already loaded. Second attempt ignored.
DEBUG - 2016-09-19 06:37:32 --> UTF-8 Support Disabled
DEBUG - 2016-09-19 06:37:32 --> Global POST, GET and COOKIE data sanitized
DEBUG - 2016-09-19 06:37:32 --> cURL Class Initialized
DEBUG - 2016-09-19 06:37:32 --> OAuth2 class already loaded. Second attempt ignored.
DEBUG - 2016-09-19 06:37:34 --> UTF-8 Support Disabled
DEBUG - 2016-09-19 06:37:34 --> Global POST, GET and COOKIE data sanitized
DEBUG - 2016-09-19 06:37:34 --> cURL Class Initialized
DEBUG - 2016-09-19 06:37:34 --> OAuth2 class already loaded. Second attempt ignored.
DEBUG - 2016-09-19 06:37:34 --> C:\xampp\htdocs\bondora\application\libraries/MY_Table.php exists, but does not declare MY_Table
DEBUG - 2016-09-19 06:37:34 --> Session class already loaded. Second attempt ignored.
DEBUG - 2016-09-19 06:37:34 --> SELECT *
FROM `select` `a`.*, `b`.`listedOnDate`, `b`.`xirr`, `b`.`secondaryId`, `b`.`desiredDiscountRate from bondora`.`investment_payload a LEFT JOIN bondora`.`secondary b ON a`.`loanPartId=b`.`loanPartId and a`.`user=b`.`user where a`.`user="mehike" order by` `a`.`signedDate`, `a`.`auctionId`
ERROR - 2016-09-19 06:37:35 --> Severity: Notice --> Undefined offset: 33 C:\xampp\htdocs\bondora\application\views\investments\index.php 880
ERROR - 2016-09-19 06:37:35 --> Severity: Notice --> Undefined offset: 35 C:\xampp\htdocs\bondora\application\views\investments\index.php 880
ERROR - 2016-09-19 06:37:35 --> Severity: Notice --> Undefined offset: 35 C:\xampp\htdocs\bondora\application\views\investments\index.php 880
ERROR - 2016-09-19 06:37:35 --> Severity: Notice --> Undefined offset: 35 C:\xampp\htdocs\bondora\application\views\investments\index.php 880
ERROR - 2016-09-19 06:37:35 --> Severity: Notice --> Undefined offset: 30 C:\xampp\htdocs\bondora\application\views\investments\index.php 880
ERROR - 2016-09-19 06:37:35 --> Severity: Notice --> Undefined offset: 33 C:\xampp\htdocs\bondora\application\views\investments\index.php 880
ERROR - 2016-09-19 06:37:35 --> Severity: Notice --> Undefined offset: 35 C:\xampp\htdocs\bondora\application\views\investments\index.php 880
ERROR - 2016-09-19 06:37:35 --> Severity: Notice --> Undefined offset: 35 C:\xampp\htdocs\bondora\application\views\investments\index.php 880
ERROR - 2016-09-19 06:37:35 --> Severity: Notice --> Undefined offset: 35 C:\xampp\htdocs\bondora\application\views\investments\index.php 880
ERROR - 2016-09-19 06:37:35 --> Severity: Notice --> Undefined offset: 33 C:\xampp\htdocs\bondora\application\views\investments\index.php 880
ERROR - 2016-09-19 06:37:35 --> Severity: Notice --> Undefined offset: 41 C:\xampp\htdocs\bondora\application\views\investments\index.php 880
ERROR - 2016-09-19 06:37:35 --> Severity: Notice --> Undefined offset: 30 C:\xampp\htdocs\bondora\application\views\investments\index.php 880
ERROR - 2016-09-19 06:37:35 --> Severity: Notice --> Undefined offset: 33 C:\xampp\htdocs\bondora\application\views\investments\index.php 880
ERROR - 2016-09-19 06:37:35 --> Severity: Notice --> Undefined offset: 33 C:\xampp\htdocs\bondora\application\views\investments\index.php 880
ERROR - 2016-09-19 06:37:35 --> Severity: Notice --> Undefined offset: 33 C:\xampp\htdocs\bondora\application\views\investments\index.php 880
DEBUG - 2016-09-19 06:37:35 --> Total execution time: 0.4060
DEBUG - 2016-09-19 06:37:35 --> UTF-8 Support Disabled
DEBUG - 2016-09-19 06:37:35 --> Global POST, GET and COOKIE data sanitized
ERROR - 2016-09-19 06:37:35 --> 404 Page Not Found: Investments/bootstrap
DEBUG - 2016-09-19 06:37:39 --> UTF-8 Support Disabled
DEBUG - 2016-09-19 06:37:39 --> Global POST, GET and COOKIE data sanitized
DEBUG - 2016-09-19 06:37:39 --> cURL Class Initialized
DEBUG - 2016-09-19 06:37:39 --> OAuth2 class already loaded. Second attempt ignored.
DEBUG - 2016-09-19 06:37:39 --> C:\xampp\htdocs\bondora\application\libraries/MY_Table.php exists, but does not declare MY_Table
DEBUG - 2016-09-19 06:37:39 --> Session class already loaded. Second attempt ignored.
DEBUG - 2016-09-19 06:37:41 --> SELECT *
FROM `select` `a`.*, `b`.`listedOnDate`, `b`.`xirr`, `b`.`secondaryId`, `b`.`desiredDiscountRate from bondora`.`investment_payload a LEFT JOIN bondora`.`secondary b ON a`.`loanPartId=b`.`loanPartId and a`.`user=b`.`user where a`.`user="mehike" order by` `a`.`signedDate`, `a`.`auctionId`
ERROR - 2016-09-19 06:37:41 --> Severity: Notice --> Undefined offset: 33 C:\xampp\htdocs\bondora\application\views\investments\index.php 880
ERROR - 2016-09-19 06:37:41 --> Severity: Notice --> Undefined offset: 35 C:\xampp\htdocs\bondora\application\views\investments\index.php 880
ERROR - 2016-09-19 06:37:42 --> Severity: Notice --> Undefined offset: 35 C:\xampp\htdocs\bondora\application\views\investments\index.php 880
ERROR - 2016-09-19 06:37:42 --> Severity: Notice --> Undefined offset: 35 C:\xampp\htdocs\bondora\application\views\investments\index.php 880
ERROR - 2016-09-19 06:37:42 --> Severity: Notice --> Undefined offset: 33 C:\xampp\htdocs\bondora\application\views\investments\index.php 880
ERROR - 2016-09-19 06:37:42 --> Severity: Notice --> Undefined offset: 35 C:\xampp\htdocs\bondora\application\views\investments\index.php 880
ERROR - 2016-09-19 06:37:42 --> Severity: Notice --> Undefined offset: 35 C:\xampp\htdocs\bondora\application\views\investments\index.php 880
ERROR - 2016-09-19 06:37:42 --> Severity: Notice --> Undefined offset: 35 C:\xampp\htdocs\bondora\application\views\investments\index.php 880
ERROR - 2016-09-19 06:37:42 --> Severity: Notice --> Undefined offset: 33 C:\xampp\htdocs\bondora\application\views\investments\index.php 880
ERROR - 2016-09-19 06:37:42 --> Severity: Notice --> Undefined offset: 41 C:\xampp\htdocs\bondora\application\views\investments\index.php 880
ERROR - 2016-09-19 06:37:42 --> Severity: Notice --> Undefined offset: 33 C:\xampp\htdocs\bondora\application\views\investments\index.php 880
ERROR - 2016-09-19 06:37:42 --> Severity: Notice --> Undefined offset: 33 C:\xampp\htdocs\bondora\application\views\investments\index.php 880
ERROR - 2016-09-19 06:37:42 --> Severity: Notice --> Undefined offset: 33 C:\xampp\htdocs\bondora\application\views\investments\index.php 880
DEBUG - 2016-09-19 06:37:42 --> Total execution time: 2.9622
DEBUG - 2016-09-19 06:37:42 --> UTF-8 Support Disabled
DEBUG - 2016-09-19 06:37:42 --> Global POST, GET and COOKIE data sanitized
ERROR - 2016-09-19 06:37:42 --> 404 Page Not Found: Investments/bootstrap
DEBUG - 2016-09-19 06:37:48 --> UTF-8 Support Disabled
DEBUG - 2016-09-19 06:37:48 --> Global POST, GET and COOKIE data sanitized
DEBUG - 2016-09-19 06:37:48 --> cURL Class Initialized
DEBUG - 2016-09-19 06:37:48 --> OAuth2 class already loaded. Second attempt ignored.
DEBUG - 2016-09-19 06:37:48 --> C:\xampp\htdocs\bondora\application\libraries/MY_Table.php exists, but does not declare MY_Table
DEBUG - 2016-09-19 06:37:48 --> Session class already loaded. Second attempt ignored.
DEBUG - 2016-09-19 06:37:49 --> Total execution time: 0.6770
DEBUG - 2016-09-19 06:37:49 --> UTF-8 Support Disabled
DEBUG - 2016-09-19 06:37:49 --> Global POST, GET and COOKIE data sanitized
DEBUG - 2016-09-19 06:37:49 --> cURL Class Initialized
DEBUG - 2016-09-19 06:37:49 --> OAuth2 class already loaded. Second attempt ignored.
DEBUG - 2016-09-19 06:37:49 --> C:\xampp\htdocs\bondora\application\libraries/MY_Table.php exists, but does not declare MY_Table
DEBUG - 2016-09-19 06:37:49 --> Session class already loaded. Second attempt ignored.
DEBUG - 2016-09-19 06:37:49 --> Total execution time: 0.4030
DEBUG - 2016-09-19 06:37:53 --> UTF-8 Support Disabled
DEBUG - 2016-09-19 06:37:53 --> Global POST, GET and COOKIE data sanitized
DEBUG - 2016-09-19 06:37:53 --> cURL Class Initialized
DEBUG - 2016-09-19 06:37:53 --> OAuth2 class already loaded. Second attempt ignored.
DEBUG - 2016-09-19 06:37:53 --> C:\xampp\htdocs\bondora\application\libraries/MY_Table.php exists, but does not declare MY_Table
DEBUG - 2016-09-19 06:37:53 --> Session class already loaded. Second attempt ignored.
DEBUG - 2016-09-19 06:37:53 --> Total execution time: 0.6490
DEBUG - 2016-09-19 06:37:53 --> UTF-8 Support Disabled
DEBUG - 2016-09-19 06:37:53 --> Global POST, GET and COOKIE data sanitized
DEBUG - 2016-09-19 06:37:53 --> cURL Class Initialized
DEBUG - 2016-09-19 06:37:53 --> OAuth2 class already loaded. Second attempt ignored.
DEBUG - 2016-09-19 06:37:53 --> C:\xampp\htdocs\bondora\application\libraries/MY_Table.php exists, but does not declare MY_Table
DEBUG - 2016-09-19 06:37:53 --> Session class already loaded. Second attempt ignored.
DEBUG - 2016-09-19 06:37:54 --> Total execution time: 0.3240
DEBUG - 2016-09-19 06:37:57 --> UTF-8 Support Disabled
DEBUG - 2016-09-19 06:37:57 --> Global POST, GET and COOKIE data sanitized
DEBUG - 2016-09-19 06:37:57 --> cURL Class Initialized
DEBUG - 2016-09-19 06:37:57 --> OAuth2 class already loaded. Second attempt ignored.
DEBUG - 2016-09-19 06:37:57 --> C:\xampp\htdocs\bondora\application\libraries/MY_Table.php exists, but does not declare MY_Table
DEBUG - 2016-09-19 06:37:57 --> Session class already loaded. Second attempt ignored.
DEBUG - 2016-09-19 06:37:58 --> Total execution time: 0.5920
DEBUG - 2016-09-19 06:37:58 --> UTF-8 Support Disabled
DEBUG - 2016-09-19 06:37:58 --> Global POST, GET and COOKIE data sanitized
DEBUG - 2016-09-19 06:37:58 --> cURL Class Initialized
DEBUG - 2016-09-19 06:37:58 --> OAuth2 class already loaded. Second attempt ignored.
DEBUG - 2016-09-19 06:37:58 --> C:\xampp\htdocs\bondora\application\libraries/MY_Table.php exists, but does not declare MY_Table
DEBUG - 2016-09-19 06:37:58 --> Session class already loaded. Second attempt ignored.
DEBUG - 2016-09-19 06:37:58 --> Total execution time: 0.3280
DEBUG - 2016-09-19 06:38:03 --> UTF-8 Support Disabled
DEBUG - 2016-09-19 06:38:03 --> Global POST, GET and COOKIE data sanitized
DEBUG - 2016-09-19 06:38:04 --> cURL Class Initialized
DEBUG - 2016-09-19 06:38:04 --> OAuth2 class already loaded. Second attempt ignored.
DEBUG - 2016-09-19 06:38:04 --> C:\xampp\htdocs\bondora\application\libraries/MY_Table.php exists, but does not declare MY_Table
DEBUG - 2016-09-19 06:38:04 --> Session class already loaded. Second attempt ignored.
DEBUG - 2016-09-19 06:38:04 --> Total execution time: 0.6130
DEBUG - 2016-09-19 06:38:04 --> UTF-8 Support Disabled
DEBUG - 2016-09-19 06:38:04 --> Global POST, GET and COOKIE data sanitized
DEBUG - 2016-09-19 06:38:04 --> cURL Class Initialized
DEBUG - 2016-09-19 06:38:04 --> OAuth2 class already loaded. Second attempt ignored.
DEBUG - 2016-09-19 06:38:04 --> C:\xampp\htdocs\bondora\application\libraries/MY_Table.php exists, but does not declare MY_Table
DEBUG - 2016-09-19 06:38:04 --> Session class already loaded. Second attempt ignored.
DEBUG - 2016-09-19 06:38:05 --> Total execution time: 0.4320
DEBUG - 2016-09-19 06:38:07 --> UTF-8 Support Disabled
DEBUG - 2016-09-19 06:38:07 --> Global POST, GET and COOKIE data sanitized
DEBUG - 2016-09-19 06:38:07 --> cURL Class Initialized
DEBUG - 2016-09-19 06:38:07 --> OAuth2 class already loaded. Second attempt ignored.
DEBUG - 2016-09-19 06:38:07 --> C:\xampp\htdocs\bondora\application\libraries/MY_Table.php exists, but does not declare MY_Table
DEBUG - 2016-09-19 06:38:07 --> Session class already loaded. Second attempt ignored.
DEBUG - 2016-09-19 06:38:08 --> Total execution time: 0.5930
DEBUG - 2016-09-19 06:38:08 --> UTF-8 Support Disabled
DEBUG - 2016-09-19 06:38:08 --> Global POST, GET and COOKIE data sanitized
DEBUG - 2016-09-19 06:38:08 --> cURL Class Initialized
DEBUG - 2016-09-19 06:38:08 --> OAuth2 class already loaded. Second attempt ignored.
DEBUG - 2016-09-19 06:38:08 --> C:\xampp\htdocs\bondora\application\libraries/MY_Table.php exists, but does not declare MY_Table
DEBUG - 2016-09-19 06:38:08 --> Session class already loaded. Second attempt ignored.
DEBUG - 2016-09-19 06:38:08 --> Total execution time: 0.3780
DEBUG - 2016-09-19 06:38:12 --> UTF-8 Support Disabled
DEBUG - 2016-09-19 06:38:12 --> Global POST, GET and COOKIE data sanitized
DEBUG - 2016-09-19 06:38:12 --> cURL Class Initialized
DEBUG - 2016-09-19 06:38:12 --> OAuth2 class already loaded. Second attempt ignored.
DEBUG - 2016-09-19 06:38:12 --> C:\xampp\htdocs\bondora\application\libraries/MY_Table.php exists, but does not declare MY_Table
DEBUG - 2016-09-19 06:38:12 --> Session class already loaded. Second attempt ignored.
DEBUG - 2016-09-19 06:38:13 --> Total execution time: 0.8811
DEBUG - 2016-09-19 06:38:13 --> UTF-8 Support Disabled
DEBUG - 2016-09-19 06:38:13 --> Global POST, GET and COOKIE data sanitized
DEBUG - 2016-09-19 06:38:13 --> cURL Class Initialized
DEBUG - 2016-09-19 06:38:13 --> OAuth2 class already loaded. Second attempt ignored.
DEBUG - 2016-09-19 06:38:13 --> C:\xampp\htdocs\bondora\application\libraries/MY_Table.php exists, but does not declare MY_Table
DEBUG - 2016-09-19 06:38:13 --> Session class already loaded. Second attempt ignored.
DEBUG - 2016-09-19 06:38:14 --> Total execution time: 0.3540
DEBUG - 2016-09-19 06:38:16 --> UTF-8 Support Disabled
DEBUG - 2016-09-19 06:38:16 --> Global POST, GET and COOKIE data sanitized
DEBUG - 2016-09-19 06:38:16 --> cURL Class Initialized
DEBUG - 2016-09-19 06:38:16 --> OAuth2 class already loaded. Second attempt ignored.
DEBUG - 2016-09-19 06:38:16 --> C:\xampp\htdocs\bondora\application\libraries/MY_Table.php exists, but does not declare MY_Table
DEBUG - 2016-09-19 06:38:16 --> Session class already loaded. Second attempt ignored.
DEBUG - 2016-09-19 06:38:17 --> Total execution time: 0.7520
DEBUG - 2016-09-19 06:38:17 --> UTF-8 Support Disabled
DEBUG - 2016-09-19 06:38:17 --> Global POST, GET and COOKIE data sanitized
DEBUG - 2016-09-19 06:38:17 --> cURL Class Initialized
DEBUG - 2016-09-19 06:38:17 --> OAuth2 class already loaded. Second attempt ignored.
DEBUG - 2016-09-19 06:38:17 --> C:\xampp\htdocs\bondora\application\libraries/MY_Table.php exists, but does not declare MY_Table
DEBUG - 2016-09-19 06:38:17 --> Session class already loaded. Second attempt ignored.
DEBUG - 2016-09-19 06:38:17 --> Total execution time: 0.2990
DEBUG - 2016-09-19 06:38:20 --> UTF-8 Support Disabled
DEBUG - 2016-09-19 06:38:21 --> Global POST, GET and COOKIE data sanitized
DEBUG - 2016-09-19 06:38:21 --> cURL Class Initialized
DEBUG - 2016-09-19 06:38:21 --> OAuth2 class already loaded. Second attempt ignored.
DEBUG - 2016-09-19 06:38:21 --> C:\xampp\htdocs\bondora\application\libraries/MY_Table.php exists, but does not declare MY_Table
DEBUG - 2016-09-19 06:38:21 --> Session class already loaded. Second attempt ignored.
DEBUG - 2016-09-19 06:38:21 --> Total execution time: 0.7160
DEBUG - 2016-09-19 06:38:21 --> UTF-8 Support Disabled
DEBUG - 2016-09-19 06:38:21 --> Global POST, GET and COOKIE data sanitized
DEBUG - 2016-09-19 06:38:21 --> cURL Class Initialized
DEBUG - 2016-09-19 06:38:21 --> OAuth2 class already loaded. Second attempt ignored.
DEBUG - 2016-09-19 06:38:21 --> C:\xampp\htdocs\bondora\application\libraries/MY_Table.php exists, but does not declare MY_Table
DEBUG - 2016-09-19 06:38:21 --> Session class already loaded. Second attempt ignored.
DEBUG - 2016-09-19 06:38:22 --> Total execution time: 0.3550
DEBUG - 2016-09-19 06:38:25 --> UTF-8 Support Disabled
DEBUG - 2016-09-19 06:38:25 --> Global POST, GET and COOKIE data sanitized
DEBUG - 2016-09-19 06:38:25 --> cURL Class Initialized
DEBUG - 2016-09-19 06:38:25 --> OAuth2 class already loaded. Second attempt ignored.
DEBUG - 2016-09-19 06:38:25 --> C:\xampp\htdocs\bondora\application\libraries/MY_Table.php exists, but does not declare MY_Table
DEBUG - 2016-09-19 06:38:25 --> Session class already loaded. Second attempt ignored.
DEBUG - 2016-09-19 06:38:26 --> Total execution time: 0.6220
DEBUG - 2016-09-19 06:38:26 --> UTF-8 Support Disabled
DEBUG - 2016-09-19 06:38:26 --> Global POST, GET and COOKIE data sanitized
DEBUG - 2016-09-19 06:38:26 --> cURL Class Initialized
DEBUG - 2016-09-19 06:38:26 --> OAuth2 class already loaded. Second attempt ignored.
DEBUG - 2016-09-19 06:38:26 --> C:\xampp\htdocs\bondora\application\libraries/MY_Table.php exists, but does not declare MY_Table
DEBUG - 2016-09-19 06:38:26 --> Session class already loaded. Second attempt ignored.
DEBUG - 2016-09-19 06:38:26 --> Total execution time: 0.3400
DEBUG - 2016-09-19 06:38:29 --> UTF-8 Support Disabled
DEBUG - 2016-09-19 06:38:29 --> Global POST, GET and COOKIE data sanitized
DEBUG - 2016-09-19 06:38:29 --> cURL Class Initialized
DEBUG - 2016-09-19 06:38:29 --> OAuth2 class already loaded. Second attempt ignored.
DEBUG - 2016-09-19 06:38:29 --> C:\xampp\htdocs\bondora\application\libraries/MY_Table.php exists, but does not declare MY_Table
DEBUG - 2016-09-19 06:38:29 --> Session class already loaded. Second attempt ignored.
DEBUG - 2016-09-19 06:38:30 --> Total execution time: 0.5860
DEBUG - 2016-09-19 06:38:30 --> UTF-8 Support Disabled
DEBUG - 2016-09-19 06:38:30 --> Global POST, GET and COOKIE data sanitized
DEBUG - 2016-09-19 06:38:30 --> cURL Class Initialized
DEBUG - 2016-09-19 06:38:30 --> OAuth2 class already loaded. Second attempt ignored.
DEBUG - 2016-09-19 06:38:30 --> C:\xampp\htdocs\bondora\application\libraries/MY_Table.php exists, but does not declare MY_Table
DEBUG - 2016-09-19 06:38:30 --> Session class already loaded. Second attempt ignored.
DEBUG - 2016-09-19 06:38:30 --> Total execution time: 0.3840
DEBUG - 2016-09-19 06:38:34 --> UTF-8 Support Disabled
DEBUG - 2016-09-19 06:38:34 --> Global POST, GET and COOKIE data sanitized
DEBUG - 2016-09-19 06:38:34 --> cURL Class Initialized
DEBUG - 2016-09-19 06:38:34 --> OAuth2 class already loaded. Second attempt ignored.
DEBUG - 2016-09-19 06:38:34 --> C:\xampp\htdocs\bondora\application\libraries/MY_Table.php exists, but does not declare MY_Table
DEBUG - 2016-09-19 06:38:34 --> Session class already loaded. Second attempt ignored.
DEBUG - 2016-09-19 06:38:35 --> Total execution time: 0.5810
DEBUG - 2016-09-19 06:38:35 --> UTF-8 Support Disabled
DEBUG - 2016-09-19 06:38:35 --> Global POST, GET and COOKIE data sanitized
DEBUG - 2016-09-19 06:38:35 --> cURL Class Initialized
DEBUG - 2016-09-19 06:38:35 --> OAuth2 class already loaded. Second attempt ignored.
DEBUG - 2016-09-19 06:38:35 --> C:\xampp\htdocs\bondora\application\libraries/MY_Table.php exists, but does not declare MY_Table
DEBUG - 2016-09-19 06:38:35 --> Session class already loaded. Second attempt ignored.
DEBUG - 2016-09-19 06:38:35 --> Total execution time: 0.3180
DEBUG - 2016-09-19 06:38:40 --> UTF-8 Support Disabled
DEBUG - 2016-09-19 06:38:40 --> Global POST, GET and COOKIE data sanitized
DEBUG - 2016-09-19 06:38:40 --> cURL Class Initialized
DEBUG - 2016-09-19 06:38:40 --> OAuth2 class already loaded. Second attempt ignored.
DEBUG - 2016-09-19 06:38:40 --> C:\xampp\htdocs\bondora\application\libraries/MY_Table.php exists, but does not declare MY_Table
DEBUG - 2016-09-19 06:38:40 --> Session class already loaded. Second attempt ignored.
DEBUG - 2016-09-19 06:38:40 --> Total execution time: 0.6690
DEBUG - 2016-09-19 06:38:40 --> UTF-8 Support Disabled
DEBUG - 2016-09-19 06:38:40 --> Global POST, GET and COOKIE data sanitized
DEBUG - 2016-09-19 06:38:40 --> cURL Class Initialized
DEBUG - 2016-09-19 06:38:40 --> OAuth2 class already loaded. Second attempt ignored.
DEBUG - 2016-09-19 06:38:40 --> C:\xampp\htdocs\bondora\application\libraries/MY_Table.php exists, but does not declare MY_Table
DEBUG - 2016-09-19 06:38:40 --> Session class already loaded. Second attempt ignored.
DEBUG - 2016-09-19 06:38:41 --> Total execution time: 0.3240
DEBUG - 2016-09-19 06:39:04 --> UTF-8 Support Disabled
DEBUG - 2016-09-19 06:39:04 --> Global POST, GET and COOKIE data sanitized
DEBUG - 2016-09-19 06:39:04 --> cURL Class Initialized
DEBUG - 2016-09-19 06:39:04 --> OAuth2 class already loaded. Second attempt ignored.
DEBUG - 2016-09-19 06:39:04 --> C:\xampp\htdocs\bondora\application\libraries/MY_Table.php exists, but does not declare MY_Table
DEBUG - 2016-09-19 06:39:04 --> Session class already loaded. Second attempt ignored.
DEBUG - 2016-09-19 06:39:04 --> SELECT *
FROM `select` `a`.*, `b`.`listedOnDate`, `b`.`xirr`, `b`.`secondaryId`, `b`.`desiredDiscountRate from bondora`.`investment_payload a LEFT JOIN bondora`.`secondary b ON a`.`loanPartId=b`.`loanPartId WHERE a`.`id=4758 and user="mehike" order by` `a`.`signedDate`, `a`.`auctionId`
DEBUG - 2016-09-19 06:39:04 --> SELECT *
FROM `select` `a`.*, `b`.`listedOnDate`, `b`.`xirr`, `b`.`secondaryId`, `b`.`desiredDiscountRate from bondora`.`investment_payload a LEFT JOIN bondora`.`secondary b ON a`.`loanPartId=b`.`loanPartId WHERE a`.`id=4745 and user="mehike" order by` `a`.`signedDate`, `a`.`auctionId`
DEBUG - 2016-09-19 06:39:04 --> SELECT *
FROM `select` `a`.*, `b`.`listedOnDate`, `b`.`xirr`, `b`.`secondaryId`, `b`.`desiredDiscountRate from bondora`.`investment_payload a LEFT JOIN bondora`.`secondary b ON a`.`loanPartId=b`.`loanPartId WHERE a`.`id=4755 and user="mehike" order by` `a`.`signedDate`, `a`.`auctionId`
DEBUG - 2016-09-19 06:39:04 --> SELECT *
FROM `select` `a`.*, `b`.`listedOnDate`, `b`.`xirr`, `b`.`secondaryId`, `b`.`desiredDiscountRate from bondora`.`investment_payload a LEFT JOIN bondora`.`secondary b ON a`.`loanPartId=b`.`loanPartId WHERE a`.`id=4753 and user="mehike" order by` `a`.`signedDate`, `a`.`auctionId`
DEBUG - 2016-09-19 06:39:04 --> SELECT *
FROM `select` `a`.*, `b`.`listedOnDate`, `b`.`xirr`, `b`.`secondaryId`, `b`.`desiredDiscountRate from bondora`.`investment_payload a LEFT JOIN bondora`.`secondary b ON a`.`loanPartId=b`.`loanPartId WHERE a`.`id=4756 and user="mehike" order by` `a`.`signedDate`, `a`.`auctionId`
DEBUG - 2016-09-19 06:39:04 --> SELECT *
FROM `select` `a`.*, `b`.`listedOnDate`, `b`.`xirr`, `b`.`secondaryId`, `b`.`desiredDiscountRate from bondora`.`investment_payload a LEFT JOIN bondora`.`secondary b ON a`.`loanPartId=b`.`loanPartId WHERE a`.`id=4762 and user="mehike" order by` `a`.`signedDate`, `a`.`auctionId`
DEBUG - 2016-09-19 06:39:04 --> SELECT *
FROM `select` `a`.*, `b`.`listedOnDate`, `b`.`xirr`, `b`.`secondaryId`, `b`.`desiredDiscountRate from bondora`.`investment_payload a LEFT JOIN bondora`.`secondary b ON a`.`loanPartId=b`.`loanPartId WHERE a`.`id=4763 and user="mehike" order by` `a`.`signedDate`, `a`.`auctionId`
DEBUG - 2016-09-19 06:39:04 --> SELECT *
FROM `select` `a`.*, `b`.`listedOnDate`, `b`.`xirr`, `b`.`secondaryId`, `b`.`desiredDiscountRate from bondora`.`investment_payload a LEFT JOIN bondora`.`secondary b ON a`.`loanPartId=b`.`loanPartId WHERE a`.`id=4761 and user="mehike" order by` `a`.`signedDate`, `a`.`auctionId`
DEBUG - 2016-09-19 06:39:04 --> SELECT *
FROM `select` `a`.*, `b`.`listedOnDate`, `b`.`xirr`, `b`.`secondaryId`, `b`.`desiredDiscountRate from bondora`.`investment_payload a LEFT JOIN bondora`.`secondary b ON a`.`loanPartId=b`.`loanPartId WHERE a`.`id=4764 and user="mehike" order by` `a`.`signedDate`, `a`.`auctionId`
DEBUG - 2016-09-19 06:39:04 --> SELECT *
FROM `select` `a`.*, `b`.`listedOnDate`, `b`.`xirr`, `b`.`secondaryId`, `b`.`desiredDiscountRate from bondora`.`investment_payload a LEFT JOIN bondora`.`secondary b ON a`.`loanPartId=b`.`loanPartId WHERE a`.`id=4768 and user="mehike" order by` `a`.`signedDate`, `a`.`auctionId`
DEBUG - 2016-09-19 06:39:04 --> SELECT *
FROM `select` `a`.*, `b`.`listedOnDate`, `b`.`xirr`, `b`.`secondaryId`, `b`.`desiredDiscountRate from bondora`.`investment_payload a LEFT JOIN bondora`.`secondary b ON a`.`loanPartId=b`.`loanPartId WHERE a`.`id=4769 and user="mehike" order by` `a`.`signedDate`, `a`.`auctionId`
DEBUG - 2016-09-19 06:39:04 --> SELECT *
FROM `select` `a`.*, `b`.`listedOnDate`, `b`.`xirr`, `b`.`secondaryId`, `b`.`desiredDiscountRate from bondora`.`investment_payload a LEFT JOIN bondora`.`secondary b ON a`.`loanPartId=b`.`loanPartId WHERE a`.`id=4771 and user="mehike" order by` `a`.`signedDate`, `a`.`auctionId`
DEBUG - 2016-09-19 06:39:11 --> Total execution time: 7.0754
DEBUG - 2016-09-19 06:39:11 --> UTF-8 Support Disabled
DEBUG - 2016-09-19 06:39:11 --> Global POST, GET and COOKIE data sanitized
ERROR - 2016-09-19 06:39:11 --> 404 Page Not Found: Investments/bootstrap
DEBUG - 2016-09-19 06:39:13 --> UTF-8 Support Disabled
DEBUG - 2016-09-19 06:39:13 --> Global POST, GET and COOKIE data sanitized
DEBUG - 2016-09-19 06:39:13 --> cURL Class Initialized
DEBUG - 2016-09-19 06:39:13 --> OAuth2 class already loaded. Second attempt ignored.
DEBUG - 2016-09-19 06:39:13 --> C:\xampp\htdocs\bondora\application\libraries/MY_Table.php exists, but does not declare MY_Table
DEBUG - 2016-09-19 06:39:13 --> Session class already loaded. Second attempt ignored.
DEBUG - 2016-09-19 06:39:13 --> SELECT *
FROM `select` `a`.*, `b`.`listedOnDate`, `b`.`xirr`, `b`.`secondaryId`, `b`.`desiredDiscountRate from bondora`.`investment_payload a LEFT JOIN bondora`.`secondary b ON a`.`loanPartId=b`.`loanPartId and a`.`user=b`.`user where a`.`user="mehike" order by` `a`.`signedDate`, `a`.`auctionId`
ERROR - 2016-09-19 06:39:13 --> Severity: Notice --> Undefined offset: 33 C:\xampp\htdocs\bondora\application\views\investments\index.php 880
ERROR - 2016-09-19 06:39:13 --> Severity: Notice --> Undefined offset: 35 C:\xampp\htdocs\bondora\application\views\investments\index.php 880
ERROR - 2016-09-19 06:39:13 --> Severity: Notice --> Undefined offset: 35 C:\xampp\htdocs\bondora\application\views\investments\index.php 880
ERROR - 2016-09-19 06:39:13 --> Severity: Notice --> Undefined offset: 35 C:\xampp\htdocs\bondora\application\views\investments\index.php 880
ERROR - 2016-09-19 06:39:13 --> Severity: Notice --> Undefined offset: 30 C:\xampp\htdocs\bondora\application\views\investments\index.php 880
ERROR - 2016-09-19 06:39:13 --> Severity: Notice --> Undefined offset: 33 C:\xampp\htdocs\bondora\application\views\investments\index.php 880
ERROR - 2016-09-19 06:39:13 --> Severity: Notice --> Undefined offset: 35 C:\xampp\htdocs\bondora\application\views\investments\index.php 880
ERROR - 2016-09-19 06:39:13 --> Severity: Notice --> Undefined offset: 35 C:\xampp\htdocs\bondora\application\views\investments\index.php 880
ERROR - 2016-09-19 06:39:13 --> Severity: Notice --> Undefined offset: 35 C:\xampp\htdocs\bondora\application\views\investments\index.php 880
ERROR - 2016-09-19 06:39:13 --> Severity: Notice --> Undefined offset: 33 C:\xampp\htdocs\bondora\application\views\investments\index.php 880
ERROR - 2016-09-19 06:39:13 --> Severity: Notice --> Undefined offset: 41 C:\xampp\htdocs\bondora\application\views\investments\index.php 880
ERROR - 2016-09-19 06:39:13 --> Severity: Notice --> Undefined offset: 30 C:\xampp\htdocs\bondora\application\views\investments\index.php 880
ERROR - 2016-09-19 06:39:13 --> Severity: Notice --> Undefined offset: 33 C:\xampp\htdocs\bondora\application\views\investments\index.php 880
ERROR - 2016-09-19 06:39:13 --> Severity: Notice --> Undefined offset: 33 C:\xampp\htdocs\bondora\application\views\investments\index.php 880
ERROR - 2016-09-19 06:39:13 --> Severity: Notice --> Undefined offset: 33 C:\xampp\htdocs\bondora\application\views\investments\index.php 880
DEBUG - 2016-09-19 06:39:13 --> Total execution time: 0.1050
DEBUG - 2016-09-19 06:39:13 --> UTF-8 Support Disabled
DEBUG - 2016-09-19 06:39:13 --> Global POST, GET and COOKIE data sanitized
ERROR - 2016-09-19 06:39:13 --> 404 Page Not Found: Investments/bootstrap
DEBUG - 2016-09-19 06:39:18 --> UTF-8 Support Disabled
DEBUG - 2016-09-19 06:39:18 --> Global POST, GET and COOKIE data sanitized
DEBUG - 2016-09-19 06:39:18 --> cURL Class Initialized
DEBUG - 2016-09-19 06:39:18 --> OAuth2 class already loaded. Second attempt ignored.
DEBUG - 2016-09-19 06:39:18 --> C:\xampp\htdocs\bondora\application\libraries/MY_Table.php exists, but does not declare MY_Table
DEBUG - 2016-09-19 06:39:18 --> Session class already loaded. Second attempt ignored.
DEBUG - 2016-09-19 06:39:19 --> SELECT *
FROM `select` `a`.*, `b`.`listedOnDate`, `b`.`xirr`, `b`.`secondaryId`, `b`.`desiredDiscountRate from bondora`.`investment_payload a LEFT JOIN bondora`.`secondary b ON a`.`loanPartId=b`.`loanPartId and a`.`user=b`.`user where a`.`user="mehike" order by` `a`.`signedDate`, `a`.`auctionId`
ERROR - 2016-09-19 06:39:19 --> Severity: Notice --> Undefined offset: 33 C:\xampp\htdocs\bondora\application\views\investments\index.php 880
ERROR - 2016-09-19 06:39:19 --> Severity: Notice --> Undefined offset: 35 C:\xampp\htdocs\bondora\application\views\investments\index.php 880
ERROR - 2016-09-19 06:39:19 --> Severity: Notice --> Undefined offset: 35 C:\xampp\htdocs\bondora\application\views\investments\index.php 880
ERROR - 2016-09-19 06:39:19 --> Severity: Notice --> Undefined offset: 35 C:\xampp\htdocs\bondora\application\views\investments\index.php 880
ERROR - 2016-09-19 06:39:19 --> Severity: Notice --> Undefined offset: 33 C:\xampp\htdocs\bondora\application\views\investments\index.php 880
ERROR - 2016-09-19 06:39:19 --> Severity: Notice --> Undefined offset: 35 C:\xampp\htdocs\bondora\application\views\investments\index.php 880
ERROR - 2016-09-19 06:39:19 --> Severity: Notice --> Undefined offset: 35 C:\xampp\htdocs\bondora\application\views\investments\index.php 880
ERROR - 2016-09-19 06:39:19 --> Severity: Notice --> Undefined offset: 35 C:\xampp\htdocs\bondora\application\views\investments\index.php 880
ERROR - 2016-09-19 06:39:19 --> Severity: Notice --> Undefined offset: 33 C:\xampp\htdocs\bondora\application\views\investments\index.php 880
ERROR - 2016-09-19 06:39:19 --> Severity: Notice --> Undefined offset: 41 C:\xampp\htdocs\bondora\application\views\investments\index.php 880
ERROR - 2016-09-19 06:39:19 --> Severity: Notice --> Undefined offset: 33 C:\xampp\htdocs\bondora\application\views\investments\index.php 880
ERROR - 2016-09-19 06:39:19 --> Severity: Notice --> Undefined offset: 33 C:\xampp\htdocs\bondora\application\views\investments\index.php 880
ERROR - 2016-09-19 06:39:19 --> Severity: Notice --> Undefined offset: 33 C:\xampp\htdocs\bondora\application\views\investments\index.php 880
DEBUG - 2016-09-19 06:39:19 --> Total execution time: 1.5481
DEBUG - 2016-09-19 06:39:19 --> UTF-8 Support Disabled
DEBUG - 2016-09-19 06:39:19 --> Global POST, GET and COOKIE data sanitized
ERROR - 2016-09-19 06:39:19 --> 404 Page Not Found: Investments/bootstrap
DEBUG - 2016-09-19 06:39:22 --> UTF-8 Support Disabled
DEBUG - 2016-09-19 06:39:22 --> Global POST, GET and COOKIE data sanitized
DEBUG - 2016-09-19 06:39:22 --> cURL Class Initialized
DEBUG - 2016-09-19 06:39:22 --> OAuth2 class already loaded. Second attempt ignored.
DEBUG - 2016-09-19 06:39:22 --> C:\xampp\htdocs\bondora\application\libraries/MY_Table.php exists, but does not declare MY_Table
DEBUG - 2016-09-19 06:39:22 --> Session class already loaded. Second attempt ignored.
DEBUG - 2016-09-19 06:39:23 --> Total execution time: 0.6800
DEBUG - 2016-09-19 06:39:23 --> UTF-8 Support Disabled
DEBUG - 2016-09-19 06:39:23 --> Global POST, GET and COOKIE data sanitized
DEBUG - 2016-09-19 06:39:23 --> cURL Class Initialized
DEBUG - 2016-09-19 06:39:23 --> OAuth2 class already loaded. Second attempt ignored.
DEBUG - 2016-09-19 06:39:23 --> C:\xampp\htdocs\bondora\application\libraries/MY_Table.php exists, but does not declare MY_Table
DEBUG - 2016-09-19 06:39:23 --> Session class already loaded. Second attempt ignored.
DEBUG - 2016-09-19 06:39:23 --> Total execution time: 0.5480
DEBUG - 2016-09-19 06:39:31 --> UTF-8 Support Disabled
DEBUG - 2016-09-19 06:39:31 --> Global POST, GET and COOKIE data sanitized
DEBUG - 2016-09-19 06:39:31 --> cURL Class Initialized
DEBUG - 2016-09-19 06:39:31 --> OAuth2 class already loaded. Second attempt ignored.
DEBUG - 2016-09-19 06:39:31 --> C:\xampp\htdocs\bondora\application\libraries/MY_Table.php exists, but does not declare MY_Table
DEBUG - 2016-09-19 06:39:31 --> Session class already loaded. Second attempt ignored.
DEBUG - 2016-09-19 06:39:31 --> SELECT *
FROM `select` `a`.*, `b`.`listedOnDate`, `b`.`xirr`, `b`.`secondaryId`, `b`.`desiredDiscountRate from bondora`.`investment_payload a LEFT JOIN bondora`.`secondary b ON a`.`loanPartId=b`.`loanPartId WHERE a`.`id=4779 and user="mehike" order by` `a`.`signedDate`, `a`.`auctionId`
DEBUG - 2016-09-19 06:39:32 --> Total execution time: 1.2811
DEBUG - 2016-09-19 06:39:32 --> UTF-8 Support Disabled
DEBUG - 2016-09-19 06:39:32 --> Global POST, GET and COOKIE data sanitized
ERROR - 2016-09-19 06:39:32 --> 404 Page Not Found: Investments/bootstrap
DEBUG - 2016-09-19 06:39:34 --> UTF-8 Support Disabled
DEBUG - 2016-09-19 06:39:34 --> Global POST, GET and COOKIE data sanitized
DEBUG - 2016-09-19 06:39:34 --> cURL Class Initialized
DEBUG - 2016-09-19 06:39:34 --> OAuth2 class already loaded. Second attempt ignored.
DEBUG - 2016-09-19 06:39:34 --> C:\xampp\htdocs\bondora\application\libraries/MY_Table.php exists, but does not declare MY_Table
DEBUG - 2016-09-19 06:39:34 --> Session class already loaded. Second attempt ignored.
DEBUG - 2016-09-19 06:39:34 --> SELECT *
FROM `select` `a`.*, `b`.`listedOnDate`, `b`.`xirr`, `b`.`secondaryId`, `b`.`desiredDiscountRate from bondora`.`investment_payload a LEFT JOIN bondora`.`secondary b ON a`.`loanPartId=b`.`loanPartId and a`.`user=b`.`user where a`.`user="mehike" order by` `a`.`signedDate`, `a`.`auctionId`
ERROR - 2016-09-19 06:39:34 --> Severity: Notice --> Undefined offset: 33 C:\xampp\htdocs\bondora\application\views\investments\index.php 880
ERROR - 2016-09-19 06:39:34 --> Severity: Notice --> Undefined offset: 35 C:\xampp\htdocs\bondora\application\views\investments\index.php 880
ERROR - 2016-09-19 06:39:34 --> Severity: Notice --> Undefined offset: 35 C:\xampp\htdocs\bondora\application\views\investments\index.php 880
ERROR - 2016-09-19 06:39:34 --> Severity: Notice --> Undefined offset: 35 C:\xampp\htdocs\bondora\application\views\investments\index.php 880
ERROR - 2016-09-19 06:39:34 --> Severity: Notice --> Undefined offset: 30 C:\xampp\htdocs\bondora\application\views\investments\index.php 880
ERROR - 2016-09-19 06:39:34 --> Severity: Notice --> Undefined offset: 33 C:\xampp\htdocs\bondora\application\views\investments\index.php 880
ERROR - 2016-09-19 06:39:34 --> Severity: Notice --> Undefined offset: 35 C:\xampp\htdocs\bondora\application\views\investments\index.php 880
ERROR - 2016-09-19 06:39:34 --> Severity: Notice --> Undefined offset: 35 C:\xampp\htdocs\bondora\application\views\investments\index.php 880
ERROR - 2016-09-19 06:39:34 --> Severity: Notice --> Undefined offset: 35 C:\xampp\htdocs\bondora\application\views\investments\index.php 880
ERROR - 2016-09-19 06:39:34 --> Severity: Notice --> Undefined offset: 33 C:\xampp\htdocs\bondora\application\views\investments\index.php 880
ERROR - 2016-09-19 06:39:34 --> Severity: Notice --> Undefined offset: 41 C:\xampp\htdocs\bondora\application\views\investments\index.php 880
ERROR - 2016-09-19 06:39:34 --> Severity: Notice --> Undefined offset: 30 C:\xampp\htdocs\bondora\application\views\investments\index.php 880
ERROR - 2016-09-19 06:39:34 --> Severity: Notice --> Undefined offset: 33 C:\xampp\htdocs\bondora\application\views\investments\index.php 880
ERROR - 2016-09-19 06:39:34 --> Severity: Notice --> Undefined offset: 33 C:\xampp\htdocs\bondora\application\views\investments\index.php 880
ERROR - 2016-09-19 06:39:34 --> Severity: Notice --> Undefined offset: 33 C:\xampp\htdocs\bondora\application\views\investments\index.php 880
DEBUG - 2016-09-19 06:39:34 --> Total execution time: 0.1010
DEBUG - 2016-09-19 06:39:34 --> UTF-8 Support Disabled
DEBUG - 2016-09-19 06:39:34 --> Global POST, GET and COOKIE data sanitized
ERROR - 2016-09-19 06:39:34 --> 404 Page Not Found: Investments/bootstrap
DEBUG - 2016-09-19 06:39:36 --> UTF-8 Support Disabled
DEBUG - 2016-09-19 06:39:36 --> Global POST, GET and COOKIE data sanitized
DEBUG - 2016-09-19 06:39:36 --> cURL Class Initialized
DEBUG - 2016-09-19 06:39:36 --> OAuth2 class already loaded. Second attempt ignored.
DEBUG - 2016-09-19 06:39:36 --> C:\xampp\htdocs\bondora\application\libraries/MY_Table.php exists, but does not declare MY_Table
DEBUG - 2016-09-19 06:39:36 --> Session class already loaded. Second attempt ignored.
DEBUG - 2016-09-19 06:39:37 --> SELECT *
FROM `select` `a`.*, `b`.`listedOnDate`, `b`.`xirr`, `b`.`secondaryId`, `b`.`desiredDiscountRate from bondora`.`investment_payload a LEFT JOIN bondora`.`secondary b ON a`.`loanPartId=b`.`loanPartId and a`.`user=b`.`user where a`.`user="mehike" order by` `a`.`signedDate`, `a`.`auctionId`
ERROR - 2016-09-19 06:39:37 --> Severity: Notice --> Undefined offset: 33 C:\xampp\htdocs\bondora\application\views\investments\index.php 880
ERROR - 2016-09-19 06:39:37 --> Severity: Notice --> Undefined offset: 35 C:\xampp\htdocs\bondora\application\views\investments\index.php 880
ERROR - 2016-09-19 06:39:37 --> Severity: Notice --> Undefined offset: 35 C:\xampp\htdocs\bondora\application\views\investments\index.php 880
ERROR - 2016-09-19 06:39:37 --> Severity: Notice --> Undefined offset: 35 C:\xampp\htdocs\bondora\application\views\investments\index.php 880
ERROR - 2016-09-19 06:39:37 --> Severity: Notice --> Undefined offset: 33 C:\xampp\htdocs\bondora\application\views\investments\index.php 880
ERROR - 2016-09-19 06:39:37 --> Severity: Notice --> Undefined offset: 35 C:\xampp\htdocs\bondora\application\views\investments\index.php 880
DEBUG - 2016-09-19 06:39:37 --> UTF-8 Support Disabled
ERROR - 2016-09-19 06:39:37 --> Severity: Notice --> Undefined offset: 35 C:\xampp\htdocs\bondora\application\views\investments\index.php 880
ERROR - 2016-09-19 06:39:37 --> Severity: Notice --> Undefined offset: 35 C:\xampp\htdocs\bondora\application\views\investments\index.php 880
ERROR - 2016-09-19 06:39:37 --> Severity: Notice --> Undefined offset: 33 C:\xampp\htdocs\bondora\application\views\investments\index.php 880
ERROR - 2016-09-19 06:39:37 --> Severity: Notice --> Undefined offset: 41 C:\xampp\htdocs\bondora\application\views\investments\index.php 880
ERROR - 2016-09-19 06:39:37 --> Severity: Notice --> Undefined offset: 33 C:\xampp\htdocs\bondora\application\views\investments\index.php 880
ERROR - 2016-09-19 06:39:37 --> Severity: Notice --> Undefined offset: 33 C:\xampp\htdocs\bondora\application\views\investments\index.php 880
ERROR - 2016-09-19 06:39:37 --> Severity: Notice --> Undefined offset: 33 C:\xampp\htdocs\bondora\application\views\investments\index.php 880
DEBUG - 2016-09-19 06:39:37 --> Global POST, GET and COOKIE data sanitized
DEBUG - 2016-09-19 06:39:37 --> Total execution time: 1.0771
DEBUG - 2016-09-19 06:39:37 --> cURL Class Initialized
DEBUG - 2016-09-19 06:39:37 --> OAuth2 class already loaded. Second attempt ignored.
DEBUG - 2016-09-19 06:39:37 --> C:\xampp\htdocs\bondora\application\libraries/MY_Table.php exists, but does not declare MY_Table
DEBUG - 2016-09-19 06:39:37 --> Session class already loaded. Second attempt ignored.
DEBUG - 2016-09-19 06:39:37 --> UTF-8 Support Disabled
DEBUG - 2016-09-19 06:39:37 --> Global POST, GET and COOKIE data sanitized
ERROR - 2016-09-19 06:39:37 --> 404 Page Not Found: Investments/bootstrap
DEBUG - 2016-09-19 06:39:38 --> SELECT *
FROM `select` `a`.*, `b`.`listedOnDate`, `b`.`xirr`, `b`.`secondaryId`, `b`.`desiredDiscountRate from bondora`.`investment_payload a LEFT JOIN bondora`.`secondary b ON a`.`loanPartId=b`.`loanPartId and a`.`user=b`.`user where a`.`user="mehike" order by` `a`.`signedDate`, `a`.`auctionId`
ERROR - 2016-09-19 06:39:38 --> Severity: Notice --> Undefined offset: 33 C:\xampp\htdocs\bondora\application\views\investments\index.php 880
ERROR - 2016-09-19 06:39:38 --> Severity: Notice --> Undefined offset: 35 C:\xampp\htdocs\bondora\application\views\investments\index.php 880
ERROR - 2016-09-19 06:39:38 --> Severity: Notice --> Undefined offset: 35 C:\xampp\htdocs\bondora\application\views\investments\index.php 880
ERROR - 2016-09-19 06:39:38 --> Severity: Notice --> Undefined offset: 35 C:\xampp\htdocs\bondora\application\views\investments\index.php 880
ERROR - 2016-09-19 06:39:38 --> Severity: Notice --> Undefined offset: 33 C:\xampp\htdocs\bondora\application\views\investments\index.php 880
ERROR - 2016-09-19 06:39:38 --> Severity: Notice --> Undefined offset: 35 C:\xampp\htdocs\bondora\application\views\investments\index.php 880
ERROR - 2016-09-19 06:39:38 --> Severity: Notice --> Undefined offset: 35 C:\xampp\htdocs\bondora\application\views\investments\index.php 880
ERROR - 2016-09-19 06:39:38 --> Severity: Notice --> Undefined offset: 35 C:\xampp\htdocs\bondora\application\views\investments\index.php 880
ERROR - 2016-09-19 06:39:38 --> Severity: Notice --> Undefined offset: 33 C:\xampp\htdocs\bondora\application\views\investments\index.php 880
ERROR - 2016-09-19 06:39:38 --> Severity: Notice --> Undefined offset: 41 C:\xampp\htdocs\bondora\application\views\investments\index.php 880
ERROR - 2016-09-19 06:39:38 --> Severity: Notice --> Undefined offset: 33 C:\xampp\htdocs\bondora\application\views\investments\index.php 880
ERROR - 2016-09-19 06:39:38 --> Severity: Notice --> Undefined offset: 33 C:\xampp\htdocs\bondora\application\views\investments\index.php 880
ERROR - 2016-09-19 06:39:38 --> Severity: Notice --> Undefined offset: 33 C:\xampp\htdocs\bondora\application\views\investments\index.php 880
DEBUG - 2016-09-19 06:39:38 --> Total execution time: 0.6500
DEBUG - 2016-09-19 06:39:38 --> UTF-8 Support Disabled
DEBUG - 2016-09-19 06:39:38 --> Global POST, GET and COOKIE data sanitized
ERROR - 2016-09-19 06:39:38 --> 404 Page Not Found: Investments/bootstrap
DEBUG - 2016-09-19 13:19:57 --> UTF-8 Support Disabled
DEBUG - 2016-09-19 13:19:57 --> Global POST, GET and COOKIE data sanitized
DEBUG - 2016-09-19 13:19:57 --> cURL Class Initialized
DEBUG - 2016-09-19 13:19:57 --> OAuth2 class already loaded. Second attempt ignored.
DEBUG - 2016-09-19 13:19:57 --> C:\xampp\htdocs\bondora\application\libraries/MY_Table.php exists, but does not declare MY_Table
DEBUG - 2016-09-19 13:19:57 --> Session class already loaded. Second attempt ignored.
DEBUG - 2016-09-19 13:19:57 --> UTF-8 Support Disabled
DEBUG - 2016-09-19 13:19:57 --> Global POST, GET and COOKIE data sanitized
DEBUG - 2016-09-19 13:19:57 --> cURL Class Initialized
DEBUG - 2016-09-19 13:19:57 --> OAuth2 class already loaded. Second attempt ignored.
DEBUG - 2016-09-19 13:19:57 --> Session class already loaded. Second attempt ignored.
DEBUG - 2016-09-19 13:19:57 --> Total execution time: 0.0990
