DEBUG - 2016-07-13 07:16:31 --> UTF-8 Support Disabled
DEBUG - 2016-07-13 07:16:31 --> Global POST, GET and COOKIE data sanitized
DEBUG - 2016-07-13 07:16:31 --> cURL Class Initialized
DEBUG - 2016-07-13 07:16:31 --> OAuth2 class already loaded. Second attempt ignored.
DEBUG - 2016-07-13 07:16:31 --> Session class already loaded. Second attempt ignored.
DEBUG - 2016-07-13 07:16:31 --> Total execution time: 0.2861
DEBUG - 2016-07-13 07:16:31 --> UTF-8 Support Disabled
DEBUG - 2016-07-13 07:16:31 --> Global POST, GET and COOKIE data sanitized
ERROR - 2016-07-13 07:16:31 --> 404 Page Not Found: User/bootstrap
DEBUG - 2016-07-13 07:16:41 --> UTF-8 Support Disabled
DEBUG - 2016-07-13 07:16:41 --> Global POST, GET and COOKIE data sanitized
DEBUG - 2016-07-13 07:16:41 --> cURL Class Initialized
DEBUG - 2016-07-13 07:16:41 --> OAuth2 class already loaded. Second attempt ignored.
DEBUG - 2016-07-13 07:16:41 --> Session class already loaded. Second attempt ignored.
DEBUG - 2016-07-13 07:16:41 --> UTF-8 Support Disabled
DEBUG - 2016-07-13 07:16:41 --> Global POST, GET and COOKIE data sanitized
DEBUG - 2016-07-13 07:16:41 --> cURL Class Initialized
DEBUG - 2016-07-13 07:16:41 --> OAuth2 class already loaded. Second attempt ignored.
DEBUG - 2016-07-13 07:16:42 --> C:\xampp\htdocs\bondora\application\libraries/MY_Table.php exists, but does not declare MY_Table
DEBUG - 2016-07-13 07:16:42 --> Session class already loaded. Second attempt ignored.
DEBUG - 2016-07-13 07:16:42 --> SELECT *
FROM `select` `a`.*, `b`.`statusCode from auction_payload a LEFT JOIN bid_payload b ON a`.`auctionId=b`.`auctionId and a`.`user=b`.`userName where` `user="mehike"`
DEBUG - 2016-07-13 07:16:42 --> Total execution time: 0.1250
DEBUG - 2016-07-13 07:16:42 --> UTF-8 Support Disabled
DEBUG - 2016-07-13 07:16:42 --> Global POST, GET and COOKIE data sanitized
ERROR - 2016-07-13 07:16:42 --> 404 Page Not Found: Auctions/bootstrap
DEBUG - 2016-07-13 07:16:44 --> UTF-8 Support Disabled
DEBUG - 2016-07-13 07:16:44 --> Global POST, GET and COOKIE data sanitized
DEBUG - 2016-07-13 07:16:44 --> cURL Class Initialized
DEBUG - 2016-07-13 07:16:44 --> OAuth2 class already loaded. Second attempt ignored.
DEBUG - 2016-07-13 07:16:44 --> C:\xampp\htdocs\bondora\application\libraries/MY_Table.php exists, but does not declare MY_Table
DEBUG - 2016-07-13 07:16:44 --> Session class already loaded. Second attempt ignored.
DEBUG - 2016-07-13 07:16:44 --> UTF-8 Support Disabled
DEBUG - 2016-07-13 07:16:44 --> Global POST, GET and COOKIE data sanitized
DEBUG - 2016-07-13 07:16:44 --> cURL Class Initialized
DEBUG - 2016-07-13 07:16:44 --> OAuth2 class already loaded. Second attempt ignored.
DEBUG - 2016-07-13 07:16:56 --> UTF-8 Support Disabled
DEBUG - 2016-07-13 07:16:56 --> Global POST, GET and COOKIE data sanitized
DEBUG - 2016-07-13 07:16:56 --> cURL Class Initialized
DEBUG - 2016-07-13 07:16:56 --> OAuth2 class already loaded. Second attempt ignored.
DEBUG - 2016-07-13 07:16:57 --> UTF-8 Support Disabled
DEBUG - 2016-07-13 07:16:57 --> Global POST, GET and COOKIE data sanitized
DEBUG - 2016-07-13 07:16:57 --> cURL Class Initialized
DEBUG - 2016-07-13 07:16:57 --> OAuth2 class already loaded. Second attempt ignored.
DEBUG - 2016-07-13 07:17:01 --> UTF-8 Support Disabled
DEBUG - 2016-07-13 07:17:01 --> Global POST, GET and COOKIE data sanitized
DEBUG - 2016-07-13 07:17:01 --> cURL Class Initialized
DEBUG - 2016-07-13 07:17:01 --> OAuth2 class already loaded. Second attempt ignored.
ERROR - 2016-07-13 07:17:23 --> Severity: Warning --> file_get_contents(https://api.bondora.com/oauth/access_token): failed to open stream: A connection attempt failed because the connected party did not properly respond after a period of time, or established connection failed because connected host has failed to respond.
 C:\xampp\htdocs\bondora\sparks\oauth2\0.4.0\libraries\Provider.php 245
ERROR - 2016-07-13 07:17:23 --> Severity: Warning --> get_object_vars() expects parameter 1 to be object, null given C:\xampp\htdocs\bondora\sparks\oauth2\0.4.0\libraries\Provider.php 250
ERROR - 2016-07-13 07:17:23 --> Severity: error --> Exception: Required option not passed: access_token
 C:\xampp\htdocs\bondora\sparks\oauth2\0.4.0\libraries\Token\Access.php 46
DEBUG - 2016-07-13 07:17:25 --> UTF-8 Support Disabled
DEBUG - 2016-07-13 07:17:25 --> Global POST, GET and COOKIE data sanitized
DEBUG - 2016-07-13 07:17:25 --> cURL Class Initialized
DEBUG - 2016-07-13 07:17:25 --> OAuth2 class already loaded. Second attempt ignored.
DEBUG - 2016-07-13 07:17:25 --> C:\xampp\htdocs\bondora\application\libraries/MY_Table.php exists, but does not declare MY_Table
DEBUG - 2016-07-13 07:17:25 --> Session class already loaded. Second attempt ignored.
DEBUG - 2016-07-13 07:17:25 --> SELECT *
FROM `select` `a`.*, `b`.`statusCode from auction_payload a LEFT JOIN bid_payload b ON a`.`auctionId=b`.`auctionId and a`.`user=b`.`userName where` `user="mehike"`
DEBUG - 2016-07-13 07:17:25 --> Total execution time: 0.0960
DEBUG - 2016-07-13 07:17:25 --> UTF-8 Support Disabled
DEBUG - 2016-07-13 07:17:25 --> Global POST, GET and COOKIE data sanitized
ERROR - 2016-07-13 07:17:25 --> 404 Page Not Found: Auctions/bootstrap
DEBUG - 2016-07-13 07:17:28 --> UTF-8 Support Disabled
DEBUG - 2016-07-13 07:17:28 --> Global POST, GET and COOKIE data sanitized
DEBUG - 2016-07-13 07:17:28 --> cURL Class Initialized
DEBUG - 2016-07-13 07:17:28 --> OAuth2 class already loaded. Second attempt ignored.
DEBUG - 2016-07-13 07:17:28 --> C:\xampp\htdocs\bondora\application\libraries/MY_Table.php exists, but does not declare MY_Table
DEBUG - 2016-07-13 07:17:28 --> Session class already loaded. Second attempt ignored.
DEBUG - 2016-07-13 07:17:28 --> UTF-8 Support Disabled
DEBUG - 2016-07-13 07:17:28 --> Global POST, GET and COOKIE data sanitized
DEBUG - 2016-07-13 07:17:28 --> cURL Class Initialized
DEBUG - 2016-07-13 07:17:28 --> OAuth2 class already loaded. Second attempt ignored.
DEBUG - 2016-07-13 07:17:29 --> UTF-8 Support Disabled
DEBUG - 2016-07-13 07:17:29 --> Global POST, GET and COOKIE data sanitized
DEBUG - 2016-07-13 07:17:29 --> cURL Class Initialized
DEBUG - 2016-07-13 07:17:29 --> OAuth2 class already loaded. Second attempt ignored.
DEBUG - 2016-07-13 07:17:30 --> UTF-8 Support Disabled
DEBUG - 2016-07-13 07:17:30 --> Global POST, GET and COOKIE data sanitized
DEBUG - 2016-07-13 07:17:30 --> cURL Class Initialized
DEBUG - 2016-07-13 07:17:30 --> OAuth2 class already loaded. Second attempt ignored.
DEBUG - 2016-07-13 07:17:30 --> UTF-8 Support Disabled
DEBUG - 2016-07-13 07:17:30 --> Global POST, GET and COOKIE data sanitized
DEBUG - 2016-07-13 07:17:30 --> cURL Class Initialized
DEBUG - 2016-07-13 07:17:30 --> OAuth2 class already loaded. Second attempt ignored.
DEBUG - 2016-07-13 07:17:30 --> C:\xampp\htdocs\bondora\application\libraries/MY_Table.php exists, but does not declare MY_Table
DEBUG - 2016-07-13 07:17:30 --> Session class already loaded. Second attempt ignored.
DEBUG - 2016-07-13 07:17:30 --> SELECT *
FROM `select` `a`.*, `b`.`statusCode from auction_payload a LEFT JOIN bid_payload b ON a`.`auctionId=b`.`auctionId and a`.`user=b`.`userName where` `user="mehike"`
DEBUG - 2016-07-13 07:17:30 --> Total execution time: 0.0840
DEBUG - 2016-07-13 07:17:30 --> UTF-8 Support Disabled
DEBUG - 2016-07-13 07:17:30 --> Global POST, GET and COOKIE data sanitized
ERROR - 2016-07-13 07:17:30 --> 404 Page Not Found: Auctions/bootstrap
DEBUG - 2016-07-13 07:17:35 --> UTF-8 Support Disabled
DEBUG - 2016-07-13 07:17:35 --> Global POST, GET and COOKIE data sanitized
DEBUG - 2016-07-13 07:17:35 --> cURL Class Initialized
DEBUG - 2016-07-13 07:17:35 --> OAuth2 class already loaded. Second attempt ignored.
DEBUG - 2016-07-13 07:17:35 --> C:\xampp\htdocs\bondora\application\libraries/MY_Table.php exists, but does not declare MY_Table
DEBUG - 2016-07-13 07:17:35 --> Session class already loaded. Second attempt ignored.
DEBUG - 2016-07-13 07:17:35 --> UTF-8 Support Disabled
DEBUG - 2016-07-13 07:17:35 --> Global POST, GET and COOKIE data sanitized
DEBUG - 2016-07-13 07:17:35 --> cURL Class Initialized
DEBUG - 2016-07-13 07:17:35 --> OAuth2 class already loaded. Second attempt ignored.
DEBUG - 2016-07-13 07:17:36 --> UTF-8 Support Disabled
DEBUG - 2016-07-13 07:17:36 --> Global POST, GET and COOKIE data sanitized
DEBUG - 2016-07-13 07:17:36 --> cURL Class Initialized
DEBUG - 2016-07-13 07:17:36 --> OAuth2 class already loaded. Second attempt ignored.
DEBUG - 2016-07-13 07:17:36 --> UTF-8 Support Disabled
DEBUG - 2016-07-13 07:17:36 --> Global POST, GET and COOKIE data sanitized
DEBUG - 2016-07-13 07:17:36 --> cURL Class Initialized
DEBUG - 2016-07-13 07:17:36 --> OAuth2 class already loaded. Second attempt ignored.
DEBUG - 2016-07-13 07:17:36 --> C:\xampp\htdocs\bondora\application\libraries/MY_Table.php exists, but does not declare MY_Table
DEBUG - 2016-07-13 07:17:36 --> Session class already loaded. Second attempt ignored.
DEBUG - 2016-07-13 07:17:36 --> SELECT *
FROM `select` `a`.*, `b`.`statusCode from auction_payload a LEFT JOIN bid_payload b ON a`.`auctionId=b`.`auctionId and a`.`user=b`.`userName where` `user="mehike"`
DEBUG - 2016-07-13 07:17:36 --> Total execution time: 0.0780
DEBUG - 2016-07-13 07:17:36 --> UTF-8 Support Disabled
DEBUG - 2016-07-13 07:17:36 --> Global POST, GET and COOKIE data sanitized
ERROR - 2016-07-13 07:17:36 --> 404 Page Not Found: Auctions/bootstrap
DEBUG - 2016-07-13 07:17:38 --> UTF-8 Support Disabled
DEBUG - 2016-07-13 07:17:38 --> Global POST, GET and COOKIE data sanitized
DEBUG - 2016-07-13 07:17:38 --> cURL Class Initialized
DEBUG - 2016-07-13 07:17:38 --> OAuth2 class already loaded. Second attempt ignored.
DEBUG - 2016-07-13 07:17:38 --> C:\xampp\htdocs\bondora\application\libraries/MY_Table.php exists, but does not declare MY_Table
DEBUG - 2016-07-13 07:17:38 --> Session class already loaded. Second attempt ignored.
DEBUG - 2016-07-13 07:17:38 --> UTF-8 Support Disabled
DEBUG - 2016-07-13 07:17:38 --> Global POST, GET and COOKIE data sanitized
DEBUG - 2016-07-13 07:17:38 --> cURL Class Initialized
DEBUG - 2016-07-13 07:17:38 --> OAuth2 class already loaded. Second attempt ignored.
DEBUG - 2016-07-13 07:17:39 --> UTF-8 Support Disabled
DEBUG - 2016-07-13 07:17:39 --> Global POST, GET and COOKIE data sanitized
DEBUG - 2016-07-13 07:17:39 --> cURL Class Initialized
DEBUG - 2016-07-13 07:17:39 --> OAuth2 class already loaded. Second attempt ignored.
DEBUG - 2016-07-13 07:17:41 --> UTF-8 Support Disabled
DEBUG - 2016-07-13 07:17:41 --> Global POST, GET and COOKIE data sanitized
DEBUG - 2016-07-13 07:17:41 --> cURL Class Initialized
DEBUG - 2016-07-13 07:17:41 --> OAuth2 class already loaded. Second attempt ignored.
DEBUG - 2016-07-13 07:17:42 --> UTF-8 Support Disabled
DEBUG - 2016-07-13 07:17:42 --> Global POST, GET and COOKIE data sanitized
DEBUG - 2016-07-13 07:17:42 --> cURL Class Initialized
DEBUG - 2016-07-13 07:17:42 --> OAuth2 class already loaded. Second attempt ignored.
DEBUG - 2016-07-13 07:17:44 --> UTF-8 Support Disabled
DEBUG - 2016-07-13 07:17:44 --> Global POST, GET and COOKIE data sanitized
DEBUG - 2016-07-13 07:17:44 --> cURL Class Initialized
DEBUG - 2016-07-13 07:17:44 --> OAuth2 class already loaded. Second attempt ignored.
DEBUG - 2016-07-13 07:17:44 --> C:\xampp\htdocs\bondora\application\libraries/MY_Table.php exists, but does not declare MY_Table
DEBUG - 2016-07-13 07:17:44 --> Session class already loaded. Second attempt ignored.
DEBUG - 2016-07-13 07:17:44 --> UTF-8 Support Disabled
DEBUG - 2016-07-13 07:17:44 --> Global POST, GET and COOKIE data sanitized
DEBUG - 2016-07-13 07:17:44 --> cURL Class Initialized
DEBUG - 2016-07-13 07:17:44 --> OAuth2 class already loaded. Second attempt ignored.
DEBUG - 2016-07-13 07:17:44 --> UTF-8 Support Disabled
DEBUG - 2016-07-13 07:17:44 --> Global POST, GET and COOKIE data sanitized
DEBUG - 2016-07-13 07:17:45 --> cURL Class Initialized
DEBUG - 2016-07-13 07:17:45 --> OAuth2 class already loaded. Second attempt ignored.
DEBUG - 2016-07-13 07:17:45 --> C:\xampp\htdocs\bondora\application\libraries/MY_Table.php exists, but does not declare MY_Table
DEBUG - 2016-07-13 07:17:45 --> Session class already loaded. Second attempt ignored.
DEBUG - 2016-07-13 07:17:45 --> SELECT *
FROM `select` `a`.*, `b`.`statusCode from auction_payload a LEFT JOIN bid_payload b ON a`.`auctionId=b`.`auctionId and a`.`user=b`.`userName where` `user="mehike"`
DEBUG - 2016-07-13 07:17:45 --> Total execution time: 0.4201
DEBUG - 2016-07-13 07:17:45 --> UTF-8 Support Disabled
DEBUG - 2016-07-13 07:17:45 --> Global POST, GET and COOKIE data sanitized
ERROR - 2016-07-13 07:17:45 --> 404 Page Not Found: Auctions/bootstrap
DEBUG - 2016-07-13 07:17:49 --> UTF-8 Support Disabled
DEBUG - 2016-07-13 07:17:49 --> Global POST, GET and COOKIE data sanitized
DEBUG - 2016-07-13 07:17:49 --> cURL Class Initialized
DEBUG - 2016-07-13 07:17:49 --> OAuth2 class already loaded. Second attempt ignored.
DEBUG - 2016-07-13 07:17:49 --> C:\xampp\htdocs\bondora\application\libraries/MY_Table.php exists, but does not declare MY_Table
DEBUG - 2016-07-13 07:17:49 --> Session class already loaded. Second attempt ignored.
DEBUG - 2016-07-13 07:17:49 --> SELECT *
FROM `select` `a`.*, `b`.`listedOnDate`, `b`.`xirr`, `b`.`secondaryId`, `b`.`desiredDiscountRate from bondora`.`investment_payload a LEFT JOIN bondora`.`secondary b ON a`.`loanPartId=b`.`loanPartId and a`.`user=b`.`user where a`.`user="mehike" order by` `a`.`signedDate`, `a`.`auctionId`
ERROR - 2016-07-13 07:17:49 --> Severity: Notice --> Undefined offset: 33 C:\xampp\htdocs\bondora\application\views\investments\index.php 880
ERROR - 2016-07-13 07:17:49 --> Severity: Notice --> Undefined offset: 33 C:\xampp\htdocs\bondora\application\views\investments\index.php 880
ERROR - 2016-07-13 07:17:49 --> Severity: Notice --> Undefined offset: 33 C:\xampp\htdocs\bondora\application\views\investments\index.php 880
ERROR - 2016-07-13 07:17:49 --> Severity: Notice --> Undefined offset: 32 C:\xampp\htdocs\bondora\application\views\investments\index.php 880
ERROR - 2016-07-13 07:17:49 --> Severity: Notice --> Undefined offset: 33 C:\xampp\htdocs\bondora\application\views\investments\index.php 880
ERROR - 2016-07-13 07:17:49 --> Severity: Notice --> Undefined offset: 31 C:\xampp\htdocs\bondora\application\views\investments\index.php 880
ERROR - 2016-07-13 07:17:49 --> Severity: Notice --> Undefined offset: 33 C:\xampp\htdocs\bondora\application\views\investments\index.php 880
ERROR - 2016-07-13 07:17:49 --> Severity: Notice --> Undefined offset: 33 C:\xampp\htdocs\bondora\application\views\investments\index.php 880
ERROR - 2016-07-13 07:17:49 --> Severity: Notice --> Undefined offset: 31 C:\xampp\htdocs\bondora\application\views\investments\index.php 880
ERROR - 2016-07-13 07:17:49 --> Severity: Notice --> Undefined offset: 30 C:\xampp\htdocs\bondora\application\views\investments\index.php 880
ERROR - 2016-07-13 07:17:49 --> Severity: Notice --> Undefined offset: 31 C:\xampp\htdocs\bondora\application\views\investments\index.php 880
ERROR - 2016-07-13 07:17:49 --> Severity: Notice --> Undefined offset: 31 C:\xampp\htdocs\bondora\application\views\investments\index.php 880
ERROR - 2016-07-13 07:17:49 --> Severity: Notice --> Undefined offset: 32 C:\xampp\htdocs\bondora\application\views\investments\index.php 880
ERROR - 2016-07-13 07:17:49 --> Severity: Notice --> Undefined offset: 33 C:\xampp\htdocs\bondora\application\views\investments\index.php 880
ERROR - 2016-07-13 07:17:49 --> Severity: Notice --> Undefined offset: 33 C:\xampp\htdocs\bondora\application\views\investments\index.php 880
ERROR - 2016-07-13 07:17:49 --> Severity: Notice --> Undefined offset: 33 C:\xampp\htdocs\bondora\application\views\investments\index.php 880
ERROR - 2016-07-13 07:17:49 --> Severity: Notice --> Undefined offset: 33 C:\xampp\htdocs\bondora\application\views\investments\index.php 880
ERROR - 2016-07-13 07:17:49 --> Severity: Notice --> Undefined offset: 41 C:\xampp\htdocs\bondora\application\views\investments\index.php 880
ERROR - 2016-07-13 07:17:49 --> Severity: Notice --> Undefined offset: 30 C:\xampp\htdocs\bondora\application\views\investments\index.php 880
ERROR - 2016-07-13 07:17:49 --> Severity: Notice --> Undefined offset: 31 C:\xampp\htdocs\bondora\application\views\investments\index.php 880
ERROR - 2016-07-13 07:17:49 --> Severity: Notice --> Undefined offset: 32 C:\xampp\htdocs\bondora\application\views\investments\index.php 880
ERROR - 2016-07-13 07:17:49 --> Severity: Notice --> Undefined offset: 33 C:\xampp\htdocs\bondora\application\views\investments\index.php 880
ERROR - 2016-07-13 07:17:49 --> Severity: Notice --> Undefined offset: 31 C:\xampp\htdocs\bondora\application\views\investments\index.php 880
DEBUG - 2016-07-13 07:17:49 --> Total execution time: 0.1000
DEBUG - 2016-07-13 07:17:49 --> UTF-8 Support Disabled
DEBUG - 2016-07-13 07:17:49 --> Global POST, GET and COOKIE data sanitized
ERROR - 2016-07-13 07:17:49 --> 404 Page Not Found: Investments/bootstrap
DEBUG - 2016-07-13 07:17:50 --> UTF-8 Support Disabled
DEBUG - 2016-07-13 07:17:50 --> Global POST, GET and COOKIE data sanitized
DEBUG - 2016-07-13 07:17:50 --> cURL Class Initialized
DEBUG - 2016-07-13 07:17:50 --> OAuth2 class already loaded. Second attempt ignored.
DEBUG - 2016-07-13 07:17:50 --> C:\xampp\htdocs\bondora\application\libraries/MY_Table.php exists, but does not declare MY_Table
DEBUG - 2016-07-13 07:17:50 --> Session class already loaded. Second attempt ignored.
DEBUG - 2016-07-13 07:17:52 --> SELECT *
FROM `select` `a`.*, `b`.`listedOnDate`, `b`.`xirr`, `b`.`secondaryId`, `b`.`desiredDiscountRate from bondora`.`investment_payload a LEFT JOIN bondora`.`secondary b ON a`.`loanPartId=b`.`loanPartId and a`.`user=b`.`user where a`.`user="mehike" order by` `a`.`signedDate`, `a`.`auctionId`
ERROR - 2016-07-13 07:17:52 --> Severity: Notice --> Undefined offset: 33 C:\xampp\htdocs\bondora\application\views\investments\index.php 880
ERROR - 2016-07-13 07:17:52 --> Severity: Notice --> Undefined offset: 33 C:\xampp\htdocs\bondora\application\views\investments\index.php 880
ERROR - 2016-07-13 07:17:52 --> Severity: Notice --> Undefined offset: 33 C:\xampp\htdocs\bondora\application\views\investments\index.php 880
ERROR - 2016-07-13 07:17:52 --> Severity: Notice --> Undefined offset: 33 C:\xampp\htdocs\bondora\application\views\investments\index.php 880
ERROR - 2016-07-13 07:17:52 --> Severity: Notice --> Undefined offset: 33 C:\xampp\htdocs\bondora\application\views\investments\index.php 880
ERROR - 2016-07-13 07:17:52 --> Severity: Notice --> Undefined offset: 31 C:\xampp\htdocs\bondora\application\views\investments\index.php 880
ERROR - 2016-07-13 07:17:52 --> Severity: Notice --> Undefined offset: 33 C:\xampp\htdocs\bondora\application\views\investments\index.php 880
ERROR - 2016-07-13 07:17:52 --> Severity: Notice --> Undefined offset: 33 C:\xampp\htdocs\bondora\application\views\investments\index.php 880
ERROR - 2016-07-13 07:17:52 --> Severity: Notice --> Undefined offset: 31 C:\xampp\htdocs\bondora\application\views\investments\index.php 880
ERROR - 2016-07-13 07:17:52 --> Severity: Notice --> Undefined offset: 31 C:\xampp\htdocs\bondora\application\views\investments\index.php 880
ERROR - 2016-07-13 07:17:52 --> Severity: Notice --> Undefined offset: 31 C:\xampp\htdocs\bondora\application\views\investments\index.php 880
ERROR - 2016-07-13 07:17:52 --> Severity: Notice --> Undefined offset: 32 C:\xampp\htdocs\bondora\application\views\investments\index.php 880
ERROR - 2016-07-13 07:17:52 --> Severity: Notice --> Undefined offset: 33 C:\xampp\htdocs\bondora\application\views\investments\index.php 880
ERROR - 2016-07-13 07:17:52 --> Severity: Notice --> Undefined offset: 33 C:\xampp\htdocs\bondora\application\views\investments\index.php 880
ERROR - 2016-07-13 07:17:52 --> Severity: Notice --> Undefined offset: 33 C:\xampp\htdocs\bondora\application\views\investments\index.php 880
ERROR - 2016-07-13 07:17:52 --> Severity: Notice --> Undefined offset: 33 C:\xampp\htdocs\bondora\application\views\investments\index.php 880
ERROR - 2016-07-13 07:17:52 --> Severity: Notice --> Undefined offset: 41 C:\xampp\htdocs\bondora\application\views\investments\index.php 880
ERROR - 2016-07-13 07:17:52 --> Severity: Notice --> Undefined offset: 31 C:\xampp\htdocs\bondora\application\views\investments\index.php 880
ERROR - 2016-07-13 07:17:52 --> Severity: Notice --> Undefined offset: 32 C:\xampp\htdocs\bondora\application\views\investments\index.php 880
ERROR - 2016-07-13 07:17:52 --> Severity: Notice --> Undefined offset: 33 C:\xampp\htdocs\bondora\application\views\investments\index.php 880
ERROR - 2016-07-13 07:17:52 --> Severity: Notice --> Undefined offset: 31 C:\xampp\htdocs\bondora\application\views\investments\index.php 880
DEBUG - 2016-07-13 07:17:52 --> Total execution time: 1.4713
DEBUG - 2016-07-13 07:17:52 --> UTF-8 Support Disabled
DEBUG - 2016-07-13 07:17:52 --> Global POST, GET and COOKIE data sanitized
ERROR - 2016-07-13 07:17:52 --> 404 Page Not Found: Investments/bootstrap
DEBUG - 2016-07-13 07:17:55 --> UTF-8 Support Disabled
DEBUG - 2016-07-13 07:17:55 --> Global POST, GET and COOKIE data sanitized
DEBUG - 2016-07-13 07:17:55 --> cURL Class Initialized
DEBUG - 2016-07-13 07:17:55 --> OAuth2 class already loaded. Second attempt ignored.
DEBUG - 2016-07-13 07:17:55 --> C:\xampp\htdocs\bondora\application\libraries/MY_Table.php exists, but does not declare MY_Table
DEBUG - 2016-07-13 07:17:55 --> Session class already loaded. Second attempt ignored.
DEBUG - 2016-07-13 07:17:56 --> Total execution time: 0.7041
DEBUG - 2016-07-13 07:17:56 --> UTF-8 Support Disabled
DEBUG - 2016-07-13 07:17:56 --> Global POST, GET and COOKIE data sanitized
DEBUG - 2016-07-13 07:17:56 --> cURL Class Initialized
DEBUG - 2016-07-13 07:17:56 --> OAuth2 class already loaded. Second attempt ignored.
DEBUG - 2016-07-13 07:17:56 --> C:\xampp\htdocs\bondora\application\libraries/MY_Table.php exists, but does not declare MY_Table
DEBUG - 2016-07-13 07:17:56 --> Session class already loaded. Second attempt ignored.
DEBUG - 2016-07-13 07:17:57 --> Total execution time: 0.4251
DEBUG - 2016-07-13 07:18:00 --> UTF-8 Support Disabled
DEBUG - 2016-07-13 07:18:00 --> Global POST, GET and COOKIE data sanitized
DEBUG - 2016-07-13 07:18:00 --> cURL Class Initialized
DEBUG - 2016-07-13 07:18:00 --> OAuth2 class already loaded. Second attempt ignored.
DEBUG - 2016-07-13 07:18:00 --> C:\xampp\htdocs\bondora\application\libraries/MY_Table.php exists, but does not declare MY_Table
DEBUG - 2016-07-13 07:18:00 --> Session class already loaded. Second attempt ignored.
DEBUG - 2016-07-13 07:18:00 --> Total execution time: 0.9182
DEBUG - 2016-07-13 07:18:01 --> UTF-8 Support Disabled
DEBUG - 2016-07-13 07:18:01 --> Global POST, GET and COOKIE data sanitized
DEBUG - 2016-07-13 07:18:01 --> cURL Class Initialized
DEBUG - 2016-07-13 07:18:01 --> OAuth2 class already loaded. Second attempt ignored.
DEBUG - 2016-07-13 07:18:01 --> C:\xampp\htdocs\bondora\application\libraries/MY_Table.php exists, but does not declare MY_Table
DEBUG - 2016-07-13 07:18:01 --> Session class already loaded. Second attempt ignored.
DEBUG - 2016-07-13 07:18:01 --> Total execution time: 0.3211
DEBUG - 2016-07-13 07:18:04 --> UTF-8 Support Disabled
DEBUG - 2016-07-13 07:18:04 --> Global POST, GET and COOKIE data sanitized
DEBUG - 2016-07-13 07:18:04 --> cURL Class Initialized
DEBUG - 2016-07-13 07:18:04 --> OAuth2 class already loaded. Second attempt ignored.
DEBUG - 2016-07-13 07:18:04 --> C:\xampp\htdocs\bondora\application\libraries/MY_Table.php exists, but does not declare MY_Table
DEBUG - 2016-07-13 07:18:04 --> Session class already loaded. Second attempt ignored.
DEBUG - 2016-07-13 07:18:04 --> Total execution time: 0.5921
DEBUG - 2016-07-13 07:18:04 --> UTF-8 Support Disabled
DEBUG - 2016-07-13 07:18:04 --> Global POST, GET and COOKIE data sanitized
DEBUG - 2016-07-13 07:18:04 --> cURL Class Initialized
DEBUG - 2016-07-13 07:18:04 --> OAuth2 class already loaded. Second attempt ignored.
DEBUG - 2016-07-13 07:18:04 --> C:\xampp\htdocs\bondora\application\libraries/MY_Table.php exists, but does not declare MY_Table
DEBUG - 2016-07-13 07:18:04 --> Session class already loaded. Second attempt ignored.
DEBUG - 2016-07-13 07:18:05 --> Total execution time: 0.3341
DEBUG - 2016-07-13 07:18:08 --> UTF-8 Support Disabled
DEBUG - 2016-07-13 07:18:08 --> Global POST, GET and COOKIE data sanitized
DEBUG - 2016-07-13 07:18:08 --> cURL Class Initialized
DEBUG - 2016-07-13 07:18:08 --> OAuth2 class already loaded. Second attempt ignored.
DEBUG - 2016-07-13 07:18:08 --> C:\xampp\htdocs\bondora\application\libraries/MY_Table.php exists, but does not declare MY_Table
DEBUG - 2016-07-13 07:18:08 --> Session class already loaded. Second attempt ignored.
DEBUG - 2016-07-13 07:18:09 --> Total execution time: 0.8212
DEBUG - 2016-07-13 07:18:09 --> UTF-8 Support Disabled
DEBUG - 2016-07-13 07:18:09 --> Global POST, GET and COOKIE data sanitized
DEBUG - 2016-07-13 07:18:09 --> cURL Class Initialized
DEBUG - 2016-07-13 07:18:09 --> OAuth2 class already loaded. Second attempt ignored.
DEBUG - 2016-07-13 07:18:09 --> C:\xampp\htdocs\bondora\application\libraries/MY_Table.php exists, but does not declare MY_Table
DEBUG - 2016-07-13 07:18:09 --> Session class already loaded. Second attempt ignored.
DEBUG - 2016-07-13 07:18:10 --> Total execution time: 0.4291
DEBUG - 2016-07-13 07:18:13 --> UTF-8 Support Disabled
DEBUG - 2016-07-13 07:18:13 --> Global POST, GET and COOKIE data sanitized
DEBUG - 2016-07-13 07:18:13 --> cURL Class Initialized
DEBUG - 2016-07-13 07:18:13 --> OAuth2 class already loaded. Second attempt ignored.
DEBUG - 2016-07-13 07:18:13 --> C:\xampp\htdocs\bondora\application\libraries/MY_Table.php exists, but does not declare MY_Table
DEBUG - 2016-07-13 07:18:13 --> Session class already loaded. Second attempt ignored.
DEBUG - 2016-07-13 07:18:13 --> Total execution time: 0.6531
DEBUG - 2016-07-13 07:18:13 --> UTF-8 Support Disabled
DEBUG - 2016-07-13 07:18:13 --> Global POST, GET and COOKIE data sanitized
DEBUG - 2016-07-13 07:18:13 --> cURL Class Initialized
DEBUG - 2016-07-13 07:18:13 --> OAuth2 class already loaded. Second attempt ignored.
DEBUG - 2016-07-13 07:18:13 --> C:\xampp\htdocs\bondora\application\libraries/MY_Table.php exists, but does not declare MY_Table
DEBUG - 2016-07-13 07:18:13 --> Session class already loaded. Second attempt ignored.
DEBUG - 2016-07-13 07:18:14 --> Total execution time: 0.3111
DEBUG - 2016-07-13 07:18:17 --> UTF-8 Support Disabled
DEBUG - 2016-07-13 07:18:17 --> Global POST, GET and COOKIE data sanitized
DEBUG - 2016-07-13 07:18:17 --> cURL Class Initialized
DEBUG - 2016-07-13 07:18:17 --> OAuth2 class already loaded. Second attempt ignored.
DEBUG - 2016-07-13 07:18:17 --> C:\xampp\htdocs\bondora\application\libraries/MY_Table.php exists, but does not declare MY_Table
DEBUG - 2016-07-13 07:18:17 --> Session class already loaded. Second attempt ignored.
DEBUG - 2016-07-13 07:18:18 --> Total execution time: 0.9362
DEBUG - 2016-07-13 07:18:18 --> UTF-8 Support Disabled
DEBUG - 2016-07-13 07:18:18 --> Global POST, GET and COOKIE data sanitized
DEBUG - 2016-07-13 07:18:18 --> cURL Class Initialized
DEBUG - 2016-07-13 07:18:18 --> OAuth2 class already loaded. Second attempt ignored.
DEBUG - 2016-07-13 07:18:18 --> C:\xampp\htdocs\bondora\application\libraries/MY_Table.php exists, but does not declare MY_Table
DEBUG - 2016-07-13 07:18:18 --> Session class already loaded. Second attempt ignored.
DEBUG - 2016-07-13 07:18:18 --> Total execution time: 0.4801
DEBUG - 2016-07-13 07:18:22 --> UTF-8 Support Disabled
DEBUG - 2016-07-13 07:18:22 --> Global POST, GET and COOKIE data sanitized
DEBUG - 2016-07-13 07:18:22 --> cURL Class Initialized
DEBUG - 2016-07-13 07:18:22 --> OAuth2 class already loaded. Second attempt ignored.
DEBUG - 2016-07-13 07:18:22 --> C:\xampp\htdocs\bondora\application\libraries/MY_Table.php exists, but does not declare MY_Table
DEBUG - 2016-07-13 07:18:22 --> Session class already loaded. Second attempt ignored.
DEBUG - 2016-07-13 07:18:23 --> Total execution time: 0.5871
DEBUG - 2016-07-13 07:18:23 --> UTF-8 Support Disabled
DEBUG - 2016-07-13 07:18:23 --> Global POST, GET and COOKIE data sanitized
DEBUG - 2016-07-13 07:18:23 --> cURL Class Initialized
DEBUG - 2016-07-13 07:18:23 --> OAuth2 class already loaded. Second attempt ignored.
DEBUG - 2016-07-13 07:18:23 --> C:\xampp\htdocs\bondora\application\libraries/MY_Table.php exists, but does not declare MY_Table
DEBUG - 2016-07-13 07:18:23 --> Session class already loaded. Second attempt ignored.
DEBUG - 2016-07-13 07:18:23 --> Total execution time: 0.3071
DEBUG - 2016-07-13 07:18:28 --> UTF-8 Support Disabled
DEBUG - 2016-07-13 07:18:28 --> Global POST, GET and COOKIE data sanitized
DEBUG - 2016-07-13 07:18:28 --> cURL Class Initialized
DEBUG - 2016-07-13 07:18:28 --> OAuth2 class already loaded. Second attempt ignored.
DEBUG - 2016-07-13 07:18:28 --> C:\xampp\htdocs\bondora\application\libraries/MY_Table.php exists, but does not declare MY_Table
DEBUG - 2016-07-13 07:18:28 --> Session class already loaded. Second attempt ignored.
DEBUG - 2016-07-13 07:18:29 --> Total execution time: 0.9382
DEBUG - 2016-07-13 07:18:29 --> UTF-8 Support Disabled
DEBUG - 2016-07-13 07:18:29 --> Global POST, GET and COOKIE data sanitized
DEBUG - 2016-07-13 07:18:29 --> cURL Class Initialized
DEBUG - 2016-07-13 07:18:29 --> OAuth2 class already loaded. Second attempt ignored.
DEBUG - 2016-07-13 07:18:29 --> C:\xampp\htdocs\bondora\application\libraries/MY_Table.php exists, but does not declare MY_Table
DEBUG - 2016-07-13 07:18:29 --> Session class already loaded. Second attempt ignored.
DEBUG - 2016-07-13 07:18:29 --> Total execution time: 0.4231
DEBUG - 2016-07-13 07:18:34 --> UTF-8 Support Disabled
DEBUG - 2016-07-13 07:18:34 --> Global POST, GET and COOKIE data sanitized
DEBUG - 2016-07-13 07:18:34 --> cURL Class Initialized
DEBUG - 2016-07-13 07:18:34 --> OAuth2 class already loaded. Second attempt ignored.
DEBUG - 2016-07-13 07:18:34 --> C:\xampp\htdocs\bondora\application\libraries/MY_Table.php exists, but does not declare MY_Table
DEBUG - 2016-07-13 07:18:34 --> Session class already loaded. Second attempt ignored.
DEBUG - 2016-07-13 07:18:34 --> Total execution time: 0.5551
DEBUG - 2016-07-13 07:18:34 --> UTF-8 Support Disabled
DEBUG - 2016-07-13 07:18:34 --> Global POST, GET and COOKIE data sanitized
DEBUG - 2016-07-13 07:18:34 --> cURL Class Initialized
DEBUG - 2016-07-13 07:18:34 --> OAuth2 class already loaded. Second attempt ignored.
DEBUG - 2016-07-13 07:18:34 --> C:\xampp\htdocs\bondora\application\libraries/MY_Table.php exists, but does not declare MY_Table
DEBUG - 2016-07-13 07:18:34 --> Session class already loaded. Second attempt ignored.
DEBUG - 2016-07-13 07:18:34 --> Total execution time: 0.3221
DEBUG - 2016-07-13 07:18:37 --> UTF-8 Support Disabled
DEBUG - 2016-07-13 07:18:37 --> Global POST, GET and COOKIE data sanitized
DEBUG - 2016-07-13 07:18:37 --> cURL Class Initialized
DEBUG - 2016-07-13 07:18:37 --> OAuth2 class already loaded. Second attempt ignored.
DEBUG - 2016-07-13 07:18:37 --> C:\xampp\htdocs\bondora\application\libraries/MY_Table.php exists, but does not declare MY_Table
DEBUG - 2016-07-13 07:18:37 --> Session class already loaded. Second attempt ignored.
DEBUG - 2016-07-13 07:18:37 --> Total execution time: 0.8602
DEBUG - 2016-07-13 07:18:37 --> UTF-8 Support Disabled
DEBUG - 2016-07-13 07:18:37 --> Global POST, GET and COOKIE data sanitized
DEBUG - 2016-07-13 07:18:37 --> cURL Class Initialized
DEBUG - 2016-07-13 07:18:37 --> OAuth2 class already loaded. Second attempt ignored.
DEBUG - 2016-07-13 07:18:38 --> C:\xampp\htdocs\bondora\application\libraries/MY_Table.php exists, but does not declare MY_Table
DEBUG - 2016-07-13 07:18:38 --> Session class already loaded. Second attempt ignored.
DEBUG - 2016-07-13 07:18:38 --> Total execution time: 0.4331
DEBUG - 2016-07-13 07:18:40 --> UTF-8 Support Disabled
DEBUG - 2016-07-13 07:18:40 --> Global POST, GET and COOKIE data sanitized
DEBUG - 2016-07-13 07:18:40 --> cURL Class Initialized
DEBUG - 2016-07-13 07:18:40 --> OAuth2 class already loaded. Second attempt ignored.
DEBUG - 2016-07-13 07:18:40 --> C:\xampp\htdocs\bondora\application\libraries/MY_Table.php exists, but does not declare MY_Table
DEBUG - 2016-07-13 07:18:40 --> Session class already loaded. Second attempt ignored.
DEBUG - 2016-07-13 07:18:41 --> Total execution time: 0.6771
DEBUG - 2016-07-13 07:18:41 --> UTF-8 Support Disabled
DEBUG - 2016-07-13 07:18:41 --> Global POST, GET and COOKIE data sanitized
DEBUG - 2016-07-13 07:18:41 --> cURL Class Initialized
DEBUG - 2016-07-13 07:18:41 --> OAuth2 class already loaded. Second attempt ignored.
DEBUG - 2016-07-13 07:18:41 --> C:\xampp\htdocs\bondora\application\libraries/MY_Table.php exists, but does not declare MY_Table
DEBUG - 2016-07-13 07:18:41 --> Session class already loaded. Second attempt ignored.
DEBUG - 2016-07-13 07:18:41 --> Total execution time: 0.3171
DEBUG - 2016-07-13 07:18:43 --> UTF-8 Support Disabled
DEBUG - 2016-07-13 07:18:43 --> Global POST, GET and COOKIE data sanitized
DEBUG - 2016-07-13 07:18:43 --> cURL Class Initialized
DEBUG - 2016-07-13 07:18:43 --> OAuth2 class already loaded. Second attempt ignored.
DEBUG - 2016-07-13 07:18:43 --> C:\xampp\htdocs\bondora\application\libraries/MY_Table.php exists, but does not declare MY_Table
DEBUG - 2016-07-13 07:18:43 --> Session class already loaded. Second attempt ignored.
DEBUG - 2016-07-13 07:18:44 --> Total execution time: 0.5331
DEBUG - 2016-07-13 07:18:44 --> UTF-8 Support Disabled
DEBUG - 2016-07-13 07:18:44 --> Global POST, GET and COOKIE data sanitized
DEBUG - 2016-07-13 07:18:44 --> cURL Class Initialized
DEBUG - 2016-07-13 07:18:44 --> OAuth2 class already loaded. Second attempt ignored.
DEBUG - 2016-07-13 07:18:44 --> C:\xampp\htdocs\bondora\application\libraries/MY_Table.php exists, but does not declare MY_Table
DEBUG - 2016-07-13 07:18:44 --> Session class already loaded. Second attempt ignored.
DEBUG - 2016-07-13 07:18:44 --> Total execution time: 0.3011
DEBUG - 2016-07-13 07:18:47 --> UTF-8 Support Disabled
DEBUG - 2016-07-13 07:18:47 --> Global POST, GET and COOKIE data sanitized
DEBUG - 2016-07-13 07:18:47 --> cURL Class Initialized
DEBUG - 2016-07-13 07:18:47 --> OAuth2 class already loaded. Second attempt ignored.
DEBUG - 2016-07-13 07:18:47 --> C:\xampp\htdocs\bondora\application\libraries/MY_Table.php exists, but does not declare MY_Table
DEBUG - 2016-07-13 07:18:47 --> Session class already loaded. Second attempt ignored.
DEBUG - 2016-07-13 07:18:47 --> Total execution time: 0.8512
DEBUG - 2016-07-13 07:18:47 --> UTF-8 Support Disabled
DEBUG - 2016-07-13 07:18:47 --> Global POST, GET and COOKIE data sanitized
DEBUG - 2016-07-13 07:18:47 --> cURL Class Initialized
DEBUG - 2016-07-13 07:18:47 --> OAuth2 class already loaded. Second attempt ignored.
DEBUG - 2016-07-13 07:18:47 --> C:\xampp\htdocs\bondora\application\libraries/MY_Table.php exists, but does not declare MY_Table
DEBUG - 2016-07-13 07:18:47 --> Session class already loaded. Second attempt ignored.
DEBUG - 2016-07-13 07:18:48 --> Total execution time: 0.3261
DEBUG - 2016-07-13 07:18:51 --> UTF-8 Support Disabled
DEBUG - 2016-07-13 07:18:51 --> Global POST, GET and COOKIE data sanitized
DEBUG - 2016-07-13 07:18:51 --> cURL Class Initialized
DEBUG - 2016-07-13 07:18:51 --> OAuth2 class already loaded. Second attempt ignored.
DEBUG - 2016-07-13 07:18:51 --> C:\xampp\htdocs\bondora\application\libraries/MY_Table.php exists, but does not declare MY_Table
DEBUG - 2016-07-13 07:18:51 --> Session class already loaded. Second attempt ignored.
DEBUG - 2016-07-13 07:18:52 --> Total execution time: 0.5681
DEBUG - 2016-07-13 07:18:52 --> UTF-8 Support Disabled
DEBUG - 2016-07-13 07:18:52 --> Global POST, GET and COOKIE data sanitized
DEBUG - 2016-07-13 07:18:52 --> cURL Class Initialized
DEBUG - 2016-07-13 07:18:52 --> OAuth2 class already loaded. Second attempt ignored.
DEBUG - 2016-07-13 07:18:52 --> C:\xampp\htdocs\bondora\application\libraries/MY_Table.php exists, but does not declare MY_Table
DEBUG - 2016-07-13 07:18:52 --> Session class already loaded. Second attempt ignored.
DEBUG - 2016-07-13 07:18:52 --> Total execution time: 0.2851
DEBUG - 2016-07-13 07:19:15 --> UTF-8 Support Disabled
DEBUG - 2016-07-13 07:19:15 --> Global POST, GET and COOKIE data sanitized
DEBUG - 2016-07-13 07:19:15 --> cURL Class Initialized
DEBUG - 2016-07-13 07:19:15 --> OAuth2 class already loaded. Second attempt ignored.
DEBUG - 2016-07-13 07:19:15 --> C:\xampp\htdocs\bondora\application\libraries/MY_Table.php exists, but does not declare MY_Table
DEBUG - 2016-07-13 07:19:15 --> Session class already loaded. Second attempt ignored.
DEBUG - 2016-07-13 07:19:15 --> SELECT *
FROM `select` `a`.*, `b`.`listedOnDate`, `b`.`xirr`, `b`.`secondaryId`, `b`.`desiredDiscountRate from bondora`.`investment_payload a LEFT JOIN bondora`.`secondary b ON a`.`loanPartId=b`.`loanPartId WHERE a`.`id=30423 and user="mehike" order by` `a`.`signedDate`, `a`.`auctionId`
DEBUG - 2016-07-13 07:19:15 --> SELECT *
FROM `select` `a`.*, `b`.`listedOnDate`, `b`.`xirr`, `b`.`secondaryId`, `b`.`desiredDiscountRate from bondora`.`investment_payload a LEFT JOIN bondora`.`secondary b ON a`.`loanPartId=b`.`loanPartId WHERE a`.`id=30417 and user="mehike" order by` `a`.`signedDate`, `a`.`auctionId`
DEBUG - 2016-07-13 07:19:15 --> SELECT *
FROM `select` `a`.*, `b`.`listedOnDate`, `b`.`xirr`, `b`.`secondaryId`, `b`.`desiredDiscountRate from bondora`.`investment_payload a LEFT JOIN bondora`.`secondary b ON a`.`loanPartId=b`.`loanPartId WHERE a`.`id=30422 and user="mehike" order by` `a`.`signedDate`, `a`.`auctionId`
DEBUG - 2016-07-13 07:19:15 --> SELECT *
FROM `select` `a`.*, `b`.`listedOnDate`, `b`.`xirr`, `b`.`secondaryId`, `b`.`desiredDiscountRate from bondora`.`investment_payload a LEFT JOIN bondora`.`secondary b ON a`.`loanPartId=b`.`loanPartId WHERE a`.`id=30424 and user="mehike" order by` `a`.`signedDate`, `a`.`auctionId`
DEBUG - 2016-07-13 07:19:15 --> SELECT *
FROM `select` `a`.*, `b`.`listedOnDate`, `b`.`xirr`, `b`.`secondaryId`, `b`.`desiredDiscountRate from bondora`.`investment_payload a LEFT JOIN bondora`.`secondary b ON a`.`loanPartId=b`.`loanPartId WHERE a`.`id=30404 and user="mehike" order by` `a`.`signedDate`, `a`.`auctionId`
DEBUG - 2016-07-13 07:19:15 --> SELECT *
FROM `select` `a`.*, `b`.`listedOnDate`, `b`.`xirr`, `b`.`secondaryId`, `b`.`desiredDiscountRate from bondora`.`investment_payload a LEFT JOIN bondora`.`secondary b ON a`.`loanPartId=b`.`loanPartId WHERE a`.`id=30409 and user="mehike" order by` `a`.`signedDate`, `a`.`auctionId`
DEBUG - 2016-07-13 07:19:15 --> SELECT *
FROM `select` `a`.*, `b`.`listedOnDate`, `b`.`xirr`, `b`.`secondaryId`, `b`.`desiredDiscountRate from bondora`.`investment_payload a LEFT JOIN bondora`.`secondary b ON a`.`loanPartId=b`.`loanPartId WHERE a`.`id=30411 and user="mehike" order by` `a`.`signedDate`, `a`.`auctionId`
DEBUG - 2016-07-13 07:19:15 --> SELECT *
FROM `select` `a`.*, `b`.`listedOnDate`, `b`.`xirr`, `b`.`secondaryId`, `b`.`desiredDiscountRate from bondora`.`investment_payload a LEFT JOIN bondora`.`secondary b ON a`.`loanPartId=b`.`loanPartId WHERE a`.`id=30416 and user="mehike" order by` `a`.`signedDate`, `a`.`auctionId`
DEBUG - 2016-07-13 07:19:15 --> SELECT *
FROM `select` `a`.*, `b`.`listedOnDate`, `b`.`xirr`, `b`.`secondaryId`, `b`.`desiredDiscountRate from bondora`.`investment_payload a LEFT JOIN bondora`.`secondary b ON a`.`loanPartId=b`.`loanPartId WHERE a`.`id=30419 and user="mehike" order by` `a`.`signedDate`, `a`.`auctionId`
DEBUG - 2016-07-13 07:19:15 --> SELECT *
FROM `select` `a`.*, `b`.`listedOnDate`, `b`.`xirr`, `b`.`secondaryId`, `b`.`desiredDiscountRate from bondora`.`investment_payload a LEFT JOIN bondora`.`secondary b ON a`.`loanPartId=b`.`loanPartId WHERE a`.`id=30420 and user="mehike" order by` `a`.`signedDate`, `a`.`auctionId`
DEBUG - 2016-07-13 07:19:15 --> SELECT *
FROM `select` `a`.*, `b`.`listedOnDate`, `b`.`xirr`, `b`.`secondaryId`, `b`.`desiredDiscountRate from bondora`.`investment_payload a LEFT JOIN bondora`.`secondary b ON a`.`loanPartId=b`.`loanPartId WHERE a`.`id=30421 and user="mehike" order by` `a`.`signedDate`, `a`.`auctionId`
DEBUG - 2016-07-13 07:19:15 --> SELECT *
FROM `select` `a`.*, `b`.`listedOnDate`, `b`.`xirr`, `b`.`secondaryId`, `b`.`desiredDiscountRate from bondora`.`investment_payload a LEFT JOIN bondora`.`secondary b ON a`.`loanPartId=b`.`loanPartId WHERE a`.`id=30427 and user="mehike" order by` `a`.`signedDate`, `a`.`auctionId`
DEBUG - 2016-07-13 07:19:15 --> SELECT *
FROM `select` `a`.*, `b`.`listedOnDate`, `b`.`xirr`, `b`.`secondaryId`, `b`.`desiredDiscountRate from bondora`.`investment_payload a LEFT JOIN bondora`.`secondary b ON a`.`loanPartId=b`.`loanPartId WHERE a`.`id=30428 and user="mehike" order by` `a`.`signedDate`, `a`.`auctionId`
DEBUG - 2016-07-13 07:19:15 --> SELECT *
FROM `select` `a`.*, `b`.`listedOnDate`, `b`.`xirr`, `b`.`secondaryId`, `b`.`desiredDiscountRate from bondora`.`investment_payload a LEFT JOIN bondora`.`secondary b ON a`.`loanPartId=b`.`loanPartId WHERE a`.`id=30435 and user="mehike" order by` `a`.`signedDate`, `a`.`auctionId`
DEBUG - 2016-07-13 07:19:16 --> Total execution time: 0.7672
DEBUG - 2016-07-13 07:19:16 --> UTF-8 Support Disabled
DEBUG - 2016-07-13 07:19:16 --> Global POST, GET and COOKIE data sanitized
ERROR - 2016-07-13 07:19:16 --> 404 Page Not Found: Investments/bootstrap
DEBUG - 2016-07-13 07:19:18 --> UTF-8 Support Disabled
DEBUG - 2016-07-13 07:19:18 --> Global POST, GET and COOKIE data sanitized
DEBUG - 2016-07-13 07:19:18 --> cURL Class Initialized
DEBUG - 2016-07-13 07:19:18 --> OAuth2 class already loaded. Second attempt ignored.
DEBUG - 2016-07-13 07:19:18 --> C:\xampp\htdocs\bondora\application\libraries/MY_Table.php exists, but does not declare MY_Table
DEBUG - 2016-07-13 07:19:18 --> Session class already loaded. Second attempt ignored.
DEBUG - 2016-07-13 07:19:18 --> SELECT *
FROM `select` `a`.*, `b`.`listedOnDate`, `b`.`xirr`, `b`.`secondaryId`, `b`.`desiredDiscountRate from bondora`.`investment_payload a LEFT JOIN bondora`.`secondary b ON a`.`loanPartId=b`.`loanPartId and a`.`user=b`.`user where a`.`user="mehike" order by` `a`.`signedDate`, `a`.`auctionId`
ERROR - 2016-07-13 07:19:18 --> Severity: Notice --> Undefined offset: 33 C:\xampp\htdocs\bondora\application\views\investments\index.php 880
ERROR - 2016-07-13 07:19:18 --> Severity: Notice --> Undefined offset: 33 C:\xampp\htdocs\bondora\application\views\investments\index.php 880
ERROR - 2016-07-13 07:19:18 --> Severity: Notice --> Undefined offset: 33 C:\xampp\htdocs\bondora\application\views\investments\index.php 880
ERROR - 2016-07-13 07:19:18 --> Severity: Notice --> Undefined offset: 33 C:\xampp\htdocs\bondora\application\views\investments\index.php 880
ERROR - 2016-07-13 07:19:18 --> Severity: Notice --> Undefined offset: 33 C:\xampp\htdocs\bondora\application\views\investments\index.php 880
ERROR - 2016-07-13 07:19:18 --> Severity: Notice --> Undefined offset: 31 C:\xampp\htdocs\bondora\application\views\investments\index.php 880
ERROR - 2016-07-13 07:19:18 --> Severity: Notice --> Undefined offset: 33 C:\xampp\htdocs\bondora\application\views\investments\index.php 880
ERROR - 2016-07-13 07:19:18 --> Severity: Notice --> Undefined offset: 33 C:\xampp\htdocs\bondora\application\views\investments\index.php 880
ERROR - 2016-07-13 07:19:18 --> Severity: Notice --> Undefined offset: 31 C:\xampp\htdocs\bondora\application\views\investments\index.php 880
ERROR - 2016-07-13 07:19:18 --> Severity: Notice --> Undefined offset: 30 C:\xampp\htdocs\bondora\application\views\investments\index.php 880
ERROR - 2016-07-13 07:19:18 --> Severity: Notice --> Undefined offset: 31 C:\xampp\htdocs\bondora\application\views\investments\index.php 880
ERROR - 2016-07-13 07:19:18 --> Severity: Notice --> Undefined offset: 31 C:\xampp\htdocs\bondora\application\views\investments\index.php 880
ERROR - 2016-07-13 07:19:18 --> Severity: Notice --> Undefined offset: 32 C:\xampp\htdocs\bondora\application\views\investments\index.php 880
ERROR - 2016-07-13 07:19:18 --> Severity: Notice --> Undefined offset: 33 C:\xampp\htdocs\bondora\application\views\investments\index.php 880
ERROR - 2016-07-13 07:19:18 --> Severity: Notice --> Undefined offset: 33 C:\xampp\htdocs\bondora\application\views\investments\index.php 880
ERROR - 2016-07-13 07:19:18 --> Severity: Notice --> Undefined offset: 33 C:\xampp\htdocs\bondora\application\views\investments\index.php 880
ERROR - 2016-07-13 07:19:18 --> Severity: Notice --> Undefined offset: 33 C:\xampp\htdocs\bondora\application\views\investments\index.php 880
ERROR - 2016-07-13 07:19:18 --> Severity: Notice --> Undefined offset: 41 C:\xampp\htdocs\bondora\application\views\investments\index.php 880
ERROR - 2016-07-13 07:19:18 --> Severity: Notice --> Undefined offset: 30 C:\xampp\htdocs\bondora\application\views\investments\index.php 880
ERROR - 2016-07-13 07:19:18 --> Severity: Notice --> Undefined offset: 31 C:\xampp\htdocs\bondora\application\views\investments\index.php 880
ERROR - 2016-07-13 07:19:18 --> Severity: Notice --> Undefined offset: 32 C:\xampp\htdocs\bondora\application\views\investments\index.php 880
ERROR - 2016-07-13 07:19:18 --> Severity: Notice --> Undefined offset: 33 C:\xampp\htdocs\bondora\application\views\investments\index.php 880
ERROR - 2016-07-13 07:19:18 --> Severity: Notice --> Undefined offset: 31 C:\xampp\htdocs\bondora\application\views\investments\index.php 880
DEBUG - 2016-07-13 07:19:18 --> Total execution time: 0.0970
DEBUG - 2016-07-13 07:19:18 --> UTF-8 Support Disabled
DEBUG - 2016-07-13 07:19:18 --> Global POST, GET and COOKIE data sanitized
ERROR - 2016-07-13 07:19:18 --> 404 Page Not Found: Investments/bootstrap
DEBUG - 2016-07-13 07:19:21 --> UTF-8 Support Disabled
DEBUG - 2016-07-13 07:19:21 --> Global POST, GET and COOKIE data sanitized
DEBUG - 2016-07-13 07:19:21 --> cURL Class Initialized
DEBUG - 2016-07-13 07:19:21 --> OAuth2 class already loaded. Second attempt ignored.
DEBUG - 2016-07-13 07:19:21 --> C:\xampp\htdocs\bondora\application\libraries/MY_Table.php exists, but does not declare MY_Table
DEBUG - 2016-07-13 07:19:21 --> Session class already loaded. Second attempt ignored.
DEBUG - 2016-07-13 07:19:22 --> SELECT *
FROM `select` `a`.*, `b`.`listedOnDate`, `b`.`xirr`, `b`.`secondaryId`, `b`.`desiredDiscountRate from bondora`.`investment_payload a LEFT JOIN bondora`.`secondary b ON a`.`loanPartId=b`.`loanPartId and a`.`user=b`.`user where a`.`user="mehike" order by` `a`.`signedDate`, `a`.`auctionId`
ERROR - 2016-07-13 07:19:22 --> Severity: Notice --> Undefined offset: 33 C:\xampp\htdocs\bondora\application\views\investments\index.php 880
ERROR - 2016-07-13 07:19:22 --> Severity: Notice --> Undefined offset: 33 C:\xampp\htdocs\bondora\application\views\investments\index.php 880
ERROR - 2016-07-13 07:19:22 --> Severity: Notice --> Undefined offset: 33 C:\xampp\htdocs\bondora\application\views\investments\index.php 880
ERROR - 2016-07-13 07:19:22 --> Severity: Notice --> Undefined offset: 33 C:\xampp\htdocs\bondora\application\views\investments\index.php 880
ERROR - 2016-07-13 07:19:22 --> Severity: Notice --> Undefined offset: 33 C:\xampp\htdocs\bondora\application\views\investments\index.php 880
ERROR - 2016-07-13 07:19:22 --> Severity: Notice --> Undefined offset: 31 C:\xampp\htdocs\bondora\application\views\investments\index.php 880
ERROR - 2016-07-13 07:19:22 --> Severity: Notice --> Undefined offset: 33 C:\xampp\htdocs\bondora\application\views\investments\index.php 880
ERROR - 2016-07-13 07:19:22 --> Severity: Notice --> Undefined offset: 33 C:\xampp\htdocs\bondora\application\views\investments\index.php 880
ERROR - 2016-07-13 07:19:22 --> Severity: Notice --> Undefined offset: 31 C:\xampp\htdocs\bondora\application\views\investments\index.php 880
ERROR - 2016-07-13 07:19:22 --> Severity: Notice --> Undefined offset: 31 C:\xampp\htdocs\bondora\application\views\investments\index.php 880
ERROR - 2016-07-13 07:19:22 --> Severity: Notice --> Undefined offset: 31 C:\xampp\htdocs\bondora\application\views\investments\index.php 880
ERROR - 2016-07-13 07:19:22 --> Severity: Notice --> Undefined offset: 32 C:\xampp\htdocs\bondora\application\views\investments\index.php 880
ERROR - 2016-07-13 07:19:22 --> Severity: Notice --> Undefined offset: 33 C:\xampp\htdocs\bondora\application\views\investments\index.php 880
ERROR - 2016-07-13 07:19:22 --> Severity: Notice --> Undefined offset: 33 C:\xampp\htdocs\bondora\application\views\investments\index.php 880
ERROR - 2016-07-13 07:19:22 --> Severity: Notice --> Undefined offset: 33 C:\xampp\htdocs\bondora\application\views\investments\index.php 880
ERROR - 2016-07-13 07:19:22 --> Severity: Notice --> Undefined offset: 33 C:\xampp\htdocs\bondora\application\views\investments\index.php 880
ERROR - 2016-07-13 07:19:22 --> Severity: Notice --> Undefined offset: 41 C:\xampp\htdocs\bondora\application\views\investments\index.php 880
ERROR - 2016-07-13 07:19:22 --> Severity: Notice --> Undefined offset: 31 C:\xampp\htdocs\bondora\application\views\investments\index.php 880
ERROR - 2016-07-13 07:19:22 --> Severity: Notice --> Undefined offset: 32 C:\xampp\htdocs\bondora\application\views\investments\index.php 880
ERROR - 2016-07-13 07:19:22 --> Severity: Notice --> Undefined offset: 33 C:\xampp\htdocs\bondora\application\views\investments\index.php 880
ERROR - 2016-07-13 07:19:22 --> Severity: Notice --> Undefined offset: 31 C:\xampp\htdocs\bondora\application\views\investments\index.php 880
DEBUG - 2016-07-13 07:19:22 --> Total execution time: 1.0122
DEBUG - 2016-07-13 07:19:22 --> UTF-8 Support Disabled
DEBUG - 2016-07-13 07:19:22 --> Global POST, GET and COOKIE data sanitized
ERROR - 2016-07-13 07:19:22 --> 404 Page Not Found: Investments/bootstrap
DEBUG - 2016-07-13 07:19:27 --> UTF-8 Support Disabled
DEBUG - 2016-07-13 07:19:28 --> Global POST, GET and COOKIE data sanitized
DEBUG - 2016-07-13 07:19:28 --> cURL Class Initialized
DEBUG - 2016-07-13 07:19:28 --> OAuth2 class already loaded. Second attempt ignored.
DEBUG - 2016-07-13 07:19:28 --> C:\xampp\htdocs\bondora\application\libraries/MY_Table.php exists, but does not declare MY_Table
DEBUG - 2016-07-13 07:19:28 --> Session class already loaded. Second attempt ignored.
DEBUG - 2016-07-13 07:19:28 --> Total execution time: 0.7501
DEBUG - 2016-07-13 07:19:28 --> UTF-8 Support Disabled
DEBUG - 2016-07-13 07:19:28 --> Global POST, GET and COOKIE data sanitized
DEBUG - 2016-07-13 07:19:28 --> cURL Class Initialized
DEBUG - 2016-07-13 07:19:28 --> OAuth2 class already loaded. Second attempt ignored.
DEBUG - 2016-07-13 07:19:28 --> C:\xampp\htdocs\bondora\application\libraries/MY_Table.php exists, but does not declare MY_Table
DEBUG - 2016-07-13 07:19:28 --> Session class already loaded. Second attempt ignored.
DEBUG - 2016-07-13 07:19:29 --> Total execution time: 0.4700
DEBUG - 2016-07-13 07:19:32 --> UTF-8 Support Disabled
DEBUG - 2016-07-13 07:19:32 --> Global POST, GET and COOKIE data sanitized
DEBUG - 2016-07-13 07:19:32 --> cURL Class Initialized
DEBUG - 2016-07-13 07:19:32 --> OAuth2 class already loaded. Second attempt ignored.
DEBUG - 2016-07-13 07:19:32 --> C:\xampp\htdocs\bondora\application\libraries/MY_Table.php exists, but does not declare MY_Table
DEBUG - 2016-07-13 07:19:32 --> Session class already loaded. Second attempt ignored.
DEBUG - 2016-07-13 07:19:32 --> Total execution time: 0.5951
DEBUG - 2016-07-13 07:19:32 --> UTF-8 Support Disabled
DEBUG - 2016-07-13 07:19:32 --> Global POST, GET and COOKIE data sanitized
DEBUG - 2016-07-13 07:19:32 --> cURL Class Initialized
DEBUG - 2016-07-13 07:19:32 --> OAuth2 class already loaded. Second attempt ignored.
DEBUG - 2016-07-13 07:19:32 --> C:\xampp\htdocs\bondora\application\libraries/MY_Table.php exists, but does not declare MY_Table
DEBUG - 2016-07-13 07:19:32 --> Session class already loaded. Second attempt ignored.
DEBUG - 2016-07-13 07:19:33 --> Total execution time: 0.3080
DEBUG - 2016-07-13 07:19:36 --> UTF-8 Support Disabled
DEBUG - 2016-07-13 07:19:36 --> Global POST, GET and COOKIE data sanitized
DEBUG - 2016-07-13 07:19:36 --> cURL Class Initialized
DEBUG - 2016-07-13 07:19:36 --> OAuth2 class already loaded. Second attempt ignored.
DEBUG - 2016-07-13 07:19:36 --> C:\xampp\htdocs\bondora\application\libraries/MY_Table.php exists, but does not declare MY_Table
DEBUG - 2016-07-13 07:19:36 --> Session class already loaded. Second attempt ignored.
DEBUG - 2016-07-13 07:19:36 --> Total execution time: 0.7681
DEBUG - 2016-07-13 07:19:36 --> UTF-8 Support Disabled
DEBUG - 2016-07-13 07:19:36 --> Global POST, GET and COOKIE data sanitized
DEBUG - 2016-07-13 07:19:36 --> cURL Class Initialized
DEBUG - 2016-07-13 07:19:36 --> OAuth2 class already loaded. Second attempt ignored.
DEBUG - 2016-07-13 07:19:36 --> C:\xampp\htdocs\bondora\application\libraries/MY_Table.php exists, but does not declare MY_Table
DEBUG - 2016-07-13 07:19:36 --> Session class already loaded. Second attempt ignored.
DEBUG - 2016-07-13 07:19:37 --> Total execution time: 0.4660
DEBUG - 2016-07-13 07:19:39 --> UTF-8 Support Disabled
DEBUG - 2016-07-13 07:19:39 --> Global POST, GET and COOKIE data sanitized
DEBUG - 2016-07-13 07:19:39 --> cURL Class Initialized
DEBUG - 2016-07-13 07:19:39 --> OAuth2 class already loaded. Second attempt ignored.
DEBUG - 2016-07-13 07:19:39 --> C:\xampp\htdocs\bondora\application\libraries/MY_Table.php exists, but does not declare MY_Table
DEBUG - 2016-07-13 07:19:39 --> Session class already loaded. Second attempt ignored.
DEBUG - 2016-07-13 07:19:40 --> Total execution time: 0.9431
DEBUG - 2016-07-13 07:19:40 --> UTF-8 Support Disabled
DEBUG - 2016-07-13 07:19:40 --> Global POST, GET and COOKIE data sanitized
DEBUG - 2016-07-13 07:19:40 --> cURL Class Initialized
DEBUG - 2016-07-13 07:19:40 --> OAuth2 class already loaded. Second attempt ignored.
DEBUG - 2016-07-13 07:19:40 --> C:\xampp\htdocs\bondora\application\libraries/MY_Table.php exists, but does not declare MY_Table
DEBUG - 2016-07-13 07:19:40 --> Session class already loaded. Second attempt ignored.
DEBUG - 2016-07-13 07:19:41 --> Total execution time: 0.4100
DEBUG - 2016-07-13 07:19:45 --> UTF-8 Support Disabled
DEBUG - 2016-07-13 07:19:45 --> Global POST, GET and COOKIE data sanitized
DEBUG - 2016-07-13 07:19:45 --> cURL Class Initialized
DEBUG - 2016-07-13 07:19:45 --> OAuth2 class already loaded. Second attempt ignored.
DEBUG - 2016-07-13 07:19:45 --> C:\xampp\htdocs\bondora\application\libraries/MY_Table.php exists, but does not declare MY_Table
DEBUG - 2016-07-13 07:19:45 --> Session class already loaded. Second attempt ignored.
DEBUG - 2016-07-13 07:19:46 --> Total execution time: 0.9221
DEBUG - 2016-07-13 07:19:46 --> UTF-8 Support Disabled
DEBUG - 2016-07-13 07:19:46 --> Global POST, GET and COOKIE data sanitized
DEBUG - 2016-07-13 07:19:46 --> cURL Class Initialized
DEBUG - 2016-07-13 07:19:46 --> OAuth2 class already loaded. Second attempt ignored.
DEBUG - 2016-07-13 07:19:46 --> C:\xampp\htdocs\bondora\application\libraries/MY_Table.php exists, but does not declare MY_Table
DEBUG - 2016-07-13 07:19:46 --> Session class already loaded. Second attempt ignored.
DEBUG - 2016-07-13 07:19:46 --> Total execution time: 0.4310
DEBUG - 2016-07-13 07:19:49 --> UTF-8 Support Disabled
DEBUG - 2016-07-13 07:19:49 --> Global POST, GET and COOKIE data sanitized
DEBUG - 2016-07-13 07:19:49 --> cURL Class Initialized
DEBUG - 2016-07-13 07:19:49 --> OAuth2 class already loaded. Second attempt ignored.
DEBUG - 2016-07-13 07:19:49 --> C:\xampp\htdocs\bondora\application\libraries/MY_Table.php exists, but does not declare MY_Table
DEBUG - 2016-07-13 07:19:49 --> Session class already loaded. Second attempt ignored.
DEBUG - 2016-07-13 07:19:50 --> Total execution time: 0.9551
DEBUG - 2016-07-13 07:19:50 --> UTF-8 Support Disabled
DEBUG - 2016-07-13 07:19:50 --> Global POST, GET and COOKIE data sanitized
DEBUG - 2016-07-13 07:19:50 --> cURL Class Initialized
DEBUG - 2016-07-13 07:19:50 --> OAuth2 class already loaded. Second attempt ignored.
DEBUG - 2016-07-13 07:19:50 --> C:\xampp\htdocs\bondora\application\libraries/MY_Table.php exists, but does not declare MY_Table
DEBUG - 2016-07-13 07:19:50 --> Session class already loaded. Second attempt ignored.
DEBUG - 2016-07-13 07:19:50 --> Total execution time: 0.4160
DEBUG - 2016-07-13 07:19:54 --> UTF-8 Support Disabled
DEBUG - 2016-07-13 07:19:54 --> Global POST, GET and COOKIE data sanitized
DEBUG - 2016-07-13 07:19:54 --> cURL Class Initialized
DEBUG - 2016-07-13 07:19:54 --> OAuth2 class already loaded. Second attempt ignored.
DEBUG - 2016-07-13 07:19:54 --> C:\xampp\htdocs\bondora\application\libraries/MY_Table.php exists, but does not declare MY_Table
DEBUG - 2016-07-13 07:19:54 --> Session class already loaded. Second attempt ignored.
DEBUG - 2016-07-13 07:19:55 --> Total execution time: 0.5741
DEBUG - 2016-07-13 07:19:55 --> UTF-8 Support Disabled
DEBUG - 2016-07-13 07:19:55 --> Global POST, GET and COOKIE data sanitized
DEBUG - 2016-07-13 07:19:55 --> cURL Class Initialized
DEBUG - 2016-07-13 07:19:55 --> OAuth2 class already loaded. Second attempt ignored.
DEBUG - 2016-07-13 07:19:55 --> C:\xampp\htdocs\bondora\application\libraries/MY_Table.php exists, but does not declare MY_Table
DEBUG - 2016-07-13 07:19:55 --> Session class already loaded. Second attempt ignored.
DEBUG - 2016-07-13 07:19:55 --> Total execution time: 0.4170
DEBUG - 2016-07-13 07:20:10 --> UTF-8 Support Disabled
DEBUG - 2016-07-13 07:20:10 --> Global POST, GET and COOKIE data sanitized
DEBUG - 2016-07-13 07:20:10 --> cURL Class Initialized
DEBUG - 2016-07-13 07:20:10 --> OAuth2 class already loaded. Second attempt ignored.
DEBUG - 2016-07-13 07:20:10 --> C:\xampp\htdocs\bondora\application\libraries/MY_Table.php exists, but does not declare MY_Table
DEBUG - 2016-07-13 07:20:10 --> Session class already loaded. Second attempt ignored.
DEBUG - 2016-07-13 07:20:10 --> SELECT *
FROM `select` `a`.*, `b`.`listedOnDate`, `b`.`xirr`, `b`.`secondaryId`, `b`.`desiredDiscountRate from bondora`.`investment_payload a LEFT JOIN bondora`.`secondary b ON a`.`loanPartId=b`.`loanPartId WHERE a`.`id=30445 and user="mehike" order by` `a`.`signedDate`, `a`.`auctionId`
DEBUG - 2016-07-13 07:20:10 --> SELECT *
FROM `select` `a`.*, `b`.`listedOnDate`, `b`.`xirr`, `b`.`secondaryId`, `b`.`desiredDiscountRate from bondora`.`investment_payload a LEFT JOIN bondora`.`secondary b ON a`.`loanPartId=b`.`loanPartId WHERE a`.`id=30449 and user="mehike" order by` `a`.`signedDate`, `a`.`auctionId`
DEBUG - 2016-07-13 07:20:10 --> SELECT *
FROM `select` `a`.*, `b`.`listedOnDate`, `b`.`xirr`, `b`.`secondaryId`, `b`.`desiredDiscountRate from bondora`.`investment_payload a LEFT JOIN bondora`.`secondary b ON a`.`loanPartId=b`.`loanPartId WHERE a`.`id=30451 and user="mehike" order by` `a`.`signedDate`, `a`.`auctionId`
DEBUG - 2016-07-13 07:20:10 --> SELECT *
FROM `select` `a`.*, `b`.`listedOnDate`, `b`.`xirr`, `b`.`secondaryId`, `b`.`desiredDiscountRate from bondora`.`investment_payload a LEFT JOIN bondora`.`secondary b ON a`.`loanPartId=b`.`loanPartId WHERE a`.`id=30452 and user="mehike" order by` `a`.`signedDate`, `a`.`auctionId`
DEBUG - 2016-07-13 07:20:10 --> SELECT *
FROM `select` `a`.*, `b`.`listedOnDate`, `b`.`xirr`, `b`.`secondaryId`, `b`.`desiredDiscountRate from bondora`.`investment_payload a LEFT JOIN bondora`.`secondary b ON a`.`loanPartId=b`.`loanPartId WHERE a`.`id=30468 and user="mehike" order by` `a`.`signedDate`, `a`.`auctionId`
DEBUG - 2016-07-13 07:20:10 --> SELECT *
FROM `select` `a`.*, `b`.`listedOnDate`, `b`.`xirr`, `b`.`secondaryId`, `b`.`desiredDiscountRate from bondora`.`investment_payload a LEFT JOIN bondora`.`secondary b ON a`.`loanPartId=b`.`loanPartId WHERE a`.`id=30471 and user="mehike" order by` `a`.`signedDate`, `a`.`auctionId`
DEBUG - 2016-07-13 07:20:10 --> SELECT *
FROM `select` `a`.*, `b`.`listedOnDate`, `b`.`xirr`, `b`.`secondaryId`, `b`.`desiredDiscountRate from bondora`.`investment_payload a LEFT JOIN bondora`.`secondary b ON a`.`loanPartId=b`.`loanPartId WHERE a`.`id=30473 and user="mehike" order by` `a`.`signedDate`, `a`.`auctionId`
DEBUG - 2016-07-13 07:20:11 --> Total execution time: 0.6261
DEBUG - 2016-07-13 07:20:11 --> UTF-8 Support Disabled
DEBUG - 2016-07-13 07:20:11 --> Global POST, GET and COOKIE data sanitized
ERROR - 2016-07-13 07:20:11 --> 404 Page Not Found: Investments/bootstrap
DEBUG - 2016-07-13 07:20:12 --> UTF-8 Support Disabled
DEBUG - 2016-07-13 07:20:12 --> Global POST, GET and COOKIE data sanitized
DEBUG - 2016-07-13 07:20:12 --> cURL Class Initialized
DEBUG - 2016-07-13 07:20:12 --> OAuth2 class already loaded. Second attempt ignored.
DEBUG - 2016-07-13 07:20:13 --> C:\xampp\htdocs\bondora\application\libraries/MY_Table.php exists, but does not declare MY_Table
DEBUG - 2016-07-13 07:20:13 --> Session class already loaded. Second attempt ignored.
DEBUG - 2016-07-13 07:20:13 --> SELECT *
FROM `select` `a`.*, `b`.`listedOnDate`, `b`.`xirr`, `b`.`secondaryId`, `b`.`desiredDiscountRate from bondora`.`investment_payload a LEFT JOIN bondora`.`secondary b ON a`.`loanPartId=b`.`loanPartId and a`.`user=b`.`user where a`.`user="mehike" order by` `a`.`signedDate`, `a`.`auctionId`
ERROR - 2016-07-13 07:20:13 --> Severity: Notice --> Undefined offset: 33 C:\xampp\htdocs\bondora\application\views\investments\index.php 880
ERROR - 2016-07-13 07:20:13 --> Severity: Notice --> Undefined offset: 33 C:\xampp\htdocs\bondora\application\views\investments\index.php 880
ERROR - 2016-07-13 07:20:13 --> Severity: Notice --> Undefined offset: 33 C:\xampp\htdocs\bondora\application\views\investments\index.php 880
ERROR - 2016-07-13 07:20:13 --> Severity: Notice --> Undefined offset: 33 C:\xampp\htdocs\bondora\application\views\investments\index.php 880
ERROR - 2016-07-13 07:20:13 --> Severity: Notice --> Undefined offset: 33 C:\xampp\htdocs\bondora\application\views\investments\index.php 880
ERROR - 2016-07-13 07:20:13 --> Severity: Notice --> Undefined offset: 31 C:\xampp\htdocs\bondora\application\views\investments\index.php 880
ERROR - 2016-07-13 07:20:13 --> Severity: Notice --> Undefined offset: 33 C:\xampp\htdocs\bondora\application\views\investments\index.php 880
ERROR - 2016-07-13 07:20:13 --> Severity: Notice --> Undefined offset: 33 C:\xampp\htdocs\bondora\application\views\investments\index.php 880
ERROR - 2016-07-13 07:20:13 --> Severity: Notice --> Undefined offset: 31 C:\xampp\htdocs\bondora\application\views\investments\index.php 880
ERROR - 2016-07-13 07:20:13 --> Severity: Notice --> Undefined offset: 30 C:\xampp\htdocs\bondora\application\views\investments\index.php 880
ERROR - 2016-07-13 07:20:13 --> Severity: Notice --> Undefined offset: 31 C:\xampp\htdocs\bondora\application\views\investments\index.php 880
ERROR - 2016-07-13 07:20:13 --> Severity: Notice --> Undefined offset: 31 C:\xampp\htdocs\bondora\application\views\investments\index.php 880
ERROR - 2016-07-13 07:20:13 --> Severity: Notice --> Undefined offset: 32 C:\xampp\htdocs\bondora\application\views\investments\index.php 880
ERROR - 2016-07-13 07:20:13 --> Severity: Notice --> Undefined offset: 33 C:\xampp\htdocs\bondora\application\views\investments\index.php 880
ERROR - 2016-07-13 07:20:13 --> Severity: Notice --> Undefined offset: 33 C:\xampp\htdocs\bondora\application\views\investments\index.php 880
ERROR - 2016-07-13 07:20:13 --> Severity: Notice --> Undefined offset: 33 C:\xampp\htdocs\bondora\application\views\investments\index.php 880
ERROR - 2016-07-13 07:20:13 --> Severity: Notice --> Undefined offset: 33 C:\xampp\htdocs\bondora\application\views\investments\index.php 880
ERROR - 2016-07-13 07:20:13 --> Severity: Notice --> Undefined offset: 41 C:\xampp\htdocs\bondora\application\views\investments\index.php 880
ERROR - 2016-07-13 07:20:13 --> Severity: Notice --> Undefined offset: 30 C:\xampp\htdocs\bondora\application\views\investments\index.php 880
ERROR - 2016-07-13 07:20:13 --> Severity: Notice --> Undefined offset: 31 C:\xampp\htdocs\bondora\application\views\investments\index.php 880
ERROR - 2016-07-13 07:20:13 --> Severity: Notice --> Undefined offset: 32 C:\xampp\htdocs\bondora\application\views\investments\index.php 880
ERROR - 2016-07-13 07:20:13 --> Severity: Notice --> Undefined offset: 33 C:\xampp\htdocs\bondora\application\views\investments\index.php 880
ERROR - 2016-07-13 07:20:13 --> Severity: Notice --> Undefined offset: 31 C:\xampp\htdocs\bondora\application\views\investments\index.php 880
DEBUG - 2016-07-13 07:20:13 --> Total execution time: 0.0810
DEBUG - 2016-07-13 07:20:13 --> UTF-8 Support Disabled
DEBUG - 2016-07-13 07:20:13 --> Global POST, GET and COOKIE data sanitized
ERROR - 2016-07-13 07:20:13 --> 404 Page Not Found: Investments/bootstrap
DEBUG - 2016-07-13 07:20:15 --> UTF-8 Support Disabled
DEBUG - 2016-07-13 07:20:15 --> Global POST, GET and COOKIE data sanitized
DEBUG - 2016-07-13 07:20:15 --> cURL Class Initialized
DEBUG - 2016-07-13 07:20:15 --> OAuth2 class already loaded. Second attempt ignored.
DEBUG - 2016-07-13 07:20:15 --> C:\xampp\htdocs\bondora\application\libraries/MY_Table.php exists, but does not declare MY_Table
DEBUG - 2016-07-13 07:20:15 --> Session class already loaded. Second attempt ignored.
DEBUG - 2016-07-13 07:20:16 --> SELECT *
FROM `select` `a`.*, `b`.`listedOnDate`, `b`.`xirr`, `b`.`secondaryId`, `b`.`desiredDiscountRate from bondora`.`investment_payload a LEFT JOIN bondora`.`secondary b ON a`.`loanPartId=b`.`loanPartId and a`.`user=b`.`user where a`.`user="mehike" order by` `a`.`signedDate`, `a`.`auctionId`
ERROR - 2016-07-13 07:20:16 --> Severity: Notice --> Undefined offset: 33 C:\xampp\htdocs\bondora\application\views\investments\index.php 880
ERROR - 2016-07-13 07:20:16 --> Severity: Notice --> Undefined offset: 33 C:\xampp\htdocs\bondora\application\views\investments\index.php 880
ERROR - 2016-07-13 07:20:16 --> Severity: Notice --> Undefined offset: 33 C:\xampp\htdocs\bondora\application\views\investments\index.php 880
ERROR - 2016-07-13 07:20:16 --> Severity: Notice --> Undefined offset: 33 C:\xampp\htdocs\bondora\application\views\investments\index.php 880
ERROR - 2016-07-13 07:20:16 --> Severity: Notice --> Undefined offset: 33 C:\xampp\htdocs\bondora\application\views\investments\index.php 880
ERROR - 2016-07-13 07:20:16 --> Severity: Notice --> Undefined offset: 31 C:\xampp\htdocs\bondora\application\views\investments\index.php 880
ERROR - 2016-07-13 07:20:16 --> Severity: Notice --> Undefined offset: 33 C:\xampp\htdocs\bondora\application\views\investments\index.php 880
ERROR - 2016-07-13 07:20:16 --> Severity: Notice --> Undefined offset: 33 C:\xampp\htdocs\bondora\application\views\investments\index.php 880
ERROR - 2016-07-13 07:20:16 --> Severity: Notice --> Undefined offset: 31 C:\xampp\htdocs\bondora\application\views\investments\index.php 880
ERROR - 2016-07-13 07:20:16 --> Severity: Notice --> Undefined offset: 31 C:\xampp\htdocs\bondora\application\views\investments\index.php 880
ERROR - 2016-07-13 07:20:16 --> Severity: Notice --> Undefined offset: 31 C:\xampp\htdocs\bondora\application\views\investments\index.php 880
ERROR - 2016-07-13 07:20:16 --> Severity: Notice --> Undefined offset: 32 C:\xampp\htdocs\bondora\application\views\investments\index.php 880
ERROR - 2016-07-13 07:20:16 --> Severity: Notice --> Undefined offset: 33 C:\xampp\htdocs\bondora\application\views\investments\index.php 880
ERROR - 2016-07-13 07:20:16 --> Severity: Notice --> Undefined offset: 33 C:\xampp\htdocs\bondora\application\views\investments\index.php 880
ERROR - 2016-07-13 07:20:16 --> Severity: Notice --> Undefined offset: 33 C:\xampp\htdocs\bondora\application\views\investments\index.php 880
ERROR - 2016-07-13 07:20:16 --> Severity: Notice --> Undefined offset: 33 C:\xampp\htdocs\bondora\application\views\investments\index.php 880
ERROR - 2016-07-13 07:20:16 --> Severity: Notice --> Undefined offset: 41 C:\xampp\htdocs\bondora\application\views\investments\index.php 880
ERROR - 2016-07-13 07:20:16 --> Severity: Notice --> Undefined offset: 31 C:\xampp\htdocs\bondora\application\views\investments\index.php 880
ERROR - 2016-07-13 07:20:16 --> Severity: Notice --> Undefined offset: 32 C:\xampp\htdocs\bondora\application\views\investments\index.php 880
ERROR - 2016-07-13 07:20:16 --> Severity: Notice --> Undefined offset: 33 C:\xampp\htdocs\bondora\application\views\investments\index.php 880
ERROR - 2016-07-13 07:20:16 --> Severity: Notice --> Undefined offset: 31 C:\xampp\htdocs\bondora\application\views\investments\index.php 880
DEBUG - 2016-07-13 07:20:16 --> Total execution time: 1.2691
DEBUG - 2016-07-13 07:20:16 --> UTF-8 Support Disabled
DEBUG - 2016-07-13 07:20:16 --> Global POST, GET and COOKIE data sanitized
ERROR - 2016-07-13 07:20:16 --> 404 Page Not Found: Investments/bootstrap
DEBUG - 2016-07-13 07:20:18 --> UTF-8 Support Disabled
DEBUG - 2016-07-13 07:20:18 --> Global POST, GET and COOKIE data sanitized
DEBUG - 2016-07-13 07:20:18 --> cURL Class Initialized
DEBUG - 2016-07-13 07:20:18 --> OAuth2 class already loaded. Second attempt ignored.
DEBUG - 2016-07-13 07:20:18 --> C:\xampp\htdocs\bondora\application\libraries/MY_Table.php exists, but does not declare MY_Table
DEBUG - 2016-07-13 07:20:18 --> Session class already loaded. Second attempt ignored.
DEBUG - 2016-07-13 07:20:19 --> Total execution time: 0.0810
DEBUG - 2016-07-13 07:20:19 --> UTF-8 Support Disabled
DEBUG - 2016-07-13 07:20:19 --> Global POST, GET and COOKIE data sanitized
ERROR - 2016-07-13 07:20:19 --> 404 Page Not Found: Secondary/bootstrap
DEBUG - 2016-07-13 07:20:20 --> UTF-8 Support Disabled
DEBUG - 2016-07-13 07:20:20 --> Global POST, GET and COOKIE data sanitized
DEBUG - 2016-07-13 07:20:20 --> cURL Class Initialized
DEBUG - 2016-07-13 07:20:20 --> OAuth2 class already loaded. Second attempt ignored.
DEBUG - 2016-07-13 07:20:20 --> C:\xampp\htdocs\bondora\application\libraries/MY_Table.php exists, but does not declare MY_Table
DEBUG - 2016-07-13 07:20:20 --> Session class already loaded. Second attempt ignored.
ERROR - 2016-07-13 07:20:20 --> Severity: Notice --> Trying to get property of non-object C:\xampp\htdocs\bondora\application\controllers\Secondary.php 602
ERROR - 2016-07-13 07:20:20 --> Severity: Notice --> Undefined index: all C:\xampp\htdocs\bondora\application\controllers\Secondary.php 605
DEBUG - 2016-07-13 07:20:20 --> UTF-8 Support Disabled
DEBUG - 2016-07-13 07:20:20 --> Global POST, GET and COOKIE data sanitized
DEBUG - 2016-07-13 07:20:20 --> cURL Class Initialized
DEBUG - 2016-07-13 07:20:20 --> OAuth2 class already loaded. Second attempt ignored.
DEBUG - 2016-07-13 07:20:20 --> C:\xampp\htdocs\bondora\application\libraries/MY_Table.php exists, but does not declare MY_Table
DEBUG - 2016-07-13 07:20:20 --> Session class already loaded. Second attempt ignored.
DEBUG - 2016-07-13 07:20:20 --> Total execution time: 0.0740
DEBUG - 2016-07-13 07:20:20 --> UTF-8 Support Disabled
DEBUG - 2016-07-13 07:20:20 --> Global POST, GET and COOKIE data sanitized
ERROR - 2016-07-13 07:20:20 --> 404 Page Not Found: Secondary/bootstrap
DEBUG - 2016-07-13 07:20:22 --> UTF-8 Support Disabled
DEBUG - 2016-07-13 07:20:22 --> Global POST, GET and COOKIE data sanitized
DEBUG - 2016-07-13 07:20:22 --> cURL Class Initialized
DEBUG - 2016-07-13 07:20:22 --> OAuth2 class already loaded. Second attempt ignored.
DEBUG - 2016-07-13 07:20:22 --> C:\xampp\htdocs\bondora\application\libraries/MY_Table.php exists, but does not declare MY_Table
DEBUG - 2016-07-13 07:20:22 --> Session class already loaded. Second attempt ignored.
DEBUG - 2016-07-13 07:20:22 --> SELECT *
FROM `select` `a`.*, `b`.`listedOnDate`, `b`.`xirr`, `b`.`secondaryId`, `b`.`desiredDiscountRate from bondora`.`investment_payload a LEFT JOIN bondora`.`secondary b ON a`.`loanPartId=b`.`loanPartId and a`.`user=b`.`user where a`.`user="mehike" order by` `a`.`signedDate`, `a`.`auctionId`
ERROR - 2016-07-13 07:20:22 --> Severity: Notice --> Undefined offset: 33 C:\xampp\htdocs\bondora\application\views\investments\index.php 880
ERROR - 2016-07-13 07:20:22 --> Severity: Notice --> Undefined offset: 33 C:\xampp\htdocs\bondora\application\views\investments\index.php 880
ERROR - 2016-07-13 07:20:22 --> Severity: Notice --> Undefined offset: 33 C:\xampp\htdocs\bondora\application\views\investments\index.php 880
ERROR - 2016-07-13 07:20:22 --> Severity: Notice --> Undefined offset: 33 C:\xampp\htdocs\bondora\application\views\investments\index.php 880
ERROR - 2016-07-13 07:20:22 --> Severity: Notice --> Undefined offset: 33 C:\xampp\htdocs\bondora\application\views\investments\index.php 880
ERROR - 2016-07-13 07:20:22 --> Severity: Notice --> Undefined offset: 31 C:\xampp\htdocs\bondora\application\views\investments\index.php 880
ERROR - 2016-07-13 07:20:22 --> Severity: Notice --> Undefined offset: 33 C:\xampp\htdocs\bondora\application\views\investments\index.php 880
ERROR - 2016-07-13 07:20:22 --> Severity: Notice --> Undefined offset: 33 C:\xampp\htdocs\bondora\application\views\investments\index.php 880
ERROR - 2016-07-13 07:20:22 --> Severity: Notice --> Undefined offset: 31 C:\xampp\htdocs\bondora\application\views\investments\index.php 880
ERROR - 2016-07-13 07:20:22 --> Severity: Notice --> Undefined offset: 30 C:\xampp\htdocs\bondora\application\views\investments\index.php 880
ERROR - 2016-07-13 07:20:22 --> Severity: Notice --> Undefined offset: 31 C:\xampp\htdocs\bondora\application\views\investments\index.php 880
ERROR - 2016-07-13 07:20:22 --> Severity: Notice --> Undefined offset: 31 C:\xampp\htdocs\bondora\application\views\investments\index.php 880
ERROR - 2016-07-13 07:20:22 --> Severity: Notice --> Undefined offset: 32 C:\xampp\htdocs\bondora\application\views\investments\index.php 880
ERROR - 2016-07-13 07:20:22 --> Severity: Notice --> Undefined offset: 33 C:\xampp\htdocs\bondora\application\views\investments\index.php 880
ERROR - 2016-07-13 07:20:22 --> Severity: Notice --> Undefined offset: 33 C:\xampp\htdocs\bondora\application\views\investments\index.php 880
ERROR - 2016-07-13 07:20:22 --> Severity: Notice --> Undefined offset: 33 C:\xampp\htdocs\bondora\application\views\investments\index.php 880
ERROR - 2016-07-13 07:20:22 --> Severity: Notice --> Undefined offset: 33 C:\xampp\htdocs\bondora\application\views\investments\index.php 880
ERROR - 2016-07-13 07:20:22 --> Severity: Notice --> Undefined offset: 41 C:\xampp\htdocs\bondora\application\views\investments\index.php 880
ERROR - 2016-07-13 07:20:22 --> Severity: Notice --> Undefined offset: 30 C:\xampp\htdocs\bondora\application\views\investments\index.php 880
ERROR - 2016-07-13 07:20:22 --> Severity: Notice --> Undefined offset: 31 C:\xampp\htdocs\bondora\application\views\investments\index.php 880
ERROR - 2016-07-13 07:20:22 --> Severity: Notice --> Undefined offset: 32 C:\xampp\htdocs\bondora\application\views\investments\index.php 880
ERROR - 2016-07-13 07:20:22 --> Severity: Notice --> Undefined offset: 33 C:\xampp\htdocs\bondora\application\views\investments\index.php 880
ERROR - 2016-07-13 07:20:22 --> Severity: Notice --> Undefined offset: 31 C:\xampp\htdocs\bondora\application\views\investments\index.php 880
DEBUG - 2016-07-13 07:20:22 --> Total execution time: 0.0900
DEBUG - 2016-07-13 07:20:22 --> UTF-8 Support Disabled
DEBUG - 2016-07-13 07:20:22 --> Global POST, GET and COOKIE data sanitized
ERROR - 2016-07-13 07:20:22 --> 404 Page Not Found: Investments/bootstrap
DEBUG - 2016-07-13 07:20:23 --> UTF-8 Support Disabled
DEBUG - 2016-07-13 07:20:23 --> Global POST, GET and COOKIE data sanitized
DEBUG - 2016-07-13 07:20:23 --> cURL Class Initialized
DEBUG - 2016-07-13 07:20:23 --> OAuth2 class already loaded. Second attempt ignored.
DEBUG - 2016-07-13 07:20:23 --> C:\xampp\htdocs\bondora\application\libraries/MY_Table.php exists, but does not declare MY_Table
DEBUG - 2016-07-13 07:20:23 --> Session class already loaded. Second attempt ignored.
DEBUG - 2016-07-13 07:20:23 --> SELECT *
FROM `select` `a`.*, `b`.`listedOnDate`, `b`.`xirr`, `b`.`secondaryId`, `b`.`desiredDiscountRate from bondora`.`investment_payload a LEFT JOIN bondora`.`secondary b ON a`.`loanPartId=b`.`loanPartId and a`.`user=b`.`user where a`.`user="mehike" order by` `a`.`signedDate`, `a`.`auctionId`
ERROR - 2016-07-13 07:20:23 --> Severity: Notice --> Undefined offset: 33 C:\xampp\htdocs\bondora\application\views\investments\index.php 880
ERROR - 2016-07-13 07:20:23 --> Severity: Notice --> Undefined offset: 33 C:\xampp\htdocs\bondora\application\views\investments\index.php 880
ERROR - 2016-07-13 07:20:23 --> Severity: Notice --> Undefined offset: 33 C:\xampp\htdocs\bondora\application\views\investments\index.php 880
ERROR - 2016-07-13 07:20:23 --> Severity: Notice --> Undefined offset: 33 C:\xampp\htdocs\bondora\application\views\investments\index.php 880
ERROR - 2016-07-13 07:20:23 --> Severity: Notice --> Undefined offset: 33 C:\xampp\htdocs\bondora\application\views\investments\index.php 880
ERROR - 2016-07-13 07:20:23 --> Severity: Notice --> Undefined offset: 31 C:\xampp\htdocs\bondora\application\views\investments\index.php 880
ERROR - 2016-07-13 07:20:23 --> Severity: Notice --> Undefined offset: 33 C:\xampp\htdocs\bondora\application\views\investments\index.php 880
ERROR - 2016-07-13 07:20:23 --> Severity: Notice --> Undefined offset: 33 C:\xampp\htdocs\bondora\application\views\investments\index.php 880
ERROR - 2016-07-13 07:20:23 --> Severity: Notice --> Undefined offset: 31 C:\xampp\htdocs\bondora\application\views\investments\index.php 880
ERROR - 2016-07-13 07:20:23 --> Severity: Notice --> Undefined offset: 31 C:\xampp\htdocs\bondora\application\views\investments\index.php 880
ERROR - 2016-07-13 07:20:23 --> Severity: Notice --> Undefined offset: 31 C:\xampp\htdocs\bondora\application\views\investments\index.php 880
ERROR - 2016-07-13 07:20:23 --> Severity: Notice --> Undefined offset: 32 C:\xampp\htdocs\bondora\application\views\investments\index.php 880
ERROR - 2016-07-13 07:20:23 --> Severity: Notice --> Undefined offset: 33 C:\xampp\htdocs\bondora\application\views\investments\index.php 880
ERROR - 2016-07-13 07:20:23 --> Severity: Notice --> Undefined offset: 33 C:\xampp\htdocs\bondora\application\views\investments\index.php 880
ERROR - 2016-07-13 07:20:23 --> Severity: Notice --> Undefined offset: 33 C:\xampp\htdocs\bondora\application\views\investments\index.php 880
ERROR - 2016-07-13 07:20:23 --> Severity: Notice --> Undefined offset: 33 C:\xampp\htdocs\bondora\application\views\investments\index.php 880
ERROR - 2016-07-13 07:20:23 --> Severity: Notice --> Undefined offset: 41 C:\xampp\htdocs\bondora\application\views\investments\index.php 880
ERROR - 2016-07-13 07:20:23 --> Severity: Notice --> Undefined offset: 31 C:\xampp\htdocs\bondora\application\views\investments\index.php 880
ERROR - 2016-07-13 07:20:23 --> Severity: Notice --> Undefined offset: 32 C:\xampp\htdocs\bondora\application\views\investments\index.php 880
ERROR - 2016-07-13 07:20:23 --> Severity: Notice --> Undefined offset: 33 C:\xampp\htdocs\bondora\application\views\investments\index.php 880
ERROR - 2016-07-13 07:20:23 --> Severity: Notice --> Undefined offset: 31 C:\xampp\htdocs\bondora\application\views\investments\index.php 880
DEBUG - 2016-07-13 07:20:23 --> Total execution time: 0.6281
DEBUG - 2016-07-13 07:20:23 --> UTF-8 Support Disabled
DEBUG - 2016-07-13 07:20:23 --> Global POST, GET and COOKIE data sanitized
ERROR - 2016-07-13 07:20:23 --> 404 Page Not Found: Investments/bootstrap
